[2021-07-19 00:00:11,718] {scheduler_job.py:181} INFO - Started process (PID=484) to work on /home/airflow/.local/lib/python3.6/site-packages/airflow/example_dags/example_latest_only_with_trigger.py
[2021-07-19 00:00:11,720] {scheduler_job.py:632} INFO - Processing file /home/airflow/.local/lib/python3.6/site-packages/airflow/example_dags/example_latest_only_with_trigger.py for tasks to queue
[2021-07-19 00:00:11,726] {logging_mixin.py:104} INFO - [2021-07-19 00:00:11,724] {dagbag.py:496} INFO - Filling up the DagBag from /home/airflow/.local/lib/python3.6/site-packages/airflow/example_dags/example_latest_only_with_trigger.py
[2021-07-19 00:00:11,750] {scheduler_job.py:642} INFO - DAG(s) dict_keys(['latest_only_with_trigger']) retrieved from /home/airflow/.local/lib/python3.6/site-packages/airflow/example_dags/example_latest_only_with_trigger.py
[2021-07-19 00:00:12,091] {logging_mixin.py:104} INFO - [2021-07-19 00:00:12,091] {dag.py:1833} INFO - Sync 1 DAGs
[2021-07-19 00:00:12,114] {logging_mixin.py:104} INFO - [2021-07-19 00:00:12,113] {dag.py:2306} INFO - Setting next_dagrun for latest_only_with_trigger to 2021-07-17 00:00:00+00:00
[2021-07-19 00:00:12,448] {scheduler_job.py:189} INFO - Processing /home/airflow/.local/lib/python3.6/site-packages/airflow/example_dags/example_latest_only_with_trigger.py took 0.735 seconds
[2021-07-19 00:00:42,784] {scheduler_job.py:181} INFO - Started process (PID=541) to work on /home/airflow/.local/lib/python3.6/site-packages/airflow/example_dags/example_latest_only_with_trigger.py
[2021-07-19 00:00:42,801] {scheduler_job.py:632} INFO - Processing file /home/airflow/.local/lib/python3.6/site-packages/airflow/example_dags/example_latest_only_with_trigger.py for tasks to queue
[2021-07-19 00:00:42,802] {logging_mixin.py:104} INFO - [2021-07-19 00:00:42,802] {dagbag.py:496} INFO - Filling up the DagBag from /home/airflow/.local/lib/python3.6/site-packages/airflow/example_dags/example_latest_only_with_trigger.py
[2021-07-19 00:00:42,821] {scheduler_job.py:642} INFO - DAG(s) dict_keys(['latest_only_with_trigger']) retrieved from /home/airflow/.local/lib/python3.6/site-packages/airflow/example_dags/example_latest_only_with_trigger.py
[2021-07-19 00:00:42,870] {logging_mixin.py:104} INFO - [2021-07-19 00:00:42,870] {dag.py:1833} INFO - Sync 1 DAGs
[2021-07-19 00:00:42,893] {logging_mixin.py:104} INFO - [2021-07-19 00:00:42,893] {dag.py:2306} INFO - Setting next_dagrun for latest_only_with_trigger to 2021-07-17 00:00:00+00:00
[2021-07-19 00:00:42,968] {scheduler_job.py:189} INFO - Processing /home/airflow/.local/lib/python3.6/site-packages/airflow/example_dags/example_latest_only_with_trigger.py took 0.189 seconds
[2021-07-19 00:01:13,714] {scheduler_job.py:181} INFO - Started process (PID=610) to work on /home/airflow/.local/lib/python3.6/site-packages/airflow/example_dags/example_latest_only_with_trigger.py
[2021-07-19 00:01:13,716] {scheduler_job.py:632} INFO - Processing file /home/airflow/.local/lib/python3.6/site-packages/airflow/example_dags/example_latest_only_with_trigger.py for tasks to queue
[2021-07-19 00:01:13,717] {logging_mixin.py:104} INFO - [2021-07-19 00:01:13,717] {dagbag.py:496} INFO - Filling up the DagBag from /home/airflow/.local/lib/python3.6/site-packages/airflow/example_dags/example_latest_only_with_trigger.py
[2021-07-19 00:01:13,731] {scheduler_job.py:642} INFO - DAG(s) dict_keys(['latest_only_with_trigger']) retrieved from /home/airflow/.local/lib/python3.6/site-packages/airflow/example_dags/example_latest_only_with_trigger.py
[2021-07-19 00:01:13,760] {logging_mixin.py:104} INFO - [2021-07-19 00:01:13,760] {dag.py:1833} INFO - Sync 1 DAGs
[2021-07-19 00:01:13,786] {logging_mixin.py:104} INFO - [2021-07-19 00:01:13,786] {dag.py:2306} INFO - Setting next_dagrun for latest_only_with_trigger to 2021-07-17 00:00:00+00:00
[2021-07-19 00:01:13,876] {scheduler_job.py:189} INFO - Processing /home/airflow/.local/lib/python3.6/site-packages/airflow/example_dags/example_latest_only_with_trigger.py took 0.165 seconds
[2021-07-19 00:01:44,716] {scheduler_job.py:181} INFO - Started process (PID=666) to work on /home/airflow/.local/lib/python3.6/site-packages/airflow/example_dags/example_latest_only_with_trigger.py
[2021-07-19 00:01:44,718] {scheduler_job.py:632} INFO - Processing file /home/airflow/.local/lib/python3.6/site-packages/airflow/example_dags/example_latest_only_with_trigger.py for tasks to queue
[2021-07-19 00:01:44,719] {logging_mixin.py:104} INFO - [2021-07-19 00:01:44,719] {dagbag.py:496} INFO - Filling up the DagBag from /home/airflow/.local/lib/python3.6/site-packages/airflow/example_dags/example_latest_only_with_trigger.py
[2021-07-19 00:01:44,736] {scheduler_job.py:642} INFO - DAG(s) dict_keys(['latest_only_with_trigger']) retrieved from /home/airflow/.local/lib/python3.6/site-packages/airflow/example_dags/example_latest_only_with_trigger.py
[2021-07-19 00:01:44,761] {logging_mixin.py:104} INFO - [2021-07-19 00:01:44,761] {dag.py:1833} INFO - Sync 1 DAGs
[2021-07-19 00:01:44,781] {logging_mixin.py:104} INFO - [2021-07-19 00:01:44,780] {dag.py:2306} INFO - Setting next_dagrun for latest_only_with_trigger to 2021-07-17 00:00:00+00:00
[2021-07-19 00:01:44,830] {scheduler_job.py:189} INFO - Processing /home/airflow/.local/lib/python3.6/site-packages/airflow/example_dags/example_latest_only_with_trigger.py took 0.117 seconds
[2021-07-19 00:02:15,195] {scheduler_job.py:181} INFO - Started process (PID=733) to work on /home/airflow/.local/lib/python3.6/site-packages/airflow/example_dags/example_latest_only_with_trigger.py
[2021-07-19 00:02:15,197] {scheduler_job.py:632} INFO - Processing file /home/airflow/.local/lib/python3.6/site-packages/airflow/example_dags/example_latest_only_with_trigger.py for tasks to queue
[2021-07-19 00:02:15,198] {logging_mixin.py:104} INFO - [2021-07-19 00:02:15,198] {dagbag.py:496} INFO - Filling up the DagBag from /home/airflow/.local/lib/python3.6/site-packages/airflow/example_dags/example_latest_only_with_trigger.py
[2021-07-19 00:02:15,219] {scheduler_job.py:642} INFO - DAG(s) dict_keys(['latest_only_with_trigger']) retrieved from /home/airflow/.local/lib/python3.6/site-packages/airflow/example_dags/example_latest_only_with_trigger.py
[2021-07-19 00:02:15,249] {logging_mixin.py:104} INFO - [2021-07-19 00:02:15,248] {dag.py:1833} INFO - Sync 1 DAGs
[2021-07-19 00:02:15,275] {logging_mixin.py:104} INFO - [2021-07-19 00:02:15,274] {dag.py:2306} INFO - Setting next_dagrun for latest_only_with_trigger to 2021-07-17 00:00:00+00:00
[2021-07-19 00:02:15,362] {scheduler_job.py:189} INFO - Processing /home/airflow/.local/lib/python3.6/site-packages/airflow/example_dags/example_latest_only_with_trigger.py took 0.171 seconds
[2021-07-19 00:02:45,569] {scheduler_job.py:181} INFO - Started process (PID=791) to work on /home/airflow/.local/lib/python3.6/site-packages/airflow/example_dags/example_latest_only_with_trigger.py
[2021-07-19 00:02:45,576] {scheduler_job.py:632} INFO - Processing file /home/airflow/.local/lib/python3.6/site-packages/airflow/example_dags/example_latest_only_with_trigger.py for tasks to queue
[2021-07-19 00:02:45,581] {logging_mixin.py:104} INFO - [2021-07-19 00:02:45,581] {dagbag.py:496} INFO - Filling up the DagBag from /home/airflow/.local/lib/python3.6/site-packages/airflow/example_dags/example_latest_only_with_trigger.py
[2021-07-19 00:02:45,638] {scheduler_job.py:642} INFO - DAG(s) dict_keys(['latest_only_with_trigger']) retrieved from /home/airflow/.local/lib/python3.6/site-packages/airflow/example_dags/example_latest_only_with_trigger.py
[2021-07-19 00:02:45,688] {logging_mixin.py:104} INFO - [2021-07-19 00:02:45,688] {dag.py:1833} INFO - Sync 1 DAGs
[2021-07-19 00:02:45,716] {logging_mixin.py:104} INFO - [2021-07-19 00:02:45,715] {dag.py:2306} INFO - Setting next_dagrun for latest_only_with_trigger to 2021-07-17 00:00:00+00:00
[2021-07-19 00:02:45,794] {scheduler_job.py:189} INFO - Processing /home/airflow/.local/lib/python3.6/site-packages/airflow/example_dags/example_latest_only_with_trigger.py took 0.240 seconds
[2021-07-19 00:03:15,961] {scheduler_job.py:181} INFO - Started process (PID=847) to work on /home/airflow/.local/lib/python3.6/site-packages/airflow/example_dags/example_latest_only_with_trigger.py
[2021-07-19 00:03:15,963] {scheduler_job.py:632} INFO - Processing file /home/airflow/.local/lib/python3.6/site-packages/airflow/example_dags/example_latest_only_with_trigger.py for tasks to queue
[2021-07-19 00:03:15,964] {logging_mixin.py:104} INFO - [2021-07-19 00:03:15,964] {dagbag.py:496} INFO - Filling up the DagBag from /home/airflow/.local/lib/python3.6/site-packages/airflow/example_dags/example_latest_only_with_trigger.py
[2021-07-19 00:03:15,977] {scheduler_job.py:642} INFO - DAG(s) dict_keys(['latest_only_with_trigger']) retrieved from /home/airflow/.local/lib/python3.6/site-packages/airflow/example_dags/example_latest_only_with_trigger.py
[2021-07-19 00:03:16,003] {logging_mixin.py:104} INFO - [2021-07-19 00:03:16,003] {dag.py:1833} INFO - Sync 1 DAGs
[2021-07-19 00:03:16,026] {logging_mixin.py:104} INFO - [2021-07-19 00:03:16,025] {dag.py:2306} INFO - Setting next_dagrun for latest_only_with_trigger to 2021-07-17 00:00:00+00:00
[2021-07-19 00:03:16,142] {scheduler_job.py:189} INFO - Processing /home/airflow/.local/lib/python3.6/site-packages/airflow/example_dags/example_latest_only_with_trigger.py took 0.183 seconds
[2021-07-19 00:03:46,710] {scheduler_job.py:181} INFO - Started process (PID=913) to work on /home/airflow/.local/lib/python3.6/site-packages/airflow/example_dags/example_latest_only_with_trigger.py
[2021-07-19 00:03:46,713] {scheduler_job.py:632} INFO - Processing file /home/airflow/.local/lib/python3.6/site-packages/airflow/example_dags/example_latest_only_with_trigger.py for tasks to queue
[2021-07-19 00:03:46,714] {logging_mixin.py:104} INFO - [2021-07-19 00:03:46,714] {dagbag.py:496} INFO - Filling up the DagBag from /home/airflow/.local/lib/python3.6/site-packages/airflow/example_dags/example_latest_only_with_trigger.py
[2021-07-19 00:03:46,729] {scheduler_job.py:642} INFO - DAG(s) dict_keys(['latest_only_with_trigger']) retrieved from /home/airflow/.local/lib/python3.6/site-packages/airflow/example_dags/example_latest_only_with_trigger.py
[2021-07-19 00:03:46,759] {logging_mixin.py:104} INFO - [2021-07-19 00:03:46,759] {dag.py:1833} INFO - Sync 1 DAGs
[2021-07-19 00:03:46,780] {logging_mixin.py:104} INFO - [2021-07-19 00:03:46,780] {dag.py:2306} INFO - Setting next_dagrun for latest_only_with_trigger to 2021-07-17 00:00:00+00:00
[2021-07-19 00:03:46,879] {scheduler_job.py:189} INFO - Processing /home/airflow/.local/lib/python3.6/site-packages/airflow/example_dags/example_latest_only_with_trigger.py took 0.173 seconds
[2021-07-19 00:04:17,754] {scheduler_job.py:181} INFO - Started process (PID=969) to work on /home/airflow/.local/lib/python3.6/site-packages/airflow/example_dags/example_latest_only_with_trigger.py
[2021-07-19 00:04:17,758] {scheduler_job.py:632} INFO - Processing file /home/airflow/.local/lib/python3.6/site-packages/airflow/example_dags/example_latest_only_with_trigger.py for tasks to queue
[2021-07-19 00:04:17,761] {logging_mixin.py:104} INFO - [2021-07-19 00:04:17,761] {dagbag.py:496} INFO - Filling up the DagBag from /home/airflow/.local/lib/python3.6/site-packages/airflow/example_dags/example_latest_only_with_trigger.py
[2021-07-19 00:04:17,810] {scheduler_job.py:642} INFO - DAG(s) dict_keys(['latest_only_with_trigger']) retrieved from /home/airflow/.local/lib/python3.6/site-packages/airflow/example_dags/example_latest_only_with_trigger.py
[2021-07-19 00:04:17,855] {logging_mixin.py:104} INFO - [2021-07-19 00:04:17,855] {dag.py:1833} INFO - Sync 1 DAGs
[2021-07-19 00:04:17,878] {logging_mixin.py:104} INFO - [2021-07-19 00:04:17,878] {dag.py:2306} INFO - Setting next_dagrun for latest_only_with_trigger to 2021-07-17 00:00:00+00:00
[2021-07-19 00:04:17,931] {scheduler_job.py:189} INFO - Processing /home/airflow/.local/lib/python3.6/site-packages/airflow/example_dags/example_latest_only_with_trigger.py took 0.190 seconds
[2021-07-19 00:04:48,517] {scheduler_job.py:181} INFO - Started process (PID=1037) to work on /home/airflow/.local/lib/python3.6/site-packages/airflow/example_dags/example_latest_only_with_trigger.py
[2021-07-19 00:04:48,519] {scheduler_job.py:632} INFO - Processing file /home/airflow/.local/lib/python3.6/site-packages/airflow/example_dags/example_latest_only_with_trigger.py for tasks to queue
[2021-07-19 00:04:48,522] {logging_mixin.py:104} INFO - [2021-07-19 00:04:48,521] {dagbag.py:496} INFO - Filling up the DagBag from /home/airflow/.local/lib/python3.6/site-packages/airflow/example_dags/example_latest_only_with_trigger.py
[2021-07-19 00:04:48,572] {scheduler_job.py:642} INFO - DAG(s) dict_keys(['latest_only_with_trigger']) retrieved from /home/airflow/.local/lib/python3.6/site-packages/airflow/example_dags/example_latest_only_with_trigger.py
[2021-07-19 00:04:48,630] {logging_mixin.py:104} INFO - [2021-07-19 00:04:48,629] {dag.py:1833} INFO - Sync 1 DAGs
[2021-07-19 00:04:48,659] {logging_mixin.py:104} INFO - [2021-07-19 00:04:48,659] {dag.py:2306} INFO - Setting next_dagrun for latest_only_with_trigger to 2021-07-17 00:00:00+00:00
[2021-07-19 00:04:48,783] {scheduler_job.py:189} INFO - Processing /home/airflow/.local/lib/python3.6/site-packages/airflow/example_dags/example_latest_only_with_trigger.py took 0.271 seconds
[2021-07-19 00:05:19,516] {scheduler_job.py:181} INFO - Started process (PID=1093) to work on /home/airflow/.local/lib/python3.6/site-packages/airflow/example_dags/example_latest_only_with_trigger.py
[2021-07-19 00:05:19,521] {scheduler_job.py:632} INFO - Processing file /home/airflow/.local/lib/python3.6/site-packages/airflow/example_dags/example_latest_only_with_trigger.py for tasks to queue
[2021-07-19 00:05:19,525] {logging_mixin.py:104} INFO - [2021-07-19 00:05:19,524] {dagbag.py:496} INFO - Filling up the DagBag from /home/airflow/.local/lib/python3.6/site-packages/airflow/example_dags/example_latest_only_with_trigger.py
[2021-07-19 00:05:19,566] {scheduler_job.py:642} INFO - DAG(s) dict_keys(['latest_only_with_trigger']) retrieved from /home/airflow/.local/lib/python3.6/site-packages/airflow/example_dags/example_latest_only_with_trigger.py
[2021-07-19 00:05:19,595] {logging_mixin.py:104} INFO - [2021-07-19 00:05:19,595] {dag.py:1833} INFO - Sync 1 DAGs
[2021-07-19 00:05:19,617] {logging_mixin.py:104} INFO - [2021-07-19 00:05:19,616] {dag.py:2306} INFO - Setting next_dagrun for latest_only_with_trigger to 2021-07-17 00:00:00+00:00
[2021-07-19 00:05:19,667] {scheduler_job.py:189} INFO - Processing /home/airflow/.local/lib/python3.6/site-packages/airflow/example_dags/example_latest_only_with_trigger.py took 0.165 seconds
[2021-07-19 00:05:49,764] {scheduler_job.py:181} INFO - Started process (PID=1149) to work on /home/airflow/.local/lib/python3.6/site-packages/airflow/example_dags/example_latest_only_with_trigger.py
[2021-07-19 00:05:49,766] {scheduler_job.py:632} INFO - Processing file /home/airflow/.local/lib/python3.6/site-packages/airflow/example_dags/example_latest_only_with_trigger.py for tasks to queue
[2021-07-19 00:05:49,767] {logging_mixin.py:104} INFO - [2021-07-19 00:05:49,767] {dagbag.py:496} INFO - Filling up the DagBag from /home/airflow/.local/lib/python3.6/site-packages/airflow/example_dags/example_latest_only_with_trigger.py
[2021-07-19 00:05:49,784] {scheduler_job.py:642} INFO - DAG(s) dict_keys(['latest_only_with_trigger']) retrieved from /home/airflow/.local/lib/python3.6/site-packages/airflow/example_dags/example_latest_only_with_trigger.py
[2021-07-19 00:05:49,809] {logging_mixin.py:104} INFO - [2021-07-19 00:05:49,809] {dag.py:1833} INFO - Sync 1 DAGs
[2021-07-19 00:05:49,832] {logging_mixin.py:104} INFO - [2021-07-19 00:05:49,832] {dag.py:2306} INFO - Setting next_dagrun for latest_only_with_trigger to 2021-07-17 00:00:00+00:00
[2021-07-19 00:05:49,884] {scheduler_job.py:189} INFO - Processing /home/airflow/.local/lib/python3.6/site-packages/airflow/example_dags/example_latest_only_with_trigger.py took 0.124 seconds
[2021-07-19 00:06:20,361] {scheduler_job.py:181} INFO - Started process (PID=1216) to work on /home/airflow/.local/lib/python3.6/site-packages/airflow/example_dags/example_latest_only_with_trigger.py
[2021-07-19 00:06:20,365] {scheduler_job.py:632} INFO - Processing file /home/airflow/.local/lib/python3.6/site-packages/airflow/example_dags/example_latest_only_with_trigger.py for tasks to queue
[2021-07-19 00:06:20,366] {logging_mixin.py:104} INFO - [2021-07-19 00:06:20,366] {dagbag.py:496} INFO - Filling up the DagBag from /home/airflow/.local/lib/python3.6/site-packages/airflow/example_dags/example_latest_only_with_trigger.py
[2021-07-19 00:06:20,383] {scheduler_job.py:642} INFO - DAG(s) dict_keys(['latest_only_with_trigger']) retrieved from /home/airflow/.local/lib/python3.6/site-packages/airflow/example_dags/example_latest_only_with_trigger.py
[2021-07-19 00:06:20,414] {logging_mixin.py:104} INFO - [2021-07-19 00:06:20,414] {dag.py:1833} INFO - Sync 1 DAGs
[2021-07-19 00:06:20,433] {logging_mixin.py:104} INFO - [2021-07-19 00:06:20,433] {dag.py:2306} INFO - Setting next_dagrun for latest_only_with_trigger to 2021-07-17 00:00:00+00:00
[2021-07-19 00:06:20,487] {scheduler_job.py:189} INFO - Processing /home/airflow/.local/lib/python3.6/site-packages/airflow/example_dags/example_latest_only_with_trigger.py took 0.130 seconds
[2021-07-19 00:06:50,543] {scheduler_job.py:181} INFO - Started process (PID=1269) to work on /home/airflow/.local/lib/python3.6/site-packages/airflow/example_dags/example_latest_only_with_trigger.py
[2021-07-19 00:06:50,546] {scheduler_job.py:632} INFO - Processing file /home/airflow/.local/lib/python3.6/site-packages/airflow/example_dags/example_latest_only_with_trigger.py for tasks to queue
[2021-07-19 00:06:50,547] {logging_mixin.py:104} INFO - [2021-07-19 00:06:50,547] {dagbag.py:496} INFO - Filling up the DagBag from /home/airflow/.local/lib/python3.6/site-packages/airflow/example_dags/example_latest_only_with_trigger.py
[2021-07-19 00:06:50,564] {scheduler_job.py:642} INFO - DAG(s) dict_keys(['latest_only_with_trigger']) retrieved from /home/airflow/.local/lib/python3.6/site-packages/airflow/example_dags/example_latest_only_with_trigger.py
[2021-07-19 00:06:50,589] {logging_mixin.py:104} INFO - [2021-07-19 00:06:50,589] {dag.py:1833} INFO - Sync 1 DAGs
[2021-07-19 00:06:50,612] {logging_mixin.py:104} INFO - [2021-07-19 00:06:50,611] {dag.py:2306} INFO - Setting next_dagrun for latest_only_with_trigger to 2021-07-17 00:00:00+00:00
[2021-07-19 00:06:50,666] {scheduler_job.py:189} INFO - Processing /home/airflow/.local/lib/python3.6/site-packages/airflow/example_dags/example_latest_only_with_trigger.py took 0.127 seconds
[2021-07-19 00:07:21,086] {scheduler_job.py:181} INFO - Started process (PID=1336) to work on /home/airflow/.local/lib/python3.6/site-packages/airflow/example_dags/example_latest_only_with_trigger.py
[2021-07-19 00:07:21,088] {scheduler_job.py:632} INFO - Processing file /home/airflow/.local/lib/python3.6/site-packages/airflow/example_dags/example_latest_only_with_trigger.py for tasks to queue
[2021-07-19 00:07:21,090] {logging_mixin.py:104} INFO - [2021-07-19 00:07:21,089] {dagbag.py:496} INFO - Filling up the DagBag from /home/airflow/.local/lib/python3.6/site-packages/airflow/example_dags/example_latest_only_with_trigger.py
[2021-07-19 00:07:21,110] {scheduler_job.py:642} INFO - DAG(s) dict_keys(['latest_only_with_trigger']) retrieved from /home/airflow/.local/lib/python3.6/site-packages/airflow/example_dags/example_latest_only_with_trigger.py
[2021-07-19 00:07:21,185] {logging_mixin.py:104} INFO - [2021-07-19 00:07:21,184] {dag.py:1833} INFO - Sync 1 DAGs
[2021-07-19 00:07:21,226] {logging_mixin.py:104} INFO - [2021-07-19 00:07:21,226] {dag.py:2306} INFO - Setting next_dagrun for latest_only_with_trigger to 2021-07-17 00:00:00+00:00
[2021-07-19 00:07:21,353] {scheduler_job.py:189} INFO - Processing /home/airflow/.local/lib/python3.6/site-packages/airflow/example_dags/example_latest_only_with_trigger.py took 0.272 seconds
[2021-07-19 00:07:51,446] {scheduler_job.py:181} INFO - Started process (PID=1394) to work on /home/airflow/.local/lib/python3.6/site-packages/airflow/example_dags/example_latest_only_with_trigger.py
[2021-07-19 00:07:51,448] {scheduler_job.py:632} INFO - Processing file /home/airflow/.local/lib/python3.6/site-packages/airflow/example_dags/example_latest_only_with_trigger.py for tasks to queue
[2021-07-19 00:07:51,450] {logging_mixin.py:104} INFO - [2021-07-19 00:07:51,449] {dagbag.py:496} INFO - Filling up the DagBag from /home/airflow/.local/lib/python3.6/site-packages/airflow/example_dags/example_latest_only_with_trigger.py
[2021-07-19 00:07:51,475] {scheduler_job.py:642} INFO - DAG(s) dict_keys(['latest_only_with_trigger']) retrieved from /home/airflow/.local/lib/python3.6/site-packages/airflow/example_dags/example_latest_only_with_trigger.py
[2021-07-19 00:07:51,502] {logging_mixin.py:104} INFO - [2021-07-19 00:07:51,502] {dag.py:1833} INFO - Sync 1 DAGs
[2021-07-19 00:07:51,519] {logging_mixin.py:104} INFO - [2021-07-19 00:07:51,519] {dag.py:2306} INFO - Setting next_dagrun for latest_only_with_trigger to 2021-07-17 00:00:00+00:00
[2021-07-19 00:07:51,606] {scheduler_job.py:189} INFO - Processing /home/airflow/.local/lib/python3.6/site-packages/airflow/example_dags/example_latest_only_with_trigger.py took 0.165 seconds
[2021-07-19 00:08:21,997] {scheduler_job.py:181} INFO - Started process (PID=1451) to work on /home/airflow/.local/lib/python3.6/site-packages/airflow/example_dags/example_latest_only_with_trigger.py
[2021-07-19 00:08:21,999] {scheduler_job.py:632} INFO - Processing file /home/airflow/.local/lib/python3.6/site-packages/airflow/example_dags/example_latest_only_with_trigger.py for tasks to queue
[2021-07-19 00:08:22,001] {logging_mixin.py:104} INFO - [2021-07-19 00:08:22,000] {dagbag.py:496} INFO - Filling up the DagBag from /home/airflow/.local/lib/python3.6/site-packages/airflow/example_dags/example_latest_only_with_trigger.py
[2021-07-19 00:08:22,016] {scheduler_job.py:642} INFO - DAG(s) dict_keys(['latest_only_with_trigger']) retrieved from /home/airflow/.local/lib/python3.6/site-packages/airflow/example_dags/example_latest_only_with_trigger.py
[2021-07-19 00:08:22,049] {logging_mixin.py:104} INFO - [2021-07-19 00:08:22,049] {dag.py:1833} INFO - Sync 1 DAGs
[2021-07-19 00:08:22,071] {logging_mixin.py:104} INFO - [2021-07-19 00:08:22,071] {dag.py:2306} INFO - Setting next_dagrun for latest_only_with_trigger to 2021-07-17 00:00:00+00:00
[2021-07-19 00:08:22,160] {scheduler_job.py:189} INFO - Processing /home/airflow/.local/lib/python3.6/site-packages/airflow/example_dags/example_latest_only_with_trigger.py took 0.168 seconds
[2021-07-19 00:08:52,459] {scheduler_job.py:181} INFO - Started process (PID=1508) to work on /home/airflow/.local/lib/python3.6/site-packages/airflow/example_dags/example_latest_only_with_trigger.py
[2021-07-19 00:08:52,461] {scheduler_job.py:632} INFO - Processing file /home/airflow/.local/lib/python3.6/site-packages/airflow/example_dags/example_latest_only_with_trigger.py for tasks to queue
[2021-07-19 00:08:52,463] {logging_mixin.py:104} INFO - [2021-07-19 00:08:52,463] {dagbag.py:496} INFO - Filling up the DagBag from /home/airflow/.local/lib/python3.6/site-packages/airflow/example_dags/example_latest_only_with_trigger.py
[2021-07-19 00:08:52,481] {scheduler_job.py:642} INFO - DAG(s) dict_keys(['latest_only_with_trigger']) retrieved from /home/airflow/.local/lib/python3.6/site-packages/airflow/example_dags/example_latest_only_with_trigger.py
[2021-07-19 00:08:52,517] {logging_mixin.py:104} INFO - [2021-07-19 00:08:52,517] {dag.py:1833} INFO - Sync 1 DAGs
[2021-07-19 00:08:52,540] {logging_mixin.py:104} INFO - [2021-07-19 00:08:52,540] {dag.py:2306} INFO - Setting next_dagrun for latest_only_with_trigger to 2021-07-17 00:00:00+00:00
[2021-07-19 00:08:52,713] {scheduler_job.py:189} INFO - Processing /home/airflow/.local/lib/python3.6/site-packages/airflow/example_dags/example_latest_only_with_trigger.py took 0.260 seconds
[2021-07-19 00:09:23,389] {scheduler_job.py:181} INFO - Started process (PID=1573) to work on /home/airflow/.local/lib/python3.6/site-packages/airflow/example_dags/example_latest_only_with_trigger.py
[2021-07-19 00:09:23,391] {scheduler_job.py:632} INFO - Processing file /home/airflow/.local/lib/python3.6/site-packages/airflow/example_dags/example_latest_only_with_trigger.py for tasks to queue
[2021-07-19 00:09:23,392] {logging_mixin.py:104} INFO - [2021-07-19 00:09:23,392] {dagbag.py:496} INFO - Filling up the DagBag from /home/airflow/.local/lib/python3.6/site-packages/airflow/example_dags/example_latest_only_with_trigger.py
[2021-07-19 00:09:23,407] {scheduler_job.py:642} INFO - DAG(s) dict_keys(['latest_only_with_trigger']) retrieved from /home/airflow/.local/lib/python3.6/site-packages/airflow/example_dags/example_latest_only_with_trigger.py
[2021-07-19 00:09:23,432] {logging_mixin.py:104} INFO - [2021-07-19 00:09:23,432] {dag.py:1833} INFO - Sync 1 DAGs
[2021-07-19 00:09:23,450] {logging_mixin.py:104} INFO - [2021-07-19 00:09:23,450] {dag.py:2306} INFO - Setting next_dagrun for latest_only_with_trigger to 2021-07-17 00:00:00+00:00
[2021-07-19 00:09:23,586] {scheduler_job.py:189} INFO - Processing /home/airflow/.local/lib/python3.6/site-packages/airflow/example_dags/example_latest_only_with_trigger.py took 0.201 seconds
[2021-07-19 00:09:54,440] {scheduler_job.py:181} INFO - Started process (PID=1630) to work on /home/airflow/.local/lib/python3.6/site-packages/airflow/example_dags/example_latest_only_with_trigger.py
[2021-07-19 00:09:54,442] {scheduler_job.py:632} INFO - Processing file /home/airflow/.local/lib/python3.6/site-packages/airflow/example_dags/example_latest_only_with_trigger.py for tasks to queue
[2021-07-19 00:09:54,443] {logging_mixin.py:104} INFO - [2021-07-19 00:09:54,443] {dagbag.py:496} INFO - Filling up the DagBag from /home/airflow/.local/lib/python3.6/site-packages/airflow/example_dags/example_latest_only_with_trigger.py
[2021-07-19 00:09:54,456] {scheduler_job.py:642} INFO - DAG(s) dict_keys(['latest_only_with_trigger']) retrieved from /home/airflow/.local/lib/python3.6/site-packages/airflow/example_dags/example_latest_only_with_trigger.py
[2021-07-19 00:09:54,482] {logging_mixin.py:104} INFO - [2021-07-19 00:09:54,481] {dag.py:1833} INFO - Sync 1 DAGs
[2021-07-19 00:09:54,502] {logging_mixin.py:104} INFO - [2021-07-19 00:09:54,502] {dag.py:2306} INFO - Setting next_dagrun for latest_only_with_trigger to 2021-07-17 00:00:00+00:00
[2021-07-19 00:09:54,787] {scheduler_job.py:189} INFO - Processing /home/airflow/.local/lib/python3.6/site-packages/airflow/example_dags/example_latest_only_with_trigger.py took 0.350 seconds
[2021-07-19 00:10:25,458] {scheduler_job.py:181} INFO - Started process (PID=1687) to work on /home/airflow/.local/lib/python3.6/site-packages/airflow/example_dags/example_latest_only_with_trigger.py
[2021-07-19 00:10:25,461] {scheduler_job.py:632} INFO - Processing file /home/airflow/.local/lib/python3.6/site-packages/airflow/example_dags/example_latest_only_with_trigger.py for tasks to queue
[2021-07-19 00:10:25,463] {logging_mixin.py:104} INFO - [2021-07-19 00:10:25,463] {dagbag.py:496} INFO - Filling up the DagBag from /home/airflow/.local/lib/python3.6/site-packages/airflow/example_dags/example_latest_only_with_trigger.py
[2021-07-19 00:10:25,483] {scheduler_job.py:642} INFO - DAG(s) dict_keys(['latest_only_with_trigger']) retrieved from /home/airflow/.local/lib/python3.6/site-packages/airflow/example_dags/example_latest_only_with_trigger.py
[2021-07-19 00:10:25,518] {logging_mixin.py:104} INFO - [2021-07-19 00:10:25,517] {dag.py:1833} INFO - Sync 1 DAGs
[2021-07-19 00:10:25,542] {logging_mixin.py:104} INFO - [2021-07-19 00:10:25,542] {dag.py:2306} INFO - Setting next_dagrun for latest_only_with_trigger to 2021-07-17 00:00:00+00:00
[2021-07-19 00:10:25,664] {scheduler_job.py:189} INFO - Processing /home/airflow/.local/lib/python3.6/site-packages/airflow/example_dags/example_latest_only_with_trigger.py took 0.211 seconds
[2021-07-19 00:10:57,427] {scheduler_job.py:181} INFO - Started process (PID=1753) to work on /home/airflow/.local/lib/python3.6/site-packages/airflow/example_dags/example_latest_only_with_trigger.py
[2021-07-19 00:10:57,430] {scheduler_job.py:632} INFO - Processing file /home/airflow/.local/lib/python3.6/site-packages/airflow/example_dags/example_latest_only_with_trigger.py for tasks to queue
[2021-07-19 00:10:57,432] {logging_mixin.py:104} INFO - [2021-07-19 00:10:57,432] {dagbag.py:496} INFO - Filling up the DagBag from /home/airflow/.local/lib/python3.6/site-packages/airflow/example_dags/example_latest_only_with_trigger.py
[2021-07-19 00:10:57,463] {scheduler_job.py:642} INFO - DAG(s) dict_keys(['latest_only_with_trigger']) retrieved from /home/airflow/.local/lib/python3.6/site-packages/airflow/example_dags/example_latest_only_with_trigger.py
[2021-07-19 00:10:57,489] {logging_mixin.py:104} INFO - [2021-07-19 00:10:57,489] {dag.py:1833} INFO - Sync 1 DAGs
[2021-07-19 00:10:57,507] {logging_mixin.py:104} INFO - [2021-07-19 00:10:57,507] {dag.py:2306} INFO - Setting next_dagrun for latest_only_with_trigger to 2021-07-17 00:00:00+00:00
[2021-07-19 00:10:57,751] {scheduler_job.py:189} INFO - Processing /home/airflow/.local/lib/python3.6/site-packages/airflow/example_dags/example_latest_only_with_trigger.py took 0.332 seconds
[2021-07-19 00:11:28,218] {scheduler_job.py:181} INFO - Started process (PID=1810) to work on /home/airflow/.local/lib/python3.6/site-packages/airflow/example_dags/example_latest_only_with_trigger.py
[2021-07-19 00:11:28,220] {scheduler_job.py:632} INFO - Processing file /home/airflow/.local/lib/python3.6/site-packages/airflow/example_dags/example_latest_only_with_trigger.py for tasks to queue
[2021-07-19 00:11:28,221] {logging_mixin.py:104} INFO - [2021-07-19 00:11:28,221] {dagbag.py:496} INFO - Filling up the DagBag from /home/airflow/.local/lib/python3.6/site-packages/airflow/example_dags/example_latest_only_with_trigger.py
[2021-07-19 00:11:28,235] {scheduler_job.py:642} INFO - DAG(s) dict_keys(['latest_only_with_trigger']) retrieved from /home/airflow/.local/lib/python3.6/site-packages/airflow/example_dags/example_latest_only_with_trigger.py
[2021-07-19 00:11:28,263] {logging_mixin.py:104} INFO - [2021-07-19 00:11:28,263] {dag.py:1833} INFO - Sync 1 DAGs
[2021-07-19 00:11:28,283] {logging_mixin.py:104} INFO - [2021-07-19 00:11:28,283] {dag.py:2306} INFO - Setting next_dagrun for latest_only_with_trigger to 2021-07-17 00:00:00+00:00
[2021-07-19 00:11:28,511] {scheduler_job.py:189} INFO - Processing /home/airflow/.local/lib/python3.6/site-packages/airflow/example_dags/example_latest_only_with_trigger.py took 0.297 seconds
[2021-07-19 00:11:58,880] {scheduler_job.py:181} INFO - Started process (PID=1869) to work on /home/airflow/.local/lib/python3.6/site-packages/airflow/example_dags/example_latest_only_with_trigger.py
[2021-07-19 00:11:58,882] {scheduler_job.py:632} INFO - Processing file /home/airflow/.local/lib/python3.6/site-packages/airflow/example_dags/example_latest_only_with_trigger.py for tasks to queue
[2021-07-19 00:11:58,883] {logging_mixin.py:104} INFO - [2021-07-19 00:11:58,883] {dagbag.py:496} INFO - Filling up the DagBag from /home/airflow/.local/lib/python3.6/site-packages/airflow/example_dags/example_latest_only_with_trigger.py
[2021-07-19 00:11:58,901] {scheduler_job.py:642} INFO - DAG(s) dict_keys(['latest_only_with_trigger']) retrieved from /home/airflow/.local/lib/python3.6/site-packages/airflow/example_dags/example_latest_only_with_trigger.py
[2021-07-19 00:11:58,932] {logging_mixin.py:104} INFO - [2021-07-19 00:11:58,932] {dag.py:1833} INFO - Sync 1 DAGs
[2021-07-19 00:11:58,956] {logging_mixin.py:104} INFO - [2021-07-19 00:11:58,956] {dag.py:2306} INFO - Setting next_dagrun for latest_only_with_trigger to 2021-07-17 00:00:00+00:00
[2021-07-19 00:11:59,133] {scheduler_job.py:189} INFO - Processing /home/airflow/.local/lib/python3.6/site-packages/airflow/example_dags/example_latest_only_with_trigger.py took 0.257 seconds
[2021-07-19 00:12:30,102] {scheduler_job.py:181} INFO - Started process (PID=1935) to work on /home/airflow/.local/lib/python3.6/site-packages/airflow/example_dags/example_latest_only_with_trigger.py
[2021-07-19 00:12:30,105] {scheduler_job.py:632} INFO - Processing file /home/airflow/.local/lib/python3.6/site-packages/airflow/example_dags/example_latest_only_with_trigger.py for tasks to queue
[2021-07-19 00:12:30,107] {logging_mixin.py:104} INFO - [2021-07-19 00:12:30,107] {dagbag.py:496} INFO - Filling up the DagBag from /home/airflow/.local/lib/python3.6/site-packages/airflow/example_dags/example_latest_only_with_trigger.py
[2021-07-19 00:12:30,135] {scheduler_job.py:642} INFO - DAG(s) dict_keys(['latest_only_with_trigger']) retrieved from /home/airflow/.local/lib/python3.6/site-packages/airflow/example_dags/example_latest_only_with_trigger.py
[2021-07-19 00:12:30,161] {logging_mixin.py:104} INFO - [2021-07-19 00:12:30,161] {dag.py:1833} INFO - Sync 1 DAGs
[2021-07-19 00:12:30,226] {logging_mixin.py:104} INFO - [2021-07-19 00:12:30,225] {dag.py:2306} INFO - Setting next_dagrun for latest_only_with_trigger to 2021-07-17 00:00:00+00:00
[2021-07-19 00:12:30,387] {scheduler_job.py:189} INFO - Processing /home/airflow/.local/lib/python3.6/site-packages/airflow/example_dags/example_latest_only_with_trigger.py took 0.295 seconds
[2021-07-19 00:13:00,600] {scheduler_job.py:181} INFO - Started process (PID=1993) to work on /home/airflow/.local/lib/python3.6/site-packages/airflow/example_dags/example_latest_only_with_trigger.py
[2021-07-19 00:13:00,602] {scheduler_job.py:632} INFO - Processing file /home/airflow/.local/lib/python3.6/site-packages/airflow/example_dags/example_latest_only_with_trigger.py for tasks to queue
[2021-07-19 00:13:00,603] {logging_mixin.py:104} INFO - [2021-07-19 00:13:00,602] {dagbag.py:496} INFO - Filling up the DagBag from /home/airflow/.local/lib/python3.6/site-packages/airflow/example_dags/example_latest_only_with_trigger.py
[2021-07-19 00:13:00,618] {scheduler_job.py:642} INFO - DAG(s) dict_keys(['latest_only_with_trigger']) retrieved from /home/airflow/.local/lib/python3.6/site-packages/airflow/example_dags/example_latest_only_with_trigger.py
[2021-07-19 00:13:00,646] {logging_mixin.py:104} INFO - [2021-07-19 00:13:00,646] {dag.py:1833} INFO - Sync 1 DAGs
[2021-07-19 00:13:00,670] {logging_mixin.py:104} INFO - [2021-07-19 00:13:00,670] {dag.py:2306} INFO - Setting next_dagrun for latest_only_with_trigger to 2021-07-17 00:00:00+00:00
[2021-07-19 00:13:00,781] {scheduler_job.py:189} INFO - Processing /home/airflow/.local/lib/python3.6/site-packages/airflow/example_dags/example_latest_only_with_trigger.py took 0.185 seconds
[2021-07-19 00:13:30,955] {scheduler_job.py:181} INFO - Started process (PID=2054) to work on /home/airflow/.local/lib/python3.6/site-packages/airflow/example_dags/example_latest_only_with_trigger.py
[2021-07-19 00:13:30,957] {scheduler_job.py:632} INFO - Processing file /home/airflow/.local/lib/python3.6/site-packages/airflow/example_dags/example_latest_only_with_trigger.py for tasks to queue
[2021-07-19 00:13:30,959] {logging_mixin.py:104} INFO - [2021-07-19 00:13:30,959] {dagbag.py:496} INFO - Filling up the DagBag from /home/airflow/.local/lib/python3.6/site-packages/airflow/example_dags/example_latest_only_with_trigger.py
[2021-07-19 00:13:30,977] {scheduler_job.py:642} INFO - DAG(s) dict_keys(['latest_only_with_trigger']) retrieved from /home/airflow/.local/lib/python3.6/site-packages/airflow/example_dags/example_latest_only_with_trigger.py
[2021-07-19 00:13:31,010] {logging_mixin.py:104} INFO - [2021-07-19 00:13:31,010] {dag.py:1833} INFO - Sync 1 DAGs
[2021-07-19 00:13:31,035] {logging_mixin.py:104} INFO - [2021-07-19 00:13:31,035] {dag.py:2306} INFO - Setting next_dagrun for latest_only_with_trigger to 2021-07-17 00:00:00+00:00
[2021-07-19 00:13:31,088] {scheduler_job.py:189} INFO - Processing /home/airflow/.local/lib/python3.6/site-packages/airflow/example_dags/example_latest_only_with_trigger.py took 0.137 seconds
[2021-07-19 00:14:08,937] {scheduler_job.py:181} INFO - Started process (PID=2122) to work on /home/airflow/.local/lib/python3.6/site-packages/airflow/example_dags/example_latest_only_with_trigger.py
[2021-07-19 00:14:08,940] {scheduler_job.py:632} INFO - Processing file /home/airflow/.local/lib/python3.6/site-packages/airflow/example_dags/example_latest_only_with_trigger.py for tasks to queue
[2021-07-19 00:14:08,942] {logging_mixin.py:104} INFO - [2021-07-19 00:14:08,942] {dagbag.py:496} INFO - Filling up the DagBag from /home/airflow/.local/lib/python3.6/site-packages/airflow/example_dags/example_latest_only_with_trigger.py
[2021-07-19 00:14:08,962] {scheduler_job.py:642} INFO - DAG(s) dict_keys(['latest_only_with_trigger']) retrieved from /home/airflow/.local/lib/python3.6/site-packages/airflow/example_dags/example_latest_only_with_trigger.py
[2021-07-19 00:14:08,998] {logging_mixin.py:104} INFO - [2021-07-19 00:14:08,998] {dag.py:1833} INFO - Sync 1 DAGs
[2021-07-19 00:14:09,022] {logging_mixin.py:104} INFO - [2021-07-19 00:14:09,021] {dag.py:2306} INFO - Setting next_dagrun for latest_only_with_trigger to 2021-07-17 00:00:00+00:00
[2021-07-19 00:14:09,107] {scheduler_job.py:189} INFO - Processing /home/airflow/.local/lib/python3.6/site-packages/airflow/example_dags/example_latest_only_with_trigger.py took 0.176 seconds
[2021-07-19 00:14:40,266] {scheduler_job.py:181} INFO - Started process (PID=2180) to work on /home/airflow/.local/lib/python3.6/site-packages/airflow/example_dags/example_latest_only_with_trigger.py
[2021-07-19 00:14:40,407] {scheduler_job.py:632} INFO - Processing file /home/airflow/.local/lib/python3.6/site-packages/airflow/example_dags/example_latest_only_with_trigger.py for tasks to queue
[2021-07-19 00:14:40,411] {logging_mixin.py:104} INFO - [2021-07-19 00:14:40,411] {dagbag.py:496} INFO - Filling up the DagBag from /home/airflow/.local/lib/python3.6/site-packages/airflow/example_dags/example_latest_only_with_trigger.py
[2021-07-19 00:14:40,464] {scheduler_job.py:642} INFO - DAG(s) dict_keys(['latest_only_with_trigger']) retrieved from /home/airflow/.local/lib/python3.6/site-packages/airflow/example_dags/example_latest_only_with_trigger.py
[2021-07-19 00:14:40,496] {logging_mixin.py:104} INFO - [2021-07-19 00:14:40,496] {dag.py:1833} INFO - Sync 1 DAGs
[2021-07-19 00:14:40,522] {logging_mixin.py:104} INFO - [2021-07-19 00:14:40,522] {dag.py:2306} INFO - Setting next_dagrun for latest_only_with_trigger to 2021-07-17 00:00:00+00:00
[2021-07-19 00:14:40,662] {scheduler_job.py:189} INFO - Processing /home/airflow/.local/lib/python3.6/site-packages/airflow/example_dags/example_latest_only_with_trigger.py took 0.401 seconds
[2021-07-19 00:15:11,389] {scheduler_job.py:181} INFO - Started process (PID=2237) to work on /home/airflow/.local/lib/python3.6/site-packages/airflow/example_dags/example_latest_only_with_trigger.py
[2021-07-19 00:15:11,391] {scheduler_job.py:632} INFO - Processing file /home/airflow/.local/lib/python3.6/site-packages/airflow/example_dags/example_latest_only_with_trigger.py for tasks to queue
[2021-07-19 00:15:11,392] {logging_mixin.py:104} INFO - [2021-07-19 00:15:11,392] {dagbag.py:496} INFO - Filling up the DagBag from /home/airflow/.local/lib/python3.6/site-packages/airflow/example_dags/example_latest_only_with_trigger.py
[2021-07-19 00:15:11,406] {scheduler_job.py:642} INFO - DAG(s) dict_keys(['latest_only_with_trigger']) retrieved from /home/airflow/.local/lib/python3.6/site-packages/airflow/example_dags/example_latest_only_with_trigger.py
[2021-07-19 00:15:11,437] {logging_mixin.py:104} INFO - [2021-07-19 00:15:11,437] {dag.py:1833} INFO - Sync 1 DAGs
[2021-07-19 00:15:11,457] {logging_mixin.py:104} INFO - [2021-07-19 00:15:11,456] {dag.py:2306} INFO - Setting next_dagrun for latest_only_with_trigger to 2021-07-17 00:00:00+00:00
[2021-07-19 00:15:11,503] {scheduler_job.py:189} INFO - Processing /home/airflow/.local/lib/python3.6/site-packages/airflow/example_dags/example_latest_only_with_trigger.py took 0.118 seconds
[2021-07-19 00:15:41,610] {scheduler_job.py:181} INFO - Started process (PID=2302) to work on /home/airflow/.local/lib/python3.6/site-packages/airflow/example_dags/example_latest_only_with_trigger.py
[2021-07-19 00:15:41,611] {scheduler_job.py:632} INFO - Processing file /home/airflow/.local/lib/python3.6/site-packages/airflow/example_dags/example_latest_only_with_trigger.py for tasks to queue
[2021-07-19 00:15:41,613] {logging_mixin.py:104} INFO - [2021-07-19 00:15:41,612] {dagbag.py:496} INFO - Filling up the DagBag from /home/airflow/.local/lib/python3.6/site-packages/airflow/example_dags/example_latest_only_with_trigger.py
[2021-07-19 00:15:41,629] {scheduler_job.py:642} INFO - DAG(s) dict_keys(['latest_only_with_trigger']) retrieved from /home/airflow/.local/lib/python3.6/site-packages/airflow/example_dags/example_latest_only_with_trigger.py
[2021-07-19 00:15:41,656] {logging_mixin.py:104} INFO - [2021-07-19 00:15:41,656] {dag.py:1833} INFO - Sync 1 DAGs
[2021-07-19 00:15:41,674] {logging_mixin.py:104} INFO - [2021-07-19 00:15:41,674] {dag.py:2306} INFO - Setting next_dagrun for latest_only_with_trigger to 2021-07-17 00:00:00+00:00
[2021-07-19 00:15:41,716] {scheduler_job.py:189} INFO - Processing /home/airflow/.local/lib/python3.6/site-packages/airflow/example_dags/example_latest_only_with_trigger.py took 0.110 seconds
[2021-07-19 00:16:11,920] {scheduler_job.py:181} INFO - Started process (PID=2359) to work on /home/airflow/.local/lib/python3.6/site-packages/airflow/example_dags/example_latest_only_with_trigger.py
[2021-07-19 00:16:11,922] {scheduler_job.py:632} INFO - Processing file /home/airflow/.local/lib/python3.6/site-packages/airflow/example_dags/example_latest_only_with_trigger.py for tasks to queue
[2021-07-19 00:16:11,923] {logging_mixin.py:104} INFO - [2021-07-19 00:16:11,923] {dagbag.py:496} INFO - Filling up the DagBag from /home/airflow/.local/lib/python3.6/site-packages/airflow/example_dags/example_latest_only_with_trigger.py
[2021-07-19 00:16:11,942] {scheduler_job.py:642} INFO - DAG(s) dict_keys(['latest_only_with_trigger']) retrieved from /home/airflow/.local/lib/python3.6/site-packages/airflow/example_dags/example_latest_only_with_trigger.py
[2021-07-19 00:16:11,968] {logging_mixin.py:104} INFO - [2021-07-19 00:16:11,968] {dag.py:1833} INFO - Sync 1 DAGs
[2021-07-19 00:16:11,987] {logging_mixin.py:104} INFO - [2021-07-19 00:16:11,987] {dag.py:2306} INFO - Setting next_dagrun for latest_only_with_trigger to 2021-07-17 00:00:00+00:00
[2021-07-19 00:16:12,080] {scheduler_job.py:189} INFO - Processing /home/airflow/.local/lib/python3.6/site-packages/airflow/example_dags/example_latest_only_with_trigger.py took 0.164 seconds
[2021-07-19 00:16:42,507] {scheduler_job.py:181} INFO - Started process (PID=2416) to work on /home/airflow/.local/lib/python3.6/site-packages/airflow/example_dags/example_latest_only_with_trigger.py
[2021-07-19 00:16:42,509] {scheduler_job.py:632} INFO - Processing file /home/airflow/.local/lib/python3.6/site-packages/airflow/example_dags/example_latest_only_with_trigger.py for tasks to queue
[2021-07-19 00:16:42,511] {logging_mixin.py:104} INFO - [2021-07-19 00:16:42,511] {dagbag.py:496} INFO - Filling up the DagBag from /home/airflow/.local/lib/python3.6/site-packages/airflow/example_dags/example_latest_only_with_trigger.py
[2021-07-19 00:16:42,526] {scheduler_job.py:642} INFO - DAG(s) dict_keys(['latest_only_with_trigger']) retrieved from /home/airflow/.local/lib/python3.6/site-packages/airflow/example_dags/example_latest_only_with_trigger.py
[2021-07-19 00:16:42,556] {logging_mixin.py:104} INFO - [2021-07-19 00:16:42,556] {dag.py:1833} INFO - Sync 1 DAGs
[2021-07-19 00:16:42,583] {logging_mixin.py:104} INFO - [2021-07-19 00:16:42,583] {dag.py:2306} INFO - Setting next_dagrun for latest_only_with_trigger to 2021-07-17 00:00:00+00:00
[2021-07-19 00:16:42,707] {scheduler_job.py:189} INFO - Processing /home/airflow/.local/lib/python3.6/site-packages/airflow/example_dags/example_latest_only_with_trigger.py took 0.205 seconds
[2021-07-19 00:17:13,586] {scheduler_job.py:181} INFO - Started process (PID=2485) to work on /home/airflow/.local/lib/python3.6/site-packages/airflow/example_dags/example_latest_only_with_trigger.py
[2021-07-19 00:17:13,588] {scheduler_job.py:632} INFO - Processing file /home/airflow/.local/lib/python3.6/site-packages/airflow/example_dags/example_latest_only_with_trigger.py for tasks to queue
[2021-07-19 00:17:13,590] {logging_mixin.py:104} INFO - [2021-07-19 00:17:13,590] {dagbag.py:496} INFO - Filling up the DagBag from /home/airflow/.local/lib/python3.6/site-packages/airflow/example_dags/example_latest_only_with_trigger.py
[2021-07-19 00:17:13,615] {scheduler_job.py:642} INFO - DAG(s) dict_keys(['latest_only_with_trigger']) retrieved from /home/airflow/.local/lib/python3.6/site-packages/airflow/example_dags/example_latest_only_with_trigger.py
[2021-07-19 00:17:13,680] {logging_mixin.py:104} INFO - [2021-07-19 00:17:13,680] {dag.py:1833} INFO - Sync 1 DAGs
[2021-07-19 00:17:13,721] {logging_mixin.py:104} INFO - [2021-07-19 00:17:13,721] {dag.py:2306} INFO - Setting next_dagrun for latest_only_with_trigger to 2021-07-17 00:00:00+00:00
[2021-07-19 00:17:14,765] {scheduler_job.py:189} INFO - Processing /home/airflow/.local/lib/python3.6/site-packages/airflow/example_dags/example_latest_only_with_trigger.py took 1.185 seconds
[2021-07-19 00:17:44,892] {scheduler_job.py:181} INFO - Started process (PID=2541) to work on /home/airflow/.local/lib/python3.6/site-packages/airflow/example_dags/example_latest_only_with_trigger.py
[2021-07-19 00:17:44,894] {scheduler_job.py:632} INFO - Processing file /home/airflow/.local/lib/python3.6/site-packages/airflow/example_dags/example_latest_only_with_trigger.py for tasks to queue
[2021-07-19 00:17:44,896] {logging_mixin.py:104} INFO - [2021-07-19 00:17:44,895] {dagbag.py:496} INFO - Filling up the DagBag from /home/airflow/.local/lib/python3.6/site-packages/airflow/example_dags/example_latest_only_with_trigger.py
[2021-07-19 00:17:44,928] {scheduler_job.py:642} INFO - DAG(s) dict_keys(['latest_only_with_trigger']) retrieved from /home/airflow/.local/lib/python3.6/site-packages/airflow/example_dags/example_latest_only_with_trigger.py
[2021-07-19 00:17:44,968] {logging_mixin.py:104} INFO - [2021-07-19 00:17:44,967] {dag.py:1833} INFO - Sync 1 DAGs
[2021-07-19 00:17:45,002] {logging_mixin.py:104} INFO - [2021-07-19 00:17:45,002] {dag.py:2306} INFO - Setting next_dagrun for latest_only_with_trigger to 2021-07-17 00:00:00+00:00
[2021-07-19 00:17:45,079] {scheduler_job.py:189} INFO - Processing /home/airflow/.local/lib/python3.6/site-packages/airflow/example_dags/example_latest_only_with_trigger.py took 0.191 seconds
[2021-07-19 00:18:16,407] {scheduler_job.py:181} INFO - Started process (PID=2598) to work on /home/airflow/.local/lib/python3.6/site-packages/airflow/example_dags/example_latest_only_with_trigger.py
[2021-07-19 00:18:16,418] {scheduler_job.py:632} INFO - Processing file /home/airflow/.local/lib/python3.6/site-packages/airflow/example_dags/example_latest_only_with_trigger.py for tasks to queue
[2021-07-19 00:18:16,425] {logging_mixin.py:104} INFO - [2021-07-19 00:18:16,425] {dagbag.py:496} INFO - Filling up the DagBag from /home/airflow/.local/lib/python3.6/site-packages/airflow/example_dags/example_latest_only_with_trigger.py
[2021-07-19 00:18:16,449] {scheduler_job.py:642} INFO - DAG(s) dict_keys(['latest_only_with_trigger']) retrieved from /home/airflow/.local/lib/python3.6/site-packages/airflow/example_dags/example_latest_only_with_trigger.py
[2021-07-19 00:18:16,486] {logging_mixin.py:104} INFO - [2021-07-19 00:18:16,486] {dag.py:1833} INFO - Sync 1 DAGs
[2021-07-19 00:18:16,508] {logging_mixin.py:104} INFO - [2021-07-19 00:18:16,507] {dag.py:2306} INFO - Setting next_dagrun for latest_only_with_trigger to 2021-07-17 00:00:00+00:00
[2021-07-19 00:18:17,076] {scheduler_job.py:189} INFO - Processing /home/airflow/.local/lib/python3.6/site-packages/airflow/example_dags/example_latest_only_with_trigger.py took 0.702 seconds
[2021-07-19 00:18:47,240] {scheduler_job.py:181} INFO - Started process (PID=2654) to work on /home/airflow/.local/lib/python3.6/site-packages/airflow/example_dags/example_latest_only_with_trigger.py
[2021-07-19 00:18:47,249] {scheduler_job.py:632} INFO - Processing file /home/airflow/.local/lib/python3.6/site-packages/airflow/example_dags/example_latest_only_with_trigger.py for tasks to queue
[2021-07-19 00:18:47,254] {logging_mixin.py:104} INFO - [2021-07-19 00:18:47,254] {dagbag.py:496} INFO - Filling up the DagBag from /home/airflow/.local/lib/python3.6/site-packages/airflow/example_dags/example_latest_only_with_trigger.py
[2021-07-19 00:18:47,287] {scheduler_job.py:642} INFO - DAG(s) dict_keys(['latest_only_with_trigger']) retrieved from /home/airflow/.local/lib/python3.6/site-packages/airflow/example_dags/example_latest_only_with_trigger.py
[2021-07-19 00:18:47,324] {logging_mixin.py:104} INFO - [2021-07-19 00:18:47,324] {dag.py:1833} INFO - Sync 1 DAGs
[2021-07-19 00:18:47,346] {logging_mixin.py:104} INFO - [2021-07-19 00:18:47,346] {dag.py:2306} INFO - Setting next_dagrun for latest_only_with_trigger to 2021-07-17 00:00:00+00:00
[2021-07-19 00:18:47,794] {scheduler_job.py:189} INFO - Processing /home/airflow/.local/lib/python3.6/site-packages/airflow/example_dags/example_latest_only_with_trigger.py took 0.571 seconds
[2021-07-19 00:19:18,010] {scheduler_job.py:181} INFO - Started process (PID=2710) to work on /home/airflow/.local/lib/python3.6/site-packages/airflow/example_dags/example_latest_only_with_trigger.py
[2021-07-19 00:19:18,012] {scheduler_job.py:632} INFO - Processing file /home/airflow/.local/lib/python3.6/site-packages/airflow/example_dags/example_latest_only_with_trigger.py for tasks to queue
[2021-07-19 00:19:18,013] {logging_mixin.py:104} INFO - [2021-07-19 00:19:18,013] {dagbag.py:496} INFO - Filling up the DagBag from /home/airflow/.local/lib/python3.6/site-packages/airflow/example_dags/example_latest_only_with_trigger.py
[2021-07-19 00:19:18,030] {scheduler_job.py:642} INFO - DAG(s) dict_keys(['latest_only_with_trigger']) retrieved from /home/airflow/.local/lib/python3.6/site-packages/airflow/example_dags/example_latest_only_with_trigger.py
[2021-07-19 00:19:18,056] {logging_mixin.py:104} INFO - [2021-07-19 00:19:18,056] {dag.py:1833} INFO - Sync 1 DAGs
[2021-07-19 00:19:18,074] {logging_mixin.py:104} INFO - [2021-07-19 00:19:18,074] {dag.py:2306} INFO - Setting next_dagrun for latest_only_with_trigger to 2021-07-17 00:00:00+00:00
[2021-07-19 00:19:18,628] {scheduler_job.py:189} INFO - Processing /home/airflow/.local/lib/python3.6/site-packages/airflow/example_dags/example_latest_only_with_trigger.py took 0.623 seconds
[2021-07-19 00:19:49,325] {scheduler_job.py:181} INFO - Started process (PID=2767) to work on /home/airflow/.local/lib/python3.6/site-packages/airflow/example_dags/example_latest_only_with_trigger.py
[2021-07-19 00:19:49,327] {scheduler_job.py:632} INFO - Processing file /home/airflow/.local/lib/python3.6/site-packages/airflow/example_dags/example_latest_only_with_trigger.py for tasks to queue
[2021-07-19 00:19:49,328] {logging_mixin.py:104} INFO - [2021-07-19 00:19:49,328] {dagbag.py:496} INFO - Filling up the DagBag from /home/airflow/.local/lib/python3.6/site-packages/airflow/example_dags/example_latest_only_with_trigger.py
[2021-07-19 00:19:49,346] {scheduler_job.py:642} INFO - DAG(s) dict_keys(['latest_only_with_trigger']) retrieved from /home/airflow/.local/lib/python3.6/site-packages/airflow/example_dags/example_latest_only_with_trigger.py
[2021-07-19 00:19:49,371] {logging_mixin.py:104} INFO - [2021-07-19 00:19:49,371] {dag.py:1833} INFO - Sync 1 DAGs
[2021-07-19 00:19:49,389] {logging_mixin.py:104} INFO - [2021-07-19 00:19:49,389] {dag.py:2306} INFO - Setting next_dagrun for latest_only_with_trigger to 2021-07-17 00:00:00+00:00
[2021-07-19 00:19:50,170] {scheduler_job.py:189} INFO - Processing /home/airflow/.local/lib/python3.6/site-packages/airflow/example_dags/example_latest_only_with_trigger.py took 0.850 seconds
[2021-07-19 00:20:20,663] {scheduler_job.py:181} INFO - Started process (PID=2834) to work on /home/airflow/.local/lib/python3.6/site-packages/airflow/example_dags/example_latest_only_with_trigger.py
[2021-07-19 00:20:20,669] {scheduler_job.py:632} INFO - Processing file /home/airflow/.local/lib/python3.6/site-packages/airflow/example_dags/example_latest_only_with_trigger.py for tasks to queue
[2021-07-19 00:20:20,673] {logging_mixin.py:104} INFO - [2021-07-19 00:20:20,673] {dagbag.py:496} INFO - Filling up the DagBag from /home/airflow/.local/lib/python3.6/site-packages/airflow/example_dags/example_latest_only_with_trigger.py
[2021-07-19 00:20:20,721] {scheduler_job.py:642} INFO - DAG(s) dict_keys(['latest_only_with_trigger']) retrieved from /home/airflow/.local/lib/python3.6/site-packages/airflow/example_dags/example_latest_only_with_trigger.py
[2021-07-19 00:20:20,763] {logging_mixin.py:104} INFO - [2021-07-19 00:20:20,762] {dag.py:1833} INFO - Sync 1 DAGs
[2021-07-19 00:20:20,784] {logging_mixin.py:104} INFO - [2021-07-19 00:20:20,784] {dag.py:2306} INFO - Setting next_dagrun for latest_only_with_trigger to 2021-07-17 00:00:00+00:00
[2021-07-19 00:20:21,039] {scheduler_job.py:189} INFO - Processing /home/airflow/.local/lib/python3.6/site-packages/airflow/example_dags/example_latest_only_with_trigger.py took 0.390 seconds
[2021-07-19 00:20:51,434] {scheduler_job.py:181} INFO - Started process (PID=2892) to work on /home/airflow/.local/lib/python3.6/site-packages/airflow/example_dags/example_latest_only_with_trigger.py
[2021-07-19 00:20:51,437] {scheduler_job.py:632} INFO - Processing file /home/airflow/.local/lib/python3.6/site-packages/airflow/example_dags/example_latest_only_with_trigger.py for tasks to queue
[2021-07-19 00:20:51,438] {logging_mixin.py:104} INFO - [2021-07-19 00:20:51,438] {dagbag.py:496} INFO - Filling up the DagBag from /home/airflow/.local/lib/python3.6/site-packages/airflow/example_dags/example_latest_only_with_trigger.py
[2021-07-19 00:20:51,454] {scheduler_job.py:642} INFO - DAG(s) dict_keys(['latest_only_with_trigger']) retrieved from /home/airflow/.local/lib/python3.6/site-packages/airflow/example_dags/example_latest_only_with_trigger.py
[2021-07-19 00:20:51,483] {logging_mixin.py:104} INFO - [2021-07-19 00:20:51,482] {dag.py:1833} INFO - Sync 1 DAGs
[2021-07-19 00:20:51,504] {logging_mixin.py:104} INFO - [2021-07-19 00:20:51,504] {dag.py:2306} INFO - Setting next_dagrun for latest_only_with_trigger to 2021-07-17 00:00:00+00:00
[2021-07-19 00:20:51,854] {scheduler_job.py:189} INFO - Processing /home/airflow/.local/lib/python3.6/site-packages/airflow/example_dags/example_latest_only_with_trigger.py took 0.424 seconds
[2021-07-19 00:21:23,997] {scheduler_job.py:181} INFO - Started process (PID=2948) to work on /home/airflow/.local/lib/python3.6/site-packages/airflow/example_dags/example_latest_only_with_trigger.py
[2021-07-19 00:21:24,000] {scheduler_job.py:632} INFO - Processing file /home/airflow/.local/lib/python3.6/site-packages/airflow/example_dags/example_latest_only_with_trigger.py for tasks to queue
[2021-07-19 00:21:24,002] {logging_mixin.py:104} INFO - [2021-07-19 00:21:24,002] {dagbag.py:496} INFO - Filling up the DagBag from /home/airflow/.local/lib/python3.6/site-packages/airflow/example_dags/example_latest_only_with_trigger.py
[2021-07-19 00:21:24,044] {scheduler_job.py:642} INFO - DAG(s) dict_keys(['latest_only_with_trigger']) retrieved from /home/airflow/.local/lib/python3.6/site-packages/airflow/example_dags/example_latest_only_with_trigger.py
[2021-07-19 00:21:24,081] {logging_mixin.py:104} INFO - [2021-07-19 00:21:24,081] {dag.py:1833} INFO - Sync 1 DAGs
[2021-07-19 00:21:24,111] {logging_mixin.py:104} INFO - [2021-07-19 00:21:24,111] {dag.py:2306} INFO - Setting next_dagrun for latest_only_with_trigger to 2021-07-17 00:00:00+00:00
[2021-07-19 00:21:24,560] {scheduler_job.py:189} INFO - Processing /home/airflow/.local/lib/python3.6/site-packages/airflow/example_dags/example_latest_only_with_trigger.py took 0.572 seconds
[2021-07-19 00:21:54,789] {scheduler_job.py:181} INFO - Started process (PID=3004) to work on /home/airflow/.local/lib/python3.6/site-packages/airflow/example_dags/example_latest_only_with_trigger.py
[2021-07-19 00:21:54,794] {scheduler_job.py:632} INFO - Processing file /home/airflow/.local/lib/python3.6/site-packages/airflow/example_dags/example_latest_only_with_trigger.py for tasks to queue
[2021-07-19 00:21:54,795] {logging_mixin.py:104} INFO - [2021-07-19 00:21:54,795] {dagbag.py:496} INFO - Filling up the DagBag from /home/airflow/.local/lib/python3.6/site-packages/airflow/example_dags/example_latest_only_with_trigger.py
[2021-07-19 00:21:54,825] {scheduler_job.py:642} INFO - DAG(s) dict_keys(['latest_only_with_trigger']) retrieved from /home/airflow/.local/lib/python3.6/site-packages/airflow/example_dags/example_latest_only_with_trigger.py
[2021-07-19 00:21:54,876] {logging_mixin.py:104} INFO - [2021-07-19 00:21:54,876] {dag.py:1833} INFO - Sync 1 DAGs
[2021-07-19 00:21:54,898] {logging_mixin.py:104} INFO - [2021-07-19 00:21:54,898] {dag.py:2306} INFO - Setting next_dagrun for latest_only_with_trigger to 2021-07-17 00:00:00+00:00
[2021-07-19 00:21:55,347] {scheduler_job.py:189} INFO - Processing /home/airflow/.local/lib/python3.6/site-packages/airflow/example_dags/example_latest_only_with_trigger.py took 0.565 seconds
[2021-07-19 00:22:26,652] {scheduler_job.py:181} INFO - Started process (PID=3071) to work on /home/airflow/.local/lib/python3.6/site-packages/airflow/example_dags/example_latest_only_with_trigger.py
[2021-07-19 00:22:26,654] {scheduler_job.py:632} INFO - Processing file /home/airflow/.local/lib/python3.6/site-packages/airflow/example_dags/example_latest_only_with_trigger.py for tasks to queue
[2021-07-19 00:22:26,655] {logging_mixin.py:104} INFO - [2021-07-19 00:22:26,655] {dagbag.py:496} INFO - Filling up the DagBag from /home/airflow/.local/lib/python3.6/site-packages/airflow/example_dags/example_latest_only_with_trigger.py
[2021-07-19 00:22:26,673] {scheduler_job.py:642} INFO - DAG(s) dict_keys(['latest_only_with_trigger']) retrieved from /home/airflow/.local/lib/python3.6/site-packages/airflow/example_dags/example_latest_only_with_trigger.py
[2021-07-19 00:22:26,707] {logging_mixin.py:104} INFO - [2021-07-19 00:22:26,707] {dag.py:1833} INFO - Sync 1 DAGs
[2021-07-19 00:22:26,731] {logging_mixin.py:104} INFO - [2021-07-19 00:22:26,730] {dag.py:2306} INFO - Setting next_dagrun for latest_only_with_trigger to 2021-07-17 00:00:00+00:00
[2021-07-19 00:22:26,883] {scheduler_job.py:189} INFO - Processing /home/airflow/.local/lib/python3.6/site-packages/airflow/example_dags/example_latest_only_with_trigger.py took 0.236 seconds
[2021-07-19 00:22:57,873] {scheduler_job.py:181} INFO - Started process (PID=3128) to work on /home/airflow/.local/lib/python3.6/site-packages/airflow/example_dags/example_latest_only_with_trigger.py
[2021-07-19 00:22:57,879] {scheduler_job.py:632} INFO - Processing file /home/airflow/.local/lib/python3.6/site-packages/airflow/example_dags/example_latest_only_with_trigger.py for tasks to queue
[2021-07-19 00:22:57,893] {logging_mixin.py:104} INFO - [2021-07-19 00:22:57,893] {dagbag.py:496} INFO - Filling up the DagBag from /home/airflow/.local/lib/python3.6/site-packages/airflow/example_dags/example_latest_only_with_trigger.py
[2021-07-19 00:22:57,967] {scheduler_job.py:642} INFO - DAG(s) dict_keys(['latest_only_with_trigger']) retrieved from /home/airflow/.local/lib/python3.6/site-packages/airflow/example_dags/example_latest_only_with_trigger.py
[2021-07-19 00:22:58,017] {logging_mixin.py:104} INFO - [2021-07-19 00:22:58,016] {dag.py:1833} INFO - Sync 1 DAGs
[2021-07-19 00:22:58,045] {logging_mixin.py:104} INFO - [2021-07-19 00:22:58,045] {dag.py:2306} INFO - Setting next_dagrun for latest_only_with_trigger to 2021-07-17 00:00:00+00:00
[2021-07-19 00:22:58,190] {scheduler_job.py:189} INFO - Processing /home/airflow/.local/lib/python3.6/site-packages/airflow/example_dags/example_latest_only_with_trigger.py took 0.329 seconds
[2021-07-19 00:23:32,135] {scheduler_job.py:181} INFO - Started process (PID=3186) to work on /home/airflow/.local/lib/python3.6/site-packages/airflow/example_dags/example_latest_only_with_trigger.py
[2021-07-19 00:23:32,138] {scheduler_job.py:632} INFO - Processing file /home/airflow/.local/lib/python3.6/site-packages/airflow/example_dags/example_latest_only_with_trigger.py for tasks to queue
[2021-07-19 00:23:32,139] {logging_mixin.py:104} INFO - [2021-07-19 00:23:32,139] {dagbag.py:496} INFO - Filling up the DagBag from /home/airflow/.local/lib/python3.6/site-packages/airflow/example_dags/example_latest_only_with_trigger.py
[2021-07-19 00:23:32,158] {scheduler_job.py:642} INFO - DAG(s) dict_keys(['latest_only_with_trigger']) retrieved from /home/airflow/.local/lib/python3.6/site-packages/airflow/example_dags/example_latest_only_with_trigger.py
[2021-07-19 00:23:32,336] {logging_mixin.py:104} INFO - [2021-07-19 00:23:32,336] {dag.py:1833} INFO - Sync 1 DAGs
[2021-07-19 00:23:32,357] {logging_mixin.py:104} INFO - [2021-07-19 00:23:32,356] {dag.py:2306} INFO - Setting next_dagrun for latest_only_with_trigger to 2021-07-17 00:00:00+00:00
[2021-07-19 00:23:33,983] {scheduler_job.py:189} INFO - Processing /home/airflow/.local/lib/python3.6/site-packages/airflow/example_dags/example_latest_only_with_trigger.py took 1.851 seconds
                                                                                                                                                                                                                                                                                                                                                                                                                                                                                                                                                                                                                                                                                                                                                                                                                                                                                                                                                                                                                                                                                                                                                                                                                                                                                                                                                                                                                                                                                                                                                                                                                                                                                                                                                                                                                                                                                                                                                                                                                                                                                                                                                                                                                                                                                                                                                                                                                                                                                                                                                                                                                                                                                                                                                                                                                                                                                                                                                                                                                                                                                                                                                                                                                                                                                                                                                                                                                                                                                                                                                                                                                                                                                                                                                                                                                                                                                                                                                                                                                                                                                                                                                                                                                                                                                                                                                                                                                                                                                                                                                                                                                                                                                                                                                                                                                                                                                                                                                                                                                                                                                                                                                                                                                                                                                                                                                                                                                                                                                                                                                                                                                                                                                                                                                                                                                                                                                                                                                                                                                                                                                                                                                                                                                                                                                                                                                                                                                                                                                                                                                                                                                                                                                                                                                                                                                                                                                                                                                                                                               