[2021-07-19 00:00:10,626] {scheduler_job.py:181} INFO - Started process (PID=481) to work on /home/airflow/.local/lib/python3.6/site-packages/airflow/example_dags/example_branch_python_dop_operator_3.py
[2021-07-19 00:00:10,628] {scheduler_job.py:632} INFO - Processing file /home/airflow/.local/lib/python3.6/site-packages/airflow/example_dags/example_branch_python_dop_operator_3.py for tasks to queue
[2021-07-19 00:00:10,630] {logging_mixin.py:104} INFO - [2021-07-19 00:00:10,630] {dagbag.py:496} INFO - Filling up the DagBag from /home/airflow/.local/lib/python3.6/site-packages/airflow/example_dags/example_branch_python_dop_operator_3.py
[2021-07-19 00:00:10,701] {scheduler_job.py:642} INFO - DAG(s) dict_keys(['example_branch_dop_operator_v3']) retrieved from /home/airflow/.local/lib/python3.6/site-packages/airflow/example_dags/example_branch_python_dop_operator_3.py
[2021-07-19 00:00:11,510] {logging_mixin.py:104} INFO - [2021-07-19 00:00:11,510] {dag.py:1833} INFO - Sync 1 DAGs
[2021-07-19 00:00:11,549] {logging_mixin.py:104} INFO - [2021-07-19 00:00:11,549] {dag.py:2306} INFO - Setting next_dagrun for example_branch_dop_operator_v3 to 2021-07-17 00:00:00+00:00
[2021-07-19 00:00:11,648] {scheduler_job.py:189} INFO - Processing /home/airflow/.local/lib/python3.6/site-packages/airflow/example_dags/example_branch_python_dop_operator_3.py took 1.028 seconds
[2021-07-19 00:00:42,509] {scheduler_job.py:181} INFO - Started process (PID=538) to work on /home/airflow/.local/lib/python3.6/site-packages/airflow/example_dags/example_branch_python_dop_operator_3.py
[2021-07-19 00:00:42,515] {scheduler_job.py:632} INFO - Processing file /home/airflow/.local/lib/python3.6/site-packages/airflow/example_dags/example_branch_python_dop_operator_3.py for tasks to queue
[2021-07-19 00:00:42,519] {logging_mixin.py:104} INFO - [2021-07-19 00:00:42,518] {dagbag.py:496} INFO - Filling up the DagBag from /home/airflow/.local/lib/python3.6/site-packages/airflow/example_dags/example_branch_python_dop_operator_3.py
[2021-07-19 00:00:42,575] {scheduler_job.py:642} INFO - DAG(s) dict_keys(['example_branch_dop_operator_v3']) retrieved from /home/airflow/.local/lib/python3.6/site-packages/airflow/example_dags/example_branch_python_dop_operator_3.py
[2021-07-19 00:00:42,605] {logging_mixin.py:104} INFO - [2021-07-19 00:00:42,605] {dag.py:1833} INFO - Sync 1 DAGs
[2021-07-19 00:00:42,638] {logging_mixin.py:104} INFO - [2021-07-19 00:00:42,638] {dag.py:2306} INFO - Setting next_dagrun for example_branch_dop_operator_v3 to 2021-07-17 00:00:00+00:00
[2021-07-19 00:00:42,733] {scheduler_job.py:189} INFO - Processing /home/airflow/.local/lib/python3.6/site-packages/airflow/example_dags/example_branch_python_dop_operator_3.py took 0.238 seconds
[2021-07-19 00:01:13,436] {scheduler_job.py:181} INFO - Started process (PID=608) to work on /home/airflow/.local/lib/python3.6/site-packages/airflow/example_dags/example_branch_python_dop_operator_3.py
[2021-07-19 00:01:13,437] {scheduler_job.py:632} INFO - Processing file /home/airflow/.local/lib/python3.6/site-packages/airflow/example_dags/example_branch_python_dop_operator_3.py for tasks to queue
[2021-07-19 00:01:13,438] {logging_mixin.py:104} INFO - [2021-07-19 00:01:13,438] {dagbag.py:496} INFO - Filling up the DagBag from /home/airflow/.local/lib/python3.6/site-packages/airflow/example_dags/example_branch_python_dop_operator_3.py
[2021-07-19 00:01:13,457] {scheduler_job.py:642} INFO - DAG(s) dict_keys(['example_branch_dop_operator_v3']) retrieved from /home/airflow/.local/lib/python3.6/site-packages/airflow/example_dags/example_branch_python_dop_operator_3.py
[2021-07-19 00:01:13,483] {logging_mixin.py:104} INFO - [2021-07-19 00:01:13,483] {dag.py:1833} INFO - Sync 1 DAGs
[2021-07-19 00:01:13,514] {logging_mixin.py:104} INFO - [2021-07-19 00:01:13,513] {dag.py:2306} INFO - Setting next_dagrun for example_branch_dop_operator_v3 to 2021-07-17 00:00:00+00:00
[2021-07-19 00:01:13,564] {scheduler_job.py:189} INFO - Processing /home/airflow/.local/lib/python3.6/site-packages/airflow/example_dags/example_branch_python_dop_operator_3.py took 0.132 seconds
[2021-07-19 00:01:44,420] {scheduler_job.py:181} INFO - Started process (PID=664) to work on /home/airflow/.local/lib/python3.6/site-packages/airflow/example_dags/example_branch_python_dop_operator_3.py
[2021-07-19 00:01:44,423] {scheduler_job.py:632} INFO - Processing file /home/airflow/.local/lib/python3.6/site-packages/airflow/example_dags/example_branch_python_dop_operator_3.py for tasks to queue
[2021-07-19 00:01:44,426] {logging_mixin.py:104} INFO - [2021-07-19 00:01:44,425] {dagbag.py:496} INFO - Filling up the DagBag from /home/airflow/.local/lib/python3.6/site-packages/airflow/example_dags/example_branch_python_dop_operator_3.py
[2021-07-19 00:01:44,446] {scheduler_job.py:642} INFO - DAG(s) dict_keys(['example_branch_dop_operator_v3']) retrieved from /home/airflow/.local/lib/python3.6/site-packages/airflow/example_dags/example_branch_python_dop_operator_3.py
[2021-07-19 00:01:44,475] {logging_mixin.py:104} INFO - [2021-07-19 00:01:44,475] {dag.py:1833} INFO - Sync 1 DAGs
[2021-07-19 00:01:44,512] {logging_mixin.py:104} INFO - [2021-07-19 00:01:44,512] {dag.py:2306} INFO - Setting next_dagrun for example_branch_dop_operator_v3 to 2021-07-17 00:00:00+00:00
[2021-07-19 00:01:44,566] {scheduler_job.py:189} INFO - Processing /home/airflow/.local/lib/python3.6/site-packages/airflow/example_dags/example_branch_python_dop_operator_3.py took 0.150 seconds
[2021-07-19 00:02:14,610] {scheduler_job.py:181} INFO - Started process (PID=730) to work on /home/airflow/.local/lib/python3.6/site-packages/airflow/example_dags/example_branch_python_dop_operator_3.py
[2021-07-19 00:02:14,612] {scheduler_job.py:632} INFO - Processing file /home/airflow/.local/lib/python3.6/site-packages/airflow/example_dags/example_branch_python_dop_operator_3.py for tasks to queue
[2021-07-19 00:02:14,614] {logging_mixin.py:104} INFO - [2021-07-19 00:02:14,613] {dagbag.py:496} INFO - Filling up the DagBag from /home/airflow/.local/lib/python3.6/site-packages/airflow/example_dags/example_branch_python_dop_operator_3.py
[2021-07-19 00:02:14,631] {scheduler_job.py:642} INFO - DAG(s) dict_keys(['example_branch_dop_operator_v3']) retrieved from /home/airflow/.local/lib/python3.6/site-packages/airflow/example_dags/example_branch_python_dop_operator_3.py
[2021-07-19 00:02:14,665] {logging_mixin.py:104} INFO - [2021-07-19 00:02:14,665] {dag.py:1833} INFO - Sync 1 DAGs
[2021-07-19 00:02:14,712] {logging_mixin.py:104} INFO - [2021-07-19 00:02:14,712] {dag.py:2306} INFO - Setting next_dagrun for example_branch_dop_operator_v3 to 2021-07-17 00:00:00+00:00
[2021-07-19 00:02:14,784] {scheduler_job.py:189} INFO - Processing /home/airflow/.local/lib/python3.6/site-packages/airflow/example_dags/example_branch_python_dop_operator_3.py took 0.177 seconds
[2021-07-19 00:02:45,346] {scheduler_job.py:181} INFO - Started process (PID=789) to work on /home/airflow/.local/lib/python3.6/site-packages/airflow/example_dags/example_branch_python_dop_operator_3.py
[2021-07-19 00:02:45,348] {scheduler_job.py:632} INFO - Processing file /home/airflow/.local/lib/python3.6/site-packages/airflow/example_dags/example_branch_python_dop_operator_3.py for tasks to queue
[2021-07-19 00:02:45,349] {logging_mixin.py:104} INFO - [2021-07-19 00:02:45,349] {dagbag.py:496} INFO - Filling up the DagBag from /home/airflow/.local/lib/python3.6/site-packages/airflow/example_dags/example_branch_python_dop_operator_3.py
[2021-07-19 00:02:45,366] {scheduler_job.py:642} INFO - DAG(s) dict_keys(['example_branch_dop_operator_v3']) retrieved from /home/airflow/.local/lib/python3.6/site-packages/airflow/example_dags/example_branch_python_dop_operator_3.py
[2021-07-19 00:02:45,394] {logging_mixin.py:104} INFO - [2021-07-19 00:02:45,394] {dag.py:1833} INFO - Sync 1 DAGs
[2021-07-19 00:02:45,432] {logging_mixin.py:104} INFO - [2021-07-19 00:02:45,432] {dag.py:2306} INFO - Setting next_dagrun for example_branch_dop_operator_v3 to 2021-07-17 00:00:00+00:00
[2021-07-19 00:02:45,595] {scheduler_job.py:189} INFO - Processing /home/airflow/.local/lib/python3.6/site-packages/airflow/example_dags/example_branch_python_dop_operator_3.py took 0.252 seconds
[2021-07-19 00:03:15,766] {scheduler_job.py:181} INFO - Started process (PID=845) to work on /home/airflow/.local/lib/python3.6/site-packages/airflow/example_dags/example_branch_python_dop_operator_3.py
[2021-07-19 00:03:15,768] {scheduler_job.py:632} INFO - Processing file /home/airflow/.local/lib/python3.6/site-packages/airflow/example_dags/example_branch_python_dop_operator_3.py for tasks to queue
[2021-07-19 00:03:15,769] {logging_mixin.py:104} INFO - [2021-07-19 00:03:15,769] {dagbag.py:496} INFO - Filling up the DagBag from /home/airflow/.local/lib/python3.6/site-packages/airflow/example_dags/example_branch_python_dop_operator_3.py
[2021-07-19 00:03:15,807] {scheduler_job.py:642} INFO - DAG(s) dict_keys(['example_branch_dop_operator_v3']) retrieved from /home/airflow/.local/lib/python3.6/site-packages/airflow/example_dags/example_branch_python_dop_operator_3.py
[2021-07-19 00:03:15,857] {logging_mixin.py:104} INFO - [2021-07-19 00:03:15,857] {dag.py:1833} INFO - Sync 1 DAGs
[2021-07-19 00:03:15,903] {logging_mixin.py:104} INFO - [2021-07-19 00:03:15,903] {dag.py:2306} INFO - Setting next_dagrun for example_branch_dop_operator_v3 to 2021-07-17 00:00:00+00:00
[2021-07-19 00:03:15,999] {scheduler_job.py:189} INFO - Processing /home/airflow/.local/lib/python3.6/site-packages/airflow/example_dags/example_branch_python_dop_operator_3.py took 0.238 seconds
[2021-07-19 00:03:46,539] {scheduler_job.py:181} INFO - Started process (PID=911) to work on /home/airflow/.local/lib/python3.6/site-packages/airflow/example_dags/example_branch_python_dop_operator_3.py
[2021-07-19 00:03:46,542] {scheduler_job.py:632} INFO - Processing file /home/airflow/.local/lib/python3.6/site-packages/airflow/example_dags/example_branch_python_dop_operator_3.py for tasks to queue
[2021-07-19 00:03:46,544] {logging_mixin.py:104} INFO - [2021-07-19 00:03:46,544] {dagbag.py:496} INFO - Filling up the DagBag from /home/airflow/.local/lib/python3.6/site-packages/airflow/example_dags/example_branch_python_dop_operator_3.py
[2021-07-19 00:03:46,560] {scheduler_job.py:642} INFO - DAG(s) dict_keys(['example_branch_dop_operator_v3']) retrieved from /home/airflow/.local/lib/python3.6/site-packages/airflow/example_dags/example_branch_python_dop_operator_3.py
[2021-07-19 00:03:46,597] {logging_mixin.py:104} INFO - [2021-07-19 00:03:46,597] {dag.py:1833} INFO - Sync 1 DAGs
[2021-07-19 00:03:46,634] {logging_mixin.py:104} INFO - [2021-07-19 00:03:46,634] {dag.py:2306} INFO - Setting next_dagrun for example_branch_dop_operator_v3 to 2021-07-17 00:00:00+00:00
[2021-07-19 00:03:46,751] {scheduler_job.py:189} INFO - Processing /home/airflow/.local/lib/python3.6/site-packages/airflow/example_dags/example_branch_python_dop_operator_3.py took 0.217 seconds
[2021-07-19 00:04:17,500] {scheduler_job.py:181} INFO - Started process (PID=967) to work on /home/airflow/.local/lib/python3.6/site-packages/airflow/example_dags/example_branch_python_dop_operator_3.py
[2021-07-19 00:04:17,503] {scheduler_job.py:632} INFO - Processing file /home/airflow/.local/lib/python3.6/site-packages/airflow/example_dags/example_branch_python_dop_operator_3.py for tasks to queue
[2021-07-19 00:04:17,505] {logging_mixin.py:104} INFO - [2021-07-19 00:04:17,505] {dagbag.py:496} INFO - Filling up the DagBag from /home/airflow/.local/lib/python3.6/site-packages/airflow/example_dags/example_branch_python_dop_operator_3.py
[2021-07-19 00:04:17,539] {scheduler_job.py:642} INFO - DAG(s) dict_keys(['example_branch_dop_operator_v3']) retrieved from /home/airflow/.local/lib/python3.6/site-packages/airflow/example_dags/example_branch_python_dop_operator_3.py
[2021-07-19 00:04:17,573] {logging_mixin.py:104} INFO - [2021-07-19 00:04:17,572] {dag.py:1833} INFO - Sync 1 DAGs
[2021-07-19 00:04:17,621] {logging_mixin.py:104} INFO - [2021-07-19 00:04:17,621] {dag.py:2306} INFO - Setting next_dagrun for example_branch_dop_operator_v3 to 2021-07-17 00:00:00+00:00
[2021-07-19 00:04:17,732] {scheduler_job.py:189} INFO - Processing /home/airflow/.local/lib/python3.6/site-packages/airflow/example_dags/example_branch_python_dop_operator_3.py took 0.239 seconds
[2021-07-19 00:04:48,236] {scheduler_job.py:181} INFO - Started process (PID=1035) to work on /home/airflow/.local/lib/python3.6/site-packages/airflow/example_dags/example_branch_python_dop_operator_3.py
[2021-07-19 00:04:48,238] {scheduler_job.py:632} INFO - Processing file /home/airflow/.local/lib/python3.6/site-packages/airflow/example_dags/example_branch_python_dop_operator_3.py for tasks to queue
[2021-07-19 00:04:48,241] {logging_mixin.py:104} INFO - [2021-07-19 00:04:48,241] {dagbag.py:496} INFO - Filling up the DagBag from /home/airflow/.local/lib/python3.6/site-packages/airflow/example_dags/example_branch_python_dop_operator_3.py
[2021-07-19 00:04:48,286] {scheduler_job.py:642} INFO - DAG(s) dict_keys(['example_branch_dop_operator_v3']) retrieved from /home/airflow/.local/lib/python3.6/site-packages/airflow/example_dags/example_branch_python_dop_operator_3.py
[2021-07-19 00:04:48,348] {logging_mixin.py:104} INFO - [2021-07-19 00:04:48,348] {dag.py:1833} INFO - Sync 1 DAGs
[2021-07-19 00:04:48,432] {logging_mixin.py:104} INFO - [2021-07-19 00:04:48,432] {dag.py:2306} INFO - Setting next_dagrun for example_branch_dop_operator_v3 to 2021-07-17 00:00:00+00:00
[2021-07-19 00:04:48,556] {scheduler_job.py:189} INFO - Processing /home/airflow/.local/lib/python3.6/site-packages/airflow/example_dags/example_branch_python_dop_operator_3.py took 0.324 seconds
[2021-07-19 00:05:19,303] {scheduler_job.py:181} INFO - Started process (PID=1091) to work on /home/airflow/.local/lib/python3.6/site-packages/airflow/example_dags/example_branch_python_dop_operator_3.py
[2021-07-19 00:05:19,309] {scheduler_job.py:632} INFO - Processing file /home/airflow/.local/lib/python3.6/site-packages/airflow/example_dags/example_branch_python_dop_operator_3.py for tasks to queue
[2021-07-19 00:05:19,312] {logging_mixin.py:104} INFO - [2021-07-19 00:05:19,312] {dagbag.py:496} INFO - Filling up the DagBag from /home/airflow/.local/lib/python3.6/site-packages/airflow/example_dags/example_branch_python_dop_operator_3.py
[2021-07-19 00:05:19,360] {scheduler_job.py:642} INFO - DAG(s) dict_keys(['example_branch_dop_operator_v3']) retrieved from /home/airflow/.local/lib/python3.6/site-packages/airflow/example_dags/example_branch_python_dop_operator_3.py
[2021-07-19 00:05:19,392] {logging_mixin.py:104} INFO - [2021-07-19 00:05:19,392] {dag.py:1833} INFO - Sync 1 DAGs
[2021-07-19 00:05:19,426] {logging_mixin.py:104} INFO - [2021-07-19 00:05:19,426] {dag.py:2306} INFO - Setting next_dagrun for example_branch_dop_operator_v3 to 2021-07-17 00:00:00+00:00
[2021-07-19 00:05:19,497] {scheduler_job.py:189} INFO - Processing /home/airflow/.local/lib/python3.6/site-packages/airflow/example_dags/example_branch_python_dop_operator_3.py took 0.211 seconds
[2021-07-19 00:05:49,613] {scheduler_job.py:181} INFO - Started process (PID=1147) to work on /home/airflow/.local/lib/python3.6/site-packages/airflow/example_dags/example_branch_python_dop_operator_3.py
[2021-07-19 00:05:49,615] {scheduler_job.py:632} INFO - Processing file /home/airflow/.local/lib/python3.6/site-packages/airflow/example_dags/example_branch_python_dop_operator_3.py for tasks to queue
[2021-07-19 00:05:49,616] {logging_mixin.py:104} INFO - [2021-07-19 00:05:49,616] {dagbag.py:496} INFO - Filling up the DagBag from /home/airflow/.local/lib/python3.6/site-packages/airflow/example_dags/example_branch_python_dop_operator_3.py
[2021-07-19 00:05:49,635] {scheduler_job.py:642} INFO - DAG(s) dict_keys(['example_branch_dop_operator_v3']) retrieved from /home/airflow/.local/lib/python3.6/site-packages/airflow/example_dags/example_branch_python_dop_operator_3.py
[2021-07-19 00:05:49,663] {logging_mixin.py:104} INFO - [2021-07-19 00:05:49,663] {dag.py:1833} INFO - Sync 1 DAGs
[2021-07-19 00:05:49,698] {logging_mixin.py:104} INFO - [2021-07-19 00:05:49,698] {dag.py:2306} INFO - Setting next_dagrun for example_branch_dop_operator_v3 to 2021-07-17 00:00:00+00:00
[2021-07-19 00:05:49,754] {scheduler_job.py:189} INFO - Processing /home/airflow/.local/lib/python3.6/site-packages/airflow/example_dags/example_branch_python_dop_operator_3.py took 0.144 seconds
[2021-07-19 00:06:19,993] {scheduler_job.py:181} INFO - Started process (PID=1211) to work on /home/airflow/.local/lib/python3.6/site-packages/airflow/example_dags/example_branch_python_dop_operator_3.py
[2021-07-19 00:06:19,996] {scheduler_job.py:632} INFO - Processing file /home/airflow/.local/lib/python3.6/site-packages/airflow/example_dags/example_branch_python_dop_operator_3.py for tasks to queue
[2021-07-19 00:06:19,997] {logging_mixin.py:104} INFO - [2021-07-19 00:06:19,997] {dagbag.py:496} INFO - Filling up the DagBag from /home/airflow/.local/lib/python3.6/site-packages/airflow/example_dags/example_branch_python_dop_operator_3.py
[2021-07-19 00:06:20,017] {scheduler_job.py:642} INFO - DAG(s) dict_keys(['example_branch_dop_operator_v3']) retrieved from /home/airflow/.local/lib/python3.6/site-packages/airflow/example_dags/example_branch_python_dop_operator_3.py
[2021-07-19 00:06:20,047] {logging_mixin.py:104} INFO - [2021-07-19 00:06:20,047] {dag.py:1833} INFO - Sync 1 DAGs
[2021-07-19 00:06:20,090] {logging_mixin.py:104} INFO - [2021-07-19 00:06:20,089] {dag.py:2306} INFO - Setting next_dagrun for example_branch_dop_operator_v3 to 2021-07-17 00:00:00+00:00
[2021-07-19 00:06:20,164] {scheduler_job.py:189} INFO - Processing /home/airflow/.local/lib/python3.6/site-packages/airflow/example_dags/example_branch_python_dop_operator_3.py took 0.175 seconds
[2021-07-19 00:06:50,392] {scheduler_job.py:181} INFO - Started process (PID=1267) to work on /home/airflow/.local/lib/python3.6/site-packages/airflow/example_dags/example_branch_python_dop_operator_3.py
[2021-07-19 00:06:50,394] {scheduler_job.py:632} INFO - Processing file /home/airflow/.local/lib/python3.6/site-packages/airflow/example_dags/example_branch_python_dop_operator_3.py for tasks to queue
[2021-07-19 00:06:50,395] {logging_mixin.py:104} INFO - [2021-07-19 00:06:50,395] {dagbag.py:496} INFO - Filling up the DagBag from /home/airflow/.local/lib/python3.6/site-packages/airflow/example_dags/example_branch_python_dop_operator_3.py
[2021-07-19 00:06:50,410] {scheduler_job.py:642} INFO - DAG(s) dict_keys(['example_branch_dop_operator_v3']) retrieved from /home/airflow/.local/lib/python3.6/site-packages/airflow/example_dags/example_branch_python_dop_operator_3.py
[2021-07-19 00:06:50,442] {logging_mixin.py:104} INFO - [2021-07-19 00:06:50,442] {dag.py:1833} INFO - Sync 1 DAGs
[2021-07-19 00:06:50,480] {logging_mixin.py:104} INFO - [2021-07-19 00:06:50,479] {dag.py:2306} INFO - Setting next_dagrun for example_branch_dop_operator_v3 to 2021-07-17 00:00:00+00:00
[2021-07-19 00:06:50,555] {scheduler_job.py:189} INFO - Processing /home/airflow/.local/lib/python3.6/site-packages/airflow/example_dags/example_branch_python_dop_operator_3.py took 0.168 seconds
[2021-07-19 00:07:20,841] {scheduler_job.py:181} INFO - Started process (PID=1334) to work on /home/airflow/.local/lib/python3.6/site-packages/airflow/example_dags/example_branch_python_dop_operator_3.py
[2021-07-19 00:07:20,843] {scheduler_job.py:632} INFO - Processing file /home/airflow/.local/lib/python3.6/site-packages/airflow/example_dags/example_branch_python_dop_operator_3.py for tasks to queue
[2021-07-19 00:07:20,845] {logging_mixin.py:104} INFO - [2021-07-19 00:07:20,845] {dagbag.py:496} INFO - Filling up the DagBag from /home/airflow/.local/lib/python3.6/site-packages/airflow/example_dags/example_branch_python_dop_operator_3.py
[2021-07-19 00:07:20,882] {scheduler_job.py:642} INFO - DAG(s) dict_keys(['example_branch_dop_operator_v3']) retrieved from /home/airflow/.local/lib/python3.6/site-packages/airflow/example_dags/example_branch_python_dop_operator_3.py
[2021-07-19 00:07:20,926] {logging_mixin.py:104} INFO - [2021-07-19 00:07:20,926] {dag.py:1833} INFO - Sync 1 DAGs
[2021-07-19 00:07:20,979] {logging_mixin.py:104} INFO - [2021-07-19 00:07:20,979] {dag.py:2306} INFO - Setting next_dagrun for example_branch_dop_operator_v3 to 2021-07-17 00:00:00+00:00
[2021-07-19 00:07:21,142] {scheduler_job.py:189} INFO - Processing /home/airflow/.local/lib/python3.6/site-packages/airflow/example_dags/example_branch_python_dop_operator_3.py took 0.305 seconds
[2021-07-19 00:07:51,384] {scheduler_job.py:181} INFO - Started process (PID=1393) to work on /home/airflow/.local/lib/python3.6/site-packages/airflow/example_dags/example_branch_python_dop_operator_3.py
[2021-07-19 00:07:51,388] {scheduler_job.py:632} INFO - Processing file /home/airflow/.local/lib/python3.6/site-packages/airflow/example_dags/example_branch_python_dop_operator_3.py for tasks to queue
[2021-07-19 00:07:51,390] {logging_mixin.py:104} INFO - [2021-07-19 00:07:51,390] {dagbag.py:496} INFO - Filling up the DagBag from /home/airflow/.local/lib/python3.6/site-packages/airflow/example_dags/example_branch_python_dop_operator_3.py
[2021-07-19 00:07:51,411] {scheduler_job.py:642} INFO - DAG(s) dict_keys(['example_branch_dop_operator_v3']) retrieved from /home/airflow/.local/lib/python3.6/site-packages/airflow/example_dags/example_branch_python_dop_operator_3.py
[2021-07-19 00:07:51,442] {logging_mixin.py:104} INFO - [2021-07-19 00:07:51,442] {dag.py:1833} INFO - Sync 1 DAGs
[2021-07-19 00:07:51,493] {logging_mixin.py:104} INFO - [2021-07-19 00:07:51,493] {dag.py:2306} INFO - Setting next_dagrun for example_branch_dop_operator_v3 to 2021-07-17 00:00:00+00:00
[2021-07-19 00:07:51,545] {scheduler_job.py:189} INFO - Processing /home/airflow/.local/lib/python3.6/site-packages/airflow/example_dags/example_branch_python_dop_operator_3.py took 0.170 seconds
[2021-07-19 00:08:21,774] {scheduler_job.py:181} INFO - Started process (PID=1449) to work on /home/airflow/.local/lib/python3.6/site-packages/airflow/example_dags/example_branch_python_dop_operator_3.py
[2021-07-19 00:08:21,776] {scheduler_job.py:632} INFO - Processing file /home/airflow/.local/lib/python3.6/site-packages/airflow/example_dags/example_branch_python_dop_operator_3.py for tasks to queue
[2021-07-19 00:08:21,777] {logging_mixin.py:104} INFO - [2021-07-19 00:08:21,777] {dagbag.py:496} INFO - Filling up the DagBag from /home/airflow/.local/lib/python3.6/site-packages/airflow/example_dags/example_branch_python_dop_operator_3.py
[2021-07-19 00:08:21,795] {scheduler_job.py:642} INFO - DAG(s) dict_keys(['example_branch_dop_operator_v3']) retrieved from /home/airflow/.local/lib/python3.6/site-packages/airflow/example_dags/example_branch_python_dop_operator_3.py
[2021-07-19 00:08:21,827] {logging_mixin.py:104} INFO - [2021-07-19 00:08:21,826] {dag.py:1833} INFO - Sync 1 DAGs
[2021-07-19 00:08:21,859] {logging_mixin.py:104} INFO - [2021-07-19 00:08:21,859] {dag.py:2306} INFO - Setting next_dagrun for example_branch_dop_operator_v3 to 2021-07-17 00:00:00+00:00
[2021-07-19 00:08:21,955] {scheduler_job.py:189} INFO - Processing /home/airflow/.local/lib/python3.6/site-packages/airflow/example_dags/example_branch_python_dop_operator_3.py took 0.184 seconds
[2021-07-19 00:08:52,130] {scheduler_job.py:181} INFO - Started process (PID=1505) to work on /home/airflow/.local/lib/python3.6/site-packages/airflow/example_dags/example_branch_python_dop_operator_3.py
[2021-07-19 00:08:52,133] {scheduler_job.py:632} INFO - Processing file /home/airflow/.local/lib/python3.6/site-packages/airflow/example_dags/example_branch_python_dop_operator_3.py for tasks to queue
[2021-07-19 00:08:52,136] {logging_mixin.py:104} INFO - [2021-07-19 00:08:52,135] {dagbag.py:496} INFO - Filling up the DagBag from /home/airflow/.local/lib/python3.6/site-packages/airflow/example_dags/example_branch_python_dop_operator_3.py
[2021-07-19 00:08:52,155] {scheduler_job.py:642} INFO - DAG(s) dict_keys(['example_branch_dop_operator_v3']) retrieved from /home/airflow/.local/lib/python3.6/site-packages/airflow/example_dags/example_branch_python_dop_operator_3.py
[2021-07-19 00:08:52,188] {logging_mixin.py:104} INFO - [2021-07-19 00:08:52,188] {dag.py:1833} INFO - Sync 1 DAGs
[2021-07-19 00:08:52,224] {logging_mixin.py:104} INFO - [2021-07-19 00:08:52,224] {dag.py:2306} INFO - Setting next_dagrun for example_branch_dop_operator_v3 to 2021-07-17 00:00:00+00:00
[2021-07-19 00:08:52,400] {scheduler_job.py:189} INFO - Processing /home/airflow/.local/lib/python3.6/site-packages/airflow/example_dags/example_branch_python_dop_operator_3.py took 0.275 seconds
[2021-07-19 00:09:22,972] {scheduler_job.py:181} INFO - Started process (PID=1571) to work on /home/airflow/.local/lib/python3.6/site-packages/airflow/example_dags/example_branch_python_dop_operator_3.py
[2021-07-19 00:09:22,979] {scheduler_job.py:632} INFO - Processing file /home/airflow/.local/lib/python3.6/site-packages/airflow/example_dags/example_branch_python_dop_operator_3.py for tasks to queue
[2021-07-19 00:09:22,982] {logging_mixin.py:104} INFO - [2021-07-19 00:09:22,982] {dagbag.py:496} INFO - Filling up the DagBag from /home/airflow/.local/lib/python3.6/site-packages/airflow/example_dags/example_branch_python_dop_operator_3.py
[2021-07-19 00:09:23,010] {scheduler_job.py:642} INFO - DAG(s) dict_keys(['example_branch_dop_operator_v3']) retrieved from /home/airflow/.local/lib/python3.6/site-packages/airflow/example_dags/example_branch_python_dop_operator_3.py
[2021-07-19 00:09:23,048] {logging_mixin.py:104} INFO - [2021-07-19 00:09:23,047] {dag.py:1833} INFO - Sync 1 DAGs
[2021-07-19 00:09:23,087] {logging_mixin.py:104} INFO - [2021-07-19 00:09:23,087] {dag.py:2306} INFO - Setting next_dagrun for example_branch_dop_operator_v3 to 2021-07-17 00:00:00+00:00
[2021-07-19 00:09:23,168] {scheduler_job.py:189} INFO - Processing /home/airflow/.local/lib/python3.6/site-packages/airflow/example_dags/example_branch_python_dop_operator_3.py took 0.209 seconds
[2021-07-19 00:09:53,860] {scheduler_job.py:181} INFO - Started process (PID=1628) to work on /home/airflow/.local/lib/python3.6/site-packages/airflow/example_dags/example_branch_python_dop_operator_3.py
[2021-07-19 00:09:53,862] {scheduler_job.py:632} INFO - Processing file /home/airflow/.local/lib/python3.6/site-packages/airflow/example_dags/example_branch_python_dop_operator_3.py for tasks to queue
[2021-07-19 00:09:53,863] {logging_mixin.py:104} INFO - [2021-07-19 00:09:53,863] {dagbag.py:496} INFO - Filling up the DagBag from /home/airflow/.local/lib/python3.6/site-packages/airflow/example_dags/example_branch_python_dop_operator_3.py
[2021-07-19 00:09:53,878] {scheduler_job.py:642} INFO - DAG(s) dict_keys(['example_branch_dop_operator_v3']) retrieved from /home/airflow/.local/lib/python3.6/site-packages/airflow/example_dags/example_branch_python_dop_operator_3.py
[2021-07-19 00:09:53,904] {logging_mixin.py:104} INFO - [2021-07-19 00:09:53,904] {dag.py:1833} INFO - Sync 1 DAGs
[2021-07-19 00:09:53,960] {logging_mixin.py:104} INFO - [2021-07-19 00:09:53,960] {dag.py:2306} INFO - Setting next_dagrun for example_branch_dop_operator_v3 to 2021-07-17 00:00:00+00:00
[2021-07-19 00:09:54,053] {scheduler_job.py:189} INFO - Processing /home/airflow/.local/lib/python3.6/site-packages/airflow/example_dags/example_branch_python_dop_operator_3.py took 0.198 seconds
[2021-07-19 00:10:24,877] {scheduler_job.py:181} INFO - Started process (PID=1684) to work on /home/airflow/.local/lib/python3.6/site-packages/airflow/example_dags/example_branch_python_dop_operator_3.py
[2021-07-19 00:10:24,880] {scheduler_job.py:632} INFO - Processing file /home/airflow/.local/lib/python3.6/site-packages/airflow/example_dags/example_branch_python_dop_operator_3.py for tasks to queue
[2021-07-19 00:10:24,882] {logging_mixin.py:104} INFO - [2021-07-19 00:10:24,882] {dagbag.py:496} INFO - Filling up the DagBag from /home/airflow/.local/lib/python3.6/site-packages/airflow/example_dags/example_branch_python_dop_operator_3.py
[2021-07-19 00:10:24,906] {scheduler_job.py:642} INFO - DAG(s) dict_keys(['example_branch_dop_operator_v3']) retrieved from /home/airflow/.local/lib/python3.6/site-packages/airflow/example_dags/example_branch_python_dop_operator_3.py
[2021-07-19 00:10:24,943] {logging_mixin.py:104} INFO - [2021-07-19 00:10:24,943] {dag.py:1833} INFO - Sync 1 DAGs
[2021-07-19 00:10:24,997] {logging_mixin.py:104} INFO - [2021-07-19 00:10:24,996] {dag.py:2306} INFO - Setting next_dagrun for example_branch_dop_operator_v3 to 2021-07-17 00:00:00+00:00
[2021-07-19 00:10:25,122] {scheduler_job.py:189} INFO - Processing /home/airflow/.local/lib/python3.6/site-packages/airflow/example_dags/example_branch_python_dop_operator_3.py took 0.250 seconds
[2021-07-19 00:10:56,175] {scheduler_job.py:181} INFO - Started process (PID=1750) to work on /home/airflow/.local/lib/python3.6/site-packages/airflow/example_dags/example_branch_python_dop_operator_3.py
[2021-07-19 00:10:56,180] {scheduler_job.py:632} INFO - Processing file /home/airflow/.local/lib/python3.6/site-packages/airflow/example_dags/example_branch_python_dop_operator_3.py for tasks to queue
[2021-07-19 00:10:56,182] {logging_mixin.py:104} INFO - [2021-07-19 00:10:56,182] {dagbag.py:496} INFO - Filling up the DagBag from /home/airflow/.local/lib/python3.6/site-packages/airflow/example_dags/example_branch_python_dop_operator_3.py
[2021-07-19 00:10:56,205] {scheduler_job.py:642} INFO - DAG(s) dict_keys(['example_branch_dop_operator_v3']) retrieved from /home/airflow/.local/lib/python3.6/site-packages/airflow/example_dags/example_branch_python_dop_operator_3.py
[2021-07-19 00:10:56,232] {logging_mixin.py:104} INFO - [2021-07-19 00:10:56,232] {dag.py:1833} INFO - Sync 1 DAGs
[2021-07-19 00:10:56,263] {logging_mixin.py:104} INFO - [2021-07-19 00:10:56,263] {dag.py:2306} INFO - Setting next_dagrun for example_branch_dop_operator_v3 to 2021-07-17 00:00:00+00:00
[2021-07-19 00:10:56,724] {scheduler_job.py:189} INFO - Processing /home/airflow/.local/lib/python3.6/site-packages/airflow/example_dags/example_branch_python_dop_operator_3.py took 0.559 seconds
[2021-07-19 00:11:27,245] {scheduler_job.py:181} INFO - Started process (PID=1807) to work on /home/airflow/.local/lib/python3.6/site-packages/airflow/example_dags/example_branch_python_dop_operator_3.py
[2021-07-19 00:11:27,248] {scheduler_job.py:632} INFO - Processing file /home/airflow/.local/lib/python3.6/site-packages/airflow/example_dags/example_branch_python_dop_operator_3.py for tasks to queue
[2021-07-19 00:11:27,250] {logging_mixin.py:104} INFO - [2021-07-19 00:11:27,250] {dagbag.py:496} INFO - Filling up the DagBag from /home/airflow/.local/lib/python3.6/site-packages/airflow/example_dags/example_branch_python_dop_operator_3.py
[2021-07-19 00:11:27,278] {scheduler_job.py:642} INFO - DAG(s) dict_keys(['example_branch_dop_operator_v3']) retrieved from /home/airflow/.local/lib/python3.6/site-packages/airflow/example_dags/example_branch_python_dop_operator_3.py
[2021-07-19 00:11:27,302] {logging_mixin.py:104} INFO - [2021-07-19 00:11:27,302] {dag.py:1833} INFO - Sync 1 DAGs
[2021-07-19 00:11:27,334] {logging_mixin.py:104} INFO - [2021-07-19 00:11:27,333] {dag.py:2306} INFO - Setting next_dagrun for example_branch_dop_operator_v3 to 2021-07-17 00:00:00+00:00
[2021-07-19 00:11:27,445] {scheduler_job.py:189} INFO - Processing /home/airflow/.local/lib/python3.6/site-packages/airflow/example_dags/example_branch_python_dop_operator_3.py took 0.206 seconds
[2021-07-19 00:11:58,088] {scheduler_job.py:181} INFO - Started process (PID=1866) to work on /home/airflow/.local/lib/python3.6/site-packages/airflow/example_dags/example_branch_python_dop_operator_3.py
[2021-07-19 00:11:58,095] {scheduler_job.py:632} INFO - Processing file /home/airflow/.local/lib/python3.6/site-packages/airflow/example_dags/example_branch_python_dop_operator_3.py for tasks to queue
[2021-07-19 00:11:58,099] {logging_mixin.py:104} INFO - [2021-07-19 00:11:58,098] {dagbag.py:496} INFO - Filling up the DagBag from /home/airflow/.local/lib/python3.6/site-packages/airflow/example_dags/example_branch_python_dop_operator_3.py
[2021-07-19 00:11:58,130] {scheduler_job.py:642} INFO - DAG(s) dict_keys(['example_branch_dop_operator_v3']) retrieved from /home/airflow/.local/lib/python3.6/site-packages/airflow/example_dags/example_branch_python_dop_operator_3.py
[2021-07-19 00:11:58,161] {logging_mixin.py:104} INFO - [2021-07-19 00:11:58,160] {dag.py:1833} INFO - Sync 1 DAGs
[2021-07-19 00:11:58,202] {logging_mixin.py:104} INFO - [2021-07-19 00:11:58,202] {dag.py:2306} INFO - Setting next_dagrun for example_branch_dop_operator_v3 to 2021-07-17 00:00:00+00:00
[2021-07-19 00:11:58,288] {scheduler_job.py:189} INFO - Processing /home/airflow/.local/lib/python3.6/site-packages/airflow/example_dags/example_branch_python_dop_operator_3.py took 0.226 seconds
[2021-07-19 00:12:28,940] {scheduler_job.py:181} INFO - Started process (PID=1932) to work on /home/airflow/.local/lib/python3.6/site-packages/airflow/example_dags/example_branch_python_dop_operator_3.py
[2021-07-19 00:12:28,941] {scheduler_job.py:632} INFO - Processing file /home/airflow/.local/lib/python3.6/site-packages/airflow/example_dags/example_branch_python_dop_operator_3.py for tasks to queue
[2021-07-19 00:12:28,943] {logging_mixin.py:104} INFO - [2021-07-19 00:12:28,942] {dagbag.py:496} INFO - Filling up the DagBag from /home/airflow/.local/lib/python3.6/site-packages/airflow/example_dags/example_branch_python_dop_operator_3.py
[2021-07-19 00:12:28,963] {scheduler_job.py:642} INFO - DAG(s) dict_keys(['example_branch_dop_operator_v3']) retrieved from /home/airflow/.local/lib/python3.6/site-packages/airflow/example_dags/example_branch_python_dop_operator_3.py
[2021-07-19 00:12:28,994] {logging_mixin.py:104} INFO - [2021-07-19 00:12:28,994] {dag.py:1833} INFO - Sync 1 DAGs
[2021-07-19 00:12:29,038] {logging_mixin.py:104} INFO - [2021-07-19 00:12:29,037] {dag.py:2306} INFO - Setting next_dagrun for example_branch_dop_operator_v3 to 2021-07-17 00:00:00+00:00
[2021-07-19 00:12:29,449] {scheduler_job.py:189} INFO - Processing /home/airflow/.local/lib/python3.6/site-packages/airflow/example_dags/example_branch_python_dop_operator_3.py took 0.513 seconds
[2021-07-19 00:12:59,644] {scheduler_job.py:181} INFO - Started process (PID=1990) to work on /home/airflow/.local/lib/python3.6/site-packages/airflow/example_dags/example_branch_python_dop_operator_3.py
[2021-07-19 00:12:59,649] {scheduler_job.py:632} INFO - Processing file /home/airflow/.local/lib/python3.6/site-packages/airflow/example_dags/example_branch_python_dop_operator_3.py for tasks to queue
[2021-07-19 00:12:59,651] {logging_mixin.py:104} INFO - [2021-07-19 00:12:59,651] {dagbag.py:496} INFO - Filling up the DagBag from /home/airflow/.local/lib/python3.6/site-packages/airflow/example_dags/example_branch_python_dop_operator_3.py
[2021-07-19 00:12:59,701] {scheduler_job.py:642} INFO - DAG(s) dict_keys(['example_branch_dop_operator_v3']) retrieved from /home/airflow/.local/lib/python3.6/site-packages/airflow/example_dags/example_branch_python_dop_operator_3.py
[2021-07-19 00:12:59,797] {logging_mixin.py:104} INFO - [2021-07-19 00:12:59,797] {dag.py:1833} INFO - Sync 1 DAGs
[2021-07-19 00:12:59,872] {logging_mixin.py:104} INFO - [2021-07-19 00:12:59,872] {dag.py:2306} INFO - Setting next_dagrun for example_branch_dop_operator_v3 to 2021-07-17 00:00:00+00:00
[2021-07-19 00:13:00,153] {scheduler_job.py:189} INFO - Processing /home/airflow/.local/lib/python3.6/site-packages/airflow/example_dags/example_branch_python_dop_operator_3.py took 0.517 seconds
[2021-07-19 00:13:30,526] {scheduler_job.py:181} INFO - Started process (PID=2051) to work on /home/airflow/.local/lib/python3.6/site-packages/airflow/example_dags/example_branch_python_dop_operator_3.py
[2021-07-19 00:13:30,529] {scheduler_job.py:632} INFO - Processing file /home/airflow/.local/lib/python3.6/site-packages/airflow/example_dags/example_branch_python_dop_operator_3.py for tasks to queue
[2021-07-19 00:13:30,530] {logging_mixin.py:104} INFO - [2021-07-19 00:13:30,530] {dagbag.py:496} INFO - Filling up the DagBag from /home/airflow/.local/lib/python3.6/site-packages/airflow/example_dags/example_branch_python_dop_operator_3.py
[2021-07-19 00:13:30,555] {scheduler_job.py:642} INFO - DAG(s) dict_keys(['example_branch_dop_operator_v3']) retrieved from /home/airflow/.local/lib/python3.6/site-packages/airflow/example_dags/example_branch_python_dop_operator_3.py
[2021-07-19 00:13:30,585] {logging_mixin.py:104} INFO - [2021-07-19 00:13:30,585] {dag.py:1833} INFO - Sync 1 DAGs
[2021-07-19 00:13:30,637] {logging_mixin.py:104} INFO - [2021-07-19 00:13:30,637] {dag.py:2306} INFO - Setting next_dagrun for example_branch_dop_operator_v3 to 2021-07-17 00:00:00+00:00
[2021-07-19 00:13:30,726] {scheduler_job.py:189} INFO - Processing /home/airflow/.local/lib/python3.6/site-packages/airflow/example_dags/example_branch_python_dop_operator_3.py took 0.208 seconds
[2021-07-19 00:14:08,291] {scheduler_job.py:181} INFO - Started process (PID=2120) to work on /home/airflow/.local/lib/python3.6/site-packages/airflow/example_dags/example_branch_python_dop_operator_3.py
[2021-07-19 00:14:08,302] {scheduler_job.py:632} INFO - Processing file /home/airflow/.local/lib/python3.6/site-packages/airflow/example_dags/example_branch_python_dop_operator_3.py for tasks to queue
[2021-07-19 00:14:08,305] {logging_mixin.py:104} INFO - [2021-07-19 00:14:08,305] {dagbag.py:496} INFO - Filling up the DagBag from /home/airflow/.local/lib/python3.6/site-packages/airflow/example_dags/example_branch_python_dop_operator_3.py
[2021-07-19 00:14:08,352] {scheduler_job.py:642} INFO - DAG(s) dict_keys(['example_branch_dop_operator_v3']) retrieved from /home/airflow/.local/lib/python3.6/site-packages/airflow/example_dags/example_branch_python_dop_operator_3.py
[2021-07-19 00:14:08,401] {logging_mixin.py:104} INFO - [2021-07-19 00:14:08,401] {dag.py:1833} INFO - Sync 1 DAGs
[2021-07-19 00:14:08,443] {logging_mixin.py:104} INFO - [2021-07-19 00:14:08,443] {dag.py:2306} INFO - Setting next_dagrun for example_branch_dop_operator_v3 to 2021-07-17 00:00:00+00:00
[2021-07-19 00:14:08,620] {scheduler_job.py:189} INFO - Processing /home/airflow/.local/lib/python3.6/site-packages/airflow/example_dags/example_branch_python_dop_operator_3.py took 0.334 seconds
[2021-07-19 00:14:38,832] {scheduler_job.py:181} INFO - Started process (PID=2177) to work on /home/airflow/.local/lib/python3.6/site-packages/airflow/example_dags/example_branch_python_dop_operator_3.py
[2021-07-19 00:14:39,137] {scheduler_job.py:632} INFO - Processing file /home/airflow/.local/lib/python3.6/site-packages/airflow/example_dags/example_branch_python_dop_operator_3.py for tasks to queue
[2021-07-19 00:14:39,138] {logging_mixin.py:104} INFO - [2021-07-19 00:14:39,138] {dagbag.py:496} INFO - Filling up the DagBag from /home/airflow/.local/lib/python3.6/site-packages/airflow/example_dags/example_branch_python_dop_operator_3.py
[2021-07-19 00:14:39,179] {scheduler_job.py:642} INFO - DAG(s) dict_keys(['example_branch_dop_operator_v3']) retrieved from /home/airflow/.local/lib/python3.6/site-packages/airflow/example_dags/example_branch_python_dop_operator_3.py
[2021-07-19 00:14:39,238] {logging_mixin.py:104} INFO - [2021-07-19 00:14:39,238] {dag.py:1833} INFO - Sync 1 DAGs
[2021-07-19 00:14:39,326] {logging_mixin.py:104} INFO - [2021-07-19 00:14:39,325] {dag.py:2306} INFO - Setting next_dagrun for example_branch_dop_operator_v3 to 2021-07-17 00:00:00+00:00
[2021-07-19 00:14:39,816] {scheduler_job.py:189} INFO - Processing /home/airflow/.local/lib/python3.6/site-packages/airflow/example_dags/example_branch_python_dop_operator_3.py took 0.989 seconds
[2021-07-19 00:15:09,978] {scheduler_job.py:181} INFO - Started process (PID=2234) to work on /home/airflow/.local/lib/python3.6/site-packages/airflow/example_dags/example_branch_python_dop_operator_3.py
[2021-07-19 00:15:09,980] {scheduler_job.py:632} INFO - Processing file /home/airflow/.local/lib/python3.6/site-packages/airflow/example_dags/example_branch_python_dop_operator_3.py for tasks to queue
[2021-07-19 00:15:09,982] {logging_mixin.py:104} INFO - [2021-07-19 00:15:09,982] {dagbag.py:496} INFO - Filling up the DagBag from /home/airflow/.local/lib/python3.6/site-packages/airflow/example_dags/example_branch_python_dop_operator_3.py
[2021-07-19 00:15:10,000] {scheduler_job.py:642} INFO - DAG(s) dict_keys(['example_branch_dop_operator_v3']) retrieved from /home/airflow/.local/lib/python3.6/site-packages/airflow/example_dags/example_branch_python_dop_operator_3.py
[2021-07-19 00:15:10,027] {logging_mixin.py:104} INFO - [2021-07-19 00:15:10,027] {dag.py:1833} INFO - Sync 1 DAGs
[2021-07-19 00:15:10,058] {logging_mixin.py:104} INFO - [2021-07-19 00:15:10,057] {dag.py:2306} INFO - Setting next_dagrun for example_branch_dop_operator_v3 to 2021-07-17 00:00:00+00:00
[2021-07-19 00:15:10,104] {scheduler_job.py:189} INFO - Processing /home/airflow/.local/lib/python3.6/site-packages/airflow/example_dags/example_branch_python_dop_operator_3.py took 0.131 seconds
[2021-07-19 00:15:40,176] {scheduler_job.py:181} INFO - Started process (PID=2296) to work on /home/airflow/.local/lib/python3.6/site-packages/airflow/example_dags/example_branch_python_dop_operator_3.py
[2021-07-19 00:15:40,178] {scheduler_job.py:632} INFO - Processing file /home/airflow/.local/lib/python3.6/site-packages/airflow/example_dags/example_branch_python_dop_operator_3.py for tasks to queue
[2021-07-19 00:15:40,179] {logging_mixin.py:104} INFO - [2021-07-19 00:15:40,178] {dagbag.py:496} INFO - Filling up the DagBag from /home/airflow/.local/lib/python3.6/site-packages/airflow/example_dags/example_branch_python_dop_operator_3.py
[2021-07-19 00:15:40,196] {scheduler_job.py:642} INFO - DAG(s) dict_keys(['example_branch_dop_operator_v3']) retrieved from /home/airflow/.local/lib/python3.6/site-packages/airflow/example_dags/example_branch_python_dop_operator_3.py
[2021-07-19 00:15:40,221] {logging_mixin.py:104} INFO - [2021-07-19 00:15:40,221] {dag.py:1833} INFO - Sync 1 DAGs
[2021-07-19 00:15:40,257] {logging_mixin.py:104} INFO - [2021-07-19 00:15:40,257] {dag.py:2306} INFO - Setting next_dagrun for example_branch_dop_operator_v3 to 2021-07-17 00:00:00+00:00
[2021-07-19 00:15:40,323] {scheduler_job.py:189} INFO - Processing /home/airflow/.local/lib/python3.6/site-packages/airflow/example_dags/example_branch_python_dop_operator_3.py took 0.151 seconds
[2021-07-19 00:16:10,450] {scheduler_job.py:181} INFO - Started process (PID=2356) to work on /home/airflow/.local/lib/python3.6/site-packages/airflow/example_dags/example_branch_python_dop_operator_3.py
[2021-07-19 00:16:10,452] {scheduler_job.py:632} INFO - Processing file /home/airflow/.local/lib/python3.6/site-packages/airflow/example_dags/example_branch_python_dop_operator_3.py for tasks to queue
[2021-07-19 00:16:10,454] {logging_mixin.py:104} INFO - [2021-07-19 00:16:10,453] {dagbag.py:496} INFO - Filling up the DagBag from /home/airflow/.local/lib/python3.6/site-packages/airflow/example_dags/example_branch_python_dop_operator_3.py
[2021-07-19 00:16:10,472] {scheduler_job.py:642} INFO - DAG(s) dict_keys(['example_branch_dop_operator_v3']) retrieved from /home/airflow/.local/lib/python3.6/site-packages/airflow/example_dags/example_branch_python_dop_operator_3.py
[2021-07-19 00:16:10,498] {logging_mixin.py:104} INFO - [2021-07-19 00:16:10,498] {dag.py:1833} INFO - Sync 1 DAGs
[2021-07-19 00:16:10,530] {logging_mixin.py:104} INFO - [2021-07-19 00:16:10,530] {dag.py:2306} INFO - Setting next_dagrun for example_branch_dop_operator_v3 to 2021-07-17 00:00:00+00:00
[2021-07-19 00:16:10,602] {scheduler_job.py:189} INFO - Processing /home/airflow/.local/lib/python3.6/site-packages/airflow/example_dags/example_branch_python_dop_operator_3.py took 0.157 seconds
[2021-07-19 00:16:40,671] {scheduler_job.py:181} INFO - Started process (PID=2413) to work on /home/airflow/.local/lib/python3.6/site-packages/airflow/example_dags/example_branch_python_dop_operator_3.py
[2021-07-19 00:16:40,673] {scheduler_job.py:632} INFO - Processing file /home/airflow/.local/lib/python3.6/site-packages/airflow/example_dags/example_branch_python_dop_operator_3.py for tasks to queue
[2021-07-19 00:16:40,674] {logging_mixin.py:104} INFO - [2021-07-19 00:16:40,674] {dagbag.py:496} INFO - Filling up the DagBag from /home/airflow/.local/lib/python3.6/site-packages/airflow/example_dags/example_branch_python_dop_operator_3.py
[2021-07-19 00:16:40,697] {scheduler_job.py:642} INFO - DAG(s) dict_keys(['example_branch_dop_operator_v3']) retrieved from /home/airflow/.local/lib/python3.6/site-packages/airflow/example_dags/example_branch_python_dop_operator_3.py
[2021-07-19 00:16:40,730] {logging_mixin.py:104} INFO - [2021-07-19 00:16:40,730] {dag.py:1833} INFO - Sync 1 DAGs
[2021-07-19 00:16:40,771] {logging_mixin.py:104} INFO - [2021-07-19 00:16:40,770] {dag.py:2306} INFO - Setting next_dagrun for example_branch_dop_operator_v3 to 2021-07-17 00:00:00+00:00
[2021-07-19 00:16:41,308] {scheduler_job.py:189} INFO - Processing /home/airflow/.local/lib/python3.6/site-packages/airflow/example_dags/example_branch_python_dop_operator_3.py took 0.644 seconds
[2021-07-19 00:17:11,441] {scheduler_job.py:181} INFO - Started process (PID=2481) to work on /home/airflow/.local/lib/python3.6/site-packages/airflow/example_dags/example_branch_python_dop_operator_3.py
[2021-07-19 00:17:11,444] {scheduler_job.py:632} INFO - Processing file /home/airflow/.local/lib/python3.6/site-packages/airflow/example_dags/example_branch_python_dop_operator_3.py for tasks to queue
[2021-07-19 00:17:11,446] {logging_mixin.py:104} INFO - [2021-07-19 00:17:11,446] {dagbag.py:496} INFO - Filling up the DagBag from /home/airflow/.local/lib/python3.6/site-packages/airflow/example_dags/example_branch_python_dop_operator_3.py
[2021-07-19 00:17:11,468] {scheduler_job.py:642} INFO - DAG(s) dict_keys(['example_branch_dop_operator_v3']) retrieved from /home/airflow/.local/lib/python3.6/site-packages/airflow/example_dags/example_branch_python_dop_operator_3.py
[2021-07-19 00:17:11,498] {logging_mixin.py:104} INFO - [2021-07-19 00:17:11,498] {dag.py:1833} INFO - Sync 1 DAGs
[2021-07-19 00:17:11,546] {logging_mixin.py:104} INFO - [2021-07-19 00:17:11,546] {dag.py:2306} INFO - Setting next_dagrun for example_branch_dop_operator_v3 to 2021-07-17 00:00:00+00:00
[2021-07-19 00:17:12,153] {scheduler_job.py:189} INFO - Processing /home/airflow/.local/lib/python3.6/site-packages/airflow/example_dags/example_branch_python_dop_operator_3.py took 0.717 seconds
[2021-07-19 00:17:42,506] {scheduler_job.py:181} INFO - Started process (PID=2539) to work on /home/airflow/.local/lib/python3.6/site-packages/airflow/example_dags/example_branch_python_dop_operator_3.py
[2021-07-19 00:17:42,508] {scheduler_job.py:632} INFO - Processing file /home/airflow/.local/lib/python3.6/site-packages/airflow/example_dags/example_branch_python_dop_operator_3.py for tasks to queue
[2021-07-19 00:17:42,509] {logging_mixin.py:104} INFO - [2021-07-19 00:17:42,509] {dagbag.py:496} INFO - Filling up the DagBag from /home/airflow/.local/lib/python3.6/site-packages/airflow/example_dags/example_branch_python_dop_operator_3.py
[2021-07-19 00:17:42,528] {scheduler_job.py:642} INFO - DAG(s) dict_keys(['example_branch_dop_operator_v3']) retrieved from /home/airflow/.local/lib/python3.6/site-packages/airflow/example_dags/example_branch_python_dop_operator_3.py
[2021-07-19 00:17:42,557] {logging_mixin.py:104} INFO - [2021-07-19 00:17:42,557] {dag.py:1833} INFO - Sync 1 DAGs
[2021-07-19 00:17:42,592] {logging_mixin.py:104} INFO - [2021-07-19 00:17:42,592] {dag.py:2306} INFO - Setting next_dagrun for example_branch_dop_operator_v3 to 2021-07-17 00:00:00+00:00
[2021-07-19 00:17:42,823] {scheduler_job.py:189} INFO - Processing /home/airflow/.local/lib/python3.6/site-packages/airflow/example_dags/example_branch_python_dop_operator_3.py took 0.320 seconds
[2021-07-19 00:18:13,462] {scheduler_job.py:181} INFO - Started process (PID=2596) to work on /home/airflow/.local/lib/python3.6/site-packages/airflow/example_dags/example_branch_python_dop_operator_3.py
[2021-07-19 00:18:13,560] {scheduler_job.py:632} INFO - Processing file /home/airflow/.local/lib/python3.6/site-packages/airflow/example_dags/example_branch_python_dop_operator_3.py for tasks to queue
[2021-07-19 00:18:13,563] {logging_mixin.py:104} INFO - [2021-07-19 00:18:13,562] {dagbag.py:496} INFO - Filling up the DagBag from /home/airflow/.local/lib/python3.6/site-packages/airflow/example_dags/example_branch_python_dop_operator_3.py
[2021-07-19 00:18:13,593] {scheduler_job.py:642} INFO - DAG(s) dict_keys(['example_branch_dop_operator_v3']) retrieved from /home/airflow/.local/lib/python3.6/site-packages/airflow/example_dags/example_branch_python_dop_operator_3.py
[2021-07-19 00:18:13,631] {logging_mixin.py:104} INFO - [2021-07-19 00:18:13,631] {dag.py:1833} INFO - Sync 1 DAGs
[2021-07-19 00:18:13,670] {logging_mixin.py:104} INFO - [2021-07-19 00:18:13,670] {dag.py:2306} INFO - Setting next_dagrun for example_branch_dop_operator_v3 to 2021-07-17 00:00:00+00:00
[2021-07-19 00:18:13,837] {scheduler_job.py:189} INFO - Processing /home/airflow/.local/lib/python3.6/site-packages/airflow/example_dags/example_branch_python_dop_operator_3.py took 0.378 seconds
[2021-07-19 00:18:44,357] {scheduler_job.py:181} INFO - Started process (PID=2652) to work on /home/airflow/.local/lib/python3.6/site-packages/airflow/example_dags/example_branch_python_dop_operator_3.py
[2021-07-19 00:18:44,582] {scheduler_job.py:632} INFO - Processing file /home/airflow/.local/lib/python3.6/site-packages/airflow/example_dags/example_branch_python_dop_operator_3.py for tasks to queue
[2021-07-19 00:18:44,588] {logging_mixin.py:104} INFO - [2021-07-19 00:18:44,587] {dagbag.py:496} INFO - Filling up the DagBag from /home/airflow/.local/lib/python3.6/site-packages/airflow/example_dags/example_branch_python_dop_operator_3.py
[2021-07-19 00:18:44,653] {scheduler_job.py:642} INFO - DAG(s) dict_keys(['example_branch_dop_operator_v3']) retrieved from /home/airflow/.local/lib/python3.6/site-packages/airflow/example_dags/example_branch_python_dop_operator_3.py
[2021-07-19 00:18:44,738] {logging_mixin.py:104} INFO - [2021-07-19 00:18:44,737] {dag.py:1833} INFO - Sync 1 DAGs
[2021-07-19 00:18:44,781] {logging_mixin.py:104} INFO - [2021-07-19 00:18:44,781] {dag.py:2306} INFO - Setting next_dagrun for example_branch_dop_operator_v3 to 2021-07-17 00:00:00+00:00
[2021-07-19 00:18:45,247] {scheduler_job.py:189} INFO - Processing /home/airflow/.local/lib/python3.6/site-packages/airflow/example_dags/example_branch_python_dop_operator_3.py took 0.894 seconds
[2021-07-19 00:19:15,370] {scheduler_job.py:181} INFO - Started process (PID=2707) to work on /home/airflow/.local/lib/python3.6/site-packages/airflow/example_dags/example_branch_python_dop_operator_3.py
[2021-07-19 00:19:15,404] {scheduler_job.py:632} INFO - Processing file /home/airflow/.local/lib/python3.6/site-packages/airflow/example_dags/example_branch_python_dop_operator_3.py for tasks to queue
[2021-07-19 00:19:15,405] {logging_mixin.py:104} INFO - [2021-07-19 00:19:15,405] {dagbag.py:496} INFO - Filling up the DagBag from /home/airflow/.local/lib/python3.6/site-packages/airflow/example_dags/example_branch_python_dop_operator_3.py
[2021-07-19 00:19:15,424] {scheduler_job.py:642} INFO - DAG(s) dict_keys(['example_branch_dop_operator_v3']) retrieved from /home/airflow/.local/lib/python3.6/site-packages/airflow/example_dags/example_branch_python_dop_operator_3.py
[2021-07-19 00:19:15,452] {logging_mixin.py:104} INFO - [2021-07-19 00:19:15,452] {dag.py:1833} INFO - Sync 1 DAGs
[2021-07-19 00:19:15,485] {logging_mixin.py:104} INFO - [2021-07-19 00:19:15,485] {dag.py:2306} INFO - Setting next_dagrun for example_branch_dop_operator_v3 to 2021-07-17 00:00:00+00:00
[2021-07-19 00:19:15,749] {scheduler_job.py:189} INFO - Processing /home/airflow/.local/lib/python3.6/site-packages/airflow/example_dags/example_branch_python_dop_operator_3.py took 0.384 seconds
[2021-07-19 00:19:46,406] {scheduler_job.py:181} INFO - Started process (PID=2764) to work on /home/airflow/.local/lib/python3.6/site-packages/airflow/example_dags/example_branch_python_dop_operator_3.py
[2021-07-19 00:19:46,409] {scheduler_job.py:632} INFO - Processing file /home/airflow/.local/lib/python3.6/site-packages/airflow/example_dags/example_branch_python_dop_operator_3.py for tasks to queue
[2021-07-19 00:19:46,411] {logging_mixin.py:104} INFO - [2021-07-19 00:19:46,410] {dagbag.py:496} INFO - Filling up the DagBag from /home/airflow/.local/lib/python3.6/site-packages/airflow/example_dags/example_branch_python_dop_operator_3.py
[2021-07-19 00:19:46,430] {scheduler_job.py:642} INFO - DAG(s) dict_keys(['example_branch_dop_operator_v3']) retrieved from /home/airflow/.local/lib/python3.6/site-packages/airflow/example_dags/example_branch_python_dop_operator_3.py
[2021-07-19 00:19:46,454] {logging_mixin.py:104} INFO - [2021-07-19 00:19:46,454] {dag.py:1833} INFO - Sync 1 DAGs
[2021-07-19 00:19:46,488] {logging_mixin.py:104} INFO - [2021-07-19 00:19:46,488] {dag.py:2306} INFO - Setting next_dagrun for example_branch_dop_operator_v3 to 2021-07-17 00:00:00+00:00
[2021-07-19 00:19:47,042] {scheduler_job.py:189} INFO - Processing /home/airflow/.local/lib/python3.6/site-packages/airflow/example_dags/example_branch_python_dop_operator_3.py took 0.641 seconds
[2021-07-19 00:20:19,615] {scheduler_job.py:181} INFO - Started process (PID=2832) to work on /home/airflow/.local/lib/python3.6/site-packages/airflow/example_dags/example_branch_python_dop_operator_3.py
[2021-07-19 00:20:19,618] {scheduler_job.py:632} INFO - Processing file /home/airflow/.local/lib/python3.6/site-packages/airflow/example_dags/example_branch_python_dop_operator_3.py for tasks to queue
[2021-07-19 00:20:19,620] {logging_mixin.py:104} INFO - [2021-07-19 00:20:19,619] {dagbag.py:496} INFO - Filling up the DagBag from /home/airflow/.local/lib/python3.6/site-packages/airflow/example_dags/example_branch_python_dop_operator_3.py
[2021-07-19 00:20:19,643] {scheduler_job.py:642} INFO - DAG(s) dict_keys(['example_branch_dop_operator_v3']) retrieved from /home/airflow/.local/lib/python3.6/site-packages/airflow/example_dags/example_branch_python_dop_operator_3.py
[2021-07-19 00:20:19,674] {logging_mixin.py:104} INFO - [2021-07-19 00:20:19,674] {dag.py:1833} INFO - Sync 1 DAGs
[2021-07-19 00:20:19,718] {logging_mixin.py:104} INFO - [2021-07-19 00:20:19,718] {dag.py:2306} INFO - Setting next_dagrun for example_branch_dop_operator_v3 to 2021-07-17 00:00:00+00:00
[2021-07-19 00:20:19,961] {scheduler_job.py:189} INFO - Processing /home/airflow/.local/lib/python3.6/site-packages/airflow/example_dags/example_branch_python_dop_operator_3.py took 0.352 seconds
[2021-07-19 00:20:50,948] {scheduler_job.py:181} INFO - Started process (PID=2890) to work on /home/airflow/.local/lib/python3.6/site-packages/airflow/example_dags/example_branch_python_dop_operator_3.py
[2021-07-19 00:20:50,951] {scheduler_job.py:632} INFO - Processing file /home/airflow/.local/lib/python3.6/site-packages/airflow/example_dags/example_branch_python_dop_operator_3.py for tasks to queue
[2021-07-19 00:20:50,952] {logging_mixin.py:104} INFO - [2021-07-19 00:20:50,952] {dagbag.py:496} INFO - Filling up the DagBag from /home/airflow/.local/lib/python3.6/site-packages/airflow/example_dags/example_branch_python_dop_operator_3.py
[2021-07-19 00:20:50,990] {scheduler_job.py:642} INFO - DAG(s) dict_keys(['example_branch_dop_operator_v3']) retrieved from /home/airflow/.local/lib/python3.6/site-packages/airflow/example_dags/example_branch_python_dop_operator_3.py
[2021-07-19 00:20:51,026] {logging_mixin.py:104} INFO - [2021-07-19 00:20:51,025] {dag.py:1833} INFO - Sync 1 DAGs
[2021-07-19 00:20:51,070] {logging_mixin.py:104} INFO - [2021-07-19 00:20:51,070] {dag.py:2306} INFO - Setting next_dagrun for example_branch_dop_operator_v3 to 2021-07-17 00:00:00+00:00
[2021-07-19 00:20:51,318] {scheduler_job.py:189} INFO - Processing /home/airflow/.local/lib/python3.6/site-packages/airflow/example_dags/example_branch_python_dop_operator_3.py took 0.375 seconds
[2021-07-19 00:21:23,084] {scheduler_job.py:181} INFO - Started process (PID=2946) to work on /home/airflow/.local/lib/python3.6/site-packages/airflow/example_dags/example_branch_python_dop_operator_3.py
[2021-07-19 00:21:23,086] {scheduler_job.py:632} INFO - Processing file /home/airflow/.local/lib/python3.6/site-packages/airflow/example_dags/example_branch_python_dop_operator_3.py for tasks to queue
[2021-07-19 00:21:23,088] {logging_mixin.py:104} INFO - [2021-07-19 00:21:23,088] {dagbag.py:496} INFO - Filling up the DagBag from /home/airflow/.local/lib/python3.6/site-packages/airflow/example_dags/example_branch_python_dop_operator_3.py
[2021-07-19 00:21:23,106] {scheduler_job.py:642} INFO - DAG(s) dict_keys(['example_branch_dop_operator_v3']) retrieved from /home/airflow/.local/lib/python3.6/site-packages/airflow/example_dags/example_branch_python_dop_operator_3.py
[2021-07-19 00:21:23,132] {logging_mixin.py:104} INFO - [2021-07-19 00:21:23,132] {dag.py:1833} INFO - Sync 1 DAGs
[2021-07-19 00:21:23,167] {logging_mixin.py:104} INFO - [2021-07-19 00:21:23,167] {dag.py:2306} INFO - Setting next_dagrun for example_branch_dop_operator_v3 to 2021-07-17 00:00:00+00:00
[2021-07-19 00:21:23,952] {scheduler_job.py:189} INFO - Processing /home/airflow/.local/lib/python3.6/site-packages/airflow/example_dags/example_branch_python_dop_operator_3.py took 0.873 seconds
[2021-07-19 00:21:54,334] {scheduler_job.py:181} INFO - Started process (PID=3002) to work on /home/airflow/.local/lib/python3.6/site-packages/airflow/example_dags/example_branch_python_dop_operator_3.py
[2021-07-19 00:21:54,336] {scheduler_job.py:632} INFO - Processing file /home/airflow/.local/lib/python3.6/site-packages/airflow/example_dags/example_branch_python_dop_operator_3.py for tasks to queue
[2021-07-19 00:21:54,337] {logging_mixin.py:104} INFO - [2021-07-19 00:21:54,337] {dagbag.py:496} INFO - Filling up the DagBag from /home/airflow/.local/lib/python3.6/site-packages/airflow/example_dags/example_branch_python_dop_operator_3.py
[2021-07-19 00:21:54,370] {scheduler_job.py:642} INFO - DAG(s) dict_keys(['example_branch_dop_operator_v3']) retrieved from /home/airflow/.local/lib/python3.6/site-packages/airflow/example_dags/example_branch_python_dop_operator_3.py
[2021-07-19 00:21:54,418] {logging_mixin.py:104} INFO - [2021-07-19 00:21:54,418] {dag.py:1833} INFO - Sync 1 DAGs
[2021-07-19 00:21:54,457] {logging_mixin.py:104} INFO - [2021-07-19 00:21:54,457] {dag.py:2306} INFO - Setting next_dagrun for example_branch_dop_operator_v3 to 2021-07-17 00:00:00+00:00
[2021-07-19 00:21:54,718] {scheduler_job.py:189} INFO - Processing /home/airflow/.local/lib/python3.6/site-packages/airflow/example_dags/example_branch_python_dop_operator_3.py took 0.389 seconds
[2021-07-19 00:22:26,436] {scheduler_job.py:181} INFO - Started process (PID=3069) to work on /home/airflow/.local/lib/python3.6/site-packages/airflow/example_dags/example_branch_python_dop_operator_3.py
[2021-07-19 00:22:26,438] {scheduler_job.py:632} INFO - Processing file /home/airflow/.local/lib/python3.6/site-packages/airflow/example_dags/example_branch_python_dop_operator_3.py for tasks to queue
[2021-07-19 00:22:26,439] {logging_mixin.py:104} INFO - [2021-07-19 00:22:26,439] {dagbag.py:496} INFO - Filling up the DagBag from /home/airflow/.local/lib/python3.6/site-packages/airflow/example_dags/example_branch_python_dop_operator_3.py
[2021-07-19 00:22:26,460] {scheduler_job.py:642} INFO - DAG(s) dict_keys(['example_branch_dop_operator_v3']) retrieved from /home/airflow/.local/lib/python3.6/site-packages/airflow/example_dags/example_branch_python_dop_operator_3.py
[2021-07-19 00:22:26,489] {logging_mixin.py:104} INFO - [2021-07-19 00:22:26,488] {dag.py:1833} INFO - Sync 1 DAGs
[2021-07-19 00:22:26,526] {logging_mixin.py:104} INFO - [2021-07-19 00:22:26,526] {dag.py:2306} INFO - Setting next_dagrun for example_branch_dop_operator_v3 to 2021-07-17 00:00:00+00:00
[2021-07-19 00:22:26,726] {scheduler_job.py:189} INFO - Processing /home/airflow/.local/lib/python3.6/site-packages/airflow/example_dags/example_branch_python_dop_operator_3.py took 0.294 seconds
[2021-07-19 00:22:57,475] {scheduler_job.py:181} INFO - Started process (PID=3126) to work on /home/airflow/.local/lib/python3.6/site-packages/airflow/example_dags/example_branch_python_dop_operator_3.py
[2021-07-19 00:22:57,479] {scheduler_job.py:632} INFO - Processing file /home/airflow/.local/lib/python3.6/site-packages/airflow/example_dags/example_branch_python_dop_operator_3.py for tasks to queue
[2021-07-19 00:22:57,480] {logging_mixin.py:104} INFO - [2021-07-19 00:22:57,480] {dagbag.py:496} INFO - Filling up the DagBag from /home/airflow/.local/lib/python3.6/site-packages/airflow/example_dags/example_branch_python_dop_operator_3.py
[2021-07-19 00:22:57,501] {scheduler_job.py:642} INFO - DAG(s) dict_keys(['example_branch_dop_operator_v3']) retrieved from /home/airflow/.local/lib/python3.6/site-packages/airflow/example_dags/example_branch_python_dop_operator_3.py
[2021-07-19 00:22:57,533] {logging_mixin.py:104} INFO - [2021-07-19 00:22:57,532] {dag.py:1833} INFO - Sync 1 DAGs
[2021-07-19 00:22:57,568] {logging_mixin.py:104} INFO - [2021-07-19 00:22:57,568] {dag.py:2306} INFO - Setting next_dagrun for example_branch_dop_operator_v3 to 2021-07-17 00:00:00+00:00
[2021-07-19 00:22:57,736] {scheduler_job.py:189} INFO - Processing /home/airflow/.local/lib/python3.6/site-packages/airflow/example_dags/example_branch_python_dop_operator_3.py took 0.266 seconds
[2021-07-19 00:23:28,915] {scheduler_job.py:181} INFO - Started process (PID=3182) to work on /home/airflow/.local/lib/python3.6/site-packages/airflow/example_dags/example_branch_python_dop_operator_3.py
[2021-07-19 00:23:28,918] {scheduler_job.py:632} INFO - Processing file /home/airflow/.local/lib/python3.6/site-packages/airflow/example_dags/example_branch_python_dop_operator_3.py for tasks to queue
[2021-07-19 00:23:28,919] {logging_mixin.py:104} INFO - [2021-07-19 00:23:28,919] {dagbag.py:496} INFO - Filling up the DagBag from /home/airflow/.local/lib/python3.6/site-packages/airflow/example_dags/example_branch_python_dop_operator_3.py
[2021-07-19 00:23:28,936] {scheduler_job.py:642} INFO - DAG(s) dict_keys(['example_branch_dop_operator_v3']) retrieved from /home/airflow/.local/lib/python3.6/site-packages/airflow/example_dags/example_branch_python_dop_operator_3.py
[2021-07-19 00:23:28,963] {logging_mixin.py:104} INFO - [2021-07-19 00:23:28,963] {dag.py:1833} INFO - Sync 1 DAGs
[2021-07-19 00:23:28,997] {logging_mixin.py:104} INFO - [2021-07-19 00:23:28,997] {dag.py:2306} INFO - Setting next_dagrun for example_branch_dop_operator_v3 to 2021-07-17 00:00:00+00:00
[2021-07-19 00:23:30,392] {scheduler_job.py:189} INFO - Processing /home/airflow/.local/lib/python3.6/site-packages/airflow/example_dags/example_branch_python_dop_operator_3.py took 1.481 seconds
                                                                                                                                                                                                                                                                                                                                                                                                                                                                                                                                                                                                                                                                                                                                                                                                                                                                                                                                                                                                                                                                                                                                                                                                                                                                                                                                                                                                                                                                                                                                                                                                                                                                                                                                                                                                                                                                                                                                                                                                                                                                                                                                                                                                                                                                                                                                                                                                                                                                                                                                                                                                                                                                                                                                                                                                                                                                                                                                                                                                                                                                                                                                                                                                                                                                                                                                                                                                                                                                                                                                                                                                                                                                                                                                                                                                                                                                                                                                                                                                                                                                                                                                                                                                                                                                                                                                                                                                                                                                                                                                                                                                                                                                                                                                                                                                                                                                                                                                                                                                                                                                                                                                                                                                                                                                                                                                                                                                                                                                                                                                                                                                                                                                                                                                                                                                                                                                                                                                                                                                                                                                                                                                                                                                                                                                                                                                                                                                                                                                                                                                                                                                                                                                                                                                                                                                                                                                                                                                                                                                                                                                                                                                                                               