[2021-07-19 00:00:29,753] {scheduler_job.py:181} INFO - Started process (PID=501) to work on /home/airflow/.local/lib/python3.6/site-packages/airflow/example_dags/example_short_circuit_operator.py
[2021-07-19 00:00:29,755] {scheduler_job.py:632} INFO - Processing file /home/airflow/.local/lib/python3.6/site-packages/airflow/example_dags/example_short_circuit_operator.py for tasks to queue
[2021-07-19 00:00:29,757] {logging_mixin.py:104} INFO - [2021-07-19 00:00:29,756] {dagbag.py:496} INFO - Filling up the DagBag from /home/airflow/.local/lib/python3.6/site-packages/airflow/example_dags/example_short_circuit_operator.py
[2021-07-19 00:00:29,772] {scheduler_job.py:642} INFO - DAG(s) dict_keys(['example_short_circuit_operator']) retrieved from /home/airflow/.local/lib/python3.6/site-packages/airflow/example_dags/example_short_circuit_operator.py
[2021-07-19 00:00:30,027] {logging_mixin.py:104} INFO - [2021-07-19 00:00:30,027] {dag.py:1833} INFO - Sync 1 DAGs
[2021-07-19 00:00:30,044] {logging_mixin.py:104} INFO - [2021-07-19 00:00:30,043] {dag.py:2306} INFO - Setting next_dagrun for example_short_circuit_operator to 2021-07-17 00:00:00+00:00
[2021-07-19 00:00:30,103] {scheduler_job.py:189} INFO - Processing /home/airflow/.local/lib/python3.6/site-packages/airflow/example_dags/example_short_circuit_operator.py took 0.354 seconds
[2021-07-19 00:01:00,214] {scheduler_job.py:181} INFO - Started process (PID=568) to work on /home/airflow/.local/lib/python3.6/site-packages/airflow/example_dags/example_short_circuit_operator.py
[2021-07-19 00:01:00,216] {scheduler_job.py:632} INFO - Processing file /home/airflow/.local/lib/python3.6/site-packages/airflow/example_dags/example_short_circuit_operator.py for tasks to queue
[2021-07-19 00:01:00,218] {logging_mixin.py:104} INFO - [2021-07-19 00:01:00,217] {dagbag.py:496} INFO - Filling up the DagBag from /home/airflow/.local/lib/python3.6/site-packages/airflow/example_dags/example_short_circuit_operator.py
[2021-07-19 00:01:00,234] {scheduler_job.py:642} INFO - DAG(s) dict_keys(['example_short_circuit_operator']) retrieved from /home/airflow/.local/lib/python3.6/site-packages/airflow/example_dags/example_short_circuit_operator.py
[2021-07-19 00:01:00,259] {logging_mixin.py:104} INFO - [2021-07-19 00:01:00,259] {dag.py:1833} INFO - Sync 1 DAGs
[2021-07-19 00:01:00,277] {logging_mixin.py:104} INFO - [2021-07-19 00:01:00,277] {dag.py:2306} INFO - Setting next_dagrun for example_short_circuit_operator to 2021-07-17 00:00:00+00:00
[2021-07-19 00:01:00,356] {scheduler_job.py:189} INFO - Processing /home/airflow/.local/lib/python3.6/site-packages/airflow/example_dags/example_short_circuit_operator.py took 0.150 seconds
[2021-07-19 00:01:30,860] {scheduler_job.py:181} INFO - Started process (PID=627) to work on /home/airflow/.local/lib/python3.6/site-packages/airflow/example_dags/example_short_circuit_operator.py
[2021-07-19 00:01:30,862] {scheduler_job.py:632} INFO - Processing file /home/airflow/.local/lib/python3.6/site-packages/airflow/example_dags/example_short_circuit_operator.py for tasks to queue
[2021-07-19 00:01:30,863] {logging_mixin.py:104} INFO - [2021-07-19 00:01:30,863] {dagbag.py:496} INFO - Filling up the DagBag from /home/airflow/.local/lib/python3.6/site-packages/airflow/example_dags/example_short_circuit_operator.py
[2021-07-19 00:01:30,884] {scheduler_job.py:642} INFO - DAG(s) dict_keys(['example_short_circuit_operator']) retrieved from /home/airflow/.local/lib/python3.6/site-packages/airflow/example_dags/example_short_circuit_operator.py
[2021-07-19 00:01:30,914] {logging_mixin.py:104} INFO - [2021-07-19 00:01:30,913] {dag.py:1833} INFO - Sync 1 DAGs
[2021-07-19 00:01:30,954] {logging_mixin.py:104} INFO - [2021-07-19 00:01:30,954] {dag.py:2306} INFO - Setting next_dagrun for example_short_circuit_operator to 2021-07-17 00:00:00+00:00
[2021-07-19 00:01:31,021] {scheduler_job.py:189} INFO - Processing /home/airflow/.local/lib/python3.6/site-packages/airflow/example_dags/example_short_circuit_operator.py took 0.165 seconds
[2021-07-19 00:02:01,635] {scheduler_job.py:181} INFO - Started process (PID=693) to work on /home/airflow/.local/lib/python3.6/site-packages/airflow/example_dags/example_short_circuit_operator.py
[2021-07-19 00:02:01,637] {scheduler_job.py:632} INFO - Processing file /home/airflow/.local/lib/python3.6/site-packages/airflow/example_dags/example_short_circuit_operator.py for tasks to queue
[2021-07-19 00:02:01,639] {logging_mixin.py:104} INFO - [2021-07-19 00:02:01,639] {dagbag.py:496} INFO - Filling up the DagBag from /home/airflow/.local/lib/python3.6/site-packages/airflow/example_dags/example_short_circuit_operator.py
[2021-07-19 00:02:01,663] {scheduler_job.py:642} INFO - DAG(s) dict_keys(['example_short_circuit_operator']) retrieved from /home/airflow/.local/lib/python3.6/site-packages/airflow/example_dags/example_short_circuit_operator.py
[2021-07-19 00:02:01,693] {logging_mixin.py:104} INFO - [2021-07-19 00:02:01,693] {dag.py:1833} INFO - Sync 1 DAGs
[2021-07-19 00:02:01,716] {logging_mixin.py:104} INFO - [2021-07-19 00:02:01,715] {dag.py:2306} INFO - Setting next_dagrun for example_short_circuit_operator to 2021-07-17 00:00:00+00:00
[2021-07-19 00:02:01,761] {scheduler_job.py:189} INFO - Processing /home/airflow/.local/lib/python3.6/site-packages/airflow/example_dags/example_short_circuit_operator.py took 0.130 seconds
[2021-07-19 00:02:32,565] {scheduler_job.py:181} INFO - Started process (PID=751) to work on /home/airflow/.local/lib/python3.6/site-packages/airflow/example_dags/example_short_circuit_operator.py
[2021-07-19 00:02:32,570] {scheduler_job.py:632} INFO - Processing file /home/airflow/.local/lib/python3.6/site-packages/airflow/example_dags/example_short_circuit_operator.py for tasks to queue
[2021-07-19 00:02:32,573] {logging_mixin.py:104} INFO - [2021-07-19 00:02:32,573] {dagbag.py:496} INFO - Filling up the DagBag from /home/airflow/.local/lib/python3.6/site-packages/airflow/example_dags/example_short_circuit_operator.py
[2021-07-19 00:02:32,615] {scheduler_job.py:642} INFO - DAG(s) dict_keys(['example_short_circuit_operator']) retrieved from /home/airflow/.local/lib/python3.6/site-packages/airflow/example_dags/example_short_circuit_operator.py
[2021-07-19 00:02:32,656] {logging_mixin.py:104} INFO - [2021-07-19 00:02:32,656] {dag.py:1833} INFO - Sync 1 DAGs
[2021-07-19 00:02:32,680] {logging_mixin.py:104} INFO - [2021-07-19 00:02:32,679] {dag.py:2306} INFO - Setting next_dagrun for example_short_circuit_operator to 2021-07-17 00:00:00+00:00
[2021-07-19 00:02:32,867] {scheduler_job.py:189} INFO - Processing /home/airflow/.local/lib/python3.6/site-packages/airflow/example_dags/example_short_circuit_operator.py took 0.314 seconds
[2021-07-19 00:03:03,360] {scheduler_job.py:181} INFO - Started process (PID=809) to work on /home/airflow/.local/lib/python3.6/site-packages/airflow/example_dags/example_short_circuit_operator.py
[2021-07-19 00:03:03,362] {scheduler_job.py:632} INFO - Processing file /home/airflow/.local/lib/python3.6/site-packages/airflow/example_dags/example_short_circuit_operator.py for tasks to queue
[2021-07-19 00:03:03,364] {logging_mixin.py:104} INFO - [2021-07-19 00:03:03,363] {dagbag.py:496} INFO - Filling up the DagBag from /home/airflow/.local/lib/python3.6/site-packages/airflow/example_dags/example_short_circuit_operator.py
[2021-07-19 00:03:03,385] {scheduler_job.py:642} INFO - DAG(s) dict_keys(['example_short_circuit_operator']) retrieved from /home/airflow/.local/lib/python3.6/site-packages/airflow/example_dags/example_short_circuit_operator.py
[2021-07-19 00:03:03,413] {logging_mixin.py:104} INFO - [2021-07-19 00:03:03,413] {dag.py:1833} INFO - Sync 1 DAGs
[2021-07-19 00:03:03,435] {logging_mixin.py:104} INFO - [2021-07-19 00:03:03,435] {dag.py:2306} INFO - Setting next_dagrun for example_short_circuit_operator to 2021-07-17 00:00:00+00:00
[2021-07-19 00:03:03,522] {scheduler_job.py:189} INFO - Processing /home/airflow/.local/lib/python3.6/site-packages/airflow/example_dags/example_short_circuit_operator.py took 0.167 seconds
[2021-07-19 00:03:33,633] {scheduler_job.py:181} INFO - Started process (PID=874) to work on /home/airflow/.local/lib/python3.6/site-packages/airflow/example_dags/example_short_circuit_operator.py
[2021-07-19 00:03:33,637] {scheduler_job.py:632} INFO - Processing file /home/airflow/.local/lib/python3.6/site-packages/airflow/example_dags/example_short_circuit_operator.py for tasks to queue
[2021-07-19 00:03:33,639] {logging_mixin.py:104} INFO - [2021-07-19 00:03:33,638] {dagbag.py:496} INFO - Filling up the DagBag from /home/airflow/.local/lib/python3.6/site-packages/airflow/example_dags/example_short_circuit_operator.py
[2021-07-19 00:03:33,659] {scheduler_job.py:642} INFO - DAG(s) dict_keys(['example_short_circuit_operator']) retrieved from /home/airflow/.local/lib/python3.6/site-packages/airflow/example_dags/example_short_circuit_operator.py
[2021-07-19 00:03:33,685] {logging_mixin.py:104} INFO - [2021-07-19 00:03:33,685] {dag.py:1833} INFO - Sync 1 DAGs
[2021-07-19 00:03:33,705] {logging_mixin.py:104} INFO - [2021-07-19 00:03:33,705] {dag.py:2306} INFO - Setting next_dagrun for example_short_circuit_operator to 2021-07-17 00:00:00+00:00
[2021-07-19 00:03:33,811] {scheduler_job.py:189} INFO - Processing /home/airflow/.local/lib/python3.6/site-packages/airflow/example_dags/example_short_circuit_operator.py took 0.185 seconds
[2021-07-19 00:04:04,473] {scheduler_job.py:181} INFO - Started process (PID=931) to work on /home/airflow/.local/lib/python3.6/site-packages/airflow/example_dags/example_short_circuit_operator.py
[2021-07-19 00:04:04,476] {scheduler_job.py:632} INFO - Processing file /home/airflow/.local/lib/python3.6/site-packages/airflow/example_dags/example_short_circuit_operator.py for tasks to queue
[2021-07-19 00:04:04,477] {logging_mixin.py:104} INFO - [2021-07-19 00:04:04,477] {dagbag.py:496} INFO - Filling up the DagBag from /home/airflow/.local/lib/python3.6/site-packages/airflow/example_dags/example_short_circuit_operator.py
[2021-07-19 00:04:04,506] {scheduler_job.py:642} INFO - DAG(s) dict_keys(['example_short_circuit_operator']) retrieved from /home/airflow/.local/lib/python3.6/site-packages/airflow/example_dags/example_short_circuit_operator.py
[2021-07-19 00:04:04,540] {logging_mixin.py:104} INFO - [2021-07-19 00:04:04,539] {dag.py:1833} INFO - Sync 1 DAGs
[2021-07-19 00:04:04,571] {logging_mixin.py:104} INFO - [2021-07-19 00:04:04,571] {dag.py:2306} INFO - Setting next_dagrun for example_short_circuit_operator to 2021-07-17 00:00:00+00:00
[2021-07-19 00:04:04,686] {scheduler_job.py:189} INFO - Processing /home/airflow/.local/lib/python3.6/site-packages/airflow/example_dags/example_short_circuit_operator.py took 0.226 seconds
[2021-07-19 00:04:35,660] {scheduler_job.py:181} INFO - Started process (PID=999) to work on /home/airflow/.local/lib/python3.6/site-packages/airflow/example_dags/example_short_circuit_operator.py
[2021-07-19 00:04:35,662] {scheduler_job.py:632} INFO - Processing file /home/airflow/.local/lib/python3.6/site-packages/airflow/example_dags/example_short_circuit_operator.py for tasks to queue
[2021-07-19 00:04:35,664] {logging_mixin.py:104} INFO - [2021-07-19 00:04:35,663] {dagbag.py:496} INFO - Filling up the DagBag from /home/airflow/.local/lib/python3.6/site-packages/airflow/example_dags/example_short_circuit_operator.py
[2021-07-19 00:04:35,681] {scheduler_job.py:642} INFO - DAG(s) dict_keys(['example_short_circuit_operator']) retrieved from /home/airflow/.local/lib/python3.6/site-packages/airflow/example_dags/example_short_circuit_operator.py
[2021-07-19 00:04:35,712] {logging_mixin.py:104} INFO - [2021-07-19 00:04:35,711] {dag.py:1833} INFO - Sync 1 DAGs
[2021-07-19 00:04:35,732] {logging_mixin.py:104} INFO - [2021-07-19 00:04:35,732] {dag.py:2306} INFO - Setting next_dagrun for example_short_circuit_operator to 2021-07-17 00:00:00+00:00
[2021-07-19 00:04:35,781] {scheduler_job.py:189} INFO - Processing /home/airflow/.local/lib/python3.6/site-packages/airflow/example_dags/example_short_circuit_operator.py took 0.125 seconds
[2021-07-19 00:05:05,929] {scheduler_job.py:181} INFO - Started process (PID=1054) to work on /home/airflow/.local/lib/python3.6/site-packages/airflow/example_dags/example_short_circuit_operator.py
[2021-07-19 00:05:05,933] {scheduler_job.py:632} INFO - Processing file /home/airflow/.local/lib/python3.6/site-packages/airflow/example_dags/example_short_circuit_operator.py for tasks to queue
[2021-07-19 00:05:05,935] {logging_mixin.py:104} INFO - [2021-07-19 00:05:05,935] {dagbag.py:496} INFO - Filling up the DagBag from /home/airflow/.local/lib/python3.6/site-packages/airflow/example_dags/example_short_circuit_operator.py
[2021-07-19 00:05:05,957] {scheduler_job.py:642} INFO - DAG(s) dict_keys(['example_short_circuit_operator']) retrieved from /home/airflow/.local/lib/python3.6/site-packages/airflow/example_dags/example_short_circuit_operator.py
[2021-07-19 00:05:05,986] {logging_mixin.py:104} INFO - [2021-07-19 00:05:05,986] {dag.py:1833} INFO - Sync 1 DAGs
[2021-07-19 00:05:06,012] {logging_mixin.py:104} INFO - [2021-07-19 00:05:06,012] {dag.py:2306} INFO - Setting next_dagrun for example_short_circuit_operator to 2021-07-17 00:00:00+00:00
[2021-07-19 00:05:06,073] {scheduler_job.py:189} INFO - Processing /home/airflow/.local/lib/python3.6/site-packages/airflow/example_dags/example_short_circuit_operator.py took 0.156 seconds
[2021-07-19 00:05:36,569] {scheduler_job.py:181} INFO - Started process (PID=1112) to work on /home/airflow/.local/lib/python3.6/site-packages/airflow/example_dags/example_short_circuit_operator.py
[2021-07-19 00:05:36,573] {scheduler_job.py:632} INFO - Processing file /home/airflow/.local/lib/python3.6/site-packages/airflow/example_dags/example_short_circuit_operator.py for tasks to queue
[2021-07-19 00:05:36,575] {logging_mixin.py:104} INFO - [2021-07-19 00:05:36,575] {dagbag.py:496} INFO - Filling up the DagBag from /home/airflow/.local/lib/python3.6/site-packages/airflow/example_dags/example_short_circuit_operator.py
[2021-07-19 00:05:36,609] {scheduler_job.py:642} INFO - DAG(s) dict_keys(['example_short_circuit_operator']) retrieved from /home/airflow/.local/lib/python3.6/site-packages/airflow/example_dags/example_short_circuit_operator.py
[2021-07-19 00:05:36,650] {logging_mixin.py:104} INFO - [2021-07-19 00:05:36,650] {dag.py:1833} INFO - Sync 1 DAGs
[2021-07-19 00:05:36,669] {logging_mixin.py:104} INFO - [2021-07-19 00:05:36,668] {dag.py:2306} INFO - Setting next_dagrun for example_short_circuit_operator to 2021-07-17 00:00:00+00:00
[2021-07-19 00:05:36,742] {scheduler_job.py:189} INFO - Processing /home/airflow/.local/lib/python3.6/site-packages/airflow/example_dags/example_short_circuit_operator.py took 0.186 seconds
[2021-07-19 00:06:06,916] {scheduler_job.py:181} INFO - Started process (PID=1178) to work on /home/airflow/.local/lib/python3.6/site-packages/airflow/example_dags/example_short_circuit_operator.py
[2021-07-19 00:06:06,919] {scheduler_job.py:632} INFO - Processing file /home/airflow/.local/lib/python3.6/site-packages/airflow/example_dags/example_short_circuit_operator.py for tasks to queue
[2021-07-19 00:06:06,921] {logging_mixin.py:104} INFO - [2021-07-19 00:06:06,920] {dagbag.py:496} INFO - Filling up the DagBag from /home/airflow/.local/lib/python3.6/site-packages/airflow/example_dags/example_short_circuit_operator.py
[2021-07-19 00:06:06,946] {scheduler_job.py:642} INFO - DAG(s) dict_keys(['example_short_circuit_operator']) retrieved from /home/airflow/.local/lib/python3.6/site-packages/airflow/example_dags/example_short_circuit_operator.py
[2021-07-19 00:06:06,977] {logging_mixin.py:104} INFO - [2021-07-19 00:06:06,977] {dag.py:1833} INFO - Sync 1 DAGs
[2021-07-19 00:06:07,000] {logging_mixin.py:104} INFO - [2021-07-19 00:06:07,000] {dag.py:2306} INFO - Setting next_dagrun for example_short_circuit_operator to 2021-07-17 00:00:00+00:00
[2021-07-19 00:06:07,041] {scheduler_job.py:189} INFO - Processing /home/airflow/.local/lib/python3.6/site-packages/airflow/example_dags/example_short_circuit_operator.py took 0.129 seconds
[2021-07-19 00:06:37,641] {scheduler_job.py:181} INFO - Started process (PID=1235) to work on /home/airflow/.local/lib/python3.6/site-packages/airflow/example_dags/example_short_circuit_operator.py
[2021-07-19 00:06:37,643] {scheduler_job.py:632} INFO - Processing file /home/airflow/.local/lib/python3.6/site-packages/airflow/example_dags/example_short_circuit_operator.py for tasks to queue
[2021-07-19 00:06:37,645] {logging_mixin.py:104} INFO - [2021-07-19 00:06:37,644] {dagbag.py:496} INFO - Filling up the DagBag from /home/airflow/.local/lib/python3.6/site-packages/airflow/example_dags/example_short_circuit_operator.py
[2021-07-19 00:06:37,662] {scheduler_job.py:642} INFO - DAG(s) dict_keys(['example_short_circuit_operator']) retrieved from /home/airflow/.local/lib/python3.6/site-packages/airflow/example_dags/example_short_circuit_operator.py
[2021-07-19 00:06:37,691] {logging_mixin.py:104} INFO - [2021-07-19 00:06:37,691] {dag.py:1833} INFO - Sync 1 DAGs
[2021-07-19 00:06:37,710] {logging_mixin.py:104} INFO - [2021-07-19 00:06:37,710] {dag.py:2306} INFO - Setting next_dagrun for example_short_circuit_operator to 2021-07-17 00:00:00+00:00
[2021-07-19 00:06:37,765] {scheduler_job.py:189} INFO - Processing /home/airflow/.local/lib/python3.6/site-packages/airflow/example_dags/example_short_circuit_operator.py took 0.129 seconds
[2021-07-19 00:07:08,639] {scheduler_job.py:181} INFO - Started process (PID=1304) to work on /home/airflow/.local/lib/python3.6/site-packages/airflow/example_dags/example_short_circuit_operator.py
[2021-07-19 00:07:08,641] {scheduler_job.py:632} INFO - Processing file /home/airflow/.local/lib/python3.6/site-packages/airflow/example_dags/example_short_circuit_operator.py for tasks to queue
[2021-07-19 00:07:08,643] {logging_mixin.py:104} INFO - [2021-07-19 00:07:08,642] {dagbag.py:496} INFO - Filling up the DagBag from /home/airflow/.local/lib/python3.6/site-packages/airflow/example_dags/example_short_circuit_operator.py
[2021-07-19 00:07:08,663] {scheduler_job.py:642} INFO - DAG(s) dict_keys(['example_short_circuit_operator']) retrieved from /home/airflow/.local/lib/python3.6/site-packages/airflow/example_dags/example_short_circuit_operator.py
[2021-07-19 00:07:08,690] {logging_mixin.py:104} INFO - [2021-07-19 00:07:08,690] {dag.py:1833} INFO - Sync 1 DAGs
[2021-07-19 00:07:08,712] {logging_mixin.py:104} INFO - [2021-07-19 00:07:08,712] {dag.py:2306} INFO - Setting next_dagrun for example_short_circuit_operator to 2021-07-17 00:00:00+00:00
[2021-07-19 00:07:08,767] {scheduler_job.py:189} INFO - Processing /home/airflow/.local/lib/python3.6/site-packages/airflow/example_dags/example_short_circuit_operator.py took 0.132 seconds
[2021-07-19 00:07:39,603] {scheduler_job.py:181} INFO - Started process (PID=1360) to work on /home/airflow/.local/lib/python3.6/site-packages/airflow/example_dags/example_short_circuit_operator.py
[2021-07-19 00:07:39,606] {scheduler_job.py:632} INFO - Processing file /home/airflow/.local/lib/python3.6/site-packages/airflow/example_dags/example_short_circuit_operator.py for tasks to queue
[2021-07-19 00:07:39,608] {logging_mixin.py:104} INFO - [2021-07-19 00:07:39,608] {dagbag.py:496} INFO - Filling up the DagBag from /home/airflow/.local/lib/python3.6/site-packages/airflow/example_dags/example_short_circuit_operator.py
[2021-07-19 00:07:39,636] {scheduler_job.py:642} INFO - DAG(s) dict_keys(['example_short_circuit_operator']) retrieved from /home/airflow/.local/lib/python3.6/site-packages/airflow/example_dags/example_short_circuit_operator.py
[2021-07-19 00:07:39,677] {logging_mixin.py:104} INFO - [2021-07-19 00:07:39,676] {dag.py:1833} INFO - Sync 1 DAGs
[2021-07-19 00:07:39,696] {logging_mixin.py:104} INFO - [2021-07-19 00:07:39,696] {dag.py:2306} INFO - Setting next_dagrun for example_short_circuit_operator to 2021-07-17 00:00:00+00:00
[2021-07-19 00:07:39,801] {scheduler_job.py:189} INFO - Processing /home/airflow/.local/lib/python3.6/site-packages/airflow/example_dags/example_short_circuit_operator.py took 0.205 seconds
[2021-07-19 00:08:10,398] {scheduler_job.py:181} INFO - Started process (PID=1417) to work on /home/airflow/.local/lib/python3.6/site-packages/airflow/example_dags/example_short_circuit_operator.py
[2021-07-19 00:08:10,404] {scheduler_job.py:632} INFO - Processing file /home/airflow/.local/lib/python3.6/site-packages/airflow/example_dags/example_short_circuit_operator.py for tasks to queue
[2021-07-19 00:08:10,407] {logging_mixin.py:104} INFO - [2021-07-19 00:08:10,407] {dagbag.py:496} INFO - Filling up the DagBag from /home/airflow/.local/lib/python3.6/site-packages/airflow/example_dags/example_short_circuit_operator.py
[2021-07-19 00:08:10,434] {scheduler_job.py:642} INFO - DAG(s) dict_keys(['example_short_circuit_operator']) retrieved from /home/airflow/.local/lib/python3.6/site-packages/airflow/example_dags/example_short_circuit_operator.py
[2021-07-19 00:08:10,464] {logging_mixin.py:104} INFO - [2021-07-19 00:08:10,464] {dag.py:1833} INFO - Sync 1 DAGs
[2021-07-19 00:08:10,489] {logging_mixin.py:104} INFO - [2021-07-19 00:08:10,489] {dag.py:2306} INFO - Setting next_dagrun for example_short_circuit_operator to 2021-07-17 00:00:00+00:00
[2021-07-19 00:08:10,611] {scheduler_job.py:189} INFO - Processing /home/airflow/.local/lib/python3.6/site-packages/airflow/example_dags/example_short_circuit_operator.py took 0.231 seconds
[2021-07-19 00:08:41,023] {scheduler_job.py:181} INFO - Started process (PID=1484) to work on /home/airflow/.local/lib/python3.6/site-packages/airflow/example_dags/example_short_circuit_operator.py
[2021-07-19 00:08:41,026] {scheduler_job.py:632} INFO - Processing file /home/airflow/.local/lib/python3.6/site-packages/airflow/example_dags/example_short_circuit_operator.py for tasks to queue
[2021-07-19 00:08:41,032] {logging_mixin.py:104} INFO - [2021-07-19 00:08:41,032] {dagbag.py:496} INFO - Filling up the DagBag from /home/airflow/.local/lib/python3.6/site-packages/airflow/example_dags/example_short_circuit_operator.py
[2021-07-19 00:08:41,052] {scheduler_job.py:642} INFO - DAG(s) dict_keys(['example_short_circuit_operator']) retrieved from /home/airflow/.local/lib/python3.6/site-packages/airflow/example_dags/example_short_circuit_operator.py
[2021-07-19 00:08:41,089] {logging_mixin.py:104} INFO - [2021-07-19 00:08:41,089] {dag.py:1833} INFO - Sync 1 DAGs
[2021-07-19 00:08:41,115] {logging_mixin.py:104} INFO - [2021-07-19 00:08:41,115] {dag.py:2306} INFO - Setting next_dagrun for example_short_circuit_operator to 2021-07-17 00:00:00+00:00
[2021-07-19 00:08:41,198] {scheduler_job.py:189} INFO - Processing /home/airflow/.local/lib/python3.6/site-packages/airflow/example_dags/example_short_circuit_operator.py took 0.184 seconds
[2021-07-19 00:09:11,635] {scheduler_job.py:181} INFO - Started process (PID=1540) to work on /home/airflow/.local/lib/python3.6/site-packages/airflow/example_dags/example_short_circuit_operator.py
[2021-07-19 00:09:11,637] {scheduler_job.py:632} INFO - Processing file /home/airflow/.local/lib/python3.6/site-packages/airflow/example_dags/example_short_circuit_operator.py for tasks to queue
[2021-07-19 00:09:11,638] {logging_mixin.py:104} INFO - [2021-07-19 00:09:11,638] {dagbag.py:496} INFO - Filling up the DagBag from /home/airflow/.local/lib/python3.6/site-packages/airflow/example_dags/example_short_circuit_operator.py
[2021-07-19 00:09:11,653] {scheduler_job.py:642} INFO - DAG(s) dict_keys(['example_short_circuit_operator']) retrieved from /home/airflow/.local/lib/python3.6/site-packages/airflow/example_dags/example_short_circuit_operator.py
[2021-07-19 00:09:11,687] {logging_mixin.py:104} INFO - [2021-07-19 00:09:11,687] {dag.py:1833} INFO - Sync 1 DAGs
[2021-07-19 00:09:11,710] {logging_mixin.py:104} INFO - [2021-07-19 00:09:11,710] {dag.py:2306} INFO - Setting next_dagrun for example_short_circuit_operator to 2021-07-17 00:00:00+00:00
[2021-07-19 00:09:11,810] {scheduler_job.py:189} INFO - Processing /home/airflow/.local/lib/python3.6/site-packages/airflow/example_dags/example_short_circuit_operator.py took 0.180 seconds
[2021-07-19 00:09:42,312] {scheduler_job.py:181} INFO - Started process (PID=1596) to work on /home/airflow/.local/lib/python3.6/site-packages/airflow/example_dags/example_short_circuit_operator.py
[2021-07-19 00:09:42,314] {scheduler_job.py:632} INFO - Processing file /home/airflow/.local/lib/python3.6/site-packages/airflow/example_dags/example_short_circuit_operator.py for tasks to queue
[2021-07-19 00:09:42,315] {logging_mixin.py:104} INFO - [2021-07-19 00:09:42,315] {dagbag.py:496} INFO - Filling up the DagBag from /home/airflow/.local/lib/python3.6/site-packages/airflow/example_dags/example_short_circuit_operator.py
[2021-07-19 00:09:42,335] {scheduler_job.py:642} INFO - DAG(s) dict_keys(['example_short_circuit_operator']) retrieved from /home/airflow/.local/lib/python3.6/site-packages/airflow/example_dags/example_short_circuit_operator.py
[2021-07-19 00:09:42,363] {logging_mixin.py:104} INFO - [2021-07-19 00:09:42,362] {dag.py:1833} INFO - Sync 1 DAGs
[2021-07-19 00:09:42,384] {logging_mixin.py:104} INFO - [2021-07-19 00:09:42,384] {dag.py:2306} INFO - Setting next_dagrun for example_short_circuit_operator to 2021-07-17 00:00:00+00:00
[2021-07-19 00:09:42,445] {scheduler_job.py:189} INFO - Processing /home/airflow/.local/lib/python3.6/site-packages/airflow/example_dags/example_short_circuit_operator.py took 0.138 seconds
[2021-07-19 00:10:12,909] {scheduler_job.py:181} INFO - Started process (PID=1663) to work on /home/airflow/.local/lib/python3.6/site-packages/airflow/example_dags/example_short_circuit_operator.py
[2021-07-19 00:10:12,911] {scheduler_job.py:632} INFO - Processing file /home/airflow/.local/lib/python3.6/site-packages/airflow/example_dags/example_short_circuit_operator.py for tasks to queue
[2021-07-19 00:10:12,912] {logging_mixin.py:104} INFO - [2021-07-19 00:10:12,912] {dagbag.py:496} INFO - Filling up the DagBag from /home/airflow/.local/lib/python3.6/site-packages/airflow/example_dags/example_short_circuit_operator.py
[2021-07-19 00:10:12,930] {scheduler_job.py:642} INFO - DAG(s) dict_keys(['example_short_circuit_operator']) retrieved from /home/airflow/.local/lib/python3.6/site-packages/airflow/example_dags/example_short_circuit_operator.py
[2021-07-19 00:10:12,963] {logging_mixin.py:104} INFO - [2021-07-19 00:10:12,962] {dag.py:1833} INFO - Sync 1 DAGs
[2021-07-19 00:10:12,981] {logging_mixin.py:104} INFO - [2021-07-19 00:10:12,981] {dag.py:2306} INFO - Setting next_dagrun for example_short_circuit_operator to 2021-07-17 00:00:00+00:00
[2021-07-19 00:10:13,082] {scheduler_job.py:189} INFO - Processing /home/airflow/.local/lib/python3.6/site-packages/airflow/example_dags/example_short_circuit_operator.py took 0.176 seconds
[2021-07-19 00:10:44,024] {scheduler_job.py:181} INFO - Started process (PID=1721) to work on /home/airflow/.local/lib/python3.6/site-packages/airflow/example_dags/example_short_circuit_operator.py
[2021-07-19 00:10:44,026] {scheduler_job.py:632} INFO - Processing file /home/airflow/.local/lib/python3.6/site-packages/airflow/example_dags/example_short_circuit_operator.py for tasks to queue
[2021-07-19 00:10:44,027] {logging_mixin.py:104} INFO - [2021-07-19 00:10:44,027] {dagbag.py:496} INFO - Filling up the DagBag from /home/airflow/.local/lib/python3.6/site-packages/airflow/example_dags/example_short_circuit_operator.py
[2021-07-19 00:10:44,063] {scheduler_job.py:642} INFO - DAG(s) dict_keys(['example_short_circuit_operator']) retrieved from /home/airflow/.local/lib/python3.6/site-packages/airflow/example_dags/example_short_circuit_operator.py
[2021-07-19 00:10:44,121] {logging_mixin.py:104} INFO - [2021-07-19 00:10:44,120] {dag.py:1833} INFO - Sync 1 DAGs
[2021-07-19 00:10:44,144] {logging_mixin.py:104} INFO - [2021-07-19 00:10:44,144] {dag.py:2306} INFO - Setting next_dagrun for example_short_circuit_operator to 2021-07-17 00:00:00+00:00
[2021-07-19 00:10:44,323] {scheduler_job.py:189} INFO - Processing /home/airflow/.local/lib/python3.6/site-packages/airflow/example_dags/example_short_circuit_operator.py took 0.303 seconds
[2021-07-19 00:11:14,837] {scheduler_job.py:181} INFO - Started process (PID=1776) to work on /home/airflow/.local/lib/python3.6/site-packages/airflow/example_dags/example_short_circuit_operator.py
[2021-07-19 00:11:14,841] {scheduler_job.py:632} INFO - Processing file /home/airflow/.local/lib/python3.6/site-packages/airflow/example_dags/example_short_circuit_operator.py for tasks to queue
[2021-07-19 00:11:14,842] {logging_mixin.py:104} INFO - [2021-07-19 00:11:14,842] {dagbag.py:496} INFO - Filling up the DagBag from /home/airflow/.local/lib/python3.6/site-packages/airflow/example_dags/example_short_circuit_operator.py
[2021-07-19 00:11:14,864] {scheduler_job.py:642} INFO - DAG(s) dict_keys(['example_short_circuit_operator']) retrieved from /home/airflow/.local/lib/python3.6/site-packages/airflow/example_dags/example_short_circuit_operator.py
[2021-07-19 00:11:14,892] {logging_mixin.py:104} INFO - [2021-07-19 00:11:14,891] {dag.py:1833} INFO - Sync 1 DAGs
[2021-07-19 00:11:14,912] {logging_mixin.py:104} INFO - [2021-07-19 00:11:14,912] {dag.py:2306} INFO - Setting next_dagrun for example_short_circuit_operator to 2021-07-17 00:00:00+00:00
[2021-07-19 00:11:15,382] {scheduler_job.py:189} INFO - Processing /home/airflow/.local/lib/python3.6/site-packages/airflow/example_dags/example_short_circuit_operator.py took 0.553 seconds
[2021-07-19 00:11:45,727] {scheduler_job.py:181} INFO - Started process (PID=1834) to work on /home/airflow/.local/lib/python3.6/site-packages/airflow/example_dags/example_short_circuit_operator.py
[2021-07-19 00:11:45,729] {scheduler_job.py:632} INFO - Processing file /home/airflow/.local/lib/python3.6/site-packages/airflow/example_dags/example_short_circuit_operator.py for tasks to queue
[2021-07-19 00:11:45,730] {logging_mixin.py:104} INFO - [2021-07-19 00:11:45,730] {dagbag.py:496} INFO - Filling up the DagBag from /home/airflow/.local/lib/python3.6/site-packages/airflow/example_dags/example_short_circuit_operator.py
[2021-07-19 00:11:45,746] {scheduler_job.py:642} INFO - DAG(s) dict_keys(['example_short_circuit_operator']) retrieved from /home/airflow/.local/lib/python3.6/site-packages/airflow/example_dags/example_short_circuit_operator.py
[2021-07-19 00:11:45,770] {logging_mixin.py:104} INFO - [2021-07-19 00:11:45,770] {dag.py:1833} INFO - Sync 1 DAGs
[2021-07-19 00:11:45,788] {logging_mixin.py:104} INFO - [2021-07-19 00:11:45,787] {dag.py:2306} INFO - Setting next_dagrun for example_short_circuit_operator to 2021-07-17 00:00:00+00:00
[2021-07-19 00:11:45,971] {scheduler_job.py:189} INFO - Processing /home/airflow/.local/lib/python3.6/site-packages/airflow/example_dags/example_short_circuit_operator.py took 0.249 seconds
[2021-07-19 00:12:16,458] {scheduler_job.py:181} INFO - Started process (PID=1901) to work on /home/airflow/.local/lib/python3.6/site-packages/airflow/example_dags/example_short_circuit_operator.py
[2021-07-19 00:12:16,460] {scheduler_job.py:632} INFO - Processing file /home/airflow/.local/lib/python3.6/site-packages/airflow/example_dags/example_short_circuit_operator.py for tasks to queue
[2021-07-19 00:12:16,461] {logging_mixin.py:104} INFO - [2021-07-19 00:12:16,461] {dagbag.py:496} INFO - Filling up the DagBag from /home/airflow/.local/lib/python3.6/site-packages/airflow/example_dags/example_short_circuit_operator.py
[2021-07-19 00:12:16,476] {scheduler_job.py:642} INFO - DAG(s) dict_keys(['example_short_circuit_operator']) retrieved from /home/airflow/.local/lib/python3.6/site-packages/airflow/example_dags/example_short_circuit_operator.py
[2021-07-19 00:12:16,507] {logging_mixin.py:104} INFO - [2021-07-19 00:12:16,506] {dag.py:1833} INFO - Sync 1 DAGs
[2021-07-19 00:12:16,526] {logging_mixin.py:104} INFO - [2021-07-19 00:12:16,525] {dag.py:2306} INFO - Setting next_dagrun for example_short_circuit_operator to 2021-07-17 00:00:00+00:00
[2021-07-19 00:12:17,047] {scheduler_job.py:189} INFO - Processing /home/airflow/.local/lib/python3.6/site-packages/airflow/example_dags/example_short_circuit_operator.py took 0.594 seconds
[2021-07-19 00:12:47,621] {scheduler_job.py:181} INFO - Started process (PID=1958) to work on /home/airflow/.local/lib/python3.6/site-packages/airflow/example_dags/example_short_circuit_operator.py
[2021-07-19 00:12:47,625] {scheduler_job.py:632} INFO - Processing file /home/airflow/.local/lib/python3.6/site-packages/airflow/example_dags/example_short_circuit_operator.py for tasks to queue
[2021-07-19 00:12:47,626] {logging_mixin.py:104} INFO - [2021-07-19 00:12:47,626] {dagbag.py:496} INFO - Filling up the DagBag from /home/airflow/.local/lib/python3.6/site-packages/airflow/example_dags/example_short_circuit_operator.py
[2021-07-19 00:12:47,649] {scheduler_job.py:642} INFO - DAG(s) dict_keys(['example_short_circuit_operator']) retrieved from /home/airflow/.local/lib/python3.6/site-packages/airflow/example_dags/example_short_circuit_operator.py
[2021-07-19 00:12:47,695] {logging_mixin.py:104} INFO - [2021-07-19 00:12:47,694] {dag.py:1833} INFO - Sync 1 DAGs
[2021-07-19 00:12:47,720] {logging_mixin.py:104} INFO - [2021-07-19 00:12:47,720] {dag.py:2306} INFO - Setting next_dagrun for example_short_circuit_operator to 2021-07-17 00:00:00+00:00
[2021-07-19 00:12:47,825] {scheduler_job.py:189} INFO - Processing /home/airflow/.local/lib/python3.6/site-packages/airflow/example_dags/example_short_circuit_operator.py took 0.209 seconds
[2021-07-19 00:13:18,031] {scheduler_job.py:181} INFO - Started process (PID=2016) to work on /home/airflow/.local/lib/python3.6/site-packages/airflow/example_dags/example_short_circuit_operator.py
[2021-07-19 00:13:18,033] {scheduler_job.py:632} INFO - Processing file /home/airflow/.local/lib/python3.6/site-packages/airflow/example_dags/example_short_circuit_operator.py for tasks to queue
[2021-07-19 00:13:18,034] {logging_mixin.py:104} INFO - [2021-07-19 00:13:18,034] {dagbag.py:496} INFO - Filling up the DagBag from /home/airflow/.local/lib/python3.6/site-packages/airflow/example_dags/example_short_circuit_operator.py
[2021-07-19 00:13:18,051] {scheduler_job.py:642} INFO - DAG(s) dict_keys(['example_short_circuit_operator']) retrieved from /home/airflow/.local/lib/python3.6/site-packages/airflow/example_dags/example_short_circuit_operator.py
[2021-07-19 00:13:18,085] {logging_mixin.py:104} INFO - [2021-07-19 00:13:18,085] {dag.py:1833} INFO - Sync 1 DAGs
[2021-07-19 00:13:18,113] {logging_mixin.py:104} INFO - [2021-07-19 00:13:18,113] {dag.py:2306} INFO - Setting next_dagrun for example_short_circuit_operator to 2021-07-17 00:00:00+00:00
[2021-07-19 00:13:18,193] {scheduler_job.py:189} INFO - Processing /home/airflow/.local/lib/python3.6/site-packages/airflow/example_dags/example_short_circuit_operator.py took 0.166 seconds
[2021-07-19 00:13:48,389] {scheduler_job.py:181} INFO - Started process (PID=2089) to work on /home/airflow/.local/lib/python3.6/site-packages/airflow/example_dags/example_short_circuit_operator.py
[2021-07-19 00:13:48,399] {scheduler_job.py:632} INFO - Processing file /home/airflow/.local/lib/python3.6/site-packages/airflow/example_dags/example_short_circuit_operator.py for tasks to queue
[2021-07-19 00:13:48,401] {logging_mixin.py:104} INFO - [2021-07-19 00:13:48,400] {dagbag.py:496} INFO - Filling up the DagBag from /home/airflow/.local/lib/python3.6/site-packages/airflow/example_dags/example_short_circuit_operator.py
[2021-07-19 00:13:48,422] {scheduler_job.py:642} INFO - DAG(s) dict_keys(['example_short_circuit_operator']) retrieved from /home/airflow/.local/lib/python3.6/site-packages/airflow/example_dags/example_short_circuit_operator.py
[2021-07-19 00:13:48,453] {logging_mixin.py:104} INFO - [2021-07-19 00:13:48,453] {dag.py:1833} INFO - Sync 1 DAGs
[2021-07-19 00:13:48,486] {logging_mixin.py:104} INFO - [2021-07-19 00:13:48,486] {dag.py:2306} INFO - Setting next_dagrun for example_short_circuit_operator to 2021-07-17 00:00:00+00:00
[2021-07-19 00:13:48,601] {scheduler_job.py:189} INFO - Processing /home/airflow/.local/lib/python3.6/site-packages/airflow/example_dags/example_short_circuit_operator.py took 0.223 seconds
[2021-07-19 00:14:18,892] {scheduler_job.py:181} INFO - Started process (PID=2134) to work on /home/airflow/.local/lib/python3.6/site-packages/airflow/example_dags/example_short_circuit_operator.py
[2021-07-19 00:14:18,895] {scheduler_job.py:632} INFO - Processing file /home/airflow/.local/lib/python3.6/site-packages/airflow/example_dags/example_short_circuit_operator.py for tasks to queue
[2021-07-19 00:14:18,897] {logging_mixin.py:104} INFO - [2021-07-19 00:14:18,897] {dagbag.py:496} INFO - Filling up the DagBag from /home/airflow/.local/lib/python3.6/site-packages/airflow/example_dags/example_short_circuit_operator.py
[2021-07-19 00:14:18,926] {scheduler_job.py:642} INFO - DAG(s) dict_keys(['example_short_circuit_operator']) retrieved from /home/airflow/.local/lib/python3.6/site-packages/airflow/example_dags/example_short_circuit_operator.py
[2021-07-19 00:14:19,009] {logging_mixin.py:104} INFO - [2021-07-19 00:14:19,009] {dag.py:1833} INFO - Sync 1 DAGs
[2021-07-19 00:14:19,051] {logging_mixin.py:104} INFO - [2021-07-19 00:14:19,051] {dag.py:2306} INFO - Setting next_dagrun for example_short_circuit_operator to 2021-07-17 00:00:00+00:00
[2021-07-19 00:14:19,179] {scheduler_job.py:189} INFO - Processing /home/airflow/.local/lib/python3.6/site-packages/airflow/example_dags/example_short_circuit_operator.py took 0.292 seconds
[2021-07-19 00:14:49,284] {scheduler_job.py:181} INFO - Started process (PID=2201) to work on /home/airflow/.local/lib/python3.6/site-packages/airflow/example_dags/example_short_circuit_operator.py
[2021-07-19 00:14:49,286] {scheduler_job.py:632} INFO - Processing file /home/airflow/.local/lib/python3.6/site-packages/airflow/example_dags/example_short_circuit_operator.py for tasks to queue
[2021-07-19 00:14:49,288] {logging_mixin.py:104} INFO - [2021-07-19 00:14:49,287] {dagbag.py:496} INFO - Filling up the DagBag from /home/airflow/.local/lib/python3.6/site-packages/airflow/example_dags/example_short_circuit_operator.py
[2021-07-19 00:14:49,322] {scheduler_job.py:642} INFO - DAG(s) dict_keys(['example_short_circuit_operator']) retrieved from /home/airflow/.local/lib/python3.6/site-packages/airflow/example_dags/example_short_circuit_operator.py
[2021-07-19 00:14:49,409] {logging_mixin.py:104} INFO - [2021-07-19 00:14:49,409] {dag.py:1833} INFO - Sync 1 DAGs
[2021-07-19 00:14:49,438] {logging_mixin.py:104} INFO - [2021-07-19 00:14:49,438] {dag.py:2306} INFO - Setting next_dagrun for example_short_circuit_operator to 2021-07-17 00:00:00+00:00
[2021-07-19 00:14:49,540] {scheduler_job.py:189} INFO - Processing /home/airflow/.local/lib/python3.6/site-packages/airflow/example_dags/example_short_circuit_operator.py took 0.261 seconds
[2021-07-19 00:15:19,723] {scheduler_job.py:181} INFO - Started process (PID=2259) to work on /home/airflow/.local/lib/python3.6/site-packages/airflow/example_dags/example_short_circuit_operator.py
[2021-07-19 00:15:19,725] {scheduler_job.py:632} INFO - Processing file /home/airflow/.local/lib/python3.6/site-packages/airflow/example_dags/example_short_circuit_operator.py for tasks to queue
[2021-07-19 00:15:19,726] {logging_mixin.py:104} INFO - [2021-07-19 00:15:19,726] {dagbag.py:496} INFO - Filling up the DagBag from /home/airflow/.local/lib/python3.6/site-packages/airflow/example_dags/example_short_circuit_operator.py
[2021-07-19 00:15:19,741] {scheduler_job.py:642} INFO - DAG(s) dict_keys(['example_short_circuit_operator']) retrieved from /home/airflow/.local/lib/python3.6/site-packages/airflow/example_dags/example_short_circuit_operator.py
[2021-07-19 00:15:19,769] {logging_mixin.py:104} INFO - [2021-07-19 00:15:19,769] {dag.py:1833} INFO - Sync 1 DAGs
[2021-07-19 00:15:19,788] {logging_mixin.py:104} INFO - [2021-07-19 00:15:19,788] {dag.py:2306} INFO - Setting next_dagrun for example_short_circuit_operator to 2021-07-17 00:00:00+00:00
[2021-07-19 00:15:19,837] {scheduler_job.py:189} INFO - Processing /home/airflow/.local/lib/python3.6/site-packages/airflow/example_dags/example_short_circuit_operator.py took 0.118 seconds
[2021-07-19 00:15:50,191] {scheduler_job.py:181} INFO - Started process (PID=2315) to work on /home/airflow/.local/lib/python3.6/site-packages/airflow/example_dags/example_short_circuit_operator.py
[2021-07-19 00:15:50,193] {scheduler_job.py:632} INFO - Processing file /home/airflow/.local/lib/python3.6/site-packages/airflow/example_dags/example_short_circuit_operator.py for tasks to queue
[2021-07-19 00:15:50,194] {logging_mixin.py:104} INFO - [2021-07-19 00:15:50,194] {dagbag.py:496} INFO - Filling up the DagBag from /home/airflow/.local/lib/python3.6/site-packages/airflow/example_dags/example_short_circuit_operator.py
[2021-07-19 00:15:50,209] {scheduler_job.py:642} INFO - DAG(s) dict_keys(['example_short_circuit_operator']) retrieved from /home/airflow/.local/lib/python3.6/site-packages/airflow/example_dags/example_short_circuit_operator.py
[2021-07-19 00:15:50,238] {logging_mixin.py:104} INFO - [2021-07-19 00:15:50,237] {dag.py:1833} INFO - Sync 1 DAGs
[2021-07-19 00:15:50,260] {logging_mixin.py:104} INFO - [2021-07-19 00:15:50,259] {dag.py:2306} INFO - Setting next_dagrun for example_short_circuit_operator to 2021-07-17 00:00:00+00:00
[2021-07-19 00:15:50,329] {scheduler_job.py:189} INFO - Processing /home/airflow/.local/lib/python3.6/site-packages/airflow/example_dags/example_short_circuit_operator.py took 0.141 seconds
[2021-07-19 00:16:20,553] {scheduler_job.py:181} INFO - Started process (PID=2382) to work on /home/airflow/.local/lib/python3.6/site-packages/airflow/example_dags/example_short_circuit_operator.py
[2021-07-19 00:16:20,555] {scheduler_job.py:632} INFO - Processing file /home/airflow/.local/lib/python3.6/site-packages/airflow/example_dags/example_short_circuit_operator.py for tasks to queue
[2021-07-19 00:16:20,556] {logging_mixin.py:104} INFO - [2021-07-19 00:16:20,556] {dagbag.py:496} INFO - Filling up the DagBag from /home/airflow/.local/lib/python3.6/site-packages/airflow/example_dags/example_short_circuit_operator.py
[2021-07-19 00:16:20,570] {scheduler_job.py:642} INFO - DAG(s) dict_keys(['example_short_circuit_operator']) retrieved from /home/airflow/.local/lib/python3.6/site-packages/airflow/example_dags/example_short_circuit_operator.py
[2021-07-19 00:16:20,598] {logging_mixin.py:104} INFO - [2021-07-19 00:16:20,598] {dag.py:1833} INFO - Sync 1 DAGs
[2021-07-19 00:16:20,617] {logging_mixin.py:104} INFO - [2021-07-19 00:16:20,617] {dag.py:2306} INFO - Setting next_dagrun for example_short_circuit_operator to 2021-07-17 00:00:00+00:00
[2021-07-19 00:16:20,759] {scheduler_job.py:189} INFO - Processing /home/airflow/.local/lib/python3.6/site-packages/airflow/example_dags/example_short_circuit_operator.py took 0.209 seconds
[2021-07-19 00:16:51,192] {scheduler_job.py:181} INFO - Started process (PID=2441) to work on /home/airflow/.local/lib/python3.6/site-packages/airflow/example_dags/example_short_circuit_operator.py
[2021-07-19 00:16:51,195] {scheduler_job.py:632} INFO - Processing file /home/airflow/.local/lib/python3.6/site-packages/airflow/example_dags/example_short_circuit_operator.py for tasks to queue
[2021-07-19 00:16:51,197] {logging_mixin.py:104} INFO - [2021-07-19 00:16:51,196] {dagbag.py:496} INFO - Filling up the DagBag from /home/airflow/.local/lib/python3.6/site-packages/airflow/example_dags/example_short_circuit_operator.py
[2021-07-19 00:16:51,223] {scheduler_job.py:642} INFO - DAG(s) dict_keys(['example_short_circuit_operator']) retrieved from /home/airflow/.local/lib/python3.6/site-packages/airflow/example_dags/example_short_circuit_operator.py
[2021-07-19 00:16:51,252] {logging_mixin.py:104} INFO - [2021-07-19 00:16:51,252] {dag.py:1833} INFO - Sync 1 DAGs
[2021-07-19 00:16:51,274] {logging_mixin.py:104} INFO - [2021-07-19 00:16:51,273] {dag.py:2306} INFO - Setting next_dagrun for example_short_circuit_operator to 2021-07-17 00:00:00+00:00
[2021-07-19 00:16:51,415] {scheduler_job.py:189} INFO - Processing /home/airflow/.local/lib/python3.6/site-packages/airflow/example_dags/example_short_circuit_operator.py took 0.233 seconds
[2021-07-19 00:17:21,652] {scheduler_job.py:181} INFO - Started process (PID=2497) to work on /home/airflow/.local/lib/python3.6/site-packages/airflow/example_dags/example_short_circuit_operator.py
[2021-07-19 00:17:21,654] {scheduler_job.py:632} INFO - Processing file /home/airflow/.local/lib/python3.6/site-packages/airflow/example_dags/example_short_circuit_operator.py for tasks to queue
[2021-07-19 00:17:21,656] {logging_mixin.py:104} INFO - [2021-07-19 00:17:21,656] {dagbag.py:496} INFO - Filling up the DagBag from /home/airflow/.local/lib/python3.6/site-packages/airflow/example_dags/example_short_circuit_operator.py
[2021-07-19 00:17:21,674] {scheduler_job.py:642} INFO - DAG(s) dict_keys(['example_short_circuit_operator']) retrieved from /home/airflow/.local/lib/python3.6/site-packages/airflow/example_dags/example_short_circuit_operator.py
[2021-07-19 00:17:21,700] {logging_mixin.py:104} INFO - [2021-07-19 00:17:21,700] {dag.py:1833} INFO - Sync 1 DAGs
[2021-07-19 00:17:21,723] {logging_mixin.py:104} INFO - [2021-07-19 00:17:21,723] {dag.py:2306} INFO - Setting next_dagrun for example_short_circuit_operator to 2021-07-17 00:00:00+00:00
[2021-07-19 00:17:21,858] {scheduler_job.py:189} INFO - Processing /home/airflow/.local/lib/python3.6/site-packages/airflow/example_dags/example_short_circuit_operator.py took 0.211 seconds
[2021-07-19 00:17:52,187] {scheduler_job.py:181} INFO - Started process (PID=2554) to work on /home/airflow/.local/lib/python3.6/site-packages/airflow/example_dags/example_short_circuit_operator.py
[2021-07-19 00:17:52,189] {scheduler_job.py:632} INFO - Processing file /home/airflow/.local/lib/python3.6/site-packages/airflow/example_dags/example_short_circuit_operator.py for tasks to queue
[2021-07-19 00:17:52,190] {logging_mixin.py:104} INFO - [2021-07-19 00:17:52,190] {dagbag.py:496} INFO - Filling up the DagBag from /home/airflow/.local/lib/python3.6/site-packages/airflow/example_dags/example_short_circuit_operator.py
[2021-07-19 00:17:52,205] {scheduler_job.py:642} INFO - DAG(s) dict_keys(['example_short_circuit_operator']) retrieved from /home/airflow/.local/lib/python3.6/site-packages/airflow/example_dags/example_short_circuit_operator.py
[2021-07-19 00:17:52,230] {logging_mixin.py:104} INFO - [2021-07-19 00:17:52,230] {dag.py:1833} INFO - Sync 1 DAGs
[2021-07-19 00:17:52,249] {logging_mixin.py:104} INFO - [2021-07-19 00:17:52,248] {dag.py:2306} INFO - Setting next_dagrun for example_short_circuit_operator to 2021-07-17 00:00:00+00:00
[2021-07-19 00:17:52,383] {scheduler_job.py:189} INFO - Processing /home/airflow/.local/lib/python3.6/site-packages/airflow/example_dags/example_short_circuit_operator.py took 0.200 seconds
[2021-07-19 00:18:29,874] {scheduler_job.py:181} INFO - Started process (PID=2623) to work on /home/airflow/.local/lib/python3.6/site-packages/airflow/example_dags/example_short_circuit_operator.py
[2021-07-19 00:18:29,879] {scheduler_job.py:632} INFO - Processing file /home/airflow/.local/lib/python3.6/site-packages/airflow/example_dags/example_short_circuit_operator.py for tasks to queue
[2021-07-19 00:18:29,881] {logging_mixin.py:104} INFO - [2021-07-19 00:18:29,881] {dagbag.py:496} INFO - Filling up the DagBag from /home/airflow/.local/lib/python3.6/site-packages/airflow/example_dags/example_short_circuit_operator.py
[2021-07-19 00:18:29,902] {scheduler_job.py:642} INFO - DAG(s) dict_keys(['example_short_circuit_operator']) retrieved from /home/airflow/.local/lib/python3.6/site-packages/airflow/example_dags/example_short_circuit_operator.py
[2021-07-19 00:18:29,966] {logging_mixin.py:104} INFO - [2021-07-19 00:18:29,966] {dag.py:1833} INFO - Sync 1 DAGs
[2021-07-19 00:18:29,998] {logging_mixin.py:104} INFO - [2021-07-19 00:18:29,998] {dag.py:2306} INFO - Setting next_dagrun for example_short_circuit_operator to 2021-07-17 00:00:00+00:00
[2021-07-19 00:18:30,395] {scheduler_job.py:189} INFO - Processing /home/airflow/.local/lib/python3.6/site-packages/airflow/example_dags/example_short_circuit_operator.py took 0.525 seconds
[2021-07-19 00:19:04,963] {scheduler_job.py:181} INFO - Started process (PID=2679) to work on /home/airflow/.local/lib/python3.6/site-packages/airflow/example_dags/example_short_circuit_operator.py
[2021-07-19 00:19:04,971] {scheduler_job.py:632} INFO - Processing file /home/airflow/.local/lib/python3.6/site-packages/airflow/example_dags/example_short_circuit_operator.py for tasks to queue
[2021-07-19 00:19:04,977] {logging_mixin.py:104} INFO - [2021-07-19 00:19:04,976] {dagbag.py:496} INFO - Filling up the DagBag from /home/airflow/.local/lib/python3.6/site-packages/airflow/example_dags/example_short_circuit_operator.py
[2021-07-19 00:19:05,054] {scheduler_job.py:642} INFO - DAG(s) dict_keys(['example_short_circuit_operator']) retrieved from /home/airflow/.local/lib/python3.6/site-packages/airflow/example_dags/example_short_circuit_operator.py
[2021-07-19 00:19:05,127] {logging_mixin.py:104} INFO - [2021-07-19 00:19:05,127] {dag.py:1833} INFO - Sync 1 DAGs
[2021-07-19 00:19:05,146] {logging_mixin.py:104} INFO - [2021-07-19 00:19:05,146] {dag.py:2306} INFO - Setting next_dagrun for example_short_circuit_operator to 2021-07-17 00:00:00+00:00
[2021-07-19 00:19:05,333] {scheduler_job.py:189} INFO - Processing /home/airflow/.local/lib/python3.6/site-packages/airflow/example_dags/example_short_circuit_operator.py took 0.402 seconds
[2021-07-19 00:19:36,371] {scheduler_job.py:181} INFO - Started process (PID=2735) to work on /home/airflow/.local/lib/python3.6/site-packages/airflow/example_dags/example_short_circuit_operator.py
[2021-07-19 00:19:36,373] {scheduler_job.py:632} INFO - Processing file /home/airflow/.local/lib/python3.6/site-packages/airflow/example_dags/example_short_circuit_operator.py for tasks to queue
[2021-07-19 00:19:36,375] {logging_mixin.py:104} INFO - [2021-07-19 00:19:36,374] {dagbag.py:496} INFO - Filling up the DagBag from /home/airflow/.local/lib/python3.6/site-packages/airflow/example_dags/example_short_circuit_operator.py
[2021-07-19 00:19:36,393] {scheduler_job.py:642} INFO - DAG(s) dict_keys(['example_short_circuit_operator']) retrieved from /home/airflow/.local/lib/python3.6/site-packages/airflow/example_dags/example_short_circuit_operator.py
[2021-07-19 00:19:36,419] {logging_mixin.py:104} INFO - [2021-07-19 00:19:36,419] {dag.py:1833} INFO - Sync 1 DAGs
[2021-07-19 00:19:36,437] {logging_mixin.py:104} INFO - [2021-07-19 00:19:36,437] {dag.py:2306} INFO - Setting next_dagrun for example_short_circuit_operator to 2021-07-17 00:00:00+00:00
[2021-07-19 00:19:36,919] {scheduler_job.py:189} INFO - Processing /home/airflow/.local/lib/python3.6/site-packages/airflow/example_dags/example_short_circuit_operator.py took 0.552 seconds
[2021-07-19 00:20:07,224] {scheduler_job.py:181} INFO - Started process (PID=2803) to work on /home/airflow/.local/lib/python3.6/site-packages/airflow/example_dags/example_short_circuit_operator.py
[2021-07-19 00:20:07,227] {scheduler_job.py:632} INFO - Processing file /home/airflow/.local/lib/python3.6/site-packages/airflow/example_dags/example_short_circuit_operator.py for tasks to queue
[2021-07-19 00:20:07,229] {logging_mixin.py:104} INFO - [2021-07-19 00:20:07,229] {dagbag.py:496} INFO - Filling up the DagBag from /home/airflow/.local/lib/python3.6/site-packages/airflow/example_dags/example_short_circuit_operator.py
[2021-07-19 00:20:07,247] {scheduler_job.py:642} INFO - DAG(s) dict_keys(['example_short_circuit_operator']) retrieved from /home/airflow/.local/lib/python3.6/site-packages/airflow/example_dags/example_short_circuit_operator.py
[2021-07-19 00:20:07,281] {logging_mixin.py:104} INFO - [2021-07-19 00:20:07,281] {dag.py:1833} INFO - Sync 1 DAGs
[2021-07-19 00:20:07,314] {logging_mixin.py:104} INFO - [2021-07-19 00:20:07,313] {dag.py:2306} INFO - Setting next_dagrun for example_short_circuit_operator to 2021-07-17 00:00:00+00:00
[2021-07-19 00:20:07,665] {scheduler_job.py:189} INFO - Processing /home/airflow/.local/lib/python3.6/site-packages/airflow/example_dags/example_short_circuit_operator.py took 0.445 seconds
[2021-07-19 00:20:37,932] {scheduler_job.py:181} INFO - Started process (PID=2861) to work on /home/airflow/.local/lib/python3.6/site-packages/airflow/example_dags/example_short_circuit_operator.py
[2021-07-19 00:20:37,934] {scheduler_job.py:632} INFO - Processing file /home/airflow/.local/lib/python3.6/site-packages/airflow/example_dags/example_short_circuit_operator.py for tasks to queue
[2021-07-19 00:20:37,936] {logging_mixin.py:104} INFO - [2021-07-19 00:20:37,935] {dagbag.py:496} INFO - Filling up the DagBag from /home/airflow/.local/lib/python3.6/site-packages/airflow/example_dags/example_short_circuit_operator.py
[2021-07-19 00:20:37,952] {scheduler_job.py:642} INFO - DAG(s) dict_keys(['example_short_circuit_operator']) retrieved from /home/airflow/.local/lib/python3.6/site-packages/airflow/example_dags/example_short_circuit_operator.py
[2021-07-19 00:20:37,976] {logging_mixin.py:104} INFO - [2021-07-19 00:20:37,976] {dag.py:1833} INFO - Sync 1 DAGs
[2021-07-19 00:20:37,994] {logging_mixin.py:104} INFO - [2021-07-19 00:20:37,994] {dag.py:2306} INFO - Setting next_dagrun for example_short_circuit_operator to 2021-07-17 00:00:00+00:00
[2021-07-19 00:20:38,342] {scheduler_job.py:189} INFO - Processing /home/airflow/.local/lib/python3.6/site-packages/airflow/example_dags/example_short_circuit_operator.py took 0.415 seconds
[2021-07-19 00:21:08,841] {scheduler_job.py:181} INFO - Started process (PID=2917) to work on /home/airflow/.local/lib/python3.6/site-packages/airflow/example_dags/example_short_circuit_operator.py
[2021-07-19 00:21:08,843] {scheduler_job.py:632} INFO - Processing file /home/airflow/.local/lib/python3.6/site-packages/airflow/example_dags/example_short_circuit_operator.py for tasks to queue
[2021-07-19 00:21:08,844] {logging_mixin.py:104} INFO - [2021-07-19 00:21:08,844] {dagbag.py:496} INFO - Filling up the DagBag from /home/airflow/.local/lib/python3.6/site-packages/airflow/example_dags/example_short_circuit_operator.py
[2021-07-19 00:21:08,861] {scheduler_job.py:642} INFO - DAG(s) dict_keys(['example_short_circuit_operator']) retrieved from /home/airflow/.local/lib/python3.6/site-packages/airflow/example_dags/example_short_circuit_operator.py
[2021-07-19 00:21:08,891] {logging_mixin.py:104} INFO - [2021-07-19 00:21:08,890] {dag.py:1833} INFO - Sync 1 DAGs
[2021-07-19 00:21:08,910] {logging_mixin.py:104} INFO - [2021-07-19 00:21:08,910] {dag.py:2306} INFO - Setting next_dagrun for example_short_circuit_operator to 2021-07-17 00:00:00+00:00
[2021-07-19 00:21:09,404] {scheduler_job.py:189} INFO - Processing /home/airflow/.local/lib/python3.6/site-packages/airflow/example_dags/example_short_circuit_operator.py took 0.566 seconds
[2021-07-19 00:21:39,759] {scheduler_job.py:181} INFO - Started process (PID=2971) to work on /home/airflow/.local/lib/python3.6/site-packages/airflow/example_dags/example_short_circuit_operator.py
[2021-07-19 00:21:39,761] {scheduler_job.py:632} INFO - Processing file /home/airflow/.local/lib/python3.6/site-packages/airflow/example_dags/example_short_circuit_operator.py for tasks to queue
[2021-07-19 00:21:39,762] {logging_mixin.py:104} INFO - [2021-07-19 00:21:39,762] {dagbag.py:496} INFO - Filling up the DagBag from /home/airflow/.local/lib/python3.6/site-packages/airflow/example_dags/example_short_circuit_operator.py
[2021-07-19 00:21:39,782] {scheduler_job.py:642} INFO - DAG(s) dict_keys(['example_short_circuit_operator']) retrieved from /home/airflow/.local/lib/python3.6/site-packages/airflow/example_dags/example_short_circuit_operator.py
[2021-07-19 00:21:39,813] {logging_mixin.py:104} INFO - [2021-07-19 00:21:39,813] {dag.py:1833} INFO - Sync 1 DAGs
[2021-07-19 00:21:39,837] {logging_mixin.py:104} INFO - [2021-07-19 00:21:39,836] {dag.py:2306} INFO - Setting next_dagrun for example_short_circuit_operator to 2021-07-17 00:00:00+00:00
[2021-07-19 00:21:39,979] {scheduler_job.py:189} INFO - Processing /home/airflow/.local/lib/python3.6/site-packages/airflow/example_dags/example_short_circuit_operator.py took 0.225 seconds
[2021-07-19 00:22:10,345] {scheduler_job.py:181} INFO - Started process (PID=3025) to work on /home/airflow/.local/lib/python3.6/site-packages/airflow/example_dags/example_short_circuit_operator.py
[2021-07-19 00:22:10,349] {scheduler_job.py:632} INFO - Processing file /home/airflow/.local/lib/python3.6/site-packages/airflow/example_dags/example_short_circuit_operator.py for tasks to queue
[2021-07-19 00:22:10,350] {logging_mixin.py:104} INFO - [2021-07-19 00:22:10,350] {dagbag.py:496} INFO - Filling up the DagBag from /home/airflow/.local/lib/python3.6/site-packages/airflow/example_dags/example_short_circuit_operator.py
[2021-07-19 00:22:10,385] {scheduler_job.py:642} INFO - DAG(s) dict_keys(['example_short_circuit_operator']) retrieved from /home/airflow/.local/lib/python3.6/site-packages/airflow/example_dags/example_short_circuit_operator.py
[2021-07-19 00:22:10,434] {logging_mixin.py:104} INFO - [2021-07-19 00:22:10,434] {dag.py:1833} INFO - Sync 1 DAGs
[2021-07-19 00:22:10,474] {logging_mixin.py:104} INFO - [2021-07-19 00:22:10,473] {dag.py:2306} INFO - Setting next_dagrun for example_short_circuit_operator to 2021-07-17 00:00:00+00:00
[2021-07-19 00:22:10,670] {scheduler_job.py:189} INFO - Processing /home/airflow/.local/lib/python3.6/site-packages/airflow/example_dags/example_short_circuit_operator.py took 0.332 seconds
[2021-07-19 00:22:41,239] {scheduler_job.py:181} INFO - Started process (PID=3093) to work on /home/airflow/.local/lib/python3.6/site-packages/airflow/example_dags/example_short_circuit_operator.py
[2021-07-19 00:22:41,241] {scheduler_job.py:632} INFO - Processing file /home/airflow/.local/lib/python3.6/site-packages/airflow/example_dags/example_short_circuit_operator.py for tasks to queue
[2021-07-19 00:22:41,242] {logging_mixin.py:104} INFO - [2021-07-19 00:22:41,242] {dagbag.py:496} INFO - Filling up the DagBag from /home/airflow/.local/lib/python3.6/site-packages/airflow/example_dags/example_short_circuit_operator.py
[2021-07-19 00:22:41,258] {scheduler_job.py:642} INFO - DAG(s) dict_keys(['example_short_circuit_operator']) retrieved from /home/airflow/.local/lib/python3.6/site-packages/airflow/example_dags/example_short_circuit_operator.py
[2021-07-19 00:22:41,284] {logging_mixin.py:104} INFO - [2021-07-19 00:22:41,284] {dag.py:1833} INFO - Sync 1 DAGs
[2021-07-19 00:22:41,302] {logging_mixin.py:104} INFO - [2021-07-19 00:22:41,301] {dag.py:2306} INFO - Setting next_dagrun for example_short_circuit_operator to 2021-07-17 00:00:00+00:00
[2021-07-19 00:22:41,729] {scheduler_job.py:189} INFO - Processing /home/airflow/.local/lib/python3.6/site-packages/airflow/example_dags/example_short_circuit_operator.py took 0.494 seconds
[2021-07-19 00:23:12,214] {scheduler_job.py:181} INFO - Started process (PID=3149) to work on /home/airflow/.local/lib/python3.6/site-packages/airflow/example_dags/example_short_circuit_operator.py
[2021-07-19 00:23:12,217] {scheduler_job.py:632} INFO - Processing file /home/airflow/.local/lib/python3.6/site-packages/airflow/example_dags/example_short_circuit_operator.py for tasks to queue
[2021-07-19 00:23:12,219] {logging_mixin.py:104} INFO - [2021-07-19 00:23:12,219] {dagbag.py:496} INFO - Filling up the DagBag from /home/airflow/.local/lib/python3.6/site-packages/airflow/example_dags/example_short_circuit_operator.py
[2021-07-19 00:23:12,241] {scheduler_job.py:642} INFO - DAG(s) dict_keys(['example_short_circuit_operator']) retrieved from /home/airflow/.local/lib/python3.6/site-packages/airflow/example_dags/example_short_circuit_operator.py
[2021-07-19 00:23:12,269] {logging_mixin.py:104} INFO - [2021-07-19 00:23:12,269] {dag.py:1833} INFO - Sync 1 DAGs
[2021-07-19 00:23:12,287] {logging_mixin.py:104} INFO - [2021-07-19 00:23:12,287] {dag.py:2306} INFO - Setting next_dagrun for example_short_circuit_operator to 2021-07-17 00:00:00+00:00
[2021-07-19 00:23:13,487] {scheduler_job.py:189} INFO - Processing /home/airflow/.local/lib/python3.6/site-packages/airflow/example_dags/example_short_circuit_operator.py took 1.278 seconds
                                                                                                                                                                                                                                                                                                                                                                                                                                                                                                                                                                                                                                                                                                                                                                                                                                                                                                                                                                                                                                                                                                                                                                                                                                                                                                                                                                                                                                                                                                                                                                                                                                                                                                                                                                                                                                                                                                                                                                                                                                                                                                                                                                                                                                                                                                                                                                                                                                                                                                                                                                                                                                                                                                                                                                                                                                                                                                                                                                                                                                                                                                                                                                                                                                                                                                                                                                                                                                                                                                                                                                                                                                                                                                                                                                                                                                                                                                                                                                                                                                                                                                                                                                                                                                                                                                                                                                                                                                                                                                                                                                                                                                                                                                                                                                                                                                                                                                                                                                                                                                                                                                                                                                                                                                                                                                                                                                                                                                                                                                                                                                                                                                                                                                                                                                                                                                                                                                                                                                                                                                                                                                                                                                                                                                                                                                                                                                                                                                                                                                                                                                                                                                                                                                                                                                                                                                                                                                                                                                                                                                                                                                                                                                                                                                                                                                                                                                                                                                                                                                                                                                                                                                                                                                                                                                                                                                                                                                                                                                                                                                                                                                                                                                                                                                                                                                                                                                                                                              