[2021-07-19 00:00:06,598] {scheduler_job.py:181} INFO - Started process (PID=473) to work on /home/airflow/.local/lib/python3.6/site-packages/airflow/example_dags/example_branch_day_of_week_operator.py
[2021-07-19 00:00:06,601] {scheduler_job.py:632} INFO - Processing file /home/airflow/.local/lib/python3.6/site-packages/airflow/example_dags/example_branch_day_of_week_operator.py for tasks to queue
[2021-07-19 00:00:06,602] {logging_mixin.py:104} INFO - [2021-07-19 00:00:06,602] {dagbag.py:496} INFO - Filling up the DagBag from /home/airflow/.local/lib/python3.6/site-packages/airflow/example_dags/example_branch_day_of_week_operator.py
[2021-07-19 00:00:06,639] {scheduler_job.py:642} INFO - DAG(s) dict_keys(['example_weekday_branch_operator']) retrieved from /home/airflow/.local/lib/python3.6/site-packages/airflow/example_dags/example_branch_day_of_week_operator.py
[2021-07-19 00:00:07,381] {logging_mixin.py:104} INFO - [2021-07-19 00:00:07,381] {dag.py:1833} INFO - Sync 1 DAGs
[2021-07-19 00:00:07,419] {logging_mixin.py:104} INFO - [2021-07-19 00:00:07,419] {dag.py:2306} INFO - Setting next_dagrun for example_weekday_branch_operator to 2021-07-17 00:00:00+00:00
[2021-07-19 00:00:07,534] {scheduler_job.py:189} INFO - Processing /home/airflow/.local/lib/python3.6/site-packages/airflow/example_dags/example_branch_day_of_week_operator.py took 0.941 seconds
[2021-07-19 00:00:37,650] {scheduler_job.py:181} INFO - Started process (PID=530) to work on /home/airflow/.local/lib/python3.6/site-packages/airflow/example_dags/example_branch_day_of_week_operator.py
[2021-07-19 00:00:37,652] {scheduler_job.py:632} INFO - Processing file /home/airflow/.local/lib/python3.6/site-packages/airflow/example_dags/example_branch_day_of_week_operator.py for tasks to queue
[2021-07-19 00:00:37,654] {logging_mixin.py:104} INFO - [2021-07-19 00:00:37,653] {dagbag.py:496} INFO - Filling up the DagBag from /home/airflow/.local/lib/python3.6/site-packages/airflow/example_dags/example_branch_day_of_week_operator.py
[2021-07-19 00:00:37,669] {scheduler_job.py:642} INFO - DAG(s) dict_keys(['example_weekday_branch_operator']) retrieved from /home/airflow/.local/lib/python3.6/site-packages/airflow/example_dags/example_branch_day_of_week_operator.py
[2021-07-19 00:00:37,704] {logging_mixin.py:104} INFO - [2021-07-19 00:00:37,704] {dag.py:1833} INFO - Sync 1 DAGs
[2021-07-19 00:00:37,752] {logging_mixin.py:104} INFO - [2021-07-19 00:00:37,752] {dag.py:2306} INFO - Setting next_dagrun for example_weekday_branch_operator to 2021-07-17 00:00:00+00:00
[2021-07-19 00:00:37,845] {scheduler_job.py:189} INFO - Processing /home/airflow/.local/lib/python3.6/site-packages/airflow/example_dags/example_branch_day_of_week_operator.py took 0.200 seconds
[2021-07-19 00:01:08,224] {scheduler_job.py:181} INFO - Started process (PID=586) to work on /home/airflow/.local/lib/python3.6/site-packages/airflow/example_dags/example_branch_day_of_week_operator.py
[2021-07-19 00:01:08,226] {scheduler_job.py:632} INFO - Processing file /home/airflow/.local/lib/python3.6/site-packages/airflow/example_dags/example_branch_day_of_week_operator.py for tasks to queue
[2021-07-19 00:01:08,227] {logging_mixin.py:104} INFO - [2021-07-19 00:01:08,227] {dagbag.py:496} INFO - Filling up the DagBag from /home/airflow/.local/lib/python3.6/site-packages/airflow/example_dags/example_branch_day_of_week_operator.py
[2021-07-19 00:01:08,243] {scheduler_job.py:642} INFO - DAG(s) dict_keys(['example_weekday_branch_operator']) retrieved from /home/airflow/.local/lib/python3.6/site-packages/airflow/example_dags/example_branch_day_of_week_operator.py
[2021-07-19 00:01:08,271] {logging_mixin.py:104} INFO - [2021-07-19 00:01:08,271] {dag.py:1833} INFO - Sync 1 DAGs
[2021-07-19 00:01:08,294] {logging_mixin.py:104} INFO - [2021-07-19 00:01:08,294] {dag.py:2306} INFO - Setting next_dagrun for example_weekday_branch_operator to 2021-07-17 00:00:00+00:00
[2021-07-19 00:01:08,339] {scheduler_job.py:189} INFO - Processing /home/airflow/.local/lib/python3.6/site-packages/airflow/example_dags/example_branch_day_of_week_operator.py took 0.119 seconds
[2021-07-19 00:01:38,455] {scheduler_job.py:181} INFO - Started process (PID=651) to work on /home/airflow/.local/lib/python3.6/site-packages/airflow/example_dags/example_branch_day_of_week_operator.py
[2021-07-19 00:01:38,457] {scheduler_job.py:632} INFO - Processing file /home/airflow/.local/lib/python3.6/site-packages/airflow/example_dags/example_branch_day_of_week_operator.py for tasks to queue
[2021-07-19 00:01:38,459] {logging_mixin.py:104} INFO - [2021-07-19 00:01:38,458] {dagbag.py:496} INFO - Filling up the DagBag from /home/airflow/.local/lib/python3.6/site-packages/airflow/example_dags/example_branch_day_of_week_operator.py
[2021-07-19 00:01:38,474] {scheduler_job.py:642} INFO - DAG(s) dict_keys(['example_weekday_branch_operator']) retrieved from /home/airflow/.local/lib/python3.6/site-packages/airflow/example_dags/example_branch_day_of_week_operator.py
[2021-07-19 00:01:38,502] {logging_mixin.py:104} INFO - [2021-07-19 00:01:38,502] {dag.py:1833} INFO - Sync 1 DAGs
[2021-07-19 00:01:38,528] {logging_mixin.py:104} INFO - [2021-07-19 00:01:38,528] {dag.py:2306} INFO - Setting next_dagrun for example_weekday_branch_operator to 2021-07-17 00:00:00+00:00
[2021-07-19 00:01:38,623] {scheduler_job.py:189} INFO - Processing /home/airflow/.local/lib/python3.6/site-packages/airflow/example_dags/example_branch_day_of_week_operator.py took 0.171 seconds
[2021-07-19 00:02:09,418] {scheduler_job.py:181} INFO - Started process (PID=707) to work on /home/airflow/.local/lib/python3.6/site-packages/airflow/example_dags/example_branch_day_of_week_operator.py
[2021-07-19 00:02:09,420] {scheduler_job.py:632} INFO - Processing file /home/airflow/.local/lib/python3.6/site-packages/airflow/example_dags/example_branch_day_of_week_operator.py for tasks to queue
[2021-07-19 00:02:09,422] {logging_mixin.py:104} INFO - [2021-07-19 00:02:09,422] {dagbag.py:496} INFO - Filling up the DagBag from /home/airflow/.local/lib/python3.6/site-packages/airflow/example_dags/example_branch_day_of_week_operator.py
[2021-07-19 00:02:09,448] {scheduler_job.py:642} INFO - DAG(s) dict_keys(['example_weekday_branch_operator']) retrieved from /home/airflow/.local/lib/python3.6/site-packages/airflow/example_dags/example_branch_day_of_week_operator.py
[2021-07-19 00:02:09,486] {logging_mixin.py:104} INFO - [2021-07-19 00:02:09,485] {dag.py:1833} INFO - Sync 1 DAGs
[2021-07-19 00:02:09,539] {logging_mixin.py:104} INFO - [2021-07-19 00:02:09,539] {dag.py:2306} INFO - Setting next_dagrun for example_weekday_branch_operator to 2021-07-17 00:00:00+00:00
[2021-07-19 00:02:09,747] {scheduler_job.py:189} INFO - Processing /home/airflow/.local/lib/python3.6/site-packages/airflow/example_dags/example_branch_day_of_week_operator.py took 0.335 seconds
[2021-07-19 00:02:40,279] {scheduler_job.py:181} INFO - Started process (PID=777) to work on /home/airflow/.local/lib/python3.6/site-packages/airflow/example_dags/example_branch_day_of_week_operator.py
[2021-07-19 00:02:40,281] {scheduler_job.py:632} INFO - Processing file /home/airflow/.local/lib/python3.6/site-packages/airflow/example_dags/example_branch_day_of_week_operator.py for tasks to queue
[2021-07-19 00:02:40,282] {logging_mixin.py:104} INFO - [2021-07-19 00:02:40,282] {dagbag.py:496} INFO - Filling up the DagBag from /home/airflow/.local/lib/python3.6/site-packages/airflow/example_dags/example_branch_day_of_week_operator.py
[2021-07-19 00:02:40,298] {scheduler_job.py:642} INFO - DAG(s) dict_keys(['example_weekday_branch_operator']) retrieved from /home/airflow/.local/lib/python3.6/site-packages/airflow/example_dags/example_branch_day_of_week_operator.py
[2021-07-19 00:02:40,328] {logging_mixin.py:104} INFO - [2021-07-19 00:02:40,328] {dag.py:1833} INFO - Sync 1 DAGs
[2021-07-19 00:02:40,386] {logging_mixin.py:104} INFO - [2021-07-19 00:02:40,386] {dag.py:2306} INFO - Setting next_dagrun for example_weekday_branch_operator to 2021-07-17 00:00:00+00:00
[2021-07-19 00:02:40,430] {scheduler_job.py:189} INFO - Processing /home/airflow/.local/lib/python3.6/site-packages/airflow/example_dags/example_branch_day_of_week_operator.py took 0.156 seconds
[2021-07-19 00:03:10,539] {scheduler_job.py:181} INFO - Started process (PID=832) to work on /home/airflow/.local/lib/python3.6/site-packages/airflow/example_dags/example_branch_day_of_week_operator.py
[2021-07-19 00:03:10,542] {scheduler_job.py:632} INFO - Processing file /home/airflow/.local/lib/python3.6/site-packages/airflow/example_dags/example_branch_day_of_week_operator.py for tasks to queue
[2021-07-19 00:03:10,543] {logging_mixin.py:104} INFO - [2021-07-19 00:03:10,543] {dagbag.py:496} INFO - Filling up the DagBag from /home/airflow/.local/lib/python3.6/site-packages/airflow/example_dags/example_branch_day_of_week_operator.py
[2021-07-19 00:03:10,559] {scheduler_job.py:642} INFO - DAG(s) dict_keys(['example_weekday_branch_operator']) retrieved from /home/airflow/.local/lib/python3.6/site-packages/airflow/example_dags/example_branch_day_of_week_operator.py
[2021-07-19 00:03:10,593] {logging_mixin.py:104} INFO - [2021-07-19 00:03:10,593] {dag.py:1833} INFO - Sync 1 DAGs
[2021-07-19 00:03:10,619] {logging_mixin.py:104} INFO - [2021-07-19 00:03:10,619] {dag.py:2306} INFO - Setting next_dagrun for example_weekday_branch_operator to 2021-07-17 00:00:00+00:00
[2021-07-19 00:03:10,755] {scheduler_job.py:189} INFO - Processing /home/airflow/.local/lib/python3.6/site-packages/airflow/example_dags/example_branch_day_of_week_operator.py took 0.220 seconds
[2021-07-19 00:03:41,247] {scheduler_job.py:181} INFO - Started process (PID=887) to work on /home/airflow/.local/lib/python3.6/site-packages/airflow/example_dags/example_branch_day_of_week_operator.py
[2021-07-19 00:03:41,256] {scheduler_job.py:632} INFO - Processing file /home/airflow/.local/lib/python3.6/site-packages/airflow/example_dags/example_branch_day_of_week_operator.py for tasks to queue
[2021-07-19 00:03:41,260] {logging_mixin.py:104} INFO - [2021-07-19 00:03:41,260] {dagbag.py:496} INFO - Filling up the DagBag from /home/airflow/.local/lib/python3.6/site-packages/airflow/example_dags/example_branch_day_of_week_operator.py
[2021-07-19 00:03:41,295] {scheduler_job.py:642} INFO - DAG(s) dict_keys(['example_weekday_branch_operator']) retrieved from /home/airflow/.local/lib/python3.6/site-packages/airflow/example_dags/example_branch_day_of_week_operator.py
[2021-07-19 00:03:41,326] {logging_mixin.py:104} INFO - [2021-07-19 00:03:41,326] {dag.py:1833} INFO - Sync 1 DAGs
[2021-07-19 00:03:41,351] {logging_mixin.py:104} INFO - [2021-07-19 00:03:41,351] {dag.py:2306} INFO - Setting next_dagrun for example_weekday_branch_operator to 2021-07-17 00:00:00+00:00
[2021-07-19 00:03:41,434] {scheduler_job.py:189} INFO - Processing /home/airflow/.local/lib/python3.6/site-packages/airflow/example_dags/example_branch_day_of_week_operator.py took 0.200 seconds
[2021-07-19 00:04:11,809] {scheduler_job.py:181} INFO - Started process (PID=954) to work on /home/airflow/.local/lib/python3.6/site-packages/airflow/example_dags/example_branch_day_of_week_operator.py
[2021-07-19 00:04:11,811] {scheduler_job.py:632} INFO - Processing file /home/airflow/.local/lib/python3.6/site-packages/airflow/example_dags/example_branch_day_of_week_operator.py for tasks to queue
[2021-07-19 00:04:11,812] {logging_mixin.py:104} INFO - [2021-07-19 00:04:11,812] {dagbag.py:496} INFO - Filling up the DagBag from /home/airflow/.local/lib/python3.6/site-packages/airflow/example_dags/example_branch_day_of_week_operator.py
[2021-07-19 00:04:11,828] {scheduler_job.py:642} INFO - DAG(s) dict_keys(['example_weekday_branch_operator']) retrieved from /home/airflow/.local/lib/python3.6/site-packages/airflow/example_dags/example_branch_day_of_week_operator.py
[2021-07-19 00:04:11,862] {logging_mixin.py:104} INFO - [2021-07-19 00:04:11,861] {dag.py:1833} INFO - Sync 1 DAGs
[2021-07-19 00:04:11,885] {logging_mixin.py:104} INFO - [2021-07-19 00:04:11,885] {dag.py:2306} INFO - Setting next_dagrun for example_weekday_branch_operator to 2021-07-17 00:00:00+00:00
[2021-07-19 00:04:11,975] {scheduler_job.py:189} INFO - Processing /home/airflow/.local/lib/python3.6/site-packages/airflow/example_dags/example_branch_day_of_week_operator.py took 0.171 seconds
[2021-07-19 00:04:42,524] {scheduler_job.py:181} INFO - Started process (PID=1011) to work on /home/airflow/.local/lib/python3.6/site-packages/airflow/example_dags/example_branch_day_of_week_operator.py
[2021-07-19 00:04:42,529] {scheduler_job.py:632} INFO - Processing file /home/airflow/.local/lib/python3.6/site-packages/airflow/example_dags/example_branch_day_of_week_operator.py for tasks to queue
[2021-07-19 00:04:42,533] {logging_mixin.py:104} INFO - [2021-07-19 00:04:42,532] {dagbag.py:496} INFO - Filling up the DagBag from /home/airflow/.local/lib/python3.6/site-packages/airflow/example_dags/example_branch_day_of_week_operator.py
[2021-07-19 00:04:42,577] {scheduler_job.py:642} INFO - DAG(s) dict_keys(['example_weekday_branch_operator']) retrieved from /home/airflow/.local/lib/python3.6/site-packages/airflow/example_dags/example_branch_day_of_week_operator.py
[2021-07-19 00:04:42,611] {logging_mixin.py:104} INFO - [2021-07-19 00:04:42,610] {dag.py:1833} INFO - Sync 1 DAGs
[2021-07-19 00:04:42,636] {logging_mixin.py:104} INFO - [2021-07-19 00:04:42,636] {dag.py:2306} INFO - Setting next_dagrun for example_weekday_branch_operator to 2021-07-17 00:00:00+00:00
[2021-07-19 00:04:42,720] {scheduler_job.py:189} INFO - Processing /home/airflow/.local/lib/python3.6/site-packages/airflow/example_dags/example_branch_day_of_week_operator.py took 0.207 seconds
[2021-07-19 00:05:12,970] {scheduler_job.py:181} INFO - Started process (PID=1067) to work on /home/airflow/.local/lib/python3.6/site-packages/airflow/example_dags/example_branch_day_of_week_operator.py
[2021-07-19 00:05:12,976] {scheduler_job.py:632} INFO - Processing file /home/airflow/.local/lib/python3.6/site-packages/airflow/example_dags/example_branch_day_of_week_operator.py for tasks to queue
[2021-07-19 00:05:12,981] {logging_mixin.py:104} INFO - [2021-07-19 00:05:12,980] {dagbag.py:496} INFO - Filling up the DagBag from /home/airflow/.local/lib/python3.6/site-packages/airflow/example_dags/example_branch_day_of_week_operator.py
[2021-07-19 00:05:13,011] {scheduler_job.py:642} INFO - DAG(s) dict_keys(['example_weekday_branch_operator']) retrieved from /home/airflow/.local/lib/python3.6/site-packages/airflow/example_dags/example_branch_day_of_week_operator.py
[2021-07-19 00:05:13,056] {logging_mixin.py:104} INFO - [2021-07-19 00:05:13,055] {dag.py:1833} INFO - Sync 1 DAGs
[2021-07-19 00:05:13,083] {logging_mixin.py:104} INFO - [2021-07-19 00:05:13,083] {dag.py:2306} INFO - Setting next_dagrun for example_weekday_branch_operator to 2021-07-17 00:00:00+00:00
[2021-07-19 00:05:13,167] {scheduler_job.py:189} INFO - Processing /home/airflow/.local/lib/python3.6/site-packages/airflow/example_dags/example_branch_day_of_week_operator.py took 0.212 seconds
[2021-07-19 00:05:43,344] {scheduler_job.py:181} INFO - Started process (PID=1134) to work on /home/airflow/.local/lib/python3.6/site-packages/airflow/example_dags/example_branch_day_of_week_operator.py
[2021-07-19 00:05:43,346] {scheduler_job.py:632} INFO - Processing file /home/airflow/.local/lib/python3.6/site-packages/airflow/example_dags/example_branch_day_of_week_operator.py for tasks to queue
[2021-07-19 00:05:43,347] {logging_mixin.py:104} INFO - [2021-07-19 00:05:43,347] {dagbag.py:496} INFO - Filling up the DagBag from /home/airflow/.local/lib/python3.6/site-packages/airflow/example_dags/example_branch_day_of_week_operator.py
[2021-07-19 00:05:43,366] {scheduler_job.py:642} INFO - DAG(s) dict_keys(['example_weekday_branch_operator']) retrieved from /home/airflow/.local/lib/python3.6/site-packages/airflow/example_dags/example_branch_day_of_week_operator.py
[2021-07-19 00:05:43,395] {logging_mixin.py:104} INFO - [2021-07-19 00:05:43,394] {dag.py:1833} INFO - Sync 1 DAGs
[2021-07-19 00:05:43,423] {logging_mixin.py:104} INFO - [2021-07-19 00:05:43,423] {dag.py:2306} INFO - Setting next_dagrun for example_weekday_branch_operator to 2021-07-17 00:00:00+00:00
[2021-07-19 00:05:43,495] {scheduler_job.py:189} INFO - Processing /home/airflow/.local/lib/python3.6/site-packages/airflow/example_dags/example_branch_day_of_week_operator.py took 0.155 seconds
[2021-07-19 00:06:13,700] {scheduler_job.py:181} INFO - Started process (PID=1190) to work on /home/airflow/.local/lib/python3.6/site-packages/airflow/example_dags/example_branch_day_of_week_operator.py
[2021-07-19 00:06:13,703] {scheduler_job.py:632} INFO - Processing file /home/airflow/.local/lib/python3.6/site-packages/airflow/example_dags/example_branch_day_of_week_operator.py for tasks to queue
[2021-07-19 00:06:13,704] {logging_mixin.py:104} INFO - [2021-07-19 00:06:13,704] {dagbag.py:496} INFO - Filling up the DagBag from /home/airflow/.local/lib/python3.6/site-packages/airflow/example_dags/example_branch_day_of_week_operator.py
[2021-07-19 00:06:13,719] {scheduler_job.py:642} INFO - DAG(s) dict_keys(['example_weekday_branch_operator']) retrieved from /home/airflow/.local/lib/python3.6/site-packages/airflow/example_dags/example_branch_day_of_week_operator.py
[2021-07-19 00:06:13,743] {logging_mixin.py:104} INFO - [2021-07-19 00:06:13,743] {dag.py:1833} INFO - Sync 1 DAGs
[2021-07-19 00:06:13,766] {logging_mixin.py:104} INFO - [2021-07-19 00:06:13,766] {dag.py:2306} INFO - Setting next_dagrun for example_weekday_branch_operator to 2021-07-17 00:00:00+00:00
[2021-07-19 00:06:13,871] {scheduler_job.py:189} INFO - Processing /home/airflow/.local/lib/python3.6/site-packages/airflow/example_dags/example_branch_day_of_week_operator.py took 0.174 seconds
[2021-07-19 00:06:43,990] {scheduler_job.py:181} INFO - Started process (PID=1258) to work on /home/airflow/.local/lib/python3.6/site-packages/airflow/example_dags/example_branch_day_of_week_operator.py
[2021-07-19 00:06:43,992] {scheduler_job.py:632} INFO - Processing file /home/airflow/.local/lib/python3.6/site-packages/airflow/example_dags/example_branch_day_of_week_operator.py for tasks to queue
[2021-07-19 00:06:43,994] {logging_mixin.py:104} INFO - [2021-07-19 00:06:43,994] {dagbag.py:496} INFO - Filling up the DagBag from /home/airflow/.local/lib/python3.6/site-packages/airflow/example_dags/example_branch_day_of_week_operator.py
[2021-07-19 00:06:44,013] {scheduler_job.py:642} INFO - DAG(s) dict_keys(['example_weekday_branch_operator']) retrieved from /home/airflow/.local/lib/python3.6/site-packages/airflow/example_dags/example_branch_day_of_week_operator.py
[2021-07-19 00:06:44,043] {logging_mixin.py:104} INFO - [2021-07-19 00:06:44,043] {dag.py:1833} INFO - Sync 1 DAGs
[2021-07-19 00:06:44,073] {logging_mixin.py:104} INFO - [2021-07-19 00:06:44,073] {dag.py:2306} INFO - Setting next_dagrun for example_weekday_branch_operator to 2021-07-17 00:00:00+00:00
[2021-07-19 00:06:44,112] {scheduler_job.py:189} INFO - Processing /home/airflow/.local/lib/python3.6/site-packages/airflow/example_dags/example_branch_day_of_week_operator.py took 0.126 seconds
[2021-07-19 00:07:14,379] {scheduler_job.py:181} INFO - Started process (PID=1316) to work on /home/airflow/.local/lib/python3.6/site-packages/airflow/example_dags/example_branch_day_of_week_operator.py
[2021-07-19 00:07:14,382] {scheduler_job.py:632} INFO - Processing file /home/airflow/.local/lib/python3.6/site-packages/airflow/example_dags/example_branch_day_of_week_operator.py for tasks to queue
[2021-07-19 00:07:14,384] {logging_mixin.py:104} INFO - [2021-07-19 00:07:14,384] {dagbag.py:496} INFO - Filling up the DagBag from /home/airflow/.local/lib/python3.6/site-packages/airflow/example_dags/example_branch_day_of_week_operator.py
[2021-07-19 00:07:14,405] {scheduler_job.py:642} INFO - DAG(s) dict_keys(['example_weekday_branch_operator']) retrieved from /home/airflow/.local/lib/python3.6/site-packages/airflow/example_dags/example_branch_day_of_week_operator.py
[2021-07-19 00:07:14,455] {logging_mixin.py:104} INFO - [2021-07-19 00:07:14,454] {dag.py:1833} INFO - Sync 1 DAGs
[2021-07-19 00:07:14,509] {logging_mixin.py:104} INFO - [2021-07-19 00:07:14,509] {dag.py:2306} INFO - Setting next_dagrun for example_weekday_branch_operator to 2021-07-17 00:00:00+00:00
[2021-07-19 00:07:14,592] {scheduler_job.py:189} INFO - Processing /home/airflow/.local/lib/python3.6/site-packages/airflow/example_dags/example_branch_day_of_week_operator.py took 0.217 seconds
[2021-07-19 00:07:45,083] {scheduler_job.py:181} INFO - Started process (PID=1372) to work on /home/airflow/.local/lib/python3.6/site-packages/airflow/example_dags/example_branch_day_of_week_operator.py
[2021-07-19 00:07:45,085] {scheduler_job.py:632} INFO - Processing file /home/airflow/.local/lib/python3.6/site-packages/airflow/example_dags/example_branch_day_of_week_operator.py for tasks to queue
[2021-07-19 00:07:45,086] {logging_mixin.py:104} INFO - [2021-07-19 00:07:45,086] {dagbag.py:496} INFO - Filling up the DagBag from /home/airflow/.local/lib/python3.6/site-packages/airflow/example_dags/example_branch_day_of_week_operator.py
[2021-07-19 00:07:45,105] {scheduler_job.py:642} INFO - DAG(s) dict_keys(['example_weekday_branch_operator']) retrieved from /home/airflow/.local/lib/python3.6/site-packages/airflow/example_dags/example_branch_day_of_week_operator.py
[2021-07-19 00:07:45,134] {logging_mixin.py:104} INFO - [2021-07-19 00:07:45,134] {dag.py:1833} INFO - Sync 1 DAGs
[2021-07-19 00:07:45,212] {logging_mixin.py:104} INFO - [2021-07-19 00:07:45,212] {dag.py:2306} INFO - Setting next_dagrun for example_weekday_branch_operator to 2021-07-17 00:00:00+00:00
[2021-07-19 00:07:45,307] {scheduler_job.py:189} INFO - Processing /home/airflow/.local/lib/python3.6/site-packages/airflow/example_dags/example_branch_day_of_week_operator.py took 0.229 seconds
[2021-07-19 00:08:16,051] {scheduler_job.py:181} INFO - Started process (PID=1440) to work on /home/airflow/.local/lib/python3.6/site-packages/airflow/example_dags/example_branch_day_of_week_operator.py
[2021-07-19 00:08:16,053] {scheduler_job.py:632} INFO - Processing file /home/airflow/.local/lib/python3.6/site-packages/airflow/example_dags/example_branch_day_of_week_operator.py for tasks to queue
[2021-07-19 00:08:16,055] {logging_mixin.py:104} INFO - [2021-07-19 00:08:16,055] {dagbag.py:496} INFO - Filling up the DagBag from /home/airflow/.local/lib/python3.6/site-packages/airflow/example_dags/example_branch_day_of_week_operator.py
[2021-07-19 00:08:16,074] {scheduler_job.py:642} INFO - DAG(s) dict_keys(['example_weekday_branch_operator']) retrieved from /home/airflow/.local/lib/python3.6/site-packages/airflow/example_dags/example_branch_day_of_week_operator.py
[2021-07-19 00:08:16,104] {logging_mixin.py:104} INFO - [2021-07-19 00:08:16,104] {dag.py:1833} INFO - Sync 1 DAGs
[2021-07-19 00:08:16,136] {logging_mixin.py:104} INFO - [2021-07-19 00:08:16,136] {dag.py:2306} INFO - Setting next_dagrun for example_weekday_branch_operator to 2021-07-17 00:00:00+00:00
[2021-07-19 00:08:16,180] {scheduler_job.py:189} INFO - Processing /home/airflow/.local/lib/python3.6/site-packages/airflow/example_dags/example_branch_day_of_week_operator.py took 0.134 seconds
[2021-07-19 00:08:46,488] {scheduler_job.py:181} INFO - Started process (PID=1496) to work on /home/airflow/.local/lib/python3.6/site-packages/airflow/example_dags/example_branch_day_of_week_operator.py
[2021-07-19 00:08:46,491] {scheduler_job.py:632} INFO - Processing file /home/airflow/.local/lib/python3.6/site-packages/airflow/example_dags/example_branch_day_of_week_operator.py for tasks to queue
[2021-07-19 00:08:46,492] {logging_mixin.py:104} INFO - [2021-07-19 00:08:46,492] {dagbag.py:496} INFO - Filling up the DagBag from /home/airflow/.local/lib/python3.6/site-packages/airflow/example_dags/example_branch_day_of_week_operator.py
[2021-07-19 00:08:46,507] {scheduler_job.py:642} INFO - DAG(s) dict_keys(['example_weekday_branch_operator']) retrieved from /home/airflow/.local/lib/python3.6/site-packages/airflow/example_dags/example_branch_day_of_week_operator.py
[2021-07-19 00:08:46,530] {logging_mixin.py:104} INFO - [2021-07-19 00:08:46,530] {dag.py:1833} INFO - Sync 1 DAGs
[2021-07-19 00:08:46,555] {logging_mixin.py:104} INFO - [2021-07-19 00:08:46,555] {dag.py:2306} INFO - Setting next_dagrun for example_weekday_branch_operator to 2021-07-17 00:00:00+00:00
[2021-07-19 00:08:46,665] {scheduler_job.py:189} INFO - Processing /home/airflow/.local/lib/python3.6/site-packages/airflow/example_dags/example_branch_day_of_week_operator.py took 0.182 seconds
[2021-07-19 00:09:17,222] {scheduler_job.py:181} INFO - Started process (PID=1551) to work on /home/airflow/.local/lib/python3.6/site-packages/airflow/example_dags/example_branch_day_of_week_operator.py
[2021-07-19 00:09:17,224] {scheduler_job.py:632} INFO - Processing file /home/airflow/.local/lib/python3.6/site-packages/airflow/example_dags/example_branch_day_of_week_operator.py for tasks to queue
[2021-07-19 00:09:17,225] {logging_mixin.py:104} INFO - [2021-07-19 00:09:17,225] {dagbag.py:496} INFO - Filling up the DagBag from /home/airflow/.local/lib/python3.6/site-packages/airflow/example_dags/example_branch_day_of_week_operator.py
[2021-07-19 00:09:17,240] {scheduler_job.py:642} INFO - DAG(s) dict_keys(['example_weekday_branch_operator']) retrieved from /home/airflow/.local/lib/python3.6/site-packages/airflow/example_dags/example_branch_day_of_week_operator.py
[2021-07-19 00:09:17,266] {logging_mixin.py:104} INFO - [2021-07-19 00:09:17,266] {dag.py:1833} INFO - Sync 1 DAGs
[2021-07-19 00:09:17,295] {logging_mixin.py:104} INFO - [2021-07-19 00:09:17,294] {dag.py:2306} INFO - Setting next_dagrun for example_weekday_branch_operator to 2021-07-17 00:00:00+00:00
[2021-07-19 00:09:17,507] {scheduler_job.py:189} INFO - Processing /home/airflow/.local/lib/python3.6/site-packages/airflow/example_dags/example_branch_day_of_week_operator.py took 0.289 seconds
[2021-07-19 00:09:47,660] {scheduler_job.py:181} INFO - Started process (PID=1618) to work on /home/airflow/.local/lib/python3.6/site-packages/airflow/example_dags/example_branch_day_of_week_operator.py
[2021-07-19 00:09:47,662] {scheduler_job.py:632} INFO - Processing file /home/airflow/.local/lib/python3.6/site-packages/airflow/example_dags/example_branch_day_of_week_operator.py for tasks to queue
[2021-07-19 00:09:47,663] {logging_mixin.py:104} INFO - [2021-07-19 00:09:47,663] {dagbag.py:496} INFO - Filling up the DagBag from /home/airflow/.local/lib/python3.6/site-packages/airflow/example_dags/example_branch_day_of_week_operator.py
[2021-07-19 00:09:47,679] {scheduler_job.py:642} INFO - DAG(s) dict_keys(['example_weekday_branch_operator']) retrieved from /home/airflow/.local/lib/python3.6/site-packages/airflow/example_dags/example_branch_day_of_week_operator.py
[2021-07-19 00:09:47,706] {logging_mixin.py:104} INFO - [2021-07-19 00:09:47,706] {dag.py:1833} INFO - Sync 1 DAGs
[2021-07-19 00:09:47,731] {logging_mixin.py:104} INFO - [2021-07-19 00:09:47,730] {dag.py:2306} INFO - Setting next_dagrun for example_weekday_branch_operator to 2021-07-17 00:00:00+00:00
[2021-07-19 00:09:47,790] {scheduler_job.py:189} INFO - Processing /home/airflow/.local/lib/python3.6/site-packages/airflow/example_dags/example_branch_day_of_week_operator.py took 0.134 seconds
[2021-07-19 00:10:18,276] {scheduler_job.py:181} INFO - Started process (PID=1675) to work on /home/airflow/.local/lib/python3.6/site-packages/airflow/example_dags/example_branch_day_of_week_operator.py
[2021-07-19 00:10:18,283] {scheduler_job.py:632} INFO - Processing file /home/airflow/.local/lib/python3.6/site-packages/airflow/example_dags/example_branch_day_of_week_operator.py for tasks to queue
[2021-07-19 00:10:18,287] {logging_mixin.py:104} INFO - [2021-07-19 00:10:18,286] {dagbag.py:496} INFO - Filling up the DagBag from /home/airflow/.local/lib/python3.6/site-packages/airflow/example_dags/example_branch_day_of_week_operator.py
[2021-07-19 00:10:18,314] {scheduler_job.py:642} INFO - DAG(s) dict_keys(['example_weekday_branch_operator']) retrieved from /home/airflow/.local/lib/python3.6/site-packages/airflow/example_dags/example_branch_day_of_week_operator.py
[2021-07-19 00:10:18,359] {logging_mixin.py:104} INFO - [2021-07-19 00:10:18,358] {dag.py:1833} INFO - Sync 1 DAGs
[2021-07-19 00:10:18,382] {logging_mixin.py:104} INFO - [2021-07-19 00:10:18,382] {dag.py:2306} INFO - Setting next_dagrun for example_weekday_branch_operator to 2021-07-17 00:00:00+00:00
[2021-07-19 00:10:18,588] {scheduler_job.py:189} INFO - Processing /home/airflow/.local/lib/python3.6/site-packages/airflow/example_dags/example_branch_day_of_week_operator.py took 0.321 seconds
[2021-07-19 00:10:50,827] {scheduler_job.py:181} INFO - Started process (PID=1732) to work on /home/airflow/.local/lib/python3.6/site-packages/airflow/example_dags/example_branch_day_of_week_operator.py
[2021-07-19 00:10:50,829] {scheduler_job.py:632} INFO - Processing file /home/airflow/.local/lib/python3.6/site-packages/airflow/example_dags/example_branch_day_of_week_operator.py for tasks to queue
[2021-07-19 00:10:50,830] {logging_mixin.py:104} INFO - [2021-07-19 00:10:50,830] {dagbag.py:496} INFO - Filling up the DagBag from /home/airflow/.local/lib/python3.6/site-packages/airflow/example_dags/example_branch_day_of_week_operator.py
[2021-07-19 00:10:50,848] {scheduler_job.py:642} INFO - DAG(s) dict_keys(['example_weekday_branch_operator']) retrieved from /home/airflow/.local/lib/python3.6/site-packages/airflow/example_dags/example_branch_day_of_week_operator.py
[2021-07-19 00:10:50,876] {logging_mixin.py:104} INFO - [2021-07-19 00:10:50,876] {dag.py:1833} INFO - Sync 1 DAGs
[2021-07-19 00:10:50,899] {logging_mixin.py:104} INFO - [2021-07-19 00:10:50,899] {dag.py:2306} INFO - Setting next_dagrun for example_weekday_branch_operator to 2021-07-17 00:00:00+00:00
[2021-07-19 00:10:51,068] {scheduler_job.py:189} INFO - Processing /home/airflow/.local/lib/python3.6/site-packages/airflow/example_dags/example_branch_day_of_week_operator.py took 0.245 seconds
[2021-07-19 00:11:21,784] {scheduler_job.py:181} INFO - Started process (PID=1798) to work on /home/airflow/.local/lib/python3.6/site-packages/airflow/example_dags/example_branch_day_of_week_operator.py
[2021-07-19 00:11:21,786] {scheduler_job.py:632} INFO - Processing file /home/airflow/.local/lib/python3.6/site-packages/airflow/example_dags/example_branch_day_of_week_operator.py for tasks to queue
[2021-07-19 00:11:21,787] {logging_mixin.py:104} INFO - [2021-07-19 00:11:21,787] {dagbag.py:496} INFO - Filling up the DagBag from /home/airflow/.local/lib/python3.6/site-packages/airflow/example_dags/example_branch_day_of_week_operator.py
[2021-07-19 00:11:21,806] {scheduler_job.py:642} INFO - DAG(s) dict_keys(['example_weekday_branch_operator']) retrieved from /home/airflow/.local/lib/python3.6/site-packages/airflow/example_dags/example_branch_day_of_week_operator.py
[2021-07-19 00:11:21,838] {logging_mixin.py:104} INFO - [2021-07-19 00:11:21,837] {dag.py:1833} INFO - Sync 1 DAGs
[2021-07-19 00:11:21,872] {logging_mixin.py:104} INFO - [2021-07-19 00:11:21,872] {dag.py:2306} INFO - Setting next_dagrun for example_weekday_branch_operator to 2021-07-17 00:00:00+00:00
[2021-07-19 00:11:22,425] {scheduler_job.py:189} INFO - Processing /home/airflow/.local/lib/python3.6/site-packages/airflow/example_dags/example_branch_day_of_week_operator.py took 0.646 seconds
[2021-07-19 00:11:52,546] {scheduler_job.py:181} INFO - Started process (PID=1857) to work on /home/airflow/.local/lib/python3.6/site-packages/airflow/example_dags/example_branch_day_of_week_operator.py
[2021-07-19 00:11:52,552] {scheduler_job.py:632} INFO - Processing file /home/airflow/.local/lib/python3.6/site-packages/airflow/example_dags/example_branch_day_of_week_operator.py for tasks to queue
[2021-07-19 00:11:52,553] {logging_mixin.py:104} INFO - [2021-07-19 00:11:52,553] {dagbag.py:496} INFO - Filling up the DagBag from /home/airflow/.local/lib/python3.6/site-packages/airflow/example_dags/example_branch_day_of_week_operator.py
[2021-07-19 00:11:52,568] {scheduler_job.py:642} INFO - DAG(s) dict_keys(['example_weekday_branch_operator']) retrieved from /home/airflow/.local/lib/python3.6/site-packages/airflow/example_dags/example_branch_day_of_week_operator.py
[2021-07-19 00:11:52,598] {logging_mixin.py:104} INFO - [2021-07-19 00:11:52,597] {dag.py:1833} INFO - Sync 1 DAGs
[2021-07-19 00:11:52,624] {logging_mixin.py:104} INFO - [2021-07-19 00:11:52,623] {dag.py:2306} INFO - Setting next_dagrun for example_weekday_branch_operator to 2021-07-17 00:00:00+00:00
[2021-07-19 00:11:52,710] {scheduler_job.py:189} INFO - Processing /home/airflow/.local/lib/python3.6/site-packages/airflow/example_dags/example_branch_day_of_week_operator.py took 0.170 seconds
[2021-07-19 00:12:22,807] {scheduler_job.py:181} INFO - Started process (PID=1912) to work on /home/airflow/.local/lib/python3.6/site-packages/airflow/example_dags/example_branch_day_of_week_operator.py
[2021-07-19 00:12:22,809] {scheduler_job.py:632} INFO - Processing file /home/airflow/.local/lib/python3.6/site-packages/airflow/example_dags/example_branch_day_of_week_operator.py for tasks to queue
[2021-07-19 00:12:22,810] {logging_mixin.py:104} INFO - [2021-07-19 00:12:22,810] {dagbag.py:496} INFO - Filling up the DagBag from /home/airflow/.local/lib/python3.6/site-packages/airflow/example_dags/example_branch_day_of_week_operator.py
[2021-07-19 00:12:22,826] {scheduler_job.py:642} INFO - DAG(s) dict_keys(['example_weekday_branch_operator']) retrieved from /home/airflow/.local/lib/python3.6/site-packages/airflow/example_dags/example_branch_day_of_week_operator.py
[2021-07-19 00:12:22,857] {logging_mixin.py:104} INFO - [2021-07-19 00:12:22,857] {dag.py:1833} INFO - Sync 1 DAGs
[2021-07-19 00:12:22,880] {logging_mixin.py:104} INFO - [2021-07-19 00:12:22,880] {dag.py:2306} INFO - Setting next_dagrun for example_weekday_branch_operator to 2021-07-17 00:00:00+00:00
[2021-07-19 00:12:23,094] {scheduler_job.py:189} INFO - Processing /home/airflow/.local/lib/python3.6/site-packages/airflow/example_dags/example_branch_day_of_week_operator.py took 0.293 seconds
[2021-07-19 00:12:53,580] {scheduler_job.py:181} INFO - Started process (PID=1969) to work on /home/airflow/.local/lib/python3.6/site-packages/airflow/example_dags/example_branch_day_of_week_operator.py
[2021-07-19 00:12:53,583] {scheduler_job.py:632} INFO - Processing file /home/airflow/.local/lib/python3.6/site-packages/airflow/example_dags/example_branch_day_of_week_operator.py for tasks to queue
[2021-07-19 00:12:53,585] {logging_mixin.py:104} INFO - [2021-07-19 00:12:53,585] {dagbag.py:496} INFO - Filling up the DagBag from /home/airflow/.local/lib/python3.6/site-packages/airflow/example_dags/example_branch_day_of_week_operator.py
[2021-07-19 00:12:53,602] {scheduler_job.py:642} INFO - DAG(s) dict_keys(['example_weekday_branch_operator']) retrieved from /home/airflow/.local/lib/python3.6/site-packages/airflow/example_dags/example_branch_day_of_week_operator.py
[2021-07-19 00:12:53,641] {logging_mixin.py:104} INFO - [2021-07-19 00:12:53,641] {dag.py:1833} INFO - Sync 1 DAGs
[2021-07-19 00:12:53,700] {logging_mixin.py:104} INFO - [2021-07-19 00:12:53,699] {dag.py:2306} INFO - Setting next_dagrun for example_weekday_branch_operator to 2021-07-17 00:00:00+00:00
[2021-07-19 00:12:53,885] {scheduler_job.py:189} INFO - Processing /home/airflow/.local/lib/python3.6/site-packages/airflow/example_dags/example_branch_day_of_week_operator.py took 0.316 seconds
[2021-07-19 00:13:24,173] {scheduler_job.py:181} INFO - Started process (PID=2042) to work on /home/airflow/.local/lib/python3.6/site-packages/airflow/example_dags/example_branch_day_of_week_operator.py
[2021-07-19 00:13:24,180] {scheduler_job.py:632} INFO - Processing file /home/airflow/.local/lib/python3.6/site-packages/airflow/example_dags/example_branch_day_of_week_operator.py for tasks to queue
[2021-07-19 00:13:24,184] {logging_mixin.py:104} INFO - [2021-07-19 00:13:24,183] {dagbag.py:496} INFO - Filling up the DagBag from /home/airflow/.local/lib/python3.6/site-packages/airflow/example_dags/example_branch_day_of_week_operator.py
[2021-07-19 00:13:24,212] {scheduler_job.py:642} INFO - DAG(s) dict_keys(['example_weekday_branch_operator']) retrieved from /home/airflow/.local/lib/python3.6/site-packages/airflow/example_dags/example_branch_day_of_week_operator.py
[2021-07-19 00:13:24,241] {logging_mixin.py:104} INFO - [2021-07-19 00:13:24,240] {dag.py:1833} INFO - Sync 1 DAGs
[2021-07-19 00:13:24,267] {logging_mixin.py:104} INFO - [2021-07-19 00:13:24,267] {dag.py:2306} INFO - Setting next_dagrun for example_weekday_branch_operator to 2021-07-17 00:00:00+00:00
[2021-07-19 00:13:24,423] {scheduler_job.py:189} INFO - Processing /home/airflow/.local/lib/python3.6/site-packages/airflow/example_dags/example_branch_day_of_week_operator.py took 0.261 seconds
[2021-07-19 00:13:54,474] {scheduler_job.py:181} INFO - Started process (PID=2100) to work on /home/airflow/.local/lib/python3.6/site-packages/airflow/example_dags/example_branch_day_of_week_operator.py
[2021-07-19 00:13:54,478] {scheduler_job.py:632} INFO - Processing file /home/airflow/.local/lib/python3.6/site-packages/airflow/example_dags/example_branch_day_of_week_operator.py for tasks to queue
[2021-07-19 00:13:54,480] {logging_mixin.py:104} INFO - [2021-07-19 00:13:54,479] {dagbag.py:496} INFO - Filling up the DagBag from /home/airflow/.local/lib/python3.6/site-packages/airflow/example_dags/example_branch_day_of_week_operator.py
[2021-07-19 00:13:54,500] {scheduler_job.py:642} INFO - DAG(s) dict_keys(['example_weekday_branch_operator']) retrieved from /home/airflow/.local/lib/python3.6/site-packages/airflow/example_dags/example_branch_day_of_week_operator.py
[2021-07-19 00:13:54,545] {logging_mixin.py:104} INFO - [2021-07-19 00:13:54,545] {dag.py:1833} INFO - Sync 1 DAGs
[2021-07-19 00:13:54,583] {logging_mixin.py:104} INFO - [2021-07-19 00:13:54,583] {dag.py:2306} INFO - Setting next_dagrun for example_weekday_branch_operator to 2021-07-17 00:00:00+00:00
[2021-07-19 00:13:54,940] {scheduler_job.py:189} INFO - Processing /home/airflow/.local/lib/python3.6/site-packages/airflow/example_dags/example_branch_day_of_week_operator.py took 0.469 seconds
[2021-07-19 00:14:25,340] {scheduler_job.py:181} INFO - Started process (PID=2157) to work on /home/airflow/.local/lib/python3.6/site-packages/airflow/example_dags/example_branch_day_of_week_operator.py
[2021-07-19 00:14:25,346] {scheduler_job.py:632} INFO - Processing file /home/airflow/.local/lib/python3.6/site-packages/airflow/example_dags/example_branch_day_of_week_operator.py for tasks to queue
[2021-07-19 00:14:25,349] {logging_mixin.py:104} INFO - [2021-07-19 00:14:25,348] {dagbag.py:496} INFO - Filling up the DagBag from /home/airflow/.local/lib/python3.6/site-packages/airflow/example_dags/example_branch_day_of_week_operator.py
[2021-07-19 00:14:25,375] {scheduler_job.py:642} INFO - DAG(s) dict_keys(['example_weekday_branch_operator']) retrieved from /home/airflow/.local/lib/python3.6/site-packages/airflow/example_dags/example_branch_day_of_week_operator.py
[2021-07-19 00:14:25,412] {logging_mixin.py:104} INFO - [2021-07-19 00:14:25,412] {dag.py:1833} INFO - Sync 1 DAGs
[2021-07-19 00:14:25,460] {logging_mixin.py:104} INFO - [2021-07-19 00:14:25,460] {dag.py:2306} INFO - Setting next_dagrun for example_weekday_branch_operator to 2021-07-17 00:00:00+00:00
[2021-07-19 00:14:25,596] {scheduler_job.py:189} INFO - Processing /home/airflow/.local/lib/python3.6/site-packages/airflow/example_dags/example_branch_day_of_week_operator.py took 0.272 seconds
[2021-07-19 00:14:55,708] {scheduler_job.py:181} INFO - Started process (PID=2214) to work on /home/airflow/.local/lib/python3.6/site-packages/airflow/example_dags/example_branch_day_of_week_operator.py
[2021-07-19 00:14:55,711] {scheduler_job.py:632} INFO - Processing file /home/airflow/.local/lib/python3.6/site-packages/airflow/example_dags/example_branch_day_of_week_operator.py for tasks to queue
[2021-07-19 00:14:55,712] {logging_mixin.py:104} INFO - [2021-07-19 00:14:55,711] {dagbag.py:496} INFO - Filling up the DagBag from /home/airflow/.local/lib/python3.6/site-packages/airflow/example_dags/example_branch_day_of_week_operator.py
[2021-07-19 00:14:55,725] {scheduler_job.py:642} INFO - DAG(s) dict_keys(['example_weekday_branch_operator']) retrieved from /home/airflow/.local/lib/python3.6/site-packages/airflow/example_dags/example_branch_day_of_week_operator.py
[2021-07-19 00:14:55,750] {logging_mixin.py:104} INFO - [2021-07-19 00:14:55,750] {dag.py:1833} INFO - Sync 1 DAGs
[2021-07-19 00:14:55,774] {logging_mixin.py:104} INFO - [2021-07-19 00:14:55,774] {dag.py:2306} INFO - Setting next_dagrun for example_weekday_branch_operator to 2021-07-17 00:00:00+00:00
[2021-07-19 00:14:55,827] {scheduler_job.py:189} INFO - Processing /home/airflow/.local/lib/python3.6/site-packages/airflow/example_dags/example_branch_day_of_week_operator.py took 0.123 seconds
[2021-07-19 00:15:26,108] {scheduler_job.py:181} INFO - Started process (PID=2271) to work on /home/airflow/.local/lib/python3.6/site-packages/airflow/example_dags/example_branch_day_of_week_operator.py
[2021-07-19 00:15:26,114] {scheduler_job.py:632} INFO - Processing file /home/airflow/.local/lib/python3.6/site-packages/airflow/example_dags/example_branch_day_of_week_operator.py for tasks to queue
[2021-07-19 00:15:26,118] {logging_mixin.py:104} INFO - [2021-07-19 00:15:26,117] {dagbag.py:496} INFO - Filling up the DagBag from /home/airflow/.local/lib/python3.6/site-packages/airflow/example_dags/example_branch_day_of_week_operator.py
[2021-07-19 00:15:26,170] {scheduler_job.py:642} INFO - DAG(s) dict_keys(['example_weekday_branch_operator']) retrieved from /home/airflow/.local/lib/python3.6/site-packages/airflow/example_dags/example_branch_day_of_week_operator.py
[2021-07-19 00:15:26,253] {logging_mixin.py:104} INFO - [2021-07-19 00:15:26,252] {dag.py:1833} INFO - Sync 1 DAGs
[2021-07-19 00:15:26,292] {logging_mixin.py:104} INFO - [2021-07-19 00:15:26,291] {dag.py:2306} INFO - Setting next_dagrun for example_weekday_branch_operator to 2021-07-17 00:00:00+00:00
[2021-07-19 00:15:26,399] {scheduler_job.py:189} INFO - Processing /home/airflow/.local/lib/python3.6/site-packages/airflow/example_dags/example_branch_day_of_week_operator.py took 0.307 seconds
[2021-07-19 00:15:56,579] {scheduler_job.py:181} INFO - Started process (PID=2337) to work on /home/airflow/.local/lib/python3.6/site-packages/airflow/example_dags/example_branch_day_of_week_operator.py
[2021-07-19 00:15:56,582] {scheduler_job.py:632} INFO - Processing file /home/airflow/.local/lib/python3.6/site-packages/airflow/example_dags/example_branch_day_of_week_operator.py for tasks to queue
[2021-07-19 00:15:56,584] {logging_mixin.py:104} INFO - [2021-07-19 00:15:56,584] {dagbag.py:496} INFO - Filling up the DagBag from /home/airflow/.local/lib/python3.6/site-packages/airflow/example_dags/example_branch_day_of_week_operator.py
[2021-07-19 00:15:56,602] {scheduler_job.py:642} INFO - DAG(s) dict_keys(['example_weekday_branch_operator']) retrieved from /home/airflow/.local/lib/python3.6/site-packages/airflow/example_dags/example_branch_day_of_week_operator.py
[2021-07-19 00:15:56,628] {logging_mixin.py:104} INFO - [2021-07-19 00:15:56,628] {dag.py:1833} INFO - Sync 1 DAGs
[2021-07-19 00:15:56,658] {logging_mixin.py:104} INFO - [2021-07-19 00:15:56,658] {dag.py:2306} INFO - Setting next_dagrun for example_weekday_branch_operator to 2021-07-17 00:00:00+00:00
[2021-07-19 00:15:56,712] {scheduler_job.py:189} INFO - Processing /home/airflow/.local/lib/python3.6/site-packages/airflow/example_dags/example_branch_day_of_week_operator.py took 0.138 seconds
[2021-07-19 00:16:26,856] {scheduler_job.py:181} INFO - Started process (PID=2393) to work on /home/airflow/.local/lib/python3.6/site-packages/airflow/example_dags/example_branch_day_of_week_operator.py
[2021-07-19 00:16:26,858] {scheduler_job.py:632} INFO - Processing file /home/airflow/.local/lib/python3.6/site-packages/airflow/example_dags/example_branch_day_of_week_operator.py for tasks to queue
[2021-07-19 00:16:26,860] {logging_mixin.py:104} INFO - [2021-07-19 00:16:26,860] {dagbag.py:496} INFO - Filling up the DagBag from /home/airflow/.local/lib/python3.6/site-packages/airflow/example_dags/example_branch_day_of_week_operator.py
[2021-07-19 00:16:26,880] {scheduler_job.py:642} INFO - DAG(s) dict_keys(['example_weekday_branch_operator']) retrieved from /home/airflow/.local/lib/python3.6/site-packages/airflow/example_dags/example_branch_day_of_week_operator.py
[2021-07-19 00:16:26,912] {logging_mixin.py:104} INFO - [2021-07-19 00:16:26,912] {dag.py:1833} INFO - Sync 1 DAGs
[2021-07-19 00:16:26,941] {logging_mixin.py:104} INFO - [2021-07-19 00:16:26,941] {dag.py:2306} INFO - Setting next_dagrun for example_weekday_branch_operator to 2021-07-17 00:00:00+00:00
[2021-07-19 00:16:27,010] {scheduler_job.py:189} INFO - Processing /home/airflow/.local/lib/python3.6/site-packages/airflow/example_dags/example_branch_day_of_week_operator.py took 0.158 seconds
[2021-07-19 00:16:57,806] {scheduler_job.py:181} INFO - Started process (PID=2462) to work on /home/airflow/.local/lib/python3.6/site-packages/airflow/example_dags/example_branch_day_of_week_operator.py
[2021-07-19 00:16:57,809] {scheduler_job.py:632} INFO - Processing file /home/airflow/.local/lib/python3.6/site-packages/airflow/example_dags/example_branch_day_of_week_operator.py for tasks to queue
[2021-07-19 00:16:57,810] {logging_mixin.py:104} INFO - [2021-07-19 00:16:57,810] {dagbag.py:496} INFO - Filling up the DagBag from /home/airflow/.local/lib/python3.6/site-packages/airflow/example_dags/example_branch_day_of_week_operator.py
[2021-07-19 00:16:57,823] {scheduler_job.py:642} INFO - DAG(s) dict_keys(['example_weekday_branch_operator']) retrieved from /home/airflow/.local/lib/python3.6/site-packages/airflow/example_dags/example_branch_day_of_week_operator.py
[2021-07-19 00:16:57,850] {logging_mixin.py:104} INFO - [2021-07-19 00:16:57,850] {dag.py:1833} INFO - Sync 1 DAGs
[2021-07-19 00:16:57,879] {logging_mixin.py:104} INFO - [2021-07-19 00:16:57,878] {dag.py:2306} INFO - Setting next_dagrun for example_weekday_branch_operator to 2021-07-17 00:00:00+00:00
[2021-07-19 00:16:58,387] {scheduler_job.py:189} INFO - Processing /home/airflow/.local/lib/python3.6/site-packages/airflow/example_dags/example_branch_day_of_week_operator.py took 0.591 seconds
[2021-07-19 00:17:29,023] {scheduler_job.py:181} INFO - Started process (PID=2520) to work on /home/airflow/.local/lib/python3.6/site-packages/airflow/example_dags/example_branch_day_of_week_operator.py
[2021-07-19 00:17:29,025] {scheduler_job.py:632} INFO - Processing file /home/airflow/.local/lib/python3.6/site-packages/airflow/example_dags/example_branch_day_of_week_operator.py for tasks to queue
[2021-07-19 00:17:29,026] {logging_mixin.py:104} INFO - [2021-07-19 00:17:29,026] {dagbag.py:496} INFO - Filling up the DagBag from /home/airflow/.local/lib/python3.6/site-packages/airflow/example_dags/example_branch_day_of_week_operator.py
[2021-07-19 00:17:29,042] {scheduler_job.py:642} INFO - DAG(s) dict_keys(['example_weekday_branch_operator']) retrieved from /home/airflow/.local/lib/python3.6/site-packages/airflow/example_dags/example_branch_day_of_week_operator.py
[2021-07-19 00:17:29,073] {logging_mixin.py:104} INFO - [2021-07-19 00:17:29,073] {dag.py:1833} INFO - Sync 1 DAGs
[2021-07-19 00:17:29,107] {logging_mixin.py:104} INFO - [2021-07-19 00:17:29,107] {dag.py:2306} INFO - Setting next_dagrun for example_weekday_branch_operator to 2021-07-17 00:00:00+00:00
[2021-07-19 00:17:29,212] {scheduler_job.py:189} INFO - Processing /home/airflow/.local/lib/python3.6/site-packages/airflow/example_dags/example_branch_day_of_week_operator.py took 0.193 seconds
[2021-07-19 00:17:59,333] {scheduler_job.py:181} INFO - Started process (PID=2576) to work on /home/airflow/.local/lib/python3.6/site-packages/airflow/example_dags/example_branch_day_of_week_operator.py
[2021-07-19 00:17:59,334] {scheduler_job.py:632} INFO - Processing file /home/airflow/.local/lib/python3.6/site-packages/airflow/example_dags/example_branch_day_of_week_operator.py for tasks to queue
[2021-07-19 00:17:59,336] {logging_mixin.py:104} INFO - [2021-07-19 00:17:59,336] {dagbag.py:496} INFO - Filling up the DagBag from /home/airflow/.local/lib/python3.6/site-packages/airflow/example_dags/example_branch_day_of_week_operator.py
[2021-07-19 00:17:59,352] {scheduler_job.py:642} INFO - DAG(s) dict_keys(['example_weekday_branch_operator']) retrieved from /home/airflow/.local/lib/python3.6/site-packages/airflow/example_dags/example_branch_day_of_week_operator.py
[2021-07-19 00:17:59,380] {logging_mixin.py:104} INFO - [2021-07-19 00:17:59,380] {dag.py:1833} INFO - Sync 1 DAGs
[2021-07-19 00:17:59,407] {logging_mixin.py:104} INFO - [2021-07-19 00:17:59,407] {dag.py:2306} INFO - Setting next_dagrun for example_weekday_branch_operator to 2021-07-17 00:00:00+00:00
[2021-07-19 00:17:59,580] {scheduler_job.py:189} INFO - Processing /home/airflow/.local/lib/python3.6/site-packages/airflow/example_dags/example_branch_day_of_week_operator.py took 0.251 seconds
[2021-07-19 00:18:38,648] {scheduler_job.py:181} INFO - Started process (PID=2644) to work on /home/airflow/.local/lib/python3.6/site-packages/airflow/example_dags/example_branch_day_of_week_operator.py
[2021-07-19 00:18:38,651] {scheduler_job.py:632} INFO - Processing file /home/airflow/.local/lib/python3.6/site-packages/airflow/example_dags/example_branch_day_of_week_operator.py for tasks to queue
[2021-07-19 00:18:38,652] {logging_mixin.py:104} INFO - [2021-07-19 00:18:38,652] {dagbag.py:496} INFO - Filling up the DagBag from /home/airflow/.local/lib/python3.6/site-packages/airflow/example_dags/example_branch_day_of_week_operator.py
[2021-07-19 00:18:38,671] {scheduler_job.py:642} INFO - DAG(s) dict_keys(['example_weekday_branch_operator']) retrieved from /home/airflow/.local/lib/python3.6/site-packages/airflow/example_dags/example_branch_day_of_week_operator.py
[2021-07-19 00:18:38,708] {logging_mixin.py:104} INFO - [2021-07-19 00:18:38,708] {dag.py:1833} INFO - Sync 1 DAGs
[2021-07-19 00:18:38,739] {logging_mixin.py:104} INFO - [2021-07-19 00:18:38,738] {dag.py:2306} INFO - Setting next_dagrun for example_weekday_branch_operator to 2021-07-17 00:00:00+00:00
[2021-07-19 00:18:39,343] {scheduler_job.py:189} INFO - Processing /home/airflow/.local/lib/python3.6/site-packages/airflow/example_dags/example_branch_day_of_week_operator.py took 0.699 seconds
[2021-07-19 00:19:09,805] {scheduler_job.py:181} INFO - Started process (PID=2699) to work on /home/airflow/.local/lib/python3.6/site-packages/airflow/example_dags/example_branch_day_of_week_operator.py
[2021-07-19 00:19:09,811] {scheduler_job.py:632} INFO - Processing file /home/airflow/.local/lib/python3.6/site-packages/airflow/example_dags/example_branch_day_of_week_operator.py for tasks to queue
[2021-07-19 00:19:09,816] {logging_mixin.py:104} INFO - [2021-07-19 00:19:09,816] {dagbag.py:496} INFO - Filling up the DagBag from /home/airflow/.local/lib/python3.6/site-packages/airflow/example_dags/example_branch_day_of_week_operator.py
[2021-07-19 00:19:09,853] {scheduler_job.py:642} INFO - DAG(s) dict_keys(['example_weekday_branch_operator']) retrieved from /home/airflow/.local/lib/python3.6/site-packages/airflow/example_dags/example_branch_day_of_week_operator.py
[2021-07-19 00:19:09,896] {logging_mixin.py:104} INFO - [2021-07-19 00:19:09,896] {dag.py:1833} INFO - Sync 1 DAGs
[2021-07-19 00:19:09,938] {logging_mixin.py:104} INFO - [2021-07-19 00:19:09,938] {dag.py:2306} INFO - Setting next_dagrun for example_weekday_branch_operator to 2021-07-17 00:00:00+00:00
[2021-07-19 00:19:11,009] {scheduler_job.py:189} INFO - Processing /home/airflow/.local/lib/python3.6/site-packages/airflow/example_dags/example_branch_day_of_week_operator.py took 1.216 seconds
[2021-07-19 00:19:41,372] {scheduler_job.py:181} INFO - Started process (PID=2756) to work on /home/airflow/.local/lib/python3.6/site-packages/airflow/example_dags/example_branch_day_of_week_operator.py
[2021-07-19 00:19:41,376] {scheduler_job.py:632} INFO - Processing file /home/airflow/.local/lib/python3.6/site-packages/airflow/example_dags/example_branch_day_of_week_operator.py for tasks to queue
[2021-07-19 00:19:41,378] {logging_mixin.py:104} INFO - [2021-07-19 00:19:41,378] {dagbag.py:496} INFO - Filling up the DagBag from /home/airflow/.local/lib/python3.6/site-packages/airflow/example_dags/example_branch_day_of_week_operator.py
[2021-07-19 00:19:41,403] {scheduler_job.py:642} INFO - DAG(s) dict_keys(['example_weekday_branch_operator']) retrieved from /home/airflow/.local/lib/python3.6/site-packages/airflow/example_dags/example_branch_day_of_week_operator.py
[2021-07-19 00:19:41,450] {logging_mixin.py:104} INFO - [2021-07-19 00:19:41,450] {dag.py:1833} INFO - Sync 1 DAGs
[2021-07-19 00:19:41,493] {logging_mixin.py:104} INFO - [2021-07-19 00:19:41,493] {dag.py:2306} INFO - Setting next_dagrun for example_weekday_branch_operator to 2021-07-17 00:00:00+00:00
[2021-07-19 00:19:41,744] {scheduler_job.py:189} INFO - Processing /home/airflow/.local/lib/python3.6/site-packages/airflow/example_dags/example_branch_day_of_week_operator.py took 0.379 seconds
[2021-07-19 00:20:13,717] {scheduler_job.py:181} INFO - Started process (PID=2813) to work on /home/airflow/.local/lib/python3.6/site-packages/airflow/example_dags/example_branch_day_of_week_operator.py
[2021-07-19 00:20:13,719] {scheduler_job.py:632} INFO - Processing file /home/airflow/.local/lib/python3.6/site-packages/airflow/example_dags/example_branch_day_of_week_operator.py for tasks to queue
[2021-07-19 00:20:13,720] {logging_mixin.py:104} INFO - [2021-07-19 00:20:13,720] {dagbag.py:496} INFO - Filling up the DagBag from /home/airflow/.local/lib/python3.6/site-packages/airflow/example_dags/example_branch_day_of_week_operator.py
[2021-07-19 00:20:13,735] {scheduler_job.py:642} INFO - DAG(s) dict_keys(['example_weekday_branch_operator']) retrieved from /home/airflow/.local/lib/python3.6/site-packages/airflow/example_dags/example_branch_day_of_week_operator.py
[2021-07-19 00:20:13,771] {logging_mixin.py:104} INFO - [2021-07-19 00:20:13,771] {dag.py:1833} INFO - Sync 1 DAGs
[2021-07-19 00:20:13,808] {logging_mixin.py:104} INFO - [2021-07-19 00:20:13,808] {dag.py:2306} INFO - Setting next_dagrun for example_weekday_branch_operator to 2021-07-17 00:00:00+00:00
[2021-07-19 00:20:13,998] {scheduler_job.py:189} INFO - Processing /home/airflow/.local/lib/python3.6/site-packages/airflow/example_dags/example_branch_day_of_week_operator.py took 0.285 seconds
[2021-07-19 00:20:45,303] {scheduler_job.py:181} INFO - Started process (PID=2882) to work on /home/airflow/.local/lib/python3.6/site-packages/airflow/example_dags/example_branch_day_of_week_operator.py
[2021-07-19 00:20:45,309] {scheduler_job.py:632} INFO - Processing file /home/airflow/.local/lib/python3.6/site-packages/airflow/example_dags/example_branch_day_of_week_operator.py for tasks to queue
[2021-07-19 00:20:45,311] {logging_mixin.py:104} INFO - [2021-07-19 00:20:45,311] {dagbag.py:496} INFO - Filling up the DagBag from /home/airflow/.local/lib/python3.6/site-packages/airflow/example_dags/example_branch_day_of_week_operator.py
[2021-07-19 00:20:45,331] {scheduler_job.py:642} INFO - DAG(s) dict_keys(['example_weekday_branch_operator']) retrieved from /home/airflow/.local/lib/python3.6/site-packages/airflow/example_dags/example_branch_day_of_week_operator.py
[2021-07-19 00:20:45,361] {logging_mixin.py:104} INFO - [2021-07-19 00:20:45,361] {dag.py:1833} INFO - Sync 1 DAGs
[2021-07-19 00:20:45,391] {logging_mixin.py:104} INFO - [2021-07-19 00:20:45,391] {dag.py:2306} INFO - Setting next_dagrun for example_weekday_branch_operator to 2021-07-17 00:00:00+00:00
[2021-07-19 00:20:45,633] {scheduler_job.py:189} INFO - Processing /home/airflow/.local/lib/python3.6/site-packages/airflow/example_dags/example_branch_day_of_week_operator.py took 0.334 seconds
[2021-07-19 00:21:15,882] {scheduler_job.py:181} INFO - Started process (PID=2938) to work on /home/airflow/.local/lib/python3.6/site-packages/airflow/example_dags/example_branch_day_of_week_operator.py
[2021-07-19 00:21:15,884] {scheduler_job.py:632} INFO - Processing file /home/airflow/.local/lib/python3.6/site-packages/airflow/example_dags/example_branch_day_of_week_operator.py for tasks to queue
[2021-07-19 00:21:15,886] {logging_mixin.py:104} INFO - [2021-07-19 00:21:15,886] {dagbag.py:496} INFO - Filling up the DagBag from /home/airflow/.local/lib/python3.6/site-packages/airflow/example_dags/example_branch_day_of_week_operator.py
[2021-07-19 00:21:15,919] {scheduler_job.py:642} INFO - DAG(s) dict_keys(['example_weekday_branch_operator']) retrieved from /home/airflow/.local/lib/python3.6/site-packages/airflow/example_dags/example_branch_day_of_week_operator.py
[2021-07-19 00:21:16,033] {logging_mixin.py:104} INFO - [2021-07-19 00:21:16,033] {dag.py:1833} INFO - Sync 1 DAGs
[2021-07-19 00:21:16,090] {logging_mixin.py:104} INFO - [2021-07-19 00:21:16,089] {dag.py:2306} INFO - Setting next_dagrun for example_weekday_branch_operator to 2021-07-17 00:00:00+00:00
[2021-07-19 00:21:16,663] {scheduler_job.py:189} INFO - Processing /home/airflow/.local/lib/python3.6/site-packages/airflow/example_dags/example_branch_day_of_week_operator.py took 0.785 seconds
[2021-07-19 00:21:47,030] {scheduler_job.py:181} INFO - Started process (PID=2994) to work on /home/airflow/.local/lib/python3.6/site-packages/airflow/example_dags/example_branch_day_of_week_operator.py
[2021-07-19 00:21:47,032] {scheduler_job.py:632} INFO - Processing file /home/airflow/.local/lib/python3.6/site-packages/airflow/example_dags/example_branch_day_of_week_operator.py for tasks to queue
[2021-07-19 00:21:47,033] {logging_mixin.py:104} INFO - [2021-07-19 00:21:47,033] {dagbag.py:496} INFO - Filling up the DagBag from /home/airflow/.local/lib/python3.6/site-packages/airflow/example_dags/example_branch_day_of_week_operator.py
[2021-07-19 00:21:47,048] {scheduler_job.py:642} INFO - DAG(s) dict_keys(['example_weekday_branch_operator']) retrieved from /home/airflow/.local/lib/python3.6/site-packages/airflow/example_dags/example_branch_day_of_week_operator.py
[2021-07-19 00:21:47,081] {logging_mixin.py:104} INFO - [2021-07-19 00:21:47,081] {dag.py:1833} INFO - Sync 1 DAGs
[2021-07-19 00:21:47,112] {logging_mixin.py:104} INFO - [2021-07-19 00:21:47,112] {dag.py:2306} INFO - Setting next_dagrun for example_weekday_branch_operator to 2021-07-17 00:00:00+00:00
[2021-07-19 00:21:47,381] {scheduler_job.py:189} INFO - Processing /home/airflow/.local/lib/python3.6/site-packages/airflow/example_dags/example_branch_day_of_week_operator.py took 0.354 seconds
[2021-07-19 00:22:17,432] {scheduler_job.py:181} INFO - Started process (PID=3050) to work on /home/airflow/.local/lib/python3.6/site-packages/airflow/example_dags/example_branch_day_of_week_operator.py
[2021-07-19 00:22:17,435] {scheduler_job.py:632} INFO - Processing file /home/airflow/.local/lib/python3.6/site-packages/airflow/example_dags/example_branch_day_of_week_operator.py for tasks to queue
[2021-07-19 00:22:17,436] {logging_mixin.py:104} INFO - [2021-07-19 00:22:17,436] {dagbag.py:496} INFO - Filling up the DagBag from /home/airflow/.local/lib/python3.6/site-packages/airflow/example_dags/example_branch_day_of_week_operator.py
[2021-07-19 00:22:17,453] {scheduler_job.py:642} INFO - DAG(s) dict_keys(['example_weekday_branch_operator']) retrieved from /home/airflow/.local/lib/python3.6/site-packages/airflow/example_dags/example_branch_day_of_week_operator.py
[2021-07-19 00:22:17,485] {logging_mixin.py:104} INFO - [2021-07-19 00:22:17,485] {dag.py:1833} INFO - Sync 1 DAGs
[2021-07-19 00:22:17,544] {logging_mixin.py:104} INFO - [2021-07-19 00:22:17,544] {dag.py:2306} INFO - Setting next_dagrun for example_weekday_branch_operator to 2021-07-17 00:00:00+00:00
[2021-07-19 00:22:17,740] {scheduler_job.py:189} INFO - Processing /home/airflow/.local/lib/python3.6/site-packages/airflow/example_dags/example_branch_day_of_week_operator.py took 0.312 seconds
[2021-07-19 00:22:48,229] {scheduler_job.py:181} INFO - Started process (PID=3107) to work on /home/airflow/.local/lib/python3.6/site-packages/airflow/example_dags/example_branch_day_of_week_operator.py
[2021-07-19 00:22:48,233] {scheduler_job.py:632} INFO - Processing file /home/airflow/.local/lib/python3.6/site-packages/airflow/example_dags/example_branch_day_of_week_operator.py for tasks to queue
[2021-07-19 00:22:48,243] {logging_mixin.py:104} INFO - [2021-07-19 00:22:48,242] {dagbag.py:496} INFO - Filling up the DagBag from /home/airflow/.local/lib/python3.6/site-packages/airflow/example_dags/example_branch_day_of_week_operator.py
[2021-07-19 00:22:48,262] {scheduler_job.py:642} INFO - DAG(s) dict_keys(['example_weekday_branch_operator']) retrieved from /home/airflow/.local/lib/python3.6/site-packages/airflow/example_dags/example_branch_day_of_week_operator.py
[2021-07-19 00:22:48,293] {logging_mixin.py:104} INFO - [2021-07-19 00:22:48,293] {dag.py:1833} INFO - Sync 1 DAGs
[2021-07-19 00:22:48,316] {logging_mixin.py:104} INFO - [2021-07-19 00:22:48,316] {dag.py:2306} INFO - Setting next_dagrun for example_weekday_branch_operator to 2021-07-17 00:00:00+00:00
[2021-07-19 00:22:48,523] {scheduler_job.py:189} INFO - Processing /home/airflow/.local/lib/python3.6/site-packages/airflow/example_dags/example_branch_day_of_week_operator.py took 0.303 seconds
[2021-07-19 00:23:22,552] {scheduler_job.py:181} INFO - Started process (PID=3163) to work on /home/airflow/.local/lib/python3.6/site-packages/airflow/example_dags/example_branch_day_of_week_operator.py
[2021-07-19 00:23:22,555] {scheduler_job.py:632} INFO - Processing file /home/airflow/.local/lib/python3.6/site-packages/airflow/example_dags/example_branch_day_of_week_operator.py for tasks to queue
[2021-07-19 00:23:22,556] {logging_mixin.py:104} INFO - [2021-07-19 00:23:22,556] {dagbag.py:496} INFO - Filling up the DagBag from /home/airflow/.local/lib/python3.6/site-packages/airflow/example_dags/example_branch_day_of_week_operator.py
[2021-07-19 00:23:22,580] {scheduler_job.py:642} INFO - DAG(s) dict_keys(['example_weekday_branch_operator']) retrieved from /home/airflow/.local/lib/python3.6/site-packages/airflow/example_dags/example_branch_day_of_week_operator.py
[2021-07-19 00:23:22,608] {logging_mixin.py:104} INFO - [2021-07-19 00:23:22,608] {dag.py:1833} INFO - Sync 1 DAGs
[2021-07-19 00:23:22,642] {logging_mixin.py:104} INFO - [2021-07-19 00:23:22,642] {dag.py:2306} INFO - Setting next_dagrun for example_weekday_branch_operator to 2021-07-17 00:00:00+00:00
[2021-07-19 00:23:23,464] {scheduler_job.py:189} INFO - Processing /home/airflow/.local/lib/python3.6/site-packages/airflow/example_dags/example_branch_day_of_week_operator.py took 0.919 seconds
                                                                                                                                                                                                                                                                                                                                                                                                                                                                                                                                                                                                                                                                                                                                                                                                                                                                                                                                                                                                                                                                                                                                                                                                                                                                                                                                                                                                                                                                                                                                                                                                                                                                                                                                                                                                                                                                                                                                                                                                                                                                                                                                                                                                                                                                                                                                                                                                                                                                                                                                                                                                                                                                                                                                                                                                                                                                                                                                                                                                                                                                                                                                                                                                                                                                                                                                                                                                                                                                                                                                                                                                                                                                                                                                                                                                                                                                                                                                                                                                                                                                                                                                                                                                                                                                                                                                                                                                                                                                                                                                                                                                                                                                                                                                                                                                                                                                                                                                                                                                                                                                                                                                                                                                                                                                                                                                                                                                                                                                                                                                                                                                                                                                                                                                                                                                                                                                                                                                                                                                                                                                                                                                                                                                                                                                                                                                                                                                                                                                                                                                                                                                                                                                                                                                                                                                                                                                                                                                                                                                                                                                                                                                                                