[2021-07-19 00:00:00,936] {scheduler_job.py:181} INFO - Started process (PID=444) to work on /home/airflow/.local/lib/python3.6/site-packages/airflow/example_dags/example_xcom.py
[2021-07-19 00:00:00,938] {scheduler_job.py:632} INFO - Processing file /home/airflow/.local/lib/python3.6/site-packages/airflow/example_dags/example_xcom.py for tasks to queue
[2021-07-19 00:00:00,940] {logging_mixin.py:104} INFO - [2021-07-19 00:00:00,940] {dagbag.py:496} INFO - Filling up the DagBag from /home/airflow/.local/lib/python3.6/site-packages/airflow/example_dags/example_xcom.py
[2021-07-19 00:00:00,956] {scheduler_job.py:642} INFO - DAG(s) dict_keys(['example_xcom']) retrieved from /home/airflow/.local/lib/python3.6/site-packages/airflow/example_dags/example_xcom.py
[2021-07-19 00:00:01,342] {logging_mixin.py:104} INFO - [2021-07-19 00:00:01,342] {dag.py:1833} INFO - Sync 1 DAGs
[2021-07-19 00:00:01,370] {logging_mixin.py:104} INFO - [2021-07-19 00:00:01,369] {dag.py:2306} INFO - Setting next_dagrun for example_xcom to 2021-07-17 00:00:00+00:00
[2021-07-19 00:00:01,456] {scheduler_job.py:189} INFO - Processing /home/airflow/.local/lib/python3.6/site-packages/airflow/example_dags/example_xcom.py took 0.524 seconds
[2021-07-19 00:00:31,568] {scheduler_job.py:181} INFO - Started process (PID=513) to work on /home/airflow/.local/lib/python3.6/site-packages/airflow/example_dags/example_xcom.py
[2021-07-19 00:00:31,570] {scheduler_job.py:632} INFO - Processing file /home/airflow/.local/lib/python3.6/site-packages/airflow/example_dags/example_xcom.py for tasks to queue
[2021-07-19 00:00:31,571] {logging_mixin.py:104} INFO - [2021-07-19 00:00:31,571] {dagbag.py:496} INFO - Filling up the DagBag from /home/airflow/.local/lib/python3.6/site-packages/airflow/example_dags/example_xcom.py
[2021-07-19 00:00:31,586] {scheduler_job.py:642} INFO - DAG(s) dict_keys(['example_xcom']) retrieved from /home/airflow/.local/lib/python3.6/site-packages/airflow/example_dags/example_xcom.py
[2021-07-19 00:00:31,610] {logging_mixin.py:104} INFO - [2021-07-19 00:00:31,610] {dag.py:1833} INFO - Sync 1 DAGs
[2021-07-19 00:00:31,632] {logging_mixin.py:104} INFO - [2021-07-19 00:00:31,632] {dag.py:2306} INFO - Setting next_dagrun for example_xcom to 2021-07-17 00:00:00+00:00
[2021-07-19 00:00:31,671] {scheduler_job.py:189} INFO - Processing /home/airflow/.local/lib/python3.6/site-packages/airflow/example_dags/example_xcom.py took 0.107 seconds
[2021-07-19 00:01:02,450] {scheduler_job.py:181} INFO - Started process (PID=570) to work on /home/airflow/.local/lib/python3.6/site-packages/airflow/example_dags/example_xcom.py
[2021-07-19 00:01:02,452] {scheduler_job.py:632} INFO - Processing file /home/airflow/.local/lib/python3.6/site-packages/airflow/example_dags/example_xcom.py for tasks to queue
[2021-07-19 00:01:02,453] {logging_mixin.py:104} INFO - [2021-07-19 00:01:02,453] {dagbag.py:496} INFO - Filling up the DagBag from /home/airflow/.local/lib/python3.6/site-packages/airflow/example_dags/example_xcom.py
[2021-07-19 00:01:02,473] {scheduler_job.py:642} INFO - DAG(s) dict_keys(['example_xcom']) retrieved from /home/airflow/.local/lib/python3.6/site-packages/airflow/example_dags/example_xcom.py
[2021-07-19 00:01:02,498] {logging_mixin.py:104} INFO - [2021-07-19 00:01:02,498] {dag.py:1833} INFO - Sync 1 DAGs
[2021-07-19 00:01:02,519] {logging_mixin.py:104} INFO - [2021-07-19 00:01:02,519] {dag.py:2306} INFO - Setting next_dagrun for example_xcom to 2021-07-17 00:00:00+00:00
[2021-07-19 00:01:02,720] {scheduler_job.py:189} INFO - Processing /home/airflow/.local/lib/python3.6/site-packages/airflow/example_dags/example_xcom.py took 0.275 seconds
[2021-07-19 00:01:33,071] {scheduler_job.py:181} INFO - Started process (PID=629) to work on /home/airflow/.local/lib/python3.6/site-packages/airflow/example_dags/example_xcom.py
[2021-07-19 00:01:33,073] {scheduler_job.py:632} INFO - Processing file /home/airflow/.local/lib/python3.6/site-packages/airflow/example_dags/example_xcom.py for tasks to queue
[2021-07-19 00:01:33,079] {logging_mixin.py:104} INFO - [2021-07-19 00:01:33,079] {dagbag.py:496} INFO - Filling up the DagBag from /home/airflow/.local/lib/python3.6/site-packages/airflow/example_dags/example_xcom.py
[2021-07-19 00:01:33,103] {scheduler_job.py:642} INFO - DAG(s) dict_keys(['example_xcom']) retrieved from /home/airflow/.local/lib/python3.6/site-packages/airflow/example_dags/example_xcom.py
[2021-07-19 00:01:33,146] {logging_mixin.py:104} INFO - [2021-07-19 00:01:33,146] {dag.py:1833} INFO - Sync 1 DAGs
[2021-07-19 00:01:33,185] {logging_mixin.py:104} INFO - [2021-07-19 00:01:33,185] {dag.py:2306} INFO - Setting next_dagrun for example_xcom to 2021-07-17 00:00:00+00:00
[2021-07-19 00:01:33,238] {scheduler_job.py:189} INFO - Processing /home/airflow/.local/lib/python3.6/site-packages/airflow/example_dags/example_xcom.py took 0.171 seconds
[2021-07-19 00:02:03,836] {scheduler_job.py:181} INFO - Started process (PID=695) to work on /home/airflow/.local/lib/python3.6/site-packages/airflow/example_dags/example_xcom.py
[2021-07-19 00:02:03,839] {scheduler_job.py:632} INFO - Processing file /home/airflow/.local/lib/python3.6/site-packages/airflow/example_dags/example_xcom.py for tasks to queue
[2021-07-19 00:02:03,840] {logging_mixin.py:104} INFO - [2021-07-19 00:02:03,840] {dagbag.py:496} INFO - Filling up the DagBag from /home/airflow/.local/lib/python3.6/site-packages/airflow/example_dags/example_xcom.py
[2021-07-19 00:02:03,867] {scheduler_job.py:642} INFO - DAG(s) dict_keys(['example_xcom']) retrieved from /home/airflow/.local/lib/python3.6/site-packages/airflow/example_dags/example_xcom.py
[2021-07-19 00:02:03,913] {logging_mixin.py:104} INFO - [2021-07-19 00:02:03,912] {dag.py:1833} INFO - Sync 1 DAGs
[2021-07-19 00:02:03,940] {logging_mixin.py:104} INFO - [2021-07-19 00:02:03,940] {dag.py:2306} INFO - Setting next_dagrun for example_xcom to 2021-07-17 00:00:00+00:00
[2021-07-19 00:02:03,995] {scheduler_job.py:189} INFO - Processing /home/airflow/.local/lib/python3.6/site-packages/airflow/example_dags/example_xcom.py took 0.163 seconds
[2021-07-19 00:02:34,354] {scheduler_job.py:181} INFO - Started process (PID=753) to work on /home/airflow/.local/lib/python3.6/site-packages/airflow/example_dags/example_xcom.py
[2021-07-19 00:02:34,356] {scheduler_job.py:632} INFO - Processing file /home/airflow/.local/lib/python3.6/site-packages/airflow/example_dags/example_xcom.py for tasks to queue
[2021-07-19 00:02:34,357] {logging_mixin.py:104} INFO - [2021-07-19 00:02:34,357] {dagbag.py:496} INFO - Filling up the DagBag from /home/airflow/.local/lib/python3.6/site-packages/airflow/example_dags/example_xcom.py
[2021-07-19 00:02:34,376] {scheduler_job.py:642} INFO - DAG(s) dict_keys(['example_xcom']) retrieved from /home/airflow/.local/lib/python3.6/site-packages/airflow/example_dags/example_xcom.py
[2021-07-19 00:02:34,406] {logging_mixin.py:104} INFO - [2021-07-19 00:02:34,406] {dag.py:1833} INFO - Sync 1 DAGs
[2021-07-19 00:02:34,429] {logging_mixin.py:104} INFO - [2021-07-19 00:02:34,429] {dag.py:2306} INFO - Setting next_dagrun for example_xcom to 2021-07-17 00:00:00+00:00
[2021-07-19 00:02:34,482] {scheduler_job.py:189} INFO - Processing /home/airflow/.local/lib/python3.6/site-packages/airflow/example_dags/example_xcom.py took 0.133 seconds
[2021-07-19 00:03:04,697] {scheduler_job.py:181} INFO - Started process (PID=810) to work on /home/airflow/.local/lib/python3.6/site-packages/airflow/example_dags/example_xcom.py
[2021-07-19 00:03:04,704] {scheduler_job.py:632} INFO - Processing file /home/airflow/.local/lib/python3.6/site-packages/airflow/example_dags/example_xcom.py for tasks to queue
[2021-07-19 00:03:04,705] {logging_mixin.py:104} INFO - [2021-07-19 00:03:04,705] {dagbag.py:496} INFO - Filling up the DagBag from /home/airflow/.local/lib/python3.6/site-packages/airflow/example_dags/example_xcom.py
[2021-07-19 00:03:04,734] {scheduler_job.py:642} INFO - DAG(s) dict_keys(['example_xcom']) retrieved from /home/airflow/.local/lib/python3.6/site-packages/airflow/example_dags/example_xcom.py
[2021-07-19 00:03:04,763] {logging_mixin.py:104} INFO - [2021-07-19 00:03:04,763] {dag.py:1833} INFO - Sync 1 DAGs
[2021-07-19 00:03:04,805] {logging_mixin.py:104} INFO - [2021-07-19 00:03:04,802] {dag.py:2306} INFO - Setting next_dagrun for example_xcom to 2021-07-17 00:00:00+00:00
[2021-07-19 00:03:04,898] {scheduler_job.py:189} INFO - Processing /home/airflow/.local/lib/python3.6/site-packages/airflow/example_dags/example_xcom.py took 0.209 seconds
[2021-07-19 00:03:35,125] {scheduler_job.py:181} INFO - Started process (PID=876) to work on /home/airflow/.local/lib/python3.6/site-packages/airflow/example_dags/example_xcom.py
[2021-07-19 00:03:35,134] {scheduler_job.py:632} INFO - Processing file /home/airflow/.local/lib/python3.6/site-packages/airflow/example_dags/example_xcom.py for tasks to queue
[2021-07-19 00:03:35,139] {logging_mixin.py:104} INFO - [2021-07-19 00:03:35,138] {dagbag.py:496} INFO - Filling up the DagBag from /home/airflow/.local/lib/python3.6/site-packages/airflow/example_dags/example_xcom.py
[2021-07-19 00:03:35,176] {scheduler_job.py:642} INFO - DAG(s) dict_keys(['example_xcom']) retrieved from /home/airflow/.local/lib/python3.6/site-packages/airflow/example_dags/example_xcom.py
[2021-07-19 00:03:35,207] {logging_mixin.py:104} INFO - [2021-07-19 00:03:35,207] {dag.py:1833} INFO - Sync 1 DAGs
[2021-07-19 00:03:35,231] {logging_mixin.py:104} INFO - [2021-07-19 00:03:35,231] {dag.py:2306} INFO - Setting next_dagrun for example_xcom to 2021-07-17 00:00:00+00:00
[2021-07-19 00:03:35,339] {scheduler_job.py:189} INFO - Processing /home/airflow/.local/lib/python3.6/site-packages/airflow/example_dags/example_xcom.py took 0.229 seconds
[2021-07-19 00:04:05,742] {scheduler_job.py:181} INFO - Started process (PID=932) to work on /home/airflow/.local/lib/python3.6/site-packages/airflow/example_dags/example_xcom.py
[2021-07-19 00:04:05,744] {scheduler_job.py:632} INFO - Processing file /home/airflow/.local/lib/python3.6/site-packages/airflow/example_dags/example_xcom.py for tasks to queue
[2021-07-19 00:04:05,745] {logging_mixin.py:104} INFO - [2021-07-19 00:04:05,745] {dagbag.py:496} INFO - Filling up the DagBag from /home/airflow/.local/lib/python3.6/site-packages/airflow/example_dags/example_xcom.py
[2021-07-19 00:04:05,762] {scheduler_job.py:642} INFO - DAG(s) dict_keys(['example_xcom']) retrieved from /home/airflow/.local/lib/python3.6/site-packages/airflow/example_dags/example_xcom.py
[2021-07-19 00:04:05,810] {logging_mixin.py:104} INFO - [2021-07-19 00:04:05,810] {dag.py:1833} INFO - Sync 1 DAGs
[2021-07-19 00:04:05,846] {logging_mixin.py:104} INFO - [2021-07-19 00:04:05,846] {dag.py:2306} INFO - Setting next_dagrun for example_xcom to 2021-07-17 00:00:00+00:00
[2021-07-19 00:04:05,923] {scheduler_job.py:189} INFO - Processing /home/airflow/.local/lib/python3.6/site-packages/airflow/example_dags/example_xcom.py took 0.184 seconds
[2021-07-19 00:04:36,844] {scheduler_job.py:181} INFO - Started process (PID=1000) to work on /home/airflow/.local/lib/python3.6/site-packages/airflow/example_dags/example_xcom.py
[2021-07-19 00:04:36,846] {scheduler_job.py:632} INFO - Processing file /home/airflow/.local/lib/python3.6/site-packages/airflow/example_dags/example_xcom.py for tasks to queue
[2021-07-19 00:04:36,847] {logging_mixin.py:104} INFO - [2021-07-19 00:04:36,847] {dagbag.py:496} INFO - Filling up the DagBag from /home/airflow/.local/lib/python3.6/site-packages/airflow/example_dags/example_xcom.py
[2021-07-19 00:04:36,865] {scheduler_job.py:642} INFO - DAG(s) dict_keys(['example_xcom']) retrieved from /home/airflow/.local/lib/python3.6/site-packages/airflow/example_dags/example_xcom.py
[2021-07-19 00:04:36,897] {logging_mixin.py:104} INFO - [2021-07-19 00:04:36,897] {dag.py:1833} INFO - Sync 1 DAGs
[2021-07-19 00:04:36,921] {logging_mixin.py:104} INFO - [2021-07-19 00:04:36,921] {dag.py:2306} INFO - Setting next_dagrun for example_xcom to 2021-07-17 00:00:00+00:00
[2021-07-19 00:04:37,062] {scheduler_job.py:189} INFO - Processing /home/airflow/.local/lib/python3.6/site-packages/airflow/example_dags/example_xcom.py took 0.222 seconds
[2021-07-19 00:05:07,160] {scheduler_job.py:181} INFO - Started process (PID=1056) to work on /home/airflow/.local/lib/python3.6/site-packages/airflow/example_dags/example_xcom.py
[2021-07-19 00:05:07,162] {scheduler_job.py:632} INFO - Processing file /home/airflow/.local/lib/python3.6/site-packages/airflow/example_dags/example_xcom.py for tasks to queue
[2021-07-19 00:05:07,163] {logging_mixin.py:104} INFO - [2021-07-19 00:05:07,163] {dagbag.py:496} INFO - Filling up the DagBag from /home/airflow/.local/lib/python3.6/site-packages/airflow/example_dags/example_xcom.py
[2021-07-19 00:05:07,180] {scheduler_job.py:642} INFO - DAG(s) dict_keys(['example_xcom']) retrieved from /home/airflow/.local/lib/python3.6/site-packages/airflow/example_dags/example_xcom.py
[2021-07-19 00:05:07,205] {logging_mixin.py:104} INFO - [2021-07-19 00:05:07,205] {dag.py:1833} INFO - Sync 1 DAGs
[2021-07-19 00:05:07,222] {logging_mixin.py:104} INFO - [2021-07-19 00:05:07,222] {dag.py:2306} INFO - Setting next_dagrun for example_xcom to 2021-07-17 00:00:00+00:00
[2021-07-19 00:05:07,331] {scheduler_job.py:189} INFO - Processing /home/airflow/.local/lib/python3.6/site-packages/airflow/example_dags/example_xcom.py took 0.173 seconds
[2021-07-19 00:05:37,851] {scheduler_job.py:181} INFO - Started process (PID=1113) to work on /home/airflow/.local/lib/python3.6/site-packages/airflow/example_dags/example_xcom.py
[2021-07-19 00:05:37,860] {scheduler_job.py:632} INFO - Processing file /home/airflow/.local/lib/python3.6/site-packages/airflow/example_dags/example_xcom.py for tasks to queue
[2021-07-19 00:05:37,864] {logging_mixin.py:104} INFO - [2021-07-19 00:05:37,863] {dagbag.py:496} INFO - Filling up the DagBag from /home/airflow/.local/lib/python3.6/site-packages/airflow/example_dags/example_xcom.py
[2021-07-19 00:05:37,900] {scheduler_job.py:642} INFO - DAG(s) dict_keys(['example_xcom']) retrieved from /home/airflow/.local/lib/python3.6/site-packages/airflow/example_dags/example_xcom.py
[2021-07-19 00:05:37,931] {logging_mixin.py:104} INFO - [2021-07-19 00:05:37,931] {dag.py:1833} INFO - Sync 1 DAGs
[2021-07-19 00:05:37,952] {logging_mixin.py:104} INFO - [2021-07-19 00:05:37,952] {dag.py:2306} INFO - Setting next_dagrun for example_xcom to 2021-07-17 00:00:00+00:00
[2021-07-19 00:05:38,000] {scheduler_job.py:189} INFO - Processing /home/airflow/.local/lib/python3.6/site-packages/airflow/example_dags/example_xcom.py took 0.164 seconds
[2021-07-19 00:06:08,123] {scheduler_job.py:181} INFO - Started process (PID=1179) to work on /home/airflow/.local/lib/python3.6/site-packages/airflow/example_dags/example_xcom.py
[2021-07-19 00:06:08,124] {scheduler_job.py:632} INFO - Processing file /home/airflow/.local/lib/python3.6/site-packages/airflow/example_dags/example_xcom.py for tasks to queue
[2021-07-19 00:06:08,126] {logging_mixin.py:104} INFO - [2021-07-19 00:06:08,125] {dagbag.py:496} INFO - Filling up the DagBag from /home/airflow/.local/lib/python3.6/site-packages/airflow/example_dags/example_xcom.py
[2021-07-19 00:06:08,140] {scheduler_job.py:642} INFO - DAG(s) dict_keys(['example_xcom']) retrieved from /home/airflow/.local/lib/python3.6/site-packages/airflow/example_dags/example_xcom.py
[2021-07-19 00:06:08,168] {logging_mixin.py:104} INFO - [2021-07-19 00:06:08,168] {dag.py:1833} INFO - Sync 1 DAGs
[2021-07-19 00:06:08,188] {logging_mixin.py:104} INFO - [2021-07-19 00:06:08,188] {dag.py:2306} INFO - Setting next_dagrun for example_xcom to 2021-07-17 00:00:00+00:00
[2021-07-19 00:06:08,237] {scheduler_job.py:189} INFO - Processing /home/airflow/.local/lib/python3.6/site-packages/airflow/example_dags/example_xcom.py took 0.118 seconds
[2021-07-19 00:06:38,801] {scheduler_job.py:181} INFO - Started process (PID=1236) to work on /home/airflow/.local/lib/python3.6/site-packages/airflow/example_dags/example_xcom.py
[2021-07-19 00:06:38,803] {scheduler_job.py:632} INFO - Processing file /home/airflow/.local/lib/python3.6/site-packages/airflow/example_dags/example_xcom.py for tasks to queue
[2021-07-19 00:06:38,804] {logging_mixin.py:104} INFO - [2021-07-19 00:06:38,804] {dagbag.py:496} INFO - Filling up the DagBag from /home/airflow/.local/lib/python3.6/site-packages/airflow/example_dags/example_xcom.py
[2021-07-19 00:06:38,821] {scheduler_job.py:642} INFO - DAG(s) dict_keys(['example_xcom']) retrieved from /home/airflow/.local/lib/python3.6/site-packages/airflow/example_dags/example_xcom.py
[2021-07-19 00:06:38,856] {logging_mixin.py:104} INFO - [2021-07-19 00:06:38,856] {dag.py:1833} INFO - Sync 1 DAGs
[2021-07-19 00:06:38,879] {logging_mixin.py:104} INFO - [2021-07-19 00:06:38,879] {dag.py:2306} INFO - Setting next_dagrun for example_xcom to 2021-07-17 00:00:00+00:00
[2021-07-19 00:06:38,977] {scheduler_job.py:189} INFO - Processing /home/airflow/.local/lib/python3.6/site-packages/airflow/example_dags/example_xcom.py took 0.179 seconds
[2021-07-19 00:07:09,805] {scheduler_job.py:181} INFO - Started process (PID=1305) to work on /home/airflow/.local/lib/python3.6/site-packages/airflow/example_dags/example_xcom.py
[2021-07-19 00:07:09,807] {scheduler_job.py:632} INFO - Processing file /home/airflow/.local/lib/python3.6/site-packages/airflow/example_dags/example_xcom.py for tasks to queue
[2021-07-19 00:07:09,808] {logging_mixin.py:104} INFO - [2021-07-19 00:07:09,808] {dagbag.py:496} INFO - Filling up the DagBag from /home/airflow/.local/lib/python3.6/site-packages/airflow/example_dags/example_xcom.py
[2021-07-19 00:07:09,824] {scheduler_job.py:642} INFO - DAG(s) dict_keys(['example_xcom']) retrieved from /home/airflow/.local/lib/python3.6/site-packages/airflow/example_dags/example_xcom.py
[2021-07-19 00:07:09,857] {logging_mixin.py:104} INFO - [2021-07-19 00:07:09,857] {dag.py:1833} INFO - Sync 1 DAGs
[2021-07-19 00:07:09,881] {logging_mixin.py:104} INFO - [2021-07-19 00:07:09,881] {dag.py:2306} INFO - Setting next_dagrun for example_xcom to 2021-07-17 00:00:00+00:00
[2021-07-19 00:07:09,936] {scheduler_job.py:189} INFO - Processing /home/airflow/.local/lib/python3.6/site-packages/airflow/example_dags/example_xcom.py took 0.134 seconds
[2021-07-19 00:07:40,637] {scheduler_job.py:181} INFO - Started process (PID=1361) to work on /home/airflow/.local/lib/python3.6/site-packages/airflow/example_dags/example_xcom.py
[2021-07-19 00:07:40,641] {scheduler_job.py:632} INFO - Processing file /home/airflow/.local/lib/python3.6/site-packages/airflow/example_dags/example_xcom.py for tasks to queue
[2021-07-19 00:07:40,643] {logging_mixin.py:104} INFO - [2021-07-19 00:07:40,643] {dagbag.py:496} INFO - Filling up the DagBag from /home/airflow/.local/lib/python3.6/site-packages/airflow/example_dags/example_xcom.py
[2021-07-19 00:07:40,671] {scheduler_job.py:642} INFO - DAG(s) dict_keys(['example_xcom']) retrieved from /home/airflow/.local/lib/python3.6/site-packages/airflow/example_dags/example_xcom.py
[2021-07-19 00:07:40,698] {logging_mixin.py:104} INFO - [2021-07-19 00:07:40,698] {dag.py:1833} INFO - Sync 1 DAGs
[2021-07-19 00:07:40,720] {logging_mixin.py:104} INFO - [2021-07-19 00:07:40,719] {dag.py:2306} INFO - Setting next_dagrun for example_xcom to 2021-07-17 00:00:00+00:00
[2021-07-19 00:07:40,812] {scheduler_job.py:189} INFO - Processing /home/airflow/.local/lib/python3.6/site-packages/airflow/example_dags/example_xcom.py took 0.183 seconds
[2021-07-19 00:08:11,773] {scheduler_job.py:181} INFO - Started process (PID=1418) to work on /home/airflow/.local/lib/python3.6/site-packages/airflow/example_dags/example_xcom.py
[2021-07-19 00:08:11,776] {scheduler_job.py:632} INFO - Processing file /home/airflow/.local/lib/python3.6/site-packages/airflow/example_dags/example_xcom.py for tasks to queue
[2021-07-19 00:08:11,777] {logging_mixin.py:104} INFO - [2021-07-19 00:08:11,777] {dagbag.py:496} INFO - Filling up the DagBag from /home/airflow/.local/lib/python3.6/site-packages/airflow/example_dags/example_xcom.py
[2021-07-19 00:08:11,795] {scheduler_job.py:642} INFO - DAG(s) dict_keys(['example_xcom']) retrieved from /home/airflow/.local/lib/python3.6/site-packages/airflow/example_dags/example_xcom.py
[2021-07-19 00:08:11,824] {logging_mixin.py:104} INFO - [2021-07-19 00:08:11,824] {dag.py:1833} INFO - Sync 1 DAGs
[2021-07-19 00:08:11,874] {logging_mixin.py:104} INFO - [2021-07-19 00:08:11,874] {dag.py:2306} INFO - Setting next_dagrun for example_xcom to 2021-07-17 00:00:00+00:00
[2021-07-19 00:08:12,196] {scheduler_job.py:189} INFO - Processing /home/airflow/.local/lib/python3.6/site-packages/airflow/example_dags/example_xcom.py took 0.428 seconds
[2021-07-19 00:08:42,253] {scheduler_job.py:181} INFO - Started process (PID=1485) to work on /home/airflow/.local/lib/python3.6/site-packages/airflow/example_dags/example_xcom.py
[2021-07-19 00:08:42,256] {scheduler_job.py:632} INFO - Processing file /home/airflow/.local/lib/python3.6/site-packages/airflow/example_dags/example_xcom.py for tasks to queue
[2021-07-19 00:08:42,264] {logging_mixin.py:104} INFO - [2021-07-19 00:08:42,264] {dagbag.py:496} INFO - Filling up the DagBag from /home/airflow/.local/lib/python3.6/site-packages/airflow/example_dags/example_xcom.py
[2021-07-19 00:08:42,287] {scheduler_job.py:642} INFO - DAG(s) dict_keys(['example_xcom']) retrieved from /home/airflow/.local/lib/python3.6/site-packages/airflow/example_dags/example_xcom.py
[2021-07-19 00:08:42,338] {logging_mixin.py:104} INFO - [2021-07-19 00:08:42,338] {dag.py:1833} INFO - Sync 1 DAGs
[2021-07-19 00:08:42,367] {logging_mixin.py:104} INFO - [2021-07-19 00:08:42,367] {dag.py:2306} INFO - Setting next_dagrun for example_xcom to 2021-07-17 00:00:00+00:00
[2021-07-19 00:08:42,454] {scheduler_job.py:189} INFO - Processing /home/airflow/.local/lib/python3.6/site-packages/airflow/example_dags/example_xcom.py took 0.206 seconds
[2021-07-19 00:09:12,856] {scheduler_job.py:181} INFO - Started process (PID=1541) to work on /home/airflow/.local/lib/python3.6/site-packages/airflow/example_dags/example_xcom.py
[2021-07-19 00:09:12,858] {scheduler_job.py:632} INFO - Processing file /home/airflow/.local/lib/python3.6/site-packages/airflow/example_dags/example_xcom.py for tasks to queue
[2021-07-19 00:09:12,859] {logging_mixin.py:104} INFO - [2021-07-19 00:09:12,859] {dagbag.py:496} INFO - Filling up the DagBag from /home/airflow/.local/lib/python3.6/site-packages/airflow/example_dags/example_xcom.py
[2021-07-19 00:09:12,873] {scheduler_job.py:642} INFO - DAG(s) dict_keys(['example_xcom']) retrieved from /home/airflow/.local/lib/python3.6/site-packages/airflow/example_dags/example_xcom.py
[2021-07-19 00:09:12,906] {logging_mixin.py:104} INFO - [2021-07-19 00:09:12,906] {dag.py:1833} INFO - Sync 1 DAGs
[2021-07-19 00:09:12,927] {logging_mixin.py:104} INFO - [2021-07-19 00:09:12,927] {dag.py:2306} INFO - Setting next_dagrun for example_xcom to 2021-07-17 00:00:00+00:00
[2021-07-19 00:09:13,030] {scheduler_job.py:189} INFO - Processing /home/airflow/.local/lib/python3.6/site-packages/airflow/example_dags/example_xcom.py took 0.178 seconds
[2021-07-19 00:09:43,504] {scheduler_job.py:181} INFO - Started process (PID=1597) to work on /home/airflow/.local/lib/python3.6/site-packages/airflow/example_dags/example_xcom.py
[2021-07-19 00:09:43,507] {scheduler_job.py:632} INFO - Processing file /home/airflow/.local/lib/python3.6/site-packages/airflow/example_dags/example_xcom.py for tasks to queue
[2021-07-19 00:09:43,509] {logging_mixin.py:104} INFO - [2021-07-19 00:09:43,508] {dagbag.py:496} INFO - Filling up the DagBag from /home/airflow/.local/lib/python3.6/site-packages/airflow/example_dags/example_xcom.py
[2021-07-19 00:09:43,530] {scheduler_job.py:642} INFO - DAG(s) dict_keys(['example_xcom']) retrieved from /home/airflow/.local/lib/python3.6/site-packages/airflow/example_dags/example_xcom.py
[2021-07-19 00:09:43,560] {logging_mixin.py:104} INFO - [2021-07-19 00:09:43,560] {dag.py:1833} INFO - Sync 1 DAGs
[2021-07-19 00:09:43,592] {logging_mixin.py:104} INFO - [2021-07-19 00:09:43,592] {dag.py:2306} INFO - Setting next_dagrun for example_xcom to 2021-07-17 00:00:00+00:00
[2021-07-19 00:09:43,741] {scheduler_job.py:189} INFO - Processing /home/airflow/.local/lib/python3.6/site-packages/airflow/example_dags/example_xcom.py took 0.243 seconds
[2021-07-19 00:10:14,140] {scheduler_job.py:181} INFO - Started process (PID=1665) to work on /home/airflow/.local/lib/python3.6/site-packages/airflow/example_dags/example_xcom.py
[2021-07-19 00:10:14,142] {scheduler_job.py:632} INFO - Processing file /home/airflow/.local/lib/python3.6/site-packages/airflow/example_dags/example_xcom.py for tasks to queue
[2021-07-19 00:10:14,143] {logging_mixin.py:104} INFO - [2021-07-19 00:10:14,143] {dagbag.py:496} INFO - Filling up the DagBag from /home/airflow/.local/lib/python3.6/site-packages/airflow/example_dags/example_xcom.py
[2021-07-19 00:10:14,161] {scheduler_job.py:642} INFO - DAG(s) dict_keys(['example_xcom']) retrieved from /home/airflow/.local/lib/python3.6/site-packages/airflow/example_dags/example_xcom.py
[2021-07-19 00:10:14,194] {logging_mixin.py:104} INFO - [2021-07-19 00:10:14,193] {dag.py:1833} INFO - Sync 1 DAGs
[2021-07-19 00:10:14,216] {logging_mixin.py:104} INFO - [2021-07-19 00:10:14,216] {dag.py:2306} INFO - Setting next_dagrun for example_xcom to 2021-07-17 00:00:00+00:00
[2021-07-19 00:10:14,365] {scheduler_job.py:189} INFO - Processing /home/airflow/.local/lib/python3.6/site-packages/airflow/example_dags/example_xcom.py took 0.229 seconds
[2021-07-19 00:10:44,574] {scheduler_job.py:181} INFO - Started process (PID=1723) to work on /home/airflow/.local/lib/python3.6/site-packages/airflow/example_dags/example_xcom.py
[2021-07-19 00:10:44,577] {scheduler_job.py:632} INFO - Processing file /home/airflow/.local/lib/python3.6/site-packages/airflow/example_dags/example_xcom.py for tasks to queue
[2021-07-19 00:10:44,578] {logging_mixin.py:104} INFO - [2021-07-19 00:10:44,578] {dagbag.py:496} INFO - Filling up the DagBag from /home/airflow/.local/lib/python3.6/site-packages/airflow/example_dags/example_xcom.py
[2021-07-19 00:10:44,597] {scheduler_job.py:642} INFO - DAG(s) dict_keys(['example_xcom']) retrieved from /home/airflow/.local/lib/python3.6/site-packages/airflow/example_dags/example_xcom.py
[2021-07-19 00:10:44,646] {logging_mixin.py:104} INFO - [2021-07-19 00:10:44,646] {dag.py:1833} INFO - Sync 1 DAGs
[2021-07-19 00:10:44,667] {logging_mixin.py:104} INFO - [2021-07-19 00:10:44,667] {dag.py:2306} INFO - Setting next_dagrun for example_xcom to 2021-07-17 00:00:00+00:00
[2021-07-19 00:10:45,101] {scheduler_job.py:189} INFO - Processing /home/airflow/.local/lib/python3.6/site-packages/airflow/example_dags/example_xcom.py took 0.533 seconds
[2021-07-19 00:11:16,048] {scheduler_job.py:181} INFO - Started process (PID=1778) to work on /home/airflow/.local/lib/python3.6/site-packages/airflow/example_dags/example_xcom.py
[2021-07-19 00:11:16,050] {scheduler_job.py:632} INFO - Processing file /home/airflow/.local/lib/python3.6/site-packages/airflow/example_dags/example_xcom.py for tasks to queue
[2021-07-19 00:11:16,051] {logging_mixin.py:104} INFO - [2021-07-19 00:11:16,051] {dagbag.py:496} INFO - Filling up the DagBag from /home/airflow/.local/lib/python3.6/site-packages/airflow/example_dags/example_xcom.py
[2021-07-19 00:11:16,081] {scheduler_job.py:642} INFO - DAG(s) dict_keys(['example_xcom']) retrieved from /home/airflow/.local/lib/python3.6/site-packages/airflow/example_dags/example_xcom.py
[2021-07-19 00:11:16,114] {logging_mixin.py:104} INFO - [2021-07-19 00:11:16,114] {dag.py:1833} INFO - Sync 1 DAGs
[2021-07-19 00:11:16,130] {logging_mixin.py:104} INFO - [2021-07-19 00:11:16,130] {dag.py:2306} INFO - Setting next_dagrun for example_xcom to 2021-07-17 00:00:00+00:00
[2021-07-19 00:11:16,829] {scheduler_job.py:189} INFO - Processing /home/airflow/.local/lib/python3.6/site-packages/airflow/example_dags/example_xcom.py took 0.786 seconds
[2021-07-19 00:11:46,968] {scheduler_job.py:181} INFO - Started process (PID=1835) to work on /home/airflow/.local/lib/python3.6/site-packages/airflow/example_dags/example_xcom.py
[2021-07-19 00:11:46,971] {scheduler_job.py:632} INFO - Processing file /home/airflow/.local/lib/python3.6/site-packages/airflow/example_dags/example_xcom.py for tasks to queue
[2021-07-19 00:11:46,974] {logging_mixin.py:104} INFO - [2021-07-19 00:11:46,974] {dagbag.py:496} INFO - Filling up the DagBag from /home/airflow/.local/lib/python3.6/site-packages/airflow/example_dags/example_xcom.py
[2021-07-19 00:11:46,992] {scheduler_job.py:642} INFO - DAG(s) dict_keys(['example_xcom']) retrieved from /home/airflow/.local/lib/python3.6/site-packages/airflow/example_dags/example_xcom.py
[2021-07-19 00:11:47,019] {logging_mixin.py:104} INFO - [2021-07-19 00:11:47,019] {dag.py:1833} INFO - Sync 1 DAGs
[2021-07-19 00:11:47,042] {logging_mixin.py:104} INFO - [2021-07-19 00:11:47,042] {dag.py:2306} INFO - Setting next_dagrun for example_xcom to 2021-07-17 00:00:00+00:00
[2021-07-19 00:11:47,119] {scheduler_job.py:189} INFO - Processing /home/airflow/.local/lib/python3.6/site-packages/airflow/example_dags/example_xcom.py took 0.162 seconds
[2021-07-19 00:12:18,082] {scheduler_job.py:181} INFO - Started process (PID=1902) to work on /home/airflow/.local/lib/python3.6/site-packages/airflow/example_dags/example_xcom.py
[2021-07-19 00:12:18,084] {scheduler_job.py:632} INFO - Processing file /home/airflow/.local/lib/python3.6/site-packages/airflow/example_dags/example_xcom.py for tasks to queue
[2021-07-19 00:12:18,085] {logging_mixin.py:104} INFO - [2021-07-19 00:12:18,085] {dagbag.py:496} INFO - Filling up the DagBag from /home/airflow/.local/lib/python3.6/site-packages/airflow/example_dags/example_xcom.py
[2021-07-19 00:12:18,099] {scheduler_job.py:642} INFO - DAG(s) dict_keys(['example_xcom']) retrieved from /home/airflow/.local/lib/python3.6/site-packages/airflow/example_dags/example_xcom.py
[2021-07-19 00:12:18,126] {logging_mixin.py:104} INFO - [2021-07-19 00:12:18,126] {dag.py:1833} INFO - Sync 1 DAGs
[2021-07-19 00:12:18,146] {logging_mixin.py:104} INFO - [2021-07-19 00:12:18,146] {dag.py:2306} INFO - Setting next_dagrun for example_xcom to 2021-07-17 00:00:00+00:00
[2021-07-19 00:12:18,473] {scheduler_job.py:189} INFO - Processing /home/airflow/.local/lib/python3.6/site-packages/airflow/example_dags/example_xcom.py took 0.394 seconds
[2021-07-19 00:12:48,864] {scheduler_job.py:181} INFO - Started process (PID=1959) to work on /home/airflow/.local/lib/python3.6/site-packages/airflow/example_dags/example_xcom.py
[2021-07-19 00:12:48,866] {scheduler_job.py:632} INFO - Processing file /home/airflow/.local/lib/python3.6/site-packages/airflow/example_dags/example_xcom.py for tasks to queue
[2021-07-19 00:12:48,867] {logging_mixin.py:104} INFO - [2021-07-19 00:12:48,867] {dagbag.py:496} INFO - Filling up the DagBag from /home/airflow/.local/lib/python3.6/site-packages/airflow/example_dags/example_xcom.py
[2021-07-19 00:12:48,885] {scheduler_job.py:642} INFO - DAG(s) dict_keys(['example_xcom']) retrieved from /home/airflow/.local/lib/python3.6/site-packages/airflow/example_dags/example_xcom.py
[2021-07-19 00:12:48,919] {logging_mixin.py:104} INFO - [2021-07-19 00:12:48,919] {dag.py:1833} INFO - Sync 1 DAGs
[2021-07-19 00:12:48,947] {logging_mixin.py:104} INFO - [2021-07-19 00:12:48,947] {dag.py:2306} INFO - Setting next_dagrun for example_xcom to 2021-07-17 00:00:00+00:00
[2021-07-19 00:12:49,129] {scheduler_job.py:189} INFO - Processing /home/airflow/.local/lib/python3.6/site-packages/airflow/example_dags/example_xcom.py took 0.268 seconds
[2021-07-19 00:13:19,245] {scheduler_job.py:181} INFO - Started process (PID=2017) to work on /home/airflow/.local/lib/python3.6/site-packages/airflow/example_dags/example_xcom.py
[2021-07-19 00:13:19,247] {scheduler_job.py:632} INFO - Processing file /home/airflow/.local/lib/python3.6/site-packages/airflow/example_dags/example_xcom.py for tasks to queue
[2021-07-19 00:13:19,249] {logging_mixin.py:104} INFO - [2021-07-19 00:13:19,248] {dagbag.py:496} INFO - Filling up the DagBag from /home/airflow/.local/lib/python3.6/site-packages/airflow/example_dags/example_xcom.py
[2021-07-19 00:13:19,268] {scheduler_job.py:642} INFO - DAG(s) dict_keys(['example_xcom']) retrieved from /home/airflow/.local/lib/python3.6/site-packages/airflow/example_dags/example_xcom.py
[2021-07-19 00:13:19,343] {logging_mixin.py:104} INFO - [2021-07-19 00:13:19,343] {dag.py:1833} INFO - Sync 1 DAGs
[2021-07-19 00:13:19,374] {logging_mixin.py:104} INFO - [2021-07-19 00:13:19,374] {dag.py:2306} INFO - Setting next_dagrun for example_xcom to 2021-07-17 00:00:00+00:00
[2021-07-19 00:13:19,680] {scheduler_job.py:189} INFO - Processing /home/airflow/.local/lib/python3.6/site-packages/airflow/example_dags/example_xcom.py took 0.440 seconds
[2021-07-19 00:13:50,074] {scheduler_job.py:181} INFO - Started process (PID=2091) to work on /home/airflow/.local/lib/python3.6/site-packages/airflow/example_dags/example_xcom.py
[2021-07-19 00:13:50,081] {scheduler_job.py:632} INFO - Processing file /home/airflow/.local/lib/python3.6/site-packages/airflow/example_dags/example_xcom.py for tasks to queue
[2021-07-19 00:13:50,084] {logging_mixin.py:104} INFO - [2021-07-19 00:13:50,084] {dagbag.py:496} INFO - Filling up the DagBag from /home/airflow/.local/lib/python3.6/site-packages/airflow/example_dags/example_xcom.py
[2021-07-19 00:13:50,118] {scheduler_job.py:642} INFO - DAG(s) dict_keys(['example_xcom']) retrieved from /home/airflow/.local/lib/python3.6/site-packages/airflow/example_dags/example_xcom.py
[2021-07-19 00:13:50,156] {logging_mixin.py:104} INFO - [2021-07-19 00:13:50,156] {dag.py:1833} INFO - Sync 1 DAGs
[2021-07-19 00:13:50,175] {logging_mixin.py:104} INFO - [2021-07-19 00:13:50,175] {dag.py:2306} INFO - Setting next_dagrun for example_xcom to 2021-07-17 00:00:00+00:00
[2021-07-19 00:13:50,219] {scheduler_job.py:189} INFO - Processing /home/airflow/.local/lib/python3.6/site-packages/airflow/example_dags/example_xcom.py took 0.155 seconds
[2021-07-19 00:14:20,338] {scheduler_job.py:181} INFO - Started process (PID=2148) to work on /home/airflow/.local/lib/python3.6/site-packages/airflow/example_dags/example_xcom.py
[2021-07-19 00:14:20,341] {scheduler_job.py:632} INFO - Processing file /home/airflow/.local/lib/python3.6/site-packages/airflow/example_dags/example_xcom.py for tasks to queue
[2021-07-19 00:14:20,342] {logging_mixin.py:104} INFO - [2021-07-19 00:14:20,341] {dagbag.py:496} INFO - Filling up the DagBag from /home/airflow/.local/lib/python3.6/site-packages/airflow/example_dags/example_xcom.py
[2021-07-19 00:14:20,359] {scheduler_job.py:642} INFO - DAG(s) dict_keys(['example_xcom']) retrieved from /home/airflow/.local/lib/python3.6/site-packages/airflow/example_dags/example_xcom.py
[2021-07-19 00:14:20,385] {logging_mixin.py:104} INFO - [2021-07-19 00:14:20,385] {dag.py:1833} INFO - Sync 1 DAGs
[2021-07-19 00:14:20,411] {logging_mixin.py:104} INFO - [2021-07-19 00:14:20,410] {dag.py:2306} INFO - Setting next_dagrun for example_xcom to 2021-07-17 00:00:00+00:00
[2021-07-19 00:14:20,653] {scheduler_job.py:189} INFO - Processing /home/airflow/.local/lib/python3.6/site-packages/airflow/example_dags/example_xcom.py took 0.321 seconds
[2021-07-19 00:14:50,788] {scheduler_job.py:181} INFO - Started process (PID=2205) to work on /home/airflow/.local/lib/python3.6/site-packages/airflow/example_dags/example_xcom.py
[2021-07-19 00:14:50,790] {scheduler_job.py:632} INFO - Processing file /home/airflow/.local/lib/python3.6/site-packages/airflow/example_dags/example_xcom.py for tasks to queue
[2021-07-19 00:14:50,791] {logging_mixin.py:104} INFO - [2021-07-19 00:14:50,791] {dagbag.py:496} INFO - Filling up the DagBag from /home/airflow/.local/lib/python3.6/site-packages/airflow/example_dags/example_xcom.py
[2021-07-19 00:14:50,817] {scheduler_job.py:642} INFO - DAG(s) dict_keys(['example_xcom']) retrieved from /home/airflow/.local/lib/python3.6/site-packages/airflow/example_dags/example_xcom.py
[2021-07-19 00:14:50,847] {logging_mixin.py:104} INFO - [2021-07-19 00:14:50,847] {dag.py:1833} INFO - Sync 1 DAGs
[2021-07-19 00:14:50,869] {logging_mixin.py:104} INFO - [2021-07-19 00:14:50,869] {dag.py:2306} INFO - Setting next_dagrun for example_xcom to 2021-07-17 00:00:00+00:00
[2021-07-19 00:14:50,944] {scheduler_job.py:189} INFO - Processing /home/airflow/.local/lib/python3.6/site-packages/airflow/example_dags/example_xcom.py took 0.160 seconds
[2021-07-19 00:15:21,042] {scheduler_job.py:181} INFO - Started process (PID=2261) to work on /home/airflow/.local/lib/python3.6/site-packages/airflow/example_dags/example_xcom.py
[2021-07-19 00:15:21,044] {scheduler_job.py:632} INFO - Processing file /home/airflow/.local/lib/python3.6/site-packages/airflow/example_dags/example_xcom.py for tasks to queue
[2021-07-19 00:15:21,045] {logging_mixin.py:104} INFO - [2021-07-19 00:15:21,045] {dagbag.py:496} INFO - Filling up the DagBag from /home/airflow/.local/lib/python3.6/site-packages/airflow/example_dags/example_xcom.py
[2021-07-19 00:15:21,062] {scheduler_job.py:642} INFO - DAG(s) dict_keys(['example_xcom']) retrieved from /home/airflow/.local/lib/python3.6/site-packages/airflow/example_dags/example_xcom.py
[2021-07-19 00:15:21,094] {logging_mixin.py:104} INFO - [2021-07-19 00:15:21,093] {dag.py:1833} INFO - Sync 1 DAGs
[2021-07-19 00:15:21,115] {logging_mixin.py:104} INFO - [2021-07-19 00:15:21,115] {dag.py:2306} INFO - Setting next_dagrun for example_xcom to 2021-07-17 00:00:00+00:00
[2021-07-19 00:15:21,193] {scheduler_job.py:189} INFO - Processing /home/airflow/.local/lib/python3.6/site-packages/airflow/example_dags/example_xcom.py took 0.155 seconds
[2021-07-19 00:15:51,454] {scheduler_job.py:181} INFO - Started process (PID=2317) to work on /home/airflow/.local/lib/python3.6/site-packages/airflow/example_dags/example_xcom.py
[2021-07-19 00:15:51,456] {scheduler_job.py:632} INFO - Processing file /home/airflow/.local/lib/python3.6/site-packages/airflow/example_dags/example_xcom.py for tasks to queue
[2021-07-19 00:15:51,457] {logging_mixin.py:104} INFO - [2021-07-19 00:15:51,457] {dagbag.py:496} INFO - Filling up the DagBag from /home/airflow/.local/lib/python3.6/site-packages/airflow/example_dags/example_xcom.py
[2021-07-19 00:15:51,484] {scheduler_job.py:642} INFO - DAG(s) dict_keys(['example_xcom']) retrieved from /home/airflow/.local/lib/python3.6/site-packages/airflow/example_dags/example_xcom.py
[2021-07-19 00:15:51,514] {logging_mixin.py:104} INFO - [2021-07-19 00:15:51,514] {dag.py:1833} INFO - Sync 1 DAGs
[2021-07-19 00:15:51,540] {logging_mixin.py:104} INFO - [2021-07-19 00:15:51,540] {dag.py:2306} INFO - Setting next_dagrun for example_xcom to 2021-07-17 00:00:00+00:00
[2021-07-19 00:15:51,611] {scheduler_job.py:189} INFO - Processing /home/airflow/.local/lib/python3.6/site-packages/airflow/example_dags/example_xcom.py took 0.161 seconds
[2021-07-19 00:16:21,847] {scheduler_job.py:181} INFO - Started process (PID=2383) to work on /home/airflow/.local/lib/python3.6/site-packages/airflow/example_dags/example_xcom.py
[2021-07-19 00:16:21,849] {scheduler_job.py:632} INFO - Processing file /home/airflow/.local/lib/python3.6/site-packages/airflow/example_dags/example_xcom.py for tasks to queue
[2021-07-19 00:16:21,851] {logging_mixin.py:104} INFO - [2021-07-19 00:16:21,851] {dagbag.py:496} INFO - Filling up the DagBag from /home/airflow/.local/lib/python3.6/site-packages/airflow/example_dags/example_xcom.py
[2021-07-19 00:16:21,865] {scheduler_job.py:642} INFO - DAG(s) dict_keys(['example_xcom']) retrieved from /home/airflow/.local/lib/python3.6/site-packages/airflow/example_dags/example_xcom.py
[2021-07-19 00:16:21,893] {logging_mixin.py:104} INFO - [2021-07-19 00:16:21,893] {dag.py:1833} INFO - Sync 1 DAGs
[2021-07-19 00:16:21,912] {logging_mixin.py:104} INFO - [2021-07-19 00:16:21,912] {dag.py:2306} INFO - Setting next_dagrun for example_xcom to 2021-07-17 00:00:00+00:00
[2021-07-19 00:16:21,964] {scheduler_job.py:189} INFO - Processing /home/airflow/.local/lib/python3.6/site-packages/airflow/example_dags/example_xcom.py took 0.120 seconds
[2021-07-19 00:16:52,557] {scheduler_job.py:181} INFO - Started process (PID=2442) to work on /home/airflow/.local/lib/python3.6/site-packages/airflow/example_dags/example_xcom.py
[2021-07-19 00:16:52,565] {scheduler_job.py:632} INFO - Processing file /home/airflow/.local/lib/python3.6/site-packages/airflow/example_dags/example_xcom.py for tasks to queue
[2021-07-19 00:16:52,569] {logging_mixin.py:104} INFO - [2021-07-19 00:16:52,568] {dagbag.py:496} INFO - Filling up the DagBag from /home/airflow/.local/lib/python3.6/site-packages/airflow/example_dags/example_xcom.py
[2021-07-19 00:16:52,609] {scheduler_job.py:642} INFO - DAG(s) dict_keys(['example_xcom']) retrieved from /home/airflow/.local/lib/python3.6/site-packages/airflow/example_dags/example_xcom.py
[2021-07-19 00:16:52,644] {logging_mixin.py:104} INFO - [2021-07-19 00:16:52,643] {dag.py:1833} INFO - Sync 1 DAGs
[2021-07-19 00:16:52,665] {logging_mixin.py:104} INFO - [2021-07-19 00:16:52,665] {dag.py:2306} INFO - Setting next_dagrun for example_xcom to 2021-07-17 00:00:00+00:00
[2021-07-19 00:16:52,787] {scheduler_job.py:189} INFO - Processing /home/airflow/.local/lib/python3.6/site-packages/airflow/example_dags/example_xcom.py took 0.240 seconds
[2021-07-19 00:17:22,928] {scheduler_job.py:181} INFO - Started process (PID=2499) to work on /home/airflow/.local/lib/python3.6/site-packages/airflow/example_dags/example_xcom.py
[2021-07-19 00:17:22,930] {scheduler_job.py:632} INFO - Processing file /home/airflow/.local/lib/python3.6/site-packages/airflow/example_dags/example_xcom.py for tasks to queue
[2021-07-19 00:17:22,932] {logging_mixin.py:104} INFO - [2021-07-19 00:17:22,932] {dagbag.py:496} INFO - Filling up the DagBag from /home/airflow/.local/lib/python3.6/site-packages/airflow/example_dags/example_xcom.py
[2021-07-19 00:17:22,952] {scheduler_job.py:642} INFO - DAG(s) dict_keys(['example_xcom']) retrieved from /home/airflow/.local/lib/python3.6/site-packages/airflow/example_dags/example_xcom.py
[2021-07-19 00:17:22,980] {logging_mixin.py:104} INFO - [2021-07-19 00:17:22,980] {dag.py:1833} INFO - Sync 1 DAGs
[2021-07-19 00:17:23,009] {logging_mixin.py:104} INFO - [2021-07-19 00:17:23,008] {dag.py:2306} INFO - Setting next_dagrun for example_xcom to 2021-07-17 00:00:00+00:00
[2021-07-19 00:17:23,344] {scheduler_job.py:189} INFO - Processing /home/airflow/.local/lib/python3.6/site-packages/airflow/example_dags/example_xcom.py took 0.423 seconds
[2021-07-19 00:17:53,462] {scheduler_job.py:181} INFO - Started process (PID=2567) to work on /home/airflow/.local/lib/python3.6/site-packages/airflow/example_dags/example_xcom.py
[2021-07-19 00:17:53,464] {scheduler_job.py:632} INFO - Processing file /home/airflow/.local/lib/python3.6/site-packages/airflow/example_dags/example_xcom.py for tasks to queue
[2021-07-19 00:17:53,465] {logging_mixin.py:104} INFO - [2021-07-19 00:17:53,465] {dagbag.py:496} INFO - Filling up the DagBag from /home/airflow/.local/lib/python3.6/site-packages/airflow/example_dags/example_xcom.py
[2021-07-19 00:17:53,484] {scheduler_job.py:642} INFO - DAG(s) dict_keys(['example_xcom']) retrieved from /home/airflow/.local/lib/python3.6/site-packages/airflow/example_dags/example_xcom.py
[2021-07-19 00:17:53,523] {logging_mixin.py:104} INFO - [2021-07-19 00:17:53,523] {dag.py:1833} INFO - Sync 1 DAGs
[2021-07-19 00:17:53,544] {logging_mixin.py:104} INFO - [2021-07-19 00:17:53,544] {dag.py:2306} INFO - Setting next_dagrun for example_xcom to 2021-07-17 00:00:00+00:00
[2021-07-19 00:17:53,757] {scheduler_job.py:189} INFO - Processing /home/airflow/.local/lib/python3.6/site-packages/airflow/example_dags/example_xcom.py took 0.301 seconds
[2021-07-19 00:18:29,876] {scheduler_job.py:181} INFO - Started process (PID=2624) to work on /home/airflow/.local/lib/python3.6/site-packages/airflow/example_dags/example_xcom.py
[2021-07-19 00:18:29,880] {scheduler_job.py:632} INFO - Processing file /home/airflow/.local/lib/python3.6/site-packages/airflow/example_dags/example_xcom.py for tasks to queue
[2021-07-19 00:18:29,881] {logging_mixin.py:104} INFO - [2021-07-19 00:18:29,881] {dagbag.py:496} INFO - Filling up the DagBag from /home/airflow/.local/lib/python3.6/site-packages/airflow/example_dags/example_xcom.py
[2021-07-19 00:18:29,902] {scheduler_job.py:642} INFO - DAG(s) dict_keys(['example_xcom']) retrieved from /home/airflow/.local/lib/python3.6/site-packages/airflow/example_dags/example_xcom.py
[2021-07-19 00:18:29,964] {logging_mixin.py:104} INFO - [2021-07-19 00:18:29,963] {dag.py:1833} INFO - Sync 1 DAGs
[2021-07-19 00:18:30,004] {logging_mixin.py:104} INFO - [2021-07-19 00:18:30,003] {dag.py:2306} INFO - Setting next_dagrun for example_xcom to 2021-07-17 00:00:00+00:00
[2021-07-19 00:18:30,393] {scheduler_job.py:189} INFO - Processing /home/airflow/.local/lib/python3.6/site-packages/airflow/example_dags/example_xcom.py took 0.522 seconds
[2021-07-19 00:19:00,483] {scheduler_job.py:181} INFO - Started process (PID=2675) to work on /home/airflow/.local/lib/python3.6/site-packages/airflow/example_dags/example_xcom.py
[2021-07-19 00:19:00,485] {scheduler_job.py:632} INFO - Processing file /home/airflow/.local/lib/python3.6/site-packages/airflow/example_dags/example_xcom.py for tasks to queue
[2021-07-19 00:19:00,486] {logging_mixin.py:104} INFO - [2021-07-19 00:19:00,486] {dagbag.py:496} INFO - Filling up the DagBag from /home/airflow/.local/lib/python3.6/site-packages/airflow/example_dags/example_xcom.py
[2021-07-19 00:19:00,507] {scheduler_job.py:642} INFO - DAG(s) dict_keys(['example_xcom']) retrieved from /home/airflow/.local/lib/python3.6/site-packages/airflow/example_dags/example_xcom.py
[2021-07-19 00:19:00,542] {logging_mixin.py:104} INFO - [2021-07-19 00:19:00,542] {dag.py:1833} INFO - Sync 1 DAGs
[2021-07-19 00:19:00,576] {logging_mixin.py:104} INFO - [2021-07-19 00:19:00,576] {dag.py:2306} INFO - Setting next_dagrun for example_xcom to 2021-07-17 00:00:00+00:00
[2021-07-19 00:19:01,927] {scheduler_job.py:189} INFO - Processing /home/airflow/.local/lib/python3.6/site-packages/airflow/example_dags/example_xcom.py took 1.449 seconds
[2021-07-19 00:19:32,360] {scheduler_job.py:181} INFO - Started process (PID=2730) to work on /home/airflow/.local/lib/python3.6/site-packages/airflow/example_dags/example_xcom.py
[2021-07-19 00:19:32,363] {scheduler_job.py:632} INFO - Processing file /home/airflow/.local/lib/python3.6/site-packages/airflow/example_dags/example_xcom.py for tasks to queue
[2021-07-19 00:19:32,364] {logging_mixin.py:104} INFO - [2021-07-19 00:19:32,364] {dagbag.py:496} INFO - Filling up the DagBag from /home/airflow/.local/lib/python3.6/site-packages/airflow/example_dags/example_xcom.py
[2021-07-19 00:19:32,380] {scheduler_job.py:642} INFO - DAG(s) dict_keys(['example_xcom']) retrieved from /home/airflow/.local/lib/python3.6/site-packages/airflow/example_dags/example_xcom.py
[2021-07-19 00:19:32,405] {logging_mixin.py:104} INFO - [2021-07-19 00:19:32,405] {dag.py:1833} INFO - Sync 1 DAGs
[2021-07-19 00:19:32,425] {logging_mixin.py:104} INFO - [2021-07-19 00:19:32,424] {dag.py:2306} INFO - Setting next_dagrun for example_xcom to 2021-07-17 00:00:00+00:00
[2021-07-19 00:19:32,716] {scheduler_job.py:189} INFO - Processing /home/airflow/.local/lib/python3.6/site-packages/airflow/example_dags/example_xcom.py took 0.361 seconds
[2021-07-19 00:20:03,657] {scheduler_job.py:181} INFO - Started process (PID=2787) to work on /home/airflow/.local/lib/python3.6/site-packages/airflow/example_dags/example_xcom.py
[2021-07-19 00:20:03,659] {scheduler_job.py:632} INFO - Processing file /home/airflow/.local/lib/python3.6/site-packages/airflow/example_dags/example_xcom.py for tasks to queue
[2021-07-19 00:20:03,660] {logging_mixin.py:104} INFO - [2021-07-19 00:20:03,660] {dagbag.py:496} INFO - Filling up the DagBag from /home/airflow/.local/lib/python3.6/site-packages/airflow/example_dags/example_xcom.py
[2021-07-19 00:20:03,674] {scheduler_job.py:642} INFO - DAG(s) dict_keys(['example_xcom']) retrieved from /home/airflow/.local/lib/python3.6/site-packages/airflow/example_dags/example_xcom.py
[2021-07-19 00:20:03,699] {logging_mixin.py:104} INFO - [2021-07-19 00:20:03,699] {dag.py:1833} INFO - Sync 1 DAGs
[2021-07-19 00:20:03,722] {logging_mixin.py:104} INFO - [2021-07-19 00:20:03,722] {dag.py:2306} INFO - Setting next_dagrun for example_xcom to 2021-07-17 00:00:00+00:00
[2021-07-19 00:20:03,920] {scheduler_job.py:189} INFO - Processing /home/airflow/.local/lib/python3.6/site-packages/airflow/example_dags/example_xcom.py took 0.268 seconds
[2021-07-19 00:20:34,558] {scheduler_job.py:181} INFO - Started process (PID=2856) to work on /home/airflow/.local/lib/python3.6/site-packages/airflow/example_dags/example_xcom.py
[2021-07-19 00:20:34,561] {scheduler_job.py:632} INFO - Processing file /home/airflow/.local/lib/python3.6/site-packages/airflow/example_dags/example_xcom.py for tasks to queue
[2021-07-19 00:20:34,563] {logging_mixin.py:104} INFO - [2021-07-19 00:20:34,563] {dagbag.py:496} INFO - Filling up the DagBag from /home/airflow/.local/lib/python3.6/site-packages/airflow/example_dags/example_xcom.py
[2021-07-19 00:20:34,584] {scheduler_job.py:642} INFO - DAG(s) dict_keys(['example_xcom']) retrieved from /home/airflow/.local/lib/python3.6/site-packages/airflow/example_dags/example_xcom.py
[2021-07-19 00:20:34,611] {logging_mixin.py:104} INFO - [2021-07-19 00:20:34,611] {dag.py:1833} INFO - Sync 1 DAGs
[2021-07-19 00:20:34,631] {logging_mixin.py:104} INFO - [2021-07-19 00:20:34,631] {dag.py:2306} INFO - Setting next_dagrun for example_xcom to 2021-07-17 00:00:00+00:00
[2021-07-19 00:20:34,807] {scheduler_job.py:189} INFO - Processing /home/airflow/.local/lib/python3.6/site-packages/airflow/example_dags/example_xcom.py took 0.258 seconds
[2021-07-19 00:21:05,050] {scheduler_job.py:181} INFO - Started process (PID=2912) to work on /home/airflow/.local/lib/python3.6/site-packages/airflow/example_dags/example_xcom.py
[2021-07-19 00:21:05,058] {scheduler_job.py:632} INFO - Processing file /home/airflow/.local/lib/python3.6/site-packages/airflow/example_dags/example_xcom.py for tasks to queue
[2021-07-19 00:21:05,063] {logging_mixin.py:104} INFO - [2021-07-19 00:21:05,063] {dagbag.py:496} INFO - Filling up the DagBag from /home/airflow/.local/lib/python3.6/site-packages/airflow/example_dags/example_xcom.py
[2021-07-19 00:21:05,089] {scheduler_job.py:642} INFO - DAG(s) dict_keys(['example_xcom']) retrieved from /home/airflow/.local/lib/python3.6/site-packages/airflow/example_dags/example_xcom.py
[2021-07-19 00:21:05,127] {logging_mixin.py:104} INFO - [2021-07-19 00:21:05,127] {dag.py:1833} INFO - Sync 1 DAGs
[2021-07-19 00:21:05,156] {logging_mixin.py:104} INFO - [2021-07-19 00:21:05,156] {dag.py:2306} INFO - Setting next_dagrun for example_xcom to 2021-07-17 00:00:00+00:00
[2021-07-19 00:21:05,681] {scheduler_job.py:189} INFO - Processing /home/airflow/.local/lib/python3.6/site-packages/airflow/example_dags/example_xcom.py took 0.647 seconds
[2021-07-19 00:21:36,399] {scheduler_job.py:181} INFO - Started process (PID=2969) to work on /home/airflow/.local/lib/python3.6/site-packages/airflow/example_dags/example_xcom.py
[2021-07-19 00:21:36,402] {scheduler_job.py:632} INFO - Processing file /home/airflow/.local/lib/python3.6/site-packages/airflow/example_dags/example_xcom.py for tasks to queue
[2021-07-19 00:21:36,403] {logging_mixin.py:104} INFO - [2021-07-19 00:21:36,403] {dagbag.py:496} INFO - Filling up the DagBag from /home/airflow/.local/lib/python3.6/site-packages/airflow/example_dags/example_xcom.py
[2021-07-19 00:21:36,416] {scheduler_job.py:642} INFO - DAG(s) dict_keys(['example_xcom']) retrieved from /home/airflow/.local/lib/python3.6/site-packages/airflow/example_dags/example_xcom.py
[2021-07-19 00:21:36,441] {logging_mixin.py:104} INFO - [2021-07-19 00:21:36,441] {dag.py:1833} INFO - Sync 1 DAGs
[2021-07-19 00:21:36,461] {logging_mixin.py:104} INFO - [2021-07-19 00:21:36,461] {dag.py:2306} INFO - Setting next_dagrun for example_xcom to 2021-07-17 00:00:00+00:00
[2021-07-19 00:21:36,714] {scheduler_job.py:189} INFO - Processing /home/airflow/.local/lib/python3.6/site-packages/airflow/example_dags/example_xcom.py took 0.319 seconds
[2021-07-19 00:22:06,860] {scheduler_job.py:181} INFO - Started process (PID=3024) to work on /home/airflow/.local/lib/python3.6/site-packages/airflow/example_dags/example_xcom.py
[2021-07-19 00:22:06,863] {scheduler_job.py:632} INFO - Processing file /home/airflow/.local/lib/python3.6/site-packages/airflow/example_dags/example_xcom.py for tasks to queue
[2021-07-19 00:22:06,864] {logging_mixin.py:104} INFO - [2021-07-19 00:22:06,864] {dagbag.py:496} INFO - Filling up the DagBag from /home/airflow/.local/lib/python3.6/site-packages/airflow/example_dags/example_xcom.py
[2021-07-19 00:22:06,890] {scheduler_job.py:642} INFO - DAG(s) dict_keys(['example_xcom']) retrieved from /home/airflow/.local/lib/python3.6/site-packages/airflow/example_dags/example_xcom.py
[2021-07-19 00:22:06,916] {logging_mixin.py:104} INFO - [2021-07-19 00:22:06,916] {dag.py:1833} INFO - Sync 1 DAGs
[2021-07-19 00:22:06,935] {logging_mixin.py:104} INFO - [2021-07-19 00:22:06,935] {dag.py:2306} INFO - Setting next_dagrun for example_xcom to 2021-07-17 00:00:00+00:00
[2021-07-19 00:22:07,126] {scheduler_job.py:189} INFO - Processing /home/airflow/.local/lib/python3.6/site-packages/airflow/example_dags/example_xcom.py took 0.270 seconds
[2021-07-19 00:22:37,762] {scheduler_job.py:181} INFO - Started process (PID=3081) to work on /home/airflow/.local/lib/python3.6/site-packages/airflow/example_dags/example_xcom.py
[2021-07-19 00:22:37,764] {scheduler_job.py:632} INFO - Processing file /home/airflow/.local/lib/python3.6/site-packages/airflow/example_dags/example_xcom.py for tasks to queue
[2021-07-19 00:22:37,765] {logging_mixin.py:104} INFO - [2021-07-19 00:22:37,765] {dagbag.py:496} INFO - Filling up the DagBag from /home/airflow/.local/lib/python3.6/site-packages/airflow/example_dags/example_xcom.py
[2021-07-19 00:22:37,779] {scheduler_job.py:642} INFO - DAG(s) dict_keys(['example_xcom']) retrieved from /home/airflow/.local/lib/python3.6/site-packages/airflow/example_dags/example_xcom.py
[2021-07-19 00:22:37,809] {logging_mixin.py:104} INFO - [2021-07-19 00:22:37,808] {dag.py:1833} INFO - Sync 1 DAGs
[2021-07-19 00:22:37,827] {logging_mixin.py:104} INFO - [2021-07-19 00:22:37,827] {dag.py:2306} INFO - Setting next_dagrun for example_xcom to 2021-07-17 00:00:00+00:00
[2021-07-19 00:22:38,508] {scheduler_job.py:189} INFO - Processing /home/airflow/.local/lib/python3.6/site-packages/airflow/example_dags/example_xcom.py took 0.749 seconds
[2021-07-19 00:23:09,348] {scheduler_job.py:181} INFO - Started process (PID=3148) to work on /home/airflow/.local/lib/python3.6/site-packages/airflow/example_dags/example_xcom.py
[2021-07-19 00:23:09,350] {scheduler_job.py:632} INFO - Processing file /home/airflow/.local/lib/python3.6/site-packages/airflow/example_dags/example_xcom.py for tasks to queue
[2021-07-19 00:23:09,351] {logging_mixin.py:104} INFO - [2021-07-19 00:23:09,351] {dagbag.py:496} INFO - Filling up the DagBag from /home/airflow/.local/lib/python3.6/site-packages/airflow/example_dags/example_xcom.py
[2021-07-19 00:23:09,365] {scheduler_job.py:642} INFO - DAG(s) dict_keys(['example_xcom']) retrieved from /home/airflow/.local/lib/python3.6/site-packages/airflow/example_dags/example_xcom.py
[2021-07-19 00:23:09,392] {logging_mixin.py:104} INFO - [2021-07-19 00:23:09,391] {dag.py:1833} INFO - Sync 1 DAGs
[2021-07-19 00:23:09,416] {logging_mixin.py:104} INFO - [2021-07-19 00:23:09,416] {dag.py:2306} INFO - Setting next_dagrun for example_xcom to 2021-07-17 00:00:00+00:00
[2021-07-19 00:23:09,996] {scheduler_job.py:189} INFO - Processing /home/airflow/.local/lib/python3.6/site-packages/airflow/example_dags/example_xcom.py took 0.651 seconds
                                                                                                                                                                                                                                                                                                                                                                                                                                                                                                                                                                                                                                                                                                                                                                                                                                                                                                                                                                                                                                                                                                                                                                                                                                                                                                                                                                                                                                                                                                                                                                                                                                                                                                                                                                                                                                                                                                                                                                                                                                                                                                                                                                                                                                                                                                                                                                                                                                                                                                                                                                                                                                                                                                                                                                                                                                                                                                                                                                                                                                                                                                                                                                                                                                                                                                                                                                                                                                                                                                                                                                                                                                                                                                                                                                                                                                                                                                                                                                                                                                                                                                                                                                                                                                                                                                                                                                                                                                                                                                                                                                                                                                                                                                                                                                                                                                                                                                                                                                                                                                                                                                                                                                                                                                                                                                                                                                                                                                                                                                                                                                                                                                                                                                                                                                                                                                                                                                                                                                                                                                                                                                                                                                                                                                                                                                                                                                                                                                                                                                                                                                                                                                                                                                                                                                                                                                                                                                                                                                                                                                                                                                                                                                                                                                                                                                                                                                                                                                                                                                                                                                                                                                          