[2021-07-19 00:00:03,262] {scheduler_job.py:181} INFO - Started process (PID=449) to work on /home/airflow/.local/lib/python3.6/site-packages/airflow/example_dags/example_kubernetes_executor_config.py
[2021-07-19 00:00:03,264] {scheduler_job.py:632} INFO - Processing file /home/airflow/.local/lib/python3.6/site-packages/airflow/example_dags/example_kubernetes_executor_config.py for tasks to queue
[2021-07-19 00:00:03,266] {logging_mixin.py:104} INFO - [2021-07-19 00:00:03,265] {dagbag.py:496} INFO - Filling up the DagBag from /home/airflow/.local/lib/python3.6/site-packages/airflow/example_dags/example_kubernetes_executor_config.py
[2021-07-19 00:00:03,364] {scheduler_job.py:642} INFO - DAG(s) dict_keys(['example_kubernetes_executor_config']) retrieved from /home/airflow/.local/lib/python3.6/site-packages/airflow/example_dags/example_kubernetes_executor_config.py
[2021-07-19 00:00:03,804] {logging_mixin.py:104} INFO - [2021-07-19 00:00:03,803] {dag.py:1833} INFO - Sync 1 DAGs
[2021-07-19 00:00:03,985] {logging_mixin.py:104} INFO - [2021-07-19 00:00:03,984] {dag.py:2306} INFO - Setting next_dagrun for example_kubernetes_executor_config to None
[2021-07-19 00:00:04,092] {scheduler_job.py:189} INFO - Processing /home/airflow/.local/lib/python3.6/site-packages/airflow/example_dags/example_kubernetes_executor_config.py took 0.835 seconds
[2021-07-19 00:00:34,961] {scheduler_job.py:181} INFO - Started process (PID=520) to work on /home/airflow/.local/lib/python3.6/site-packages/airflow/example_dags/example_kubernetes_executor_config.py
[2021-07-19 00:00:34,966] {scheduler_job.py:632} INFO - Processing file /home/airflow/.local/lib/python3.6/site-packages/airflow/example_dags/example_kubernetes_executor_config.py for tasks to queue
[2021-07-19 00:00:34,970] {logging_mixin.py:104} INFO - [2021-07-19 00:00:34,969] {dagbag.py:496} INFO - Filling up the DagBag from /home/airflow/.local/lib/python3.6/site-packages/airflow/example_dags/example_kubernetes_executor_config.py
[2021-07-19 00:00:35,028] {scheduler_job.py:642} INFO - DAG(s) dict_keys(['example_kubernetes_executor_config']) retrieved from /home/airflow/.local/lib/python3.6/site-packages/airflow/example_dags/example_kubernetes_executor_config.py
[2021-07-19 00:00:35,062] {logging_mixin.py:104} INFO - [2021-07-19 00:00:35,061] {dag.py:1833} INFO - Sync 1 DAGs
[2021-07-19 00:00:35,082] {logging_mixin.py:104} INFO - [2021-07-19 00:00:35,082] {dag.py:2306} INFO - Setting next_dagrun for example_kubernetes_executor_config to None
[2021-07-19 00:00:35,270] {scheduler_job.py:189} INFO - Processing /home/airflow/.local/lib/python3.6/site-packages/airflow/example_dags/example_kubernetes_executor_config.py took 0.321 seconds
[2021-07-19 00:01:05,438] {scheduler_job.py:181} INFO - Started process (PID=575) to work on /home/airflow/.local/lib/python3.6/site-packages/airflow/example_dags/example_kubernetes_executor_config.py
[2021-07-19 00:01:05,440] {scheduler_job.py:632} INFO - Processing file /home/airflow/.local/lib/python3.6/site-packages/airflow/example_dags/example_kubernetes_executor_config.py for tasks to queue
[2021-07-19 00:01:05,441] {logging_mixin.py:104} INFO - [2021-07-19 00:01:05,441] {dagbag.py:496} INFO - Filling up the DagBag from /home/airflow/.local/lib/python3.6/site-packages/airflow/example_dags/example_kubernetes_executor_config.py
[2021-07-19 00:01:05,460] {scheduler_job.py:642} INFO - DAG(s) dict_keys(['example_kubernetes_executor_config']) retrieved from /home/airflow/.local/lib/python3.6/site-packages/airflow/example_dags/example_kubernetes_executor_config.py
[2021-07-19 00:01:05,490] {logging_mixin.py:104} INFO - [2021-07-19 00:01:05,490] {dag.py:1833} INFO - Sync 1 DAGs
[2021-07-19 00:01:05,509] {logging_mixin.py:104} INFO - [2021-07-19 00:01:05,509] {dag.py:2306} INFO - Setting next_dagrun for example_kubernetes_executor_config to None
[2021-07-19 00:01:05,626] {scheduler_job.py:189} INFO - Processing /home/airflow/.local/lib/python3.6/site-packages/airflow/example_dags/example_kubernetes_executor_config.py took 0.191 seconds
[2021-07-19 00:01:35,680] {scheduler_job.py:181} INFO - Started process (PID=644) to work on /home/airflow/.local/lib/python3.6/site-packages/airflow/example_dags/example_kubernetes_executor_config.py
[2021-07-19 00:01:35,682] {scheduler_job.py:632} INFO - Processing file /home/airflow/.local/lib/python3.6/site-packages/airflow/example_dags/example_kubernetes_executor_config.py for tasks to queue
[2021-07-19 00:01:35,683] {logging_mixin.py:104} INFO - [2021-07-19 00:01:35,683] {dagbag.py:496} INFO - Filling up the DagBag from /home/airflow/.local/lib/python3.6/site-packages/airflow/example_dags/example_kubernetes_executor_config.py
[2021-07-19 00:01:35,702] {scheduler_job.py:642} INFO - DAG(s) dict_keys(['example_kubernetes_executor_config']) retrieved from /home/airflow/.local/lib/python3.6/site-packages/airflow/example_dags/example_kubernetes_executor_config.py
[2021-07-19 00:01:35,735] {logging_mixin.py:104} INFO - [2021-07-19 00:01:35,735] {dag.py:1833} INFO - Sync 1 DAGs
[2021-07-19 00:01:35,756] {logging_mixin.py:104} INFO - [2021-07-19 00:01:35,756] {dag.py:2306} INFO - Setting next_dagrun for example_kubernetes_executor_config to None
[2021-07-19 00:01:35,805] {scheduler_job.py:189} INFO - Processing /home/airflow/.local/lib/python3.6/site-packages/airflow/example_dags/example_kubernetes_executor_config.py took 0.128 seconds
[2021-07-19 00:02:06,322] {scheduler_job.py:181} INFO - Started process (PID=700) to work on /home/airflow/.local/lib/python3.6/site-packages/airflow/example_dags/example_kubernetes_executor_config.py
[2021-07-19 00:02:06,325] {scheduler_job.py:632} INFO - Processing file /home/airflow/.local/lib/python3.6/site-packages/airflow/example_dags/example_kubernetes_executor_config.py for tasks to queue
[2021-07-19 00:02:06,327] {logging_mixin.py:104} INFO - [2021-07-19 00:02:06,326] {dagbag.py:496} INFO - Filling up the DagBag from /home/airflow/.local/lib/python3.6/site-packages/airflow/example_dags/example_kubernetes_executor_config.py
[2021-07-19 00:02:06,345] {scheduler_job.py:642} INFO - DAG(s) dict_keys(['example_kubernetes_executor_config']) retrieved from /home/airflow/.local/lib/python3.6/site-packages/airflow/example_dags/example_kubernetes_executor_config.py
[2021-07-19 00:02:06,372] {logging_mixin.py:104} INFO - [2021-07-19 00:02:06,371] {dag.py:1833} INFO - Sync 1 DAGs
[2021-07-19 00:02:06,391] {logging_mixin.py:104} INFO - [2021-07-19 00:02:06,391] {dag.py:2306} INFO - Setting next_dagrun for example_kubernetes_executor_config to None
[2021-07-19 00:02:06,442] {scheduler_job.py:189} INFO - Processing /home/airflow/.local/lib/python3.6/site-packages/airflow/example_dags/example_kubernetes_executor_config.py took 0.124 seconds
[2021-07-19 00:02:36,716] {scheduler_job.py:181} INFO - Started process (PID=758) to work on /home/airflow/.local/lib/python3.6/site-packages/airflow/example_dags/example_kubernetes_executor_config.py
[2021-07-19 00:02:36,718] {scheduler_job.py:632} INFO - Processing file /home/airflow/.local/lib/python3.6/site-packages/airflow/example_dags/example_kubernetes_executor_config.py for tasks to queue
[2021-07-19 00:02:36,719] {logging_mixin.py:104} INFO - [2021-07-19 00:02:36,719] {dagbag.py:496} INFO - Filling up the DagBag from /home/airflow/.local/lib/python3.6/site-packages/airflow/example_dags/example_kubernetes_executor_config.py
[2021-07-19 00:02:36,736] {scheduler_job.py:642} INFO - DAG(s) dict_keys(['example_kubernetes_executor_config']) retrieved from /home/airflow/.local/lib/python3.6/site-packages/airflow/example_dags/example_kubernetes_executor_config.py
[2021-07-19 00:02:36,762] {logging_mixin.py:104} INFO - [2021-07-19 00:02:36,762] {dag.py:1833} INFO - Sync 1 DAGs
[2021-07-19 00:02:36,780] {logging_mixin.py:104} INFO - [2021-07-19 00:02:36,780] {dag.py:2306} INFO - Setting next_dagrun for example_kubernetes_executor_config to None
[2021-07-19 00:02:36,842] {scheduler_job.py:189} INFO - Processing /home/airflow/.local/lib/python3.6/site-packages/airflow/example_dags/example_kubernetes_executor_config.py took 0.131 seconds
[2021-07-19 00:03:07,049] {scheduler_job.py:181} INFO - Started process (PID=826) to work on /home/airflow/.local/lib/python3.6/site-packages/airflow/example_dags/example_kubernetes_executor_config.py
[2021-07-19 00:03:07,052] {scheduler_job.py:632} INFO - Processing file /home/airflow/.local/lib/python3.6/site-packages/airflow/example_dags/example_kubernetes_executor_config.py for tasks to queue
[2021-07-19 00:03:07,054] {logging_mixin.py:104} INFO - [2021-07-19 00:03:07,053] {dagbag.py:496} INFO - Filling up the DagBag from /home/airflow/.local/lib/python3.6/site-packages/airflow/example_dags/example_kubernetes_executor_config.py
[2021-07-19 00:03:07,075] {scheduler_job.py:642} INFO - DAG(s) dict_keys(['example_kubernetes_executor_config']) retrieved from /home/airflow/.local/lib/python3.6/site-packages/airflow/example_dags/example_kubernetes_executor_config.py
[2021-07-19 00:03:07,119] {logging_mixin.py:104} INFO - [2021-07-19 00:03:07,119] {dag.py:1833} INFO - Sync 1 DAGs
[2021-07-19 00:03:07,137] {logging_mixin.py:104} INFO - [2021-07-19 00:03:07,137] {dag.py:2306} INFO - Setting next_dagrun for example_kubernetes_executor_config to None
[2021-07-19 00:03:07,267] {scheduler_job.py:189} INFO - Processing /home/airflow/.local/lib/python3.6/site-packages/airflow/example_dags/example_kubernetes_executor_config.py took 0.222 seconds
[2021-07-19 00:03:37,811] {scheduler_job.py:181} INFO - Started process (PID=881) to work on /home/airflow/.local/lib/python3.6/site-packages/airflow/example_dags/example_kubernetes_executor_config.py
[2021-07-19 00:03:37,813] {scheduler_job.py:632} INFO - Processing file /home/airflow/.local/lib/python3.6/site-packages/airflow/example_dags/example_kubernetes_executor_config.py for tasks to queue
[2021-07-19 00:03:37,815] {logging_mixin.py:104} INFO - [2021-07-19 00:03:37,814] {dagbag.py:496} INFO - Filling up the DagBag from /home/airflow/.local/lib/python3.6/site-packages/airflow/example_dags/example_kubernetes_executor_config.py
[2021-07-19 00:03:37,829] {scheduler_job.py:642} INFO - DAG(s) dict_keys(['example_kubernetes_executor_config']) retrieved from /home/airflow/.local/lib/python3.6/site-packages/airflow/example_dags/example_kubernetes_executor_config.py
[2021-07-19 00:03:37,854] {logging_mixin.py:104} INFO - [2021-07-19 00:03:37,854] {dag.py:1833} INFO - Sync 1 DAGs
[2021-07-19 00:03:37,871] {logging_mixin.py:104} INFO - [2021-07-19 00:03:37,871] {dag.py:2306} INFO - Setting next_dagrun for example_kubernetes_executor_config to None
[2021-07-19 00:03:37,922] {scheduler_job.py:189} INFO - Processing /home/airflow/.local/lib/python3.6/site-packages/airflow/example_dags/example_kubernetes_executor_config.py took 0.115 seconds
[2021-07-19 00:04:08,285] {scheduler_job.py:181} INFO - Started process (PID=937) to work on /home/airflow/.local/lib/python3.6/site-packages/airflow/example_dags/example_kubernetes_executor_config.py
[2021-07-19 00:04:08,287] {scheduler_job.py:632} INFO - Processing file /home/airflow/.local/lib/python3.6/site-packages/airflow/example_dags/example_kubernetes_executor_config.py for tasks to queue
[2021-07-19 00:04:08,288] {logging_mixin.py:104} INFO - [2021-07-19 00:04:08,288] {dagbag.py:496} INFO - Filling up the DagBag from /home/airflow/.local/lib/python3.6/site-packages/airflow/example_dags/example_kubernetes_executor_config.py
[2021-07-19 00:04:08,310] {scheduler_job.py:642} INFO - DAG(s) dict_keys(['example_kubernetes_executor_config']) retrieved from /home/airflow/.local/lib/python3.6/site-packages/airflow/example_dags/example_kubernetes_executor_config.py
[2021-07-19 00:04:08,338] {logging_mixin.py:104} INFO - [2021-07-19 00:04:08,338] {dag.py:1833} INFO - Sync 1 DAGs
[2021-07-19 00:04:08,357] {logging_mixin.py:104} INFO - [2021-07-19 00:04:08,357] {dag.py:2306} INFO - Setting next_dagrun for example_kubernetes_executor_config to None
[2021-07-19 00:04:08,435] {scheduler_job.py:189} INFO - Processing /home/airflow/.local/lib/python3.6/site-packages/airflow/example_dags/example_kubernetes_executor_config.py took 0.156 seconds
[2021-07-19 00:04:38,952] {scheduler_job.py:181} INFO - Started process (PID=1005) to work on /home/airflow/.local/lib/python3.6/site-packages/airflow/example_dags/example_kubernetes_executor_config.py
[2021-07-19 00:04:38,956] {scheduler_job.py:632} INFO - Processing file /home/airflow/.local/lib/python3.6/site-packages/airflow/example_dags/example_kubernetes_executor_config.py for tasks to queue
[2021-07-19 00:04:38,957] {logging_mixin.py:104} INFO - [2021-07-19 00:04:38,957] {dagbag.py:496} INFO - Filling up the DagBag from /home/airflow/.local/lib/python3.6/site-packages/airflow/example_dags/example_kubernetes_executor_config.py
[2021-07-19 00:04:38,985] {scheduler_job.py:642} INFO - DAG(s) dict_keys(['example_kubernetes_executor_config']) retrieved from /home/airflow/.local/lib/python3.6/site-packages/airflow/example_dags/example_kubernetes_executor_config.py
[2021-07-19 00:04:39,023] {logging_mixin.py:104} INFO - [2021-07-19 00:04:39,023] {dag.py:1833} INFO - Sync 1 DAGs
[2021-07-19 00:04:39,068] {logging_mixin.py:104} INFO - [2021-07-19 00:04:39,068] {dag.py:2306} INFO - Setting next_dagrun for example_kubernetes_executor_config to None
[2021-07-19 00:04:39,200] {scheduler_job.py:189} INFO - Processing /home/airflow/.local/lib/python3.6/site-packages/airflow/example_dags/example_kubernetes_executor_config.py took 0.260 seconds
[2021-07-19 00:05:09,482] {scheduler_job.py:181} INFO - Started process (PID=1061) to work on /home/airflow/.local/lib/python3.6/site-packages/airflow/example_dags/example_kubernetes_executor_config.py
[2021-07-19 00:05:09,484] {scheduler_job.py:632} INFO - Processing file /home/airflow/.local/lib/python3.6/site-packages/airflow/example_dags/example_kubernetes_executor_config.py for tasks to queue
[2021-07-19 00:05:09,486] {logging_mixin.py:104} INFO - [2021-07-19 00:05:09,486] {dagbag.py:496} INFO - Filling up the DagBag from /home/airflow/.local/lib/python3.6/site-packages/airflow/example_dags/example_kubernetes_executor_config.py
[2021-07-19 00:05:09,507] {scheduler_job.py:642} INFO - DAG(s) dict_keys(['example_kubernetes_executor_config']) retrieved from /home/airflow/.local/lib/python3.6/site-packages/airflow/example_dags/example_kubernetes_executor_config.py
[2021-07-19 00:05:09,535] {logging_mixin.py:104} INFO - [2021-07-19 00:05:09,535] {dag.py:1833} INFO - Sync 1 DAGs
[2021-07-19 00:05:09,552] {logging_mixin.py:104} INFO - [2021-07-19 00:05:09,552] {dag.py:2306} INFO - Setting next_dagrun for example_kubernetes_executor_config to None
[2021-07-19 00:05:09,600] {scheduler_job.py:189} INFO - Processing /home/airflow/.local/lib/python3.6/site-packages/airflow/example_dags/example_kubernetes_executor_config.py took 0.124 seconds
[2021-07-19 00:05:39,863] {scheduler_job.py:181} INFO - Started process (PID=1118) to work on /home/airflow/.local/lib/python3.6/site-packages/airflow/example_dags/example_kubernetes_executor_config.py
[2021-07-19 00:05:39,869] {scheduler_job.py:632} INFO - Processing file /home/airflow/.local/lib/python3.6/site-packages/airflow/example_dags/example_kubernetes_executor_config.py for tasks to queue
[2021-07-19 00:05:39,871] {logging_mixin.py:104} INFO - [2021-07-19 00:05:39,871] {dagbag.py:496} INFO - Filling up the DagBag from /home/airflow/.local/lib/python3.6/site-packages/airflow/example_dags/example_kubernetes_executor_config.py
[2021-07-19 00:05:39,896] {scheduler_job.py:642} INFO - DAG(s) dict_keys(['example_kubernetes_executor_config']) retrieved from /home/airflow/.local/lib/python3.6/site-packages/airflow/example_dags/example_kubernetes_executor_config.py
[2021-07-19 00:05:39,930] {logging_mixin.py:104} INFO - [2021-07-19 00:05:39,930] {dag.py:1833} INFO - Sync 1 DAGs
[2021-07-19 00:05:39,957] {logging_mixin.py:104} INFO - [2021-07-19 00:05:39,957] {dag.py:2306} INFO - Setting next_dagrun for example_kubernetes_executor_config to None
[2021-07-19 00:05:40,006] {scheduler_job.py:189} INFO - Processing /home/airflow/.local/lib/python3.6/site-packages/airflow/example_dags/example_kubernetes_executor_config.py took 0.163 seconds
[2021-07-19 00:06:10,108] {scheduler_job.py:181} INFO - Started process (PID=1184) to work on /home/airflow/.local/lib/python3.6/site-packages/airflow/example_dags/example_kubernetes_executor_config.py
[2021-07-19 00:06:10,110] {scheduler_job.py:632} INFO - Processing file /home/airflow/.local/lib/python3.6/site-packages/airflow/example_dags/example_kubernetes_executor_config.py for tasks to queue
[2021-07-19 00:06:10,111] {logging_mixin.py:104} INFO - [2021-07-19 00:06:10,111] {dagbag.py:496} INFO - Filling up the DagBag from /home/airflow/.local/lib/python3.6/site-packages/airflow/example_dags/example_kubernetes_executor_config.py
[2021-07-19 00:06:10,128] {scheduler_job.py:642} INFO - DAG(s) dict_keys(['example_kubernetes_executor_config']) retrieved from /home/airflow/.local/lib/python3.6/site-packages/airflow/example_dags/example_kubernetes_executor_config.py
[2021-07-19 00:06:10,163] {logging_mixin.py:104} INFO - [2021-07-19 00:06:10,162] {dag.py:1833} INFO - Sync 1 DAGs
[2021-07-19 00:06:10,185] {logging_mixin.py:104} INFO - [2021-07-19 00:06:10,184] {dag.py:2306} INFO - Setting next_dagrun for example_kubernetes_executor_config to None
[2021-07-19 00:06:10,241] {scheduler_job.py:189} INFO - Processing /home/airflow/.local/lib/python3.6/site-packages/airflow/example_dags/example_kubernetes_executor_config.py took 0.137 seconds
[2021-07-19 00:06:40,338] {scheduler_job.py:181} INFO - Started process (PID=1241) to work on /home/airflow/.local/lib/python3.6/site-packages/airflow/example_dags/example_kubernetes_executor_config.py
[2021-07-19 00:06:40,340] {scheduler_job.py:632} INFO - Processing file /home/airflow/.local/lib/python3.6/site-packages/airflow/example_dags/example_kubernetes_executor_config.py for tasks to queue
[2021-07-19 00:06:40,341] {logging_mixin.py:104} INFO - [2021-07-19 00:06:40,341] {dagbag.py:496} INFO - Filling up the DagBag from /home/airflow/.local/lib/python3.6/site-packages/airflow/example_dags/example_kubernetes_executor_config.py
[2021-07-19 00:06:40,359] {scheduler_job.py:642} INFO - DAG(s) dict_keys(['example_kubernetes_executor_config']) retrieved from /home/airflow/.local/lib/python3.6/site-packages/airflow/example_dags/example_kubernetes_executor_config.py
[2021-07-19 00:06:40,388] {logging_mixin.py:104} INFO - [2021-07-19 00:06:40,388] {dag.py:1833} INFO - Sync 1 DAGs
[2021-07-19 00:06:40,406] {logging_mixin.py:104} INFO - [2021-07-19 00:06:40,406] {dag.py:2306} INFO - Setting next_dagrun for example_kubernetes_executor_config to None
[2021-07-19 00:06:40,457] {scheduler_job.py:189} INFO - Processing /home/airflow/.local/lib/python3.6/site-packages/airflow/example_dags/example_kubernetes_executor_config.py took 0.123 seconds
[2021-07-19 00:07:10,517] {scheduler_job.py:181} INFO - Started process (PID=1310) to work on /home/airflow/.local/lib/python3.6/site-packages/airflow/example_dags/example_kubernetes_executor_config.py
[2021-07-19 00:07:10,519] {scheduler_job.py:632} INFO - Processing file /home/airflow/.local/lib/python3.6/site-packages/airflow/example_dags/example_kubernetes_executor_config.py for tasks to queue
[2021-07-19 00:07:10,521] {logging_mixin.py:104} INFO - [2021-07-19 00:07:10,521] {dagbag.py:496} INFO - Filling up the DagBag from /home/airflow/.local/lib/python3.6/site-packages/airflow/example_dags/example_kubernetes_executor_config.py
[2021-07-19 00:07:10,537] {scheduler_job.py:642} INFO - DAG(s) dict_keys(['example_kubernetes_executor_config']) retrieved from /home/airflow/.local/lib/python3.6/site-packages/airflow/example_dags/example_kubernetes_executor_config.py
[2021-07-19 00:07:10,588] {logging_mixin.py:104} INFO - [2021-07-19 00:07:10,587] {dag.py:1833} INFO - Sync 1 DAGs
[2021-07-19 00:07:10,633] {logging_mixin.py:104} INFO - [2021-07-19 00:07:10,633] {dag.py:2306} INFO - Setting next_dagrun for example_kubernetes_executor_config to None
[2021-07-19 00:07:10,774] {scheduler_job.py:189} INFO - Processing /home/airflow/.local/lib/python3.6/site-packages/airflow/example_dags/example_kubernetes_executor_config.py took 0.261 seconds
[2021-07-19 00:07:41,556] {scheduler_job.py:181} INFO - Started process (PID=1366) to work on /home/airflow/.local/lib/python3.6/site-packages/airflow/example_dags/example_kubernetes_executor_config.py
[2021-07-19 00:07:41,559] {scheduler_job.py:632} INFO - Processing file /home/airflow/.local/lib/python3.6/site-packages/airflow/example_dags/example_kubernetes_executor_config.py for tasks to queue
[2021-07-19 00:07:41,561] {logging_mixin.py:104} INFO - [2021-07-19 00:07:41,561] {dagbag.py:496} INFO - Filling up the DagBag from /home/airflow/.local/lib/python3.6/site-packages/airflow/example_dags/example_kubernetes_executor_config.py
[2021-07-19 00:07:41,591] {scheduler_job.py:642} INFO - DAG(s) dict_keys(['example_kubernetes_executor_config']) retrieved from /home/airflow/.local/lib/python3.6/site-packages/airflow/example_dags/example_kubernetes_executor_config.py
[2021-07-19 00:07:41,619] {logging_mixin.py:104} INFO - [2021-07-19 00:07:41,619] {dag.py:1833} INFO - Sync 1 DAGs
[2021-07-19 00:07:41,637] {logging_mixin.py:104} INFO - [2021-07-19 00:07:41,637] {dag.py:2306} INFO - Setting next_dagrun for example_kubernetes_executor_config to None
[2021-07-19 00:07:41,975] {scheduler_job.py:189} INFO - Processing /home/airflow/.local/lib/python3.6/site-packages/airflow/example_dags/example_kubernetes_executor_config.py took 0.426 seconds
[2021-07-19 00:08:12,542] {scheduler_job.py:181} INFO - Started process (PID=1423) to work on /home/airflow/.local/lib/python3.6/site-packages/airflow/example_dags/example_kubernetes_executor_config.py
[2021-07-19 00:08:12,544] {scheduler_job.py:632} INFO - Processing file /home/airflow/.local/lib/python3.6/site-packages/airflow/example_dags/example_kubernetes_executor_config.py for tasks to queue
[2021-07-19 00:08:12,545] {logging_mixin.py:104} INFO - [2021-07-19 00:08:12,545] {dagbag.py:496} INFO - Filling up the DagBag from /home/airflow/.local/lib/python3.6/site-packages/airflow/example_dags/example_kubernetes_executor_config.py
[2021-07-19 00:08:12,561] {scheduler_job.py:642} INFO - DAG(s) dict_keys(['example_kubernetes_executor_config']) retrieved from /home/airflow/.local/lib/python3.6/site-packages/airflow/example_dags/example_kubernetes_executor_config.py
[2021-07-19 00:08:12,592] {logging_mixin.py:104} INFO - [2021-07-19 00:08:12,592] {dag.py:1833} INFO - Sync 1 DAGs
[2021-07-19 00:08:12,617] {logging_mixin.py:104} INFO - [2021-07-19 00:08:12,617] {dag.py:2306} INFO - Setting next_dagrun for example_kubernetes_executor_config to None
[2021-07-19 00:08:12,659] {scheduler_job.py:189} INFO - Processing /home/airflow/.local/lib/python3.6/site-packages/airflow/example_dags/example_kubernetes_executor_config.py took 0.122 seconds
[2021-07-19 00:08:43,242] {scheduler_job.py:181} INFO - Started process (PID=1490) to work on /home/airflow/.local/lib/python3.6/site-packages/airflow/example_dags/example_kubernetes_executor_config.py
[2021-07-19 00:08:43,247] {scheduler_job.py:632} INFO - Processing file /home/airflow/.local/lib/python3.6/site-packages/airflow/example_dags/example_kubernetes_executor_config.py for tasks to queue
[2021-07-19 00:08:43,249] {logging_mixin.py:104} INFO - [2021-07-19 00:08:43,248] {dagbag.py:496} INFO - Filling up the DagBag from /home/airflow/.local/lib/python3.6/site-packages/airflow/example_dags/example_kubernetes_executor_config.py
[2021-07-19 00:08:43,273] {scheduler_job.py:642} INFO - DAG(s) dict_keys(['example_kubernetes_executor_config']) retrieved from /home/airflow/.local/lib/python3.6/site-packages/airflow/example_dags/example_kubernetes_executor_config.py
[2021-07-19 00:08:43,307] {logging_mixin.py:104} INFO - [2021-07-19 00:08:43,306] {dag.py:1833} INFO - Sync 1 DAGs
[2021-07-19 00:08:43,328] {logging_mixin.py:104} INFO - [2021-07-19 00:08:43,328] {dag.py:2306} INFO - Setting next_dagrun for example_kubernetes_executor_config to None
[2021-07-19 00:08:43,948] {scheduler_job.py:189} INFO - Processing /home/airflow/.local/lib/python3.6/site-packages/airflow/example_dags/example_kubernetes_executor_config.py took 0.715 seconds
[2021-07-19 00:09:14,274] {scheduler_job.py:181} INFO - Started process (PID=1546) to work on /home/airflow/.local/lib/python3.6/site-packages/airflow/example_dags/example_kubernetes_executor_config.py
[2021-07-19 00:09:14,276] {scheduler_job.py:632} INFO - Processing file /home/airflow/.local/lib/python3.6/site-packages/airflow/example_dags/example_kubernetes_executor_config.py for tasks to queue
[2021-07-19 00:09:14,278] {logging_mixin.py:104} INFO - [2021-07-19 00:09:14,277] {dagbag.py:496} INFO - Filling up the DagBag from /home/airflow/.local/lib/python3.6/site-packages/airflow/example_dags/example_kubernetes_executor_config.py
[2021-07-19 00:09:14,296] {scheduler_job.py:642} INFO - DAG(s) dict_keys(['example_kubernetes_executor_config']) retrieved from /home/airflow/.local/lib/python3.6/site-packages/airflow/example_dags/example_kubernetes_executor_config.py
[2021-07-19 00:09:14,335] {logging_mixin.py:104} INFO - [2021-07-19 00:09:14,335] {dag.py:1833} INFO - Sync 1 DAGs
[2021-07-19 00:09:14,357] {logging_mixin.py:104} INFO - [2021-07-19 00:09:14,356] {dag.py:2306} INFO - Setting next_dagrun for example_kubernetes_executor_config to None
[2021-07-19 00:09:14,478] {scheduler_job.py:189} INFO - Processing /home/airflow/.local/lib/python3.6/site-packages/airflow/example_dags/example_kubernetes_executor_config.py took 0.207 seconds
[2021-07-19 00:09:44,795] {scheduler_job.py:181} INFO - Started process (PID=1602) to work on /home/airflow/.local/lib/python3.6/site-packages/airflow/example_dags/example_kubernetes_executor_config.py
[2021-07-19 00:09:44,797] {scheduler_job.py:632} INFO - Processing file /home/airflow/.local/lib/python3.6/site-packages/airflow/example_dags/example_kubernetes_executor_config.py for tasks to queue
[2021-07-19 00:09:44,799] {logging_mixin.py:104} INFO - [2021-07-19 00:09:44,799] {dagbag.py:496} INFO - Filling up the DagBag from /home/airflow/.local/lib/python3.6/site-packages/airflow/example_dags/example_kubernetes_executor_config.py
[2021-07-19 00:09:44,819] {scheduler_job.py:642} INFO - DAG(s) dict_keys(['example_kubernetes_executor_config']) retrieved from /home/airflow/.local/lib/python3.6/site-packages/airflow/example_dags/example_kubernetes_executor_config.py
[2021-07-19 00:09:44,863] {logging_mixin.py:104} INFO - [2021-07-19 00:09:44,863] {dag.py:1833} INFO - Sync 1 DAGs
[2021-07-19 00:09:44,891] {logging_mixin.py:104} INFO - [2021-07-19 00:09:44,891] {dag.py:2306} INFO - Setting next_dagrun for example_kubernetes_executor_config to None
[2021-07-19 00:09:45,055] {scheduler_job.py:189} INFO - Processing /home/airflow/.local/lib/python3.6/site-packages/airflow/example_dags/example_kubernetes_executor_config.py took 0.263 seconds
[2021-07-19 00:10:15,554] {scheduler_job.py:181} INFO - Started process (PID=1670) to work on /home/airflow/.local/lib/python3.6/site-packages/airflow/example_dags/example_kubernetes_executor_config.py
[2021-07-19 00:10:15,556] {scheduler_job.py:632} INFO - Processing file /home/airflow/.local/lib/python3.6/site-packages/airflow/example_dags/example_kubernetes_executor_config.py for tasks to queue
[2021-07-19 00:10:15,558] {logging_mixin.py:104} INFO - [2021-07-19 00:10:15,558] {dagbag.py:496} INFO - Filling up the DagBag from /home/airflow/.local/lib/python3.6/site-packages/airflow/example_dags/example_kubernetes_executor_config.py
[2021-07-19 00:10:15,582] {scheduler_job.py:642} INFO - DAG(s) dict_keys(['example_kubernetes_executor_config']) retrieved from /home/airflow/.local/lib/python3.6/site-packages/airflow/example_dags/example_kubernetes_executor_config.py
[2021-07-19 00:10:15,641] {logging_mixin.py:104} INFO - [2021-07-19 00:10:15,641] {dag.py:1833} INFO - Sync 1 DAGs
[2021-07-19 00:10:15,668] {logging_mixin.py:104} INFO - [2021-07-19 00:10:15,667] {dag.py:2306} INFO - Setting next_dagrun for example_kubernetes_executor_config to None
[2021-07-19 00:10:15,859] {scheduler_job.py:189} INFO - Processing /home/airflow/.local/lib/python3.6/site-packages/airflow/example_dags/example_kubernetes_executor_config.py took 0.311 seconds
[2021-07-19 00:10:46,265] {scheduler_job.py:181} INFO - Started process (PID=1727) to work on /home/airflow/.local/lib/python3.6/site-packages/airflow/example_dags/example_kubernetes_executor_config.py
[2021-07-19 00:10:46,267] {scheduler_job.py:632} INFO - Processing file /home/airflow/.local/lib/python3.6/site-packages/airflow/example_dags/example_kubernetes_executor_config.py for tasks to queue
[2021-07-19 00:10:46,269] {logging_mixin.py:104} INFO - [2021-07-19 00:10:46,269] {dagbag.py:496} INFO - Filling up the DagBag from /home/airflow/.local/lib/python3.6/site-packages/airflow/example_dags/example_kubernetes_executor_config.py
[2021-07-19 00:10:46,297] {scheduler_job.py:642} INFO - DAG(s) dict_keys(['example_kubernetes_executor_config']) retrieved from /home/airflow/.local/lib/python3.6/site-packages/airflow/example_dags/example_kubernetes_executor_config.py
[2021-07-19 00:10:46,333] {logging_mixin.py:104} INFO - [2021-07-19 00:10:46,333] {dag.py:1833} INFO - Sync 1 DAGs
[2021-07-19 00:10:46,373] {logging_mixin.py:104} INFO - [2021-07-19 00:10:46,373] {dag.py:2306} INFO - Setting next_dagrun for example_kubernetes_executor_config to None
[2021-07-19 00:10:46,593] {scheduler_job.py:189} INFO - Processing /home/airflow/.local/lib/python3.6/site-packages/airflow/example_dags/example_kubernetes_executor_config.py took 0.333 seconds
[2021-07-19 00:11:18,367] {scheduler_job.py:181} INFO - Started process (PID=1782) to work on /home/airflow/.local/lib/python3.6/site-packages/airflow/example_dags/example_kubernetes_executor_config.py
[2021-07-19 00:11:18,370] {scheduler_job.py:632} INFO - Processing file /home/airflow/.local/lib/python3.6/site-packages/airflow/example_dags/example_kubernetes_executor_config.py for tasks to queue
[2021-07-19 00:11:18,372] {logging_mixin.py:104} INFO - [2021-07-19 00:11:18,371] {dagbag.py:496} INFO - Filling up the DagBag from /home/airflow/.local/lib/python3.6/site-packages/airflow/example_dags/example_kubernetes_executor_config.py
[2021-07-19 00:11:18,400] {scheduler_job.py:642} INFO - DAG(s) dict_keys(['example_kubernetes_executor_config']) retrieved from /home/airflow/.local/lib/python3.6/site-packages/airflow/example_dags/example_kubernetes_executor_config.py
[2021-07-19 00:11:18,434] {logging_mixin.py:104} INFO - [2021-07-19 00:11:18,434] {dag.py:1833} INFO - Sync 1 DAGs
[2021-07-19 00:11:18,457] {logging_mixin.py:104} INFO - [2021-07-19 00:11:18,457] {dag.py:2306} INFO - Setting next_dagrun for example_kubernetes_executor_config to None
[2021-07-19 00:11:18,732] {scheduler_job.py:189} INFO - Processing /home/airflow/.local/lib/python3.6/site-packages/airflow/example_dags/example_kubernetes_executor_config.py took 0.373 seconds
[2021-07-19 00:11:49,436] {scheduler_job.py:181} INFO - Started process (PID=1852) to work on /home/airflow/.local/lib/python3.6/site-packages/airflow/example_dags/example_kubernetes_executor_config.py
[2021-07-19 00:11:49,438] {scheduler_job.py:632} INFO - Processing file /home/airflow/.local/lib/python3.6/site-packages/airflow/example_dags/example_kubernetes_executor_config.py for tasks to queue
[2021-07-19 00:11:49,439] {logging_mixin.py:104} INFO - [2021-07-19 00:11:49,439] {dagbag.py:496} INFO - Filling up the DagBag from /home/airflow/.local/lib/python3.6/site-packages/airflow/example_dags/example_kubernetes_executor_config.py
[2021-07-19 00:11:49,460] {scheduler_job.py:642} INFO - DAG(s) dict_keys(['example_kubernetes_executor_config']) retrieved from /home/airflow/.local/lib/python3.6/site-packages/airflow/example_dags/example_kubernetes_executor_config.py
[2021-07-19 00:11:49,493] {logging_mixin.py:104} INFO - [2021-07-19 00:11:49,492] {dag.py:1833} INFO - Sync 1 DAGs
[2021-07-19 00:11:49,531] {logging_mixin.py:104} INFO - [2021-07-19 00:11:49,530] {dag.py:2306} INFO - Setting next_dagrun for example_kubernetes_executor_config to None
[2021-07-19 00:11:49,644] {scheduler_job.py:189} INFO - Processing /home/airflow/.local/lib/python3.6/site-packages/airflow/example_dags/example_kubernetes_executor_config.py took 0.212 seconds
[2021-07-19 00:12:19,981] {scheduler_job.py:181} INFO - Started process (PID=1907) to work on /home/airflow/.local/lib/python3.6/site-packages/airflow/example_dags/example_kubernetes_executor_config.py
[2021-07-19 00:12:19,986] {scheduler_job.py:632} INFO - Processing file /home/airflow/.local/lib/python3.6/site-packages/airflow/example_dags/example_kubernetes_executor_config.py for tasks to queue
[2021-07-19 00:12:19,988] {logging_mixin.py:104} INFO - [2021-07-19 00:12:19,988] {dagbag.py:496} INFO - Filling up the DagBag from /home/airflow/.local/lib/python3.6/site-packages/airflow/example_dags/example_kubernetes_executor_config.py
[2021-07-19 00:12:20,018] {scheduler_job.py:642} INFO - DAG(s) dict_keys(['example_kubernetes_executor_config']) retrieved from /home/airflow/.local/lib/python3.6/site-packages/airflow/example_dags/example_kubernetes_executor_config.py
[2021-07-19 00:12:20,053] {logging_mixin.py:104} INFO - [2021-07-19 00:12:20,053] {dag.py:1833} INFO - Sync 1 DAGs
[2021-07-19 00:12:20,079] {logging_mixin.py:104} INFO - [2021-07-19 00:12:20,079] {dag.py:2306} INFO - Setting next_dagrun for example_kubernetes_executor_config to None
[2021-07-19 00:12:20,228] {scheduler_job.py:189} INFO - Processing /home/airflow/.local/lib/python3.6/site-packages/airflow/example_dags/example_kubernetes_executor_config.py took 0.251 seconds
[2021-07-19 00:12:50,502] {scheduler_job.py:181} INFO - Started process (PID=1964) to work on /home/airflow/.local/lib/python3.6/site-packages/airflow/example_dags/example_kubernetes_executor_config.py
[2021-07-19 00:12:50,508] {scheduler_job.py:632} INFO - Processing file /home/airflow/.local/lib/python3.6/site-packages/airflow/example_dags/example_kubernetes_executor_config.py for tasks to queue
[2021-07-19 00:12:50,510] {logging_mixin.py:104} INFO - [2021-07-19 00:12:50,510] {dagbag.py:496} INFO - Filling up the DagBag from /home/airflow/.local/lib/python3.6/site-packages/airflow/example_dags/example_kubernetes_executor_config.py
[2021-07-19 00:12:50,541] {scheduler_job.py:642} INFO - DAG(s) dict_keys(['example_kubernetes_executor_config']) retrieved from /home/airflow/.local/lib/python3.6/site-packages/airflow/example_dags/example_kubernetes_executor_config.py
[2021-07-19 00:12:50,614] {logging_mixin.py:104} INFO - [2021-07-19 00:12:50,614] {dag.py:1833} INFO - Sync 1 DAGs
[2021-07-19 00:12:50,640] {logging_mixin.py:104} INFO - [2021-07-19 00:12:50,640] {dag.py:2306} INFO - Setting next_dagrun for example_kubernetes_executor_config to None
[2021-07-19 00:12:51,043] {scheduler_job.py:189} INFO - Processing /home/airflow/.local/lib/python3.6/site-packages/airflow/example_dags/example_kubernetes_executor_config.py took 0.548 seconds
[2021-07-19 00:13:21,598] {scheduler_job.py:181} INFO - Started process (PID=2037) to work on /home/airflow/.local/lib/python3.6/site-packages/airflow/example_dags/example_kubernetes_executor_config.py
[2021-07-19 00:13:21,601] {scheduler_job.py:632} INFO - Processing file /home/airflow/.local/lib/python3.6/site-packages/airflow/example_dags/example_kubernetes_executor_config.py for tasks to queue
[2021-07-19 00:13:21,602] {logging_mixin.py:104} INFO - [2021-07-19 00:13:21,602] {dagbag.py:496} INFO - Filling up the DagBag from /home/airflow/.local/lib/python3.6/site-packages/airflow/example_dags/example_kubernetes_executor_config.py
[2021-07-19 00:13:21,623] {scheduler_job.py:642} INFO - DAG(s) dict_keys(['example_kubernetes_executor_config']) retrieved from /home/airflow/.local/lib/python3.6/site-packages/airflow/example_dags/example_kubernetes_executor_config.py
[2021-07-19 00:13:21,655] {logging_mixin.py:104} INFO - [2021-07-19 00:13:21,655] {dag.py:1833} INFO - Sync 1 DAGs
[2021-07-19 00:13:21,678] {logging_mixin.py:104} INFO - [2021-07-19 00:13:21,678] {dag.py:2306} INFO - Setting next_dagrun for example_kubernetes_executor_config to None
[2021-07-19 00:13:21,760] {scheduler_job.py:189} INFO - Processing /home/airflow/.local/lib/python3.6/site-packages/airflow/example_dags/example_kubernetes_executor_config.py took 0.166 seconds
[2021-07-19 00:13:52,619] {scheduler_job.py:181} INFO - Started process (PID=2095) to work on /home/airflow/.local/lib/python3.6/site-packages/airflow/example_dags/example_kubernetes_executor_config.py
[2021-07-19 00:13:52,624] {scheduler_job.py:632} INFO - Processing file /home/airflow/.local/lib/python3.6/site-packages/airflow/example_dags/example_kubernetes_executor_config.py for tasks to queue
[2021-07-19 00:13:52,626] {logging_mixin.py:104} INFO - [2021-07-19 00:13:52,625] {dagbag.py:496} INFO - Filling up the DagBag from /home/airflow/.local/lib/python3.6/site-packages/airflow/example_dags/example_kubernetes_executor_config.py
[2021-07-19 00:13:52,650] {scheduler_job.py:642} INFO - DAG(s) dict_keys(['example_kubernetes_executor_config']) retrieved from /home/airflow/.local/lib/python3.6/site-packages/airflow/example_dags/example_kubernetes_executor_config.py
[2021-07-19 00:13:52,681] {logging_mixin.py:104} INFO - [2021-07-19 00:13:52,681] {dag.py:1833} INFO - Sync 1 DAGs
[2021-07-19 00:13:52,704] {logging_mixin.py:104} INFO - [2021-07-19 00:13:52,703] {dag.py:2306} INFO - Setting next_dagrun for example_kubernetes_executor_config to None
[2021-07-19 00:13:52,967] {scheduler_job.py:189} INFO - Processing /home/airflow/.local/lib/python3.6/site-packages/airflow/example_dags/example_kubernetes_executor_config.py took 0.363 seconds
[2021-07-19 00:14:23,317] {scheduler_job.py:181} INFO - Started process (PID=2152) to work on /home/airflow/.local/lib/python3.6/site-packages/airflow/example_dags/example_kubernetes_executor_config.py
[2021-07-19 00:14:23,332] {scheduler_job.py:632} INFO - Processing file /home/airflow/.local/lib/python3.6/site-packages/airflow/example_dags/example_kubernetes_executor_config.py for tasks to queue
[2021-07-19 00:14:23,334] {logging_mixin.py:104} INFO - [2021-07-19 00:14:23,333] {dagbag.py:496} INFO - Filling up the DagBag from /home/airflow/.local/lib/python3.6/site-packages/airflow/example_dags/example_kubernetes_executor_config.py
[2021-07-19 00:14:23,380] {scheduler_job.py:642} INFO - DAG(s) dict_keys(['example_kubernetes_executor_config']) retrieved from /home/airflow/.local/lib/python3.6/site-packages/airflow/example_dags/example_kubernetes_executor_config.py
[2021-07-19 00:14:23,445] {logging_mixin.py:104} INFO - [2021-07-19 00:14:23,445] {dag.py:1833} INFO - Sync 1 DAGs
[2021-07-19 00:14:23,482] {logging_mixin.py:104} INFO - [2021-07-19 00:14:23,482] {dag.py:2306} INFO - Setting next_dagrun for example_kubernetes_executor_config to None
[2021-07-19 00:14:23,882] {scheduler_job.py:189} INFO - Processing /home/airflow/.local/lib/python3.6/site-packages/airflow/example_dags/example_kubernetes_executor_config.py took 0.570 seconds
[2021-07-19 00:14:54,199] {scheduler_job.py:181} INFO - Started process (PID=2209) to work on /home/airflow/.local/lib/python3.6/site-packages/airflow/example_dags/example_kubernetes_executor_config.py
[2021-07-19 00:14:54,201] {scheduler_job.py:632} INFO - Processing file /home/airflow/.local/lib/python3.6/site-packages/airflow/example_dags/example_kubernetes_executor_config.py for tasks to queue
[2021-07-19 00:14:54,203] {logging_mixin.py:104} INFO - [2021-07-19 00:14:54,203] {dagbag.py:496} INFO - Filling up the DagBag from /home/airflow/.local/lib/python3.6/site-packages/airflow/example_dags/example_kubernetes_executor_config.py
[2021-07-19 00:14:54,234] {scheduler_job.py:642} INFO - DAG(s) dict_keys(['example_kubernetes_executor_config']) retrieved from /home/airflow/.local/lib/python3.6/site-packages/airflow/example_dags/example_kubernetes_executor_config.py
[2021-07-19 00:14:54,284] {logging_mixin.py:104} INFO - [2021-07-19 00:14:54,283] {dag.py:1833} INFO - Sync 1 DAGs
[2021-07-19 00:14:54,335] {logging_mixin.py:104} INFO - [2021-07-19 00:14:54,327] {dag.py:2306} INFO - Setting next_dagrun for example_kubernetes_executor_config to None
[2021-07-19 00:14:54,433] {scheduler_job.py:189} INFO - Processing /home/airflow/.local/lib/python3.6/site-packages/airflow/example_dags/example_kubernetes_executor_config.py took 0.242 seconds
[2021-07-19 00:15:24,497] {scheduler_job.py:181} INFO - Started process (PID=2267) to work on /home/airflow/.local/lib/python3.6/site-packages/airflow/example_dags/example_kubernetes_executor_config.py
[2021-07-19 00:15:24,499] {scheduler_job.py:632} INFO - Processing file /home/airflow/.local/lib/python3.6/site-packages/airflow/example_dags/example_kubernetes_executor_config.py for tasks to queue
[2021-07-19 00:15:24,500] {logging_mixin.py:104} INFO - [2021-07-19 00:15:24,500] {dagbag.py:496} INFO - Filling up the DagBag from /home/airflow/.local/lib/python3.6/site-packages/airflow/example_dags/example_kubernetes_executor_config.py
[2021-07-19 00:15:24,519] {scheduler_job.py:642} INFO - DAG(s) dict_keys(['example_kubernetes_executor_config']) retrieved from /home/airflow/.local/lib/python3.6/site-packages/airflow/example_dags/example_kubernetes_executor_config.py
[2021-07-19 00:15:24,550] {logging_mixin.py:104} INFO - [2021-07-19 00:15:24,550] {dag.py:1833} INFO - Sync 1 DAGs
[2021-07-19 00:15:24,569] {logging_mixin.py:104} INFO - [2021-07-19 00:15:24,569] {dag.py:2306} INFO - Setting next_dagrun for example_kubernetes_executor_config to None
[2021-07-19 00:15:24,688] {scheduler_job.py:189} INFO - Processing /home/airflow/.local/lib/python3.6/site-packages/airflow/example_dags/example_kubernetes_executor_config.py took 0.195 seconds
[2021-07-19 00:15:54,814] {scheduler_job.py:181} INFO - Started process (PID=2332) to work on /home/airflow/.local/lib/python3.6/site-packages/airflow/example_dags/example_kubernetes_executor_config.py
[2021-07-19 00:15:54,816] {scheduler_job.py:632} INFO - Processing file /home/airflow/.local/lib/python3.6/site-packages/airflow/example_dags/example_kubernetes_executor_config.py for tasks to queue
[2021-07-19 00:15:54,818] {logging_mixin.py:104} INFO - [2021-07-19 00:15:54,817] {dagbag.py:496} INFO - Filling up the DagBag from /home/airflow/.local/lib/python3.6/site-packages/airflow/example_dags/example_kubernetes_executor_config.py
[2021-07-19 00:15:54,835] {scheduler_job.py:642} INFO - DAG(s) dict_keys(['example_kubernetes_executor_config']) retrieved from /home/airflow/.local/lib/python3.6/site-packages/airflow/example_dags/example_kubernetes_executor_config.py
[2021-07-19 00:15:54,870] {logging_mixin.py:104} INFO - [2021-07-19 00:15:54,869] {dag.py:1833} INFO - Sync 1 DAGs
[2021-07-19 00:15:54,891] {logging_mixin.py:104} INFO - [2021-07-19 00:15:54,891] {dag.py:2306} INFO - Setting next_dagrun for example_kubernetes_executor_config to None
[2021-07-19 00:15:55,079] {scheduler_job.py:189} INFO - Processing /home/airflow/.local/lib/python3.6/site-packages/airflow/example_dags/example_kubernetes_executor_config.py took 0.269 seconds
[2021-07-19 00:16:25,416] {scheduler_job.py:181} INFO - Started process (PID=2388) to work on /home/airflow/.local/lib/python3.6/site-packages/airflow/example_dags/example_kubernetes_executor_config.py
[2021-07-19 00:16:25,418] {scheduler_job.py:632} INFO - Processing file /home/airflow/.local/lib/python3.6/site-packages/airflow/example_dags/example_kubernetes_executor_config.py for tasks to queue
[2021-07-19 00:16:25,420] {logging_mixin.py:104} INFO - [2021-07-19 00:16:25,420] {dagbag.py:496} INFO - Filling up the DagBag from /home/airflow/.local/lib/python3.6/site-packages/airflow/example_dags/example_kubernetes_executor_config.py
[2021-07-19 00:16:25,442] {scheduler_job.py:642} INFO - DAG(s) dict_keys(['example_kubernetes_executor_config']) retrieved from /home/airflow/.local/lib/python3.6/site-packages/airflow/example_dags/example_kubernetes_executor_config.py
[2021-07-19 00:16:25,471] {logging_mixin.py:104} INFO - [2021-07-19 00:16:25,471] {dag.py:1833} INFO - Sync 1 DAGs
[2021-07-19 00:16:25,490] {logging_mixin.py:104} INFO - [2021-07-19 00:16:25,490] {dag.py:2306} INFO - Setting next_dagrun for example_kubernetes_executor_config to None
[2021-07-19 00:16:25,588] {scheduler_job.py:189} INFO - Processing /home/airflow/.local/lib/python3.6/site-packages/airflow/example_dags/example_kubernetes_executor_config.py took 0.175 seconds
[2021-07-19 00:16:56,188] {scheduler_job.py:181} INFO - Started process (PID=2447) to work on /home/airflow/.local/lib/python3.6/site-packages/airflow/example_dags/example_kubernetes_executor_config.py
[2021-07-19 00:16:56,192] {scheduler_job.py:632} INFO - Processing file /home/airflow/.local/lib/python3.6/site-packages/airflow/example_dags/example_kubernetes_executor_config.py for tasks to queue
[2021-07-19 00:16:56,202] {logging_mixin.py:104} INFO - [2021-07-19 00:16:56,201] {dagbag.py:496} INFO - Filling up the DagBag from /home/airflow/.local/lib/python3.6/site-packages/airflow/example_dags/example_kubernetes_executor_config.py
[2021-07-19 00:16:56,249] {scheduler_job.py:642} INFO - DAG(s) dict_keys(['example_kubernetes_executor_config']) retrieved from /home/airflow/.local/lib/python3.6/site-packages/airflow/example_dags/example_kubernetes_executor_config.py
[2021-07-19 00:16:56,302] {logging_mixin.py:104} INFO - [2021-07-19 00:16:56,302] {dag.py:1833} INFO - Sync 1 DAGs
[2021-07-19 00:16:56,348] {logging_mixin.py:104} INFO - [2021-07-19 00:16:56,348] {dag.py:2306} INFO - Setting next_dagrun for example_kubernetes_executor_config to None
[2021-07-19 00:16:56,974] {scheduler_job.py:189} INFO - Processing /home/airflow/.local/lib/python3.6/site-packages/airflow/example_dags/example_kubernetes_executor_config.py took 0.791 seconds
[2021-07-19 00:17:27,414] {scheduler_job.py:181} INFO - Started process (PID=2515) to work on /home/airflow/.local/lib/python3.6/site-packages/airflow/example_dags/example_kubernetes_executor_config.py
[2021-07-19 00:17:27,416] {scheduler_job.py:632} INFO - Processing file /home/airflow/.local/lib/python3.6/site-packages/airflow/example_dags/example_kubernetes_executor_config.py for tasks to queue
[2021-07-19 00:17:27,418] {logging_mixin.py:104} INFO - [2021-07-19 00:17:27,417] {dagbag.py:496} INFO - Filling up the DagBag from /home/airflow/.local/lib/python3.6/site-packages/airflow/example_dags/example_kubernetes_executor_config.py
[2021-07-19 00:17:27,443] {scheduler_job.py:642} INFO - DAG(s) dict_keys(['example_kubernetes_executor_config']) retrieved from /home/airflow/.local/lib/python3.6/site-packages/airflow/example_dags/example_kubernetes_executor_config.py
[2021-07-19 00:17:27,489] {logging_mixin.py:104} INFO - [2021-07-19 00:17:27,489] {dag.py:1833} INFO - Sync 1 DAGs
[2021-07-19 00:17:27,514] {logging_mixin.py:104} INFO - [2021-07-19 00:17:27,514] {dag.py:2306} INFO - Setting next_dagrun for example_kubernetes_executor_config to None
[2021-07-19 00:17:27,922] {scheduler_job.py:189} INFO - Processing /home/airflow/.local/lib/python3.6/site-packages/airflow/example_dags/example_kubernetes_executor_config.py took 0.513 seconds
[2021-07-19 00:17:58,113] {scheduler_job.py:181} INFO - Started process (PID=2572) to work on /home/airflow/.local/lib/python3.6/site-packages/airflow/example_dags/example_kubernetes_executor_config.py
[2021-07-19 00:17:58,117] {scheduler_job.py:632} INFO - Processing file /home/airflow/.local/lib/python3.6/site-packages/airflow/example_dags/example_kubernetes_executor_config.py for tasks to queue
[2021-07-19 00:17:58,118] {logging_mixin.py:104} INFO - [2021-07-19 00:17:58,118] {dagbag.py:496} INFO - Filling up the DagBag from /home/airflow/.local/lib/python3.6/site-packages/airflow/example_dags/example_kubernetes_executor_config.py
[2021-07-19 00:17:58,141] {scheduler_job.py:642} INFO - DAG(s) dict_keys(['example_kubernetes_executor_config']) retrieved from /home/airflow/.local/lib/python3.6/site-packages/airflow/example_dags/example_kubernetes_executor_config.py
[2021-07-19 00:17:58,177] {logging_mixin.py:104} INFO - [2021-07-19 00:17:58,177] {dag.py:1833} INFO - Sync 1 DAGs
[2021-07-19 00:17:58,202] {logging_mixin.py:104} INFO - [2021-07-19 00:17:58,201] {dag.py:2306} INFO - Setting next_dagrun for example_kubernetes_executor_config to None
[2021-07-19 00:17:58,635] {scheduler_job.py:189} INFO - Processing /home/airflow/.local/lib/python3.6/site-packages/airflow/example_dags/example_kubernetes_executor_config.py took 0.527 seconds
[2021-07-19 00:18:37,249] {scheduler_job.py:181} INFO - Started process (PID=2639) to work on /home/airflow/.local/lib/python3.6/site-packages/airflow/example_dags/example_kubernetes_executor_config.py
[2021-07-19 00:18:37,252] {scheduler_job.py:632} INFO - Processing file /home/airflow/.local/lib/python3.6/site-packages/airflow/example_dags/example_kubernetes_executor_config.py for tasks to queue
[2021-07-19 00:18:37,253] {logging_mixin.py:104} INFO - [2021-07-19 00:18:37,253] {dagbag.py:496} INFO - Filling up the DagBag from /home/airflow/.local/lib/python3.6/site-packages/airflow/example_dags/example_kubernetes_executor_config.py
[2021-07-19 00:18:37,276] {scheduler_job.py:642} INFO - DAG(s) dict_keys(['example_kubernetes_executor_config']) retrieved from /home/airflow/.local/lib/python3.6/site-packages/airflow/example_dags/example_kubernetes_executor_config.py
[2021-07-19 00:18:37,318] {logging_mixin.py:104} INFO - [2021-07-19 00:18:37,318] {dag.py:1833} INFO - Sync 1 DAGs
[2021-07-19 00:18:37,341] {logging_mixin.py:104} INFO - [2021-07-19 00:18:37,341] {dag.py:2306} INFO - Setting next_dagrun for example_kubernetes_executor_config to None
[2021-07-19 00:18:37,718] {scheduler_job.py:189} INFO - Processing /home/airflow/.local/lib/python3.6/site-packages/airflow/example_dags/example_kubernetes_executor_config.py took 0.474 seconds
[2021-07-19 00:19:07,763] {scheduler_job.py:181} INFO - Started process (PID=2694) to work on /home/airflow/.local/lib/python3.6/site-packages/airflow/example_dags/example_kubernetes_executor_config.py
[2021-07-19 00:19:07,766] {scheduler_job.py:632} INFO - Processing file /home/airflow/.local/lib/python3.6/site-packages/airflow/example_dags/example_kubernetes_executor_config.py for tasks to queue
[2021-07-19 00:19:07,767] {logging_mixin.py:104} INFO - [2021-07-19 00:19:07,766] {dagbag.py:496} INFO - Filling up the DagBag from /home/airflow/.local/lib/python3.6/site-packages/airflow/example_dags/example_kubernetes_executor_config.py
[2021-07-19 00:19:07,785] {scheduler_job.py:642} INFO - DAG(s) dict_keys(['example_kubernetes_executor_config']) retrieved from /home/airflow/.local/lib/python3.6/site-packages/airflow/example_dags/example_kubernetes_executor_config.py
[2021-07-19 00:19:07,820] {logging_mixin.py:104} INFO - [2021-07-19 00:19:07,819] {dag.py:1833} INFO - Sync 1 DAGs
[2021-07-19 00:19:07,845] {logging_mixin.py:104} INFO - [2021-07-19 00:19:07,845] {dag.py:2306} INFO - Setting next_dagrun for example_kubernetes_executor_config to None
[2021-07-19 00:19:08,128] {scheduler_job.py:189} INFO - Processing /home/airflow/.local/lib/python3.6/site-packages/airflow/example_dags/example_kubernetes_executor_config.py took 0.369 seconds
[2021-07-19 00:19:38,545] {scheduler_job.py:181} INFO - Started process (PID=2750) to work on /home/airflow/.local/lib/python3.6/site-packages/airflow/example_dags/example_kubernetes_executor_config.py
[2021-07-19 00:19:38,548] {scheduler_job.py:632} INFO - Processing file /home/airflow/.local/lib/python3.6/site-packages/airflow/example_dags/example_kubernetes_executor_config.py for tasks to queue
[2021-07-19 00:19:38,550] {logging_mixin.py:104} INFO - [2021-07-19 00:19:38,550] {dagbag.py:496} INFO - Filling up the DagBag from /home/airflow/.local/lib/python3.6/site-packages/airflow/example_dags/example_kubernetes_executor_config.py
[2021-07-19 00:19:38,573] {scheduler_job.py:642} INFO - DAG(s) dict_keys(['example_kubernetes_executor_config']) retrieved from /home/airflow/.local/lib/python3.6/site-packages/airflow/example_dags/example_kubernetes_executor_config.py
[2021-07-19 00:19:38,613] {logging_mixin.py:104} INFO - [2021-07-19 00:19:38,613] {dag.py:1833} INFO - Sync 1 DAGs
[2021-07-19 00:19:38,635] {logging_mixin.py:104} INFO - [2021-07-19 00:19:38,635] {dag.py:2306} INFO - Setting next_dagrun for example_kubernetes_executor_config to None
[2021-07-19 00:19:38,918] {scheduler_job.py:189} INFO - Processing /home/airflow/.local/lib/python3.6/site-packages/airflow/example_dags/example_kubernetes_executor_config.py took 0.378 seconds
[2021-07-19 00:20:10,529] {scheduler_job.py:181} INFO - Started process (PID=2807) to work on /home/airflow/.local/lib/python3.6/site-packages/airflow/example_dags/example_kubernetes_executor_config.py
[2021-07-19 00:20:10,675] {scheduler_job.py:632} INFO - Processing file /home/airflow/.local/lib/python3.6/site-packages/airflow/example_dags/example_kubernetes_executor_config.py for tasks to queue
[2021-07-19 00:20:10,832] {logging_mixin.py:104} INFO - [2021-07-19 00:20:10,831] {dagbag.py:496} INFO - Filling up the DagBag from /home/airflow/.local/lib/python3.6/site-packages/airflow/example_dags/example_kubernetes_executor_config.py
[2021-07-19 00:20:10,881] {scheduler_job.py:642} INFO - DAG(s) dict_keys(['example_kubernetes_executor_config']) retrieved from /home/airflow/.local/lib/python3.6/site-packages/airflow/example_dags/example_kubernetes_executor_config.py
[2021-07-19 00:20:10,914] {logging_mixin.py:104} INFO - [2021-07-19 00:20:10,914] {dag.py:1833} INFO - Sync 1 DAGs
[2021-07-19 00:20:10,938] {logging_mixin.py:104} INFO - [2021-07-19 00:20:10,938] {dag.py:2306} INFO - Setting next_dagrun for example_kubernetes_executor_config to None
[2021-07-19 00:20:11,359] {scheduler_job.py:189} INFO - Processing /home/airflow/.local/lib/python3.6/site-packages/airflow/example_dags/example_kubernetes_executor_config.py took 0.838 seconds
[2021-07-19 00:20:41,747] {scheduler_job.py:181} INFO - Started process (PID=2865) to work on /home/airflow/.local/lib/python3.6/site-packages/airflow/example_dags/example_kubernetes_executor_config.py
[2021-07-19 00:20:41,753] {scheduler_job.py:632} INFO - Processing file /home/airflow/.local/lib/python3.6/site-packages/airflow/example_dags/example_kubernetes_executor_config.py for tasks to queue
[2021-07-19 00:20:41,756] {logging_mixin.py:104} INFO - [2021-07-19 00:20:41,756] {dagbag.py:496} INFO - Filling up the DagBag from /home/airflow/.local/lib/python3.6/site-packages/airflow/example_dags/example_kubernetes_executor_config.py
[2021-07-19 00:20:41,814] {scheduler_job.py:642} INFO - DAG(s) dict_keys(['example_kubernetes_executor_config']) retrieved from /home/airflow/.local/lib/python3.6/site-packages/airflow/example_dags/example_kubernetes_executor_config.py
[2021-07-19 00:20:41,851] {logging_mixin.py:104} INFO - [2021-07-19 00:20:41,851] {dag.py:1833} INFO - Sync 1 DAGs
[2021-07-19 00:20:41,873] {logging_mixin.py:104} INFO - [2021-07-19 00:20:41,873] {dag.py:2306} INFO - Setting next_dagrun for example_kubernetes_executor_config to None
[2021-07-19 00:20:42,255] {scheduler_job.py:189} INFO - Processing /home/airflow/.local/lib/python3.6/site-packages/airflow/example_dags/example_kubernetes_executor_config.py took 0.522 seconds
[2021-07-19 00:21:12,859] {scheduler_job.py:181} INFO - Started process (PID=2921) to work on /home/airflow/.local/lib/python3.6/site-packages/airflow/example_dags/example_kubernetes_executor_config.py
[2021-07-19 00:21:12,862] {scheduler_job.py:632} INFO - Processing file /home/airflow/.local/lib/python3.6/site-packages/airflow/example_dags/example_kubernetes_executor_config.py for tasks to queue
[2021-07-19 00:21:12,864] {logging_mixin.py:104} INFO - [2021-07-19 00:21:12,863] {dagbag.py:496} INFO - Filling up the DagBag from /home/airflow/.local/lib/python3.6/site-packages/airflow/example_dags/example_kubernetes_executor_config.py
[2021-07-19 00:21:12,889] {scheduler_job.py:642} INFO - DAG(s) dict_keys(['example_kubernetes_executor_config']) retrieved from /home/airflow/.local/lib/python3.6/site-packages/airflow/example_dags/example_kubernetes_executor_config.py
[2021-07-19 00:21:12,916] {logging_mixin.py:104} INFO - [2021-07-19 00:21:12,916] {dag.py:1833} INFO - Sync 1 DAGs
[2021-07-19 00:21:12,938] {logging_mixin.py:104} INFO - [2021-07-19 00:21:12,938] {dag.py:2306} INFO - Setting next_dagrun for example_kubernetes_executor_config to None
[2021-07-19 00:21:13,270] {scheduler_job.py:189} INFO - Processing /home/airflow/.local/lib/python3.6/site-packages/airflow/example_dags/example_kubernetes_executor_config.py took 0.418 seconds
[2021-07-19 00:21:43,810] {scheduler_job.py:181} INFO - Started process (PID=2985) to work on /home/airflow/.local/lib/python3.6/site-packages/airflow/example_dags/example_kubernetes_executor_config.py
[2021-07-19 00:21:43,812] {scheduler_job.py:632} INFO - Processing file /home/airflow/.local/lib/python3.6/site-packages/airflow/example_dags/example_kubernetes_executor_config.py for tasks to queue
[2021-07-19 00:21:43,813] {logging_mixin.py:104} INFO - [2021-07-19 00:21:43,813] {dagbag.py:496} INFO - Filling up the DagBag from /home/airflow/.local/lib/python3.6/site-packages/airflow/example_dags/example_kubernetes_executor_config.py
[2021-07-19 00:21:43,847] {scheduler_job.py:642} INFO - DAG(s) dict_keys(['example_kubernetes_executor_config']) retrieved from /home/airflow/.local/lib/python3.6/site-packages/airflow/example_dags/example_kubernetes_executor_config.py
[2021-07-19 00:21:43,892] {logging_mixin.py:104} INFO - [2021-07-19 00:21:43,892] {dag.py:1833} INFO - Sync 1 DAGs
[2021-07-19 00:21:43,922] {logging_mixin.py:104} INFO - [2021-07-19 00:21:43,922] {dag.py:2306} INFO - Setting next_dagrun for example_kubernetes_executor_config to None
[2021-07-19 00:21:44,092] {scheduler_job.py:189} INFO - Processing /home/airflow/.local/lib/python3.6/site-packages/airflow/example_dags/example_kubernetes_executor_config.py took 0.286 seconds
[2021-07-19 00:22:14,529] {scheduler_job.py:181} INFO - Started process (PID=3044) to work on /home/airflow/.local/lib/python3.6/site-packages/airflow/example_dags/example_kubernetes_executor_config.py
[2021-07-19 00:22:14,531] {scheduler_job.py:632} INFO - Processing file /home/airflow/.local/lib/python3.6/site-packages/airflow/example_dags/example_kubernetes_executor_config.py for tasks to queue
[2021-07-19 00:22:14,532] {logging_mixin.py:104} INFO - [2021-07-19 00:22:14,532] {dagbag.py:496} INFO - Filling up the DagBag from /home/airflow/.local/lib/python3.6/site-packages/airflow/example_dags/example_kubernetes_executor_config.py
[2021-07-19 00:22:14,553] {scheduler_job.py:642} INFO - DAG(s) dict_keys(['example_kubernetes_executor_config']) retrieved from /home/airflow/.local/lib/python3.6/site-packages/airflow/example_dags/example_kubernetes_executor_config.py
[2021-07-19 00:22:14,586] {logging_mixin.py:104} INFO - [2021-07-19 00:22:14,586] {dag.py:1833} INFO - Sync 1 DAGs
[2021-07-19 00:22:14,608] {logging_mixin.py:104} INFO - [2021-07-19 00:22:14,608] {dag.py:2306} INFO - Setting next_dagrun for example_kubernetes_executor_config to None
[2021-07-19 00:22:15,232] {scheduler_job.py:189} INFO - Processing /home/airflow/.local/lib/python3.6/site-packages/airflow/example_dags/example_kubernetes_executor_config.py took 0.710 seconds
[2021-07-19 00:22:46,102] {scheduler_job.py:181} INFO - Started process (PID=3102) to work on /home/airflow/.local/lib/python3.6/site-packages/airflow/example_dags/example_kubernetes_executor_config.py
[2021-07-19 00:22:46,106] {scheduler_job.py:632} INFO - Processing file /home/airflow/.local/lib/python3.6/site-packages/airflow/example_dags/example_kubernetes_executor_config.py for tasks to queue
[2021-07-19 00:22:46,107] {logging_mixin.py:104} INFO - [2021-07-19 00:22:46,107] {dagbag.py:496} INFO - Filling up the DagBag from /home/airflow/.local/lib/python3.6/site-packages/airflow/example_dags/example_kubernetes_executor_config.py
[2021-07-19 00:22:46,132] {scheduler_job.py:642} INFO - DAG(s) dict_keys(['example_kubernetes_executor_config']) retrieved from /home/airflow/.local/lib/python3.6/site-packages/airflow/example_dags/example_kubernetes_executor_config.py
[2021-07-19 00:22:46,170] {logging_mixin.py:104} INFO - [2021-07-19 00:22:46,170] {dag.py:1833} INFO - Sync 1 DAGs
[2021-07-19 00:22:46,197] {logging_mixin.py:104} INFO - [2021-07-19 00:22:46,197] {dag.py:2306} INFO - Setting next_dagrun for example_kubernetes_executor_config to None
[2021-07-19 00:22:46,306] {scheduler_job.py:189} INFO - Processing /home/airflow/.local/lib/python3.6/site-packages/airflow/example_dags/example_kubernetes_executor_config.py took 0.209 seconds
[2021-07-19 00:23:19,973] {scheduler_job.py:181} INFO - Started process (PID=3158) to work on /home/airflow/.local/lib/python3.6/site-packages/airflow/example_dags/example_kubernetes_executor_config.py
[2021-07-19 00:23:19,975] {scheduler_job.py:632} INFO - Processing file /home/airflow/.local/lib/python3.6/site-packages/airflow/example_dags/example_kubernetes_executor_config.py for tasks to queue
[2021-07-19 00:23:19,976] {logging_mixin.py:104} INFO - [2021-07-19 00:23:19,976] {dagbag.py:496} INFO - Filling up the DagBag from /home/airflow/.local/lib/python3.6/site-packages/airflow/example_dags/example_kubernetes_executor_config.py
[2021-07-19 00:23:20,163] {scheduler_job.py:642} INFO - DAG(s) dict_keys(['example_kubernetes_executor_config']) retrieved from /home/airflow/.local/lib/python3.6/site-packages/airflow/example_dags/example_kubernetes_executor_config.py
[2021-07-19 00:23:20,193] {logging_mixin.py:104} INFO - [2021-07-19 00:23:20,193] {dag.py:1833} INFO - Sync 1 DAGs
[2021-07-19 00:23:20,213] {logging_mixin.py:104} INFO - [2021-07-19 00:23:20,212] {dag.py:2306} INFO - Setting next_dagrun for example_kubernetes_executor_config to None
[2021-07-19 00:23:20,951] {scheduler_job.py:189} INFO - Processing /home/airflow/.local/lib/python3.6/site-packages/airflow/example_dags/example_kubernetes_executor_config.py took 0.981 seconds
                                                                                                                                                                                                                                                                                                                                                                                                                                                                                                                                                                                                                                                                                                                                                                                                                                                                                                                                                                                                                                                                                                                                                                                                                                                                                                                                                                                                                                                                                                                                                                                                                                                                                                                                                                                                                                                                                                                                                                                                                                                                                                                                                                                                                                                                                                                                                                                                                                                                                                                                                                                                                                                                                                                                                                                                                                                                                                                                                                                                                                                                                                                                                                                                                                                                                                                                                                                                                                                                                                                                                                                                                                                                                                                                                                                                                                                                                                                                                                                                                                                                                                                                                                                                                                                                                                                                                                                                                                                                                                                                                                                                                                                                                                                                                                                                                                                                                                                                                                                                                                                                                                                                                                                                                                                                                                                                                                                                                                                                                                                                                                                                                                                                                                                                                                                                                                                                                                                                                                                                                                                                                                                                                                                                                                                                                                                                                                                                                                                                                                                                                                                                                                                                                                                                                                                                                                                                                                                                                                                                                                                                                                                                                                                                                                                                                                                                                                                                                                                                                                                                                                                                                                                                                                                                                                                                                                                                                                                                                                                                                                                                                                                                                                                                                                                                                                                                                                                                                                                                        