[2021-07-19 00:00:03,783] {scheduler_job.py:181} INFO - Started process (PID=450) to work on /home/airflow/.local/lib/python3.6/site-packages/airflow/example_dags/example_dag_decorator.py
[2021-07-19 00:00:03,785] {scheduler_job.py:632} INFO - Processing file /home/airflow/.local/lib/python3.6/site-packages/airflow/example_dags/example_dag_decorator.py for tasks to queue
[2021-07-19 00:00:03,787] {logging_mixin.py:104} INFO - [2021-07-19 00:00:03,787] {dagbag.py:496} INFO - Filling up the DagBag from /home/airflow/.local/lib/python3.6/site-packages/airflow/example_dags/example_dag_decorator.py
[2021-07-19 00:00:03,814] {scheduler_job.py:642} INFO - DAG(s) dict_keys(['example_dag_decorator']) retrieved from /home/airflow/.local/lib/python3.6/site-packages/airflow/example_dags/example_dag_decorator.py
[2021-07-19 00:00:04,424] {logging_mixin.py:104} INFO - [2021-07-19 00:00:04,424] {dag.py:1833} INFO - Sync 1 DAGs
[2021-07-19 00:00:04,447] {logging_mixin.py:104} INFO - [2021-07-19 00:00:04,447] {dag.py:2306} INFO - Setting next_dagrun for example_dag_decorator to None
[2021-07-19 00:00:04,525] {scheduler_job.py:189} INFO - Processing /home/airflow/.local/lib/python3.6/site-packages/airflow/example_dags/example_dag_decorator.py took 0.748 seconds
[2021-07-19 00:00:34,963] {scheduler_job.py:181} INFO - Started process (PID=519) to work on /home/airflow/.local/lib/python3.6/site-packages/airflow/example_dags/example_dag_decorator.py
[2021-07-19 00:00:34,968] {scheduler_job.py:632} INFO - Processing file /home/airflow/.local/lib/python3.6/site-packages/airflow/example_dags/example_dag_decorator.py for tasks to queue
[2021-07-19 00:00:34,971] {logging_mixin.py:104} INFO - [2021-07-19 00:00:34,971] {dagbag.py:496} INFO - Filling up the DagBag from /home/airflow/.local/lib/python3.6/site-packages/airflow/example_dags/example_dag_decorator.py
[2021-07-19 00:00:35,040] {scheduler_job.py:642} INFO - DAG(s) dict_keys(['example_dag_decorator']) retrieved from /home/airflow/.local/lib/python3.6/site-packages/airflow/example_dags/example_dag_decorator.py
[2021-07-19 00:00:35,362] {logging_mixin.py:104} INFO - [2021-07-19 00:00:35,362] {dag.py:1833} INFO - Sync 1 DAGs
[2021-07-19 00:00:35,388] {logging_mixin.py:104} INFO - [2021-07-19 00:00:35,388] {dag.py:2306} INFO - Setting next_dagrun for example_dag_decorator to None
[2021-07-19 00:00:35,458] {scheduler_job.py:189} INFO - Processing /home/airflow/.local/lib/python3.6/site-packages/airflow/example_dags/example_dag_decorator.py took 0.510 seconds
[2021-07-19 00:01:05,659] {scheduler_job.py:181} INFO - Started process (PID=576) to work on /home/airflow/.local/lib/python3.6/site-packages/airflow/example_dags/example_dag_decorator.py
[2021-07-19 00:01:05,661] {scheduler_job.py:632} INFO - Processing file /home/airflow/.local/lib/python3.6/site-packages/airflow/example_dags/example_dag_decorator.py for tasks to queue
[2021-07-19 00:01:05,662] {logging_mixin.py:104} INFO - [2021-07-19 00:01:05,662] {dagbag.py:496} INFO - Filling up the DagBag from /home/airflow/.local/lib/python3.6/site-packages/airflow/example_dags/example_dag_decorator.py
[2021-07-19 00:01:05,693] {scheduler_job.py:642} INFO - DAG(s) dict_keys(['example_dag_decorator']) retrieved from /home/airflow/.local/lib/python3.6/site-packages/airflow/example_dags/example_dag_decorator.py
[2021-07-19 00:01:06,064] {logging_mixin.py:104} INFO - [2021-07-19 00:01:06,064] {dag.py:1833} INFO - Sync 1 DAGs
[2021-07-19 00:01:06,087] {logging_mixin.py:104} INFO - [2021-07-19 00:01:06,087] {dag.py:2306} INFO - Setting next_dagrun for example_dag_decorator to None
[2021-07-19 00:01:06,140] {scheduler_job.py:189} INFO - Processing /home/airflow/.local/lib/python3.6/site-packages/airflow/example_dags/example_dag_decorator.py took 0.485 seconds
[2021-07-19 00:01:36,715] {scheduler_job.py:181} INFO - Started process (PID=645) to work on /home/airflow/.local/lib/python3.6/site-packages/airflow/example_dags/example_dag_decorator.py
[2021-07-19 00:01:36,717] {scheduler_job.py:632} INFO - Processing file /home/airflow/.local/lib/python3.6/site-packages/airflow/example_dags/example_dag_decorator.py for tasks to queue
[2021-07-19 00:01:36,719] {logging_mixin.py:104} INFO - [2021-07-19 00:01:36,719] {dagbag.py:496} INFO - Filling up the DagBag from /home/airflow/.local/lib/python3.6/site-packages/airflow/example_dags/example_dag_decorator.py
[2021-07-19 00:01:36,752] {scheduler_job.py:642} INFO - DAG(s) dict_keys(['example_dag_decorator']) retrieved from /home/airflow/.local/lib/python3.6/site-packages/airflow/example_dags/example_dag_decorator.py
[2021-07-19 00:01:37,128] {logging_mixin.py:104} INFO - [2021-07-19 00:01:37,128] {dag.py:1833} INFO - Sync 1 DAGs
[2021-07-19 00:01:37,145] {logging_mixin.py:104} INFO - [2021-07-19 00:01:37,144] {dag.py:2306} INFO - Setting next_dagrun for example_dag_decorator to None
[2021-07-19 00:01:37,197] {scheduler_job.py:189} INFO - Processing /home/airflow/.local/lib/python3.6/site-packages/airflow/example_dags/example_dag_decorator.py took 0.488 seconds
[2021-07-19 00:02:07,525] {scheduler_job.py:181} INFO - Started process (PID=701) to work on /home/airflow/.local/lib/python3.6/site-packages/airflow/example_dags/example_dag_decorator.py
[2021-07-19 00:02:07,530] {scheduler_job.py:632} INFO - Processing file /home/airflow/.local/lib/python3.6/site-packages/airflow/example_dags/example_dag_decorator.py for tasks to queue
[2021-07-19 00:02:07,532] {logging_mixin.py:104} INFO - [2021-07-19 00:02:07,532] {dagbag.py:496} INFO - Filling up the DagBag from /home/airflow/.local/lib/python3.6/site-packages/airflow/example_dags/example_dag_decorator.py
[2021-07-19 00:02:07,561] {scheduler_job.py:642} INFO - DAG(s) dict_keys(['example_dag_decorator']) retrieved from /home/airflow/.local/lib/python3.6/site-packages/airflow/example_dags/example_dag_decorator.py
[2021-07-19 00:02:07,836] {logging_mixin.py:104} INFO - [2021-07-19 00:02:07,836] {dag.py:1833} INFO - Sync 1 DAGs
[2021-07-19 00:02:07,855] {logging_mixin.py:104} INFO - [2021-07-19 00:02:07,855] {dag.py:2306} INFO - Setting next_dagrun for example_dag_decorator to None
[2021-07-19 00:02:07,912] {scheduler_job.py:189} INFO - Processing /home/airflow/.local/lib/python3.6/site-packages/airflow/example_dags/example_dag_decorator.py took 0.400 seconds
[2021-07-19 00:02:38,136] {scheduler_job.py:181} INFO - Started process (PID=761) to work on /home/airflow/.local/lib/python3.6/site-packages/airflow/example_dags/example_dag_decorator.py
[2021-07-19 00:02:38,139] {scheduler_job.py:632} INFO - Processing file /home/airflow/.local/lib/python3.6/site-packages/airflow/example_dags/example_dag_decorator.py for tasks to queue
[2021-07-19 00:02:38,147] {logging_mixin.py:104} INFO - [2021-07-19 00:02:38,146] {dagbag.py:496} INFO - Filling up the DagBag from /home/airflow/.local/lib/python3.6/site-packages/airflow/example_dags/example_dag_decorator.py
[2021-07-19 00:02:38,208] {scheduler_job.py:642} INFO - DAG(s) dict_keys(['example_dag_decorator']) retrieved from /home/airflow/.local/lib/python3.6/site-packages/airflow/example_dags/example_dag_decorator.py
[2021-07-19 00:02:38,623] {logging_mixin.py:104} INFO - [2021-07-19 00:02:38,623] {dag.py:1833} INFO - Sync 1 DAGs
[2021-07-19 00:02:38,643] {logging_mixin.py:104} INFO - [2021-07-19 00:02:38,643] {dag.py:2306} INFO - Setting next_dagrun for example_dag_decorator to None
[2021-07-19 00:02:38,704] {scheduler_job.py:189} INFO - Processing /home/airflow/.local/lib/python3.6/site-packages/airflow/example_dags/example_dag_decorator.py took 0.573 seconds
[2021-07-19 00:03:09,344] {scheduler_job.py:181} INFO - Started process (PID=829) to work on /home/airflow/.local/lib/python3.6/site-packages/airflow/example_dags/example_dag_decorator.py
[2021-07-19 00:03:09,346] {scheduler_job.py:632} INFO - Processing file /home/airflow/.local/lib/python3.6/site-packages/airflow/example_dags/example_dag_decorator.py for tasks to queue
[2021-07-19 00:03:09,347] {logging_mixin.py:104} INFO - [2021-07-19 00:03:09,347] {dagbag.py:496} INFO - Filling up the DagBag from /home/airflow/.local/lib/python3.6/site-packages/airflow/example_dags/example_dag_decorator.py
[2021-07-19 00:03:09,375] {scheduler_job.py:642} INFO - DAG(s) dict_keys(['example_dag_decorator']) retrieved from /home/airflow/.local/lib/python3.6/site-packages/airflow/example_dags/example_dag_decorator.py
[2021-07-19 00:03:09,672] {logging_mixin.py:104} INFO - [2021-07-19 00:03:09,672] {dag.py:1833} INFO - Sync 1 DAGs
[2021-07-19 00:03:09,698] {logging_mixin.py:104} INFO - [2021-07-19 00:03:09,698] {dag.py:2306} INFO - Setting next_dagrun for example_dag_decorator to None
[2021-07-19 00:03:09,793] {scheduler_job.py:189} INFO - Processing /home/airflow/.local/lib/python3.6/site-packages/airflow/example_dags/example_dag_decorator.py took 0.454 seconds
[2021-07-19 00:03:39,999] {scheduler_job.py:181} INFO - Started process (PID=884) to work on /home/airflow/.local/lib/python3.6/site-packages/airflow/example_dags/example_dag_decorator.py
[2021-07-19 00:03:40,014] {scheduler_job.py:632} INFO - Processing file /home/airflow/.local/lib/python3.6/site-packages/airflow/example_dags/example_dag_decorator.py for tasks to queue
[2021-07-19 00:03:40,018] {logging_mixin.py:104} INFO - [2021-07-19 00:03:40,018] {dagbag.py:496} INFO - Filling up the DagBag from /home/airflow/.local/lib/python3.6/site-packages/airflow/example_dags/example_dag_decorator.py
[2021-07-19 00:03:40,052] {scheduler_job.py:642} INFO - DAG(s) dict_keys(['example_dag_decorator']) retrieved from /home/airflow/.local/lib/python3.6/site-packages/airflow/example_dags/example_dag_decorator.py
[2021-07-19 00:03:40,363] {logging_mixin.py:104} INFO - [2021-07-19 00:03:40,362] {dag.py:1833} INFO - Sync 1 DAGs
[2021-07-19 00:03:40,384] {logging_mixin.py:104} INFO - [2021-07-19 00:03:40,384] {dag.py:2306} INFO - Setting next_dagrun for example_dag_decorator to None
[2021-07-19 00:03:40,440] {scheduler_job.py:189} INFO - Processing /home/airflow/.local/lib/python3.6/site-packages/airflow/example_dags/example_dag_decorator.py took 0.446 seconds
[2021-07-19 00:04:10,513] {scheduler_job.py:181} INFO - Started process (PID=951) to work on /home/airflow/.local/lib/python3.6/site-packages/airflow/example_dags/example_dag_decorator.py
[2021-07-19 00:04:10,515] {scheduler_job.py:632} INFO - Processing file /home/airflow/.local/lib/python3.6/site-packages/airflow/example_dags/example_dag_decorator.py for tasks to queue
[2021-07-19 00:04:10,517] {logging_mixin.py:104} INFO - [2021-07-19 00:04:10,516] {dagbag.py:496} INFO - Filling up the DagBag from /home/airflow/.local/lib/python3.6/site-packages/airflow/example_dags/example_dag_decorator.py
[2021-07-19 00:04:10,549] {scheduler_job.py:642} INFO - DAG(s) dict_keys(['example_dag_decorator']) retrieved from /home/airflow/.local/lib/python3.6/site-packages/airflow/example_dags/example_dag_decorator.py
[2021-07-19 00:04:10,894] {logging_mixin.py:104} INFO - [2021-07-19 00:04:10,893] {dag.py:1833} INFO - Sync 1 DAGs
[2021-07-19 00:04:10,917] {logging_mixin.py:104} INFO - [2021-07-19 00:04:10,917] {dag.py:2306} INFO - Setting next_dagrun for example_dag_decorator to None
[2021-07-19 00:04:10,978] {scheduler_job.py:189} INFO - Processing /home/airflow/.local/lib/python3.6/site-packages/airflow/example_dags/example_dag_decorator.py took 0.469 seconds
[2021-07-19 00:04:41,263] {scheduler_job.py:181} INFO - Started process (PID=1008) to work on /home/airflow/.local/lib/python3.6/site-packages/airflow/example_dags/example_dag_decorator.py
[2021-07-19 00:04:41,267] {scheduler_job.py:632} INFO - Processing file /home/airflow/.local/lib/python3.6/site-packages/airflow/example_dags/example_dag_decorator.py for tasks to queue
[2021-07-19 00:04:41,269] {logging_mixin.py:104} INFO - [2021-07-19 00:04:41,269] {dagbag.py:496} INFO - Filling up the DagBag from /home/airflow/.local/lib/python3.6/site-packages/airflow/example_dags/example_dag_decorator.py
[2021-07-19 00:04:41,312] {scheduler_job.py:642} INFO - DAG(s) dict_keys(['example_dag_decorator']) retrieved from /home/airflow/.local/lib/python3.6/site-packages/airflow/example_dags/example_dag_decorator.py
[2021-07-19 00:04:41,606] {logging_mixin.py:104} INFO - [2021-07-19 00:04:41,606] {dag.py:1833} INFO - Sync 1 DAGs
[2021-07-19 00:04:41,625] {logging_mixin.py:104} INFO - [2021-07-19 00:04:41,625] {dag.py:2306} INFO - Setting next_dagrun for example_dag_decorator to None
[2021-07-19 00:04:41,676] {scheduler_job.py:189} INFO - Processing /home/airflow/.local/lib/python3.6/site-packages/airflow/example_dags/example_dag_decorator.py took 0.427 seconds
[2021-07-19 00:05:11,761] {scheduler_job.py:181} INFO - Started process (PID=1065) to work on /home/airflow/.local/lib/python3.6/site-packages/airflow/example_dags/example_dag_decorator.py
[2021-07-19 00:05:11,763] {scheduler_job.py:632} INFO - Processing file /home/airflow/.local/lib/python3.6/site-packages/airflow/example_dags/example_dag_decorator.py for tasks to queue
[2021-07-19 00:05:11,764] {logging_mixin.py:104} INFO - [2021-07-19 00:05:11,764] {dagbag.py:496} INFO - Filling up the DagBag from /home/airflow/.local/lib/python3.6/site-packages/airflow/example_dags/example_dag_decorator.py
[2021-07-19 00:05:11,788] {scheduler_job.py:642} INFO - DAG(s) dict_keys(['example_dag_decorator']) retrieved from /home/airflow/.local/lib/python3.6/site-packages/airflow/example_dags/example_dag_decorator.py
[2021-07-19 00:05:12,051] {logging_mixin.py:104} INFO - [2021-07-19 00:05:12,051] {dag.py:1833} INFO - Sync 1 DAGs
[2021-07-19 00:05:12,067] {logging_mixin.py:104} INFO - [2021-07-19 00:05:12,067] {dag.py:2306} INFO - Setting next_dagrun for example_dag_decorator to None
[2021-07-19 00:05:12,122] {scheduler_job.py:189} INFO - Processing /home/airflow/.local/lib/python3.6/site-packages/airflow/example_dags/example_dag_decorator.py took 0.366 seconds
[2021-07-19 00:05:42,338] {scheduler_job.py:181} INFO - Started process (PID=1132) to work on /home/airflow/.local/lib/python3.6/site-packages/airflow/example_dags/example_dag_decorator.py
[2021-07-19 00:05:42,340] {scheduler_job.py:632} INFO - Processing file /home/airflow/.local/lib/python3.6/site-packages/airflow/example_dags/example_dag_decorator.py for tasks to queue
[2021-07-19 00:05:42,341] {logging_mixin.py:104} INFO - [2021-07-19 00:05:42,341] {dagbag.py:496} INFO - Filling up the DagBag from /home/airflow/.local/lib/python3.6/site-packages/airflow/example_dags/example_dag_decorator.py
[2021-07-19 00:05:42,365] {scheduler_job.py:642} INFO - DAG(s) dict_keys(['example_dag_decorator']) retrieved from /home/airflow/.local/lib/python3.6/site-packages/airflow/example_dags/example_dag_decorator.py
[2021-07-19 00:05:42,703] {logging_mixin.py:104} INFO - [2021-07-19 00:05:42,702] {dag.py:1833} INFO - Sync 1 DAGs
[2021-07-19 00:05:42,721] {logging_mixin.py:104} INFO - [2021-07-19 00:05:42,721] {dag.py:2306} INFO - Setting next_dagrun for example_dag_decorator to None
[2021-07-19 00:05:42,895] {scheduler_job.py:189} INFO - Processing /home/airflow/.local/lib/python3.6/site-packages/airflow/example_dags/example_dag_decorator.py took 0.561 seconds
[2021-07-19 00:06:13,355] {scheduler_job.py:181} INFO - Started process (PID=1187) to work on /home/airflow/.local/lib/python3.6/site-packages/airflow/example_dags/example_dag_decorator.py
[2021-07-19 00:06:13,358] {scheduler_job.py:632} INFO - Processing file /home/airflow/.local/lib/python3.6/site-packages/airflow/example_dags/example_dag_decorator.py for tasks to queue
[2021-07-19 00:06:13,360] {logging_mixin.py:104} INFO - [2021-07-19 00:06:13,360] {dagbag.py:496} INFO - Filling up the DagBag from /home/airflow/.local/lib/python3.6/site-packages/airflow/example_dags/example_dag_decorator.py
[2021-07-19 00:06:13,392] {scheduler_job.py:642} INFO - DAG(s) dict_keys(['example_dag_decorator']) retrieved from /home/airflow/.local/lib/python3.6/site-packages/airflow/example_dags/example_dag_decorator.py
[2021-07-19 00:06:13,676] {logging_mixin.py:104} INFO - [2021-07-19 00:06:13,676] {dag.py:1833} INFO - Sync 1 DAGs
[2021-07-19 00:06:13,695] {logging_mixin.py:104} INFO - [2021-07-19 00:06:13,695] {dag.py:2306} INFO - Setting next_dagrun for example_dag_decorator to None
[2021-07-19 00:06:13,764] {scheduler_job.py:189} INFO - Processing /home/airflow/.local/lib/python3.6/site-packages/airflow/example_dags/example_dag_decorator.py took 0.416 seconds
[2021-07-19 00:06:43,839] {scheduler_job.py:181} INFO - Started process (PID=1256) to work on /home/airflow/.local/lib/python3.6/site-packages/airflow/example_dags/example_dag_decorator.py
[2021-07-19 00:06:43,841] {scheduler_job.py:632} INFO - Processing file /home/airflow/.local/lib/python3.6/site-packages/airflow/example_dags/example_dag_decorator.py for tasks to queue
[2021-07-19 00:06:43,842] {logging_mixin.py:104} INFO - [2021-07-19 00:06:43,842] {dagbag.py:496} INFO - Filling up the DagBag from /home/airflow/.local/lib/python3.6/site-packages/airflow/example_dags/example_dag_decorator.py
[2021-07-19 00:06:43,871] {scheduler_job.py:642} INFO - DAG(s) dict_keys(['example_dag_decorator']) retrieved from /home/airflow/.local/lib/python3.6/site-packages/airflow/example_dags/example_dag_decorator.py
[2021-07-19 00:06:44,181] {logging_mixin.py:104} INFO - [2021-07-19 00:06:44,181] {dag.py:1833} INFO - Sync 1 DAGs
[2021-07-19 00:06:44,198] {logging_mixin.py:104} INFO - [2021-07-19 00:06:44,198] {dag.py:2306} INFO - Setting next_dagrun for example_dag_decorator to None
[2021-07-19 00:06:44,245] {scheduler_job.py:189} INFO - Processing /home/airflow/.local/lib/python3.6/site-packages/airflow/example_dags/example_dag_decorator.py took 0.410 seconds
[2021-07-19 00:07:14,380] {scheduler_job.py:181} INFO - Started process (PID=1315) to work on /home/airflow/.local/lib/python3.6/site-packages/airflow/example_dags/example_dag_decorator.py
[2021-07-19 00:07:14,383] {scheduler_job.py:632} INFO - Processing file /home/airflow/.local/lib/python3.6/site-packages/airflow/example_dags/example_dag_decorator.py for tasks to queue
[2021-07-19 00:07:14,384] {logging_mixin.py:104} INFO - [2021-07-19 00:07:14,384] {dagbag.py:496} INFO - Filling up the DagBag from /home/airflow/.local/lib/python3.6/site-packages/airflow/example_dags/example_dag_decorator.py
[2021-07-19 00:07:14,417] {scheduler_job.py:642} INFO - DAG(s) dict_keys(['example_dag_decorator']) retrieved from /home/airflow/.local/lib/python3.6/site-packages/airflow/example_dags/example_dag_decorator.py
[2021-07-19 00:07:14,740] {logging_mixin.py:104} INFO - [2021-07-19 00:07:14,740] {dag.py:1833} INFO - Sync 1 DAGs
[2021-07-19 00:07:14,756] {logging_mixin.py:104} INFO - [2021-07-19 00:07:14,756] {dag.py:2306} INFO - Setting next_dagrun for example_dag_decorator to None
[2021-07-19 00:07:14,819] {scheduler_job.py:189} INFO - Processing /home/airflow/.local/lib/python3.6/site-packages/airflow/example_dags/example_dag_decorator.py took 0.445 seconds
[2021-07-19 00:07:44,883] {scheduler_job.py:181} INFO - Started process (PID=1369) to work on /home/airflow/.local/lib/python3.6/site-packages/airflow/example_dags/example_dag_decorator.py
[2021-07-19 00:07:44,884] {scheduler_job.py:632} INFO - Processing file /home/airflow/.local/lib/python3.6/site-packages/airflow/example_dags/example_dag_decorator.py for tasks to queue
[2021-07-19 00:07:44,886] {logging_mixin.py:104} INFO - [2021-07-19 00:07:44,885] {dagbag.py:496} INFO - Filling up the DagBag from /home/airflow/.local/lib/python3.6/site-packages/airflow/example_dags/example_dag_decorator.py
[2021-07-19 00:07:44,915] {scheduler_job.py:642} INFO - DAG(s) dict_keys(['example_dag_decorator']) retrieved from /home/airflow/.local/lib/python3.6/site-packages/airflow/example_dags/example_dag_decorator.py
[2021-07-19 00:07:44,943] {logging_mixin.py:104} INFO - [2021-07-19 00:07:44,943] {dag.py:1833} INFO - Sync 1 DAGs
[2021-07-19 00:07:44,965] {logging_mixin.py:104} INFO - [2021-07-19 00:07:44,965] {dag.py:2306} INFO - Setting next_dagrun for example_dag_decorator to None
[2021-07-19 00:07:45,057] {scheduler_job.py:189} INFO - Processing /home/airflow/.local/lib/python3.6/site-packages/airflow/example_dags/example_dag_decorator.py took 0.179 seconds
[2021-07-19 00:08:15,767] {scheduler_job.py:181} INFO - Started process (PID=1437) to work on /home/airflow/.local/lib/python3.6/site-packages/airflow/example_dags/example_dag_decorator.py
[2021-07-19 00:08:15,770] {scheduler_job.py:632} INFO - Processing file /home/airflow/.local/lib/python3.6/site-packages/airflow/example_dags/example_dag_decorator.py for tasks to queue
[2021-07-19 00:08:15,771] {logging_mixin.py:104} INFO - [2021-07-19 00:08:15,771] {dagbag.py:496} INFO - Filling up the DagBag from /home/airflow/.local/lib/python3.6/site-packages/airflow/example_dags/example_dag_decorator.py
[2021-07-19 00:08:15,803] {scheduler_job.py:642} INFO - DAG(s) dict_keys(['example_dag_decorator']) retrieved from /home/airflow/.local/lib/python3.6/site-packages/airflow/example_dags/example_dag_decorator.py
[2021-07-19 00:08:16,139] {logging_mixin.py:104} INFO - [2021-07-19 00:08:16,139] {dag.py:1833} INFO - Sync 1 DAGs
[2021-07-19 00:08:16,158] {logging_mixin.py:104} INFO - [2021-07-19 00:08:16,158] {dag.py:2306} INFO - Setting next_dagrun for example_dag_decorator to None
[2021-07-19 00:08:16,214] {scheduler_job.py:189} INFO - Processing /home/airflow/.local/lib/python3.6/site-packages/airflow/example_dags/example_dag_decorator.py took 0.452 seconds
[2021-07-19 00:08:46,416] {scheduler_job.py:181} INFO - Started process (PID=1495) to work on /home/airflow/.local/lib/python3.6/site-packages/airflow/example_dags/example_dag_decorator.py
[2021-07-19 00:08:46,418] {scheduler_job.py:632} INFO - Processing file /home/airflow/.local/lib/python3.6/site-packages/airflow/example_dags/example_dag_decorator.py for tasks to queue
[2021-07-19 00:08:46,419] {logging_mixin.py:104} INFO - [2021-07-19 00:08:46,419] {dagbag.py:496} INFO - Filling up the DagBag from /home/airflow/.local/lib/python3.6/site-packages/airflow/example_dags/example_dag_decorator.py
[2021-07-19 00:08:46,440] {scheduler_job.py:642} INFO - DAG(s) dict_keys(['example_dag_decorator']) retrieved from /home/airflow/.local/lib/python3.6/site-packages/airflow/example_dags/example_dag_decorator.py
[2021-07-19 00:08:46,728] {logging_mixin.py:104} INFO - [2021-07-19 00:08:46,728] {dag.py:1833} INFO - Sync 1 DAGs
[2021-07-19 00:08:46,745] {logging_mixin.py:104} INFO - [2021-07-19 00:08:46,744] {dag.py:2306} INFO - Setting next_dagrun for example_dag_decorator to None
[2021-07-19 00:08:46,962] {scheduler_job.py:189} INFO - Processing /home/airflow/.local/lib/python3.6/site-packages/airflow/example_dags/example_dag_decorator.py took 0.550 seconds
[2021-07-19 00:09:17,310] {scheduler_job.py:181} INFO - Started process (PID=1552) to work on /home/airflow/.local/lib/python3.6/site-packages/airflow/example_dags/example_dag_decorator.py
[2021-07-19 00:09:17,312] {scheduler_job.py:632} INFO - Processing file /home/airflow/.local/lib/python3.6/site-packages/airflow/example_dags/example_dag_decorator.py for tasks to queue
[2021-07-19 00:09:17,313] {logging_mixin.py:104} INFO - [2021-07-19 00:09:17,313] {dagbag.py:496} INFO - Filling up the DagBag from /home/airflow/.local/lib/python3.6/site-packages/airflow/example_dags/example_dag_decorator.py
[2021-07-19 00:09:17,338] {scheduler_job.py:642} INFO - DAG(s) dict_keys(['example_dag_decorator']) retrieved from /home/airflow/.local/lib/python3.6/site-packages/airflow/example_dags/example_dag_decorator.py
[2021-07-19 00:09:17,627] {logging_mixin.py:104} INFO - [2021-07-19 00:09:17,627] {dag.py:1833} INFO - Sync 1 DAGs
[2021-07-19 00:09:17,652] {logging_mixin.py:104} INFO - [2021-07-19 00:09:17,652] {dag.py:2306} INFO - Setting next_dagrun for example_dag_decorator to None
[2021-07-19 00:09:17,794] {scheduler_job.py:189} INFO - Processing /home/airflow/.local/lib/python3.6/site-packages/airflow/example_dags/example_dag_decorator.py took 0.488 seconds
[2021-07-19 00:09:48,714] {scheduler_job.py:181} INFO - Started process (PID=1619) to work on /home/airflow/.local/lib/python3.6/site-packages/airflow/example_dags/example_dag_decorator.py
[2021-07-19 00:09:48,717] {scheduler_job.py:632} INFO - Processing file /home/airflow/.local/lib/python3.6/site-packages/airflow/example_dags/example_dag_decorator.py for tasks to queue
[2021-07-19 00:09:48,719] {logging_mixin.py:104} INFO - [2021-07-19 00:09:48,719] {dagbag.py:496} INFO - Filling up the DagBag from /home/airflow/.local/lib/python3.6/site-packages/airflow/example_dags/example_dag_decorator.py
[2021-07-19 00:09:48,749] {scheduler_job.py:642} INFO - DAG(s) dict_keys(['example_dag_decorator']) retrieved from /home/airflow/.local/lib/python3.6/site-packages/airflow/example_dags/example_dag_decorator.py
[2021-07-19 00:09:49,037] {logging_mixin.py:104} INFO - [2021-07-19 00:09:49,036] {dag.py:1833} INFO - Sync 1 DAGs
[2021-07-19 00:09:49,057] {logging_mixin.py:104} INFO - [2021-07-19 00:09:49,057] {dag.py:2306} INFO - Setting next_dagrun for example_dag_decorator to None
[2021-07-19 00:09:49,130] {scheduler_job.py:189} INFO - Processing /home/airflow/.local/lib/python3.6/site-packages/airflow/example_dags/example_dag_decorator.py took 0.423 seconds
[2021-07-19 00:10:19,400] {scheduler_job.py:181} INFO - Started process (PID=1676) to work on /home/airflow/.local/lib/python3.6/site-packages/airflow/example_dags/example_dag_decorator.py
[2021-07-19 00:10:19,403] {scheduler_job.py:632} INFO - Processing file /home/airflow/.local/lib/python3.6/site-packages/airflow/example_dags/example_dag_decorator.py for tasks to queue
[2021-07-19 00:10:19,404] {logging_mixin.py:104} INFO - [2021-07-19 00:10:19,404] {dagbag.py:496} INFO - Filling up the DagBag from /home/airflow/.local/lib/python3.6/site-packages/airflow/example_dags/example_dag_decorator.py
[2021-07-19 00:10:19,438] {scheduler_job.py:642} INFO - DAG(s) dict_keys(['example_dag_decorator']) retrieved from /home/airflow/.local/lib/python3.6/site-packages/airflow/example_dags/example_dag_decorator.py
[2021-07-19 00:10:19,819] {logging_mixin.py:104} INFO - [2021-07-19 00:10:19,819] {dag.py:1833} INFO - Sync 1 DAGs
[2021-07-19 00:10:19,836] {logging_mixin.py:104} INFO - [2021-07-19 00:10:19,836] {dag.py:2306} INFO - Setting next_dagrun for example_dag_decorator to None
[2021-07-19 00:10:19,939] {scheduler_job.py:189} INFO - Processing /home/airflow/.local/lib/python3.6/site-packages/airflow/example_dags/example_dag_decorator.py took 0.544 seconds
[2021-07-19 00:10:50,967] {scheduler_job.py:181} INFO - Started process (PID=1733) to work on /home/airflow/.local/lib/python3.6/site-packages/airflow/example_dags/example_dag_decorator.py
[2021-07-19 00:10:50,968] {scheduler_job.py:632} INFO - Processing file /home/airflow/.local/lib/python3.6/site-packages/airflow/example_dags/example_dag_decorator.py for tasks to queue
[2021-07-19 00:10:50,970] {logging_mixin.py:104} INFO - [2021-07-19 00:10:50,969] {dagbag.py:496} INFO - Filling up the DagBag from /home/airflow/.local/lib/python3.6/site-packages/airflow/example_dags/example_dag_decorator.py
[2021-07-19 00:10:51,009] {scheduler_job.py:642} INFO - DAG(s) dict_keys(['example_dag_decorator']) retrieved from /home/airflow/.local/lib/python3.6/site-packages/airflow/example_dags/example_dag_decorator.py
[2021-07-19 00:10:51,391] {logging_mixin.py:104} INFO - [2021-07-19 00:10:51,391] {dag.py:1833} INFO - Sync 1 DAGs
[2021-07-19 00:10:51,423] {logging_mixin.py:104} INFO - [2021-07-19 00:10:51,423] {dag.py:2306} INFO - Setting next_dagrun for example_dag_decorator to None
[2021-07-19 00:10:52,060] {scheduler_job.py:189} INFO - Processing /home/airflow/.local/lib/python3.6/site-packages/airflow/example_dags/example_dag_decorator.py took 1.098 seconds
[2021-07-19 00:11:22,455] {scheduler_job.py:181} INFO - Started process (PID=1800) to work on /home/airflow/.local/lib/python3.6/site-packages/airflow/example_dags/example_dag_decorator.py
[2021-07-19 00:11:22,457] {scheduler_job.py:632} INFO - Processing file /home/airflow/.local/lib/python3.6/site-packages/airflow/example_dags/example_dag_decorator.py for tasks to queue
[2021-07-19 00:11:22,458] {logging_mixin.py:104} INFO - [2021-07-19 00:11:22,458] {dagbag.py:496} INFO - Filling up the DagBag from /home/airflow/.local/lib/python3.6/site-packages/airflow/example_dags/example_dag_decorator.py
[2021-07-19 00:11:22,483] {scheduler_job.py:642} INFO - DAG(s) dict_keys(['example_dag_decorator']) retrieved from /home/airflow/.local/lib/python3.6/site-packages/airflow/example_dags/example_dag_decorator.py
[2021-07-19 00:11:22,786] {logging_mixin.py:104} INFO - [2021-07-19 00:11:22,786] {dag.py:1833} INFO - Sync 1 DAGs
[2021-07-19 00:11:22,944] {logging_mixin.py:104} INFO - [2021-07-19 00:11:22,944] {dag.py:2306} INFO - Setting next_dagrun for example_dag_decorator to None
[2021-07-19 00:11:23,247] {scheduler_job.py:189} INFO - Processing /home/airflow/.local/lib/python3.6/site-packages/airflow/example_dags/example_dag_decorator.py took 0.796 seconds
[2021-07-19 00:11:53,621] {scheduler_job.py:181} INFO - Started process (PID=1858) to work on /home/airflow/.local/lib/python3.6/site-packages/airflow/example_dags/example_dag_decorator.py
[2021-07-19 00:11:53,625] {scheduler_job.py:632} INFO - Processing file /home/airflow/.local/lib/python3.6/site-packages/airflow/example_dags/example_dag_decorator.py for tasks to queue
[2021-07-19 00:11:53,627] {logging_mixin.py:104} INFO - [2021-07-19 00:11:53,626] {dagbag.py:496} INFO - Filling up the DagBag from /home/airflow/.local/lib/python3.6/site-packages/airflow/example_dags/example_dag_decorator.py
[2021-07-19 00:11:53,662] {scheduler_job.py:642} INFO - DAG(s) dict_keys(['example_dag_decorator']) retrieved from /home/airflow/.local/lib/python3.6/site-packages/airflow/example_dags/example_dag_decorator.py
[2021-07-19 00:11:53,930] {logging_mixin.py:104} INFO - [2021-07-19 00:11:53,930] {dag.py:1833} INFO - Sync 1 DAGs
[2021-07-19 00:11:53,955] {logging_mixin.py:104} INFO - [2021-07-19 00:11:53,955] {dag.py:2306} INFO - Setting next_dagrun for example_dag_decorator to None
[2021-07-19 00:11:54,112] {scheduler_job.py:189} INFO - Processing /home/airflow/.local/lib/python3.6/site-packages/airflow/example_dags/example_dag_decorator.py took 0.505 seconds
[2021-07-19 00:12:24,537] {scheduler_job.py:181} INFO - Started process (PID=1914) to work on /home/airflow/.local/lib/python3.6/site-packages/airflow/example_dags/example_dag_decorator.py
[2021-07-19 00:12:24,546] {scheduler_job.py:632} INFO - Processing file /home/airflow/.local/lib/python3.6/site-packages/airflow/example_dags/example_dag_decorator.py for tasks to queue
[2021-07-19 00:12:24,551] {logging_mixin.py:104} INFO - [2021-07-19 00:12:24,550] {dagbag.py:496} INFO - Filling up the DagBag from /home/airflow/.local/lib/python3.6/site-packages/airflow/example_dags/example_dag_decorator.py
[2021-07-19 00:12:24,615] {scheduler_job.py:642} INFO - DAG(s) dict_keys(['example_dag_decorator']) retrieved from /home/airflow/.local/lib/python3.6/site-packages/airflow/example_dags/example_dag_decorator.py
[2021-07-19 00:12:24,943] {logging_mixin.py:104} INFO - [2021-07-19 00:12:24,943] {dag.py:1833} INFO - Sync 1 DAGs
[2021-07-19 00:12:24,959] {logging_mixin.py:104} INFO - [2021-07-19 00:12:24,959] {dag.py:2306} INFO - Setting next_dagrun for example_dag_decorator to None
[2021-07-19 00:12:25,175] {scheduler_job.py:189} INFO - Processing /home/airflow/.local/lib/python3.6/site-packages/airflow/example_dags/example_dag_decorator.py took 0.657 seconds
[2021-07-19 00:12:55,935] {scheduler_job.py:181} INFO - Started process (PID=1983) to work on /home/airflow/.local/lib/python3.6/site-packages/airflow/example_dags/example_dag_decorator.py
[2021-07-19 00:12:55,938] {scheduler_job.py:632} INFO - Processing file /home/airflow/.local/lib/python3.6/site-packages/airflow/example_dags/example_dag_decorator.py for tasks to queue
[2021-07-19 00:12:55,939] {logging_mixin.py:104} INFO - [2021-07-19 00:12:55,939] {dagbag.py:496} INFO - Filling up the DagBag from /home/airflow/.local/lib/python3.6/site-packages/airflow/example_dags/example_dag_decorator.py
[2021-07-19 00:12:55,969] {scheduler_job.py:642} INFO - DAG(s) dict_keys(['example_dag_decorator']) retrieved from /home/airflow/.local/lib/python3.6/site-packages/airflow/example_dags/example_dag_decorator.py
[2021-07-19 00:12:56,372] {logging_mixin.py:104} INFO - [2021-07-19 00:12:56,372] {dag.py:1833} INFO - Sync 1 DAGs
[2021-07-19 00:12:56,387] {logging_mixin.py:104} INFO - [2021-07-19 00:12:56,387] {dag.py:2306} INFO - Setting next_dagrun for example_dag_decorator to None
[2021-07-19 00:12:56,624] {scheduler_job.py:189} INFO - Processing /home/airflow/.local/lib/python3.6/site-packages/airflow/example_dags/example_dag_decorator.py took 0.693 seconds
[2021-07-19 00:13:26,954] {scheduler_job.py:181} INFO - Started process (PID=2046) to work on /home/airflow/.local/lib/python3.6/site-packages/airflow/example_dags/example_dag_decorator.py
[2021-07-19 00:13:26,958] {scheduler_job.py:632} INFO - Processing file /home/airflow/.local/lib/python3.6/site-packages/airflow/example_dags/example_dag_decorator.py for tasks to queue
[2021-07-19 00:13:26,960] {logging_mixin.py:104} INFO - [2021-07-19 00:13:26,960] {dagbag.py:496} INFO - Filling up the DagBag from /home/airflow/.local/lib/python3.6/site-packages/airflow/example_dags/example_dag_decorator.py
[2021-07-19 00:13:26,987] {scheduler_job.py:642} INFO - DAG(s) dict_keys(['example_dag_decorator']) retrieved from /home/airflow/.local/lib/python3.6/site-packages/airflow/example_dags/example_dag_decorator.py
[2021-07-19 00:13:27,283] {logging_mixin.py:104} INFO - [2021-07-19 00:13:27,283] {dag.py:1833} INFO - Sync 1 DAGs
[2021-07-19 00:13:27,301] {logging_mixin.py:104} INFO - [2021-07-19 00:13:27,301] {dag.py:2306} INFO - Setting next_dagrun for example_dag_decorator to None
[2021-07-19 00:13:27,421] {scheduler_job.py:189} INFO - Processing /home/airflow/.local/lib/python3.6/site-packages/airflow/example_dags/example_dag_decorator.py took 0.472 seconds
[2021-07-19 00:13:57,666] {scheduler_job.py:181} INFO - Started process (PID=2104) to work on /home/airflow/.local/lib/python3.6/site-packages/airflow/example_dags/example_dag_decorator.py
[2021-07-19 00:13:57,669] {scheduler_job.py:632} INFO - Processing file /home/airflow/.local/lib/python3.6/site-packages/airflow/example_dags/example_dag_decorator.py for tasks to queue
[2021-07-19 00:13:57,670] {logging_mixin.py:104} INFO - [2021-07-19 00:13:57,670] {dagbag.py:496} INFO - Filling up the DagBag from /home/airflow/.local/lib/python3.6/site-packages/airflow/example_dags/example_dag_decorator.py
[2021-07-19 00:13:57,701] {scheduler_job.py:642} INFO - DAG(s) dict_keys(['example_dag_decorator']) retrieved from /home/airflow/.local/lib/python3.6/site-packages/airflow/example_dags/example_dag_decorator.py
[2021-07-19 00:13:58,232] {logging_mixin.py:104} INFO - [2021-07-19 00:13:58,232] {dag.py:1833} INFO - Sync 1 DAGs
[2021-07-19 00:13:58,255] {logging_mixin.py:104} INFO - [2021-07-19 00:13:58,255] {dag.py:2306} INFO - Setting next_dagrun for example_dag_decorator to None
[2021-07-19 00:13:58,718] {scheduler_job.py:189} INFO - Processing /home/airflow/.local/lib/python3.6/site-packages/airflow/example_dags/example_dag_decorator.py took 1.057 seconds
[2021-07-19 00:14:28,937] {scheduler_job.py:181} INFO - Started process (PID=2162) to work on /home/airflow/.local/lib/python3.6/site-packages/airflow/example_dags/example_dag_decorator.py
[2021-07-19 00:14:28,939] {scheduler_job.py:632} INFO - Processing file /home/airflow/.local/lib/python3.6/site-packages/airflow/example_dags/example_dag_decorator.py for tasks to queue
[2021-07-19 00:14:28,940] {logging_mixin.py:104} INFO - [2021-07-19 00:14:28,940] {dagbag.py:496} INFO - Filling up the DagBag from /home/airflow/.local/lib/python3.6/site-packages/airflow/example_dags/example_dag_decorator.py
[2021-07-19 00:14:28,964] {scheduler_job.py:642} INFO - DAG(s) dict_keys(['example_dag_decorator']) retrieved from /home/airflow/.local/lib/python3.6/site-packages/airflow/example_dags/example_dag_decorator.py
[2021-07-19 00:14:29,234] {logging_mixin.py:104} INFO - [2021-07-19 00:14:29,234] {dag.py:1833} INFO - Sync 1 DAGs
[2021-07-19 00:14:29,255] {logging_mixin.py:104} INFO - [2021-07-19 00:14:29,255] {dag.py:2306} INFO - Setting next_dagrun for example_dag_decorator to None
[2021-07-19 00:14:29,750] {scheduler_job.py:189} INFO - Processing /home/airflow/.local/lib/python3.6/site-packages/airflow/example_dags/example_dag_decorator.py took 0.816 seconds
[2021-07-19 00:15:00,188] {scheduler_job.py:181} INFO - Started process (PID=2219) to work on /home/airflow/.local/lib/python3.6/site-packages/airflow/example_dags/example_dag_decorator.py
[2021-07-19 00:15:00,190] {scheduler_job.py:632} INFO - Processing file /home/airflow/.local/lib/python3.6/site-packages/airflow/example_dags/example_dag_decorator.py for tasks to queue
[2021-07-19 00:15:00,192] {logging_mixin.py:104} INFO - [2021-07-19 00:15:00,192] {dagbag.py:496} INFO - Filling up the DagBag from /home/airflow/.local/lib/python3.6/site-packages/airflow/example_dags/example_dag_decorator.py
[2021-07-19 00:15:00,213] {scheduler_job.py:642} INFO - DAG(s) dict_keys(['example_dag_decorator']) retrieved from /home/airflow/.local/lib/python3.6/site-packages/airflow/example_dags/example_dag_decorator.py
[2021-07-19 00:15:00,244] {logging_mixin.py:104} INFO - [2021-07-19 00:15:00,244] {dag.py:1833} INFO - Sync 1 DAGs
[2021-07-19 00:15:00,266] {logging_mixin.py:104} INFO - [2021-07-19 00:15:00,266] {dag.py:2306} INFO - Setting next_dagrun for example_dag_decorator to None
[2021-07-19 00:15:00,803] {scheduler_job.py:189} INFO - Processing /home/airflow/.local/lib/python3.6/site-packages/airflow/example_dags/example_dag_decorator.py took 0.620 seconds
[2021-07-19 00:15:31,661] {scheduler_job.py:181} INFO - Started process (PID=2287) to work on /home/airflow/.local/lib/python3.6/site-packages/airflow/example_dags/example_dag_decorator.py
[2021-07-19 00:15:31,663] {scheduler_job.py:632} INFO - Processing file /home/airflow/.local/lib/python3.6/site-packages/airflow/example_dags/example_dag_decorator.py for tasks to queue
[2021-07-19 00:15:31,664] {logging_mixin.py:104} INFO - [2021-07-19 00:15:31,664] {dagbag.py:496} INFO - Filling up the DagBag from /home/airflow/.local/lib/python3.6/site-packages/airflow/example_dags/example_dag_decorator.py
[2021-07-19 00:15:31,694] {scheduler_job.py:642} INFO - DAG(s) dict_keys(['example_dag_decorator']) retrieved from /home/airflow/.local/lib/python3.6/site-packages/airflow/example_dags/example_dag_decorator.py
[2021-07-19 00:15:31,988] {logging_mixin.py:104} INFO - [2021-07-19 00:15:31,988] {dag.py:1833} INFO - Sync 1 DAGs
[2021-07-19 00:15:32,003] {logging_mixin.py:104} INFO - [2021-07-19 00:15:32,003] {dag.py:2306} INFO - Setting next_dagrun for example_dag_decorator to None
[2021-07-19 00:15:32,049] {scheduler_job.py:189} INFO - Processing /home/airflow/.local/lib/python3.6/site-packages/airflow/example_dags/example_dag_decorator.py took 0.394 seconds
[2021-07-19 00:16:03,006] {scheduler_job.py:181} INFO - Started process (PID=2342) to work on /home/airflow/.local/lib/python3.6/site-packages/airflow/example_dags/example_dag_decorator.py
[2021-07-19 00:16:03,009] {scheduler_job.py:632} INFO - Processing file /home/airflow/.local/lib/python3.6/site-packages/airflow/example_dags/example_dag_decorator.py for tasks to queue
[2021-07-19 00:16:03,011] {logging_mixin.py:104} INFO - [2021-07-19 00:16:03,010] {dagbag.py:496} INFO - Filling up the DagBag from /home/airflow/.local/lib/python3.6/site-packages/airflow/example_dags/example_dag_decorator.py
[2021-07-19 00:16:03,034] {scheduler_job.py:642} INFO - DAG(s) dict_keys(['example_dag_decorator']) retrieved from /home/airflow/.local/lib/python3.6/site-packages/airflow/example_dags/example_dag_decorator.py
[2021-07-19 00:16:03,063] {logging_mixin.py:104} INFO - [2021-07-19 00:16:03,063] {dag.py:1833} INFO - Sync 1 DAGs
[2021-07-19 00:16:03,082] {logging_mixin.py:104} INFO - [2021-07-19 00:16:03,082] {dag.py:2306} INFO - Setting next_dagrun for example_dag_decorator to None
[2021-07-19 00:16:03,154] {scheduler_job.py:189} INFO - Processing /home/airflow/.local/lib/python3.6/site-packages/airflow/example_dags/example_dag_decorator.py took 0.158 seconds
[2021-07-19 00:16:33,583] {scheduler_job.py:181} INFO - Started process (PID=2410) to work on /home/airflow/.local/lib/python3.6/site-packages/airflow/example_dags/example_dag_decorator.py
[2021-07-19 00:16:33,587] {scheduler_job.py:632} INFO - Processing file /home/airflow/.local/lib/python3.6/site-packages/airflow/example_dags/example_dag_decorator.py for tasks to queue
[2021-07-19 00:16:33,589] {logging_mixin.py:104} INFO - [2021-07-19 00:16:33,588] {dagbag.py:496} INFO - Filling up the DagBag from /home/airflow/.local/lib/python3.6/site-packages/airflow/example_dags/example_dag_decorator.py
[2021-07-19 00:16:33,637] {scheduler_job.py:642} INFO - DAG(s) dict_keys(['example_dag_decorator']) retrieved from /home/airflow/.local/lib/python3.6/site-packages/airflow/example_dags/example_dag_decorator.py
[2021-07-19 00:16:33,940] {logging_mixin.py:104} INFO - [2021-07-19 00:16:33,940] {dag.py:1833} INFO - Sync 1 DAGs
[2021-07-19 00:16:33,958] {logging_mixin.py:104} INFO - [2021-07-19 00:16:33,958] {dag.py:2306} INFO - Setting next_dagrun for example_dag_decorator to None
[2021-07-19 00:16:34,060] {scheduler_job.py:189} INFO - Processing /home/airflow/.local/lib/python3.6/site-packages/airflow/example_dags/example_dag_decorator.py took 0.496 seconds
[2021-07-19 00:17:04,465] {scheduler_job.py:181} INFO - Started process (PID=2467) to work on /home/airflow/.local/lib/python3.6/site-packages/airflow/example_dags/example_dag_decorator.py
[2021-07-19 00:17:04,467] {scheduler_job.py:632} INFO - Processing file /home/airflow/.local/lib/python3.6/site-packages/airflow/example_dags/example_dag_decorator.py for tasks to queue
[2021-07-19 00:17:04,470] {logging_mixin.py:104} INFO - [2021-07-19 00:17:04,470] {dagbag.py:496} INFO - Filling up the DagBag from /home/airflow/.local/lib/python3.6/site-packages/airflow/example_dags/example_dag_decorator.py
[2021-07-19 00:17:04,504] {scheduler_job.py:642} INFO - DAG(s) dict_keys(['example_dag_decorator']) retrieved from /home/airflow/.local/lib/python3.6/site-packages/airflow/example_dags/example_dag_decorator.py
[2021-07-19 00:17:04,825] {logging_mixin.py:104} INFO - [2021-07-19 00:17:04,825] {dag.py:1833} INFO - Sync 1 DAGs
[2021-07-19 00:17:04,845] {logging_mixin.py:104} INFO - [2021-07-19 00:17:04,844] {dag.py:2306} INFO - Setting next_dagrun for example_dag_decorator to None
[2021-07-19 00:17:05,053] {scheduler_job.py:189} INFO - Processing /home/airflow/.local/lib/python3.6/site-packages/airflow/example_dags/example_dag_decorator.py took 0.593 seconds
[2021-07-19 00:17:35,894] {scheduler_job.py:181} INFO - Started process (PID=2525) to work on /home/airflow/.local/lib/python3.6/site-packages/airflow/example_dags/example_dag_decorator.py
[2021-07-19 00:17:35,896] {scheduler_job.py:632} INFO - Processing file /home/airflow/.local/lib/python3.6/site-packages/airflow/example_dags/example_dag_decorator.py for tasks to queue
[2021-07-19 00:17:35,898] {logging_mixin.py:104} INFO - [2021-07-19 00:17:35,897] {dagbag.py:496} INFO - Filling up the DagBag from /home/airflow/.local/lib/python3.6/site-packages/airflow/example_dags/example_dag_decorator.py
[2021-07-19 00:17:35,928] {scheduler_job.py:642} INFO - DAG(s) dict_keys(['example_dag_decorator']) retrieved from /home/airflow/.local/lib/python3.6/site-packages/airflow/example_dags/example_dag_decorator.py
[2021-07-19 00:17:36,195] {logging_mixin.py:104} INFO - [2021-07-19 00:17:36,195] {dag.py:1833} INFO - Sync 1 DAGs
[2021-07-19 00:17:36,211] {logging_mixin.py:104} INFO - [2021-07-19 00:17:36,210] {dag.py:2306} INFO - Setting next_dagrun for example_dag_decorator to None
[2021-07-19 00:17:36,351] {scheduler_job.py:189} INFO - Processing /home/airflow/.local/lib/python3.6/site-packages/airflow/example_dags/example_dag_decorator.py took 0.462 seconds
[2021-07-19 00:18:06,433] {scheduler_job.py:181} INFO - Started process (PID=2583) to work on /home/airflow/.local/lib/python3.6/site-packages/airflow/example_dags/example_dag_decorator.py
[2021-07-19 00:18:06,435] {scheduler_job.py:632} INFO - Processing file /home/airflow/.local/lib/python3.6/site-packages/airflow/example_dags/example_dag_decorator.py for tasks to queue
[2021-07-19 00:18:06,437] {logging_mixin.py:104} INFO - [2021-07-19 00:18:06,436] {dagbag.py:496} INFO - Filling up the DagBag from /home/airflow/.local/lib/python3.6/site-packages/airflow/example_dags/example_dag_decorator.py
[2021-07-19 00:18:06,463] {scheduler_job.py:642} INFO - DAG(s) dict_keys(['example_dag_decorator']) retrieved from /home/airflow/.local/lib/python3.6/site-packages/airflow/example_dags/example_dag_decorator.py
[2021-07-19 00:18:06,850] {logging_mixin.py:104} INFO - [2021-07-19 00:18:06,850] {dag.py:1833} INFO - Sync 1 DAGs
[2021-07-19 00:18:06,867] {logging_mixin.py:104} INFO - [2021-07-19 00:18:06,867] {dag.py:2306} INFO - Setting next_dagrun for example_dag_decorator to None
[2021-07-19 00:18:07,078] {scheduler_job.py:189} INFO - Processing /home/airflow/.local/lib/python3.6/site-packages/airflow/example_dags/example_dag_decorator.py took 0.649 seconds
[2021-07-19 00:18:41,226] {scheduler_job.py:181} INFO - Started process (PID=2649) to work on /home/airflow/.local/lib/python3.6/site-packages/airflow/example_dags/example_dag_decorator.py
[2021-07-19 00:18:41,336] {scheduler_job.py:632} INFO - Processing file /home/airflow/.local/lib/python3.6/site-packages/airflow/example_dags/example_dag_decorator.py for tasks to queue
[2021-07-19 00:18:41,342] {logging_mixin.py:104} INFO - [2021-07-19 00:18:41,341] {dagbag.py:496} INFO - Filling up the DagBag from /home/airflow/.local/lib/python3.6/site-packages/airflow/example_dags/example_dag_decorator.py
[2021-07-19 00:18:41,433] {scheduler_job.py:642} INFO - DAG(s) dict_keys(['example_dag_decorator']) retrieved from /home/airflow/.local/lib/python3.6/site-packages/airflow/example_dags/example_dag_decorator.py
[2021-07-19 00:18:42,804] {logging_mixin.py:104} INFO - [2021-07-19 00:18:42,804] {dag.py:1833} INFO - Sync 1 DAGs
[2021-07-19 00:18:42,825] {logging_mixin.py:104} INFO - [2021-07-19 00:18:42,825] {dag.py:2306} INFO - Setting next_dagrun for example_dag_decorator to None
[2021-07-19 00:18:43,191] {scheduler_job.py:189} INFO - Processing /home/airflow/.local/lib/python3.6/site-packages/airflow/example_dags/example_dag_decorator.py took 1.990 seconds
[2021-07-19 00:19:13,357] {scheduler_job.py:181} INFO - Started process (PID=2705) to work on /home/airflow/.local/lib/python3.6/site-packages/airflow/example_dags/example_dag_decorator.py
[2021-07-19 00:19:13,360] {scheduler_job.py:632} INFO - Processing file /home/airflow/.local/lib/python3.6/site-packages/airflow/example_dags/example_dag_decorator.py for tasks to queue
[2021-07-19 00:19:13,361] {logging_mixin.py:104} INFO - [2021-07-19 00:19:13,361] {dagbag.py:496} INFO - Filling up the DagBag from /home/airflow/.local/lib/python3.6/site-packages/airflow/example_dags/example_dag_decorator.py
[2021-07-19 00:19:13,390] {scheduler_job.py:642} INFO - DAG(s) dict_keys(['example_dag_decorator']) retrieved from /home/airflow/.local/lib/python3.6/site-packages/airflow/example_dags/example_dag_decorator.py
[2021-07-19 00:19:13,700] {logging_mixin.py:104} INFO - [2021-07-19 00:19:13,700] {dag.py:1833} INFO - Sync 1 DAGs
[2021-07-19 00:19:13,719] {logging_mixin.py:104} INFO - [2021-07-19 00:19:13,718] {dag.py:2306} INFO - Setting next_dagrun for example_dag_decorator to None
[2021-07-19 00:19:13,899] {scheduler_job.py:189} INFO - Processing /home/airflow/.local/lib/python3.6/site-packages/airflow/example_dags/example_dag_decorator.py took 0.547 seconds
[2021-07-19 00:19:44,185] {scheduler_job.py:181} INFO - Started process (PID=2762) to work on /home/airflow/.local/lib/python3.6/site-packages/airflow/example_dags/example_dag_decorator.py
[2021-07-19 00:19:44,187] {scheduler_job.py:632} INFO - Processing file /home/airflow/.local/lib/python3.6/site-packages/airflow/example_dags/example_dag_decorator.py for tasks to queue
[2021-07-19 00:19:44,188] {logging_mixin.py:104} INFO - [2021-07-19 00:19:44,188] {dagbag.py:496} INFO - Filling up the DagBag from /home/airflow/.local/lib/python3.6/site-packages/airflow/example_dags/example_dag_decorator.py
[2021-07-19 00:19:44,213] {scheduler_job.py:642} INFO - DAG(s) dict_keys(['example_dag_decorator']) retrieved from /home/airflow/.local/lib/python3.6/site-packages/airflow/example_dags/example_dag_decorator.py
[2021-07-19 00:19:44,243] {logging_mixin.py:104} INFO - [2021-07-19 00:19:44,242] {dag.py:1833} INFO - Sync 1 DAGs
[2021-07-19 00:19:44,263] {logging_mixin.py:104} INFO - [2021-07-19 00:19:44,262] {dag.py:2306} INFO - Setting next_dagrun for example_dag_decorator to None
[2021-07-19 00:19:44,429] {scheduler_job.py:189} INFO - Processing /home/airflow/.local/lib/python3.6/site-packages/airflow/example_dags/example_dag_decorator.py took 0.248 seconds
[2021-07-19 00:20:18,915] {scheduler_job.py:181} INFO - Started process (PID=2829) to work on /home/airflow/.local/lib/python3.6/site-packages/airflow/example_dags/example_dag_decorator.py
[2021-07-19 00:20:18,917] {scheduler_job.py:632} INFO - Processing file /home/airflow/.local/lib/python3.6/site-packages/airflow/example_dags/example_dag_decorator.py for tasks to queue
[2021-07-19 00:20:18,918] {logging_mixin.py:104} INFO - [2021-07-19 00:20:18,918] {dagbag.py:496} INFO - Filling up the DagBag from /home/airflow/.local/lib/python3.6/site-packages/airflow/example_dags/example_dag_decorator.py
[2021-07-19 00:20:18,946] {scheduler_job.py:642} INFO - DAG(s) dict_keys(['example_dag_decorator']) retrieved from /home/airflow/.local/lib/python3.6/site-packages/airflow/example_dags/example_dag_decorator.py
[2021-07-19 00:20:19,263] {logging_mixin.py:104} INFO - [2021-07-19 00:20:19,263] {dag.py:1833} INFO - Sync 1 DAGs
[2021-07-19 00:20:19,283] {logging_mixin.py:104} INFO - [2021-07-19 00:20:19,282] {dag.py:2306} INFO - Setting next_dagrun for example_dag_decorator to None
[2021-07-19 00:20:19,577] {scheduler_job.py:189} INFO - Processing /home/airflow/.local/lib/python3.6/site-packages/airflow/example_dags/example_dag_decorator.py took 0.667 seconds
[2021-07-19 00:20:50,191] {scheduler_job.py:181} INFO - Started process (PID=2888) to work on /home/airflow/.local/lib/python3.6/site-packages/airflow/example_dags/example_dag_decorator.py
[2021-07-19 00:20:50,193] {scheduler_job.py:632} INFO - Processing file /home/airflow/.local/lib/python3.6/site-packages/airflow/example_dags/example_dag_decorator.py for tasks to queue
[2021-07-19 00:20:50,195] {logging_mixin.py:104} INFO - [2021-07-19 00:20:50,194] {dagbag.py:496} INFO - Filling up the DagBag from /home/airflow/.local/lib/python3.6/site-packages/airflow/example_dags/example_dag_decorator.py
[2021-07-19 00:20:50,217] {scheduler_job.py:642} INFO - DAG(s) dict_keys(['example_dag_decorator']) retrieved from /home/airflow/.local/lib/python3.6/site-packages/airflow/example_dags/example_dag_decorator.py
[2021-07-19 00:20:50,243] {logging_mixin.py:104} INFO - [2021-07-19 00:20:50,243] {dag.py:1833} INFO - Sync 1 DAGs
[2021-07-19 00:20:50,260] {logging_mixin.py:104} INFO - [2021-07-19 00:20:50,260] {dag.py:2306} INFO - Setting next_dagrun for example_dag_decorator to None
[2021-07-19 00:20:50,576] {scheduler_job.py:189} INFO - Processing /home/airflow/.local/lib/python3.6/site-packages/airflow/example_dags/example_dag_decorator.py took 0.389 seconds
[2021-07-19 00:21:21,665] {scheduler_job.py:181} INFO - Started process (PID=2942) to work on /home/airflow/.local/lib/python3.6/site-packages/airflow/example_dags/example_dag_decorator.py
[2021-07-19 00:21:21,667] {scheduler_job.py:632} INFO - Processing file /home/airflow/.local/lib/python3.6/site-packages/airflow/example_dags/example_dag_decorator.py for tasks to queue
[2021-07-19 00:21:21,668] {logging_mixin.py:104} INFO - [2021-07-19 00:21:21,668] {dagbag.py:496} INFO - Filling up the DagBag from /home/airflow/.local/lib/python3.6/site-packages/airflow/example_dags/example_dag_decorator.py
[2021-07-19 00:21:21,699] {scheduler_job.py:642} INFO - DAG(s) dict_keys(['example_dag_decorator']) retrieved from /home/airflow/.local/lib/python3.6/site-packages/airflow/example_dags/example_dag_decorator.py
[2021-07-19 00:21:21,967] {logging_mixin.py:104} INFO - [2021-07-19 00:21:21,966] {dag.py:1833} INFO - Sync 1 DAGs
[2021-07-19 00:21:21,985] {logging_mixin.py:104} INFO - [2021-07-19 00:21:21,984] {dag.py:2306} INFO - Setting next_dagrun for example_dag_decorator to None
[2021-07-19 00:21:22,433] {scheduler_job.py:189} INFO - Processing /home/airflow/.local/lib/python3.6/site-packages/airflow/example_dags/example_dag_decorator.py took 0.774 seconds
[2021-07-19 00:21:52,604] {scheduler_job.py:181} INFO - Started process (PID=2998) to work on /home/airflow/.local/lib/python3.6/site-packages/airflow/example_dags/example_dag_decorator.py
[2021-07-19 00:21:52,607] {scheduler_job.py:632} INFO - Processing file /home/airflow/.local/lib/python3.6/site-packages/airflow/example_dags/example_dag_decorator.py for tasks to queue
[2021-07-19 00:21:52,609] {logging_mixin.py:104} INFO - [2021-07-19 00:21:52,609] {dagbag.py:496} INFO - Filling up the DagBag from /home/airflow/.local/lib/python3.6/site-packages/airflow/example_dags/example_dag_decorator.py
[2021-07-19 00:21:52,669] {scheduler_job.py:642} INFO - DAG(s) dict_keys(['example_dag_decorator']) retrieved from /home/airflow/.local/lib/python3.6/site-packages/airflow/example_dags/example_dag_decorator.py
[2021-07-19 00:21:53,010] {logging_mixin.py:104} INFO - [2021-07-19 00:21:53,010] {dag.py:1833} INFO - Sync 1 DAGs
[2021-07-19 00:21:53,026] {logging_mixin.py:104} INFO - [2021-07-19 00:21:53,026] {dag.py:2306} INFO - Setting next_dagrun for example_dag_decorator to None
[2021-07-19 00:21:53,304] {scheduler_job.py:189} INFO - Processing /home/airflow/.local/lib/python3.6/site-packages/airflow/example_dags/example_dag_decorator.py took 0.709 seconds
[2021-07-19 00:22:24,321] {scheduler_job.py:181} INFO - Started process (PID=3054) to work on /home/airflow/.local/lib/python3.6/site-packages/airflow/example_dags/example_dag_decorator.py
[2021-07-19 00:22:24,323] {scheduler_job.py:632} INFO - Processing file /home/airflow/.local/lib/python3.6/site-packages/airflow/example_dags/example_dag_decorator.py for tasks to queue
[2021-07-19 00:22:24,326] {logging_mixin.py:104} INFO - [2021-07-19 00:22:24,325] {dagbag.py:496} INFO - Filling up the DagBag from /home/airflow/.local/lib/python3.6/site-packages/airflow/example_dags/example_dag_decorator.py
[2021-07-19 00:22:24,353] {scheduler_job.py:642} INFO - DAG(s) dict_keys(['example_dag_decorator']) retrieved from /home/airflow/.local/lib/python3.6/site-packages/airflow/example_dags/example_dag_decorator.py
[2021-07-19 00:22:24,640] {logging_mixin.py:104} INFO - [2021-07-19 00:22:24,640] {dag.py:1833} INFO - Sync 1 DAGs
[2021-07-19 00:22:24,660] {logging_mixin.py:104} INFO - [2021-07-19 00:22:24,660] {dag.py:2306} INFO - Setting next_dagrun for example_dag_decorator to None
[2021-07-19 00:22:24,852] {scheduler_job.py:189} INFO - Processing /home/airflow/.local/lib/python3.6/site-packages/airflow/example_dags/example_dag_decorator.py took 0.536 seconds
[2021-07-19 00:22:55,073] {scheduler_job.py:181} INFO - Started process (PID=3123) to work on /home/airflow/.local/lib/python3.6/site-packages/airflow/example_dags/example_dag_decorator.py
[2021-07-19 00:22:55,076] {scheduler_job.py:632} INFO - Processing file /home/airflow/.local/lib/python3.6/site-packages/airflow/example_dags/example_dag_decorator.py for tasks to queue
[2021-07-19 00:22:55,077] {logging_mixin.py:104} INFO - [2021-07-19 00:22:55,077] {dagbag.py:496} INFO - Filling up the DagBag from /home/airflow/.local/lib/python3.6/site-packages/airflow/example_dags/example_dag_decorator.py
[2021-07-19 00:22:55,107] {scheduler_job.py:642} INFO - DAG(s) dict_keys(['example_dag_decorator']) retrieved from /home/airflow/.local/lib/python3.6/site-packages/airflow/example_dags/example_dag_decorator.py
[2021-07-19 00:22:55,135] {logging_mixin.py:104} INFO - [2021-07-19 00:22:55,135] {dag.py:1833} INFO - Sync 1 DAGs
[2021-07-19 00:22:55,168] {logging_mixin.py:104} INFO - [2021-07-19 00:22:55,168] {dag.py:2306} INFO - Setting next_dagrun for example_dag_decorator to None
[2021-07-19 00:22:55,275] {scheduler_job.py:189} INFO - Processing /home/airflow/.local/lib/python3.6/site-packages/airflow/example_dags/example_dag_decorator.py took 0.207 seconds
[2021-07-19 00:23:27,035] {scheduler_job.py:181} INFO - Started process (PID=3179) to work on /home/airflow/.local/lib/python3.6/site-packages/airflow/example_dags/example_dag_decorator.py
[2021-07-19 00:23:27,038] {scheduler_job.py:632} INFO - Processing file /home/airflow/.local/lib/python3.6/site-packages/airflow/example_dags/example_dag_decorator.py for tasks to queue
[2021-07-19 00:23:27,039] {logging_mixin.py:104} INFO - [2021-07-19 00:23:27,039] {dagbag.py:496} INFO - Filling up the DagBag from /home/airflow/.local/lib/python3.6/site-packages/airflow/example_dags/example_dag_decorator.py
[2021-07-19 00:23:27,066] {scheduler_job.py:642} INFO - DAG(s) dict_keys(['example_dag_decorator']) retrieved from /home/airflow/.local/lib/python3.6/site-packages/airflow/example_dags/example_dag_decorator.py
[2021-07-19 00:23:27,353] {logging_mixin.py:104} INFO - [2021-07-19 00:23:27,353] {dag.py:1833} INFO - Sync 1 DAGs
[2021-07-19 00:23:27,372] {logging_mixin.py:104} INFO - [2021-07-19 00:23:27,372] {dag.py:2306} INFO - Setting next_dagrun for example_dag_decorator to None
[2021-07-19 00:23:28,134] {scheduler_job.py:189} INFO - Processing /home/airflow/.local/lib/python3.6/site-packages/airflow/example_dags/example_dag_decorator.py took 1.103 seconds
                                                                                                                                                                                                                                                                                                                                                                                                                                                                                                                                                                                                                                                                                                                                                                                                                                                                                                                                                                                                                                                                                                                                                                                                                                                                                                                                                                                                                                                                                                                                                                                                                                                                                                                                                                                                                                                                                                                                                                                                                                                                                                                                                                                                                                                                                                                                                                                                                                                                                                                                                                                                                                                                                                                                                                                                                                                                                                                                                                                                                                                                                                                                                                                                                                                                                                                                                                                                                                                                                                                                                                                                                                                                                                                                                                                                                                                                                                                                                                                                                                                                                                                                                                                                                                                                                                                                                                                                                                                                                                                                                                                                                                                                                                                                                                                                                                                                                                                                                                                                                                                                                                                                                                                                                                                                                                                                                                                                                                                                                                                                                                                                                                                                                                                                                                                                                                                                                                                                                                                                                                                                                                                                                                                                                                                                                                                                                                                                                                                                                                                                                                                     