[2021-07-19 00:00:11,623] {scheduler_job.py:181} INFO - Started process (PID=483) to work on /home/airflow/.local/lib/python3.6/site-packages/airflow/example_dags/example_task_group_decorator.py
[2021-07-19 00:00:11,658] {scheduler_job.py:632} INFO - Processing file /home/airflow/.local/lib/python3.6/site-packages/airflow/example_dags/example_task_group_decorator.py for tasks to queue
[2021-07-19 00:00:11,661] {logging_mixin.py:104} INFO - [2021-07-19 00:00:11,661] {dagbag.py:496} INFO - Filling up the DagBag from /home/airflow/.local/lib/python3.6/site-packages/airflow/example_dags/example_task_group_decorator.py
[2021-07-19 00:00:11,737] {scheduler_job.py:642} INFO - DAG(s) dict_keys(['example_task_group_decorator']) retrieved from /home/airflow/.local/lib/python3.6/site-packages/airflow/example_dags/example_task_group_decorator.py
[2021-07-19 00:00:12,098] {logging_mixin.py:104} INFO - [2021-07-19 00:00:12,098] {dag.py:1833} INFO - Sync 1 DAGs
[2021-07-19 00:00:12,123] {logging_mixin.py:104} INFO - [2021-07-19 00:00:12,122] {dag.py:2306} INFO - Setting next_dagrun for example_task_group_decorator to 2021-07-17 00:00:00+00:00
[2021-07-19 00:00:12,448] {scheduler_job.py:189} INFO - Processing /home/airflow/.local/lib/python3.6/site-packages/airflow/example_dags/example_task_group_decorator.py took 0.833 seconds
[2021-07-19 00:00:42,769] {scheduler_job.py:181} INFO - Started process (PID=540) to work on /home/airflow/.local/lib/python3.6/site-packages/airflow/example_dags/example_task_group_decorator.py
[2021-07-19 00:00:42,772] {scheduler_job.py:632} INFO - Processing file /home/airflow/.local/lib/python3.6/site-packages/airflow/example_dags/example_task_group_decorator.py for tasks to queue
[2021-07-19 00:00:42,774] {logging_mixin.py:104} INFO - [2021-07-19 00:00:42,773] {dagbag.py:496} INFO - Filling up the DagBag from /home/airflow/.local/lib/python3.6/site-packages/airflow/example_dags/example_task_group_decorator.py
[2021-07-19 00:00:42,817] {scheduler_job.py:642} INFO - DAG(s) dict_keys(['example_task_group_decorator']) retrieved from /home/airflow/.local/lib/python3.6/site-packages/airflow/example_dags/example_task_group_decorator.py
[2021-07-19 00:00:43,165] {logging_mixin.py:104} INFO - [2021-07-19 00:00:43,165] {dag.py:1833} INFO - Sync 1 DAGs
[2021-07-19 00:00:43,188] {logging_mixin.py:104} INFO - [2021-07-19 00:00:43,188] {dag.py:2306} INFO - Setting next_dagrun for example_task_group_decorator to 2021-07-17 00:00:00+00:00
[2021-07-19 00:00:43,251] {scheduler_job.py:189} INFO - Processing /home/airflow/.local/lib/python3.6/site-packages/airflow/example_dags/example_task_group_decorator.py took 0.488 seconds
[2021-07-19 00:01:13,435] {scheduler_job.py:181} INFO - Started process (PID=607) to work on /home/airflow/.local/lib/python3.6/site-packages/airflow/example_dags/example_task_group_decorator.py
[2021-07-19 00:01:13,437] {scheduler_job.py:632} INFO - Processing file /home/airflow/.local/lib/python3.6/site-packages/airflow/example_dags/example_task_group_decorator.py for tasks to queue
[2021-07-19 00:01:13,438] {logging_mixin.py:104} INFO - [2021-07-19 00:01:13,438] {dagbag.py:496} INFO - Filling up the DagBag from /home/airflow/.local/lib/python3.6/site-packages/airflow/example_dags/example_task_group_decorator.py
[2021-07-19 00:01:13,474] {scheduler_job.py:642} INFO - DAG(s) dict_keys(['example_task_group_decorator']) retrieved from /home/airflow/.local/lib/python3.6/site-packages/airflow/example_dags/example_task_group_decorator.py
[2021-07-19 00:01:13,759] {logging_mixin.py:104} INFO - [2021-07-19 00:01:13,759] {dag.py:1833} INFO - Sync 1 DAGs
[2021-07-19 00:01:13,782] {logging_mixin.py:104} INFO - [2021-07-19 00:01:13,782] {dag.py:2306} INFO - Setting next_dagrun for example_task_group_decorator to 2021-07-17 00:00:00+00:00
[2021-07-19 00:01:13,844] {scheduler_job.py:189} INFO - Processing /home/airflow/.local/lib/python3.6/site-packages/airflow/example_dags/example_task_group_decorator.py took 0.412 seconds
[2021-07-19 00:01:44,420] {scheduler_job.py:181} INFO - Started process (PID=663) to work on /home/airflow/.local/lib/python3.6/site-packages/airflow/example_dags/example_task_group_decorator.py
[2021-07-19 00:01:44,423] {scheduler_job.py:632} INFO - Processing file /home/airflow/.local/lib/python3.6/site-packages/airflow/example_dags/example_task_group_decorator.py for tasks to queue
[2021-07-19 00:01:44,425] {logging_mixin.py:104} INFO - [2021-07-19 00:01:44,425] {dagbag.py:496} INFO - Filling up the DagBag from /home/airflow/.local/lib/python3.6/site-packages/airflow/example_dags/example_task_group_decorator.py
[2021-07-19 00:01:44,468] {scheduler_job.py:642} INFO - DAG(s) dict_keys(['example_task_group_decorator']) retrieved from /home/airflow/.local/lib/python3.6/site-packages/airflow/example_dags/example_task_group_decorator.py
[2021-07-19 00:01:44,767] {logging_mixin.py:104} INFO - [2021-07-19 00:01:44,766] {dag.py:1833} INFO - Sync 1 DAGs
[2021-07-19 00:01:44,785] {logging_mixin.py:104} INFO - [2021-07-19 00:01:44,785] {dag.py:2306} INFO - Setting next_dagrun for example_task_group_decorator to 2021-07-17 00:00:00+00:00
[2021-07-19 00:01:44,863] {scheduler_job.py:189} INFO - Processing /home/airflow/.local/lib/python3.6/site-packages/airflow/example_dags/example_task_group_decorator.py took 0.448 seconds
[2021-07-19 00:02:15,194] {scheduler_job.py:181} INFO - Started process (PID=732) to work on /home/airflow/.local/lib/python3.6/site-packages/airflow/example_dags/example_task_group_decorator.py
[2021-07-19 00:02:15,196] {scheduler_job.py:632} INFO - Processing file /home/airflow/.local/lib/python3.6/site-packages/airflow/example_dags/example_task_group_decorator.py for tasks to queue
[2021-07-19 00:02:15,197] {logging_mixin.py:104} INFO - [2021-07-19 00:02:15,197] {dagbag.py:496} INFO - Filling up the DagBag from /home/airflow/.local/lib/python3.6/site-packages/airflow/example_dags/example_task_group_decorator.py
[2021-07-19 00:02:15,242] {scheduler_job.py:642} INFO - DAG(s) dict_keys(['example_task_group_decorator']) retrieved from /home/airflow/.local/lib/python3.6/site-packages/airflow/example_dags/example_task_group_decorator.py
[2021-07-19 00:02:15,576] {logging_mixin.py:104} INFO - [2021-07-19 00:02:15,575] {dag.py:1833} INFO - Sync 1 DAGs
[2021-07-19 00:02:15,599] {logging_mixin.py:104} INFO - [2021-07-19 00:02:15,599] {dag.py:2306} INFO - Setting next_dagrun for example_task_group_decorator to 2021-07-17 00:00:00+00:00
[2021-07-19 00:02:15,696] {scheduler_job.py:189} INFO - Processing /home/airflow/.local/lib/python3.6/site-packages/airflow/example_dags/example_task_group_decorator.py took 0.506 seconds
[2021-07-19 00:02:45,870] {scheduler_job.py:181} INFO - Started process (PID=793) to work on /home/airflow/.local/lib/python3.6/site-packages/airflow/example_dags/example_task_group_decorator.py
[2021-07-19 00:02:45,876] {scheduler_job.py:632} INFO - Processing file /home/airflow/.local/lib/python3.6/site-packages/airflow/example_dags/example_task_group_decorator.py for tasks to queue
[2021-07-19 00:02:45,877] {logging_mixin.py:104} INFO - [2021-07-19 00:02:45,877] {dagbag.py:496} INFO - Filling up the DagBag from /home/airflow/.local/lib/python3.6/site-packages/airflow/example_dags/example_task_group_decorator.py
[2021-07-19 00:02:45,932] {scheduler_job.py:642} INFO - DAG(s) dict_keys(['example_task_group_decorator']) retrieved from /home/airflow/.local/lib/python3.6/site-packages/airflow/example_dags/example_task_group_decorator.py
[2021-07-19 00:02:46,271] {logging_mixin.py:104} INFO - [2021-07-19 00:02:46,271] {dag.py:1833} INFO - Sync 1 DAGs
[2021-07-19 00:02:46,290] {logging_mixin.py:104} INFO - [2021-07-19 00:02:46,290] {dag.py:2306} INFO - Setting next_dagrun for example_task_group_decorator to 2021-07-17 00:00:00+00:00
[2021-07-19 00:02:46,337] {scheduler_job.py:189} INFO - Processing /home/airflow/.local/lib/python3.6/site-packages/airflow/example_dags/example_task_group_decorator.py took 0.474 seconds
[2021-07-19 00:03:17,420] {scheduler_job.py:181} INFO - Started process (PID=850) to work on /home/airflow/.local/lib/python3.6/site-packages/airflow/example_dags/example_task_group_decorator.py
[2021-07-19 00:03:17,423] {scheduler_job.py:632} INFO - Processing file /home/airflow/.local/lib/python3.6/site-packages/airflow/example_dags/example_task_group_decorator.py for tasks to queue
[2021-07-19 00:03:17,424] {logging_mixin.py:104} INFO - [2021-07-19 00:03:17,424] {dagbag.py:496} INFO - Filling up the DagBag from /home/airflow/.local/lib/python3.6/site-packages/airflow/example_dags/example_task_group_decorator.py
[2021-07-19 00:03:17,467] {scheduler_job.py:642} INFO - DAG(s) dict_keys(['example_task_group_decorator']) retrieved from /home/airflow/.local/lib/python3.6/site-packages/airflow/example_dags/example_task_group_decorator.py
[2021-07-19 00:03:17,893] {logging_mixin.py:104} INFO - [2021-07-19 00:03:17,893] {dag.py:1833} INFO - Sync 1 DAGs
[2021-07-19 00:03:17,961] {logging_mixin.py:104} INFO - [2021-07-19 00:03:17,961] {dag.py:2306} INFO - Setting next_dagrun for example_task_group_decorator to 2021-07-17 00:00:00+00:00
[2021-07-19 00:03:18,072] {scheduler_job.py:189} INFO - Processing /home/airflow/.local/lib/python3.6/site-packages/airflow/example_dags/example_task_group_decorator.py took 0.659 seconds
[2021-07-19 00:03:48,310] {scheduler_job.py:181} INFO - Started process (PID=917) to work on /home/airflow/.local/lib/python3.6/site-packages/airflow/example_dags/example_task_group_decorator.py
[2021-07-19 00:03:48,312] {scheduler_job.py:632} INFO - Processing file /home/airflow/.local/lib/python3.6/site-packages/airflow/example_dags/example_task_group_decorator.py for tasks to queue
[2021-07-19 00:03:48,313] {logging_mixin.py:104} INFO - [2021-07-19 00:03:48,313] {dagbag.py:496} INFO - Filling up the DagBag from /home/airflow/.local/lib/python3.6/site-packages/airflow/example_dags/example_task_group_decorator.py
[2021-07-19 00:03:48,350] {scheduler_job.py:642} INFO - DAG(s) dict_keys(['example_task_group_decorator']) retrieved from /home/airflow/.local/lib/python3.6/site-packages/airflow/example_dags/example_task_group_decorator.py
[2021-07-19 00:03:48,611] {logging_mixin.py:104} INFO - [2021-07-19 00:03:48,611] {dag.py:1833} INFO - Sync 1 DAGs
[2021-07-19 00:03:48,629] {logging_mixin.py:104} INFO - [2021-07-19 00:03:48,629] {dag.py:2306} INFO - Setting next_dagrun for example_task_group_decorator to 2021-07-17 00:00:00+00:00
[2021-07-19 00:03:48,708] {scheduler_job.py:189} INFO - Processing /home/airflow/.local/lib/python3.6/site-packages/airflow/example_dags/example_task_group_decorator.py took 0.403 seconds
[2021-07-19 00:04:19,037] {scheduler_job.py:181} INFO - Started process (PID=972) to work on /home/airflow/.local/lib/python3.6/site-packages/airflow/example_dags/example_task_group_decorator.py
[2021-07-19 00:04:19,039] {scheduler_job.py:632} INFO - Processing file /home/airflow/.local/lib/python3.6/site-packages/airflow/example_dags/example_task_group_decorator.py for tasks to queue
[2021-07-19 00:04:19,041] {logging_mixin.py:104} INFO - [2021-07-19 00:04:19,040] {dagbag.py:496} INFO - Filling up the DagBag from /home/airflow/.local/lib/python3.6/site-packages/airflow/example_dags/example_task_group_decorator.py
[2021-07-19 00:04:19,086] {scheduler_job.py:642} INFO - DAG(s) dict_keys(['example_task_group_decorator']) retrieved from /home/airflow/.local/lib/python3.6/site-packages/airflow/example_dags/example_task_group_decorator.py
[2021-07-19 00:04:19,416] {logging_mixin.py:104} INFO - [2021-07-19 00:04:19,416] {dag.py:1833} INFO - Sync 1 DAGs
[2021-07-19 00:04:19,436] {logging_mixin.py:104} INFO - [2021-07-19 00:04:19,436] {dag.py:2306} INFO - Setting next_dagrun for example_task_group_decorator to 2021-07-17 00:00:00+00:00
[2021-07-19 00:04:19,498] {scheduler_job.py:189} INFO - Processing /home/airflow/.local/lib/python3.6/site-packages/airflow/example_dags/example_task_group_decorator.py took 0.465 seconds
[2021-07-19 00:04:49,897] {scheduler_job.py:181} INFO - Started process (PID=1040) to work on /home/airflow/.local/lib/python3.6/site-packages/airflow/example_dags/example_task_group_decorator.py
[2021-07-19 00:04:49,900] {scheduler_job.py:632} INFO - Processing file /home/airflow/.local/lib/python3.6/site-packages/airflow/example_dags/example_task_group_decorator.py for tasks to queue
[2021-07-19 00:04:49,901] {logging_mixin.py:104} INFO - [2021-07-19 00:04:49,901] {dagbag.py:496} INFO - Filling up the DagBag from /home/airflow/.local/lib/python3.6/site-packages/airflow/example_dags/example_task_group_decorator.py
[2021-07-19 00:04:49,966] {scheduler_job.py:642} INFO - DAG(s) dict_keys(['example_task_group_decorator']) retrieved from /home/airflow/.local/lib/python3.6/site-packages/airflow/example_dags/example_task_group_decorator.py
[2021-07-19 00:04:50,032] {logging_mixin.py:104} INFO - [2021-07-19 00:04:50,020] {dag.py:1833} INFO - Sync 1 DAGs
[2021-07-19 00:04:50,065] {logging_mixin.py:104} INFO - [2021-07-19 00:04:50,065] {dag.py:2306} INFO - Setting next_dagrun for example_task_group_decorator to 2021-07-17 00:00:00+00:00
[2021-07-19 00:04:50,366] {scheduler_job.py:189} INFO - Processing /home/airflow/.local/lib/python3.6/site-packages/airflow/example_dags/example_task_group_decorator.py took 0.473 seconds
[2021-07-19 00:05:20,816] {scheduler_job.py:181} INFO - Started process (PID=1096) to work on /home/airflow/.local/lib/python3.6/site-packages/airflow/example_dags/example_task_group_decorator.py
[2021-07-19 00:05:20,823] {scheduler_job.py:632} INFO - Processing file /home/airflow/.local/lib/python3.6/site-packages/airflow/example_dags/example_task_group_decorator.py for tasks to queue
[2021-07-19 00:05:20,826] {logging_mixin.py:104} INFO - [2021-07-19 00:05:20,826] {dagbag.py:496} INFO - Filling up the DagBag from /home/airflow/.local/lib/python3.6/site-packages/airflow/example_dags/example_task_group_decorator.py
[2021-07-19 00:05:20,904] {scheduler_job.py:642} INFO - DAG(s) dict_keys(['example_task_group_decorator']) retrieved from /home/airflow/.local/lib/python3.6/site-packages/airflow/example_dags/example_task_group_decorator.py
[2021-07-19 00:05:21,246] {logging_mixin.py:104} INFO - [2021-07-19 00:05:21,245] {dag.py:1833} INFO - Sync 1 DAGs
[2021-07-19 00:05:21,262] {logging_mixin.py:104} INFO - [2021-07-19 00:05:21,262] {dag.py:2306} INFO - Setting next_dagrun for example_task_group_decorator to 2021-07-17 00:00:00+00:00
[2021-07-19 00:05:21,341] {scheduler_job.py:189} INFO - Processing /home/airflow/.local/lib/python3.6/site-packages/airflow/example_dags/example_task_group_decorator.py took 0.535 seconds
[2021-07-19 00:05:52,044] {scheduler_job.py:181} INFO - Started process (PID=1152) to work on /home/airflow/.local/lib/python3.6/site-packages/airflow/example_dags/example_task_group_decorator.py
[2021-07-19 00:05:52,050] {scheduler_job.py:632} INFO - Processing file /home/airflow/.local/lib/python3.6/site-packages/airflow/example_dags/example_task_group_decorator.py for tasks to queue
[2021-07-19 00:05:52,053] {logging_mixin.py:104} INFO - [2021-07-19 00:05:52,053] {dagbag.py:496} INFO - Filling up the DagBag from /home/airflow/.local/lib/python3.6/site-packages/airflow/example_dags/example_task_group_decorator.py
[2021-07-19 00:05:52,128] {scheduler_job.py:642} INFO - DAG(s) dict_keys(['example_task_group_decorator']) retrieved from /home/airflow/.local/lib/python3.6/site-packages/airflow/example_dags/example_task_group_decorator.py
[2021-07-19 00:05:52,402] {logging_mixin.py:104} INFO - [2021-07-19 00:05:52,402] {dag.py:1833} INFO - Sync 1 DAGs
[2021-07-19 00:05:52,424] {logging_mixin.py:104} INFO - [2021-07-19 00:05:52,423] {dag.py:2306} INFO - Setting next_dagrun for example_task_group_decorator to 2021-07-17 00:00:00+00:00
[2021-07-19 00:05:52,474] {scheduler_job.py:189} INFO - Processing /home/airflow/.local/lib/python3.6/site-packages/airflow/example_dags/example_task_group_decorator.py took 0.444 seconds
[2021-07-19 00:06:22,755] {scheduler_job.py:181} INFO - Started process (PID=1219) to work on /home/airflow/.local/lib/python3.6/site-packages/airflow/example_dags/example_task_group_decorator.py
[2021-07-19 00:06:22,757] {scheduler_job.py:632} INFO - Processing file /home/airflow/.local/lib/python3.6/site-packages/airflow/example_dags/example_task_group_decorator.py for tasks to queue
[2021-07-19 00:06:22,759] {logging_mixin.py:104} INFO - [2021-07-19 00:06:22,758] {dagbag.py:496} INFO - Filling up the DagBag from /home/airflow/.local/lib/python3.6/site-packages/airflow/example_dags/example_task_group_decorator.py
[2021-07-19 00:06:22,819] {scheduler_job.py:642} INFO - DAG(s) dict_keys(['example_task_group_decorator']) retrieved from /home/airflow/.local/lib/python3.6/site-packages/airflow/example_dags/example_task_group_decorator.py
[2021-07-19 00:06:23,158] {logging_mixin.py:104} INFO - [2021-07-19 00:06:23,158] {dag.py:1833} INFO - Sync 1 DAGs
[2021-07-19 00:06:23,178] {logging_mixin.py:104} INFO - [2021-07-19 00:06:23,178] {dag.py:2306} INFO - Setting next_dagrun for example_task_group_decorator to 2021-07-17 00:00:00+00:00
[2021-07-19 00:06:23,230] {scheduler_job.py:189} INFO - Processing /home/airflow/.local/lib/python3.6/site-packages/airflow/example_dags/example_task_group_decorator.py took 0.480 seconds
[2021-07-19 00:06:53,666] {scheduler_job.py:181} INFO - Started process (PID=1276) to work on /home/airflow/.local/lib/python3.6/site-packages/airflow/example_dags/example_task_group_decorator.py
[2021-07-19 00:06:53,667] {scheduler_job.py:632} INFO - Processing file /home/airflow/.local/lib/python3.6/site-packages/airflow/example_dags/example_task_group_decorator.py for tasks to queue
[2021-07-19 00:06:53,669] {logging_mixin.py:104} INFO - [2021-07-19 00:06:53,668] {dagbag.py:496} INFO - Filling up the DagBag from /home/airflow/.local/lib/python3.6/site-packages/airflow/example_dags/example_task_group_decorator.py
[2021-07-19 00:06:53,705] {scheduler_job.py:642} INFO - DAG(s) dict_keys(['example_task_group_decorator']) retrieved from /home/airflow/.local/lib/python3.6/site-packages/airflow/example_dags/example_task_group_decorator.py
[2021-07-19 00:06:53,981] {logging_mixin.py:104} INFO - [2021-07-19 00:06:53,981] {dag.py:1833} INFO - Sync 1 DAGs
[2021-07-19 00:06:54,008] {logging_mixin.py:104} INFO - [2021-07-19 00:06:54,008] {dag.py:2306} INFO - Setting next_dagrun for example_task_group_decorator to 2021-07-17 00:00:00+00:00
[2021-07-19 00:06:54,066] {scheduler_job.py:189} INFO - Processing /home/airflow/.local/lib/python3.6/site-packages/airflow/example_dags/example_task_group_decorator.py took 0.406 seconds
[2021-07-19 00:07:24,698] {scheduler_job.py:181} INFO - Started process (PID=1344) to work on /home/airflow/.local/lib/python3.6/site-packages/airflow/example_dags/example_task_group_decorator.py
[2021-07-19 00:07:24,703] {scheduler_job.py:632} INFO - Processing file /home/airflow/.local/lib/python3.6/site-packages/airflow/example_dags/example_task_group_decorator.py for tasks to queue
[2021-07-19 00:07:24,707] {logging_mixin.py:104} INFO - [2021-07-19 00:07:24,707] {dagbag.py:496} INFO - Filling up the DagBag from /home/airflow/.local/lib/python3.6/site-packages/airflow/example_dags/example_task_group_decorator.py
[2021-07-19 00:07:24,778] {scheduler_job.py:642} INFO - DAG(s) dict_keys(['example_task_group_decorator']) retrieved from /home/airflow/.local/lib/python3.6/site-packages/airflow/example_dags/example_task_group_decorator.py
[2021-07-19 00:07:25,137] {logging_mixin.py:104} INFO - [2021-07-19 00:07:25,137] {dag.py:1833} INFO - Sync 1 DAGs
[2021-07-19 00:07:25,155] {logging_mixin.py:104} INFO - [2021-07-19 00:07:25,155] {dag.py:2306} INFO - Setting next_dagrun for example_task_group_decorator to 2021-07-17 00:00:00+00:00
[2021-07-19 00:07:25,429] {scheduler_job.py:189} INFO - Processing /home/airflow/.local/lib/python3.6/site-packages/airflow/example_dags/example_task_group_decorator.py took 0.735 seconds
[2021-07-19 00:07:55,770] {scheduler_job.py:181} INFO - Started process (PID=1401) to work on /home/airflow/.local/lib/python3.6/site-packages/airflow/example_dags/example_task_group_decorator.py
[2021-07-19 00:07:55,777] {scheduler_job.py:632} INFO - Processing file /home/airflow/.local/lib/python3.6/site-packages/airflow/example_dags/example_task_group_decorator.py for tasks to queue
[2021-07-19 00:07:55,780] {logging_mixin.py:104} INFO - [2021-07-19 00:07:55,780] {dagbag.py:496} INFO - Filling up the DagBag from /home/airflow/.local/lib/python3.6/site-packages/airflow/example_dags/example_task_group_decorator.py
[2021-07-19 00:07:55,826] {scheduler_job.py:642} INFO - DAG(s) dict_keys(['example_task_group_decorator']) retrieved from /home/airflow/.local/lib/python3.6/site-packages/airflow/example_dags/example_task_group_decorator.py
[2021-07-19 00:07:56,097] {logging_mixin.py:104} INFO - [2021-07-19 00:07:56,097] {dag.py:1833} INFO - Sync 1 DAGs
[2021-07-19 00:07:56,113] {logging_mixin.py:104} INFO - [2021-07-19 00:07:56,113] {dag.py:2306} INFO - Setting next_dagrun for example_task_group_decorator to 2021-07-17 00:00:00+00:00
[2021-07-19 00:07:56,176] {scheduler_job.py:189} INFO - Processing /home/airflow/.local/lib/python3.6/site-packages/airflow/example_dags/example_task_group_decorator.py took 0.417 seconds
[2021-07-19 00:08:26,314] {scheduler_job.py:181} INFO - Started process (PID=1459) to work on /home/airflow/.local/lib/python3.6/site-packages/airflow/example_dags/example_task_group_decorator.py
[2021-07-19 00:08:26,317] {scheduler_job.py:632} INFO - Processing file /home/airflow/.local/lib/python3.6/site-packages/airflow/example_dags/example_task_group_decorator.py for tasks to queue
[2021-07-19 00:08:26,318] {logging_mixin.py:104} INFO - [2021-07-19 00:08:26,318] {dagbag.py:496} INFO - Filling up the DagBag from /home/airflow/.local/lib/python3.6/site-packages/airflow/example_dags/example_task_group_decorator.py
[2021-07-19 00:08:26,355] {scheduler_job.py:642} INFO - DAG(s) dict_keys(['example_task_group_decorator']) retrieved from /home/airflow/.local/lib/python3.6/site-packages/airflow/example_dags/example_task_group_decorator.py
[2021-07-19 00:08:26,647] {logging_mixin.py:104} INFO - [2021-07-19 00:08:26,647] {dag.py:1833} INFO - Sync 1 DAGs
[2021-07-19 00:08:26,666] {logging_mixin.py:104} INFO - [2021-07-19 00:08:26,666] {dag.py:2306} INFO - Setting next_dagrun for example_task_group_decorator to 2021-07-17 00:00:00+00:00
[2021-07-19 00:08:26,715] {scheduler_job.py:189} INFO - Processing /home/airflow/.local/lib/python3.6/site-packages/airflow/example_dags/example_task_group_decorator.py took 0.405 seconds
[2021-07-19 00:08:56,843] {scheduler_job.py:181} INFO - Started process (PID=1524) to work on /home/airflow/.local/lib/python3.6/site-packages/airflow/example_dags/example_task_group_decorator.py
[2021-07-19 00:08:56,845] {scheduler_job.py:632} INFO - Processing file /home/airflow/.local/lib/python3.6/site-packages/airflow/example_dags/example_task_group_decorator.py for tasks to queue
[2021-07-19 00:08:56,846] {logging_mixin.py:104} INFO - [2021-07-19 00:08:56,846] {dagbag.py:496} INFO - Filling up the DagBag from /home/airflow/.local/lib/python3.6/site-packages/airflow/example_dags/example_task_group_decorator.py
[2021-07-19 00:08:56,916] {scheduler_job.py:642} INFO - DAG(s) dict_keys(['example_task_group_decorator']) retrieved from /home/airflow/.local/lib/python3.6/site-packages/airflow/example_dags/example_task_group_decorator.py
[2021-07-19 00:08:57,272] {logging_mixin.py:104} INFO - [2021-07-19 00:08:57,272] {dag.py:1833} INFO - Sync 1 DAGs
[2021-07-19 00:08:59,103] {logging_mixin.py:104} INFO - [2021-07-19 00:08:59,103] {dag.py:2306} INFO - Setting next_dagrun for example_task_group_decorator to 2021-07-17 00:00:00+00:00
[2021-07-19 00:08:59,233] {scheduler_job.py:189} INFO - Processing /home/airflow/.local/lib/python3.6/site-packages/airflow/example_dags/example_task_group_decorator.py took 2.395 seconds
[2021-07-19 00:09:29,305] {scheduler_job.py:181} INFO - Started process (PID=1581) to work on /home/airflow/.local/lib/python3.6/site-packages/airflow/example_dags/example_task_group_decorator.py
[2021-07-19 00:09:29,310] {scheduler_job.py:632} INFO - Processing file /home/airflow/.local/lib/python3.6/site-packages/airflow/example_dags/example_task_group_decorator.py for tasks to queue
[2021-07-19 00:09:29,313] {logging_mixin.py:104} INFO - [2021-07-19 00:09:29,313] {dagbag.py:496} INFO - Filling up the DagBag from /home/airflow/.local/lib/python3.6/site-packages/airflow/example_dags/example_task_group_decorator.py
[2021-07-19 00:09:29,365] {scheduler_job.py:642} INFO - DAG(s) dict_keys(['example_task_group_decorator']) retrieved from /home/airflow/.local/lib/python3.6/site-packages/airflow/example_dags/example_task_group_decorator.py
[2021-07-19 00:09:29,663] {logging_mixin.py:104} INFO - [2021-07-19 00:09:29,662] {dag.py:1833} INFO - Sync 1 DAGs
[2021-07-19 00:09:29,684] {logging_mixin.py:104} INFO - [2021-07-19 00:09:29,684] {dag.py:2306} INFO - Setting next_dagrun for example_task_group_decorator to 2021-07-17 00:00:00+00:00
[2021-07-19 00:09:30,020] {scheduler_job.py:189} INFO - Processing /home/airflow/.local/lib/python3.6/site-packages/airflow/example_dags/example_task_group_decorator.py took 0.720 seconds
[2021-07-19 00:10:00,106] {scheduler_job.py:181} INFO - Started process (PID=1648) to work on /home/airflow/.local/lib/python3.6/site-packages/airflow/example_dags/example_task_group_decorator.py
[2021-07-19 00:10:00,108] {scheduler_job.py:632} INFO - Processing file /home/airflow/.local/lib/python3.6/site-packages/airflow/example_dags/example_task_group_decorator.py for tasks to queue
[2021-07-19 00:10:00,109] {logging_mixin.py:104} INFO - [2021-07-19 00:10:00,109] {dagbag.py:496} INFO - Filling up the DagBag from /home/airflow/.local/lib/python3.6/site-packages/airflow/example_dags/example_task_group_decorator.py
[2021-07-19 00:10:00,146] {scheduler_job.py:642} INFO - DAG(s) dict_keys(['example_task_group_decorator']) retrieved from /home/airflow/.local/lib/python3.6/site-packages/airflow/example_dags/example_task_group_decorator.py
[2021-07-19 00:10:00,629] {logging_mixin.py:104} INFO - [2021-07-19 00:10:00,628] {dag.py:1833} INFO - Sync 1 DAGs
[2021-07-19 00:10:00,656] {logging_mixin.py:104} INFO - [2021-07-19 00:10:00,656] {dag.py:2306} INFO - Setting next_dagrun for example_task_group_decorator to 2021-07-17 00:00:00+00:00
[2021-07-19 00:10:00,736] {scheduler_job.py:189} INFO - Processing /home/airflow/.local/lib/python3.6/site-packages/airflow/example_dags/example_task_group_decorator.py took 0.634 seconds
[2021-07-19 00:10:30,847] {scheduler_job.py:181} INFO - Started process (PID=1705) to work on /home/airflow/.local/lib/python3.6/site-packages/airflow/example_dags/example_task_group_decorator.py
[2021-07-19 00:10:30,849] {scheduler_job.py:632} INFO - Processing file /home/airflow/.local/lib/python3.6/site-packages/airflow/example_dags/example_task_group_decorator.py for tasks to queue
[2021-07-19 00:10:30,851] {logging_mixin.py:104} INFO - [2021-07-19 00:10:30,851] {dagbag.py:496} INFO - Filling up the DagBag from /home/airflow/.local/lib/python3.6/site-packages/airflow/example_dags/example_task_group_decorator.py
[2021-07-19 00:10:30,890] {scheduler_job.py:642} INFO - DAG(s) dict_keys(['example_task_group_decorator']) retrieved from /home/airflow/.local/lib/python3.6/site-packages/airflow/example_dags/example_task_group_decorator.py
[2021-07-19 00:10:31,163] {logging_mixin.py:104} INFO - [2021-07-19 00:10:31,163] {dag.py:1833} INFO - Sync 1 DAGs
[2021-07-19 00:10:31,184] {logging_mixin.py:104} INFO - [2021-07-19 00:10:31,183] {dag.py:2306} INFO - Setting next_dagrun for example_task_group_decorator to 2021-07-17 00:00:00+00:00
[2021-07-19 00:10:31,249] {scheduler_job.py:189} INFO - Processing /home/airflow/.local/lib/python3.6/site-packages/airflow/example_dags/example_task_group_decorator.py took 0.406 seconds
[2021-07-19 00:11:01,829] {scheduler_job.py:181} INFO - Started process (PID=1761) to work on /home/airflow/.local/lib/python3.6/site-packages/airflow/example_dags/example_task_group_decorator.py
[2021-07-19 00:11:01,831] {scheduler_job.py:632} INFO - Processing file /home/airflow/.local/lib/python3.6/site-packages/airflow/example_dags/example_task_group_decorator.py for tasks to queue
[2021-07-19 00:11:01,832] {logging_mixin.py:104} INFO - [2021-07-19 00:11:01,832] {dagbag.py:496} INFO - Filling up the DagBag from /home/airflow/.local/lib/python3.6/site-packages/airflow/example_dags/example_task_group_decorator.py
[2021-07-19 00:11:01,863] {scheduler_job.py:642} INFO - DAG(s) dict_keys(['example_task_group_decorator']) retrieved from /home/airflow/.local/lib/python3.6/site-packages/airflow/example_dags/example_task_group_decorator.py
[2021-07-19 00:11:02,245] {logging_mixin.py:104} INFO - [2021-07-19 00:11:02,245] {dag.py:1833} INFO - Sync 1 DAGs
[2021-07-19 00:11:02,263] {logging_mixin.py:104} INFO - [2021-07-19 00:11:02,263] {dag.py:2306} INFO - Setting next_dagrun for example_task_group_decorator to 2021-07-17 00:00:00+00:00
[2021-07-19 00:11:02,362] {scheduler_job.py:189} INFO - Processing /home/airflow/.local/lib/python3.6/site-packages/airflow/example_dags/example_task_group_decorator.py took 0.536 seconds
[2021-07-19 00:11:32,761] {scheduler_job.py:181} INFO - Started process (PID=1814) to work on /home/airflow/.local/lib/python3.6/site-packages/airflow/example_dags/example_task_group_decorator.py
[2021-07-19 00:11:32,764] {scheduler_job.py:632} INFO - Processing file /home/airflow/.local/lib/python3.6/site-packages/airflow/example_dags/example_task_group_decorator.py for tasks to queue
[2021-07-19 00:11:32,766] {logging_mixin.py:104} INFO - [2021-07-19 00:11:32,766] {dagbag.py:496} INFO - Filling up the DagBag from /home/airflow/.local/lib/python3.6/site-packages/airflow/example_dags/example_task_group_decorator.py
[2021-07-19 00:11:32,818] {scheduler_job.py:642} INFO - DAG(s) dict_keys(['example_task_group_decorator']) retrieved from /home/airflow/.local/lib/python3.6/site-packages/airflow/example_dags/example_task_group_decorator.py
[2021-07-19 00:11:33,126] {logging_mixin.py:104} INFO - [2021-07-19 00:11:33,126] {dag.py:1833} INFO - Sync 1 DAGs
[2021-07-19 00:11:33,148] {logging_mixin.py:104} INFO - [2021-07-19 00:11:33,148] {dag.py:2306} INFO - Setting next_dagrun for example_task_group_decorator to 2021-07-17 00:00:00+00:00
[2021-07-19 00:11:33,243] {scheduler_job.py:189} INFO - Processing /home/airflow/.local/lib/python3.6/site-packages/airflow/example_dags/example_task_group_decorator.py took 0.493 seconds
[2021-07-19 00:12:03,355] {scheduler_job.py:181} INFO - Started process (PID=1882) to work on /home/airflow/.local/lib/python3.6/site-packages/airflow/example_dags/example_task_group_decorator.py
[2021-07-19 00:12:03,357] {scheduler_job.py:632} INFO - Processing file /home/airflow/.local/lib/python3.6/site-packages/airflow/example_dags/example_task_group_decorator.py for tasks to queue
[2021-07-19 00:12:03,359] {logging_mixin.py:104} INFO - [2021-07-19 00:12:03,358] {dagbag.py:496} INFO - Filling up the DagBag from /home/airflow/.local/lib/python3.6/site-packages/airflow/example_dags/example_task_group_decorator.py
[2021-07-19 00:12:03,389] {scheduler_job.py:642} INFO - DAG(s) dict_keys(['example_task_group_decorator']) retrieved from /home/airflow/.local/lib/python3.6/site-packages/airflow/example_dags/example_task_group_decorator.py
[2021-07-19 00:12:03,728] {logging_mixin.py:104} INFO - [2021-07-19 00:12:03,728] {dag.py:1833} INFO - Sync 1 DAGs
[2021-07-19 00:12:03,750] {logging_mixin.py:104} INFO - [2021-07-19 00:12:03,750] {dag.py:2306} INFO - Setting next_dagrun for example_task_group_decorator to 2021-07-17 00:00:00+00:00
[2021-07-19 00:12:03,811] {scheduler_job.py:189} INFO - Processing /home/airflow/.local/lib/python3.6/site-packages/airflow/example_dags/example_task_group_decorator.py took 0.459 seconds
[2021-07-19 00:12:33,870] {scheduler_job.py:181} INFO - Started process (PID=1938) to work on /home/airflow/.local/lib/python3.6/site-packages/airflow/example_dags/example_task_group_decorator.py
[2021-07-19 00:12:33,871] {scheduler_job.py:632} INFO - Processing file /home/airflow/.local/lib/python3.6/site-packages/airflow/example_dags/example_task_group_decorator.py for tasks to queue
[2021-07-19 00:12:33,872] {logging_mixin.py:104} INFO - [2021-07-19 00:12:33,872] {dagbag.py:496} INFO - Filling up the DagBag from /home/airflow/.local/lib/python3.6/site-packages/airflow/example_dags/example_task_group_decorator.py
[2021-07-19 00:12:33,906] {scheduler_job.py:642} INFO - DAG(s) dict_keys(['example_task_group_decorator']) retrieved from /home/airflow/.local/lib/python3.6/site-packages/airflow/example_dags/example_task_group_decorator.py
[2021-07-19 00:12:34,271] {logging_mixin.py:104} INFO - [2021-07-19 00:12:34,271] {dag.py:1833} INFO - Sync 1 DAGs
[2021-07-19 00:12:34,290] {logging_mixin.py:104} INFO - [2021-07-19 00:12:34,289] {dag.py:2306} INFO - Setting next_dagrun for example_task_group_decorator to 2021-07-17 00:00:00+00:00
[2021-07-19 00:12:34,413] {scheduler_job.py:189} INFO - Processing /home/airflow/.local/lib/python3.6/site-packages/airflow/example_dags/example_task_group_decorator.py took 0.547 seconds
[2021-07-19 00:13:04,876] {scheduler_job.py:181} INFO - Started process (PID=1996) to work on /home/airflow/.local/lib/python3.6/site-packages/airflow/example_dags/example_task_group_decorator.py
[2021-07-19 00:13:04,879] {scheduler_job.py:632} INFO - Processing file /home/airflow/.local/lib/python3.6/site-packages/airflow/example_dags/example_task_group_decorator.py for tasks to queue
[2021-07-19 00:13:04,881] {logging_mixin.py:104} INFO - [2021-07-19 00:13:04,880] {dagbag.py:496} INFO - Filling up the DagBag from /home/airflow/.local/lib/python3.6/site-packages/airflow/example_dags/example_task_group_decorator.py
[2021-07-19 00:13:04,925] {scheduler_job.py:642} INFO - DAG(s) dict_keys(['example_task_group_decorator']) retrieved from /home/airflow/.local/lib/python3.6/site-packages/airflow/example_dags/example_task_group_decorator.py
[2021-07-19 00:13:05,298] {logging_mixin.py:104} INFO - [2021-07-19 00:13:05,298] {dag.py:1833} INFO - Sync 1 DAGs
[2021-07-19 00:13:05,314] {logging_mixin.py:104} INFO - [2021-07-19 00:13:05,313] {dag.py:2306} INFO - Setting next_dagrun for example_task_group_decorator to 2021-07-17 00:00:00+00:00
[2021-07-19 00:13:05,448] {scheduler_job.py:189} INFO - Processing /home/airflow/.local/lib/python3.6/site-packages/airflow/example_dags/example_task_group_decorator.py took 0.575 seconds
[2021-07-19 00:13:35,631] {scheduler_job.py:181} INFO - Started process (PID=2069) to work on /home/airflow/.local/lib/python3.6/site-packages/airflow/example_dags/example_task_group_decorator.py
[2021-07-19 00:13:35,634] {scheduler_job.py:632} INFO - Processing file /home/airflow/.local/lib/python3.6/site-packages/airflow/example_dags/example_task_group_decorator.py for tasks to queue
[2021-07-19 00:13:35,636] {logging_mixin.py:104} INFO - [2021-07-19 00:13:35,635] {dagbag.py:496} INFO - Filling up the DagBag from /home/airflow/.local/lib/python3.6/site-packages/airflow/example_dags/example_task_group_decorator.py
[2021-07-19 00:13:35,666] {scheduler_job.py:642} INFO - DAG(s) dict_keys(['example_task_group_decorator']) retrieved from /home/airflow/.local/lib/python3.6/site-packages/airflow/example_dags/example_task_group_decorator.py
[2021-07-19 00:13:35,978] {logging_mixin.py:104} INFO - [2021-07-19 00:13:35,978] {dag.py:1833} INFO - Sync 1 DAGs
[2021-07-19 00:13:35,994] {logging_mixin.py:104} INFO - [2021-07-19 00:13:35,994] {dag.py:2306} INFO - Setting next_dagrun for example_task_group_decorator to 2021-07-17 00:00:00+00:00
[2021-07-19 00:13:36,068] {scheduler_job.py:189} INFO - Processing /home/airflow/.local/lib/python3.6/site-packages/airflow/example_dags/example_task_group_decorator.py took 0.440 seconds
[2021-07-19 00:14:08,971] {scheduler_job.py:181} INFO - Started process (PID=2123) to work on /home/airflow/.local/lib/python3.6/site-packages/airflow/example_dags/example_task_group_decorator.py
[2021-07-19 00:14:08,973] {scheduler_job.py:632} INFO - Processing file /home/airflow/.local/lib/python3.6/site-packages/airflow/example_dags/example_task_group_decorator.py for tasks to queue
[2021-07-19 00:14:08,975] {logging_mixin.py:104} INFO - [2021-07-19 00:14:08,974] {dagbag.py:496} INFO - Filling up the DagBag from /home/airflow/.local/lib/python3.6/site-packages/airflow/example_dags/example_task_group_decorator.py
[2021-07-19 00:14:09,021] {scheduler_job.py:642} INFO - DAG(s) dict_keys(['example_task_group_decorator']) retrieved from /home/airflow/.local/lib/python3.6/site-packages/airflow/example_dags/example_task_group_decorator.py
[2021-07-19 00:14:09,368] {logging_mixin.py:104} INFO - [2021-07-19 00:14:09,368] {dag.py:1833} INFO - Sync 1 DAGs
[2021-07-19 00:14:09,387] {logging_mixin.py:104} INFO - [2021-07-19 00:14:09,387] {dag.py:2306} INFO - Setting next_dagrun for example_task_group_decorator to 2021-07-17 00:00:00+00:00
[2021-07-19 00:14:09,424] {scheduler_job.py:189} INFO - Processing /home/airflow/.local/lib/python3.6/site-packages/airflow/example_dags/example_task_group_decorator.py took 0.459 seconds
[2021-07-19 00:14:40,745] {scheduler_job.py:181} INFO - Started process (PID=2182) to work on /home/airflow/.local/lib/python3.6/site-packages/airflow/example_dags/example_task_group_decorator.py
[2021-07-19 00:14:40,799] {scheduler_job.py:632} INFO - Processing file /home/airflow/.local/lib/python3.6/site-packages/airflow/example_dags/example_task_group_decorator.py for tasks to queue
[2021-07-19 00:14:40,802] {logging_mixin.py:104} INFO - [2021-07-19 00:14:40,801] {dagbag.py:496} INFO - Filling up the DagBag from /home/airflow/.local/lib/python3.6/site-packages/airflow/example_dags/example_task_group_decorator.py
[2021-07-19 00:14:40,856] {scheduler_job.py:642} INFO - DAG(s) dict_keys(['example_task_group_decorator']) retrieved from /home/airflow/.local/lib/python3.6/site-packages/airflow/example_dags/example_task_group_decorator.py
[2021-07-19 00:14:41,154] {logging_mixin.py:104} INFO - [2021-07-19 00:14:41,154] {dag.py:1833} INFO - Sync 1 DAGs
[2021-07-19 00:14:41,172] {logging_mixin.py:104} INFO - [2021-07-19 00:14:41,172] {dag.py:2306} INFO - Setting next_dagrun for example_task_group_decorator to 2021-07-17 00:00:00+00:00
[2021-07-19 00:14:41,612] {scheduler_job.py:189} INFO - Processing /home/airflow/.local/lib/python3.6/site-packages/airflow/example_dags/example_task_group_decorator.py took 0.878 seconds
[2021-07-19 00:15:11,684] {scheduler_job.py:181} INFO - Started process (PID=2239) to work on /home/airflow/.local/lib/python3.6/site-packages/airflow/example_dags/example_task_group_decorator.py
[2021-07-19 00:15:11,686] {scheduler_job.py:632} INFO - Processing file /home/airflow/.local/lib/python3.6/site-packages/airflow/example_dags/example_task_group_decorator.py for tasks to queue
[2021-07-19 00:15:11,688] {logging_mixin.py:104} INFO - [2021-07-19 00:15:11,688] {dagbag.py:496} INFO - Filling up the DagBag from /home/airflow/.local/lib/python3.6/site-packages/airflow/example_dags/example_task_group_decorator.py
[2021-07-19 00:15:11,738] {scheduler_job.py:642} INFO - DAG(s) dict_keys(['example_task_group_decorator']) retrieved from /home/airflow/.local/lib/python3.6/site-packages/airflow/example_dags/example_task_group_decorator.py
[2021-07-19 00:15:12,001] {logging_mixin.py:104} INFO - [2021-07-19 00:15:12,001] {dag.py:1833} INFO - Sync 1 DAGs
[2021-07-19 00:15:12,023] {logging_mixin.py:104} INFO - [2021-07-19 00:15:12,023] {dag.py:2306} INFO - Setting next_dagrun for example_task_group_decorator to 2021-07-17 00:00:00+00:00
[2021-07-19 00:15:12,075] {scheduler_job.py:189} INFO - Processing /home/airflow/.local/lib/python3.6/site-packages/airflow/example_dags/example_task_group_decorator.py took 0.399 seconds
[2021-07-19 00:15:42,337] {scheduler_job.py:181} INFO - Started process (PID=2305) to work on /home/airflow/.local/lib/python3.6/site-packages/airflow/example_dags/example_task_group_decorator.py
[2021-07-19 00:15:42,339] {scheduler_job.py:632} INFO - Processing file /home/airflow/.local/lib/python3.6/site-packages/airflow/example_dags/example_task_group_decorator.py for tasks to queue
[2021-07-19 00:15:42,340] {logging_mixin.py:104} INFO - [2021-07-19 00:15:42,340] {dagbag.py:496} INFO - Filling up the DagBag from /home/airflow/.local/lib/python3.6/site-packages/airflow/example_dags/example_task_group_decorator.py
[2021-07-19 00:15:42,368] {scheduler_job.py:642} INFO - DAG(s) dict_keys(['example_task_group_decorator']) retrieved from /home/airflow/.local/lib/python3.6/site-packages/airflow/example_dags/example_task_group_decorator.py
[2021-07-19 00:15:42,646] {logging_mixin.py:104} INFO - [2021-07-19 00:15:42,646] {dag.py:1833} INFO - Sync 1 DAGs
[2021-07-19 00:15:42,662] {logging_mixin.py:104} INFO - [2021-07-19 00:15:42,662] {dag.py:2306} INFO - Setting next_dagrun for example_task_group_decorator to 2021-07-17 00:00:00+00:00
[2021-07-19 00:15:42,757] {scheduler_job.py:189} INFO - Processing /home/airflow/.local/lib/python3.6/site-packages/airflow/example_dags/example_task_group_decorator.py took 0.425 seconds
[2021-07-19 00:16:13,087] {scheduler_job.py:181} INFO - Started process (PID=2362) to work on /home/airflow/.local/lib/python3.6/site-packages/airflow/example_dags/example_task_group_decorator.py
[2021-07-19 00:16:13,089] {scheduler_job.py:632} INFO - Processing file /home/airflow/.local/lib/python3.6/site-packages/airflow/example_dags/example_task_group_decorator.py for tasks to queue
[2021-07-19 00:16:13,090] {logging_mixin.py:104} INFO - [2021-07-19 00:16:13,090] {dagbag.py:496} INFO - Filling up the DagBag from /home/airflow/.local/lib/python3.6/site-packages/airflow/example_dags/example_task_group_decorator.py
[2021-07-19 00:16:13,130] {scheduler_job.py:642} INFO - DAG(s) dict_keys(['example_task_group_decorator']) retrieved from /home/airflow/.local/lib/python3.6/site-packages/airflow/example_dags/example_task_group_decorator.py
[2021-07-19 00:16:13,453] {logging_mixin.py:104} INFO - [2021-07-19 00:16:13,452] {dag.py:1833} INFO - Sync 1 DAGs
[2021-07-19 00:16:13,487] {logging_mixin.py:104} INFO - [2021-07-19 00:16:13,487] {dag.py:2306} INFO - Setting next_dagrun for example_task_group_decorator to 2021-07-17 00:00:00+00:00
[2021-07-19 00:16:13,649] {scheduler_job.py:189} INFO - Processing /home/airflow/.local/lib/python3.6/site-packages/airflow/example_dags/example_task_group_decorator.py took 0.567 seconds
[2021-07-19 00:16:43,746] {scheduler_job.py:181} INFO - Started process (PID=2430) to work on /home/airflow/.local/lib/python3.6/site-packages/airflow/example_dags/example_task_group_decorator.py
[2021-07-19 00:16:43,748] {scheduler_job.py:632} INFO - Processing file /home/airflow/.local/lib/python3.6/site-packages/airflow/example_dags/example_task_group_decorator.py for tasks to queue
[2021-07-19 00:16:43,750] {logging_mixin.py:104} INFO - [2021-07-19 00:16:43,750] {dagbag.py:496} INFO - Filling up the DagBag from /home/airflow/.local/lib/python3.6/site-packages/airflow/example_dags/example_task_group_decorator.py
[2021-07-19 00:16:43,797] {scheduler_job.py:642} INFO - DAG(s) dict_keys(['example_task_group_decorator']) retrieved from /home/airflow/.local/lib/python3.6/site-packages/airflow/example_dags/example_task_group_decorator.py
[2021-07-19 00:16:44,128] {logging_mixin.py:104} INFO - [2021-07-19 00:16:44,128] {dag.py:1833} INFO - Sync 1 DAGs
[2021-07-19 00:16:44,150] {logging_mixin.py:104} INFO - [2021-07-19 00:16:44,150] {dag.py:2306} INFO - Setting next_dagrun for example_task_group_decorator to 2021-07-17 00:00:00+00:00
[2021-07-19 00:16:44,295] {scheduler_job.py:189} INFO - Processing /home/airflow/.local/lib/python3.6/site-packages/airflow/example_dags/example_task_group_decorator.py took 0.553 seconds
[2021-07-19 00:17:15,098] {scheduler_job.py:181} INFO - Started process (PID=2488) to work on /home/airflow/.local/lib/python3.6/site-packages/airflow/example_dags/example_task_group_decorator.py
[2021-07-19 00:17:15,101] {scheduler_job.py:632} INFO - Processing file /home/airflow/.local/lib/python3.6/site-packages/airflow/example_dags/example_task_group_decorator.py for tasks to queue
[2021-07-19 00:17:15,102] {logging_mixin.py:104} INFO - [2021-07-19 00:17:15,102] {dagbag.py:496} INFO - Filling up the DagBag from /home/airflow/.local/lib/python3.6/site-packages/airflow/example_dags/example_task_group_decorator.py
[2021-07-19 00:17:15,148] {scheduler_job.py:642} INFO - DAG(s) dict_keys(['example_task_group_decorator']) retrieved from /home/airflow/.local/lib/python3.6/site-packages/airflow/example_dags/example_task_group_decorator.py
[2021-07-19 00:17:15,503] {logging_mixin.py:104} INFO - [2021-07-19 00:17:15,503] {dag.py:1833} INFO - Sync 1 DAGs
[2021-07-19 00:17:15,527] {logging_mixin.py:104} INFO - [2021-07-19 00:17:15,527] {dag.py:2306} INFO - Setting next_dagrun for example_task_group_decorator to 2021-07-17 00:00:00+00:00
[2021-07-19 00:17:15,940] {scheduler_job.py:189} INFO - Processing /home/airflow/.local/lib/python3.6/site-packages/airflow/example_dags/example_task_group_decorator.py took 0.847 seconds
[2021-07-19 00:17:46,038] {scheduler_job.py:181} INFO - Started process (PID=2545) to work on /home/airflow/.local/lib/python3.6/site-packages/airflow/example_dags/example_task_group_decorator.py
[2021-07-19 00:17:46,041] {scheduler_job.py:632} INFO - Processing file /home/airflow/.local/lib/python3.6/site-packages/airflow/example_dags/example_task_group_decorator.py for tasks to queue
[2021-07-19 00:17:46,042] {logging_mixin.py:104} INFO - [2021-07-19 00:17:46,042] {dagbag.py:496} INFO - Filling up the DagBag from /home/airflow/.local/lib/python3.6/site-packages/airflow/example_dags/example_task_group_decorator.py
[2021-07-19 00:17:46,082] {scheduler_job.py:642} INFO - DAG(s) dict_keys(['example_task_group_decorator']) retrieved from /home/airflow/.local/lib/python3.6/site-packages/airflow/example_dags/example_task_group_decorator.py
[2021-07-19 00:17:46,383] {logging_mixin.py:104} INFO - [2021-07-19 00:17:46,383] {dag.py:1833} INFO - Sync 1 DAGs
[2021-07-19 00:17:46,399] {logging_mixin.py:104} INFO - [2021-07-19 00:17:46,399] {dag.py:2306} INFO - Setting next_dagrun for example_task_group_decorator to 2021-07-17 00:00:00+00:00
[2021-07-19 00:17:46,529] {scheduler_job.py:189} INFO - Processing /home/airflow/.local/lib/python3.6/site-packages/airflow/example_dags/example_task_group_decorator.py took 0.497 seconds
[2021-07-19 00:18:17,906] {scheduler_job.py:181} INFO - Started process (PID=2602) to work on /home/airflow/.local/lib/python3.6/site-packages/airflow/example_dags/example_task_group_decorator.py
[2021-07-19 00:18:17,910] {scheduler_job.py:632} INFO - Processing file /home/airflow/.local/lib/python3.6/site-packages/airflow/example_dags/example_task_group_decorator.py for tasks to queue
[2021-07-19 00:18:17,911] {logging_mixin.py:104} INFO - [2021-07-19 00:18:17,911] {dagbag.py:496} INFO - Filling up the DagBag from /home/airflow/.local/lib/python3.6/site-packages/airflow/example_dags/example_task_group_decorator.py
[2021-07-19 00:18:17,950] {scheduler_job.py:642} INFO - DAG(s) dict_keys(['example_task_group_decorator']) retrieved from /home/airflow/.local/lib/python3.6/site-packages/airflow/example_dags/example_task_group_decorator.py
[2021-07-19 00:18:18,220] {logging_mixin.py:104} INFO - [2021-07-19 00:18:18,220] {dag.py:1833} INFO - Sync 1 DAGs
[2021-07-19 00:18:18,242] {logging_mixin.py:104} INFO - [2021-07-19 00:18:18,242] {dag.py:2306} INFO - Setting next_dagrun for example_task_group_decorator to 2021-07-17 00:00:00+00:00
[2021-07-19 00:18:18,567] {scheduler_job.py:189} INFO - Processing /home/airflow/.local/lib/python3.6/site-packages/airflow/example_dags/example_task_group_decorator.py took 0.667 seconds
[2021-07-19 00:18:49,850] {scheduler_job.py:181} INFO - Started process (PID=2658) to work on /home/airflow/.local/lib/python3.6/site-packages/airflow/example_dags/example_task_group_decorator.py
[2021-07-19 00:18:49,853] {scheduler_job.py:632} INFO - Processing file /home/airflow/.local/lib/python3.6/site-packages/airflow/example_dags/example_task_group_decorator.py for tasks to queue
[2021-07-19 00:18:49,854] {logging_mixin.py:104} INFO - [2021-07-19 00:18:49,854] {dagbag.py:496} INFO - Filling up the DagBag from /home/airflow/.local/lib/python3.6/site-packages/airflow/example_dags/example_task_group_decorator.py
[2021-07-19 00:18:49,887] {scheduler_job.py:642} INFO - DAG(s) dict_keys(['example_task_group_decorator']) retrieved from /home/airflow/.local/lib/python3.6/site-packages/airflow/example_dags/example_task_group_decorator.py
[2021-07-19 00:18:50,220] {logging_mixin.py:104} INFO - [2021-07-19 00:18:50,220] {dag.py:1833} INFO - Sync 1 DAGs
[2021-07-19 00:18:50,242] {logging_mixin.py:104} INFO - [2021-07-19 00:18:50,242] {dag.py:2306} INFO - Setting next_dagrun for example_task_group_decorator to 2021-07-17 00:00:00+00:00
[2021-07-19 00:18:50,556] {scheduler_job.py:189} INFO - Processing /home/airflow/.local/lib/python3.6/site-packages/airflow/example_dags/example_task_group_decorator.py took 0.711 seconds
[2021-07-19 00:19:21,194] {scheduler_job.py:181} INFO - Started process (PID=2714) to work on /home/airflow/.local/lib/python3.6/site-packages/airflow/example_dags/example_task_group_decorator.py
[2021-07-19 00:19:21,196] {scheduler_job.py:632} INFO - Processing file /home/airflow/.local/lib/python3.6/site-packages/airflow/example_dags/example_task_group_decorator.py for tasks to queue
[2021-07-19 00:19:21,198] {logging_mixin.py:104} INFO - [2021-07-19 00:19:21,198] {dagbag.py:496} INFO - Filling up the DagBag from /home/airflow/.local/lib/python3.6/site-packages/airflow/example_dags/example_task_group_decorator.py
[2021-07-19 00:19:21,238] {scheduler_job.py:642} INFO - DAG(s) dict_keys(['example_task_group_decorator']) retrieved from /home/airflow/.local/lib/python3.6/site-packages/airflow/example_dags/example_task_group_decorator.py
[2021-07-19 00:19:21,514] {logging_mixin.py:104} INFO - [2021-07-19 00:19:21,514] {dag.py:1833} INFO - Sync 1 DAGs
[2021-07-19 00:19:21,534] {logging_mixin.py:104} INFO - [2021-07-19 00:19:21,534] {dag.py:2306} INFO - Setting next_dagrun for example_task_group_decorator to 2021-07-17 00:00:00+00:00
[2021-07-19 00:19:21,724] {scheduler_job.py:189} INFO - Processing /home/airflow/.local/lib/python3.6/site-packages/airflow/example_dags/example_task_group_decorator.py took 0.535 seconds
[2021-07-19 00:19:52,255] {scheduler_job.py:181} INFO - Started process (PID=2782) to work on /home/airflow/.local/lib/python3.6/site-packages/airflow/example_dags/example_task_group_decorator.py
[2021-07-19 00:19:52,257] {scheduler_job.py:632} INFO - Processing file /home/airflow/.local/lib/python3.6/site-packages/airflow/example_dags/example_task_group_decorator.py for tasks to queue
[2021-07-19 00:19:52,258] {logging_mixin.py:104} INFO - [2021-07-19 00:19:52,258] {dagbag.py:496} INFO - Filling up the DagBag from /home/airflow/.local/lib/python3.6/site-packages/airflow/example_dags/example_task_group_decorator.py
[2021-07-19 00:19:52,296] {scheduler_job.py:642} INFO - DAG(s) dict_keys(['example_task_group_decorator']) retrieved from /home/airflow/.local/lib/python3.6/site-packages/airflow/example_dags/example_task_group_decorator.py
[2021-07-19 00:19:52,328] {logging_mixin.py:104} INFO - [2021-07-19 00:19:52,328] {dag.py:1833} INFO - Sync 1 DAGs
[2021-07-19 00:19:52,352] {logging_mixin.py:104} INFO - [2021-07-19 00:19:52,352] {dag.py:2306} INFO - Setting next_dagrun for example_task_group_decorator to 2021-07-17 00:00:00+00:00
[2021-07-19 00:19:52,564] {scheduler_job.py:189} INFO - Processing /home/airflow/.local/lib/python3.6/site-packages/airflow/example_dags/example_task_group_decorator.py took 0.314 seconds
[2021-07-19 00:20:22,683] {scheduler_job.py:181} INFO - Started process (PID=2839) to work on /home/airflow/.local/lib/python3.6/site-packages/airflow/example_dags/example_task_group_decorator.py
[2021-07-19 00:20:22,685] {scheduler_job.py:632} INFO - Processing file /home/airflow/.local/lib/python3.6/site-packages/airflow/example_dags/example_task_group_decorator.py for tasks to queue
[2021-07-19 00:20:22,686] {logging_mixin.py:104} INFO - [2021-07-19 00:20:22,686] {dagbag.py:496} INFO - Filling up the DagBag from /home/airflow/.local/lib/python3.6/site-packages/airflow/example_dags/example_task_group_decorator.py
[2021-07-19 00:20:22,728] {scheduler_job.py:642} INFO - DAG(s) dict_keys(['example_task_group_decorator']) retrieved from /home/airflow/.local/lib/python3.6/site-packages/airflow/example_dags/example_task_group_decorator.py
[2021-07-19 00:20:23,028] {logging_mixin.py:104} INFO - [2021-07-19 00:20:23,028] {dag.py:1833} INFO - Sync 1 DAGs
[2021-07-19 00:20:23,047] {logging_mixin.py:104} INFO - [2021-07-19 00:20:23,047] {dag.py:2306} INFO - Setting next_dagrun for example_task_group_decorator to 2021-07-17 00:00:00+00:00
[2021-07-19 00:20:23,465] {scheduler_job.py:189} INFO - Processing /home/airflow/.local/lib/python3.6/site-packages/airflow/example_dags/example_task_group_decorator.py took 0.787 seconds
[2021-07-19 00:20:54,436] {scheduler_job.py:181} INFO - Started process (PID=2897) to work on /home/airflow/.local/lib/python3.6/site-packages/airflow/example_dags/example_task_group_decorator.py
[2021-07-19 00:20:54,440] {scheduler_job.py:632} INFO - Processing file /home/airflow/.local/lib/python3.6/site-packages/airflow/example_dags/example_task_group_decorator.py for tasks to queue
[2021-07-19 00:20:54,443] {logging_mixin.py:104} INFO - [2021-07-19 00:20:54,443] {dagbag.py:496} INFO - Filling up the DagBag from /home/airflow/.local/lib/python3.6/site-packages/airflow/example_dags/example_task_group_decorator.py
[2021-07-19 00:20:54,486] {scheduler_job.py:642} INFO - DAG(s) dict_keys(['example_task_group_decorator']) retrieved from /home/airflow/.local/lib/python3.6/site-packages/airflow/example_dags/example_task_group_decorator.py
[2021-07-19 00:20:54,782] {logging_mixin.py:104} INFO - [2021-07-19 00:20:54,782] {dag.py:1833} INFO - Sync 1 DAGs
[2021-07-19 00:20:54,804] {logging_mixin.py:104} INFO - [2021-07-19 00:20:54,804] {dag.py:2306} INFO - Setting next_dagrun for example_task_group_decorator to 2021-07-17 00:00:00+00:00
[2021-07-19 00:20:55,273] {scheduler_job.py:189} INFO - Processing /home/airflow/.local/lib/python3.6/site-packages/airflow/example_dags/example_task_group_decorator.py took 0.850 seconds
[2021-07-19 00:21:25,710] {scheduler_job.py:181} INFO - Started process (PID=2953) to work on /home/airflow/.local/lib/python3.6/site-packages/airflow/example_dags/example_task_group_decorator.py
[2021-07-19 00:21:25,717] {scheduler_job.py:632} INFO - Processing file /home/airflow/.local/lib/python3.6/site-packages/airflow/example_dags/example_task_group_decorator.py for tasks to queue
[2021-07-19 00:21:25,718] {logging_mixin.py:104} INFO - [2021-07-19 00:21:25,718] {dagbag.py:496} INFO - Filling up the DagBag from /home/airflow/.local/lib/python3.6/site-packages/airflow/example_dags/example_task_group_decorator.py
[2021-07-19 00:21:25,760] {scheduler_job.py:642} INFO - DAG(s) dict_keys(['example_task_group_decorator']) retrieved from /home/airflow/.local/lib/python3.6/site-packages/airflow/example_dags/example_task_group_decorator.py
[2021-07-19 00:21:26,132] {logging_mixin.py:104} INFO - [2021-07-19 00:21:26,132] {dag.py:1833} INFO - Sync 1 DAGs
[2021-07-19 00:21:26,148] {logging_mixin.py:104} INFO - [2021-07-19 00:21:26,148] {dag.py:2306} INFO - Setting next_dagrun for example_task_group_decorator to 2021-07-17 00:00:00+00:00
[2021-07-19 00:21:26,702] {scheduler_job.py:189} INFO - Processing /home/airflow/.local/lib/python3.6/site-packages/airflow/example_dags/example_task_group_decorator.py took 0.997 seconds
[2021-07-19 00:21:57,813] {scheduler_job.py:181} INFO - Started process (PID=3009) to work on /home/airflow/.local/lib/python3.6/site-packages/airflow/example_dags/example_task_group_decorator.py
[2021-07-19 00:21:57,815] {scheduler_job.py:632} INFO - Processing file /home/airflow/.local/lib/python3.6/site-packages/airflow/example_dags/example_task_group_decorator.py for tasks to queue
[2021-07-19 00:21:57,817] {logging_mixin.py:104} INFO - [2021-07-19 00:21:57,816] {dagbag.py:496} INFO - Filling up the DagBag from /home/airflow/.local/lib/python3.6/site-packages/airflow/example_dags/example_task_group_decorator.py
[2021-07-19 00:21:57,869] {scheduler_job.py:642} INFO - DAG(s) dict_keys(['example_task_group_decorator']) retrieved from /home/airflow/.local/lib/python3.6/site-packages/airflow/example_dags/example_task_group_decorator.py
[2021-07-19 00:21:58,362] {logging_mixin.py:104} INFO - [2021-07-19 00:21:58,362] {dag.py:1833} INFO - Sync 1 DAGs
[2021-07-19 00:21:58,400] {logging_mixin.py:104} INFO - [2021-07-19 00:21:58,400] {dag.py:2306} INFO - Setting next_dagrun for example_task_group_decorator to 2021-07-17 00:00:00+00:00
[2021-07-19 00:21:58,826] {scheduler_job.py:189} INFO - Processing /home/airflow/.local/lib/python3.6/site-packages/airflow/example_dags/example_task_group_decorator.py took 1.018 seconds
[2021-07-19 00:22:29,093] {scheduler_job.py:181} INFO - Started process (PID=3076) to work on /home/airflow/.local/lib/python3.6/site-packages/airflow/example_dags/example_task_group_decorator.py
[2021-07-19 00:22:29,095] {scheduler_job.py:632} INFO - Processing file /home/airflow/.local/lib/python3.6/site-packages/airflow/example_dags/example_task_group_decorator.py for tasks to queue
[2021-07-19 00:22:29,097] {logging_mixin.py:104} INFO - [2021-07-19 00:22:29,097] {dagbag.py:496} INFO - Filling up the DagBag from /home/airflow/.local/lib/python3.6/site-packages/airflow/example_dags/example_task_group_decorator.py
[2021-07-19 00:22:29,137] {scheduler_job.py:642} INFO - DAG(s) dict_keys(['example_task_group_decorator']) retrieved from /home/airflow/.local/lib/python3.6/site-packages/airflow/example_dags/example_task_group_decorator.py
[2021-07-19 00:22:29,412] {logging_mixin.py:104} INFO - [2021-07-19 00:22:29,412] {dag.py:1833} INFO - Sync 1 DAGs
[2021-07-19 00:22:29,429] {logging_mixin.py:104} INFO - [2021-07-19 00:22:29,429] {dag.py:2306} INFO - Setting next_dagrun for example_task_group_decorator to 2021-07-17 00:00:00+00:00
[2021-07-19 00:22:29,761] {scheduler_job.py:189} INFO - Processing /home/airflow/.local/lib/python3.6/site-packages/airflow/example_dags/example_task_group_decorator.py took 0.674 seconds
[2021-07-19 00:23:00,260] {scheduler_job.py:181} INFO - Started process (PID=3133) to work on /home/airflow/.local/lib/python3.6/site-packages/airflow/example_dags/example_task_group_decorator.py
[2021-07-19 00:23:00,262] {scheduler_job.py:632} INFO - Processing file /home/airflow/.local/lib/python3.6/site-packages/airflow/example_dags/example_task_group_decorator.py for tasks to queue
[2021-07-19 00:23:00,263] {logging_mixin.py:104} INFO - [2021-07-19 00:23:00,263] {dagbag.py:496} INFO - Filling up the DagBag from /home/airflow/.local/lib/python3.6/site-packages/airflow/example_dags/example_task_group_decorator.py
[2021-07-19 00:23:00,297] {scheduler_job.py:642} INFO - DAG(s) dict_keys(['example_task_group_decorator']) retrieved from /home/airflow/.local/lib/python3.6/site-packages/airflow/example_dags/example_task_group_decorator.py
[2021-07-19 00:23:00,617] {logging_mixin.py:104} INFO - [2021-07-19 00:23:00,617] {dag.py:1833} INFO - Sync 1 DAGs
[2021-07-19 00:23:00,638] {logging_mixin.py:104} INFO - [2021-07-19 00:23:00,637] {dag.py:2306} INFO - Setting next_dagrun for example_task_group_decorator to 2021-07-17 00:00:00+00:00
[2021-07-19 00:23:00,740] {scheduler_job.py:189} INFO - Processing /home/airflow/.local/lib/python3.6/site-packages/airflow/example_dags/example_task_group_decorator.py took 0.484 seconds
[2021-07-19 00:23:33,433] {scheduler_job.py:181} INFO - Started process (PID=3189) to work on /home/airflow/.local/lib/python3.6/site-packages/airflow/example_dags/example_task_group_decorator.py
[2021-07-19 00:23:33,436] {scheduler_job.py:632} INFO - Processing file /home/airflow/.local/lib/python3.6/site-packages/airflow/example_dags/example_task_group_decorator.py for tasks to queue
[2021-07-19 00:23:33,437] {logging_mixin.py:104} INFO - [2021-07-19 00:23:33,437] {dagbag.py:496} INFO - Filling up the DagBag from /home/airflow/.local/lib/python3.6/site-packages/airflow/example_dags/example_task_group_decorator.py
[2021-07-19 00:23:33,473] {scheduler_job.py:642} INFO - DAG(s) dict_keys(['example_task_group_decorator']) retrieved from /home/airflow/.local/lib/python3.6/site-packages/airflow/example_dags/example_task_group_decorator.py
[2021-07-19 00:23:33,803] {logging_mixin.py:104} INFO - [2021-07-19 00:23:33,803] {dag.py:1833} INFO - Sync 1 DAGs
[2021-07-19 00:23:33,822] {logging_mixin.py:104} INFO - [2021-07-19 00:23:33,822] {dag.py:2306} INFO - Setting next_dagrun for example_task_group_decorator to 2021-07-17 00:00:00+00:00
[2021-07-19 00:23:35,080] {scheduler_job.py:189} INFO - Processing /home/airflow/.local/lib/python3.6/site-packages/airflow/example_dags/example_task_group_decorator.py took 1.651 seconds
                                                                                                                                                                                                                                                                                                                                                                                                                                                                                                                                                                                                                                                                                                                                                                                                                                                                                                                                                                                                                                                                                                                                                                                                                                                                                                                                                                                                                                                                                                                                                                                                                                                                                                                                                                                                                                                                                                                                                                                                                                                                                                                                                                                                                                                                                                                                                                                                                                                                                                                                                                                                                                                                                                                                                                                                                                                                                                                                                                                                                                                                                                                                                                                                                                                                                                                                                                                                                                                                                                                                                                                                                                                                                                                                                                                                                                                                                                                                                                                                                                                                                                                                                                                                                                                                                                                                                                                                                                                                                                                                                                                                                                                                                                                                                                                                                                                                                                                                                                                                                                                                                                                                                                                                                                                                                                                                                                                                                                                                                                                                                                                                                                                                                                                                                                                                                                                                                                                                                                                                                                                                                                                                                                                                                                                                                                                                                                                                                                                                                                                                                                                                                                                                                                                                                                                                                                                                                                                                                   