[2021-07-19 00:00:01,547] {scheduler_job.py:181} INFO - Started process (PID=446) to work on /home/airflow/.local/lib/python3.6/site-packages/airflow/example_dags/example_branch_labels.py
[2021-07-19 00:00:01,550] {scheduler_job.py:632} INFO - Processing file /home/airflow/.local/lib/python3.6/site-packages/airflow/example_dags/example_branch_labels.py for tasks to queue
[2021-07-19 00:00:01,552] {logging_mixin.py:104} INFO - [2021-07-19 00:00:01,551] {dagbag.py:496} INFO - Filling up the DagBag from /home/airflow/.local/lib/python3.6/site-packages/airflow/example_dags/example_branch_labels.py
[2021-07-19 00:00:01,598] {scheduler_job.py:642} INFO - DAG(s) dict_keys(['example_branch_labels']) retrieved from /home/airflow/.local/lib/python3.6/site-packages/airflow/example_dags/example_branch_labels.py
[2021-07-19 00:00:01,924] {logging_mixin.py:104} INFO - [2021-07-19 00:00:01,923] {dag.py:1833} INFO - Sync 1 DAGs
[2021-07-19 00:00:01,950] {logging_mixin.py:104} INFO - [2021-07-19 00:00:01,949] {dag.py:2306} INFO - Setting next_dagrun for example_branch_labels to 2021-07-17 00:00:00+00:00
[2021-07-19 00:00:02,193] {scheduler_job.py:189} INFO - Processing /home/airflow/.local/lib/python3.6/site-packages/airflow/example_dags/example_branch_labels.py took 0.661 seconds
[2021-07-19 00:00:32,713] {scheduler_job.py:181} INFO - Started process (PID=516) to work on /home/airflow/.local/lib/python3.6/site-packages/airflow/example_dags/example_branch_labels.py
[2021-07-19 00:00:32,715] {scheduler_job.py:632} INFO - Processing file /home/airflow/.local/lib/python3.6/site-packages/airflow/example_dags/example_branch_labels.py for tasks to queue
[2021-07-19 00:00:32,717] {logging_mixin.py:104} INFO - [2021-07-19 00:00:32,716] {dagbag.py:496} INFO - Filling up the DagBag from /home/airflow/.local/lib/python3.6/site-packages/airflow/example_dags/example_branch_labels.py
[2021-07-19 00:00:32,733] {scheduler_job.py:642} INFO - DAG(s) dict_keys(['example_branch_labels']) retrieved from /home/airflow/.local/lib/python3.6/site-packages/airflow/example_dags/example_branch_labels.py
[2021-07-19 00:00:32,764] {logging_mixin.py:104} INFO - [2021-07-19 00:00:32,764] {dag.py:1833} INFO - Sync 1 DAGs
[2021-07-19 00:00:32,794] {logging_mixin.py:104} INFO - [2021-07-19 00:00:32,793] {dag.py:2306} INFO - Setting next_dagrun for example_branch_labels to 2021-07-17 00:00:00+00:00
[2021-07-19 00:00:32,868] {scheduler_job.py:189} INFO - Processing /home/airflow/.local/lib/python3.6/site-packages/airflow/example_dags/example_branch_labels.py took 0.159 seconds
[2021-07-19 00:01:03,698] {scheduler_job.py:181} INFO - Started process (PID=572) to work on /home/airflow/.local/lib/python3.6/site-packages/airflow/example_dags/example_branch_labels.py
[2021-07-19 00:01:03,702] {scheduler_job.py:632} INFO - Processing file /home/airflow/.local/lib/python3.6/site-packages/airflow/example_dags/example_branch_labels.py for tasks to queue
[2021-07-19 00:01:03,704] {logging_mixin.py:104} INFO - [2021-07-19 00:01:03,704] {dagbag.py:496} INFO - Filling up the DagBag from /home/airflow/.local/lib/python3.6/site-packages/airflow/example_dags/example_branch_labels.py
[2021-07-19 00:01:03,736] {scheduler_job.py:642} INFO - DAG(s) dict_keys(['example_branch_labels']) retrieved from /home/airflow/.local/lib/python3.6/site-packages/airflow/example_dags/example_branch_labels.py
[2021-07-19 00:01:03,772] {logging_mixin.py:104} INFO - [2021-07-19 00:01:03,772] {dag.py:1833} INFO - Sync 1 DAGs
[2021-07-19 00:01:03,802] {logging_mixin.py:104} INFO - [2021-07-19 00:01:03,802] {dag.py:2306} INFO - Setting next_dagrun for example_branch_labels to 2021-07-17 00:00:00+00:00
[2021-07-19 00:01:03,929] {scheduler_job.py:189} INFO - Processing /home/airflow/.local/lib/python3.6/site-packages/airflow/example_dags/example_branch_labels.py took 0.248 seconds
[2021-07-19 00:01:34,275] {scheduler_job.py:181} INFO - Started process (PID=638) to work on /home/airflow/.local/lib/python3.6/site-packages/airflow/example_dags/example_branch_labels.py
[2021-07-19 00:01:34,278] {scheduler_job.py:632} INFO - Processing file /home/airflow/.local/lib/python3.6/site-packages/airflow/example_dags/example_branch_labels.py for tasks to queue
[2021-07-19 00:01:34,279] {logging_mixin.py:104} INFO - [2021-07-19 00:01:34,279] {dagbag.py:496} INFO - Filling up the DagBag from /home/airflow/.local/lib/python3.6/site-packages/airflow/example_dags/example_branch_labels.py
[2021-07-19 00:01:34,300] {scheduler_job.py:642} INFO - DAG(s) dict_keys(['example_branch_labels']) retrieved from /home/airflow/.local/lib/python3.6/site-packages/airflow/example_dags/example_branch_labels.py
[2021-07-19 00:01:34,332] {logging_mixin.py:104} INFO - [2021-07-19 00:01:34,332] {dag.py:1833} INFO - Sync 1 DAGs
[2021-07-19 00:01:34,367] {logging_mixin.py:104} INFO - [2021-07-19 00:01:34,367] {dag.py:2306} INFO - Setting next_dagrun for example_branch_labels to 2021-07-17 00:00:00+00:00
[2021-07-19 00:01:34,415] {scheduler_job.py:189} INFO - Processing /home/airflow/.local/lib/python3.6/site-packages/airflow/example_dags/example_branch_labels.py took 0.145 seconds
[2021-07-19 00:02:05,056] {scheduler_job.py:181} INFO - Started process (PID=697) to work on /home/airflow/.local/lib/python3.6/site-packages/airflow/example_dags/example_branch_labels.py
[2021-07-19 00:02:05,058] {scheduler_job.py:632} INFO - Processing file /home/airflow/.local/lib/python3.6/site-packages/airflow/example_dags/example_branch_labels.py for tasks to queue
[2021-07-19 00:02:05,060] {logging_mixin.py:104} INFO - [2021-07-19 00:02:05,060] {dagbag.py:496} INFO - Filling up the DagBag from /home/airflow/.local/lib/python3.6/site-packages/airflow/example_dags/example_branch_labels.py
[2021-07-19 00:02:05,075] {scheduler_job.py:642} INFO - DAG(s) dict_keys(['example_branch_labels']) retrieved from /home/airflow/.local/lib/python3.6/site-packages/airflow/example_dags/example_branch_labels.py
[2021-07-19 00:02:05,103] {logging_mixin.py:104} INFO - [2021-07-19 00:02:05,103] {dag.py:1833} INFO - Sync 1 DAGs
[2021-07-19 00:02:05,130] {logging_mixin.py:104} INFO - [2021-07-19 00:02:05,130] {dag.py:2306} INFO - Setting next_dagrun for example_branch_labels to 2021-07-17 00:00:00+00:00
[2021-07-19 00:02:05,169] {scheduler_job.py:189} INFO - Processing /home/airflow/.local/lib/python3.6/site-packages/airflow/example_dags/example_branch_labels.py took 0.120 seconds
[2021-07-19 00:02:35,407] {scheduler_job.py:181} INFO - Started process (PID=755) to work on /home/airflow/.local/lib/python3.6/site-packages/airflow/example_dags/example_branch_labels.py
[2021-07-19 00:02:35,413] {scheduler_job.py:632} INFO - Processing file /home/airflow/.local/lib/python3.6/site-packages/airflow/example_dags/example_branch_labels.py for tasks to queue
[2021-07-19 00:02:35,416] {logging_mixin.py:104} INFO - [2021-07-19 00:02:35,416] {dagbag.py:496} INFO - Filling up the DagBag from /home/airflow/.local/lib/python3.6/site-packages/airflow/example_dags/example_branch_labels.py
[2021-07-19 00:02:35,454] {scheduler_job.py:642} INFO - DAG(s) dict_keys(['example_branch_labels']) retrieved from /home/airflow/.local/lib/python3.6/site-packages/airflow/example_dags/example_branch_labels.py
[2021-07-19 00:02:35,487] {logging_mixin.py:104} INFO - [2021-07-19 00:02:35,487] {dag.py:1833} INFO - Sync 1 DAGs
[2021-07-19 00:02:35,512] {logging_mixin.py:104} INFO - [2021-07-19 00:02:35,512] {dag.py:2306} INFO - Setting next_dagrun for example_branch_labels to 2021-07-17 00:00:00+00:00
[2021-07-19 00:02:35,627] {scheduler_job.py:189} INFO - Processing /home/airflow/.local/lib/python3.6/site-packages/airflow/example_dags/example_branch_labels.py took 0.232 seconds
[2021-07-19 00:03:05,692] {scheduler_job.py:181} INFO - Started process (PID=823) to work on /home/airflow/.local/lib/python3.6/site-packages/airflow/example_dags/example_branch_labels.py
[2021-07-19 00:03:05,694] {scheduler_job.py:632} INFO - Processing file /home/airflow/.local/lib/python3.6/site-packages/airflow/example_dags/example_branch_labels.py for tasks to queue
[2021-07-19 00:03:05,695] {logging_mixin.py:104} INFO - [2021-07-19 00:03:05,695] {dagbag.py:496} INFO - Filling up the DagBag from /home/airflow/.local/lib/python3.6/site-packages/airflow/example_dags/example_branch_labels.py
[2021-07-19 00:03:05,714] {scheduler_job.py:642} INFO - DAG(s) dict_keys(['example_branch_labels']) retrieved from /home/airflow/.local/lib/python3.6/site-packages/airflow/example_dags/example_branch_labels.py
[2021-07-19 00:03:05,744] {logging_mixin.py:104} INFO - [2021-07-19 00:03:05,744] {dag.py:1833} INFO - Sync 1 DAGs
[2021-07-19 00:03:05,776] {logging_mixin.py:104} INFO - [2021-07-19 00:03:05,776] {dag.py:2306} INFO - Setting next_dagrun for example_branch_labels to 2021-07-17 00:00:00+00:00
[2021-07-19 00:03:05,893] {scheduler_job.py:189} INFO - Processing /home/airflow/.local/lib/python3.6/site-packages/airflow/example_dags/example_branch_labels.py took 0.205 seconds
[2021-07-19 00:03:36,493] {scheduler_job.py:181} INFO - Started process (PID=878) to work on /home/airflow/.local/lib/python3.6/site-packages/airflow/example_dags/example_branch_labels.py
[2021-07-19 00:03:36,499] {scheduler_job.py:632} INFO - Processing file /home/airflow/.local/lib/python3.6/site-packages/airflow/example_dags/example_branch_labels.py for tasks to queue
[2021-07-19 00:03:36,500] {logging_mixin.py:104} INFO - [2021-07-19 00:03:36,500] {dagbag.py:496} INFO - Filling up the DagBag from /home/airflow/.local/lib/python3.6/site-packages/airflow/example_dags/example_branch_labels.py
[2021-07-19 00:03:36,519] {scheduler_job.py:642} INFO - DAG(s) dict_keys(['example_branch_labels']) retrieved from /home/airflow/.local/lib/python3.6/site-packages/airflow/example_dags/example_branch_labels.py
[2021-07-19 00:03:36,549] {logging_mixin.py:104} INFO - [2021-07-19 00:03:36,549] {dag.py:1833} INFO - Sync 1 DAGs
[2021-07-19 00:03:36,575] {logging_mixin.py:104} INFO - [2021-07-19 00:03:36,575] {dag.py:2306} INFO - Setting next_dagrun for example_branch_labels to 2021-07-17 00:00:00+00:00
[2021-07-19 00:03:36,673] {scheduler_job.py:189} INFO - Processing /home/airflow/.local/lib/python3.6/site-packages/airflow/example_dags/example_branch_labels.py took 0.188 seconds
[2021-07-19 00:04:06,960] {scheduler_job.py:181} INFO - Started process (PID=934) to work on /home/airflow/.local/lib/python3.6/site-packages/airflow/example_dags/example_branch_labels.py
[2021-07-19 00:04:06,962] {scheduler_job.py:632} INFO - Processing file /home/airflow/.local/lib/python3.6/site-packages/airflow/example_dags/example_branch_labels.py for tasks to queue
[2021-07-19 00:04:06,963] {logging_mixin.py:104} INFO - [2021-07-19 00:04:06,963] {dagbag.py:496} INFO - Filling up the DagBag from /home/airflow/.local/lib/python3.6/site-packages/airflow/example_dags/example_branch_labels.py
[2021-07-19 00:04:06,979] {scheduler_job.py:642} INFO - DAG(s) dict_keys(['example_branch_labels']) retrieved from /home/airflow/.local/lib/python3.6/site-packages/airflow/example_dags/example_branch_labels.py
[2021-07-19 00:04:07,012] {logging_mixin.py:104} INFO - [2021-07-19 00:04:07,011] {dag.py:1833} INFO - Sync 1 DAGs
[2021-07-19 00:04:07,042] {logging_mixin.py:104} INFO - [2021-07-19 00:04:07,042] {dag.py:2306} INFO - Setting next_dagrun for example_branch_labels to 2021-07-17 00:00:00+00:00
[2021-07-19 00:04:07,209] {scheduler_job.py:189} INFO - Processing /home/airflow/.local/lib/python3.6/site-packages/airflow/example_dags/example_branch_labels.py took 0.253 seconds
[2021-07-19 00:04:37,514] {scheduler_job.py:181} INFO - Started process (PID=1003) to work on /home/airflow/.local/lib/python3.6/site-packages/airflow/example_dags/example_branch_labels.py
[2021-07-19 00:04:37,520] {scheduler_job.py:632} INFO - Processing file /home/airflow/.local/lib/python3.6/site-packages/airflow/example_dags/example_branch_labels.py for tasks to queue
[2021-07-19 00:04:37,524] {logging_mixin.py:104} INFO - [2021-07-19 00:04:37,523] {dagbag.py:496} INFO - Filling up the DagBag from /home/airflow/.local/lib/python3.6/site-packages/airflow/example_dags/example_branch_labels.py
[2021-07-19 00:04:37,563] {scheduler_job.py:642} INFO - DAG(s) dict_keys(['example_branch_labels']) retrieved from /home/airflow/.local/lib/python3.6/site-packages/airflow/example_dags/example_branch_labels.py
[2021-07-19 00:04:37,596] {logging_mixin.py:104} INFO - [2021-07-19 00:04:37,595] {dag.py:1833} INFO - Sync 1 DAGs
[2021-07-19 00:04:37,619] {logging_mixin.py:104} INFO - [2021-07-19 00:04:37,619] {dag.py:2306} INFO - Setting next_dagrun for example_branch_labels to 2021-07-17 00:00:00+00:00
[2021-07-19 00:04:37,788] {scheduler_job.py:189} INFO - Processing /home/airflow/.local/lib/python3.6/site-packages/airflow/example_dags/example_branch_labels.py took 0.288 seconds
[2021-07-19 00:05:07,954] {scheduler_job.py:181} INFO - Started process (PID=1059) to work on /home/airflow/.local/lib/python3.6/site-packages/airflow/example_dags/example_branch_labels.py
[2021-07-19 00:05:07,956] {scheduler_job.py:632} INFO - Processing file /home/airflow/.local/lib/python3.6/site-packages/airflow/example_dags/example_branch_labels.py for tasks to queue
[2021-07-19 00:05:07,957] {logging_mixin.py:104} INFO - [2021-07-19 00:05:07,957] {dagbag.py:496} INFO - Filling up the DagBag from /home/airflow/.local/lib/python3.6/site-packages/airflow/example_dags/example_branch_labels.py
[2021-07-19 00:05:07,972] {scheduler_job.py:642} INFO - DAG(s) dict_keys(['example_branch_labels']) retrieved from /home/airflow/.local/lib/python3.6/site-packages/airflow/example_dags/example_branch_labels.py
[2021-07-19 00:05:07,997] {logging_mixin.py:104} INFO - [2021-07-19 00:05:07,997] {dag.py:1833} INFO - Sync 1 DAGs
[2021-07-19 00:05:08,022] {logging_mixin.py:104} INFO - [2021-07-19 00:05:08,022] {dag.py:2306} INFO - Setting next_dagrun for example_branch_labels to 2021-07-17 00:00:00+00:00
[2021-07-19 00:05:08,133] {scheduler_job.py:189} INFO - Processing /home/airflow/.local/lib/python3.6/site-packages/airflow/example_dags/example_branch_labels.py took 0.182 seconds
[2021-07-19 00:05:38,360] {scheduler_job.py:181} INFO - Started process (PID=1116) to work on /home/airflow/.local/lib/python3.6/site-packages/airflow/example_dags/example_branch_labels.py
[2021-07-19 00:05:38,364] {scheduler_job.py:632} INFO - Processing file /home/airflow/.local/lib/python3.6/site-packages/airflow/example_dags/example_branch_labels.py for tasks to queue
[2021-07-19 00:05:38,366] {logging_mixin.py:104} INFO - [2021-07-19 00:05:38,365] {dagbag.py:496} INFO - Filling up the DagBag from /home/airflow/.local/lib/python3.6/site-packages/airflow/example_dags/example_branch_labels.py
[2021-07-19 00:05:38,388] {scheduler_job.py:642} INFO - DAG(s) dict_keys(['example_branch_labels']) retrieved from /home/airflow/.local/lib/python3.6/site-packages/airflow/example_dags/example_branch_labels.py
[2021-07-19 00:05:38,430] {logging_mixin.py:104} INFO - [2021-07-19 00:05:38,429] {dag.py:1833} INFO - Sync 1 DAGs
[2021-07-19 00:05:38,462] {logging_mixin.py:104} INFO - [2021-07-19 00:05:38,462] {dag.py:2306} INFO - Setting next_dagrun for example_branch_labels to 2021-07-17 00:00:00+00:00
[2021-07-19 00:05:38,512] {scheduler_job.py:189} INFO - Processing /home/airflow/.local/lib/python3.6/site-packages/airflow/example_dags/example_branch_labels.py took 0.162 seconds
[2021-07-19 00:06:08,662] {scheduler_job.py:181} INFO - Started process (PID=1182) to work on /home/airflow/.local/lib/python3.6/site-packages/airflow/example_dags/example_branch_labels.py
[2021-07-19 00:06:08,668] {scheduler_job.py:632} INFO - Processing file /home/airflow/.local/lib/python3.6/site-packages/airflow/example_dags/example_branch_labels.py for tasks to queue
[2021-07-19 00:06:08,671] {logging_mixin.py:104} INFO - [2021-07-19 00:06:08,671] {dagbag.py:496} INFO - Filling up the DagBag from /home/airflow/.local/lib/python3.6/site-packages/airflow/example_dags/example_branch_labels.py
[2021-07-19 00:06:08,731] {scheduler_job.py:642} INFO - DAG(s) dict_keys(['example_branch_labels']) retrieved from /home/airflow/.local/lib/python3.6/site-packages/airflow/example_dags/example_branch_labels.py
[2021-07-19 00:06:08,761] {logging_mixin.py:104} INFO - [2021-07-19 00:06:08,760] {dag.py:1833} INFO - Sync 1 DAGs
[2021-07-19 00:06:08,788] {logging_mixin.py:104} INFO - [2021-07-19 00:06:08,788] {dag.py:2306} INFO - Setting next_dagrun for example_branch_labels to 2021-07-17 00:00:00+00:00
[2021-07-19 00:06:08,835] {scheduler_job.py:189} INFO - Processing /home/airflow/.local/lib/python3.6/site-packages/airflow/example_dags/example_branch_labels.py took 0.183 seconds
[2021-07-19 00:06:39,010] {scheduler_job.py:181} INFO - Started process (PID=1239) to work on /home/airflow/.local/lib/python3.6/site-packages/airflow/example_dags/example_branch_labels.py
[2021-07-19 00:06:39,012] {scheduler_job.py:632} INFO - Processing file /home/airflow/.local/lib/python3.6/site-packages/airflow/example_dags/example_branch_labels.py for tasks to queue
[2021-07-19 00:06:39,013] {logging_mixin.py:104} INFO - [2021-07-19 00:06:39,013] {dagbag.py:496} INFO - Filling up the DagBag from /home/airflow/.local/lib/python3.6/site-packages/airflow/example_dags/example_branch_labels.py
[2021-07-19 00:06:39,030] {scheduler_job.py:642} INFO - DAG(s) dict_keys(['example_branch_labels']) retrieved from /home/airflow/.local/lib/python3.6/site-packages/airflow/example_dags/example_branch_labels.py
[2021-07-19 00:06:39,059] {logging_mixin.py:104} INFO - [2021-07-19 00:06:39,059] {dag.py:1833} INFO - Sync 1 DAGs
[2021-07-19 00:06:39,084] {logging_mixin.py:104} INFO - [2021-07-19 00:06:39,084] {dag.py:2306} INFO - Setting next_dagrun for example_branch_labels to 2021-07-17 00:00:00+00:00
[2021-07-19 00:06:39,144] {scheduler_job.py:189} INFO - Processing /home/airflow/.local/lib/python3.6/site-packages/airflow/example_dags/example_branch_labels.py took 0.139 seconds
[2021-07-19 00:07:09,966] {scheduler_job.py:181} INFO - Started process (PID=1307) to work on /home/airflow/.local/lib/python3.6/site-packages/airflow/example_dags/example_branch_labels.py
[2021-07-19 00:07:09,968] {scheduler_job.py:632} INFO - Processing file /home/airflow/.local/lib/python3.6/site-packages/airflow/example_dags/example_branch_labels.py for tasks to queue
[2021-07-19 00:07:09,970] {logging_mixin.py:104} INFO - [2021-07-19 00:07:09,969] {dagbag.py:496} INFO - Filling up the DagBag from /home/airflow/.local/lib/python3.6/site-packages/airflow/example_dags/example_branch_labels.py
[2021-07-19 00:07:09,991] {scheduler_job.py:642} INFO - DAG(s) dict_keys(['example_branch_labels']) retrieved from /home/airflow/.local/lib/python3.6/site-packages/airflow/example_dags/example_branch_labels.py
[2021-07-19 00:07:10,028] {logging_mixin.py:104} INFO - [2021-07-19 00:07:10,027] {dag.py:1833} INFO - Sync 1 DAGs
[2021-07-19 00:07:10,067] {logging_mixin.py:104} INFO - [2021-07-19 00:07:10,067] {dag.py:2306} INFO - Setting next_dagrun for example_branch_labels to 2021-07-17 00:00:00+00:00
[2021-07-19 00:07:10,184] {scheduler_job.py:189} INFO - Processing /home/airflow/.local/lib/python3.6/site-packages/airflow/example_dags/example_branch_labels.py took 0.222 seconds
[2021-07-19 00:07:40,936] {scheduler_job.py:181} INFO - Started process (PID=1363) to work on /home/airflow/.local/lib/python3.6/site-packages/airflow/example_dags/example_branch_labels.py
[2021-07-19 00:07:40,943] {scheduler_job.py:632} INFO - Processing file /home/airflow/.local/lib/python3.6/site-packages/airflow/example_dags/example_branch_labels.py for tasks to queue
[2021-07-19 00:07:40,947] {logging_mixin.py:104} INFO - [2021-07-19 00:07:40,946] {dagbag.py:496} INFO - Filling up the DagBag from /home/airflow/.local/lib/python3.6/site-packages/airflow/example_dags/example_branch_labels.py
[2021-07-19 00:07:40,996] {scheduler_job.py:642} INFO - DAG(s) dict_keys(['example_branch_labels']) retrieved from /home/airflow/.local/lib/python3.6/site-packages/airflow/example_dags/example_branch_labels.py
[2021-07-19 00:07:41,047] {logging_mixin.py:104} INFO - [2021-07-19 00:07:41,047] {dag.py:1833} INFO - Sync 1 DAGs
[2021-07-19 00:07:41,084] {logging_mixin.py:104} INFO - [2021-07-19 00:07:41,084] {dag.py:2306} INFO - Setting next_dagrun for example_branch_labels to 2021-07-17 00:00:00+00:00
[2021-07-19 00:07:41,182] {scheduler_job.py:189} INFO - Processing /home/airflow/.local/lib/python3.6/site-packages/airflow/example_dags/example_branch_labels.py took 0.259 seconds
[2021-07-19 00:08:12,094] {scheduler_job.py:181} INFO - Started process (PID=1420) to work on /home/airflow/.local/lib/python3.6/site-packages/airflow/example_dags/example_branch_labels.py
[2021-07-19 00:08:12,096] {scheduler_job.py:632} INFO - Processing file /home/airflow/.local/lib/python3.6/site-packages/airflow/example_dags/example_branch_labels.py for tasks to queue
[2021-07-19 00:08:12,098] {logging_mixin.py:104} INFO - [2021-07-19 00:08:12,097] {dagbag.py:496} INFO - Filling up the DagBag from /home/airflow/.local/lib/python3.6/site-packages/airflow/example_dags/example_branch_labels.py
[2021-07-19 00:08:12,117] {scheduler_job.py:642} INFO - DAG(s) dict_keys(['example_branch_labels']) retrieved from /home/airflow/.local/lib/python3.6/site-packages/airflow/example_dags/example_branch_labels.py
[2021-07-19 00:08:12,150] {logging_mixin.py:104} INFO - [2021-07-19 00:08:12,150] {dag.py:1833} INFO - Sync 1 DAGs
[2021-07-19 00:08:12,176] {logging_mixin.py:104} INFO - [2021-07-19 00:08:12,176] {dag.py:2306} INFO - Setting next_dagrun for example_branch_labels to 2021-07-17 00:00:00+00:00
[2021-07-19 00:08:12,384] {scheduler_job.py:189} INFO - Processing /home/airflow/.local/lib/python3.6/site-packages/airflow/example_dags/example_branch_labels.py took 0.294 seconds
[2021-07-19 00:08:42,486] {scheduler_job.py:181} INFO - Started process (PID=1487) to work on /home/airflow/.local/lib/python3.6/site-packages/airflow/example_dags/example_branch_labels.py
[2021-07-19 00:08:42,489] {scheduler_job.py:632} INFO - Processing file /home/airflow/.local/lib/python3.6/site-packages/airflow/example_dags/example_branch_labels.py for tasks to queue
[2021-07-19 00:08:42,491] {logging_mixin.py:104} INFO - [2021-07-19 00:08:42,490] {dagbag.py:496} INFO - Filling up the DagBag from /home/airflow/.local/lib/python3.6/site-packages/airflow/example_dags/example_branch_labels.py
[2021-07-19 00:08:42,509] {scheduler_job.py:642} INFO - DAG(s) dict_keys(['example_branch_labels']) retrieved from /home/airflow/.local/lib/python3.6/site-packages/airflow/example_dags/example_branch_labels.py
[2021-07-19 00:08:42,542] {logging_mixin.py:104} INFO - [2021-07-19 00:08:42,542] {dag.py:1833} INFO - Sync 1 DAGs
[2021-07-19 00:08:42,566] {logging_mixin.py:104} INFO - [2021-07-19 00:08:42,566] {dag.py:2306} INFO - Setting next_dagrun for example_branch_labels to 2021-07-17 00:00:00+00:00
[2021-07-19 00:08:42,731] {scheduler_job.py:189} INFO - Processing /home/airflow/.local/lib/python3.6/site-packages/airflow/example_dags/example_branch_labels.py took 0.249 seconds
[2021-07-19 00:09:13,054] {scheduler_job.py:181} INFO - Started process (PID=1543) to work on /home/airflow/.local/lib/python3.6/site-packages/airflow/example_dags/example_branch_labels.py
[2021-07-19 00:09:13,055] {scheduler_job.py:632} INFO - Processing file /home/airflow/.local/lib/python3.6/site-packages/airflow/example_dags/example_branch_labels.py for tasks to queue
[2021-07-19 00:09:13,056] {logging_mixin.py:104} INFO - [2021-07-19 00:09:13,056] {dagbag.py:496} INFO - Filling up the DagBag from /home/airflow/.local/lib/python3.6/site-packages/airflow/example_dags/example_branch_labels.py
[2021-07-19 00:09:13,071] {scheduler_job.py:642} INFO - DAG(s) dict_keys(['example_branch_labels']) retrieved from /home/airflow/.local/lib/python3.6/site-packages/airflow/example_dags/example_branch_labels.py
[2021-07-19 00:09:13,098] {logging_mixin.py:104} INFO - [2021-07-19 00:09:13,098] {dag.py:1833} INFO - Sync 1 DAGs
[2021-07-19 00:09:13,130] {logging_mixin.py:104} INFO - [2021-07-19 00:09:13,130] {dag.py:2306} INFO - Setting next_dagrun for example_branch_labels to 2021-07-17 00:00:00+00:00
[2021-07-19 00:09:13,234] {scheduler_job.py:189} INFO - Processing /home/airflow/.local/lib/python3.6/site-packages/airflow/example_dags/example_branch_labels.py took 0.184 seconds
[2021-07-19 00:09:43,844] {scheduler_job.py:181} INFO - Started process (PID=1599) to work on /home/airflow/.local/lib/python3.6/site-packages/airflow/example_dags/example_branch_labels.py
[2021-07-19 00:09:43,851] {scheduler_job.py:632} INFO - Processing file /home/airflow/.local/lib/python3.6/site-packages/airflow/example_dags/example_branch_labels.py for tasks to queue
[2021-07-19 00:09:43,854] {logging_mixin.py:104} INFO - [2021-07-19 00:09:43,854] {dagbag.py:496} INFO - Filling up the DagBag from /home/airflow/.local/lib/python3.6/site-packages/airflow/example_dags/example_branch_labels.py
[2021-07-19 00:09:43,898] {scheduler_job.py:642} INFO - DAG(s) dict_keys(['example_branch_labels']) retrieved from /home/airflow/.local/lib/python3.6/site-packages/airflow/example_dags/example_branch_labels.py
[2021-07-19 00:09:43,997] {logging_mixin.py:104} INFO - [2021-07-19 00:09:43,997] {dag.py:1833} INFO - Sync 1 DAGs
[2021-07-19 00:09:44,046] {logging_mixin.py:104} INFO - [2021-07-19 00:09:44,046] {dag.py:2306} INFO - Setting next_dagrun for example_branch_labels to 2021-07-17 00:00:00+00:00
[2021-07-19 00:09:44,091] {scheduler_job.py:189} INFO - Processing /home/airflow/.local/lib/python3.6/site-packages/airflow/example_dags/example_branch_labels.py took 0.256 seconds
[2021-07-19 00:10:14,321] {scheduler_job.py:181} INFO - Started process (PID=1667) to work on /home/airflow/.local/lib/python3.6/site-packages/airflow/example_dags/example_branch_labels.py
[2021-07-19 00:10:14,323] {scheduler_job.py:632} INFO - Processing file /home/airflow/.local/lib/python3.6/site-packages/airflow/example_dags/example_branch_labels.py for tasks to queue
[2021-07-19 00:10:14,326] {logging_mixin.py:104} INFO - [2021-07-19 00:10:14,326] {dagbag.py:496} INFO - Filling up the DagBag from /home/airflow/.local/lib/python3.6/site-packages/airflow/example_dags/example_branch_labels.py
[2021-07-19 00:10:14,340] {scheduler_job.py:642} INFO - DAG(s) dict_keys(['example_branch_labels']) retrieved from /home/airflow/.local/lib/python3.6/site-packages/airflow/example_dags/example_branch_labels.py
[2021-07-19 00:10:14,373] {logging_mixin.py:104} INFO - [2021-07-19 00:10:14,373] {dag.py:1833} INFO - Sync 1 DAGs
[2021-07-19 00:10:14,401] {logging_mixin.py:104} INFO - [2021-07-19 00:10:14,401] {dag.py:2306} INFO - Setting next_dagrun for example_branch_labels to 2021-07-17 00:00:00+00:00
[2021-07-19 00:10:14,488] {scheduler_job.py:189} INFO - Processing /home/airflow/.local/lib/python3.6/site-packages/airflow/example_dags/example_branch_labels.py took 0.171 seconds
[2021-07-19 00:10:45,019] {scheduler_job.py:181} INFO - Started process (PID=1724) to work on /home/airflow/.local/lib/python3.6/site-packages/airflow/example_dags/example_branch_labels.py
[2021-07-19 00:10:45,033] {scheduler_job.py:632} INFO - Processing file /home/airflow/.local/lib/python3.6/site-packages/airflow/example_dags/example_branch_labels.py for tasks to queue
[2021-07-19 00:10:45,037] {logging_mixin.py:104} INFO - [2021-07-19 00:10:45,037] {dagbag.py:496} INFO - Filling up the DagBag from /home/airflow/.local/lib/python3.6/site-packages/airflow/example_dags/example_branch_labels.py
[2021-07-19 00:10:45,063] {scheduler_job.py:642} INFO - DAG(s) dict_keys(['example_branch_labels']) retrieved from /home/airflow/.local/lib/python3.6/site-packages/airflow/example_dags/example_branch_labels.py
[2021-07-19 00:10:45,087] {logging_mixin.py:104} INFO - [2021-07-19 00:10:45,087] {dag.py:1833} INFO - Sync 1 DAGs
[2021-07-19 00:10:45,112] {logging_mixin.py:104} INFO - [2021-07-19 00:10:45,112] {dag.py:2306} INFO - Setting next_dagrun for example_branch_labels to 2021-07-17 00:00:00+00:00
[2021-07-19 00:10:45,227] {scheduler_job.py:189} INFO - Processing /home/airflow/.local/lib/python3.6/site-packages/airflow/example_dags/example_branch_labels.py took 0.225 seconds
[2021-07-19 00:11:16,439] {scheduler_job.py:181} INFO - Started process (PID=1779) to work on /home/airflow/.local/lib/python3.6/site-packages/airflow/example_dags/example_branch_labels.py
[2021-07-19 00:11:16,442] {scheduler_job.py:632} INFO - Processing file /home/airflow/.local/lib/python3.6/site-packages/airflow/example_dags/example_branch_labels.py for tasks to queue
[2021-07-19 00:11:16,444] {logging_mixin.py:104} INFO - [2021-07-19 00:11:16,443] {dagbag.py:496} INFO - Filling up the DagBag from /home/airflow/.local/lib/python3.6/site-packages/airflow/example_dags/example_branch_labels.py
[2021-07-19 00:11:16,468] {scheduler_job.py:642} INFO - DAG(s) dict_keys(['example_branch_labels']) retrieved from /home/airflow/.local/lib/python3.6/site-packages/airflow/example_dags/example_branch_labels.py
[2021-07-19 00:11:16,499] {logging_mixin.py:104} INFO - [2021-07-19 00:11:16,499] {dag.py:1833} INFO - Sync 1 DAGs
[2021-07-19 00:11:16,528] {logging_mixin.py:104} INFO - [2021-07-19 00:11:16,527] {dag.py:2306} INFO - Setting next_dagrun for example_branch_labels to 2021-07-17 00:00:00+00:00
[2021-07-19 00:11:17,373] {scheduler_job.py:189} INFO - Processing /home/airflow/.local/lib/python3.6/site-packages/airflow/example_dags/example_branch_labels.py took 0.945 seconds
[2021-07-19 00:11:48,192] {scheduler_job.py:181} INFO - Started process (PID=1848) to work on /home/airflow/.local/lib/python3.6/site-packages/airflow/example_dags/example_branch_labels.py
[2021-07-19 00:11:48,194] {scheduler_job.py:632} INFO - Processing file /home/airflow/.local/lib/python3.6/site-packages/airflow/example_dags/example_branch_labels.py for tasks to queue
[2021-07-19 00:11:48,195] {logging_mixin.py:104} INFO - [2021-07-19 00:11:48,195] {dagbag.py:496} INFO - Filling up the DagBag from /home/airflow/.local/lib/python3.6/site-packages/airflow/example_dags/example_branch_labels.py
[2021-07-19 00:11:48,212] {scheduler_job.py:642} INFO - DAG(s) dict_keys(['example_branch_labels']) retrieved from /home/airflow/.local/lib/python3.6/site-packages/airflow/example_dags/example_branch_labels.py
[2021-07-19 00:11:48,252] {logging_mixin.py:104} INFO - [2021-07-19 00:11:48,252] {dag.py:1833} INFO - Sync 1 DAGs
[2021-07-19 00:11:48,294] {logging_mixin.py:104} INFO - [2021-07-19 00:11:48,294] {dag.py:2306} INFO - Setting next_dagrun for example_branch_labels to 2021-07-17 00:00:00+00:00
[2021-07-19 00:11:48,395] {scheduler_job.py:189} INFO - Processing /home/airflow/.local/lib/python3.6/site-packages/airflow/example_dags/example_branch_labels.py took 0.208 seconds
[2021-07-19 00:12:18,514] {scheduler_job.py:181} INFO - Started process (PID=1904) to work on /home/airflow/.local/lib/python3.6/site-packages/airflow/example_dags/example_branch_labels.py
[2021-07-19 00:12:18,516] {scheduler_job.py:632} INFO - Processing file /home/airflow/.local/lib/python3.6/site-packages/airflow/example_dags/example_branch_labels.py for tasks to queue
[2021-07-19 00:12:18,517] {logging_mixin.py:104} INFO - [2021-07-19 00:12:18,517] {dagbag.py:496} INFO - Filling up the DagBag from /home/airflow/.local/lib/python3.6/site-packages/airflow/example_dags/example_branch_labels.py
[2021-07-19 00:12:18,533] {scheduler_job.py:642} INFO - DAG(s) dict_keys(['example_branch_labels']) retrieved from /home/airflow/.local/lib/python3.6/site-packages/airflow/example_dags/example_branch_labels.py
[2021-07-19 00:12:18,560] {logging_mixin.py:104} INFO - [2021-07-19 00:12:18,560] {dag.py:1833} INFO - Sync 1 DAGs
[2021-07-19 00:12:18,588] {logging_mixin.py:104} INFO - [2021-07-19 00:12:18,588] {dag.py:2306} INFO - Setting next_dagrun for example_branch_labels to 2021-07-17 00:00:00+00:00
[2021-07-19 00:12:18,739] {scheduler_job.py:189} INFO - Processing /home/airflow/.local/lib/python3.6/site-packages/airflow/example_dags/example_branch_labels.py took 0.230 seconds
[2021-07-19 00:12:49,053] {scheduler_job.py:181} INFO - Started process (PID=1961) to work on /home/airflow/.local/lib/python3.6/site-packages/airflow/example_dags/example_branch_labels.py
[2021-07-19 00:12:49,055] {scheduler_job.py:632} INFO - Processing file /home/airflow/.local/lib/python3.6/site-packages/airflow/example_dags/example_branch_labels.py for tasks to queue
[2021-07-19 00:12:49,056] {logging_mixin.py:104} INFO - [2021-07-19 00:12:49,056] {dagbag.py:496} INFO - Filling up the DagBag from /home/airflow/.local/lib/python3.6/site-packages/airflow/example_dags/example_branch_labels.py
[2021-07-19 00:12:49,071] {scheduler_job.py:642} INFO - DAG(s) dict_keys(['example_branch_labels']) retrieved from /home/airflow/.local/lib/python3.6/site-packages/airflow/example_dags/example_branch_labels.py
[2021-07-19 00:12:49,166] {logging_mixin.py:104} INFO - [2021-07-19 00:12:49,166] {dag.py:1833} INFO - Sync 1 DAGs
[2021-07-19 00:12:49,198] {logging_mixin.py:104} INFO - [2021-07-19 00:12:49,198] {dag.py:2306} INFO - Setting next_dagrun for example_branch_labels to 2021-07-17 00:00:00+00:00
[2021-07-19 00:12:49,291] {scheduler_job.py:189} INFO - Processing /home/airflow/.local/lib/python3.6/site-packages/airflow/example_dags/example_branch_labels.py took 0.243 seconds
[2021-07-19 00:13:19,837] {scheduler_job.py:181} INFO - Started process (PID=2019) to work on /home/airflow/.local/lib/python3.6/site-packages/airflow/example_dags/example_branch_labels.py
[2021-07-19 00:13:19,839] {scheduler_job.py:632} INFO - Processing file /home/airflow/.local/lib/python3.6/site-packages/airflow/example_dags/example_branch_labels.py for tasks to queue
[2021-07-19 00:13:19,840] {logging_mixin.py:104} INFO - [2021-07-19 00:13:19,840] {dagbag.py:496} INFO - Filling up the DagBag from /home/airflow/.local/lib/python3.6/site-packages/airflow/example_dags/example_branch_labels.py
[2021-07-19 00:13:19,854] {scheduler_job.py:642} INFO - DAG(s) dict_keys(['example_branch_labels']) retrieved from /home/airflow/.local/lib/python3.6/site-packages/airflow/example_dags/example_branch_labels.py
[2021-07-19 00:13:19,898] {logging_mixin.py:104} INFO - [2021-07-19 00:13:19,898] {dag.py:1833} INFO - Sync 1 DAGs
[2021-07-19 00:13:19,924] {logging_mixin.py:104} INFO - [2021-07-19 00:13:19,924] {dag.py:2306} INFO - Setting next_dagrun for example_branch_labels to 2021-07-17 00:00:00+00:00
[2021-07-19 00:13:20,134] {scheduler_job.py:189} INFO - Processing /home/airflow/.local/lib/python3.6/site-packages/airflow/example_dags/example_branch_labels.py took 0.301 seconds
[2021-07-19 00:13:50,261] {scheduler_job.py:181} INFO - Started process (PID=2092) to work on /home/airflow/.local/lib/python3.6/site-packages/airflow/example_dags/example_branch_labels.py
[2021-07-19 00:13:50,264] {scheduler_job.py:632} INFO - Processing file /home/airflow/.local/lib/python3.6/site-packages/airflow/example_dags/example_branch_labels.py for tasks to queue
[2021-07-19 00:13:50,265] {logging_mixin.py:104} INFO - [2021-07-19 00:13:50,265] {dagbag.py:496} INFO - Filling up the DagBag from /home/airflow/.local/lib/python3.6/site-packages/airflow/example_dags/example_branch_labels.py
[2021-07-19 00:13:50,277] {scheduler_job.py:642} INFO - DAG(s) dict_keys(['example_branch_labels']) retrieved from /home/airflow/.local/lib/python3.6/site-packages/airflow/example_dags/example_branch_labels.py
[2021-07-19 00:13:50,301] {logging_mixin.py:104} INFO - [2021-07-19 00:13:50,301] {dag.py:1833} INFO - Sync 1 DAGs
[2021-07-19 00:13:50,323] {logging_mixin.py:104} INFO - [2021-07-19 00:13:50,323] {dag.py:2306} INFO - Setting next_dagrun for example_branch_labels to 2021-07-17 00:00:00+00:00
[2021-07-19 00:13:50,382] {scheduler_job.py:189} INFO - Processing /home/airflow/.local/lib/python3.6/site-packages/airflow/example_dags/example_branch_labels.py took 0.124 seconds
[2021-07-19 00:14:20,590] {scheduler_job.py:181} INFO - Started process (PID=2149) to work on /home/airflow/.local/lib/python3.6/site-packages/airflow/example_dags/example_branch_labels.py
[2021-07-19 00:14:20,595] {scheduler_job.py:632} INFO - Processing file /home/airflow/.local/lib/python3.6/site-packages/airflow/example_dags/example_branch_labels.py for tasks to queue
[2021-07-19 00:14:20,599] {logging_mixin.py:104} INFO - [2021-07-19 00:14:20,598] {dagbag.py:496} INFO - Filling up the DagBag from /home/airflow/.local/lib/python3.6/site-packages/airflow/example_dags/example_branch_labels.py
[2021-07-19 00:14:20,629] {scheduler_job.py:642} INFO - DAG(s) dict_keys(['example_branch_labels']) retrieved from /home/airflow/.local/lib/python3.6/site-packages/airflow/example_dags/example_branch_labels.py
[2021-07-19 00:14:20,673] {logging_mixin.py:104} INFO - [2021-07-19 00:14:20,673] {dag.py:1833} INFO - Sync 1 DAGs
[2021-07-19 00:14:20,743] {logging_mixin.py:104} INFO - [2021-07-19 00:14:20,743] {dag.py:2306} INFO - Setting next_dagrun for example_branch_labels to 2021-07-17 00:00:00+00:00
[2021-07-19 00:14:21,137] {scheduler_job.py:189} INFO - Processing /home/airflow/.local/lib/python3.6/site-packages/airflow/example_dags/example_branch_labels.py took 0.559 seconds
[2021-07-19 00:14:51,966] {scheduler_job.py:181} INFO - Started process (PID=2206) to work on /home/airflow/.local/lib/python3.6/site-packages/airflow/example_dags/example_branch_labels.py
[2021-07-19 00:14:51,968] {scheduler_job.py:632} INFO - Processing file /home/airflow/.local/lib/python3.6/site-packages/airflow/example_dags/example_branch_labels.py for tasks to queue
[2021-07-19 00:14:51,969] {logging_mixin.py:104} INFO - [2021-07-19 00:14:51,969] {dagbag.py:496} INFO - Filling up the DagBag from /home/airflow/.local/lib/python3.6/site-packages/airflow/example_dags/example_branch_labels.py
[2021-07-19 00:14:51,990] {scheduler_job.py:642} INFO - DAG(s) dict_keys(['example_branch_labels']) retrieved from /home/airflow/.local/lib/python3.6/site-packages/airflow/example_dags/example_branch_labels.py
[2021-07-19 00:14:52,022] {logging_mixin.py:104} INFO - [2021-07-19 00:14:52,022] {dag.py:1833} INFO - Sync 1 DAGs
[2021-07-19 00:14:52,050] {logging_mixin.py:104} INFO - [2021-07-19 00:14:52,050] {dag.py:2306} INFO - Setting next_dagrun for example_branch_labels to 2021-07-17 00:00:00+00:00
[2021-07-19 00:14:52,091] {scheduler_job.py:189} INFO - Processing /home/airflow/.local/lib/python3.6/site-packages/airflow/example_dags/example_branch_labels.py took 0.131 seconds
[2021-07-19 00:15:22,233] {scheduler_job.py:181} INFO - Started process (PID=2263) to work on /home/airflow/.local/lib/python3.6/site-packages/airflow/example_dags/example_branch_labels.py
[2021-07-19 00:15:22,235] {scheduler_job.py:632} INFO - Processing file /home/airflow/.local/lib/python3.6/site-packages/airflow/example_dags/example_branch_labels.py for tasks to queue
[2021-07-19 00:15:22,236] {logging_mixin.py:104} INFO - [2021-07-19 00:15:22,236] {dagbag.py:496} INFO - Filling up the DagBag from /home/airflow/.local/lib/python3.6/site-packages/airflow/example_dags/example_branch_labels.py
[2021-07-19 00:15:22,252] {scheduler_job.py:642} INFO - DAG(s) dict_keys(['example_branch_labels']) retrieved from /home/airflow/.local/lib/python3.6/site-packages/airflow/example_dags/example_branch_labels.py
[2021-07-19 00:15:22,277] {logging_mixin.py:104} INFO - [2021-07-19 00:15:22,276] {dag.py:1833} INFO - Sync 1 DAGs
[2021-07-19 00:15:22,297] {logging_mixin.py:104} INFO - [2021-07-19 00:15:22,297] {dag.py:2306} INFO - Setting next_dagrun for example_branch_labels to 2021-07-17 00:00:00+00:00
[2021-07-19 00:15:22,377] {scheduler_job.py:189} INFO - Processing /home/airflow/.local/lib/python3.6/site-packages/airflow/example_dags/example_branch_labels.py took 0.148 seconds
[2021-07-19 00:15:52,551] {scheduler_job.py:181} INFO - Started process (PID=2318) to work on /home/airflow/.local/lib/python3.6/site-packages/airflow/example_dags/example_branch_labels.py
[2021-07-19 00:15:52,554] {scheduler_job.py:632} INFO - Processing file /home/airflow/.local/lib/python3.6/site-packages/airflow/example_dags/example_branch_labels.py for tasks to queue
[2021-07-19 00:15:52,559] {logging_mixin.py:104} INFO - [2021-07-19 00:15:52,559] {dagbag.py:496} INFO - Filling up the DagBag from /home/airflow/.local/lib/python3.6/site-packages/airflow/example_dags/example_branch_labels.py
[2021-07-19 00:15:52,577] {scheduler_job.py:642} INFO - DAG(s) dict_keys(['example_branch_labels']) retrieved from /home/airflow/.local/lib/python3.6/site-packages/airflow/example_dags/example_branch_labels.py
[2021-07-19 00:15:52,605] {logging_mixin.py:104} INFO - [2021-07-19 00:15:52,605] {dag.py:1833} INFO - Sync 1 DAGs
[2021-07-19 00:15:52,646] {logging_mixin.py:104} INFO - [2021-07-19 00:15:52,646] {dag.py:2306} INFO - Setting next_dagrun for example_branch_labels to 2021-07-17 00:00:00+00:00
[2021-07-19 00:15:52,695] {scheduler_job.py:189} INFO - Processing /home/airflow/.local/lib/python3.6/site-packages/airflow/example_dags/example_branch_labels.py took 0.149 seconds
[2021-07-19 00:16:23,049] {scheduler_job.py:181} INFO - Started process (PID=2385) to work on /home/airflow/.local/lib/python3.6/site-packages/airflow/example_dags/example_branch_labels.py
[2021-07-19 00:16:23,051] {scheduler_job.py:632} INFO - Processing file /home/airflow/.local/lib/python3.6/site-packages/airflow/example_dags/example_branch_labels.py for tasks to queue
[2021-07-19 00:16:23,052] {logging_mixin.py:104} INFO - [2021-07-19 00:16:23,052] {dagbag.py:496} INFO - Filling up the DagBag from /home/airflow/.local/lib/python3.6/site-packages/airflow/example_dags/example_branch_labels.py
[2021-07-19 00:16:23,065] {scheduler_job.py:642} INFO - DAG(s) dict_keys(['example_branch_labels']) retrieved from /home/airflow/.local/lib/python3.6/site-packages/airflow/example_dags/example_branch_labels.py
[2021-07-19 00:16:23,090] {logging_mixin.py:104} INFO - [2021-07-19 00:16:23,090] {dag.py:1833} INFO - Sync 1 DAGs
[2021-07-19 00:16:23,111] {logging_mixin.py:104} INFO - [2021-07-19 00:16:23,111] {dag.py:2306} INFO - Setting next_dagrun for example_branch_labels to 2021-07-17 00:00:00+00:00
[2021-07-19 00:16:23,170] {scheduler_job.py:189} INFO - Processing /home/airflow/.local/lib/python3.6/site-packages/airflow/example_dags/example_branch_labels.py took 0.124 seconds
[2021-07-19 00:16:53,861] {scheduler_job.py:181} INFO - Started process (PID=2444) to work on /home/airflow/.local/lib/python3.6/site-packages/airflow/example_dags/example_branch_labels.py
[2021-07-19 00:16:53,862] {scheduler_job.py:632} INFO - Processing file /home/airflow/.local/lib/python3.6/site-packages/airflow/example_dags/example_branch_labels.py for tasks to queue
[2021-07-19 00:16:53,864] {logging_mixin.py:104} INFO - [2021-07-19 00:16:53,863] {dagbag.py:496} INFO - Filling up the DagBag from /home/airflow/.local/lib/python3.6/site-packages/airflow/example_dags/example_branch_labels.py
[2021-07-19 00:16:53,881] {scheduler_job.py:642} INFO - DAG(s) dict_keys(['example_branch_labels']) retrieved from /home/airflow/.local/lib/python3.6/site-packages/airflow/example_dags/example_branch_labels.py
[2021-07-19 00:16:53,908] {logging_mixin.py:104} INFO - [2021-07-19 00:16:53,907] {dag.py:1833} INFO - Sync 1 DAGs
[2021-07-19 00:16:53,935] {logging_mixin.py:104} INFO - [2021-07-19 00:16:53,934] {dag.py:2306} INFO - Setting next_dagrun for example_branch_labels to 2021-07-17 00:00:00+00:00
[2021-07-19 00:16:54,017] {scheduler_job.py:189} INFO - Processing /home/airflow/.local/lib/python3.6/site-packages/airflow/example_dags/example_branch_labels.py took 0.161 seconds
[2021-07-19 00:17:24,948] {scheduler_job.py:181} INFO - Started process (PID=2501) to work on /home/airflow/.local/lib/python3.6/site-packages/airflow/example_dags/example_branch_labels.py
[2021-07-19 00:17:24,952] {scheduler_job.py:632} INFO - Processing file /home/airflow/.local/lib/python3.6/site-packages/airflow/example_dags/example_branch_labels.py for tasks to queue
[2021-07-19 00:17:24,953] {logging_mixin.py:104} INFO - [2021-07-19 00:17:24,953] {dagbag.py:496} INFO - Filling up the DagBag from /home/airflow/.local/lib/python3.6/site-packages/airflow/example_dags/example_branch_labels.py
[2021-07-19 00:17:24,972] {scheduler_job.py:642} INFO - DAG(s) dict_keys(['example_branch_labels']) retrieved from /home/airflow/.local/lib/python3.6/site-packages/airflow/example_dags/example_branch_labels.py
[2021-07-19 00:17:24,999] {logging_mixin.py:104} INFO - [2021-07-19 00:17:24,999] {dag.py:1833} INFO - Sync 1 DAGs
[2021-07-19 00:17:25,030] {logging_mixin.py:104} INFO - [2021-07-19 00:17:25,030] {dag.py:2306} INFO - Setting next_dagrun for example_branch_labels to 2021-07-17 00:00:00+00:00
[2021-07-19 00:17:25,245] {scheduler_job.py:189} INFO - Processing /home/airflow/.local/lib/python3.6/site-packages/airflow/example_dags/example_branch_labels.py took 0.304 seconds
[2021-07-19 00:17:55,737] {scheduler_job.py:181} INFO - Started process (PID=2569) to work on /home/airflow/.local/lib/python3.6/site-packages/airflow/example_dags/example_branch_labels.py
[2021-07-19 00:17:55,739] {scheduler_job.py:632} INFO - Processing file /home/airflow/.local/lib/python3.6/site-packages/airflow/example_dags/example_branch_labels.py for tasks to queue
[2021-07-19 00:17:55,741] {logging_mixin.py:104} INFO - [2021-07-19 00:17:55,740] {dagbag.py:496} INFO - Filling up the DagBag from /home/airflow/.local/lib/python3.6/site-packages/airflow/example_dags/example_branch_labels.py
[2021-07-19 00:17:55,755] {scheduler_job.py:642} INFO - DAG(s) dict_keys(['example_branch_labels']) retrieved from /home/airflow/.local/lib/python3.6/site-packages/airflow/example_dags/example_branch_labels.py
[2021-07-19 00:17:55,786] {logging_mixin.py:104} INFO - [2021-07-19 00:17:55,785] {dag.py:1833} INFO - Sync 1 DAGs
[2021-07-19 00:17:55,807] {logging_mixin.py:104} INFO - [2021-07-19 00:17:55,806] {dag.py:2306} INFO - Setting next_dagrun for example_branch_labels to 2021-07-17 00:00:00+00:00
[2021-07-19 00:17:56,935] {scheduler_job.py:189} INFO - Processing /home/airflow/.local/lib/python3.6/site-packages/airflow/example_dags/example_branch_labels.py took 1.200 seconds
[2021-07-19 00:18:33,029] {scheduler_job.py:181} INFO - Started process (PID=2626) to work on /home/airflow/.local/lib/python3.6/site-packages/airflow/example_dags/example_branch_labels.py
[2021-07-19 00:18:33,035] {scheduler_job.py:632} INFO - Processing file /home/airflow/.local/lib/python3.6/site-packages/airflow/example_dags/example_branch_labels.py for tasks to queue
[2021-07-19 00:18:33,038] {logging_mixin.py:104} INFO - [2021-07-19 00:18:33,038] {dagbag.py:496} INFO - Filling up the DagBag from /home/airflow/.local/lib/python3.6/site-packages/airflow/example_dags/example_branch_labels.py
[2021-07-19 00:18:33,073] {scheduler_job.py:642} INFO - DAG(s) dict_keys(['example_branch_labels']) retrieved from /home/airflow/.local/lib/python3.6/site-packages/airflow/example_dags/example_branch_labels.py
[2021-07-19 00:18:33,110] {logging_mixin.py:104} INFO - [2021-07-19 00:18:33,110] {dag.py:1833} INFO - Sync 1 DAGs
[2021-07-19 00:18:33,147] {logging_mixin.py:104} INFO - [2021-07-19 00:18:33,147] {dag.py:2306} INFO - Setting next_dagrun for example_branch_labels to 2021-07-17 00:00:00+00:00
[2021-07-19 00:18:33,797] {scheduler_job.py:189} INFO - Processing /home/airflow/.local/lib/python3.6/site-packages/airflow/example_dags/example_branch_labels.py took 0.775 seconds
[2021-07-19 00:19:06,467] {scheduler_job.py:181} INFO - Started process (PID=2688) to work on /home/airflow/.local/lib/python3.6/site-packages/airflow/example_dags/example_branch_labels.py
[2021-07-19 00:19:06,470] {scheduler_job.py:632} INFO - Processing file /home/airflow/.local/lib/python3.6/site-packages/airflow/example_dags/example_branch_labels.py for tasks to queue
[2021-07-19 00:19:06,472] {logging_mixin.py:104} INFO - [2021-07-19 00:19:06,471] {dagbag.py:496} INFO - Filling up the DagBag from /home/airflow/.local/lib/python3.6/site-packages/airflow/example_dags/example_branch_labels.py
[2021-07-19 00:19:06,496] {scheduler_job.py:642} INFO - DAG(s) dict_keys(['example_branch_labels']) retrieved from /home/airflow/.local/lib/python3.6/site-packages/airflow/example_dags/example_branch_labels.py
[2021-07-19 00:19:06,533] {logging_mixin.py:104} INFO - [2021-07-19 00:19:06,532] {dag.py:1833} INFO - Sync 1 DAGs
[2021-07-19 00:19:06,562] {logging_mixin.py:104} INFO - [2021-07-19 00:19:06,562] {dag.py:2306} INFO - Setting next_dagrun for example_branch_labels to 2021-07-17 00:00:00+00:00
[2021-07-19 00:19:06,726] {scheduler_job.py:189} INFO - Processing /home/airflow/.local/lib/python3.6/site-packages/airflow/example_dags/example_branch_labels.py took 0.264 seconds
[2021-07-19 00:19:37,559] {scheduler_job.py:181} INFO - Started process (PID=2747) to work on /home/airflow/.local/lib/python3.6/site-packages/airflow/example_dags/example_branch_labels.py
[2021-07-19 00:19:37,561] {scheduler_job.py:632} INFO - Processing file /home/airflow/.local/lib/python3.6/site-packages/airflow/example_dags/example_branch_labels.py for tasks to queue
[2021-07-19 00:19:37,563] {logging_mixin.py:104} INFO - [2021-07-19 00:19:37,563] {dagbag.py:496} INFO - Filling up the DagBag from /home/airflow/.local/lib/python3.6/site-packages/airflow/example_dags/example_branch_labels.py
[2021-07-19 00:19:37,584] {scheduler_job.py:642} INFO - DAG(s) dict_keys(['example_branch_labels']) retrieved from /home/airflow/.local/lib/python3.6/site-packages/airflow/example_dags/example_branch_labels.py
[2021-07-19 00:19:37,617] {logging_mixin.py:104} INFO - [2021-07-19 00:19:37,617] {dag.py:1833} INFO - Sync 1 DAGs
[2021-07-19 00:19:37,648] {logging_mixin.py:104} INFO - [2021-07-19 00:19:37,648] {dag.py:2306} INFO - Setting next_dagrun for example_branch_labels to 2021-07-17 00:00:00+00:00
[2021-07-19 00:19:37,996] {scheduler_job.py:189} INFO - Processing /home/airflow/.local/lib/python3.6/site-packages/airflow/example_dags/example_branch_labels.py took 0.444 seconds
[2021-07-19 00:20:10,068] {scheduler_job.py:181} INFO - Started process (PID=2805) to work on /home/airflow/.local/lib/python3.6/site-packages/airflow/example_dags/example_branch_labels.py
[2021-07-19 00:20:10,072] {scheduler_job.py:632} INFO - Processing file /home/airflow/.local/lib/python3.6/site-packages/airflow/example_dags/example_branch_labels.py for tasks to queue
[2021-07-19 00:20:10,074] {logging_mixin.py:104} INFO - [2021-07-19 00:20:10,073] {dagbag.py:496} INFO - Filling up the DagBag from /home/airflow/.local/lib/python3.6/site-packages/airflow/example_dags/example_branch_labels.py
[2021-07-19 00:20:10,106] {scheduler_job.py:642} INFO - DAG(s) dict_keys(['example_branch_labels']) retrieved from /home/airflow/.local/lib/python3.6/site-packages/airflow/example_dags/example_branch_labels.py
[2021-07-19 00:20:10,149] {logging_mixin.py:104} INFO - [2021-07-19 00:20:10,149] {dag.py:1833} INFO - Sync 1 DAGs
[2021-07-19 00:20:10,191] {logging_mixin.py:104} INFO - [2021-07-19 00:20:10,191] {dag.py:2306} INFO - Setting next_dagrun for example_branch_labels to 2021-07-17 00:00:00+00:00
[2021-07-19 00:20:10,498] {scheduler_job.py:189} INFO - Processing /home/airflow/.local/lib/python3.6/site-packages/airflow/example_dags/example_branch_labels.py took 0.435 seconds
[2021-07-19 00:20:41,190] {scheduler_job.py:181} INFO - Started process (PID=2863) to work on /home/airflow/.local/lib/python3.6/site-packages/airflow/example_dags/example_branch_labels.py
[2021-07-19 00:20:41,192] {scheduler_job.py:632} INFO - Processing file /home/airflow/.local/lib/python3.6/site-packages/airflow/example_dags/example_branch_labels.py for tasks to queue
[2021-07-19 00:20:41,194] {logging_mixin.py:104} INFO - [2021-07-19 00:20:41,193] {dagbag.py:496} INFO - Filling up the DagBag from /home/airflow/.local/lib/python3.6/site-packages/airflow/example_dags/example_branch_labels.py
[2021-07-19 00:20:41,212] {scheduler_job.py:642} INFO - DAG(s) dict_keys(['example_branch_labels']) retrieved from /home/airflow/.local/lib/python3.6/site-packages/airflow/example_dags/example_branch_labels.py
[2021-07-19 00:20:41,243] {logging_mixin.py:104} INFO - [2021-07-19 00:20:41,243] {dag.py:1833} INFO - Sync 1 DAGs
[2021-07-19 00:20:41,270] {logging_mixin.py:104} INFO - [2021-07-19 00:20:41,269] {dag.py:2306} INFO - Setting next_dagrun for example_branch_labels to 2021-07-17 00:00:00+00:00
[2021-07-19 00:20:41,671] {scheduler_job.py:189} INFO - Processing /home/airflow/.local/lib/python3.6/site-packages/airflow/example_dags/example_branch_labels.py took 0.486 seconds
[2021-07-19 00:21:12,033] {scheduler_job.py:181} INFO - Started process (PID=2919) to work on /home/airflow/.local/lib/python3.6/site-packages/airflow/example_dags/example_branch_labels.py
[2021-07-19 00:21:12,036] {scheduler_job.py:632} INFO - Processing file /home/airflow/.local/lib/python3.6/site-packages/airflow/example_dags/example_branch_labels.py for tasks to queue
[2021-07-19 00:21:12,038] {logging_mixin.py:104} INFO - [2021-07-19 00:21:12,038] {dagbag.py:496} INFO - Filling up the DagBag from /home/airflow/.local/lib/python3.6/site-packages/airflow/example_dags/example_branch_labels.py
[2021-07-19 00:21:12,065] {scheduler_job.py:642} INFO - DAG(s) dict_keys(['example_branch_labels']) retrieved from /home/airflow/.local/lib/python3.6/site-packages/airflow/example_dags/example_branch_labels.py
[2021-07-19 00:21:12,108] {logging_mixin.py:104} INFO - [2021-07-19 00:21:12,108] {dag.py:1833} INFO - Sync 1 DAGs
[2021-07-19 00:21:12,142] {logging_mixin.py:104} INFO - [2021-07-19 00:21:12,142] {dag.py:2306} INFO - Setting next_dagrun for example_branch_labels to 2021-07-17 00:00:00+00:00
[2021-07-19 00:21:12,695] {scheduler_job.py:189} INFO - Processing /home/airflow/.local/lib/python3.6/site-packages/airflow/example_dags/example_branch_labels.py took 0.668 seconds
[2021-07-19 00:21:42,913] {scheduler_job.py:181} INFO - Started process (PID=2976) to work on /home/airflow/.local/lib/python3.6/site-packages/airflow/example_dags/example_branch_labels.py
[2021-07-19 00:21:42,915] {scheduler_job.py:632} INFO - Processing file /home/airflow/.local/lib/python3.6/site-packages/airflow/example_dags/example_branch_labels.py for tasks to queue
[2021-07-19 00:21:42,916] {logging_mixin.py:104} INFO - [2021-07-19 00:21:42,916] {dagbag.py:496} INFO - Filling up the DagBag from /home/airflow/.local/lib/python3.6/site-packages/airflow/example_dags/example_branch_labels.py
[2021-07-19 00:21:42,931] {scheduler_job.py:642} INFO - DAG(s) dict_keys(['example_branch_labels']) retrieved from /home/airflow/.local/lib/python3.6/site-packages/airflow/example_dags/example_branch_labels.py
[2021-07-19 00:21:42,959] {logging_mixin.py:104} INFO - [2021-07-19 00:21:42,959] {dag.py:1833} INFO - Sync 1 DAGs
[2021-07-19 00:21:42,997] {logging_mixin.py:104} INFO - [2021-07-19 00:21:42,997] {dag.py:2306} INFO - Setting next_dagrun for example_branch_labels to 2021-07-17 00:00:00+00:00
[2021-07-19 00:21:43,320] {scheduler_job.py:189} INFO - Processing /home/airflow/.local/lib/python3.6/site-packages/airflow/example_dags/example_branch_labels.py took 0.412 seconds
[2021-07-19 00:22:13,519] {scheduler_job.py:181} INFO - Started process (PID=3042) to work on /home/airflow/.local/lib/python3.6/site-packages/airflow/example_dags/example_branch_labels.py
[2021-07-19 00:22:13,521] {scheduler_job.py:632} INFO - Processing file /home/airflow/.local/lib/python3.6/site-packages/airflow/example_dags/example_branch_labels.py for tasks to queue
[2021-07-19 00:22:13,522] {logging_mixin.py:104} INFO - [2021-07-19 00:22:13,522] {dagbag.py:496} INFO - Filling up the DagBag from /home/airflow/.local/lib/python3.6/site-packages/airflow/example_dags/example_branch_labels.py
[2021-07-19 00:22:13,546] {scheduler_job.py:642} INFO - DAG(s) dict_keys(['example_branch_labels']) retrieved from /home/airflow/.local/lib/python3.6/site-packages/airflow/example_dags/example_branch_labels.py
[2021-07-19 00:22:13,594] {logging_mixin.py:104} INFO - [2021-07-19 00:22:13,594] {dag.py:1833} INFO - Sync 1 DAGs
[2021-07-19 00:22:13,635] {logging_mixin.py:104} INFO - [2021-07-19 00:22:13,635] {dag.py:2306} INFO - Setting next_dagrun for example_branch_labels to 2021-07-17 00:00:00+00:00
[2021-07-19 00:22:14,086] {scheduler_job.py:189} INFO - Processing /home/airflow/.local/lib/python3.6/site-packages/airflow/example_dags/example_branch_labels.py took 0.572 seconds
[2021-07-19 00:22:44,703] {scheduler_job.py:181} INFO - Started process (PID=3099) to work on /home/airflow/.local/lib/python3.6/site-packages/airflow/example_dags/example_branch_labels.py
[2021-07-19 00:22:44,705] {scheduler_job.py:632} INFO - Processing file /home/airflow/.local/lib/python3.6/site-packages/airflow/example_dags/example_branch_labels.py for tasks to queue
[2021-07-19 00:22:44,706] {logging_mixin.py:104} INFO - [2021-07-19 00:22:44,706] {dagbag.py:496} INFO - Filling up the DagBag from /home/airflow/.local/lib/python3.6/site-packages/airflow/example_dags/example_branch_labels.py
[2021-07-19 00:22:44,724] {scheduler_job.py:642} INFO - DAG(s) dict_keys(['example_branch_labels']) retrieved from /home/airflow/.local/lib/python3.6/site-packages/airflow/example_dags/example_branch_labels.py
[2021-07-19 00:22:44,757] {logging_mixin.py:104} INFO - [2021-07-19 00:22:44,757] {dag.py:1833} INFO - Sync 1 DAGs
[2021-07-19 00:22:44,787] {logging_mixin.py:104} INFO - [2021-07-19 00:22:44,786] {dag.py:2306} INFO - Setting next_dagrun for example_branch_labels to 2021-07-17 00:00:00+00:00
[2021-07-19 00:22:45,027] {scheduler_job.py:189} INFO - Processing /home/airflow/.local/lib/python3.6/site-packages/airflow/example_dags/example_branch_labels.py took 0.329 seconds
[2021-07-19 00:23:16,080] {scheduler_job.py:181} INFO - Started process (PID=3155) to work on /home/airflow/.local/lib/python3.6/site-packages/airflow/example_dags/example_branch_labels.py
[2021-07-19 00:23:16,083] {scheduler_job.py:632} INFO - Processing file /home/airflow/.local/lib/python3.6/site-packages/airflow/example_dags/example_branch_labels.py for tasks to queue
[2021-07-19 00:23:16,085] {logging_mixin.py:104} INFO - [2021-07-19 00:23:16,084] {dagbag.py:496} INFO - Filling up the DagBag from /home/airflow/.local/lib/python3.6/site-packages/airflow/example_dags/example_branch_labels.py
[2021-07-19 00:23:16,121] {scheduler_job.py:642} INFO - DAG(s) dict_keys(['example_branch_labels']) retrieved from /home/airflow/.local/lib/python3.6/site-packages/airflow/example_dags/example_branch_labels.py
[2021-07-19 00:23:16,184] {logging_mixin.py:104} INFO - [2021-07-19 00:23:16,184] {dag.py:1833} INFO - Sync 1 DAGs
[2021-07-19 00:23:16,223] {logging_mixin.py:104} INFO - [2021-07-19 00:23:16,223] {dag.py:2306} INFO - Setting next_dagrun for example_branch_labels to 2021-07-17 00:00:00+00:00
[2021-07-19 00:23:17,587] {scheduler_job.py:189} INFO - Processing /home/airflow/.local/lib/python3.6/site-packages/airflow/example_dags/example_branch_labels.py took 1.513 seconds
                                                                                                                                                                                                                                                                                                                                                                                                                                                                                                                                                                                                                                                                                                                                                                                                                                                                                                                                                                                                                                                                                                                                                                                                                                                                                                                                                                                                                                                                                                                                                                                                                                                                                                                                                                                                                                                                                                                                                                                                                                                                                                                                                                                                                                                                                                                                                                                                                                                                                                                                                                                                                                                                                                                                                                                                                                                                                                                                                                                                                                                                                                                                                                                                                                                                                                                                                                                                                                                                                                                                                                                                                                                                                                                                                                                                                                                                                                                                                                                                                                                                                                                                                                                                                                                                                                                                                                                                                                                                                                                                                                                                                                                                                                                                                                                                                                                                                                                                                                                                                                                                                                                                                                                                                                                                                                                                                                                                                                                                                                                                                                                                                                                                                                                                                                                                                                                                                                                                                                                                                                                                                                                                                                                                                                                                                                                                                                                                                                                                                                                                                                                                                                                                                                                                                                                                                                                                                                                                                                                                                                                                                                                                                                                                                                                                                                                                                                                                                                                                                                                                                                                                                                                                                                                                                                                                                                                                                                                                                                                                                                    