[2021-07-19 00:00:08,613] {scheduler_job.py:181} INFO - Started process (PID=477) to work on /home/airflow/.local/lib/python3.6/site-packages/airflow/example_dags/example_branch_operator.py
[2021-07-19 00:00:08,626] {scheduler_job.py:632} INFO - Processing file /home/airflow/.local/lib/python3.6/site-packages/airflow/example_dags/example_branch_operator.py for tasks to queue
[2021-07-19 00:00:08,632] {logging_mixin.py:104} INFO - [2021-07-19 00:00:08,632] {dagbag.py:496} INFO - Filling up the DagBag from /home/airflow/.local/lib/python3.6/site-packages/airflow/example_dags/example_branch_operator.py
[2021-07-19 00:00:08,688] {scheduler_job.py:642} INFO - DAG(s) dict_keys(['example_branch_operator']) retrieved from /home/airflow/.local/lib/python3.6/site-packages/airflow/example_dags/example_branch_operator.py
[2021-07-19 00:00:09,399] {logging_mixin.py:104} INFO - [2021-07-19 00:00:09,398] {dag.py:1833} INFO - Sync 1 DAGs
[2021-07-19 00:00:09,451] {logging_mixin.py:104} INFO - [2021-07-19 00:00:09,451] {dag.py:2306} INFO - Setting next_dagrun for example_branch_operator to 2021-07-17 00:00:00+00:00
[2021-07-19 00:00:09,635] {scheduler_job.py:189} INFO - Processing /home/airflow/.local/lib/python3.6/site-packages/airflow/example_dags/example_branch_operator.py took 1.026 seconds
[2021-07-19 00:00:40,038] {scheduler_job.py:181} INFO - Started process (PID=534) to work on /home/airflow/.local/lib/python3.6/site-packages/airflow/example_dags/example_branch_operator.py
[2021-07-19 00:00:40,040] {scheduler_job.py:632} INFO - Processing file /home/airflow/.local/lib/python3.6/site-packages/airflow/example_dags/example_branch_operator.py for tasks to queue
[2021-07-19 00:00:40,041] {logging_mixin.py:104} INFO - [2021-07-19 00:00:40,041] {dagbag.py:496} INFO - Filling up the DagBag from /home/airflow/.local/lib/python3.6/site-packages/airflow/example_dags/example_branch_operator.py
[2021-07-19 00:00:40,066] {scheduler_job.py:642} INFO - DAG(s) dict_keys(['example_branch_operator']) retrieved from /home/airflow/.local/lib/python3.6/site-packages/airflow/example_dags/example_branch_operator.py
[2021-07-19 00:00:40,105] {logging_mixin.py:104} INFO - [2021-07-19 00:00:40,104] {dag.py:1833} INFO - Sync 1 DAGs
[2021-07-19 00:00:40,137] {logging_mixin.py:104} INFO - [2021-07-19 00:00:40,136] {dag.py:2306} INFO - Setting next_dagrun for example_branch_operator to 2021-07-17 00:00:00+00:00
[2021-07-19 00:00:40,193] {scheduler_job.py:189} INFO - Processing /home/airflow/.local/lib/python3.6/site-packages/airflow/example_dags/example_branch_operator.py took 0.161 seconds
[2021-07-19 00:01:10,744] {scheduler_job.py:181} INFO - Started process (PID=603) to work on /home/airflow/.local/lib/python3.6/site-packages/airflow/example_dags/example_branch_operator.py
[2021-07-19 00:01:10,745] {scheduler_job.py:632} INFO - Processing file /home/airflow/.local/lib/python3.6/site-packages/airflow/example_dags/example_branch_operator.py for tasks to queue
[2021-07-19 00:01:10,747] {logging_mixin.py:104} INFO - [2021-07-19 00:01:10,747] {dagbag.py:496} INFO - Filling up the DagBag from /home/airflow/.local/lib/python3.6/site-packages/airflow/example_dags/example_branch_operator.py
[2021-07-19 00:01:10,773] {scheduler_job.py:642} INFO - DAG(s) dict_keys(['example_branch_operator']) retrieved from /home/airflow/.local/lib/python3.6/site-packages/airflow/example_dags/example_branch_operator.py
[2021-07-19 00:01:10,818] {logging_mixin.py:104} INFO - [2021-07-19 00:01:10,818] {dag.py:1833} INFO - Sync 1 DAGs
[2021-07-19 00:01:10,856] {logging_mixin.py:104} INFO - [2021-07-19 00:01:10,856] {dag.py:2306} INFO - Setting next_dagrun for example_branch_operator to 2021-07-17 00:00:00+00:00
[2021-07-19 00:01:11,109] {scheduler_job.py:189} INFO - Processing /home/airflow/.local/lib/python3.6/site-packages/airflow/example_dags/example_branch_operator.py took 0.370 seconds
[2021-07-19 00:01:41,884] {scheduler_job.py:181} INFO - Started process (PID=659) to work on /home/airflow/.local/lib/python3.6/site-packages/airflow/example_dags/example_branch_operator.py
[2021-07-19 00:01:41,886] {scheduler_job.py:632} INFO - Processing file /home/airflow/.local/lib/python3.6/site-packages/airflow/example_dags/example_branch_operator.py for tasks to queue
[2021-07-19 00:01:41,887] {logging_mixin.py:104} INFO - [2021-07-19 00:01:41,887] {dagbag.py:496} INFO - Filling up the DagBag from /home/airflow/.local/lib/python3.6/site-packages/airflow/example_dags/example_branch_operator.py
[2021-07-19 00:01:41,907] {scheduler_job.py:642} INFO - DAG(s) dict_keys(['example_branch_operator']) retrieved from /home/airflow/.local/lib/python3.6/site-packages/airflow/example_dags/example_branch_operator.py
[2021-07-19 00:01:41,965] {logging_mixin.py:104} INFO - [2021-07-19 00:01:41,964] {dag.py:1833} INFO - Sync 1 DAGs
[2021-07-19 00:01:41,999] {logging_mixin.py:104} INFO - [2021-07-19 00:01:41,999] {dag.py:2306} INFO - Setting next_dagrun for example_branch_operator to 2021-07-17 00:00:00+00:00
[2021-07-19 00:01:42,060] {scheduler_job.py:189} INFO - Processing /home/airflow/.local/lib/python3.6/site-packages/airflow/example_dags/example_branch_operator.py took 0.181 seconds
[2021-07-19 00:02:12,107] {scheduler_job.py:181} INFO - Started process (PID=715) to work on /home/airflow/.local/lib/python3.6/site-packages/airflow/example_dags/example_branch_operator.py
[2021-07-19 00:02:12,109] {scheduler_job.py:632} INFO - Processing file /home/airflow/.local/lib/python3.6/site-packages/airflow/example_dags/example_branch_operator.py for tasks to queue
[2021-07-19 00:02:12,111] {logging_mixin.py:104} INFO - [2021-07-19 00:02:12,111] {dagbag.py:496} INFO - Filling up the DagBag from /home/airflow/.local/lib/python3.6/site-packages/airflow/example_dags/example_branch_operator.py
[2021-07-19 00:02:12,142] {scheduler_job.py:642} INFO - DAG(s) dict_keys(['example_branch_operator']) retrieved from /home/airflow/.local/lib/python3.6/site-packages/airflow/example_dags/example_branch_operator.py
[2021-07-19 00:02:12,170] {logging_mixin.py:104} INFO - [2021-07-19 00:02:12,170] {dag.py:1833} INFO - Sync 1 DAGs
[2021-07-19 00:02:12,194] {logging_mixin.py:104} INFO - [2021-07-19 00:02:12,194] {dag.py:2306} INFO - Setting next_dagrun for example_branch_operator to 2021-07-17 00:00:00+00:00
[2021-07-19 00:02:12,273] {scheduler_job.py:189} INFO - Processing /home/airflow/.local/lib/python3.6/site-packages/airflow/example_dags/example_branch_operator.py took 0.171 seconds
[2021-07-19 00:02:42,822] {scheduler_job.py:181} INFO - Started process (PID=785) to work on /home/airflow/.local/lib/python3.6/site-packages/airflow/example_dags/example_branch_operator.py
[2021-07-19 00:02:42,835] {scheduler_job.py:632} INFO - Processing file /home/airflow/.local/lib/python3.6/site-packages/airflow/example_dags/example_branch_operator.py for tasks to queue
[2021-07-19 00:02:42,845] {logging_mixin.py:104} INFO - [2021-07-19 00:02:42,845] {dagbag.py:496} INFO - Filling up the DagBag from /home/airflow/.local/lib/python3.6/site-packages/airflow/example_dags/example_branch_operator.py
[2021-07-19 00:02:42,888] {scheduler_job.py:642} INFO - DAG(s) dict_keys(['example_branch_operator']) retrieved from /home/airflow/.local/lib/python3.6/site-packages/airflow/example_dags/example_branch_operator.py
[2021-07-19 00:02:42,945] {logging_mixin.py:104} INFO - [2021-07-19 00:02:42,945] {dag.py:1833} INFO - Sync 1 DAGs
[2021-07-19 00:02:43,002] {logging_mixin.py:104} INFO - [2021-07-19 00:02:43,001] {dag.py:2306} INFO - Setting next_dagrun for example_branch_operator to 2021-07-17 00:00:00+00:00
[2021-07-19 00:02:43,103] {scheduler_job.py:189} INFO - Processing /home/airflow/.local/lib/python3.6/site-packages/airflow/example_dags/example_branch_operator.py took 0.285 seconds
[2021-07-19 00:03:14,005] {scheduler_job.py:181} INFO - Started process (PID=841) to work on /home/airflow/.local/lib/python3.6/site-packages/airflow/example_dags/example_branch_operator.py
[2021-07-19 00:03:14,008] {scheduler_job.py:632} INFO - Processing file /home/airflow/.local/lib/python3.6/site-packages/airflow/example_dags/example_branch_operator.py for tasks to queue
[2021-07-19 00:03:14,010] {logging_mixin.py:104} INFO - [2021-07-19 00:03:14,010] {dagbag.py:496} INFO - Filling up the DagBag from /home/airflow/.local/lib/python3.6/site-packages/airflow/example_dags/example_branch_operator.py
[2021-07-19 00:03:14,042] {scheduler_job.py:642} INFO - DAG(s) dict_keys(['example_branch_operator']) retrieved from /home/airflow/.local/lib/python3.6/site-packages/airflow/example_dags/example_branch_operator.py
[2021-07-19 00:03:14,077] {logging_mixin.py:104} INFO - [2021-07-19 00:03:14,077] {dag.py:1833} INFO - Sync 1 DAGs
[2021-07-19 00:03:14,103] {logging_mixin.py:104} INFO - [2021-07-19 00:03:14,103] {dag.py:2306} INFO - Setting next_dagrun for example_branch_operator to 2021-07-17 00:00:00+00:00
[2021-07-19 00:03:14,210] {scheduler_job.py:189} INFO - Processing /home/airflow/.local/lib/python3.6/site-packages/airflow/example_dags/example_branch_operator.py took 0.214 seconds
[2021-07-19 00:03:44,638] {scheduler_job.py:181} INFO - Started process (PID=907) to work on /home/airflow/.local/lib/python3.6/site-packages/airflow/example_dags/example_branch_operator.py
[2021-07-19 00:03:44,642] {scheduler_job.py:632} INFO - Processing file /home/airflow/.local/lib/python3.6/site-packages/airflow/example_dags/example_branch_operator.py for tasks to queue
[2021-07-19 00:03:44,643] {logging_mixin.py:104} INFO - [2021-07-19 00:03:44,643] {dagbag.py:496} INFO - Filling up the DagBag from /home/airflow/.local/lib/python3.6/site-packages/airflow/example_dags/example_branch_operator.py
[2021-07-19 00:03:44,683] {scheduler_job.py:642} INFO - DAG(s) dict_keys(['example_branch_operator']) retrieved from /home/airflow/.local/lib/python3.6/site-packages/airflow/example_dags/example_branch_operator.py
[2021-07-19 00:03:44,729] {logging_mixin.py:104} INFO - [2021-07-19 00:03:44,729] {dag.py:1833} INFO - Sync 1 DAGs
[2021-07-19 00:03:44,762] {logging_mixin.py:104} INFO - [2021-07-19 00:03:44,761] {dag.py:2306} INFO - Setting next_dagrun for example_branch_operator to 2021-07-17 00:00:00+00:00
[2021-07-19 00:03:44,914] {scheduler_job.py:189} INFO - Processing /home/airflow/.local/lib/python3.6/site-packages/airflow/example_dags/example_branch_operator.py took 0.281 seconds
[2021-07-19 00:04:15,929] {scheduler_job.py:181} INFO - Started process (PID=963) to work on /home/airflow/.local/lib/python3.6/site-packages/airflow/example_dags/example_branch_operator.py
[2021-07-19 00:04:15,931] {scheduler_job.py:632} INFO - Processing file /home/airflow/.local/lib/python3.6/site-packages/airflow/example_dags/example_branch_operator.py for tasks to queue
[2021-07-19 00:04:15,932] {logging_mixin.py:104} INFO - [2021-07-19 00:04:15,932] {dagbag.py:496} INFO - Filling up the DagBag from /home/airflow/.local/lib/python3.6/site-packages/airflow/example_dags/example_branch_operator.py
[2021-07-19 00:04:15,955] {scheduler_job.py:642} INFO - DAG(s) dict_keys(['example_branch_operator']) retrieved from /home/airflow/.local/lib/python3.6/site-packages/airflow/example_dags/example_branch_operator.py
[2021-07-19 00:04:15,996] {logging_mixin.py:104} INFO - [2021-07-19 00:04:15,995] {dag.py:1833} INFO - Sync 1 DAGs
[2021-07-19 00:04:16,039] {logging_mixin.py:104} INFO - [2021-07-19 00:04:16,038] {dag.py:2306} INFO - Setting next_dagrun for example_branch_operator to 2021-07-17 00:00:00+00:00
[2021-07-19 00:04:16,125] {scheduler_job.py:189} INFO - Processing /home/airflow/.local/lib/python3.6/site-packages/airflow/example_dags/example_branch_operator.py took 0.199 seconds
[2021-07-19 00:04:46,171] {scheduler_job.py:181} INFO - Started process (PID=1016) to work on /home/airflow/.local/lib/python3.6/site-packages/airflow/example_dags/example_branch_operator.py
[2021-07-19 00:04:46,173] {scheduler_job.py:632} INFO - Processing file /home/airflow/.local/lib/python3.6/site-packages/airflow/example_dags/example_branch_operator.py for tasks to queue
[2021-07-19 00:04:46,175] {logging_mixin.py:104} INFO - [2021-07-19 00:04:46,174] {dagbag.py:496} INFO - Filling up the DagBag from /home/airflow/.local/lib/python3.6/site-packages/airflow/example_dags/example_branch_operator.py
[2021-07-19 00:04:46,198] {scheduler_job.py:642} INFO - DAG(s) dict_keys(['example_branch_operator']) retrieved from /home/airflow/.local/lib/python3.6/site-packages/airflow/example_dags/example_branch_operator.py
[2021-07-19 00:04:46,229] {logging_mixin.py:104} INFO - [2021-07-19 00:04:46,228] {dag.py:1833} INFO - Sync 1 DAGs
[2021-07-19 00:04:46,259] {logging_mixin.py:104} INFO - [2021-07-19 00:04:46,259] {dag.py:2306} INFO - Setting next_dagrun for example_branch_operator to 2021-07-17 00:00:00+00:00
[2021-07-19 00:04:46,304] {scheduler_job.py:189} INFO - Processing /home/airflow/.local/lib/python3.6/site-packages/airflow/example_dags/example_branch_operator.py took 0.136 seconds
[2021-07-19 00:05:16,648] {scheduler_job.py:181} INFO - Started process (PID=1083) to work on /home/airflow/.local/lib/python3.6/site-packages/airflow/example_dags/example_branch_operator.py
[2021-07-19 00:05:16,650] {scheduler_job.py:632} INFO - Processing file /home/airflow/.local/lib/python3.6/site-packages/airflow/example_dags/example_branch_operator.py for tasks to queue
[2021-07-19 00:05:16,651] {logging_mixin.py:104} INFO - [2021-07-19 00:05:16,651] {dagbag.py:496} INFO - Filling up the DagBag from /home/airflow/.local/lib/python3.6/site-packages/airflow/example_dags/example_branch_operator.py
[2021-07-19 00:05:16,678] {scheduler_job.py:642} INFO - DAG(s) dict_keys(['example_branch_operator']) retrieved from /home/airflow/.local/lib/python3.6/site-packages/airflow/example_dags/example_branch_operator.py
[2021-07-19 00:05:16,727] {logging_mixin.py:104} INFO - [2021-07-19 00:05:16,727] {dag.py:1833} INFO - Sync 1 DAGs
[2021-07-19 00:05:16,759] {logging_mixin.py:104} INFO - [2021-07-19 00:05:16,759] {dag.py:2306} INFO - Setting next_dagrun for example_branch_operator to 2021-07-17 00:00:00+00:00
[2021-07-19 00:05:16,808] {scheduler_job.py:189} INFO - Processing /home/airflow/.local/lib/python3.6/site-packages/airflow/example_dags/example_branch_operator.py took 0.165 seconds
[2021-07-19 00:05:47,003] {scheduler_job.py:181} INFO - Started process (PID=1138) to work on /home/airflow/.local/lib/python3.6/site-packages/airflow/example_dags/example_branch_operator.py
[2021-07-19 00:05:47,005] {scheduler_job.py:632} INFO - Processing file /home/airflow/.local/lib/python3.6/site-packages/airflow/example_dags/example_branch_operator.py for tasks to queue
[2021-07-19 00:05:47,006] {logging_mixin.py:104} INFO - [2021-07-19 00:05:47,006] {dagbag.py:496} INFO - Filling up the DagBag from /home/airflow/.local/lib/python3.6/site-packages/airflow/example_dags/example_branch_operator.py
[2021-07-19 00:05:47,023] {scheduler_job.py:642} INFO - DAG(s) dict_keys(['example_branch_operator']) retrieved from /home/airflow/.local/lib/python3.6/site-packages/airflow/example_dags/example_branch_operator.py
[2021-07-19 00:05:47,050] {logging_mixin.py:104} INFO - [2021-07-19 00:05:47,049] {dag.py:1833} INFO - Sync 1 DAGs
[2021-07-19 00:05:47,071] {logging_mixin.py:104} INFO - [2021-07-19 00:05:47,070] {dag.py:2306} INFO - Setting next_dagrun for example_branch_operator to 2021-07-17 00:00:00+00:00
[2021-07-19 00:05:47,124] {scheduler_job.py:189} INFO - Processing /home/airflow/.local/lib/python3.6/site-packages/airflow/example_dags/example_branch_operator.py took 0.124 seconds
[2021-07-19 00:06:17,355] {scheduler_job.py:181} INFO - Started process (PID=1194) to work on /home/airflow/.local/lib/python3.6/site-packages/airflow/example_dags/example_branch_operator.py
[2021-07-19 00:06:17,357] {scheduler_job.py:632} INFO - Processing file /home/airflow/.local/lib/python3.6/site-packages/airflow/example_dags/example_branch_operator.py for tasks to queue
[2021-07-19 00:06:17,359] {logging_mixin.py:104} INFO - [2021-07-19 00:06:17,359] {dagbag.py:496} INFO - Filling up the DagBag from /home/airflow/.local/lib/python3.6/site-packages/airflow/example_dags/example_branch_operator.py
[2021-07-19 00:06:17,377] {scheduler_job.py:642} INFO - DAG(s) dict_keys(['example_branch_operator']) retrieved from /home/airflow/.local/lib/python3.6/site-packages/airflow/example_dags/example_branch_operator.py
[2021-07-19 00:06:17,404] {logging_mixin.py:104} INFO - [2021-07-19 00:06:17,404] {dag.py:1833} INFO - Sync 1 DAGs
[2021-07-19 00:06:17,426] {logging_mixin.py:104} INFO - [2021-07-19 00:06:17,426] {dag.py:2306} INFO - Setting next_dagrun for example_branch_operator to 2021-07-17 00:00:00+00:00
[2021-07-19 00:06:17,477] {scheduler_job.py:189} INFO - Processing /home/airflow/.local/lib/python3.6/site-packages/airflow/example_dags/example_branch_operator.py took 0.127 seconds
[2021-07-19 00:06:47,543] {scheduler_job.py:181} INFO - Started process (PID=1262) to work on /home/airflow/.local/lib/python3.6/site-packages/airflow/example_dags/example_branch_operator.py
[2021-07-19 00:06:47,546] {scheduler_job.py:632} INFO - Processing file /home/airflow/.local/lib/python3.6/site-packages/airflow/example_dags/example_branch_operator.py for tasks to queue
[2021-07-19 00:06:47,547] {logging_mixin.py:104} INFO - [2021-07-19 00:06:47,547] {dagbag.py:496} INFO - Filling up the DagBag from /home/airflow/.local/lib/python3.6/site-packages/airflow/example_dags/example_branch_operator.py
[2021-07-19 00:06:47,568] {scheduler_job.py:642} INFO - DAG(s) dict_keys(['example_branch_operator']) retrieved from /home/airflow/.local/lib/python3.6/site-packages/airflow/example_dags/example_branch_operator.py
[2021-07-19 00:06:47,594] {logging_mixin.py:104} INFO - [2021-07-19 00:06:47,594] {dag.py:1833} INFO - Sync 1 DAGs
[2021-07-19 00:06:47,620] {logging_mixin.py:104} INFO - [2021-07-19 00:06:47,620] {dag.py:2306} INFO - Setting next_dagrun for example_branch_operator to 2021-07-17 00:00:00+00:00
[2021-07-19 00:06:47,688] {scheduler_job.py:189} INFO - Processing /home/airflow/.local/lib/python3.6/site-packages/airflow/example_dags/example_branch_operator.py took 0.152 seconds
[2021-07-19 00:07:17,848] {scheduler_job.py:181} INFO - Started process (PID=1319) to work on /home/airflow/.local/lib/python3.6/site-packages/airflow/example_dags/example_branch_operator.py
[2021-07-19 00:07:17,849] {scheduler_job.py:632} INFO - Processing file /home/airflow/.local/lib/python3.6/site-packages/airflow/example_dags/example_branch_operator.py for tasks to queue
[2021-07-19 00:07:17,851] {logging_mixin.py:104} INFO - [2021-07-19 00:07:17,850] {dagbag.py:496} INFO - Filling up the DagBag from /home/airflow/.local/lib/python3.6/site-packages/airflow/example_dags/example_branch_operator.py
[2021-07-19 00:07:17,874] {scheduler_job.py:642} INFO - DAG(s) dict_keys(['example_branch_operator']) retrieved from /home/airflow/.local/lib/python3.6/site-packages/airflow/example_dags/example_branch_operator.py
[2021-07-19 00:07:17,902] {logging_mixin.py:104} INFO - [2021-07-19 00:07:17,902] {dag.py:1833} INFO - Sync 1 DAGs
[2021-07-19 00:07:17,924] {logging_mixin.py:104} INFO - [2021-07-19 00:07:17,924] {dag.py:2306} INFO - Setting next_dagrun for example_branch_operator to 2021-07-17 00:00:00+00:00
[2021-07-19 00:07:17,978] {scheduler_job.py:189} INFO - Processing /home/airflow/.local/lib/python3.6/site-packages/airflow/example_dags/example_branch_operator.py took 0.134 seconds
[2021-07-19 00:07:48,387] {scheduler_job.py:181} INFO - Started process (PID=1375) to work on /home/airflow/.local/lib/python3.6/site-packages/airflow/example_dags/example_branch_operator.py
[2021-07-19 00:07:48,389] {scheduler_job.py:632} INFO - Processing file /home/airflow/.local/lib/python3.6/site-packages/airflow/example_dags/example_branch_operator.py for tasks to queue
[2021-07-19 00:07:48,390] {logging_mixin.py:104} INFO - [2021-07-19 00:07:48,390] {dagbag.py:496} INFO - Filling up the DagBag from /home/airflow/.local/lib/python3.6/site-packages/airflow/example_dags/example_branch_operator.py
[2021-07-19 00:07:48,410] {scheduler_job.py:642} INFO - DAG(s) dict_keys(['example_branch_operator']) retrieved from /home/airflow/.local/lib/python3.6/site-packages/airflow/example_dags/example_branch_operator.py
[2021-07-19 00:07:48,444] {logging_mixin.py:104} INFO - [2021-07-19 00:07:48,443] {dag.py:1833} INFO - Sync 1 DAGs
[2021-07-19 00:07:48,473] {logging_mixin.py:104} INFO - [2021-07-19 00:07:48,473] {dag.py:2306} INFO - Setting next_dagrun for example_branch_operator to 2021-07-17 00:00:00+00:00
[2021-07-19 00:07:48,569] {scheduler_job.py:189} INFO - Processing /home/airflow/.local/lib/python3.6/site-packages/airflow/example_dags/example_branch_operator.py took 0.185 seconds
[2021-07-19 00:08:18,704] {scheduler_job.py:181} INFO - Started process (PID=1443) to work on /home/airflow/.local/lib/python3.6/site-packages/airflow/example_dags/example_branch_operator.py
[2021-07-19 00:08:18,708] {scheduler_job.py:632} INFO - Processing file /home/airflow/.local/lib/python3.6/site-packages/airflow/example_dags/example_branch_operator.py for tasks to queue
[2021-07-19 00:08:18,711] {logging_mixin.py:104} INFO - [2021-07-19 00:08:18,710] {dagbag.py:496} INFO - Filling up the DagBag from /home/airflow/.local/lib/python3.6/site-packages/airflow/example_dags/example_branch_operator.py
[2021-07-19 00:08:18,757] {scheduler_job.py:642} INFO - DAG(s) dict_keys(['example_branch_operator']) retrieved from /home/airflow/.local/lib/python3.6/site-packages/airflow/example_dags/example_branch_operator.py
[2021-07-19 00:08:18,789] {logging_mixin.py:104} INFO - [2021-07-19 00:08:18,789] {dag.py:1833} INFO - Sync 1 DAGs
[2021-07-19 00:08:18,810] {logging_mixin.py:104} INFO - [2021-07-19 00:08:18,810] {dag.py:2306} INFO - Setting next_dagrun for example_branch_operator to 2021-07-17 00:00:00+00:00
[2021-07-19 00:08:18,868] {scheduler_job.py:189} INFO - Processing /home/airflow/.local/lib/python3.6/site-packages/airflow/example_dags/example_branch_operator.py took 0.176 seconds
[2021-07-19 00:08:49,061] {scheduler_job.py:181} INFO - Started process (PID=1499) to work on /home/airflow/.local/lib/python3.6/site-packages/airflow/example_dags/example_branch_operator.py
[2021-07-19 00:08:49,065] {scheduler_job.py:632} INFO - Processing file /home/airflow/.local/lib/python3.6/site-packages/airflow/example_dags/example_branch_operator.py for tasks to queue
[2021-07-19 00:08:49,066] {logging_mixin.py:104} INFO - [2021-07-19 00:08:49,066] {dagbag.py:496} INFO - Filling up the DagBag from /home/airflow/.local/lib/python3.6/site-packages/airflow/example_dags/example_branch_operator.py
[2021-07-19 00:08:49,085] {scheduler_job.py:642} INFO - DAG(s) dict_keys(['example_branch_operator']) retrieved from /home/airflow/.local/lib/python3.6/site-packages/airflow/example_dags/example_branch_operator.py
[2021-07-19 00:08:49,125] {logging_mixin.py:104} INFO - [2021-07-19 00:08:49,125] {dag.py:1833} INFO - Sync 1 DAGs
[2021-07-19 00:08:49,157] {logging_mixin.py:104} INFO - [2021-07-19 00:08:49,157] {dag.py:2306} INFO - Setting next_dagrun for example_branch_operator to 2021-07-17 00:00:00+00:00
[2021-07-19 00:08:49,341] {scheduler_job.py:189} INFO - Processing /home/airflow/.local/lib/python3.6/site-packages/airflow/example_dags/example_branch_operator.py took 0.284 seconds
[2021-07-19 00:09:19,564] {scheduler_job.py:181} INFO - Started process (PID=1561) to work on /home/airflow/.local/lib/python3.6/site-packages/airflow/example_dags/example_branch_operator.py
[2021-07-19 00:09:19,566] {scheduler_job.py:632} INFO - Processing file /home/airflow/.local/lib/python3.6/site-packages/airflow/example_dags/example_branch_operator.py for tasks to queue
[2021-07-19 00:09:19,567] {logging_mixin.py:104} INFO - [2021-07-19 00:09:19,567] {dagbag.py:496} INFO - Filling up the DagBag from /home/airflow/.local/lib/python3.6/site-packages/airflow/example_dags/example_branch_operator.py
[2021-07-19 00:09:19,598] {scheduler_job.py:642} INFO - DAG(s) dict_keys(['example_branch_operator']) retrieved from /home/airflow/.local/lib/python3.6/site-packages/airflow/example_dags/example_branch_operator.py
[2021-07-19 00:09:19,644] {logging_mixin.py:104} INFO - [2021-07-19 00:09:19,644] {dag.py:1833} INFO - Sync 1 DAGs
[2021-07-19 00:09:19,707] {logging_mixin.py:104} INFO - [2021-07-19 00:09:19,707] {dag.py:2306} INFO - Setting next_dagrun for example_branch_operator to 2021-07-17 00:00:00+00:00
[2021-07-19 00:09:19,932] {scheduler_job.py:189} INFO - Processing /home/airflow/.local/lib/python3.6/site-packages/airflow/example_dags/example_branch_operator.py took 0.373 seconds
[2021-07-19 00:09:50,266] {scheduler_job.py:181} INFO - Started process (PID=1622) to work on /home/airflow/.local/lib/python3.6/site-packages/airflow/example_dags/example_branch_operator.py
[2021-07-19 00:09:50,276] {scheduler_job.py:632} INFO - Processing file /home/airflow/.local/lib/python3.6/site-packages/airflow/example_dags/example_branch_operator.py for tasks to queue
[2021-07-19 00:09:50,280] {logging_mixin.py:104} INFO - [2021-07-19 00:09:50,279] {dagbag.py:496} INFO - Filling up the DagBag from /home/airflow/.local/lib/python3.6/site-packages/airflow/example_dags/example_branch_operator.py
[2021-07-19 00:09:50,310] {scheduler_job.py:642} INFO - DAG(s) dict_keys(['example_branch_operator']) retrieved from /home/airflow/.local/lib/python3.6/site-packages/airflow/example_dags/example_branch_operator.py
[2021-07-19 00:09:50,345] {logging_mixin.py:104} INFO - [2021-07-19 00:09:50,345] {dag.py:1833} INFO - Sync 1 DAGs
[2021-07-19 00:09:50,375] {logging_mixin.py:104} INFO - [2021-07-19 00:09:50,374] {dag.py:2306} INFO - Setting next_dagrun for example_branch_operator to 2021-07-17 00:00:00+00:00
[2021-07-19 00:09:50,510] {scheduler_job.py:189} INFO - Processing /home/airflow/.local/lib/python3.6/site-packages/airflow/example_dags/example_branch_operator.py took 0.263 seconds
[2021-07-19 00:10:21,064] {scheduler_job.py:181} INFO - Started process (PID=1679) to work on /home/airflow/.local/lib/python3.6/site-packages/airflow/example_dags/example_branch_operator.py
[2021-07-19 00:10:21,067] {scheduler_job.py:632} INFO - Processing file /home/airflow/.local/lib/python3.6/site-packages/airflow/example_dags/example_branch_operator.py for tasks to queue
[2021-07-19 00:10:21,068] {logging_mixin.py:104} INFO - [2021-07-19 00:10:21,068] {dagbag.py:496} INFO - Filling up the DagBag from /home/airflow/.local/lib/python3.6/site-packages/airflow/example_dags/example_branch_operator.py
[2021-07-19 00:10:21,100] {scheduler_job.py:642} INFO - DAG(s) dict_keys(['example_branch_operator']) retrieved from /home/airflow/.local/lib/python3.6/site-packages/airflow/example_dags/example_branch_operator.py
[2021-07-19 00:10:21,159] {logging_mixin.py:104} INFO - [2021-07-19 00:10:21,159] {dag.py:1833} INFO - Sync 1 DAGs
[2021-07-19 00:10:21,199] {logging_mixin.py:104} INFO - [2021-07-19 00:10:21,199] {dag.py:2306} INFO - Setting next_dagrun for example_branch_operator to 2021-07-17 00:00:00+00:00
[2021-07-19 00:10:21,354] {scheduler_job.py:189} INFO - Processing /home/airflow/.local/lib/python3.6/site-packages/airflow/example_dags/example_branch_operator.py took 0.296 seconds
[2021-07-19 00:10:52,090] {scheduler_job.py:181} INFO - Started process (PID=1744) to work on /home/airflow/.local/lib/python3.6/site-packages/airflow/example_dags/example_branch_operator.py
[2021-07-19 00:10:52,092] {scheduler_job.py:632} INFO - Processing file /home/airflow/.local/lib/python3.6/site-packages/airflow/example_dags/example_branch_operator.py for tasks to queue
[2021-07-19 00:10:52,094] {logging_mixin.py:104} INFO - [2021-07-19 00:10:52,093] {dagbag.py:496} INFO - Filling up the DagBag from /home/airflow/.local/lib/python3.6/site-packages/airflow/example_dags/example_branch_operator.py
[2021-07-19 00:10:52,113] {scheduler_job.py:642} INFO - DAG(s) dict_keys(['example_branch_operator']) retrieved from /home/airflow/.local/lib/python3.6/site-packages/airflow/example_dags/example_branch_operator.py
[2021-07-19 00:10:52,140] {logging_mixin.py:104} INFO - [2021-07-19 00:10:52,140] {dag.py:1833} INFO - Sync 1 DAGs
[2021-07-19 00:10:52,165] {logging_mixin.py:104} INFO - [2021-07-19 00:10:52,165] {dag.py:2306} INFO - Setting next_dagrun for example_branch_operator to 2021-07-17 00:00:00+00:00
[2021-07-19 00:10:52,283] {scheduler_job.py:189} INFO - Processing /home/airflow/.local/lib/python3.6/site-packages/airflow/example_dags/example_branch_operator.py took 0.198 seconds
[2021-07-19 00:11:23,271] {scheduler_job.py:181} INFO - Started process (PID=1802) to work on /home/airflow/.local/lib/python3.6/site-packages/airflow/example_dags/example_branch_operator.py
[2021-07-19 00:11:23,273] {scheduler_job.py:632} INFO - Processing file /home/airflow/.local/lib/python3.6/site-packages/airflow/example_dags/example_branch_operator.py for tasks to queue
[2021-07-19 00:11:23,274] {logging_mixin.py:104} INFO - [2021-07-19 00:11:23,274] {dagbag.py:496} INFO - Filling up the DagBag from /home/airflow/.local/lib/python3.6/site-packages/airflow/example_dags/example_branch_operator.py
[2021-07-19 00:11:23,297] {scheduler_job.py:642} INFO - DAG(s) dict_keys(['example_branch_operator']) retrieved from /home/airflow/.local/lib/python3.6/site-packages/airflow/example_dags/example_branch_operator.py
[2021-07-19 00:11:23,326] {logging_mixin.py:104} INFO - [2021-07-19 00:11:23,326] {dag.py:1833} INFO - Sync 1 DAGs
[2021-07-19 00:11:23,353] {logging_mixin.py:104} INFO - [2021-07-19 00:11:23,353] {dag.py:2306} INFO - Setting next_dagrun for example_branch_operator to 2021-07-17 00:00:00+00:00
[2021-07-19 00:11:23,660] {scheduler_job.py:189} INFO - Processing /home/airflow/.local/lib/python3.6/site-packages/airflow/example_dags/example_branch_operator.py took 0.394 seconds
[2021-07-19 00:11:54,157] {scheduler_job.py:181} INFO - Started process (PID=1861) to work on /home/airflow/.local/lib/python3.6/site-packages/airflow/example_dags/example_branch_operator.py
[2021-07-19 00:11:54,159] {scheduler_job.py:632} INFO - Processing file /home/airflow/.local/lib/python3.6/site-packages/airflow/example_dags/example_branch_operator.py for tasks to queue
[2021-07-19 00:11:54,160] {logging_mixin.py:104} INFO - [2021-07-19 00:11:54,160] {dagbag.py:496} INFO - Filling up the DagBag from /home/airflow/.local/lib/python3.6/site-packages/airflow/example_dags/example_branch_operator.py
[2021-07-19 00:11:54,186] {scheduler_job.py:642} INFO - DAG(s) dict_keys(['example_branch_operator']) retrieved from /home/airflow/.local/lib/python3.6/site-packages/airflow/example_dags/example_branch_operator.py
[2021-07-19 00:11:54,216] {logging_mixin.py:104} INFO - [2021-07-19 00:11:54,215] {dag.py:1833} INFO - Sync 1 DAGs
[2021-07-19 00:11:54,238] {logging_mixin.py:104} INFO - [2021-07-19 00:11:54,237] {dag.py:2306} INFO - Setting next_dagrun for example_branch_operator to 2021-07-17 00:00:00+00:00
[2021-07-19 00:11:54,377] {scheduler_job.py:189} INFO - Processing /home/airflow/.local/lib/python3.6/site-packages/airflow/example_dags/example_branch_operator.py took 0.223 seconds
[2021-07-19 00:12:25,049] {scheduler_job.py:181} INFO - Started process (PID=1916) to work on /home/airflow/.local/lib/python3.6/site-packages/airflow/example_dags/example_branch_operator.py
[2021-07-19 00:12:25,051] {scheduler_job.py:632} INFO - Processing file /home/airflow/.local/lib/python3.6/site-packages/airflow/example_dags/example_branch_operator.py for tasks to queue
[2021-07-19 00:12:25,053] {logging_mixin.py:104} INFO - [2021-07-19 00:12:25,052] {dagbag.py:496} INFO - Filling up the DagBag from /home/airflow/.local/lib/python3.6/site-packages/airflow/example_dags/example_branch_operator.py
[2021-07-19 00:12:25,071] {scheduler_job.py:642} INFO - DAG(s) dict_keys(['example_branch_operator']) retrieved from /home/airflow/.local/lib/python3.6/site-packages/airflow/example_dags/example_branch_operator.py
[2021-07-19 00:12:25,098] {logging_mixin.py:104} INFO - [2021-07-19 00:12:25,098] {dag.py:1833} INFO - Sync 1 DAGs
[2021-07-19 00:12:25,120] {logging_mixin.py:104} INFO - [2021-07-19 00:12:25,120] {dag.py:2306} INFO - Setting next_dagrun for example_branch_operator to 2021-07-17 00:00:00+00:00
[2021-07-19 00:12:25,284] {scheduler_job.py:189} INFO - Processing /home/airflow/.local/lib/python3.6/site-packages/airflow/example_dags/example_branch_operator.py took 0.239 seconds
[2021-07-19 00:12:56,198] {scheduler_job.py:181} INFO - Started process (PID=1985) to work on /home/airflow/.local/lib/python3.6/site-packages/airflow/example_dags/example_branch_operator.py
[2021-07-19 00:12:56,200] {scheduler_job.py:632} INFO - Processing file /home/airflow/.local/lib/python3.6/site-packages/airflow/example_dags/example_branch_operator.py for tasks to queue
[2021-07-19 00:12:56,205] {logging_mixin.py:104} INFO - [2021-07-19 00:12:56,204] {dagbag.py:496} INFO - Filling up the DagBag from /home/airflow/.local/lib/python3.6/site-packages/airflow/example_dags/example_branch_operator.py
[2021-07-19 00:12:56,238] {scheduler_job.py:642} INFO - DAG(s) dict_keys(['example_branch_operator']) retrieved from /home/airflow/.local/lib/python3.6/site-packages/airflow/example_dags/example_branch_operator.py
[2021-07-19 00:12:56,288] {logging_mixin.py:104} INFO - [2021-07-19 00:12:56,288] {dag.py:1833} INFO - Sync 1 DAGs
[2021-07-19 00:12:56,316] {logging_mixin.py:104} INFO - [2021-07-19 00:12:56,316] {dag.py:2306} INFO - Setting next_dagrun for example_branch_operator to 2021-07-17 00:00:00+00:00
[2021-07-19 00:12:56,474] {scheduler_job.py:189} INFO - Processing /home/airflow/.local/lib/python3.6/site-packages/airflow/example_dags/example_branch_operator.py took 0.283 seconds
[2021-07-19 00:13:26,576] {scheduler_job.py:181} INFO - Started process (PID=2045) to work on /home/airflow/.local/lib/python3.6/site-packages/airflow/example_dags/example_branch_operator.py
[2021-07-19 00:13:26,580] {scheduler_job.py:632} INFO - Processing file /home/airflow/.local/lib/python3.6/site-packages/airflow/example_dags/example_branch_operator.py for tasks to queue
[2021-07-19 00:13:26,584] {logging_mixin.py:104} INFO - [2021-07-19 00:13:26,583] {dagbag.py:496} INFO - Filling up the DagBag from /home/airflow/.local/lib/python3.6/site-packages/airflow/example_dags/example_branch_operator.py
[2021-07-19 00:13:26,637] {scheduler_job.py:642} INFO - DAG(s) dict_keys(['example_branch_operator']) retrieved from /home/airflow/.local/lib/python3.6/site-packages/airflow/example_dags/example_branch_operator.py
[2021-07-19 00:13:26,669] {logging_mixin.py:104} INFO - [2021-07-19 00:13:26,669] {dag.py:1833} INFO - Sync 1 DAGs
[2021-07-19 00:13:26,692] {logging_mixin.py:104} INFO - [2021-07-19 00:13:26,692] {dag.py:2306} INFO - Setting next_dagrun for example_branch_operator to 2021-07-17 00:00:00+00:00
[2021-07-19 00:13:27,000] {scheduler_job.py:189} INFO - Processing /home/airflow/.local/lib/python3.6/site-packages/airflow/example_dags/example_branch_operator.py took 0.431 seconds
[2021-07-19 00:13:57,235] {scheduler_job.py:181} INFO - Started process (PID=2103) to work on /home/airflow/.local/lib/python3.6/site-packages/airflow/example_dags/example_branch_operator.py
[2021-07-19 00:13:57,237] {scheduler_job.py:632} INFO - Processing file /home/airflow/.local/lib/python3.6/site-packages/airflow/example_dags/example_branch_operator.py for tasks to queue
[2021-07-19 00:13:57,238] {logging_mixin.py:104} INFO - [2021-07-19 00:13:57,238] {dagbag.py:496} INFO - Filling up the DagBag from /home/airflow/.local/lib/python3.6/site-packages/airflow/example_dags/example_branch_operator.py
[2021-07-19 00:13:57,260] {scheduler_job.py:642} INFO - DAG(s) dict_keys(['example_branch_operator']) retrieved from /home/airflow/.local/lib/python3.6/site-packages/airflow/example_dags/example_branch_operator.py
[2021-07-19 00:13:57,290] {logging_mixin.py:104} INFO - [2021-07-19 00:13:57,290] {dag.py:1833} INFO - Sync 1 DAGs
[2021-07-19 00:13:57,315] {logging_mixin.py:104} INFO - [2021-07-19 00:13:57,315] {dag.py:2306} INFO - Setting next_dagrun for example_branch_operator to 2021-07-17 00:00:00+00:00
[2021-07-19 00:13:57,628] {scheduler_job.py:189} INFO - Processing /home/airflow/.local/lib/python3.6/site-packages/airflow/example_dags/example_branch_operator.py took 0.397 seconds
[2021-07-19 00:14:27,808] {scheduler_job.py:181} INFO - Started process (PID=2160) to work on /home/airflow/.local/lib/python3.6/site-packages/airflow/example_dags/example_branch_operator.py
[2021-07-19 00:14:27,811] {scheduler_job.py:632} INFO - Processing file /home/airflow/.local/lib/python3.6/site-packages/airflow/example_dags/example_branch_operator.py for tasks to queue
[2021-07-19 00:14:27,813] {logging_mixin.py:104} INFO - [2021-07-19 00:14:27,812] {dagbag.py:496} INFO - Filling up the DagBag from /home/airflow/.local/lib/python3.6/site-packages/airflow/example_dags/example_branch_operator.py
[2021-07-19 00:14:27,836] {scheduler_job.py:642} INFO - DAG(s) dict_keys(['example_branch_operator']) retrieved from /home/airflow/.local/lib/python3.6/site-packages/airflow/example_dags/example_branch_operator.py
[2021-07-19 00:14:27,876] {logging_mixin.py:104} INFO - [2021-07-19 00:14:27,876] {dag.py:1833} INFO - Sync 1 DAGs
[2021-07-19 00:14:27,904] {logging_mixin.py:104} INFO - [2021-07-19 00:14:27,904] {dag.py:2306} INFO - Setting next_dagrun for example_branch_operator to 2021-07-17 00:00:00+00:00
[2021-07-19 00:14:28,612] {scheduler_job.py:189} INFO - Processing /home/airflow/.local/lib/python3.6/site-packages/airflow/example_dags/example_branch_operator.py took 0.812 seconds
[2021-07-19 00:14:58,915] {scheduler_job.py:181} INFO - Started process (PID=2217) to work on /home/airflow/.local/lib/python3.6/site-packages/airflow/example_dags/example_branch_operator.py
[2021-07-19 00:14:58,918] {scheduler_job.py:632} INFO - Processing file /home/airflow/.local/lib/python3.6/site-packages/airflow/example_dags/example_branch_operator.py for tasks to queue
[2021-07-19 00:14:58,920] {logging_mixin.py:104} INFO - [2021-07-19 00:14:58,919] {dagbag.py:496} INFO - Filling up the DagBag from /home/airflow/.local/lib/python3.6/site-packages/airflow/example_dags/example_branch_operator.py
[2021-07-19 00:14:58,948] {scheduler_job.py:642} INFO - DAG(s) dict_keys(['example_branch_operator']) retrieved from /home/airflow/.local/lib/python3.6/site-packages/airflow/example_dags/example_branch_operator.py
[2021-07-19 00:14:58,984] {logging_mixin.py:104} INFO - [2021-07-19 00:14:58,984] {dag.py:1833} INFO - Sync 1 DAGs
[2021-07-19 00:14:59,009] {logging_mixin.py:104} INFO - [2021-07-19 00:14:59,009] {dag.py:2306} INFO - Setting next_dagrun for example_branch_operator to 2021-07-17 00:00:00+00:00
[2021-07-19 00:14:59,103] {scheduler_job.py:189} INFO - Processing /home/airflow/.local/lib/python3.6/site-packages/airflow/example_dags/example_branch_operator.py took 0.194 seconds
[2021-07-19 00:15:29,146] {scheduler_job.py:181} INFO - Started process (PID=2285) to work on /home/airflow/.local/lib/python3.6/site-packages/airflow/example_dags/example_branch_operator.py
[2021-07-19 00:15:29,148] {scheduler_job.py:632} INFO - Processing file /home/airflow/.local/lib/python3.6/site-packages/airflow/example_dags/example_branch_operator.py for tasks to queue
[2021-07-19 00:15:29,150] {logging_mixin.py:104} INFO - [2021-07-19 00:15:29,149] {dagbag.py:496} INFO - Filling up the DagBag from /home/airflow/.local/lib/python3.6/site-packages/airflow/example_dags/example_branch_operator.py
[2021-07-19 00:15:29,168] {scheduler_job.py:642} INFO - DAG(s) dict_keys(['example_branch_operator']) retrieved from /home/airflow/.local/lib/python3.6/site-packages/airflow/example_dags/example_branch_operator.py
[2021-07-19 00:15:29,200] {logging_mixin.py:104} INFO - [2021-07-19 00:15:29,200] {dag.py:1833} INFO - Sync 1 DAGs
[2021-07-19 00:15:29,228] {logging_mixin.py:104} INFO - [2021-07-19 00:15:29,228] {dag.py:2306} INFO - Setting next_dagrun for example_branch_operator to 2021-07-17 00:00:00+00:00
[2021-07-19 00:15:29,556] {scheduler_job.py:189} INFO - Processing /home/airflow/.local/lib/python3.6/site-packages/airflow/example_dags/example_branch_operator.py took 0.414 seconds
[2021-07-19 00:15:59,745] {scheduler_job.py:181} INFO - Started process (PID=2340) to work on /home/airflow/.local/lib/python3.6/site-packages/airflow/example_dags/example_branch_operator.py
[2021-07-19 00:15:59,747] {scheduler_job.py:632} INFO - Processing file /home/airflow/.local/lib/python3.6/site-packages/airflow/example_dags/example_branch_operator.py for tasks to queue
[2021-07-19 00:15:59,748] {logging_mixin.py:104} INFO - [2021-07-19 00:15:59,748] {dagbag.py:496} INFO - Filling up the DagBag from /home/airflow/.local/lib/python3.6/site-packages/airflow/example_dags/example_branch_operator.py
[2021-07-19 00:15:59,769] {scheduler_job.py:642} INFO - DAG(s) dict_keys(['example_branch_operator']) retrieved from /home/airflow/.local/lib/python3.6/site-packages/airflow/example_dags/example_branch_operator.py
[2021-07-19 00:15:59,800] {logging_mixin.py:104} INFO - [2021-07-19 00:15:59,800] {dag.py:1833} INFO - Sync 1 DAGs
[2021-07-19 00:15:59,827] {logging_mixin.py:104} INFO - [2021-07-19 00:15:59,827] {dag.py:2306} INFO - Setting next_dagrun for example_branch_operator to 2021-07-17 00:00:00+00:00
[2021-07-19 00:15:59,872] {scheduler_job.py:189} INFO - Processing /home/airflow/.local/lib/python3.6/site-packages/airflow/example_dags/example_branch_operator.py took 0.132 seconds
[2021-07-19 00:16:30,108] {scheduler_job.py:181} INFO - Started process (PID=2396) to work on /home/airflow/.local/lib/python3.6/site-packages/airflow/example_dags/example_branch_operator.py
[2021-07-19 00:16:30,112] {scheduler_job.py:632} INFO - Processing file /home/airflow/.local/lib/python3.6/site-packages/airflow/example_dags/example_branch_operator.py for tasks to queue
[2021-07-19 00:16:30,113] {logging_mixin.py:104} INFO - [2021-07-19 00:16:30,113] {dagbag.py:496} INFO - Filling up the DagBag from /home/airflow/.local/lib/python3.6/site-packages/airflow/example_dags/example_branch_operator.py
[2021-07-19 00:16:30,141] {scheduler_job.py:642} INFO - DAG(s) dict_keys(['example_branch_operator']) retrieved from /home/airflow/.local/lib/python3.6/site-packages/airflow/example_dags/example_branch_operator.py
[2021-07-19 00:16:30,213] {logging_mixin.py:104} INFO - [2021-07-19 00:16:30,213] {dag.py:1833} INFO - Sync 1 DAGs
[2021-07-19 00:16:30,246] {logging_mixin.py:104} INFO - [2021-07-19 00:16:30,246] {dag.py:2306} INFO - Setting next_dagrun for example_branch_operator to 2021-07-17 00:00:00+00:00
[2021-07-19 00:16:30,416] {scheduler_job.py:189} INFO - Processing /home/airflow/.local/lib/python3.6/site-packages/airflow/example_dags/example_branch_operator.py took 0.314 seconds
[2021-07-19 00:17:00,922] {scheduler_job.py:181} INFO - Started process (PID=2465) to work on /home/airflow/.local/lib/python3.6/site-packages/airflow/example_dags/example_branch_operator.py
[2021-07-19 00:17:00,928] {scheduler_job.py:632} INFO - Processing file /home/airflow/.local/lib/python3.6/site-packages/airflow/example_dags/example_branch_operator.py for tasks to queue
[2021-07-19 00:17:00,931] {logging_mixin.py:104} INFO - [2021-07-19 00:17:00,930] {dagbag.py:496} INFO - Filling up the DagBag from /home/airflow/.local/lib/python3.6/site-packages/airflow/example_dags/example_branch_operator.py
[2021-07-19 00:17:01,003] {scheduler_job.py:642} INFO - DAG(s) dict_keys(['example_branch_operator']) retrieved from /home/airflow/.local/lib/python3.6/site-packages/airflow/example_dags/example_branch_operator.py
[2021-07-19 00:17:01,046] {logging_mixin.py:104} INFO - [2021-07-19 00:17:01,046] {dag.py:1833} INFO - Sync 1 DAGs
[2021-07-19 00:17:01,069] {logging_mixin.py:104} INFO - [2021-07-19 00:17:01,069] {dag.py:2306} INFO - Setting next_dagrun for example_branch_operator to 2021-07-17 00:00:00+00:00
[2021-07-19 00:17:01,327] {scheduler_job.py:189} INFO - Processing /home/airflow/.local/lib/python3.6/site-packages/airflow/example_dags/example_branch_operator.py took 0.416 seconds
[2021-07-19 00:17:33,325] {scheduler_job.py:181} INFO - Started process (PID=2523) to work on /home/airflow/.local/lib/python3.6/site-packages/airflow/example_dags/example_branch_operator.py
[2021-07-19 00:17:33,328] {scheduler_job.py:632} INFO - Processing file /home/airflow/.local/lib/python3.6/site-packages/airflow/example_dags/example_branch_operator.py for tasks to queue
[2021-07-19 00:17:33,330] {logging_mixin.py:104} INFO - [2021-07-19 00:17:33,330] {dagbag.py:496} INFO - Filling up the DagBag from /home/airflow/.local/lib/python3.6/site-packages/airflow/example_dags/example_branch_operator.py
[2021-07-19 00:17:33,380] {scheduler_job.py:642} INFO - DAG(s) dict_keys(['example_branch_operator']) retrieved from /home/airflow/.local/lib/python3.6/site-packages/airflow/example_dags/example_branch_operator.py
[2021-07-19 00:17:33,418] {logging_mixin.py:104} INFO - [2021-07-19 00:17:33,418] {dag.py:1833} INFO - Sync 1 DAGs
[2021-07-19 00:17:33,447] {logging_mixin.py:104} INFO - [2021-07-19 00:17:33,447] {dag.py:2306} INFO - Setting next_dagrun for example_branch_operator to 2021-07-17 00:00:00+00:00
[2021-07-19 00:17:33,850] {scheduler_job.py:189} INFO - Processing /home/airflow/.local/lib/python3.6/site-packages/airflow/example_dags/example_branch_operator.py took 0.531 seconds
[2021-07-19 00:18:04,355] {scheduler_job.py:181} INFO - Started process (PID=2581) to work on /home/airflow/.local/lib/python3.6/site-packages/airflow/example_dags/example_branch_operator.py
[2021-07-19 00:18:04,369] {scheduler_job.py:632} INFO - Processing file /home/airflow/.local/lib/python3.6/site-packages/airflow/example_dags/example_branch_operator.py for tasks to queue
[2021-07-19 00:18:04,374] {logging_mixin.py:104} INFO - [2021-07-19 00:18:04,373] {dagbag.py:496} INFO - Filling up the DagBag from /home/airflow/.local/lib/python3.6/site-packages/airflow/example_dags/example_branch_operator.py
[2021-07-19 00:18:04,432] {scheduler_job.py:642} INFO - DAG(s) dict_keys(['example_branch_operator']) retrieved from /home/airflow/.local/lib/python3.6/site-packages/airflow/example_dags/example_branch_operator.py
[2021-07-19 00:18:04,477] {logging_mixin.py:104} INFO - [2021-07-19 00:18:04,476] {dag.py:1833} INFO - Sync 1 DAGs
[2021-07-19 00:18:04,518] {logging_mixin.py:104} INFO - [2021-07-19 00:18:04,518] {dag.py:2306} INFO - Setting next_dagrun for example_branch_operator to 2021-07-17 00:00:00+00:00
[2021-07-19 00:18:05,378] {scheduler_job.py:189} INFO - Processing /home/airflow/.local/lib/python3.6/site-packages/airflow/example_dags/example_branch_operator.py took 1.040 seconds
[2021-07-19 00:18:39,557] {scheduler_job.py:181} INFO - Started process (PID=2647) to work on /home/airflow/.local/lib/python3.6/site-packages/airflow/example_dags/example_branch_operator.py
[2021-07-19 00:18:39,561] {scheduler_job.py:632} INFO - Processing file /home/airflow/.local/lib/python3.6/site-packages/airflow/example_dags/example_branch_operator.py for tasks to queue
[2021-07-19 00:18:39,563] {logging_mixin.py:104} INFO - [2021-07-19 00:18:39,563] {dagbag.py:496} INFO - Filling up the DagBag from /home/airflow/.local/lib/python3.6/site-packages/airflow/example_dags/example_branch_operator.py
[2021-07-19 00:18:39,584] {scheduler_job.py:642} INFO - DAG(s) dict_keys(['example_branch_operator']) retrieved from /home/airflow/.local/lib/python3.6/site-packages/airflow/example_dags/example_branch_operator.py
[2021-07-19 00:18:39,614] {logging_mixin.py:104} INFO - [2021-07-19 00:18:39,614] {dag.py:1833} INFO - Sync 1 DAGs
[2021-07-19 00:18:39,644] {logging_mixin.py:104} INFO - [2021-07-19 00:18:39,644] {dag.py:2306} INFO - Setting next_dagrun for example_branch_operator to 2021-07-17 00:00:00+00:00
[2021-07-19 00:18:40,962] {scheduler_job.py:189} INFO - Processing /home/airflow/.local/lib/python3.6/site-packages/airflow/example_dags/example_branch_operator.py took 1.409 seconds
[2021-07-19 00:19:11,543] {scheduler_job.py:181} INFO - Started process (PID=2702) to work on /home/airflow/.local/lib/python3.6/site-packages/airflow/example_dags/example_branch_operator.py
[2021-07-19 00:19:11,549] {scheduler_job.py:632} INFO - Processing file /home/airflow/.local/lib/python3.6/site-packages/airflow/example_dags/example_branch_operator.py for tasks to queue
[2021-07-19 00:19:11,553] {logging_mixin.py:104} INFO - [2021-07-19 00:19:11,553] {dagbag.py:496} INFO - Filling up the DagBag from /home/airflow/.local/lib/python3.6/site-packages/airflow/example_dags/example_branch_operator.py
[2021-07-19 00:19:11,591] {scheduler_job.py:642} INFO - DAG(s) dict_keys(['example_branch_operator']) retrieved from /home/airflow/.local/lib/python3.6/site-packages/airflow/example_dags/example_branch_operator.py
[2021-07-19 00:19:11,634] {logging_mixin.py:104} INFO - [2021-07-19 00:19:11,634] {dag.py:1833} INFO - Sync 1 DAGs
[2021-07-19 00:19:11,662] {logging_mixin.py:104} INFO - [2021-07-19 00:19:11,662] {dag.py:2306} INFO - Setting next_dagrun for example_branch_operator to 2021-07-17 00:00:00+00:00
[2021-07-19 00:19:12,030] {scheduler_job.py:189} INFO - Processing /home/airflow/.local/lib/python3.6/site-packages/airflow/example_dags/example_branch_operator.py took 0.503 seconds
[2021-07-19 00:19:42,765] {scheduler_job.py:181} INFO - Started process (PID=2759) to work on /home/airflow/.local/lib/python3.6/site-packages/airflow/example_dags/example_branch_operator.py
[2021-07-19 00:19:42,766] {scheduler_job.py:632} INFO - Processing file /home/airflow/.local/lib/python3.6/site-packages/airflow/example_dags/example_branch_operator.py for tasks to queue
[2021-07-19 00:19:42,767] {logging_mixin.py:104} INFO - [2021-07-19 00:19:42,767] {dagbag.py:496} INFO - Filling up the DagBag from /home/airflow/.local/lib/python3.6/site-packages/airflow/example_dags/example_branch_operator.py
[2021-07-19 00:19:42,793] {scheduler_job.py:642} INFO - DAG(s) dict_keys(['example_branch_operator']) retrieved from /home/airflow/.local/lib/python3.6/site-packages/airflow/example_dags/example_branch_operator.py
[2021-07-19 00:19:42,824] {logging_mixin.py:104} INFO - [2021-07-19 00:19:42,824] {dag.py:1833} INFO - Sync 1 DAGs
[2021-07-19 00:19:42,854] {logging_mixin.py:104} INFO - [2021-07-19 00:19:42,854] {dag.py:2306} INFO - Setting next_dagrun for example_branch_operator to 2021-07-17 00:00:00+00:00
[2021-07-19 00:19:43,129] {scheduler_job.py:189} INFO - Processing /home/airflow/.local/lib/python3.6/site-packages/airflow/example_dags/example_branch_operator.py took 0.368 seconds
[2021-07-19 00:20:18,497] {scheduler_job.py:181} INFO - Started process (PID=2827) to work on /home/airflow/.local/lib/python3.6/site-packages/airflow/example_dags/example_branch_operator.py
[2021-07-19 00:20:18,498] {scheduler_job.py:632} INFO - Processing file /home/airflow/.local/lib/python3.6/site-packages/airflow/example_dags/example_branch_operator.py for tasks to queue
[2021-07-19 00:20:18,499] {logging_mixin.py:104} INFO - [2021-07-19 00:20:18,499] {dagbag.py:496} INFO - Filling up the DagBag from /home/airflow/.local/lib/python3.6/site-packages/airflow/example_dags/example_branch_operator.py
[2021-07-19 00:20:18,519] {scheduler_job.py:642} INFO - DAG(s) dict_keys(['example_branch_operator']) retrieved from /home/airflow/.local/lib/python3.6/site-packages/airflow/example_dags/example_branch_operator.py
[2021-07-19 00:20:18,551] {logging_mixin.py:104} INFO - [2021-07-19 00:20:18,551] {dag.py:1833} INFO - Sync 1 DAGs
[2021-07-19 00:20:18,577] {logging_mixin.py:104} INFO - [2021-07-19 00:20:18,577] {dag.py:2306} INFO - Setting next_dagrun for example_branch_operator to 2021-07-17 00:00:00+00:00
[2021-07-19 00:20:18,855] {scheduler_job.py:189} INFO - Processing /home/airflow/.local/lib/python3.6/site-packages/airflow/example_dags/example_branch_operator.py took 0.362 seconds
[2021-07-19 00:20:49,074] {scheduler_job.py:181} INFO - Started process (PID=2885) to work on /home/airflow/.local/lib/python3.6/site-packages/airflow/example_dags/example_branch_operator.py
[2021-07-19 00:20:49,077] {scheduler_job.py:632} INFO - Processing file /home/airflow/.local/lib/python3.6/site-packages/airflow/example_dags/example_branch_operator.py for tasks to queue
[2021-07-19 00:20:49,078] {logging_mixin.py:104} INFO - [2021-07-19 00:20:49,078] {dagbag.py:496} INFO - Filling up the DagBag from /home/airflow/.local/lib/python3.6/site-packages/airflow/example_dags/example_branch_operator.py
[2021-07-19 00:20:49,106] {scheduler_job.py:642} INFO - DAG(s) dict_keys(['example_branch_operator']) retrieved from /home/airflow/.local/lib/python3.6/site-packages/airflow/example_dags/example_branch_operator.py
[2021-07-19 00:20:49,143] {logging_mixin.py:104} INFO - [2021-07-19 00:20:49,143] {dag.py:1833} INFO - Sync 1 DAGs
[2021-07-19 00:20:49,179] {logging_mixin.py:104} INFO - [2021-07-19 00:20:49,179] {dag.py:2306} INFO - Setting next_dagrun for example_branch_operator to 2021-07-17 00:00:00+00:00
[2021-07-19 00:20:49,407] {scheduler_job.py:189} INFO - Processing /home/airflow/.local/lib/python3.6/site-packages/airflow/example_dags/example_branch_operator.py took 0.339 seconds
[2021-07-19 00:21:21,170] {scheduler_job.py:181} INFO - Started process (PID=2941) to work on /home/airflow/.local/lib/python3.6/site-packages/airflow/example_dags/example_branch_operator.py
[2021-07-19 00:21:21,176] {scheduler_job.py:632} INFO - Processing file /home/airflow/.local/lib/python3.6/site-packages/airflow/example_dags/example_branch_operator.py for tasks to queue
[2021-07-19 00:21:21,180] {logging_mixin.py:104} INFO - [2021-07-19 00:21:21,179] {dagbag.py:496} INFO - Filling up the DagBag from /home/airflow/.local/lib/python3.6/site-packages/airflow/example_dags/example_branch_operator.py
[2021-07-19 00:21:21,206] {scheduler_job.py:642} INFO - DAG(s) dict_keys(['example_branch_operator']) retrieved from /home/airflow/.local/lib/python3.6/site-packages/airflow/example_dags/example_branch_operator.py
[2021-07-19 00:21:21,265] {logging_mixin.py:104} INFO - [2021-07-19 00:21:21,265] {dag.py:1833} INFO - Sync 1 DAGs
[2021-07-19 00:21:21,303] {logging_mixin.py:104} INFO - [2021-07-19 00:21:21,303] {dag.py:2306} INFO - Setting next_dagrun for example_branch_operator to 2021-07-17 00:00:00+00:00
[2021-07-19 00:21:21,625] {scheduler_job.py:189} INFO - Processing /home/airflow/.local/lib/python3.6/site-packages/airflow/example_dags/example_branch_operator.py took 0.462 seconds
[2021-07-19 00:21:52,368] {scheduler_job.py:181} INFO - Started process (PID=2997) to work on /home/airflow/.local/lib/python3.6/site-packages/airflow/example_dags/example_branch_operator.py
[2021-07-19 00:21:52,370] {scheduler_job.py:632} INFO - Processing file /home/airflow/.local/lib/python3.6/site-packages/airflow/example_dags/example_branch_operator.py for tasks to queue
[2021-07-19 00:21:52,371] {logging_mixin.py:104} INFO - [2021-07-19 00:21:52,371] {dagbag.py:496} INFO - Filling up the DagBag from /home/airflow/.local/lib/python3.6/site-packages/airflow/example_dags/example_branch_operator.py
[2021-07-19 00:21:52,401] {scheduler_job.py:642} INFO - DAG(s) dict_keys(['example_branch_operator']) retrieved from /home/airflow/.local/lib/python3.6/site-packages/airflow/example_dags/example_branch_operator.py
[2021-07-19 00:21:52,457] {logging_mixin.py:104} INFO - [2021-07-19 00:21:52,457] {dag.py:1833} INFO - Sync 1 DAGs
[2021-07-19 00:21:52,515] {logging_mixin.py:104} INFO - [2021-07-19 00:21:52,515] {dag.py:2306} INFO - Setting next_dagrun for example_branch_operator to 2021-07-17 00:00:00+00:00
[2021-07-19 00:21:52,815] {scheduler_job.py:189} INFO - Processing /home/airflow/.local/lib/python3.6/site-packages/airflow/example_dags/example_branch_operator.py took 0.451 seconds
[2021-07-19 00:22:23,548] {scheduler_job.py:181} INFO - Started process (PID=3053) to work on /home/airflow/.local/lib/python3.6/site-packages/airflow/example_dags/example_branch_operator.py
[2021-07-19 00:22:23,558] {scheduler_job.py:632} INFO - Processing file /home/airflow/.local/lib/python3.6/site-packages/airflow/example_dags/example_branch_operator.py for tasks to queue
[2021-07-19 00:22:23,562] {logging_mixin.py:104} INFO - [2021-07-19 00:22:23,562] {dagbag.py:496} INFO - Filling up the DagBag from /home/airflow/.local/lib/python3.6/site-packages/airflow/example_dags/example_branch_operator.py
[2021-07-19 00:22:23,602] {scheduler_job.py:642} INFO - DAG(s) dict_keys(['example_branch_operator']) retrieved from /home/airflow/.local/lib/python3.6/site-packages/airflow/example_dags/example_branch_operator.py
[2021-07-19 00:22:23,630] {logging_mixin.py:104} INFO - [2021-07-19 00:22:23,630] {dag.py:1833} INFO - Sync 1 DAGs
[2021-07-19 00:22:23,653] {logging_mixin.py:104} INFO - [2021-07-19 00:22:23,653] {dag.py:2306} INFO - Setting next_dagrun for example_branch_operator to 2021-07-17 00:00:00+00:00
[2021-07-19 00:22:24,199] {scheduler_job.py:189} INFO - Processing /home/airflow/.local/lib/python3.6/site-packages/airflow/example_dags/example_branch_operator.py took 0.682 seconds
[2021-07-19 00:22:54,516] {scheduler_job.py:181} INFO - Started process (PID=3121) to work on /home/airflow/.local/lib/python3.6/site-packages/airflow/example_dags/example_branch_operator.py
[2021-07-19 00:22:54,518] {scheduler_job.py:632} INFO - Processing file /home/airflow/.local/lib/python3.6/site-packages/airflow/example_dags/example_branch_operator.py for tasks to queue
[2021-07-19 00:22:54,519] {logging_mixin.py:104} INFO - [2021-07-19 00:22:54,519] {dagbag.py:496} INFO - Filling up the DagBag from /home/airflow/.local/lib/python3.6/site-packages/airflow/example_dags/example_branch_operator.py
[2021-07-19 00:22:54,543] {scheduler_job.py:642} INFO - DAG(s) dict_keys(['example_branch_operator']) retrieved from /home/airflow/.local/lib/python3.6/site-packages/airflow/example_dags/example_branch_operator.py
[2021-07-19 00:22:54,581] {logging_mixin.py:104} INFO - [2021-07-19 00:22:54,581] {dag.py:1833} INFO - Sync 1 DAGs
[2021-07-19 00:22:54,618] {logging_mixin.py:104} INFO - [2021-07-19 00:22:54,618] {dag.py:2306} INFO - Setting next_dagrun for example_branch_operator to 2021-07-17 00:00:00+00:00
[2021-07-19 00:22:54,743] {scheduler_job.py:189} INFO - Processing /home/airflow/.local/lib/python3.6/site-packages/airflow/example_dags/example_branch_operator.py took 0.231 seconds
[2021-07-19 00:23:25,259] {scheduler_job.py:181} INFO - Started process (PID=3177) to work on /home/airflow/.local/lib/python3.6/site-packages/airflow/example_dags/example_branch_operator.py
[2021-07-19 00:23:25,265] {scheduler_job.py:632} INFO - Processing file /home/airflow/.local/lib/python3.6/site-packages/airflow/example_dags/example_branch_operator.py for tasks to queue
[2021-07-19 00:23:25,268] {logging_mixin.py:104} INFO - [2021-07-19 00:23:25,267] {dagbag.py:496} INFO - Filling up the DagBag from /home/airflow/.local/lib/python3.6/site-packages/airflow/example_dags/example_branch_operator.py
[2021-07-19 00:23:25,298] {scheduler_job.py:642} INFO - DAG(s) dict_keys(['example_branch_operator']) retrieved from /home/airflow/.local/lib/python3.6/site-packages/airflow/example_dags/example_branch_operator.py
[2021-07-19 00:23:25,329] {logging_mixin.py:104} INFO - [2021-07-19 00:23:25,329] {dag.py:1833} INFO - Sync 1 DAGs
[2021-07-19 00:23:25,353] {logging_mixin.py:104} INFO - [2021-07-19 00:23:25,353] {dag.py:2306} INFO - Setting next_dagrun for example_branch_operator to 2021-07-17 00:00:00+00:00
[2021-07-19 00:23:26,417] {scheduler_job.py:189} INFO - Processing /home/airflow/.local/lib/python3.6/site-packages/airflow/example_dags/example_branch_operator.py took 1.169 seconds
                                                                                                                                                                                                                                                                                                                                                                                                                                                                                                                                                                                                                                                                                                                                                                                                                                                                                                                                                                                                                                                                                                                                                                                                                                                                                                                                                                                                                                                                                                                                                                                                                                                                                                                                                                                                                                                                                                                                                                                                                                                                                                                                                                                                                                                                                                                                                                                                                                                                                                                                                                                                                                                                                                                                                                                                                                                                                                                                                                                                                                                                                                                                                                                                                                                                                                                                                                                                                                                                                                                                                                                                                                                                                                                                                                                                                                                                                                                                                                                                                                                                                                                                                                                                                                                                                                                                                                                                                                                                                                                                                                                                                                                                                                                                                                                                                                                                                                                                                                                                                                                                                                                                                                                                                                                                                                                                                                                                                                                                                                                                                                                                                                                                                                                                                                                                                                                                                                                                                                                                                                                                                                                                                                                                                                                                                                                                                                                                                                                                                                                                                                                                                                                                                                                                                                    