[2021-07-19 00:00:13,358] {scheduler_job.py:181} INFO - Started process (PID=489) to work on /home/airflow/.local/lib/python3.6/site-packages/airflow/example_dags/example_xcomargs.py
[2021-07-19 00:00:13,361] {scheduler_job.py:632} INFO - Processing file /home/airflow/.local/lib/python3.6/site-packages/airflow/example_dags/example_xcomargs.py for tasks to queue
[2021-07-19 00:00:13,362] {logging_mixin.py:104} INFO - [2021-07-19 00:00:13,362] {dagbag.py:496} INFO - Filling up the DagBag from /home/airflow/.local/lib/python3.6/site-packages/airflow/example_dags/example_xcomargs.py
[2021-07-19 00:00:13,397] {scheduler_job.py:642} INFO - DAG(s) dict_keys(['example_xcom_args', 'example_xcom_args_with_operators']) retrieved from /home/airflow/.local/lib/python3.6/site-packages/airflow/example_dags/example_xcomargs.py
[2021-07-19 00:00:13,724] {logging_mixin.py:104} INFO - [2021-07-19 00:00:13,723] {dag.py:1833} INFO - Sync 2 DAGs
[2021-07-19 00:00:13,768] {logging_mixin.py:104} INFO - [2021-07-19 00:00:13,768] {dag.py:2306} INFO - Setting next_dagrun for example_xcom_args to None
[2021-07-19 00:00:13,770] {logging_mixin.py:104} INFO - [2021-07-19 00:00:13,769] {dag.py:2306} INFO - Setting next_dagrun for example_xcom_args_with_operators to None
[2021-07-19 00:00:13,869] {scheduler_job.py:189} INFO - Processing /home/airflow/.local/lib/python3.6/site-packages/airflow/example_dags/example_xcomargs.py took 0.515 seconds
[2021-07-19 00:00:44,505] {scheduler_job.py:181} INFO - Started process (PID=557) to work on /home/airflow/.local/lib/python3.6/site-packages/airflow/example_dags/example_xcomargs.py
[2021-07-19 00:00:44,507] {scheduler_job.py:632} INFO - Processing file /home/airflow/.local/lib/python3.6/site-packages/airflow/example_dags/example_xcomargs.py for tasks to queue
[2021-07-19 00:00:44,509] {logging_mixin.py:104} INFO - [2021-07-19 00:00:44,508] {dagbag.py:496} INFO - Filling up the DagBag from /home/airflow/.local/lib/python3.6/site-packages/airflow/example_dags/example_xcomargs.py
[2021-07-19 00:00:44,536] {scheduler_job.py:642} INFO - DAG(s) dict_keys(['example_xcom_args', 'example_xcom_args_with_operators']) retrieved from /home/airflow/.local/lib/python3.6/site-packages/airflow/example_dags/example_xcomargs.py
[2021-07-19 00:00:44,923] {logging_mixin.py:104} INFO - [2021-07-19 00:00:44,923] {dag.py:1833} INFO - Sync 2 DAGs
[2021-07-19 00:00:44,945] {logging_mixin.py:104} INFO - [2021-07-19 00:00:44,945] {dag.py:2306} INFO - Setting next_dagrun for example_xcom_args to None
[2021-07-19 00:00:44,947] {logging_mixin.py:104} INFO - [2021-07-19 00:00:44,947] {dag.py:2306} INFO - Setting next_dagrun for example_xcom_args_with_operators to None
[2021-07-19 00:00:45,002] {scheduler_job.py:189} INFO - Processing /home/airflow/.local/lib/python3.6/site-packages/airflow/example_dags/example_xcomargs.py took 0.502 seconds
[2021-07-19 00:01:15,269] {scheduler_job.py:181} INFO - Started process (PID=615) to work on /home/airflow/.local/lib/python3.6/site-packages/airflow/example_dags/example_xcomargs.py
[2021-07-19 00:01:15,271] {scheduler_job.py:632} INFO - Processing file /home/airflow/.local/lib/python3.6/site-packages/airflow/example_dags/example_xcomargs.py for tasks to queue
[2021-07-19 00:01:15,272] {logging_mixin.py:104} INFO - [2021-07-19 00:01:15,272] {dagbag.py:496} INFO - Filling up the DagBag from /home/airflow/.local/lib/python3.6/site-packages/airflow/example_dags/example_xcomargs.py
[2021-07-19 00:01:15,320] {scheduler_job.py:642} INFO - DAG(s) dict_keys(['example_xcom_args', 'example_xcom_args_with_operators']) retrieved from /home/airflow/.local/lib/python3.6/site-packages/airflow/example_dags/example_xcomargs.py
[2021-07-19 00:01:15,614] {logging_mixin.py:104} INFO - [2021-07-19 00:01:15,614] {dag.py:1833} INFO - Sync 2 DAGs
[2021-07-19 00:01:15,630] {logging_mixin.py:104} INFO - [2021-07-19 00:01:15,630] {dag.py:2306} INFO - Setting next_dagrun for example_xcom_args to None
[2021-07-19 00:01:15,632] {logging_mixin.py:104} INFO - [2021-07-19 00:01:15,632] {dag.py:2306} INFO - Setting next_dagrun for example_xcom_args_with_operators to None
[2021-07-19 00:01:15,690] {scheduler_job.py:189} INFO - Processing /home/airflow/.local/lib/python3.6/site-packages/airflow/example_dags/example_xcomargs.py took 0.425 seconds
[2021-07-19 00:01:46,274] {scheduler_job.py:181} INFO - Started process (PID=671) to work on /home/airflow/.local/lib/python3.6/site-packages/airflow/example_dags/example_xcomargs.py
[2021-07-19 00:01:46,276] {scheduler_job.py:632} INFO - Processing file /home/airflow/.local/lib/python3.6/site-packages/airflow/example_dags/example_xcomargs.py for tasks to queue
[2021-07-19 00:01:46,278] {logging_mixin.py:104} INFO - [2021-07-19 00:01:46,278] {dagbag.py:496} INFO - Filling up the DagBag from /home/airflow/.local/lib/python3.6/site-packages/airflow/example_dags/example_xcomargs.py
[2021-07-19 00:01:46,306] {scheduler_job.py:642} INFO - DAG(s) dict_keys(['example_xcom_args', 'example_xcom_args_with_operators']) retrieved from /home/airflow/.local/lib/python3.6/site-packages/airflow/example_dags/example_xcomargs.py
[2021-07-19 00:01:46,601] {logging_mixin.py:104} INFO - [2021-07-19 00:01:46,601] {dag.py:1833} INFO - Sync 2 DAGs
[2021-07-19 00:01:46,622] {logging_mixin.py:104} INFO - [2021-07-19 00:01:46,621] {dag.py:2306} INFO - Setting next_dagrun for example_xcom_args to None
[2021-07-19 00:01:46,623] {logging_mixin.py:104} INFO - [2021-07-19 00:01:46,623] {dag.py:2306} INFO - Setting next_dagrun for example_xcom_args_with_operators to None
[2021-07-19 00:01:46,671] {scheduler_job.py:189} INFO - Processing /home/airflow/.local/lib/python3.6/site-packages/airflow/example_dags/example_xcomargs.py took 0.400 seconds
[2021-07-19 00:02:16,945] {scheduler_job.py:181} INFO - Started process (PID=738) to work on /home/airflow/.local/lib/python3.6/site-packages/airflow/example_dags/example_xcomargs.py
[2021-07-19 00:02:16,947] {scheduler_job.py:632} INFO - Processing file /home/airflow/.local/lib/python3.6/site-packages/airflow/example_dags/example_xcomargs.py for tasks to queue
[2021-07-19 00:02:16,948] {logging_mixin.py:104} INFO - [2021-07-19 00:02:16,948] {dagbag.py:496} INFO - Filling up the DagBag from /home/airflow/.local/lib/python3.6/site-packages/airflow/example_dags/example_xcomargs.py
[2021-07-19 00:02:16,975] {scheduler_job.py:642} INFO - DAG(s) dict_keys(['example_xcom_args', 'example_xcom_args_with_operators']) retrieved from /home/airflow/.local/lib/python3.6/site-packages/airflow/example_dags/example_xcomargs.py
[2021-07-19 00:02:17,271] {logging_mixin.py:104} INFO - [2021-07-19 00:02:17,271] {dag.py:1833} INFO - Sync 2 DAGs
[2021-07-19 00:02:17,290] {logging_mixin.py:104} INFO - [2021-07-19 00:02:17,290] {dag.py:2306} INFO - Setting next_dagrun for example_xcom_args to None
[2021-07-19 00:02:17,292] {logging_mixin.py:104} INFO - [2021-07-19 00:02:17,292] {dag.py:2306} INFO - Setting next_dagrun for example_xcom_args_with_operators to None
[2021-07-19 00:02:17,380] {scheduler_job.py:189} INFO - Processing /home/airflow/.local/lib/python3.6/site-packages/airflow/example_dags/example_xcomargs.py took 0.440 seconds
[2021-07-19 00:02:47,750] {scheduler_job.py:181} INFO - Started process (PID=797) to work on /home/airflow/.local/lib/python3.6/site-packages/airflow/example_dags/example_xcomargs.py
[2021-07-19 00:02:47,752] {scheduler_job.py:632} INFO - Processing file /home/airflow/.local/lib/python3.6/site-packages/airflow/example_dags/example_xcomargs.py for tasks to queue
[2021-07-19 00:02:47,753] {logging_mixin.py:104} INFO - [2021-07-19 00:02:47,753] {dagbag.py:496} INFO - Filling up the DagBag from /home/airflow/.local/lib/python3.6/site-packages/airflow/example_dags/example_xcomargs.py
[2021-07-19 00:02:47,779] {scheduler_job.py:642} INFO - DAG(s) dict_keys(['example_xcom_args', 'example_xcom_args_with_operators']) retrieved from /home/airflow/.local/lib/python3.6/site-packages/airflow/example_dags/example_xcomargs.py
[2021-07-19 00:02:48,040] {logging_mixin.py:104} INFO - [2021-07-19 00:02:48,039] {dag.py:1833} INFO - Sync 2 DAGs
[2021-07-19 00:02:48,060] {logging_mixin.py:104} INFO - [2021-07-19 00:02:48,059] {dag.py:2306} INFO - Setting next_dagrun for example_xcom_args to None
[2021-07-19 00:02:48,062] {logging_mixin.py:104} INFO - [2021-07-19 00:02:48,062] {dag.py:2306} INFO - Setting next_dagrun for example_xcom_args_with_operators to None
[2021-07-19 00:02:48,119] {scheduler_job.py:189} INFO - Processing /home/airflow/.local/lib/python3.6/site-packages/airflow/example_dags/example_xcomargs.py took 0.373 seconds
[2021-07-19 00:03:18,466] {scheduler_job.py:181} INFO - Started process (PID=862) to work on /home/airflow/.local/lib/python3.6/site-packages/airflow/example_dags/example_xcomargs.py
[2021-07-19 00:03:18,469] {scheduler_job.py:632} INFO - Processing file /home/airflow/.local/lib/python3.6/site-packages/airflow/example_dags/example_xcomargs.py for tasks to queue
[2021-07-19 00:03:18,470] {logging_mixin.py:104} INFO - [2021-07-19 00:03:18,470] {dagbag.py:496} INFO - Filling up the DagBag from /home/airflow/.local/lib/python3.6/site-packages/airflow/example_dags/example_xcomargs.py
[2021-07-19 00:03:18,501] {scheduler_job.py:642} INFO - DAG(s) dict_keys(['example_xcom_args', 'example_xcom_args_with_operators']) retrieved from /home/airflow/.local/lib/python3.6/site-packages/airflow/example_dags/example_xcomargs.py
[2021-07-19 00:03:18,538] {logging_mixin.py:104} INFO - [2021-07-19 00:03:18,537] {dag.py:1833} INFO - Sync 2 DAGs
[2021-07-19 00:03:18,560] {logging_mixin.py:104} INFO - [2021-07-19 00:03:18,560] {dag.py:2306} INFO - Setting next_dagrun for example_xcom_args to None
[2021-07-19 00:03:18,561] {logging_mixin.py:104} INFO - [2021-07-19 00:03:18,561] {dag.py:2306} INFO - Setting next_dagrun for example_xcom_args_with_operators to None
[2021-07-19 00:03:18,628] {scheduler_job.py:189} INFO - Processing /home/airflow/.local/lib/python3.6/site-packages/airflow/example_dags/example_xcomargs.py took 0.166 seconds
[2021-07-19 00:03:48,769] {scheduler_job.py:181} INFO - Started process (PID=919) to work on /home/airflow/.local/lib/python3.6/site-packages/airflow/example_dags/example_xcomargs.py
[2021-07-19 00:03:48,771] {scheduler_job.py:632} INFO - Processing file /home/airflow/.local/lib/python3.6/site-packages/airflow/example_dags/example_xcomargs.py for tasks to queue
[2021-07-19 00:03:48,773] {logging_mixin.py:104} INFO - [2021-07-19 00:03:48,772] {dagbag.py:496} INFO - Filling up the DagBag from /home/airflow/.local/lib/python3.6/site-packages/airflow/example_dags/example_xcomargs.py
[2021-07-19 00:03:48,797] {scheduler_job.py:642} INFO - DAG(s) dict_keys(['example_xcom_args', 'example_xcom_args_with_operators']) retrieved from /home/airflow/.local/lib/python3.6/site-packages/airflow/example_dags/example_xcomargs.py
[2021-07-19 00:03:49,079] {logging_mixin.py:104} INFO - [2021-07-19 00:03:49,079] {dag.py:1833} INFO - Sync 2 DAGs
[2021-07-19 00:03:49,101] {logging_mixin.py:104} INFO - [2021-07-19 00:03:49,101] {dag.py:2306} INFO - Setting next_dagrun for example_xcom_args to None
[2021-07-19 00:03:49,103] {logging_mixin.py:104} INFO - [2021-07-19 00:03:49,102] {dag.py:2306} INFO - Setting next_dagrun for example_xcom_args_with_operators to None
[2021-07-19 00:03:49,195] {scheduler_job.py:189} INFO - Processing /home/airflow/.local/lib/python3.6/site-packages/airflow/example_dags/example_xcomargs.py took 0.430 seconds
[2021-07-19 00:04:19,404] {scheduler_job.py:181} INFO - Started process (PID=975) to work on /home/airflow/.local/lib/python3.6/site-packages/airflow/example_dags/example_xcomargs.py
[2021-07-19 00:04:19,406] {scheduler_job.py:632} INFO - Processing file /home/airflow/.local/lib/python3.6/site-packages/airflow/example_dags/example_xcomargs.py for tasks to queue
[2021-07-19 00:04:19,408] {logging_mixin.py:104} INFO - [2021-07-19 00:04:19,408] {dagbag.py:496} INFO - Filling up the DagBag from /home/airflow/.local/lib/python3.6/site-packages/airflow/example_dags/example_xcomargs.py
[2021-07-19 00:04:19,444] {scheduler_job.py:642} INFO - DAG(s) dict_keys(['example_xcom_args', 'example_xcom_args_with_operators']) retrieved from /home/airflow/.local/lib/python3.6/site-packages/airflow/example_dags/example_xcomargs.py
[2021-07-19 00:04:19,475] {logging_mixin.py:104} INFO - [2021-07-19 00:04:19,475] {dag.py:1833} INFO - Sync 2 DAGs
[2021-07-19 00:04:19,498] {logging_mixin.py:104} INFO - [2021-07-19 00:04:19,497] {dag.py:2306} INFO - Setting next_dagrun for example_xcom_args to None
[2021-07-19 00:04:19,499] {logging_mixin.py:104} INFO - [2021-07-19 00:04:19,499] {dag.py:2306} INFO - Setting next_dagrun for example_xcom_args_with_operators to None
[2021-07-19 00:04:19,535] {scheduler_job.py:189} INFO - Processing /home/airflow/.local/lib/python3.6/site-packages/airflow/example_dags/example_xcomargs.py took 0.136 seconds
[2021-07-19 00:04:50,481] {scheduler_job.py:181} INFO - Started process (PID=1043) to work on /home/airflow/.local/lib/python3.6/site-packages/airflow/example_dags/example_xcomargs.py
[2021-07-19 00:04:50,483] {scheduler_job.py:632} INFO - Processing file /home/airflow/.local/lib/python3.6/site-packages/airflow/example_dags/example_xcomargs.py for tasks to queue
[2021-07-19 00:04:50,485] {logging_mixin.py:104} INFO - [2021-07-19 00:04:50,485] {dagbag.py:496} INFO - Filling up the DagBag from /home/airflow/.local/lib/python3.6/site-packages/airflow/example_dags/example_xcomargs.py
[2021-07-19 00:04:50,524] {scheduler_job.py:642} INFO - DAG(s) dict_keys(['example_xcom_args', 'example_xcom_args_with_operators']) retrieved from /home/airflow/.local/lib/python3.6/site-packages/airflow/example_dags/example_xcomargs.py
[2021-07-19 00:04:50,558] {logging_mixin.py:104} INFO - [2021-07-19 00:04:50,558] {dag.py:1833} INFO - Sync 2 DAGs
[2021-07-19 00:04:50,577] {logging_mixin.py:104} INFO - [2021-07-19 00:04:50,577] {dag.py:2306} INFO - Setting next_dagrun for example_xcom_args to None
[2021-07-19 00:04:50,578] {logging_mixin.py:104} INFO - [2021-07-19 00:04:50,578] {dag.py:2306} INFO - Setting next_dagrun for example_xcom_args_with_operators to None
[2021-07-19 00:04:50,691] {scheduler_job.py:189} INFO - Processing /home/airflow/.local/lib/python3.6/site-packages/airflow/example_dags/example_xcomargs.py took 0.218 seconds
[2021-07-19 00:05:21,303] {scheduler_job.py:181} INFO - Started process (PID=1099) to work on /home/airflow/.local/lib/python3.6/site-packages/airflow/example_dags/example_xcomargs.py
[2021-07-19 00:05:21,305] {scheduler_job.py:632} INFO - Processing file /home/airflow/.local/lib/python3.6/site-packages/airflow/example_dags/example_xcomargs.py for tasks to queue
[2021-07-19 00:05:21,306] {logging_mixin.py:104} INFO - [2021-07-19 00:05:21,306] {dagbag.py:496} INFO - Filling up the DagBag from /home/airflow/.local/lib/python3.6/site-packages/airflow/example_dags/example_xcomargs.py
[2021-07-19 00:05:21,328] {scheduler_job.py:642} INFO - DAG(s) dict_keys(['example_xcom_args', 'example_xcom_args_with_operators']) retrieved from /home/airflow/.local/lib/python3.6/site-packages/airflow/example_dags/example_xcomargs.py
[2021-07-19 00:05:21,615] {logging_mixin.py:104} INFO - [2021-07-19 00:05:21,615] {dag.py:1833} INFO - Sync 2 DAGs
[2021-07-19 00:05:21,631] {logging_mixin.py:104} INFO - [2021-07-19 00:05:21,631] {dag.py:2306} INFO - Setting next_dagrun for example_xcom_args to None
[2021-07-19 00:05:21,632] {logging_mixin.py:104} INFO - [2021-07-19 00:05:21,632] {dag.py:2306} INFO - Setting next_dagrun for example_xcom_args_with_operators to None
[2021-07-19 00:05:21,689] {scheduler_job.py:189} INFO - Processing /home/airflow/.local/lib/python3.6/site-packages/airflow/example_dags/example_xcomargs.py took 0.390 seconds
[2021-07-19 00:05:52,518] {scheduler_job.py:181} INFO - Started process (PID=1155) to work on /home/airflow/.local/lib/python3.6/site-packages/airflow/example_dags/example_xcomargs.py
[2021-07-19 00:05:52,520] {scheduler_job.py:632} INFO - Processing file /home/airflow/.local/lib/python3.6/site-packages/airflow/example_dags/example_xcomargs.py for tasks to queue
[2021-07-19 00:05:52,521] {logging_mixin.py:104} INFO - [2021-07-19 00:05:52,521] {dagbag.py:496} INFO - Filling up the DagBag from /home/airflow/.local/lib/python3.6/site-packages/airflow/example_dags/example_xcomargs.py
[2021-07-19 00:05:52,557] {scheduler_job.py:642} INFO - DAG(s) dict_keys(['example_xcom_args', 'example_xcom_args_with_operators']) retrieved from /home/airflow/.local/lib/python3.6/site-packages/airflow/example_dags/example_xcomargs.py
[2021-07-19 00:05:52,878] {logging_mixin.py:104} INFO - [2021-07-19 00:05:52,878] {dag.py:1833} INFO - Sync 2 DAGs
[2021-07-19 00:05:52,897] {logging_mixin.py:104} INFO - [2021-07-19 00:05:52,897] {dag.py:2306} INFO - Setting next_dagrun for example_xcom_args to None
[2021-07-19 00:05:52,898] {logging_mixin.py:104} INFO - [2021-07-19 00:05:52,898] {dag.py:2306} INFO - Setting next_dagrun for example_xcom_args_with_operators to None
[2021-07-19 00:05:52,952] {scheduler_job.py:189} INFO - Processing /home/airflow/.local/lib/python3.6/site-packages/airflow/example_dags/example_xcomargs.py took 0.440 seconds
[2021-07-19 00:06:23,258] {scheduler_job.py:181} INFO - Started process (PID=1222) to work on /home/airflow/.local/lib/python3.6/site-packages/airflow/example_dags/example_xcomargs.py
[2021-07-19 00:06:23,261] {scheduler_job.py:632} INFO - Processing file /home/airflow/.local/lib/python3.6/site-packages/airflow/example_dags/example_xcomargs.py for tasks to queue
[2021-07-19 00:06:23,263] {logging_mixin.py:104} INFO - [2021-07-19 00:06:23,263] {dagbag.py:496} INFO - Filling up the DagBag from /home/airflow/.local/lib/python3.6/site-packages/airflow/example_dags/example_xcomargs.py
[2021-07-19 00:06:23,289] {scheduler_job.py:642} INFO - DAG(s) dict_keys(['example_xcom_args', 'example_xcom_args_with_operators']) retrieved from /home/airflow/.local/lib/python3.6/site-packages/airflow/example_dags/example_xcomargs.py
[2021-07-19 00:06:23,616] {logging_mixin.py:104} INFO - [2021-07-19 00:06:23,616] {dag.py:1833} INFO - Sync 2 DAGs
[2021-07-19 00:06:23,638] {logging_mixin.py:104} INFO - [2021-07-19 00:06:23,637] {dag.py:2306} INFO - Setting next_dagrun for example_xcom_args to None
[2021-07-19 00:06:23,639] {logging_mixin.py:104} INFO - [2021-07-19 00:06:23,639] {dag.py:2306} INFO - Setting next_dagrun for example_xcom_args_with_operators to None
[2021-07-19 00:06:23,745] {scheduler_job.py:189} INFO - Processing /home/airflow/.local/lib/python3.6/site-packages/airflow/example_dags/example_xcomargs.py took 0.491 seconds
[2021-07-19 00:06:54,090] {scheduler_job.py:181} INFO - Started process (PID=1279) to work on /home/airflow/.local/lib/python3.6/site-packages/airflow/example_dags/example_xcomargs.py
[2021-07-19 00:06:54,091] {scheduler_job.py:632} INFO - Processing file /home/airflow/.local/lib/python3.6/site-packages/airflow/example_dags/example_xcomargs.py for tasks to queue
[2021-07-19 00:06:54,093] {logging_mixin.py:104} INFO - [2021-07-19 00:06:54,092] {dagbag.py:496} INFO - Filling up the DagBag from /home/airflow/.local/lib/python3.6/site-packages/airflow/example_dags/example_xcomargs.py
[2021-07-19 00:06:54,115] {scheduler_job.py:642} INFO - DAG(s) dict_keys(['example_xcom_args', 'example_xcom_args_with_operators']) retrieved from /home/airflow/.local/lib/python3.6/site-packages/airflow/example_dags/example_xcomargs.py
[2021-07-19 00:06:54,450] {logging_mixin.py:104} INFO - [2021-07-19 00:06:54,450] {dag.py:1833} INFO - Sync 2 DAGs
[2021-07-19 00:06:54,476] {logging_mixin.py:104} INFO - [2021-07-19 00:06:54,475] {dag.py:2306} INFO - Setting next_dagrun for example_xcom_args to None
[2021-07-19 00:06:54,478] {logging_mixin.py:104} INFO - [2021-07-19 00:06:54,478] {dag.py:2306} INFO - Setting next_dagrun for example_xcom_args_with_operators to None
[2021-07-19 00:06:54,595] {scheduler_job.py:189} INFO - Processing /home/airflow/.local/lib/python3.6/site-packages/airflow/example_dags/example_xcomargs.py took 0.509 seconds
[2021-07-19 00:07:25,698] {scheduler_job.py:181} INFO - Started process (PID=1347) to work on /home/airflow/.local/lib/python3.6/site-packages/airflow/example_dags/example_xcomargs.py
[2021-07-19 00:07:25,700] {scheduler_job.py:632} INFO - Processing file /home/airflow/.local/lib/python3.6/site-packages/airflow/example_dags/example_xcomargs.py for tasks to queue
[2021-07-19 00:07:25,701] {logging_mixin.py:104} INFO - [2021-07-19 00:07:25,701] {dagbag.py:496} INFO - Filling up the DagBag from /home/airflow/.local/lib/python3.6/site-packages/airflow/example_dags/example_xcomargs.py
[2021-07-19 00:07:25,738] {scheduler_job.py:642} INFO - DAG(s) dict_keys(['example_xcom_args', 'example_xcom_args_with_operators']) retrieved from /home/airflow/.local/lib/python3.6/site-packages/airflow/example_dags/example_xcomargs.py
[2021-07-19 00:07:26,038] {logging_mixin.py:104} INFO - [2021-07-19 00:07:26,038] {dag.py:1833} INFO - Sync 2 DAGs
[2021-07-19 00:07:26,057] {logging_mixin.py:104} INFO - [2021-07-19 00:07:26,057] {dag.py:2306} INFO - Setting next_dagrun for example_xcom_args to None
[2021-07-19 00:07:26,059] {logging_mixin.py:104} INFO - [2021-07-19 00:07:26,058] {dag.py:2306} INFO - Setting next_dagrun for example_xcom_args_with_operators to None
[2021-07-19 00:07:26,513] {scheduler_job.py:189} INFO - Processing /home/airflow/.local/lib/python3.6/site-packages/airflow/example_dags/example_xcomargs.py took 0.820 seconds
[2021-07-19 00:07:56,690] {scheduler_job.py:181} INFO - Started process (PID=1404) to work on /home/airflow/.local/lib/python3.6/site-packages/airflow/example_dags/example_xcomargs.py
[2021-07-19 00:07:56,692] {scheduler_job.py:632} INFO - Processing file /home/airflow/.local/lib/python3.6/site-packages/airflow/example_dags/example_xcomargs.py for tasks to queue
[2021-07-19 00:07:56,693] {logging_mixin.py:104} INFO - [2021-07-19 00:07:56,693] {dagbag.py:496} INFO - Filling up the DagBag from /home/airflow/.local/lib/python3.6/site-packages/airflow/example_dags/example_xcomargs.py
[2021-07-19 00:07:56,717] {scheduler_job.py:642} INFO - DAG(s) dict_keys(['example_xcom_args', 'example_xcom_args_with_operators']) retrieved from /home/airflow/.local/lib/python3.6/site-packages/airflow/example_dags/example_xcomargs.py
[2021-07-19 00:07:57,046] {logging_mixin.py:104} INFO - [2021-07-19 00:07:57,046] {dag.py:1833} INFO - Sync 2 DAGs
[2021-07-19 00:07:57,062] {logging_mixin.py:104} INFO - [2021-07-19 00:07:57,062] {dag.py:2306} INFO - Setting next_dagrun for example_xcom_args to None
[2021-07-19 00:07:57,063] {logging_mixin.py:104} INFO - [2021-07-19 00:07:57,063] {dag.py:2306} INFO - Setting next_dagrun for example_xcom_args_with_operators to None
[2021-07-19 00:07:57,168] {scheduler_job.py:189} INFO - Processing /home/airflow/.local/lib/python3.6/site-packages/airflow/example_dags/example_xcomargs.py took 0.482 seconds
[2021-07-19 00:08:27,759] {scheduler_job.py:181} INFO - Started process (PID=1471) to work on /home/airflow/.local/lib/python3.6/site-packages/airflow/example_dags/example_xcomargs.py
[2021-07-19 00:08:27,762] {scheduler_job.py:632} INFO - Processing file /home/airflow/.local/lib/python3.6/site-packages/airflow/example_dags/example_xcomargs.py for tasks to queue
[2021-07-19 00:08:27,763] {logging_mixin.py:104} INFO - [2021-07-19 00:08:27,763] {dagbag.py:496} INFO - Filling up the DagBag from /home/airflow/.local/lib/python3.6/site-packages/airflow/example_dags/example_xcomargs.py
[2021-07-19 00:08:27,795] {scheduler_job.py:642} INFO - DAG(s) dict_keys(['example_xcom_args', 'example_xcom_args_with_operators']) retrieved from /home/airflow/.local/lib/python3.6/site-packages/airflow/example_dags/example_xcomargs.py
[2021-07-19 00:08:27,853] {logging_mixin.py:104} INFO - [2021-07-19 00:08:27,853] {dag.py:1833} INFO - Sync 2 DAGs
[2021-07-19 00:08:27,879] {logging_mixin.py:104} INFO - [2021-07-19 00:08:27,879] {dag.py:2306} INFO - Setting next_dagrun for example_xcom_args to None
[2021-07-19 00:08:27,880] {logging_mixin.py:104} INFO - [2021-07-19 00:08:27,880] {dag.py:2306} INFO - Setting next_dagrun for example_xcom_args_with_operators to None
[2021-07-19 00:08:27,938] {scheduler_job.py:189} INFO - Processing /home/airflow/.local/lib/python3.6/site-packages/airflow/example_dags/example_xcomargs.py took 0.183 seconds
[2021-07-19 00:08:59,258] {scheduler_job.py:181} INFO - Started process (PID=1527) to work on /home/airflow/.local/lib/python3.6/site-packages/airflow/example_dags/example_xcomargs.py
[2021-07-19 00:08:59,260] {scheduler_job.py:632} INFO - Processing file /home/airflow/.local/lib/python3.6/site-packages/airflow/example_dags/example_xcomargs.py for tasks to queue
[2021-07-19 00:08:59,261] {logging_mixin.py:104} INFO - [2021-07-19 00:08:59,261] {dagbag.py:496} INFO - Filling up the DagBag from /home/airflow/.local/lib/python3.6/site-packages/airflow/example_dags/example_xcomargs.py
[2021-07-19 00:08:59,290] {scheduler_job.py:642} INFO - DAG(s) dict_keys(['example_xcom_args', 'example_xcom_args_with_operators']) retrieved from /home/airflow/.local/lib/python3.6/site-packages/airflow/example_dags/example_xcomargs.py
[2021-07-19 00:08:59,639] {logging_mixin.py:104} INFO - [2021-07-19 00:08:59,639] {dag.py:1833} INFO - Sync 2 DAGs
[2021-07-19 00:08:59,658] {logging_mixin.py:104} INFO - [2021-07-19 00:08:59,658] {dag.py:2306} INFO - Setting next_dagrun for example_xcom_args to None
[2021-07-19 00:08:59,660] {logging_mixin.py:104} INFO - [2021-07-19 00:08:59,660] {dag.py:2306} INFO - Setting next_dagrun for example_xcom_args_with_operators to None
[2021-07-19 00:08:59,855] {scheduler_job.py:189} INFO - Processing /home/airflow/.local/lib/python3.6/site-packages/airflow/example_dags/example_xcomargs.py took 0.602 seconds
[2021-07-19 00:09:30,125] {scheduler_job.py:181} INFO - Started process (PID=1583) to work on /home/airflow/.local/lib/python3.6/site-packages/airflow/example_dags/example_xcomargs.py
[2021-07-19 00:09:30,128] {scheduler_job.py:632} INFO - Processing file /home/airflow/.local/lib/python3.6/site-packages/airflow/example_dags/example_xcomargs.py for tasks to queue
[2021-07-19 00:09:30,130] {logging_mixin.py:104} INFO - [2021-07-19 00:09:30,129] {dagbag.py:496} INFO - Filling up the DagBag from /home/airflow/.local/lib/python3.6/site-packages/airflow/example_dags/example_xcomargs.py
[2021-07-19 00:09:30,163] {scheduler_job.py:642} INFO - DAG(s) dict_keys(['example_xcom_args', 'example_xcom_args_with_operators']) retrieved from /home/airflow/.local/lib/python3.6/site-packages/airflow/example_dags/example_xcomargs.py
[2021-07-19 00:09:30,206] {logging_mixin.py:104} INFO - [2021-07-19 00:09:30,206] {dag.py:1833} INFO - Sync 2 DAGs
[2021-07-19 00:09:30,232] {logging_mixin.py:104} INFO - [2021-07-19 00:09:30,232] {dag.py:2306} INFO - Setting next_dagrun for example_xcom_args to None
[2021-07-19 00:09:30,234] {logging_mixin.py:104} INFO - [2021-07-19 00:09:30,234] {dag.py:2306} INFO - Setting next_dagrun for example_xcom_args_with_operators to None
[2021-07-19 00:09:30,343] {scheduler_job.py:189} INFO - Processing /home/airflow/.local/lib/python3.6/site-packages/airflow/example_dags/example_xcomargs.py took 0.222 seconds
[2021-07-19 00:10:00,507] {scheduler_job.py:181} INFO - Started process (PID=1650) to work on /home/airflow/.local/lib/python3.6/site-packages/airflow/example_dags/example_xcomargs.py
[2021-07-19 00:10:00,509] {scheduler_job.py:632} INFO - Processing file /home/airflow/.local/lib/python3.6/site-packages/airflow/example_dags/example_xcomargs.py for tasks to queue
[2021-07-19 00:10:00,511] {logging_mixin.py:104} INFO - [2021-07-19 00:10:00,510] {dagbag.py:496} INFO - Filling up the DagBag from /home/airflow/.local/lib/python3.6/site-packages/airflow/example_dags/example_xcomargs.py
[2021-07-19 00:10:00,553] {scheduler_job.py:642} INFO - DAG(s) dict_keys(['example_xcom_args', 'example_xcom_args_with_operators']) retrieved from /home/airflow/.local/lib/python3.6/site-packages/airflow/example_dags/example_xcomargs.py
[2021-07-19 00:10:00,984] {logging_mixin.py:104} INFO - [2021-07-19 00:10:00,984] {dag.py:1833} INFO - Sync 2 DAGs
[2021-07-19 00:10:01,013] {logging_mixin.py:104} INFO - [2021-07-19 00:10:01,013] {dag.py:2306} INFO - Setting next_dagrun for example_xcom_args to None
[2021-07-19 00:10:01,015] {logging_mixin.py:104} INFO - [2021-07-19 00:10:01,015] {dag.py:2306} INFO - Setting next_dagrun for example_xcom_args_with_operators to None
[2021-07-19 00:10:01,081] {scheduler_job.py:189} INFO - Processing /home/airflow/.local/lib/python3.6/site-packages/airflow/example_dags/example_xcomargs.py took 0.579 seconds
[2021-07-19 00:10:31,278] {scheduler_job.py:181} INFO - Started process (PID=1708) to work on /home/airflow/.local/lib/python3.6/site-packages/airflow/example_dags/example_xcomargs.py
[2021-07-19 00:10:31,280] {scheduler_job.py:632} INFO - Processing file /home/airflow/.local/lib/python3.6/site-packages/airflow/example_dags/example_xcomargs.py for tasks to queue
[2021-07-19 00:10:31,281] {logging_mixin.py:104} INFO - [2021-07-19 00:10:31,281] {dagbag.py:496} INFO - Filling up the DagBag from /home/airflow/.local/lib/python3.6/site-packages/airflow/example_dags/example_xcomargs.py
[2021-07-19 00:10:31,306] {scheduler_job.py:642} INFO - DAG(s) dict_keys(['example_xcom_args', 'example_xcom_args_with_operators']) retrieved from /home/airflow/.local/lib/python3.6/site-packages/airflow/example_dags/example_xcomargs.py
[2021-07-19 00:10:31,662] {logging_mixin.py:104} INFO - [2021-07-19 00:10:31,662] {dag.py:1833} INFO - Sync 2 DAGs
[2021-07-19 00:10:31,679] {logging_mixin.py:104} INFO - [2021-07-19 00:10:31,678] {dag.py:2306} INFO - Setting next_dagrun for example_xcom_args to None
[2021-07-19 00:10:31,680] {logging_mixin.py:104} INFO - [2021-07-19 00:10:31,680] {dag.py:2306} INFO - Setting next_dagrun for example_xcom_args_with_operators to None
[2021-07-19 00:10:31,829] {scheduler_job.py:189} INFO - Processing /home/airflow/.local/lib/python3.6/site-packages/airflow/example_dags/example_xcomargs.py took 0.556 seconds
[2021-07-19 00:11:02,388] {scheduler_job.py:181} INFO - Started process (PID=1763) to work on /home/airflow/.local/lib/python3.6/site-packages/airflow/example_dags/example_xcomargs.py
[2021-07-19 00:11:02,390] {scheduler_job.py:632} INFO - Processing file /home/airflow/.local/lib/python3.6/site-packages/airflow/example_dags/example_xcomargs.py for tasks to queue
[2021-07-19 00:11:02,391] {logging_mixin.py:104} INFO - [2021-07-19 00:11:02,391] {dagbag.py:496} INFO - Filling up the DagBag from /home/airflow/.local/lib/python3.6/site-packages/airflow/example_dags/example_xcomargs.py
[2021-07-19 00:11:02,420] {scheduler_job.py:642} INFO - DAG(s) dict_keys(['example_xcom_args', 'example_xcom_args_with_operators']) retrieved from /home/airflow/.local/lib/python3.6/site-packages/airflow/example_dags/example_xcomargs.py
[2021-07-19 00:11:02,686] {logging_mixin.py:104} INFO - [2021-07-19 00:11:02,685] {dag.py:1833} INFO - Sync 2 DAGs
[2021-07-19 00:11:02,703] {logging_mixin.py:104} INFO - [2021-07-19 00:11:02,703] {dag.py:2306} INFO - Setting next_dagrun for example_xcom_args to None
[2021-07-19 00:11:02,704] {logging_mixin.py:104} INFO - [2021-07-19 00:11:02,704] {dag.py:2306} INFO - Setting next_dagrun for example_xcom_args_with_operators to None
[2021-07-19 00:11:02,826] {scheduler_job.py:189} INFO - Processing /home/airflow/.local/lib/python3.6/site-packages/airflow/example_dags/example_xcomargs.py took 0.442 seconds
[2021-07-19 00:11:33,806] {scheduler_job.py:181} INFO - Started process (PID=1820) to work on /home/airflow/.local/lib/python3.6/site-packages/airflow/example_dags/example_xcomargs.py
[2021-07-19 00:11:33,811] {scheduler_job.py:632} INFO - Processing file /home/airflow/.local/lib/python3.6/site-packages/airflow/example_dags/example_xcomargs.py for tasks to queue
[2021-07-19 00:11:33,812] {logging_mixin.py:104} INFO - [2021-07-19 00:11:33,812] {dagbag.py:496} INFO - Filling up the DagBag from /home/airflow/.local/lib/python3.6/site-packages/airflow/example_dags/example_xcomargs.py
[2021-07-19 00:11:33,842] {scheduler_job.py:642} INFO - DAG(s) dict_keys(['example_xcom_args', 'example_xcom_args_with_operators']) retrieved from /home/airflow/.local/lib/python3.6/site-packages/airflow/example_dags/example_xcomargs.py
[2021-07-19 00:11:34,209] {logging_mixin.py:104} INFO - [2021-07-19 00:11:34,209] {dag.py:1833} INFO - Sync 2 DAGs
[2021-07-19 00:11:34,230] {logging_mixin.py:104} INFO - [2021-07-19 00:11:34,230] {dag.py:2306} INFO - Setting next_dagrun for example_xcom_args to None
[2021-07-19 00:11:34,232] {logging_mixin.py:104} INFO - [2021-07-19 00:11:34,231] {dag.py:2306} INFO - Setting next_dagrun for example_xcom_args_with_operators to None
[2021-07-19 00:11:34,609] {scheduler_job.py:189} INFO - Processing /home/airflow/.local/lib/python3.6/site-packages/airflow/example_dags/example_xcomargs.py took 0.807 seconds
[2021-07-19 00:12:04,778] {scheduler_job.py:181} INFO - Started process (PID=1889) to work on /home/airflow/.local/lib/python3.6/site-packages/airflow/example_dags/example_xcomargs.py
[2021-07-19 00:12:04,780] {scheduler_job.py:632} INFO - Processing file /home/airflow/.local/lib/python3.6/site-packages/airflow/example_dags/example_xcomargs.py for tasks to queue
[2021-07-19 00:12:04,783] {logging_mixin.py:104} INFO - [2021-07-19 00:12:04,782] {dagbag.py:496} INFO - Filling up the DagBag from /home/airflow/.local/lib/python3.6/site-packages/airflow/example_dags/example_xcomargs.py
[2021-07-19 00:12:04,816] {scheduler_job.py:642} INFO - DAG(s) dict_keys(['example_xcom_args', 'example_xcom_args_with_operators']) retrieved from /home/airflow/.local/lib/python3.6/site-packages/airflow/example_dags/example_xcomargs.py
[2021-07-19 00:12:05,209] {logging_mixin.py:104} INFO - [2021-07-19 00:12:05,209] {dag.py:1833} INFO - Sync 2 DAGs
[2021-07-19 00:12:05,229] {logging_mixin.py:104} INFO - [2021-07-19 00:12:05,229] {dag.py:2306} INFO - Setting next_dagrun for example_xcom_args to None
[2021-07-19 00:12:05,230] {logging_mixin.py:104} INFO - [2021-07-19 00:12:05,230] {dag.py:2306} INFO - Setting next_dagrun for example_xcom_args_with_operators to None
[2021-07-19 00:12:05,334] {scheduler_job.py:189} INFO - Processing /home/airflow/.local/lib/python3.6/site-packages/airflow/example_dags/example_xcomargs.py took 0.561 seconds
[2021-07-19 00:12:35,987] {scheduler_job.py:181} INFO - Started process (PID=1945) to work on /home/airflow/.local/lib/python3.6/site-packages/airflow/example_dags/example_xcomargs.py
[2021-07-19 00:12:35,989] {scheduler_job.py:632} INFO - Processing file /home/airflow/.local/lib/python3.6/site-packages/airflow/example_dags/example_xcomargs.py for tasks to queue
[2021-07-19 00:12:35,990] {logging_mixin.py:104} INFO - [2021-07-19 00:12:35,990] {dagbag.py:496} INFO - Filling up the DagBag from /home/airflow/.local/lib/python3.6/site-packages/airflow/example_dags/example_xcomargs.py
[2021-07-19 00:12:36,022] {scheduler_job.py:642} INFO - DAG(s) dict_keys(['example_xcom_args', 'example_xcom_args_with_operators']) retrieved from /home/airflow/.local/lib/python3.6/site-packages/airflow/example_dags/example_xcomargs.py
[2021-07-19 00:12:36,336] {logging_mixin.py:104} INFO - [2021-07-19 00:12:36,336] {dag.py:1833} INFO - Sync 2 DAGs
[2021-07-19 00:12:36,356] {logging_mixin.py:104} INFO - [2021-07-19 00:12:36,356] {dag.py:2306} INFO - Setting next_dagrun for example_xcom_args to None
[2021-07-19 00:12:36,358] {logging_mixin.py:104} INFO - [2021-07-19 00:12:36,357] {dag.py:2306} INFO - Setting next_dagrun for example_xcom_args_with_operators to None
[2021-07-19 00:12:36,458] {scheduler_job.py:189} INFO - Processing /home/airflow/.local/lib/python3.6/site-packages/airflow/example_dags/example_xcomargs.py took 0.475 seconds
[2021-07-19 00:13:06,906] {scheduler_job.py:181} INFO - Started process (PID=2000) to work on /home/airflow/.local/lib/python3.6/site-packages/airflow/example_dags/example_xcomargs.py
[2021-07-19 00:13:06,910] {scheduler_job.py:632} INFO - Processing file /home/airflow/.local/lib/python3.6/site-packages/airflow/example_dags/example_xcomargs.py for tasks to queue
[2021-07-19 00:13:06,913] {logging_mixin.py:104} INFO - [2021-07-19 00:13:06,913] {dagbag.py:496} INFO - Filling up the DagBag from /home/airflow/.local/lib/python3.6/site-packages/airflow/example_dags/example_xcomargs.py
[2021-07-19 00:13:06,953] {scheduler_job.py:642} INFO - DAG(s) dict_keys(['example_xcom_args', 'example_xcom_args_with_operators']) retrieved from /home/airflow/.local/lib/python3.6/site-packages/airflow/example_dags/example_xcomargs.py
[2021-07-19 00:13:07,339] {logging_mixin.py:104} INFO - [2021-07-19 00:13:07,339] {dag.py:1833} INFO - Sync 2 DAGs
[2021-07-19 00:13:07,366] {logging_mixin.py:104} INFO - [2021-07-19 00:13:07,366] {dag.py:2306} INFO - Setting next_dagrun for example_xcom_args to None
[2021-07-19 00:13:07,368] {logging_mixin.py:104} INFO - [2021-07-19 00:13:07,368] {dag.py:2306} INFO - Setting next_dagrun for example_xcom_args_with_operators to None
[2021-07-19 00:13:07,447] {scheduler_job.py:189} INFO - Processing /home/airflow/.local/lib/python3.6/site-packages/airflow/example_dags/example_xcomargs.py took 0.553 seconds
[2021-07-19 00:13:38,139] {scheduler_job.py:181} INFO - Started process (PID=2072) to work on /home/airflow/.local/lib/python3.6/site-packages/airflow/example_dags/example_xcomargs.py
[2021-07-19 00:13:38,143] {scheduler_job.py:632} INFO - Processing file /home/airflow/.local/lib/python3.6/site-packages/airflow/example_dags/example_xcomargs.py for tasks to queue
[2021-07-19 00:13:38,144] {logging_mixin.py:104} INFO - [2021-07-19 00:13:38,144] {dagbag.py:496} INFO - Filling up the DagBag from /home/airflow/.local/lib/python3.6/site-packages/airflow/example_dags/example_xcomargs.py
[2021-07-19 00:13:38,183] {scheduler_job.py:642} INFO - DAG(s) dict_keys(['example_xcom_args', 'example_xcom_args_with_operators']) retrieved from /home/airflow/.local/lib/python3.6/site-packages/airflow/example_dags/example_xcomargs.py
[2021-07-19 00:13:38,636] {logging_mixin.py:104} INFO - [2021-07-19 00:13:38,636] {dag.py:1833} INFO - Sync 2 DAGs
[2021-07-19 00:13:38,653] {logging_mixin.py:104} INFO - [2021-07-19 00:13:38,653] {dag.py:2306} INFO - Setting next_dagrun for example_xcom_args to None
[2021-07-19 00:13:38,655] {logging_mixin.py:104} INFO - [2021-07-19 00:13:38,654] {dag.py:2306} INFO - Setting next_dagrun for example_xcom_args_with_operators to None
[2021-07-19 00:13:38,738] {scheduler_job.py:189} INFO - Processing /home/airflow/.local/lib/python3.6/site-packages/airflow/example_dags/example_xcomargs.py took 0.604 seconds
[2021-07-19 00:14:09,829] {scheduler_job.py:181} INFO - Started process (PID=2127) to work on /home/airflow/.local/lib/python3.6/site-packages/airflow/example_dags/example_xcomargs.py
[2021-07-19 00:14:09,834] {scheduler_job.py:632} INFO - Processing file /home/airflow/.local/lib/python3.6/site-packages/airflow/example_dags/example_xcomargs.py for tasks to queue
[2021-07-19 00:14:09,837] {logging_mixin.py:104} INFO - [2021-07-19 00:14:09,836] {dagbag.py:496} INFO - Filling up the DagBag from /home/airflow/.local/lib/python3.6/site-packages/airflow/example_dags/example_xcomargs.py
[2021-07-19 00:14:09,900] {scheduler_job.py:642} INFO - DAG(s) dict_keys(['example_xcom_args', 'example_xcom_args_with_operators']) retrieved from /home/airflow/.local/lib/python3.6/site-packages/airflow/example_dags/example_xcomargs.py
[2021-07-19 00:14:10,273] {logging_mixin.py:104} INFO - [2021-07-19 00:14:10,272] {dag.py:1833} INFO - Sync 2 DAGs
[2021-07-19 00:14:10,293] {logging_mixin.py:104} INFO - [2021-07-19 00:14:10,293] {dag.py:2306} INFO - Setting next_dagrun for example_xcom_args to None
[2021-07-19 00:14:10,295] {logging_mixin.py:104} INFO - [2021-07-19 00:14:10,294] {dag.py:2306} INFO - Setting next_dagrun for example_xcom_args_with_operators to None
[2021-07-19 00:14:10,368] {scheduler_job.py:189} INFO - Processing /home/airflow/.local/lib/python3.6/site-packages/airflow/example_dags/example_xcomargs.py took 0.551 seconds
[2021-07-19 00:14:42,126] {scheduler_job.py:181} INFO - Started process (PID=2185) to work on /home/airflow/.local/lib/python3.6/site-packages/airflow/example_dags/example_xcomargs.py
[2021-07-19 00:14:42,254] {scheduler_job.py:632} INFO - Processing file /home/airflow/.local/lib/python3.6/site-packages/airflow/example_dags/example_xcomargs.py for tasks to queue
[2021-07-19 00:14:42,257] {logging_mixin.py:104} INFO - [2021-07-19 00:14:42,257] {dagbag.py:496} INFO - Filling up the DagBag from /home/airflow/.local/lib/python3.6/site-packages/airflow/example_dags/example_xcomargs.py
[2021-07-19 00:14:42,337] {scheduler_job.py:642} INFO - DAG(s) dict_keys(['example_xcom_args', 'example_xcom_args_with_operators']) retrieved from /home/airflow/.local/lib/python3.6/site-packages/airflow/example_dags/example_xcomargs.py
[2021-07-19 00:14:42,393] {logging_mixin.py:104} INFO - [2021-07-19 00:14:42,392] {dag.py:1833} INFO - Sync 2 DAGs
[2021-07-19 00:14:42,417] {logging_mixin.py:104} INFO - [2021-07-19 00:14:42,417] {dag.py:2306} INFO - Setting next_dagrun for example_xcom_args to None
[2021-07-19 00:14:42,493] {logging_mixin.py:104} INFO - [2021-07-19 00:14:42,493] {dag.py:2306} INFO - Setting next_dagrun for example_xcom_args_with_operators to None
[2021-07-19 00:14:42,975] {scheduler_job.py:189} INFO - Processing /home/airflow/.local/lib/python3.6/site-packages/airflow/example_dags/example_xcomargs.py took 0.861 seconds
[2021-07-19 00:15:13,639] {scheduler_job.py:181} INFO - Started process (PID=2243) to work on /home/airflow/.local/lib/python3.6/site-packages/airflow/example_dags/example_xcomargs.py
[2021-07-19 00:15:13,642] {scheduler_job.py:632} INFO - Processing file /home/airflow/.local/lib/python3.6/site-packages/airflow/example_dags/example_xcomargs.py for tasks to queue
[2021-07-19 00:15:13,644] {logging_mixin.py:104} INFO - [2021-07-19 00:15:13,644] {dagbag.py:496} INFO - Filling up the DagBag from /home/airflow/.local/lib/python3.6/site-packages/airflow/example_dags/example_xcomargs.py
[2021-07-19 00:15:13,672] {scheduler_job.py:642} INFO - DAG(s) dict_keys(['example_xcom_args', 'example_xcom_args_with_operators']) retrieved from /home/airflow/.local/lib/python3.6/site-packages/airflow/example_dags/example_xcomargs.py
[2021-07-19 00:15:14,012] {logging_mixin.py:104} INFO - [2021-07-19 00:15:14,012] {dag.py:1833} INFO - Sync 2 DAGs
[2021-07-19 00:15:14,029] {logging_mixin.py:104} INFO - [2021-07-19 00:15:14,028] {dag.py:2306} INFO - Setting next_dagrun for example_xcom_args to None
[2021-07-19 00:15:14,031] {logging_mixin.py:104} INFO - [2021-07-19 00:15:14,030] {dag.py:2306} INFO - Setting next_dagrun for example_xcom_args_with_operators to None
[2021-07-19 00:15:14,267] {scheduler_job.py:189} INFO - Processing /home/airflow/.local/lib/python3.6/site-packages/airflow/example_dags/example_xcomargs.py took 0.631 seconds
[2021-07-19 00:15:45,175] {scheduler_job.py:181} INFO - Started process (PID=2309) to work on /home/airflow/.local/lib/python3.6/site-packages/airflow/example_dags/example_xcomargs.py
[2021-07-19 00:15:45,179] {scheduler_job.py:632} INFO - Processing file /home/airflow/.local/lib/python3.6/site-packages/airflow/example_dags/example_xcomargs.py for tasks to queue
[2021-07-19 00:15:45,181] {logging_mixin.py:104} INFO - [2021-07-19 00:15:45,181] {dagbag.py:496} INFO - Filling up the DagBag from /home/airflow/.local/lib/python3.6/site-packages/airflow/example_dags/example_xcomargs.py
[2021-07-19 00:15:45,218] {scheduler_job.py:642} INFO - DAG(s) dict_keys(['example_xcom_args', 'example_xcom_args_with_operators']) retrieved from /home/airflow/.local/lib/python3.6/site-packages/airflow/example_dags/example_xcomargs.py
[2021-07-19 00:15:45,572] {logging_mixin.py:104} INFO - [2021-07-19 00:15:45,572] {dag.py:1833} INFO - Sync 2 DAGs
[2021-07-19 00:15:45,591] {logging_mixin.py:104} INFO - [2021-07-19 00:15:45,591] {dag.py:2306} INFO - Setting next_dagrun for example_xcom_args to None
[2021-07-19 00:15:45,592] {logging_mixin.py:104} INFO - [2021-07-19 00:15:45,592] {dag.py:2306} INFO - Setting next_dagrun for example_xcom_args_with_operators to None
[2021-07-19 00:15:45,657] {scheduler_job.py:189} INFO - Processing /home/airflow/.local/lib/python3.6/site-packages/airflow/example_dags/example_xcomargs.py took 0.488 seconds
[2021-07-19 00:16:15,987] {scheduler_job.py:181} INFO - Started process (PID=2366) to work on /home/airflow/.local/lib/python3.6/site-packages/airflow/example_dags/example_xcomargs.py
[2021-07-19 00:16:15,990] {scheduler_job.py:632} INFO - Processing file /home/airflow/.local/lib/python3.6/site-packages/airflow/example_dags/example_xcomargs.py for tasks to queue
[2021-07-19 00:16:15,991] {logging_mixin.py:104} INFO - [2021-07-19 00:16:15,991] {dagbag.py:496} INFO - Filling up the DagBag from /home/airflow/.local/lib/python3.6/site-packages/airflow/example_dags/example_xcomargs.py
[2021-07-19 00:16:16,015] {scheduler_job.py:642} INFO - DAG(s) dict_keys(['example_xcom_args', 'example_xcom_args_with_operators']) retrieved from /home/airflow/.local/lib/python3.6/site-packages/airflow/example_dags/example_xcomargs.py
[2021-07-19 00:16:16,360] {logging_mixin.py:104} INFO - [2021-07-19 00:16:16,360] {dag.py:1833} INFO - Sync 2 DAGs
[2021-07-19 00:16:16,379] {logging_mixin.py:104} INFO - [2021-07-19 00:16:16,379] {dag.py:2306} INFO - Setting next_dagrun for example_xcom_args to None
[2021-07-19 00:16:16,380] {logging_mixin.py:104} INFO - [2021-07-19 00:16:16,380] {dag.py:2306} INFO - Setting next_dagrun for example_xcom_args_with_operators to None
[2021-07-19 00:16:16,576] {scheduler_job.py:189} INFO - Processing /home/airflow/.local/lib/python3.6/site-packages/airflow/example_dags/example_xcomargs.py took 0.593 seconds
[2021-07-19 00:16:46,827] {scheduler_job.py:181} INFO - Started process (PID=2435) to work on /home/airflow/.local/lib/python3.6/site-packages/airflow/example_dags/example_xcomargs.py
[2021-07-19 00:16:46,830] {scheduler_job.py:632} INFO - Processing file /home/airflow/.local/lib/python3.6/site-packages/airflow/example_dags/example_xcomargs.py for tasks to queue
[2021-07-19 00:16:46,832] {logging_mixin.py:104} INFO - [2021-07-19 00:16:46,832] {dagbag.py:496} INFO - Filling up the DagBag from /home/airflow/.local/lib/python3.6/site-packages/airflow/example_dags/example_xcomargs.py
[2021-07-19 00:16:46,878] {scheduler_job.py:642} INFO - DAG(s) dict_keys(['example_xcom_args', 'example_xcom_args_with_operators']) retrieved from /home/airflow/.local/lib/python3.6/site-packages/airflow/example_dags/example_xcomargs.py
[2021-07-19 00:16:47,212] {logging_mixin.py:104} INFO - [2021-07-19 00:16:47,212] {dag.py:1833} INFO - Sync 2 DAGs
[2021-07-19 00:16:47,230] {logging_mixin.py:104} INFO - [2021-07-19 00:16:47,230] {dag.py:2306} INFO - Setting next_dagrun for example_xcom_args to None
[2021-07-19 00:16:47,232] {logging_mixin.py:104} INFO - [2021-07-19 00:16:47,231] {dag.py:2306} INFO - Setting next_dagrun for example_xcom_args_with_operators to None
[2021-07-19 00:16:47,351] {scheduler_job.py:189} INFO - Processing /home/airflow/.local/lib/python3.6/site-packages/airflow/example_dags/example_xcomargs.py took 0.538 seconds
[2021-07-19 00:17:17,583] {scheduler_job.py:181} INFO - Started process (PID=2492) to work on /home/airflow/.local/lib/python3.6/site-packages/airflow/example_dags/example_xcomargs.py
[2021-07-19 00:17:17,586] {scheduler_job.py:632} INFO - Processing file /home/airflow/.local/lib/python3.6/site-packages/airflow/example_dags/example_xcomargs.py for tasks to queue
[2021-07-19 00:17:17,588] {logging_mixin.py:104} INFO - [2021-07-19 00:17:17,588] {dagbag.py:496} INFO - Filling up the DagBag from /home/airflow/.local/lib/python3.6/site-packages/airflow/example_dags/example_xcomargs.py
[2021-07-19 00:17:17,620] {scheduler_job.py:642} INFO - DAG(s) dict_keys(['example_xcom_args', 'example_xcom_args_with_operators']) retrieved from /home/airflow/.local/lib/python3.6/site-packages/airflow/example_dags/example_xcomargs.py
[2021-07-19 00:17:17,897] {logging_mixin.py:104} INFO - [2021-07-19 00:17:17,896] {dag.py:1833} INFO - Sync 2 DAGs
[2021-07-19 00:17:17,914] {logging_mixin.py:104} INFO - [2021-07-19 00:17:17,914] {dag.py:2306} INFO - Setting next_dagrun for example_xcom_args to None
[2021-07-19 00:17:17,916] {logging_mixin.py:104} INFO - [2021-07-19 00:17:17,916] {dag.py:2306} INFO - Setting next_dagrun for example_xcom_args_with_operators to None
[2021-07-19 00:17:18,126] {scheduler_job.py:189} INFO - Processing /home/airflow/.local/lib/python3.6/site-packages/airflow/example_dags/example_xcomargs.py took 0.552 seconds
[2021-07-19 00:17:49,081] {scheduler_job.py:181} INFO - Started process (PID=2549) to work on /home/airflow/.local/lib/python3.6/site-packages/airflow/example_dags/example_xcomargs.py
[2021-07-19 00:17:49,084] {scheduler_job.py:632} INFO - Processing file /home/airflow/.local/lib/python3.6/site-packages/airflow/example_dags/example_xcomargs.py for tasks to queue
[2021-07-19 00:17:49,086] {logging_mixin.py:104} INFO - [2021-07-19 00:17:49,086] {dagbag.py:496} INFO - Filling up the DagBag from /home/airflow/.local/lib/python3.6/site-packages/airflow/example_dags/example_xcomargs.py
[2021-07-19 00:17:49,119] {scheduler_job.py:642} INFO - DAG(s) dict_keys(['example_xcom_args', 'example_xcom_args_with_operators']) retrieved from /home/airflow/.local/lib/python3.6/site-packages/airflow/example_dags/example_xcomargs.py
[2021-07-19 00:17:49,389] {logging_mixin.py:104} INFO - [2021-07-19 00:17:49,389] {dag.py:1833} INFO - Sync 2 DAGs
[2021-07-19 00:17:49,406] {logging_mixin.py:104} INFO - [2021-07-19 00:17:49,406] {dag.py:2306} INFO - Setting next_dagrun for example_xcom_args to None
[2021-07-19 00:17:49,407] {logging_mixin.py:104} INFO - [2021-07-19 00:17:49,407] {dag.py:2306} INFO - Setting next_dagrun for example_xcom_args_with_operators to None
[2021-07-19 00:17:49,589] {scheduler_job.py:189} INFO - Processing /home/airflow/.local/lib/python3.6/site-packages/airflow/example_dags/example_xcomargs.py took 0.516 seconds
[2021-07-19 00:18:21,431] {scheduler_job.py:181} INFO - Started process (PID=2606) to work on /home/airflow/.local/lib/python3.6/site-packages/airflow/example_dags/example_xcomargs.py
[2021-07-19 00:18:21,432] {scheduler_job.py:632} INFO - Processing file /home/airflow/.local/lib/python3.6/site-packages/airflow/example_dags/example_xcomargs.py for tasks to queue
[2021-07-19 00:18:21,434] {logging_mixin.py:104} INFO - [2021-07-19 00:18:21,433] {dagbag.py:496} INFO - Filling up the DagBag from /home/airflow/.local/lib/python3.6/site-packages/airflow/example_dags/example_xcomargs.py
[2021-07-19 00:18:21,465] {scheduler_job.py:642} INFO - DAG(s) dict_keys(['example_xcom_args', 'example_xcom_args_with_operators']) retrieved from /home/airflow/.local/lib/python3.6/site-packages/airflow/example_dags/example_xcomargs.py
[2021-07-19 00:18:21,870] {logging_mixin.py:104} INFO - [2021-07-19 00:18:21,870] {dag.py:1833} INFO - Sync 2 DAGs
[2021-07-19 00:18:21,887] {logging_mixin.py:104} INFO - [2021-07-19 00:18:21,887] {dag.py:2306} INFO - Setting next_dagrun for example_xcom_args to None
[2021-07-19 00:18:21,888] {logging_mixin.py:104} INFO - [2021-07-19 00:18:21,888] {dag.py:2306} INFO - Setting next_dagrun for example_xcom_args_with_operators to None
[2021-07-19 00:18:22,316] {scheduler_job.py:189} INFO - Processing /home/airflow/.local/lib/python3.6/site-packages/airflow/example_dags/example_xcomargs.py took 0.890 seconds
[2021-07-19 00:18:54,178] {scheduler_job.py:181} INFO - Started process (PID=2672) to work on /home/airflow/.local/lib/python3.6/site-packages/airflow/example_dags/example_xcomargs.py
[2021-07-19 00:18:54,181] {scheduler_job.py:632} INFO - Processing file /home/airflow/.local/lib/python3.6/site-packages/airflow/example_dags/example_xcomargs.py for tasks to queue
[2021-07-19 00:18:54,182] {logging_mixin.py:104} INFO - [2021-07-19 00:18:54,182] {dagbag.py:496} INFO - Filling up the DagBag from /home/airflow/.local/lib/python3.6/site-packages/airflow/example_dags/example_xcomargs.py
[2021-07-19 00:18:54,217] {scheduler_job.py:642} INFO - DAG(s) dict_keys(['example_xcom_args', 'example_xcom_args_with_operators']) retrieved from /home/airflow/.local/lib/python3.6/site-packages/airflow/example_dags/example_xcomargs.py
[2021-07-19 00:18:54,519] {logging_mixin.py:104} INFO - [2021-07-19 00:18:54,519] {dag.py:1833} INFO - Sync 2 DAGs
[2021-07-19 00:18:54,539] {logging_mixin.py:104} INFO - [2021-07-19 00:18:54,539] {dag.py:2306} INFO - Setting next_dagrun for example_xcom_args to None
[2021-07-19 00:18:54,541] {logging_mixin.py:104} INFO - [2021-07-19 00:18:54,541] {dag.py:2306} INFO - Setting next_dagrun for example_xcom_args_with_operators to None
[2021-07-19 00:18:54,761] {scheduler_job.py:189} INFO - Processing /home/airflow/.local/lib/python3.6/site-packages/airflow/example_dags/example_xcomargs.py took 0.586 seconds
[2021-07-19 00:19:25,395] {scheduler_job.py:181} INFO - Started process (PID=2728) to work on /home/airflow/.local/lib/python3.6/site-packages/airflow/example_dags/example_xcomargs.py
[2021-07-19 00:19:25,397] {scheduler_job.py:632} INFO - Processing file /home/airflow/.local/lib/python3.6/site-packages/airflow/example_dags/example_xcomargs.py for tasks to queue
[2021-07-19 00:19:25,398] {logging_mixin.py:104} INFO - [2021-07-19 00:19:25,398] {dagbag.py:496} INFO - Filling up the DagBag from /home/airflow/.local/lib/python3.6/site-packages/airflow/example_dags/example_xcomargs.py
[2021-07-19 00:19:25,449] {scheduler_job.py:642} INFO - DAG(s) dict_keys(['example_xcom_args', 'example_xcom_args_with_operators']) retrieved from /home/airflow/.local/lib/python3.6/site-packages/airflow/example_dags/example_xcomargs.py
[2021-07-19 00:19:25,899] {logging_mixin.py:104} INFO - [2021-07-19 00:19:25,899] {dag.py:1833} INFO - Sync 2 DAGs
[2021-07-19 00:19:25,919] {logging_mixin.py:104} INFO - [2021-07-19 00:19:25,919] {dag.py:2306} INFO - Setting next_dagrun for example_xcom_args to None
[2021-07-19 00:19:25,920] {logging_mixin.py:104} INFO - [2021-07-19 00:19:25,920] {dag.py:2306} INFO - Setting next_dagrun for example_xcom_args_with_operators to None
[2021-07-19 00:19:26,173] {scheduler_job.py:189} INFO - Processing /home/airflow/.local/lib/python3.6/site-packages/airflow/example_dags/example_xcomargs.py took 0.782 seconds
[2021-07-19 00:19:56,279] {scheduler_job.py:181} INFO - Started process (PID=2785) to work on /home/airflow/.local/lib/python3.6/site-packages/airflow/example_dags/example_xcomargs.py
[2021-07-19 00:19:56,281] {scheduler_job.py:632} INFO - Processing file /home/airflow/.local/lib/python3.6/site-packages/airflow/example_dags/example_xcomargs.py for tasks to queue
[2021-07-19 00:19:56,283] {logging_mixin.py:104} INFO - [2021-07-19 00:19:56,282] {dagbag.py:496} INFO - Filling up the DagBag from /home/airflow/.local/lib/python3.6/site-packages/airflow/example_dags/example_xcomargs.py
[2021-07-19 00:19:56,308] {scheduler_job.py:642} INFO - DAG(s) dict_keys(['example_xcom_args', 'example_xcom_args_with_operators']) retrieved from /home/airflow/.local/lib/python3.6/site-packages/airflow/example_dags/example_xcomargs.py
[2021-07-19 00:19:56,340] {logging_mixin.py:104} INFO - [2021-07-19 00:19:56,340] {dag.py:1833} INFO - Sync 2 DAGs
[2021-07-19 00:19:56,367] {logging_mixin.py:104} INFO - [2021-07-19 00:19:56,367] {dag.py:2306} INFO - Setting next_dagrun for example_xcom_args to None
[2021-07-19 00:19:56,369] {logging_mixin.py:104} INFO - [2021-07-19 00:19:56,369] {dag.py:2306} INFO - Setting next_dagrun for example_xcom_args_with_operators to None
[2021-07-19 00:19:56,566] {scheduler_job.py:189} INFO - Processing /home/airflow/.local/lib/python3.6/site-packages/airflow/example_dags/example_xcomargs.py took 0.290 seconds
[2021-07-19 00:20:26,838] {scheduler_job.py:181} INFO - Started process (PID=2842) to work on /home/airflow/.local/lib/python3.6/site-packages/airflow/example_dags/example_xcomargs.py
[2021-07-19 00:20:26,840] {scheduler_job.py:632} INFO - Processing file /home/airflow/.local/lib/python3.6/site-packages/airflow/example_dags/example_xcomargs.py for tasks to queue
[2021-07-19 00:20:26,841] {logging_mixin.py:104} INFO - [2021-07-19 00:20:26,841] {dagbag.py:496} INFO - Filling up the DagBag from /home/airflow/.local/lib/python3.6/site-packages/airflow/example_dags/example_xcomargs.py
[2021-07-19 00:20:26,869] {scheduler_job.py:642} INFO - DAG(s) dict_keys(['example_xcom_args', 'example_xcom_args_with_operators']) retrieved from /home/airflow/.local/lib/python3.6/site-packages/airflow/example_dags/example_xcomargs.py
[2021-07-19 00:20:27,177] {logging_mixin.py:104} INFO - [2021-07-19 00:20:27,177] {dag.py:1833} INFO - Sync 2 DAGs
[2021-07-19 00:20:27,196] {logging_mixin.py:104} INFO - [2021-07-19 00:20:27,196] {dag.py:2306} INFO - Setting next_dagrun for example_xcom_args to None
[2021-07-19 00:20:27,198] {logging_mixin.py:104} INFO - [2021-07-19 00:20:27,198] {dag.py:2306} INFO - Setting next_dagrun for example_xcom_args_with_operators to None
[2021-07-19 00:20:27,474] {scheduler_job.py:189} INFO - Processing /home/airflow/.local/lib/python3.6/site-packages/airflow/example_dags/example_xcomargs.py took 0.641 seconds
[2021-07-19 00:20:59,316] {scheduler_job.py:181} INFO - Started process (PID=2909) to work on /home/airflow/.local/lib/python3.6/site-packages/airflow/example_dags/example_xcomargs.py
[2021-07-19 00:20:59,321] {scheduler_job.py:632} INFO - Processing file /home/airflow/.local/lib/python3.6/site-packages/airflow/example_dags/example_xcomargs.py for tasks to queue
[2021-07-19 00:20:59,322] {logging_mixin.py:104} INFO - [2021-07-19 00:20:59,322] {dagbag.py:496} INFO - Filling up the DagBag from /home/airflow/.local/lib/python3.6/site-packages/airflow/example_dags/example_xcomargs.py
[2021-07-19 00:20:59,360] {scheduler_job.py:642} INFO - DAG(s) dict_keys(['example_xcom_args', 'example_xcom_args_with_operators']) retrieved from /home/airflow/.local/lib/python3.6/site-packages/airflow/example_dags/example_xcomargs.py
[2021-07-19 00:20:59,400] {logging_mixin.py:104} INFO - [2021-07-19 00:20:59,400] {dag.py:1833} INFO - Sync 2 DAGs
[2021-07-19 00:20:59,435] {logging_mixin.py:104} INFO - [2021-07-19 00:20:59,435] {dag.py:2306} INFO - Setting next_dagrun for example_xcom_args to None
[2021-07-19 00:20:59,437] {logging_mixin.py:104} INFO - [2021-07-19 00:20:59,437] {dag.py:2306} INFO - Setting next_dagrun for example_xcom_args_with_operators to None
[2021-07-19 00:20:59,625] {scheduler_job.py:189} INFO - Processing /home/airflow/.local/lib/python3.6/site-packages/airflow/example_dags/example_xcomargs.py took 0.314 seconds
[2021-07-19 00:21:29,863] {scheduler_job.py:181} INFO - Started process (PID=2956) to work on /home/airflow/.local/lib/python3.6/site-packages/airflow/example_dags/example_xcomargs.py
[2021-07-19 00:21:29,866] {scheduler_job.py:632} INFO - Processing file /home/airflow/.local/lib/python3.6/site-packages/airflow/example_dags/example_xcomargs.py for tasks to queue
[2021-07-19 00:21:29,868] {logging_mixin.py:104} INFO - [2021-07-19 00:21:29,867] {dagbag.py:496} INFO - Filling up the DagBag from /home/airflow/.local/lib/python3.6/site-packages/airflow/example_dags/example_xcomargs.py
[2021-07-19 00:21:29,899] {scheduler_job.py:642} INFO - DAG(s) dict_keys(['example_xcom_args', 'example_xcom_args_with_operators']) retrieved from /home/airflow/.local/lib/python3.6/site-packages/airflow/example_dags/example_xcomargs.py
[2021-07-19 00:21:30,185] {logging_mixin.py:104} INFO - [2021-07-19 00:21:30,185] {dag.py:1833} INFO - Sync 2 DAGs
[2021-07-19 00:21:30,207] {logging_mixin.py:104} INFO - [2021-07-19 00:21:30,207] {dag.py:2306} INFO - Setting next_dagrun for example_xcom_args to None
[2021-07-19 00:21:30,209] {logging_mixin.py:104} INFO - [2021-07-19 00:21:30,208] {dag.py:2306} INFO - Setting next_dagrun for example_xcom_args_with_operators to None
[2021-07-19 00:21:30,692] {scheduler_job.py:189} INFO - Processing /home/airflow/.local/lib/python3.6/site-packages/airflow/example_dags/example_xcomargs.py took 0.835 seconds
[2021-07-19 00:22:00,819] {scheduler_job.py:181} INFO - Started process (PID=3022) to work on /home/airflow/.local/lib/python3.6/site-packages/airflow/example_dags/example_xcomargs.py
[2021-07-19 00:22:00,821] {scheduler_job.py:632} INFO - Processing file /home/airflow/.local/lib/python3.6/site-packages/airflow/example_dags/example_xcomargs.py for tasks to queue
[2021-07-19 00:22:00,822] {logging_mixin.py:104} INFO - [2021-07-19 00:22:00,822] {dagbag.py:496} INFO - Filling up the DagBag from /home/airflow/.local/lib/python3.6/site-packages/airflow/example_dags/example_xcomargs.py
[2021-07-19 00:22:00,845] {scheduler_job.py:642} INFO - DAG(s) dict_keys(['example_xcom_args', 'example_xcom_args_with_operators']) retrieved from /home/airflow/.local/lib/python3.6/site-packages/airflow/example_dags/example_xcomargs.py
[2021-07-19 00:22:00,876] {logging_mixin.py:104} INFO - [2021-07-19 00:22:00,875] {dag.py:1833} INFO - Sync 2 DAGs
[2021-07-19 00:22:00,896] {logging_mixin.py:104} INFO - [2021-07-19 00:22:00,895] {dag.py:2306} INFO - Setting next_dagrun for example_xcom_args to None
[2021-07-19 00:22:00,897] {logging_mixin.py:104} INFO - [2021-07-19 00:22:00,897] {dag.py:2306} INFO - Setting next_dagrun for example_xcom_args_with_operators to None
[2021-07-19 00:22:01,404] {scheduler_job.py:189} INFO - Processing /home/airflow/.local/lib/python3.6/site-packages/airflow/example_dags/example_xcomargs.py took 0.589 seconds
[2021-07-19 00:22:31,814] {scheduler_job.py:181} INFO - Started process (PID=3079) to work on /home/airflow/.local/lib/python3.6/site-packages/airflow/example_dags/example_xcomargs.py
[2021-07-19 00:22:31,816] {scheduler_job.py:632} INFO - Processing file /home/airflow/.local/lib/python3.6/site-packages/airflow/example_dags/example_xcomargs.py for tasks to queue
[2021-07-19 00:22:31,818] {logging_mixin.py:104} INFO - [2021-07-19 00:22:31,817] {dagbag.py:496} INFO - Filling up the DagBag from /home/airflow/.local/lib/python3.6/site-packages/airflow/example_dags/example_xcomargs.py
[2021-07-19 00:22:31,846] {scheduler_job.py:642} INFO - DAG(s) dict_keys(['example_xcom_args', 'example_xcom_args_with_operators']) retrieved from /home/airflow/.local/lib/python3.6/site-packages/airflow/example_dags/example_xcomargs.py
[2021-07-19 00:22:32,213] {logging_mixin.py:104} INFO - [2021-07-19 00:22:32,213] {dag.py:1833} INFO - Sync 2 DAGs
[2021-07-19 00:22:32,230] {logging_mixin.py:104} INFO - [2021-07-19 00:22:32,230] {dag.py:2306} INFO - Setting next_dagrun for example_xcom_args to None
[2021-07-19 00:22:32,232] {logging_mixin.py:104} INFO - [2021-07-19 00:22:32,232] {dag.py:2306} INFO - Setting next_dagrun for example_xcom_args_with_operators to None
[2021-07-19 00:22:32,557] {scheduler_job.py:189} INFO - Processing /home/airflow/.local/lib/python3.6/site-packages/airflow/example_dags/example_xcomargs.py took 0.747 seconds
[2021-07-19 00:23:02,921] {scheduler_job.py:181} INFO - Started process (PID=3136) to work on /home/airflow/.local/lib/python3.6/site-packages/airflow/example_dags/example_xcomargs.py
[2021-07-19 00:23:02,924] {scheduler_job.py:632} INFO - Processing file /home/airflow/.local/lib/python3.6/site-packages/airflow/example_dags/example_xcomargs.py for tasks to queue
[2021-07-19 00:23:02,927] {logging_mixin.py:104} INFO - [2021-07-19 00:23:02,927] {dagbag.py:496} INFO - Filling up the DagBag from /home/airflow/.local/lib/python3.6/site-packages/airflow/example_dags/example_xcomargs.py
[2021-07-19 00:23:02,956] {scheduler_job.py:642} INFO - DAG(s) dict_keys(['example_xcom_args', 'example_xcom_args_with_operators']) retrieved from /home/airflow/.local/lib/python3.6/site-packages/airflow/example_dags/example_xcomargs.py
[2021-07-19 00:23:03,215] {logging_mixin.py:104} INFO - [2021-07-19 00:23:03,214] {dag.py:1833} INFO - Sync 2 DAGs
[2021-07-19 00:23:03,230] {logging_mixin.py:104} INFO - [2021-07-19 00:23:03,230] {dag.py:2306} INFO - Setting next_dagrun for example_xcom_args to None
[2021-07-19 00:23:03,232] {logging_mixin.py:104} INFO - [2021-07-19 00:23:03,232] {dag.py:2306} INFO - Setting next_dagrun for example_xcom_args_with_operators to None
[2021-07-19 00:23:03,627] {scheduler_job.py:189} INFO - Processing /home/airflow/.local/lib/python3.6/site-packages/airflow/example_dags/example_xcomargs.py took 0.711 seconds
[2021-07-19 00:23:37,486] {scheduler_job.py:181} INFO - Started process (PID=3192) to work on /home/airflow/.local/lib/python3.6/site-packages/airflow/example_dags/example_xcomargs.py
[2021-07-19 00:23:37,492] {scheduler_job.py:632} INFO - Processing file /home/airflow/.local/lib/python3.6/site-packages/airflow/example_dags/example_xcomargs.py for tasks to queue
[2021-07-19 00:23:37,494] {logging_mixin.py:104} INFO - [2021-07-19 00:23:37,494] {dagbag.py:496} INFO - Filling up the DagBag from /home/airflow/.local/lib/python3.6/site-packages/airflow/example_dags/example_xcomargs.py
[2021-07-19 00:23:37,523] {scheduler_job.py:642} INFO - DAG(s) dict_keys(['example_xcom_args', 'example_xcom_args_with_operators']) retrieved from /home/airflow/.local/lib/python3.6/site-packages/airflow/example_dags/example_xcomargs.py
[2021-07-19 00:23:37,821] {logging_mixin.py:104} INFO - [2021-07-19 00:23:37,821] {dag.py:1833} INFO - Sync 2 DAGs
[2021-07-19 00:23:37,858] {logging_mixin.py:104} INFO - [2021-07-19 00:23:37,857] {dag.py:2306} INFO - Setting next_dagrun for example_xcom_args to None
[2021-07-19 00:23:37,859] {logging_mixin.py:104} INFO - [2021-07-19 00:23:37,859] {dag.py:2306} INFO - Setting next_dagrun for example_xcom_args_with_operators to None
[2021-07-19 00:23:38,833] {scheduler_job.py:189} INFO - Processing /home/airflow/.local/lib/python3.6/site-packages/airflow/example_dags/example_xcomargs.py took 1.361 seconds
                                                                                                                                                                                                                                                                                                                                                                                                                                                                                                                                                                                                                                                                                                                                                                                                                                                                                                                                                                                                                                                                                                                                                                                                                                                                                                                                                                                                                                                                                                                                                                                                                                                                                                                                                                                                                                                                                                                                                                                                                                                                                                                                                                                                                                                                                                                                                                                                                                                                                                                                                                                                                                                                                                                                                                                                                                                                                                                                                                                                                                                                                                                                                                                                                                                                                                                                                                                                                                                                                                                                                                                                                                                                                                                                                                                                                                                                                                                                                                                                                                                                                                                                                                                                                                                                                                                                                                                                                                                                                                                                                                                                                                                                                                                                                                                                                                                                                                                                                                                                                                                                                                                                                                                                                                                                                                                                                                                                                                                                                                                                                                                                                                                                                                                                                                                                                                                                                                                                                                                                                                                                                                                                                                                                                                                                                                                                                                                                                                                                                                                                                                                                                                                                                                                                                                                                                                                                                                                                                                                                                                                                                                                                                                                                                                                                                                                                                                                                                                                                            