[2021-07-19 00:00:10,732] {scheduler_job.py:181} INFO - Started process (PID=482) to work on /home/airflow/.local/lib/python3.6/site-packages/airflow/example_dags/example_trigger_controller_dag.py
[2021-07-19 00:00:10,742] {scheduler_job.py:632} INFO - Processing file /home/airflow/.local/lib/python3.6/site-packages/airflow/example_dags/example_trigger_controller_dag.py for tasks to queue
[2021-07-19 00:00:10,744] {logging_mixin.py:104} INFO - [2021-07-19 00:00:10,744] {dagbag.py:496} INFO - Filling up the DagBag from /home/airflow/.local/lib/python3.6/site-packages/airflow/example_dags/example_trigger_controller_dag.py
[2021-07-19 00:00:10,803] {scheduler_job.py:642} INFO - DAG(s) dict_keys(['example_trigger_controller_dag']) retrieved from /home/airflow/.local/lib/python3.6/site-packages/airflow/example_dags/example_trigger_controller_dag.py
[2021-07-19 00:00:11,494] {logging_mixin.py:104} INFO - [2021-07-19 00:00:11,494] {dag.py:1833} INFO - Sync 1 DAGs
[2021-07-19 00:00:11,519] {logging_mixin.py:104} INFO - [2021-07-19 00:00:11,519] {dag.py:2306} INFO - Setting next_dagrun for example_trigger_controller_dag to 2021-07-17 00:00:00+00:00
[2021-07-19 00:00:11,578] {scheduler_job.py:189} INFO - Processing /home/airflow/.local/lib/python3.6/site-packages/airflow/example_dags/example_trigger_controller_dag.py took 0.850 seconds
[2021-07-19 00:00:42,508] {scheduler_job.py:181} INFO - Started process (PID=539) to work on /home/airflow/.local/lib/python3.6/site-packages/airflow/example_dags/example_trigger_controller_dag.py
[2021-07-19 00:00:42,515] {scheduler_job.py:632} INFO - Processing file /home/airflow/.local/lib/python3.6/site-packages/airflow/example_dags/example_trigger_controller_dag.py for tasks to queue
[2021-07-19 00:00:42,519] {logging_mixin.py:104} INFO - [2021-07-19 00:00:42,518] {dagbag.py:496} INFO - Filling up the DagBag from /home/airflow/.local/lib/python3.6/site-packages/airflow/example_dags/example_trigger_controller_dag.py
[2021-07-19 00:00:42,564] {scheduler_job.py:642} INFO - DAG(s) dict_keys(['example_trigger_controller_dag']) retrieved from /home/airflow/.local/lib/python3.6/site-packages/airflow/example_dags/example_trigger_controller_dag.py
[2021-07-19 00:00:42,601] {logging_mixin.py:104} INFO - [2021-07-19 00:00:42,600] {dag.py:1833} INFO - Sync 1 DAGs
[2021-07-19 00:00:42,620] {logging_mixin.py:104} INFO - [2021-07-19 00:00:42,620] {dag.py:2306} INFO - Setting next_dagrun for example_trigger_controller_dag to 2021-07-17 00:00:00+00:00
[2021-07-19 00:00:42,698] {scheduler_job.py:189} INFO - Processing /home/airflow/.local/lib/python3.6/site-packages/airflow/example_dags/example_trigger_controller_dag.py took 0.202 seconds
[2021-07-19 00:01:13,587] {scheduler_job.py:181} INFO - Started process (PID=609) to work on /home/airflow/.local/lib/python3.6/site-packages/airflow/example_dags/example_trigger_controller_dag.py
[2021-07-19 00:01:13,589] {scheduler_job.py:632} INFO - Processing file /home/airflow/.local/lib/python3.6/site-packages/airflow/example_dags/example_trigger_controller_dag.py for tasks to queue
[2021-07-19 00:01:13,590] {logging_mixin.py:104} INFO - [2021-07-19 00:01:13,590] {dagbag.py:496} INFO - Filling up the DagBag from /home/airflow/.local/lib/python3.6/site-packages/airflow/example_dags/example_trigger_controller_dag.py
[2021-07-19 00:01:13,605] {scheduler_job.py:642} INFO - DAG(s) dict_keys(['example_trigger_controller_dag']) retrieved from /home/airflow/.local/lib/python3.6/site-packages/airflow/example_dags/example_trigger_controller_dag.py
[2021-07-19 00:01:13,628] {logging_mixin.py:104} INFO - [2021-07-19 00:01:13,627] {dag.py:1833} INFO - Sync 1 DAGs
[2021-07-19 00:01:13,647] {logging_mixin.py:104} INFO - [2021-07-19 00:01:13,647] {dag.py:2306} INFO - Setting next_dagrun for example_trigger_controller_dag to 2021-07-17 00:00:00+00:00
[2021-07-19 00:01:13,691] {scheduler_job.py:189} INFO - Processing /home/airflow/.local/lib/python3.6/site-packages/airflow/example_dags/example_trigger_controller_dag.py took 0.109 seconds
[2021-07-19 00:01:44,588] {scheduler_job.py:181} INFO - Started process (PID=665) to work on /home/airflow/.local/lib/python3.6/site-packages/airflow/example_dags/example_trigger_controller_dag.py
[2021-07-19 00:01:44,589] {scheduler_job.py:632} INFO - Processing file /home/airflow/.local/lib/python3.6/site-packages/airflow/example_dags/example_trigger_controller_dag.py for tasks to queue
[2021-07-19 00:01:44,590] {logging_mixin.py:104} INFO - [2021-07-19 00:01:44,590] {dagbag.py:496} INFO - Filling up the DagBag from /home/airflow/.local/lib/python3.6/site-packages/airflow/example_dags/example_trigger_controller_dag.py
[2021-07-19 00:01:44,602] {scheduler_job.py:642} INFO - DAG(s) dict_keys(['example_trigger_controller_dag']) retrieved from /home/airflow/.local/lib/python3.6/site-packages/airflow/example_dags/example_trigger_controller_dag.py
[2021-07-19 00:01:44,628] {logging_mixin.py:104} INFO - [2021-07-19 00:01:44,628] {dag.py:1833} INFO - Sync 1 DAGs
[2021-07-19 00:01:44,653] {logging_mixin.py:104} INFO - [2021-07-19 00:01:44,653] {dag.py:2306} INFO - Setting next_dagrun for example_trigger_controller_dag to 2021-07-17 00:00:00+00:00
[2021-07-19 00:01:44,693] {scheduler_job.py:189} INFO - Processing /home/airflow/.local/lib/python3.6/site-packages/airflow/example_dags/example_trigger_controller_dag.py took 0.109 seconds
[2021-07-19 00:02:14,843] {scheduler_job.py:181} INFO - Started process (PID=731) to work on /home/airflow/.local/lib/python3.6/site-packages/airflow/example_dags/example_trigger_controller_dag.py
[2021-07-19 00:02:14,845] {scheduler_job.py:632} INFO - Processing file /home/airflow/.local/lib/python3.6/site-packages/airflow/example_dags/example_trigger_controller_dag.py for tasks to queue
[2021-07-19 00:02:14,846] {logging_mixin.py:104} INFO - [2021-07-19 00:02:14,846] {dagbag.py:496} INFO - Filling up the DagBag from /home/airflow/.local/lib/python3.6/site-packages/airflow/example_dags/example_trigger_controller_dag.py
[2021-07-19 00:02:14,865] {scheduler_job.py:642} INFO - DAG(s) dict_keys(['example_trigger_controller_dag']) retrieved from /home/airflow/.local/lib/python3.6/site-packages/airflow/example_dags/example_trigger_controller_dag.py
[2021-07-19 00:02:14,901] {logging_mixin.py:104} INFO - [2021-07-19 00:02:14,901] {dag.py:1833} INFO - Sync 1 DAGs
[2021-07-19 00:02:14,944] {logging_mixin.py:104} INFO - [2021-07-19 00:02:14,944] {dag.py:2306} INFO - Setting next_dagrun for example_trigger_controller_dag to 2021-07-17 00:00:00+00:00
[2021-07-19 00:02:15,163] {scheduler_job.py:189} INFO - Processing /home/airflow/.local/lib/python3.6/site-packages/airflow/example_dags/example_trigger_controller_dag.py took 0.327 seconds
[2021-07-19 00:02:45,347] {scheduler_job.py:181} INFO - Started process (PID=790) to work on /home/airflow/.local/lib/python3.6/site-packages/airflow/example_dags/example_trigger_controller_dag.py
[2021-07-19 00:02:45,349] {scheduler_job.py:632} INFO - Processing file /home/airflow/.local/lib/python3.6/site-packages/airflow/example_dags/example_trigger_controller_dag.py for tasks to queue
[2021-07-19 00:02:45,350] {logging_mixin.py:104} INFO - [2021-07-19 00:02:45,350] {dagbag.py:496} INFO - Filling up the DagBag from /home/airflow/.local/lib/python3.6/site-packages/airflow/example_dags/example_trigger_controller_dag.py
[2021-07-19 00:02:45,364] {scheduler_job.py:642} INFO - DAG(s) dict_keys(['example_trigger_controller_dag']) retrieved from /home/airflow/.local/lib/python3.6/site-packages/airflow/example_dags/example_trigger_controller_dag.py
[2021-07-19 00:02:45,393] {logging_mixin.py:104} INFO - [2021-07-19 00:02:45,392] {dag.py:1833} INFO - Sync 1 DAGs
[2021-07-19 00:02:45,415] {logging_mixin.py:104} INFO - [2021-07-19 00:02:45,415] {dag.py:2306} INFO - Setting next_dagrun for example_trigger_controller_dag to 2021-07-17 00:00:00+00:00
[2021-07-19 00:02:45,494] {scheduler_job.py:189} INFO - Processing /home/airflow/.local/lib/python3.6/site-packages/airflow/example_dags/example_trigger_controller_dag.py took 0.151 seconds
[2021-07-19 00:03:15,766] {scheduler_job.py:181} INFO - Started process (PID=846) to work on /home/airflow/.local/lib/python3.6/site-packages/airflow/example_dags/example_trigger_controller_dag.py
[2021-07-19 00:03:15,773] {scheduler_job.py:632} INFO - Processing file /home/airflow/.local/lib/python3.6/site-packages/airflow/example_dags/example_trigger_controller_dag.py for tasks to queue
[2021-07-19 00:03:15,776] {logging_mixin.py:104} INFO - [2021-07-19 00:03:15,776] {dagbag.py:496} INFO - Filling up the DagBag from /home/airflow/.local/lib/python3.6/site-packages/airflow/example_dags/example_trigger_controller_dag.py
[2021-07-19 00:03:15,800] {scheduler_job.py:642} INFO - DAG(s) dict_keys(['example_trigger_controller_dag']) retrieved from /home/airflow/.local/lib/python3.6/site-packages/airflow/example_dags/example_trigger_controller_dag.py
[2021-07-19 00:03:15,849] {logging_mixin.py:104} INFO - [2021-07-19 00:03:15,849] {dag.py:1833} INFO - Sync 1 DAGs
[2021-07-19 00:03:15,873] {logging_mixin.py:104} INFO - [2021-07-19 00:03:15,873] {dag.py:2306} INFO - Setting next_dagrun for example_trigger_controller_dag to 2021-07-17 00:00:00+00:00
[2021-07-19 00:03:15,937] {scheduler_job.py:189} INFO - Processing /home/airflow/.local/lib/python3.6/site-packages/airflow/example_dags/example_trigger_controller_dag.py took 0.176 seconds
[2021-07-19 00:03:46,539] {scheduler_job.py:181} INFO - Started process (PID=912) to work on /home/airflow/.local/lib/python3.6/site-packages/airflow/example_dags/example_trigger_controller_dag.py
[2021-07-19 00:03:46,542] {scheduler_job.py:632} INFO - Processing file /home/airflow/.local/lib/python3.6/site-packages/airflow/example_dags/example_trigger_controller_dag.py for tasks to queue
[2021-07-19 00:03:46,544] {logging_mixin.py:104} INFO - [2021-07-19 00:03:46,544] {dagbag.py:496} INFO - Filling up the DagBag from /home/airflow/.local/lib/python3.6/site-packages/airflow/example_dags/example_trigger_controller_dag.py
[2021-07-19 00:03:46,557] {scheduler_job.py:642} INFO - DAG(s) dict_keys(['example_trigger_controller_dag']) retrieved from /home/airflow/.local/lib/python3.6/site-packages/airflow/example_dags/example_trigger_controller_dag.py
[2021-07-19 00:03:46,589] {logging_mixin.py:104} INFO - [2021-07-19 00:03:46,589] {dag.py:1833} INFO - Sync 1 DAGs
[2021-07-19 00:03:46,613] {logging_mixin.py:104} INFO - [2021-07-19 00:03:46,613] {dag.py:2306} INFO - Setting next_dagrun for example_trigger_controller_dag to 2021-07-17 00:00:00+00:00
[2021-07-19 00:03:46,669] {scheduler_job.py:189} INFO - Processing /home/airflow/.local/lib/python3.6/site-packages/airflow/example_dags/example_trigger_controller_dag.py took 0.134 seconds
[2021-07-19 00:04:17,503] {scheduler_job.py:181} INFO - Started process (PID=968) to work on /home/airflow/.local/lib/python3.6/site-packages/airflow/example_dags/example_trigger_controller_dag.py
[2021-07-19 00:04:17,506] {scheduler_job.py:632} INFO - Processing file /home/airflow/.local/lib/python3.6/site-packages/airflow/example_dags/example_trigger_controller_dag.py for tasks to queue
[2021-07-19 00:04:17,511] {logging_mixin.py:104} INFO - [2021-07-19 00:04:17,511] {dagbag.py:496} INFO - Filling up the DagBag from /home/airflow/.local/lib/python3.6/site-packages/airflow/example_dags/example_trigger_controller_dag.py
[2021-07-19 00:04:17,534] {scheduler_job.py:642} INFO - DAG(s) dict_keys(['example_trigger_controller_dag']) retrieved from /home/airflow/.local/lib/python3.6/site-packages/airflow/example_dags/example_trigger_controller_dag.py
[2021-07-19 00:04:17,566] {logging_mixin.py:104} INFO - [2021-07-19 00:04:17,566] {dag.py:1833} INFO - Sync 1 DAGs
[2021-07-19 00:04:17,600] {logging_mixin.py:104} INFO - [2021-07-19 00:04:17,599] {dag.py:2306} INFO - Setting next_dagrun for example_trigger_controller_dag to 2021-07-17 00:00:00+00:00
[2021-07-19 00:04:17,688] {scheduler_job.py:189} INFO - Processing /home/airflow/.local/lib/python3.6/site-packages/airflow/example_dags/example_trigger_controller_dag.py took 0.194 seconds
[2021-07-19 00:04:48,244] {scheduler_job.py:181} INFO - Started process (PID=1036) to work on /home/airflow/.local/lib/python3.6/site-packages/airflow/example_dags/example_trigger_controller_dag.py
[2021-07-19 00:04:48,246] {scheduler_job.py:632} INFO - Processing file /home/airflow/.local/lib/python3.6/site-packages/airflow/example_dags/example_trigger_controller_dag.py for tasks to queue
[2021-07-19 00:04:48,248] {logging_mixin.py:104} INFO - [2021-07-19 00:04:48,247] {dagbag.py:496} INFO - Filling up the DagBag from /home/airflow/.local/lib/python3.6/site-packages/airflow/example_dags/example_trigger_controller_dag.py
[2021-07-19 00:04:48,275] {scheduler_job.py:642} INFO - DAG(s) dict_keys(['example_trigger_controller_dag']) retrieved from /home/airflow/.local/lib/python3.6/site-packages/airflow/example_dags/example_trigger_controller_dag.py
[2021-07-19 00:04:48,323] {logging_mixin.py:104} INFO - [2021-07-19 00:04:48,323] {dag.py:1833} INFO - Sync 1 DAGs
[2021-07-19 00:04:48,398] {logging_mixin.py:104} INFO - [2021-07-19 00:04:48,398] {dag.py:2306} INFO - Setting next_dagrun for example_trigger_controller_dag to 2021-07-17 00:00:00+00:00
[2021-07-19 00:04:48,470] {scheduler_job.py:189} INFO - Processing /home/airflow/.local/lib/python3.6/site-packages/airflow/example_dags/example_trigger_controller_dag.py took 0.231 seconds
[2021-07-19 00:05:19,299] {scheduler_job.py:181} INFO - Started process (PID=1092) to work on /home/airflow/.local/lib/python3.6/site-packages/airflow/example_dags/example_trigger_controller_dag.py
[2021-07-19 00:05:19,304] {scheduler_job.py:632} INFO - Processing file /home/airflow/.local/lib/python3.6/site-packages/airflow/example_dags/example_trigger_controller_dag.py for tasks to queue
[2021-07-19 00:05:19,307] {logging_mixin.py:104} INFO - [2021-07-19 00:05:19,307] {dagbag.py:496} INFO - Filling up the DagBag from /home/airflow/.local/lib/python3.6/site-packages/airflow/example_dags/example_trigger_controller_dag.py
[2021-07-19 00:05:19,344] {scheduler_job.py:642} INFO - DAG(s) dict_keys(['example_trigger_controller_dag']) retrieved from /home/airflow/.local/lib/python3.6/site-packages/airflow/example_dags/example_trigger_controller_dag.py
[2021-07-19 00:05:19,381] {logging_mixin.py:104} INFO - [2021-07-19 00:05:19,381] {dag.py:1833} INFO - Sync 1 DAGs
[2021-07-19 00:05:19,399] {logging_mixin.py:104} INFO - [2021-07-19 00:05:19,399] {dag.py:2306} INFO - Setting next_dagrun for example_trigger_controller_dag to 2021-07-17 00:00:00+00:00
[2021-07-19 00:05:19,455] {scheduler_job.py:189} INFO - Processing /home/airflow/.local/lib/python3.6/site-packages/airflow/example_dags/example_trigger_controller_dag.py took 0.169 seconds
[2021-07-19 00:05:49,613] {scheduler_job.py:181} INFO - Started process (PID=1148) to work on /home/airflow/.local/lib/python3.6/site-packages/airflow/example_dags/example_trigger_controller_dag.py
[2021-07-19 00:05:49,615] {scheduler_job.py:632} INFO - Processing file /home/airflow/.local/lib/python3.6/site-packages/airflow/example_dags/example_trigger_controller_dag.py for tasks to queue
[2021-07-19 00:05:49,616] {logging_mixin.py:104} INFO - [2021-07-19 00:05:49,616] {dagbag.py:496} INFO - Filling up the DagBag from /home/airflow/.local/lib/python3.6/site-packages/airflow/example_dags/example_trigger_controller_dag.py
[2021-07-19 00:05:49,630] {scheduler_job.py:642} INFO - DAG(s) dict_keys(['example_trigger_controller_dag']) retrieved from /home/airflow/.local/lib/python3.6/site-packages/airflow/example_dags/example_trigger_controller_dag.py
[2021-07-19 00:05:49,658] {logging_mixin.py:104} INFO - [2021-07-19 00:05:49,658] {dag.py:1833} INFO - Sync 1 DAGs
[2021-07-19 00:05:49,678] {logging_mixin.py:104} INFO - [2021-07-19 00:05:49,678] {dag.py:2306} INFO - Setting next_dagrun for example_trigger_controller_dag to 2021-07-17 00:00:00+00:00
[2021-07-19 00:05:49,727] {scheduler_job.py:189} INFO - Processing /home/airflow/.local/lib/python3.6/site-packages/airflow/example_dags/example_trigger_controller_dag.py took 0.118 seconds
[2021-07-19 00:06:20,197] {scheduler_job.py:181} INFO - Started process (PID=1215) to work on /home/airflow/.local/lib/python3.6/site-packages/airflow/example_dags/example_trigger_controller_dag.py
[2021-07-19 00:06:20,200] {scheduler_job.py:632} INFO - Processing file /home/airflow/.local/lib/python3.6/site-packages/airflow/example_dags/example_trigger_controller_dag.py for tasks to queue
[2021-07-19 00:06:20,202] {logging_mixin.py:104} INFO - [2021-07-19 00:06:20,201] {dagbag.py:496} INFO - Filling up the DagBag from /home/airflow/.local/lib/python3.6/site-packages/airflow/example_dags/example_trigger_controller_dag.py
[2021-07-19 00:06:20,213] {scheduler_job.py:642} INFO - DAG(s) dict_keys(['example_trigger_controller_dag']) retrieved from /home/airflow/.local/lib/python3.6/site-packages/airflow/example_dags/example_trigger_controller_dag.py
[2021-07-19 00:06:20,241] {logging_mixin.py:104} INFO - [2021-07-19 00:06:20,241] {dag.py:1833} INFO - Sync 1 DAGs
[2021-07-19 00:06:20,265] {logging_mixin.py:104} INFO - [2021-07-19 00:06:20,265] {dag.py:2306} INFO - Setting next_dagrun for example_trigger_controller_dag to 2021-07-17 00:00:00+00:00
[2021-07-19 00:06:20,330] {scheduler_job.py:189} INFO - Processing /home/airflow/.local/lib/python3.6/site-packages/airflow/example_dags/example_trigger_controller_dag.py took 0.136 seconds
[2021-07-19 00:06:50,392] {scheduler_job.py:181} INFO - Started process (PID=1268) to work on /home/airflow/.local/lib/python3.6/site-packages/airflow/example_dags/example_trigger_controller_dag.py
[2021-07-19 00:06:50,393] {scheduler_job.py:632} INFO - Processing file /home/airflow/.local/lib/python3.6/site-packages/airflow/example_dags/example_trigger_controller_dag.py for tasks to queue
[2021-07-19 00:06:50,395] {logging_mixin.py:104} INFO - [2021-07-19 00:06:50,394] {dagbag.py:496} INFO - Filling up the DagBag from /home/airflow/.local/lib/python3.6/site-packages/airflow/example_dags/example_trigger_controller_dag.py
[2021-07-19 00:06:50,410] {scheduler_job.py:642} INFO - DAG(s) dict_keys(['example_trigger_controller_dag']) retrieved from /home/airflow/.local/lib/python3.6/site-packages/airflow/example_dags/example_trigger_controller_dag.py
[2021-07-19 00:06:50,440] {logging_mixin.py:104} INFO - [2021-07-19 00:06:50,440] {dag.py:1833} INFO - Sync 1 DAGs
[2021-07-19 00:06:50,463] {logging_mixin.py:104} INFO - [2021-07-19 00:06:50,463] {dag.py:2306} INFO - Setting next_dagrun for example_trigger_controller_dag to 2021-07-17 00:00:00+00:00
[2021-07-19 00:06:50,510] {scheduler_job.py:189} INFO - Processing /home/airflow/.local/lib/python3.6/site-packages/airflow/example_dags/example_trigger_controller_dag.py took 0.123 seconds
[2021-07-19 00:07:20,841] {scheduler_job.py:181} INFO - Started process (PID=1335) to work on /home/airflow/.local/lib/python3.6/site-packages/airflow/example_dags/example_trigger_controller_dag.py
[2021-07-19 00:07:20,843] {scheduler_job.py:632} INFO - Processing file /home/airflow/.local/lib/python3.6/site-packages/airflow/example_dags/example_trigger_controller_dag.py for tasks to queue
[2021-07-19 00:07:20,845] {logging_mixin.py:104} INFO - [2021-07-19 00:07:20,845] {dagbag.py:496} INFO - Filling up the DagBag from /home/airflow/.local/lib/python3.6/site-packages/airflow/example_dags/example_trigger_controller_dag.py
[2021-07-19 00:07:20,869] {scheduler_job.py:642} INFO - DAG(s) dict_keys(['example_trigger_controller_dag']) retrieved from /home/airflow/.local/lib/python3.6/site-packages/airflow/example_dags/example_trigger_controller_dag.py
[2021-07-19 00:07:20,927] {logging_mixin.py:104} INFO - [2021-07-19 00:07:20,927] {dag.py:1833} INFO - Sync 1 DAGs
[2021-07-19 00:07:20,967] {logging_mixin.py:104} INFO - [2021-07-19 00:07:20,967] {dag.py:2306} INFO - Setting next_dagrun for example_trigger_controller_dag to 2021-07-17 00:00:00+00:00
[2021-07-19 00:07:21,048] {scheduler_job.py:189} INFO - Processing /home/airflow/.local/lib/python3.6/site-packages/airflow/example_dags/example_trigger_controller_dag.py took 0.212 seconds
[2021-07-19 00:07:51,220] {scheduler_job.py:181} INFO - Started process (PID=1392) to work on /home/airflow/.local/lib/python3.6/site-packages/airflow/example_dags/example_trigger_controller_dag.py
[2021-07-19 00:07:51,222] {scheduler_job.py:632} INFO - Processing file /home/airflow/.local/lib/python3.6/site-packages/airflow/example_dags/example_trigger_controller_dag.py for tasks to queue
[2021-07-19 00:07:51,224] {logging_mixin.py:104} INFO - [2021-07-19 00:07:51,223] {dagbag.py:496} INFO - Filling up the DagBag from /home/airflow/.local/lib/python3.6/site-packages/airflow/example_dags/example_trigger_controller_dag.py
[2021-07-19 00:07:51,236] {scheduler_job.py:642} INFO - DAG(s) dict_keys(['example_trigger_controller_dag']) retrieved from /home/airflow/.local/lib/python3.6/site-packages/airflow/example_dags/example_trigger_controller_dag.py
[2021-07-19 00:07:51,269] {logging_mixin.py:104} INFO - [2021-07-19 00:07:51,268] {dag.py:1833} INFO - Sync 1 DAGs
[2021-07-19 00:07:51,286] {logging_mixin.py:104} INFO - [2021-07-19 00:07:51,286] {dag.py:2306} INFO - Setting next_dagrun for example_trigger_controller_dag to 2021-07-17 00:00:00+00:00
[2021-07-19 00:07:51,417] {scheduler_job.py:189} INFO - Processing /home/airflow/.local/lib/python3.6/site-packages/airflow/example_dags/example_trigger_controller_dag.py took 0.200 seconds
[2021-07-19 00:08:21,775] {scheduler_job.py:181} INFO - Started process (PID=1450) to work on /home/airflow/.local/lib/python3.6/site-packages/airflow/example_dags/example_trigger_controller_dag.py
[2021-07-19 00:08:21,776] {scheduler_job.py:632} INFO - Processing file /home/airflow/.local/lib/python3.6/site-packages/airflow/example_dags/example_trigger_controller_dag.py for tasks to queue
[2021-07-19 00:08:21,777] {logging_mixin.py:104} INFO - [2021-07-19 00:08:21,777] {dagbag.py:496} INFO - Filling up the DagBag from /home/airflow/.local/lib/python3.6/site-packages/airflow/example_dags/example_trigger_controller_dag.py
[2021-07-19 00:08:21,789] {scheduler_job.py:642} INFO - DAG(s) dict_keys(['example_trigger_controller_dag']) retrieved from /home/airflow/.local/lib/python3.6/site-packages/airflow/example_dags/example_trigger_controller_dag.py
[2021-07-19 00:08:21,821] {logging_mixin.py:104} INFO - [2021-07-19 00:08:21,821] {dag.py:1833} INFO - Sync 1 DAGs
[2021-07-19 00:08:21,840] {logging_mixin.py:104} INFO - [2021-07-19 00:08:21,840] {dag.py:2306} INFO - Setting next_dagrun for example_trigger_controller_dag to 2021-07-17 00:00:00+00:00
[2021-07-19 00:08:21,900] {scheduler_job.py:189} INFO - Processing /home/airflow/.local/lib/python3.6/site-packages/airflow/example_dags/example_trigger_controller_dag.py took 0.129 seconds
[2021-07-19 00:08:52,132] {scheduler_job.py:181} INFO - Started process (PID=1506) to work on /home/airflow/.local/lib/python3.6/site-packages/airflow/example_dags/example_trigger_controller_dag.py
[2021-07-19 00:08:52,136] {scheduler_job.py:632} INFO - Processing file /home/airflow/.local/lib/python3.6/site-packages/airflow/example_dags/example_trigger_controller_dag.py for tasks to queue
[2021-07-19 00:08:52,137] {logging_mixin.py:104} INFO - [2021-07-19 00:08:52,137] {dagbag.py:496} INFO - Filling up the DagBag from /home/airflow/.local/lib/python3.6/site-packages/airflow/example_dags/example_trigger_controller_dag.py
[2021-07-19 00:08:52,154] {scheduler_job.py:642} INFO - DAG(s) dict_keys(['example_trigger_controller_dag']) retrieved from /home/airflow/.local/lib/python3.6/site-packages/airflow/example_dags/example_trigger_controller_dag.py
[2021-07-19 00:08:52,186] {logging_mixin.py:104} INFO - [2021-07-19 00:08:52,186] {dag.py:1833} INFO - Sync 1 DAGs
[2021-07-19 00:08:52,207] {logging_mixin.py:104} INFO - [2021-07-19 00:08:52,207] {dag.py:2306} INFO - Setting next_dagrun for example_trigger_controller_dag to 2021-07-17 00:00:00+00:00
[2021-07-19 00:08:52,310] {scheduler_job.py:189} INFO - Processing /home/airflow/.local/lib/python3.6/site-packages/airflow/example_dags/example_trigger_controller_dag.py took 0.185 seconds
[2021-07-19 00:09:23,194] {scheduler_job.py:181} INFO - Started process (PID=1572) to work on /home/airflow/.local/lib/python3.6/site-packages/airflow/example_dags/example_trigger_controller_dag.py
[2021-07-19 00:09:23,195] {scheduler_job.py:632} INFO - Processing file /home/airflow/.local/lib/python3.6/site-packages/airflow/example_dags/example_trigger_controller_dag.py for tasks to queue
[2021-07-19 00:09:23,197] {logging_mixin.py:104} INFO - [2021-07-19 00:09:23,196] {dagbag.py:496} INFO - Filling up the DagBag from /home/airflow/.local/lib/python3.6/site-packages/airflow/example_dags/example_trigger_controller_dag.py
[2021-07-19 00:09:23,212] {scheduler_job.py:642} INFO - DAG(s) dict_keys(['example_trigger_controller_dag']) retrieved from /home/airflow/.local/lib/python3.6/site-packages/airflow/example_dags/example_trigger_controller_dag.py
[2021-07-19 00:09:23,249] {logging_mixin.py:104} INFO - [2021-07-19 00:09:23,248] {dag.py:1833} INFO - Sync 1 DAGs
[2021-07-19 00:09:23,274] {logging_mixin.py:104} INFO - [2021-07-19 00:09:23,274] {dag.py:2306} INFO - Setting next_dagrun for example_trigger_controller_dag to 2021-07-17 00:00:00+00:00
[2021-07-19 00:09:23,367] {scheduler_job.py:189} INFO - Processing /home/airflow/.local/lib/python3.6/site-packages/airflow/example_dags/example_trigger_controller_dag.py took 0.178 seconds
[2021-07-19 00:09:54,106] {scheduler_job.py:181} INFO - Started process (PID=1629) to work on /home/airflow/.local/lib/python3.6/site-packages/airflow/example_dags/example_trigger_controller_dag.py
[2021-07-19 00:09:54,109] {scheduler_job.py:632} INFO - Processing file /home/airflow/.local/lib/python3.6/site-packages/airflow/example_dags/example_trigger_controller_dag.py for tasks to queue
[2021-07-19 00:09:54,110] {logging_mixin.py:104} INFO - [2021-07-19 00:09:54,110] {dagbag.py:496} INFO - Filling up the DagBag from /home/airflow/.local/lib/python3.6/site-packages/airflow/example_dags/example_trigger_controller_dag.py
[2021-07-19 00:09:54,127] {scheduler_job.py:642} INFO - DAG(s) dict_keys(['example_trigger_controller_dag']) retrieved from /home/airflow/.local/lib/python3.6/site-packages/airflow/example_dags/example_trigger_controller_dag.py
[2021-07-19 00:09:54,155] {logging_mixin.py:104} INFO - [2021-07-19 00:09:54,155] {dag.py:1833} INFO - Sync 1 DAGs
[2021-07-19 00:09:54,178] {logging_mixin.py:104} INFO - [2021-07-19 00:09:54,178] {dag.py:2306} INFO - Setting next_dagrun for example_trigger_controller_dag to 2021-07-17 00:00:00+00:00
[2021-07-19 00:09:54,403] {scheduler_job.py:189} INFO - Processing /home/airflow/.local/lib/python3.6/site-packages/airflow/example_dags/example_trigger_controller_dag.py took 0.302 seconds
[2021-07-19 00:10:25,226] {scheduler_job.py:181} INFO - Started process (PID=1686) to work on /home/airflow/.local/lib/python3.6/site-packages/airflow/example_dags/example_trigger_controller_dag.py
[2021-07-19 00:10:25,228] {scheduler_job.py:632} INFO - Processing file /home/airflow/.local/lib/python3.6/site-packages/airflow/example_dags/example_trigger_controller_dag.py for tasks to queue
[2021-07-19 00:10:25,229] {logging_mixin.py:104} INFO - [2021-07-19 00:10:25,229] {dagbag.py:496} INFO - Filling up the DagBag from /home/airflow/.local/lib/python3.6/site-packages/airflow/example_dags/example_trigger_controller_dag.py
[2021-07-19 00:10:25,250] {scheduler_job.py:642} INFO - DAG(s) dict_keys(['example_trigger_controller_dag']) retrieved from /home/airflow/.local/lib/python3.6/site-packages/airflow/example_dags/example_trigger_controller_dag.py
[2021-07-19 00:10:25,289] {logging_mixin.py:104} INFO - [2021-07-19 00:10:25,289] {dag.py:1833} INFO - Sync 1 DAGs
[2021-07-19 00:10:25,314] {logging_mixin.py:104} INFO - [2021-07-19 00:10:25,314] {dag.py:2306} INFO - Setting next_dagrun for example_trigger_controller_dag to 2021-07-17 00:00:00+00:00
[2021-07-19 00:10:25,415] {scheduler_job.py:189} INFO - Processing /home/airflow/.local/lib/python3.6/site-packages/airflow/example_dags/example_trigger_controller_dag.py took 0.193 seconds
[2021-07-19 00:10:56,748] {scheduler_job.py:181} INFO - Started process (PID=1752) to work on /home/airflow/.local/lib/python3.6/site-packages/airflow/example_dags/example_trigger_controller_dag.py
[2021-07-19 00:10:56,750] {scheduler_job.py:632} INFO - Processing file /home/airflow/.local/lib/python3.6/site-packages/airflow/example_dags/example_trigger_controller_dag.py for tasks to queue
[2021-07-19 00:10:56,751] {logging_mixin.py:104} INFO - [2021-07-19 00:10:56,751] {dagbag.py:496} INFO - Filling up the DagBag from /home/airflow/.local/lib/python3.6/site-packages/airflow/example_dags/example_trigger_controller_dag.py
[2021-07-19 00:10:56,764] {scheduler_job.py:642} INFO - DAG(s) dict_keys(['example_trigger_controller_dag']) retrieved from /home/airflow/.local/lib/python3.6/site-packages/airflow/example_dags/example_trigger_controller_dag.py
[2021-07-19 00:10:56,791] {logging_mixin.py:104} INFO - [2021-07-19 00:10:56,791] {dag.py:1833} INFO - Sync 1 DAGs
[2021-07-19 00:10:56,810] {logging_mixin.py:104} INFO - [2021-07-19 00:10:56,810] {dag.py:2306} INFO - Setting next_dagrun for example_trigger_controller_dag to 2021-07-17 00:00:00+00:00
[2021-07-19 00:10:57,303] {scheduler_job.py:189} INFO - Processing /home/airflow/.local/lib/python3.6/site-packages/airflow/example_dags/example_trigger_controller_dag.py took 0.558 seconds
[2021-07-19 00:11:27,494] {scheduler_job.py:181} INFO - Started process (PID=1809) to work on /home/airflow/.local/lib/python3.6/site-packages/airflow/example_dags/example_trigger_controller_dag.py
[2021-07-19 00:11:27,496] {scheduler_job.py:632} INFO - Processing file /home/airflow/.local/lib/python3.6/site-packages/airflow/example_dags/example_trigger_controller_dag.py for tasks to queue
[2021-07-19 00:11:27,498] {logging_mixin.py:104} INFO - [2021-07-19 00:11:27,497] {dagbag.py:496} INFO - Filling up the DagBag from /home/airflow/.local/lib/python3.6/site-packages/airflow/example_dags/example_trigger_controller_dag.py
[2021-07-19 00:11:27,512] {scheduler_job.py:642} INFO - DAG(s) dict_keys(['example_trigger_controller_dag']) retrieved from /home/airflow/.local/lib/python3.6/site-packages/airflow/example_dags/example_trigger_controller_dag.py
[2021-07-19 00:11:27,557] {logging_mixin.py:104} INFO - [2021-07-19 00:11:27,557] {dag.py:1833} INFO - Sync 1 DAGs
[2021-07-19 00:11:27,582] {logging_mixin.py:104} INFO - [2021-07-19 00:11:27,581] {dag.py:2306} INFO - Setting next_dagrun for example_trigger_controller_dag to 2021-07-17 00:00:00+00:00
[2021-07-19 00:11:27,689] {scheduler_job.py:189} INFO - Processing /home/airflow/.local/lib/python3.6/site-packages/airflow/example_dags/example_trigger_controller_dag.py took 0.200 seconds
[2021-07-19 00:11:58,127] {scheduler_job.py:181} INFO - Started process (PID=1867) to work on /home/airflow/.local/lib/python3.6/site-packages/airflow/example_dags/example_trigger_controller_dag.py
[2021-07-19 00:11:58,129] {scheduler_job.py:632} INFO - Processing file /home/airflow/.local/lib/python3.6/site-packages/airflow/example_dags/example_trigger_controller_dag.py for tasks to queue
[2021-07-19 00:11:58,131] {logging_mixin.py:104} INFO - [2021-07-19 00:11:58,130] {dagbag.py:496} INFO - Filling up the DagBag from /home/airflow/.local/lib/python3.6/site-packages/airflow/example_dags/example_trigger_controller_dag.py
[2021-07-19 00:11:58,148] {scheduler_job.py:642} INFO - DAG(s) dict_keys(['example_trigger_controller_dag']) retrieved from /home/airflow/.local/lib/python3.6/site-packages/airflow/example_dags/example_trigger_controller_dag.py
[2021-07-19 00:11:58,179] {logging_mixin.py:104} INFO - [2021-07-19 00:11:58,179] {dag.py:1833} INFO - Sync 1 DAGs
[2021-07-19 00:11:58,202] {logging_mixin.py:104} INFO - [2021-07-19 00:11:58,202] {dag.py:2306} INFO - Setting next_dagrun for example_trigger_controller_dag to 2021-07-17 00:00:00+00:00
[2021-07-19 00:11:58,405] {scheduler_job.py:189} INFO - Processing /home/airflow/.local/lib/python3.6/site-packages/airflow/example_dags/example_trigger_controller_dag.py took 0.283 seconds
[2021-07-19 00:12:29,480] {scheduler_job.py:181} INFO - Started process (PID=1934) to work on /home/airflow/.local/lib/python3.6/site-packages/airflow/example_dags/example_trigger_controller_dag.py
[2021-07-19 00:12:29,485] {scheduler_job.py:632} INFO - Processing file /home/airflow/.local/lib/python3.6/site-packages/airflow/example_dags/example_trigger_controller_dag.py for tasks to queue
[2021-07-19 00:12:29,486] {logging_mixin.py:104} INFO - [2021-07-19 00:12:29,486] {dagbag.py:496} INFO - Filling up the DagBag from /home/airflow/.local/lib/python3.6/site-packages/airflow/example_dags/example_trigger_controller_dag.py
[2021-07-19 00:12:29,506] {scheduler_job.py:642} INFO - DAG(s) dict_keys(['example_trigger_controller_dag']) retrieved from /home/airflow/.local/lib/python3.6/site-packages/airflow/example_dags/example_trigger_controller_dag.py
[2021-07-19 00:12:29,545] {logging_mixin.py:104} INFO - [2021-07-19 00:12:29,545] {dag.py:1833} INFO - Sync 1 DAGs
[2021-07-19 00:12:29,563] {logging_mixin.py:104} INFO - [2021-07-19 00:12:29,563] {dag.py:2306} INFO - Setting next_dagrun for example_trigger_controller_dag to 2021-07-17 00:00:00+00:00
[2021-07-19 00:12:29,804] {scheduler_job.py:189} INFO - Processing /home/airflow/.local/lib/python3.6/site-packages/airflow/example_dags/example_trigger_controller_dag.py took 0.330 seconds
[2021-07-19 00:13:00,192] {scheduler_job.py:181} INFO - Started process (PID=1992) to work on /home/airflow/.local/lib/python3.6/site-packages/airflow/example_dags/example_trigger_controller_dag.py
[2021-07-19 00:13:00,194] {scheduler_job.py:632} INFO - Processing file /home/airflow/.local/lib/python3.6/site-packages/airflow/example_dags/example_trigger_controller_dag.py for tasks to queue
[2021-07-19 00:13:00,196] {logging_mixin.py:104} INFO - [2021-07-19 00:13:00,196] {dagbag.py:496} INFO - Filling up the DagBag from /home/airflow/.local/lib/python3.6/site-packages/airflow/example_dags/example_trigger_controller_dag.py
[2021-07-19 00:13:00,213] {scheduler_job.py:642} INFO - DAG(s) dict_keys(['example_trigger_controller_dag']) retrieved from /home/airflow/.local/lib/python3.6/site-packages/airflow/example_dags/example_trigger_controller_dag.py
[2021-07-19 00:13:00,255] {logging_mixin.py:104} INFO - [2021-07-19 00:13:00,255] {dag.py:1833} INFO - Sync 1 DAGs
[2021-07-19 00:13:00,307] {logging_mixin.py:104} INFO - [2021-07-19 00:13:00,307] {dag.py:2306} INFO - Setting next_dagrun for example_trigger_controller_dag to 2021-07-17 00:00:00+00:00
[2021-07-19 00:13:00,575] {scheduler_job.py:189} INFO - Processing /home/airflow/.local/lib/python3.6/site-packages/airflow/example_dags/example_trigger_controller_dag.py took 0.388 seconds
[2021-07-19 00:13:30,762] {scheduler_job.py:181} INFO - Started process (PID=2053) to work on /home/airflow/.local/lib/python3.6/site-packages/airflow/example_dags/example_trigger_controller_dag.py
[2021-07-19 00:13:30,766] {scheduler_job.py:632} INFO - Processing file /home/airflow/.local/lib/python3.6/site-packages/airflow/example_dags/example_trigger_controller_dag.py for tasks to queue
[2021-07-19 00:13:30,767] {logging_mixin.py:104} INFO - [2021-07-19 00:13:30,767] {dagbag.py:496} INFO - Filling up the DagBag from /home/airflow/.local/lib/python3.6/site-packages/airflow/example_dags/example_trigger_controller_dag.py
[2021-07-19 00:13:30,780] {scheduler_job.py:642} INFO - DAG(s) dict_keys(['example_trigger_controller_dag']) retrieved from /home/airflow/.local/lib/python3.6/site-packages/airflow/example_dags/example_trigger_controller_dag.py
[2021-07-19 00:13:30,810] {logging_mixin.py:104} INFO - [2021-07-19 00:13:30,810] {dag.py:1833} INFO - Sync 1 DAGs
[2021-07-19 00:13:30,836] {logging_mixin.py:104} INFO - [2021-07-19 00:13:30,836] {dag.py:2306} INFO - Setting next_dagrun for example_trigger_controller_dag to 2021-07-17 00:00:00+00:00
[2021-07-19 00:13:30,927] {scheduler_job.py:189} INFO - Processing /home/airflow/.local/lib/python3.6/site-packages/airflow/example_dags/example_trigger_controller_dag.py took 0.170 seconds
[2021-07-19 00:14:08,652] {scheduler_job.py:181} INFO - Started process (PID=2121) to work on /home/airflow/.local/lib/python3.6/site-packages/airflow/example_dags/example_trigger_controller_dag.py
[2021-07-19 00:14:08,654] {scheduler_job.py:632} INFO - Processing file /home/airflow/.local/lib/python3.6/site-packages/airflow/example_dags/example_trigger_controller_dag.py for tasks to queue
[2021-07-19 00:14:08,655] {logging_mixin.py:104} INFO - [2021-07-19 00:14:08,655] {dagbag.py:496} INFO - Filling up the DagBag from /home/airflow/.local/lib/python3.6/site-packages/airflow/example_dags/example_trigger_controller_dag.py
[2021-07-19 00:14:08,674] {scheduler_job.py:642} INFO - DAG(s) dict_keys(['example_trigger_controller_dag']) retrieved from /home/airflow/.local/lib/python3.6/site-packages/airflow/example_dags/example_trigger_controller_dag.py
[2021-07-19 00:14:08,712] {logging_mixin.py:104} INFO - [2021-07-19 00:14:08,712] {dag.py:1833} INFO - Sync 1 DAGs
[2021-07-19 00:14:08,736] {logging_mixin.py:104} INFO - [2021-07-19 00:14:08,736] {dag.py:2306} INFO - Setting next_dagrun for example_trigger_controller_dag to 2021-07-17 00:00:00+00:00
[2021-07-19 00:14:08,942] {scheduler_job.py:189} INFO - Processing /home/airflow/.local/lib/python3.6/site-packages/airflow/example_dags/example_trigger_controller_dag.py took 0.296 seconds
[2021-07-19 00:14:39,889] {scheduler_job.py:181} INFO - Started process (PID=2179) to work on /home/airflow/.local/lib/python3.6/site-packages/airflow/example_dags/example_trigger_controller_dag.py
[2021-07-19 00:14:40,009] {scheduler_job.py:632} INFO - Processing file /home/airflow/.local/lib/python3.6/site-packages/airflow/example_dags/example_trigger_controller_dag.py for tasks to queue
[2021-07-19 00:14:40,011] {logging_mixin.py:104} INFO - [2021-07-19 00:14:40,011] {dagbag.py:496} INFO - Filling up the DagBag from /home/airflow/.local/lib/python3.6/site-packages/airflow/example_dags/example_trigger_controller_dag.py
[2021-07-19 00:14:40,029] {scheduler_job.py:642} INFO - DAG(s) dict_keys(['example_trigger_controller_dag']) retrieved from /home/airflow/.local/lib/python3.6/site-packages/airflow/example_dags/example_trigger_controller_dag.py
[2021-07-19 00:14:40,056] {logging_mixin.py:104} INFO - [2021-07-19 00:14:40,056] {dag.py:1833} INFO - Sync 1 DAGs
[2021-07-19 00:14:40,078] {logging_mixin.py:104} INFO - [2021-07-19 00:14:40,078] {dag.py:2306} INFO - Setting next_dagrun for example_trigger_controller_dag to 2021-07-17 00:00:00+00:00
[2021-07-19 00:14:40,243] {scheduler_job.py:189} INFO - Processing /home/airflow/.local/lib/python3.6/site-packages/airflow/example_dags/example_trigger_controller_dag.py took 0.371 seconds
[2021-07-19 00:15:10,370] {scheduler_job.py:181} INFO - Started process (PID=2235) to work on /home/airflow/.local/lib/python3.6/site-packages/airflow/example_dags/example_trigger_controller_dag.py
[2021-07-19 00:15:10,372] {scheduler_job.py:632} INFO - Processing file /home/airflow/.local/lib/python3.6/site-packages/airflow/example_dags/example_trigger_controller_dag.py for tasks to queue
[2021-07-19 00:15:10,373] {logging_mixin.py:104} INFO - [2021-07-19 00:15:10,373] {dagbag.py:496} INFO - Filling up the DagBag from /home/airflow/.local/lib/python3.6/site-packages/airflow/example_dags/example_trigger_controller_dag.py
[2021-07-19 00:15:10,388] {scheduler_job.py:642} INFO - DAG(s) dict_keys(['example_trigger_controller_dag']) retrieved from /home/airflow/.local/lib/python3.6/site-packages/airflow/example_dags/example_trigger_controller_dag.py
[2021-07-19 00:15:10,414] {logging_mixin.py:104} INFO - [2021-07-19 00:15:10,414] {dag.py:1833} INFO - Sync 1 DAGs
[2021-07-19 00:15:10,434] {logging_mixin.py:104} INFO - [2021-07-19 00:15:10,433] {dag.py:2306} INFO - Setting next_dagrun for example_trigger_controller_dag to 2021-07-17 00:00:00+00:00
[2021-07-19 00:15:10,485] {scheduler_job.py:189} INFO - Processing /home/airflow/.local/lib/python3.6/site-packages/airflow/example_dags/example_trigger_controller_dag.py took 0.119 seconds
[2021-07-19 00:15:41,183] {scheduler_job.py:181} INFO - Started process (PID=2301) to work on /home/airflow/.local/lib/python3.6/site-packages/airflow/example_dags/example_trigger_controller_dag.py
[2021-07-19 00:15:41,185] {scheduler_job.py:632} INFO - Processing file /home/airflow/.local/lib/python3.6/site-packages/airflow/example_dags/example_trigger_controller_dag.py for tasks to queue
[2021-07-19 00:15:41,186] {logging_mixin.py:104} INFO - [2021-07-19 00:15:41,186] {dagbag.py:496} INFO - Filling up the DagBag from /home/airflow/.local/lib/python3.6/site-packages/airflow/example_dags/example_trigger_controller_dag.py
[2021-07-19 00:15:41,201] {scheduler_job.py:642} INFO - DAG(s) dict_keys(['example_trigger_controller_dag']) retrieved from /home/airflow/.local/lib/python3.6/site-packages/airflow/example_dags/example_trigger_controller_dag.py
[2021-07-19 00:15:41,232] {logging_mixin.py:104} INFO - [2021-07-19 00:15:41,232] {dag.py:1833} INFO - Sync 1 DAGs
[2021-07-19 00:15:41,254] {logging_mixin.py:104} INFO - [2021-07-19 00:15:41,254] {dag.py:2306} INFO - Setting next_dagrun for example_trigger_controller_dag to 2021-07-17 00:00:00+00:00
[2021-07-19 00:15:41,357] {scheduler_job.py:189} INFO - Processing /home/airflow/.local/lib/python3.6/site-packages/airflow/example_dags/example_trigger_controller_dag.py took 0.177 seconds
[2021-07-19 00:16:11,455] {scheduler_job.py:181} INFO - Started process (PID=2357) to work on /home/airflow/.local/lib/python3.6/site-packages/airflow/example_dags/example_trigger_controller_dag.py
[2021-07-19 00:16:11,457] {scheduler_job.py:632} INFO - Processing file /home/airflow/.local/lib/python3.6/site-packages/airflow/example_dags/example_trigger_controller_dag.py for tasks to queue
[2021-07-19 00:16:11,458] {logging_mixin.py:104} INFO - [2021-07-19 00:16:11,458] {dagbag.py:496} INFO - Filling up the DagBag from /home/airflow/.local/lib/python3.6/site-packages/airflow/example_dags/example_trigger_controller_dag.py
[2021-07-19 00:16:11,472] {scheduler_job.py:642} INFO - DAG(s) dict_keys(['example_trigger_controller_dag']) retrieved from /home/airflow/.local/lib/python3.6/site-packages/airflow/example_dags/example_trigger_controller_dag.py
[2021-07-19 00:16:11,494] {logging_mixin.py:104} INFO - [2021-07-19 00:16:11,494] {dag.py:1833} INFO - Sync 1 DAGs
[2021-07-19 00:16:11,511] {logging_mixin.py:104} INFO - [2021-07-19 00:16:11,511] {dag.py:2306} INFO - Setting next_dagrun for example_trigger_controller_dag to 2021-07-17 00:00:00+00:00
[2021-07-19 00:16:11,591] {scheduler_job.py:189} INFO - Processing /home/airflow/.local/lib/python3.6/site-packages/airflow/example_dags/example_trigger_controller_dag.py took 0.139 seconds
[2021-07-19 00:16:42,061] {scheduler_job.py:181} INFO - Started process (PID=2415) to work on /home/airflow/.local/lib/python3.6/site-packages/airflow/example_dags/example_trigger_controller_dag.py
[2021-07-19 00:16:42,064] {scheduler_job.py:632} INFO - Processing file /home/airflow/.local/lib/python3.6/site-packages/airflow/example_dags/example_trigger_controller_dag.py for tasks to queue
[2021-07-19 00:16:42,066] {logging_mixin.py:104} INFO - [2021-07-19 00:16:42,066] {dagbag.py:496} INFO - Filling up the DagBag from /home/airflow/.local/lib/python3.6/site-packages/airflow/example_dags/example_trigger_controller_dag.py
[2021-07-19 00:16:42,081] {scheduler_job.py:642} INFO - DAG(s) dict_keys(['example_trigger_controller_dag']) retrieved from /home/airflow/.local/lib/python3.6/site-packages/airflow/example_dags/example_trigger_controller_dag.py
[2021-07-19 00:16:42,115] {logging_mixin.py:104} INFO - [2021-07-19 00:16:42,115] {dag.py:1833} INFO - Sync 1 DAGs
[2021-07-19 00:16:42,162] {logging_mixin.py:104} INFO - [2021-07-19 00:16:42,162] {dag.py:2306} INFO - Setting next_dagrun for example_trigger_controller_dag to 2021-07-17 00:00:00+00:00
[2021-07-19 00:16:42,472] {scheduler_job.py:189} INFO - Processing /home/airflow/.local/lib/python3.6/site-packages/airflow/example_dags/example_trigger_controller_dag.py took 0.416 seconds
[2021-07-19 00:17:13,223] {scheduler_job.py:181} INFO - Started process (PID=2484) to work on /home/airflow/.local/lib/python3.6/site-packages/airflow/example_dags/example_trigger_controller_dag.py
[2021-07-19 00:17:13,225] {scheduler_job.py:632} INFO - Processing file /home/airflow/.local/lib/python3.6/site-packages/airflow/example_dags/example_trigger_controller_dag.py for tasks to queue
[2021-07-19 00:17:13,237] {logging_mixin.py:104} INFO - [2021-07-19 00:17:13,237] {dagbag.py:496} INFO - Filling up the DagBag from /home/airflow/.local/lib/python3.6/site-packages/airflow/example_dags/example_trigger_controller_dag.py
[2021-07-19 00:17:13,276] {scheduler_job.py:642} INFO - DAG(s) dict_keys(['example_trigger_controller_dag']) retrieved from /home/airflow/.local/lib/python3.6/site-packages/airflow/example_dags/example_trigger_controller_dag.py
[2021-07-19 00:17:13,329] {logging_mixin.py:104} INFO - [2021-07-19 00:17:13,329] {dag.py:1833} INFO - Sync 1 DAGs
[2021-07-19 00:17:13,360] {logging_mixin.py:104} INFO - [2021-07-19 00:17:13,359] {dag.py:2306} INFO - Setting next_dagrun for example_trigger_controller_dag to 2021-07-17 00:00:00+00:00
[2021-07-19 00:17:13,542] {scheduler_job.py:189} INFO - Processing /home/airflow/.local/lib/python3.6/site-packages/airflow/example_dags/example_trigger_controller_dag.py took 0.323 seconds
[2021-07-19 00:17:43,872] {scheduler_job.py:181} INFO - Started process (PID=2540) to work on /home/airflow/.local/lib/python3.6/site-packages/airflow/example_dags/example_trigger_controller_dag.py
[2021-07-19 00:17:43,874] {scheduler_job.py:632} INFO - Processing file /home/airflow/.local/lib/python3.6/site-packages/airflow/example_dags/example_trigger_controller_dag.py for tasks to queue
[2021-07-19 00:17:43,875] {logging_mixin.py:104} INFO - [2021-07-19 00:17:43,875] {dagbag.py:496} INFO - Filling up the DagBag from /home/airflow/.local/lib/python3.6/site-packages/airflow/example_dags/example_trigger_controller_dag.py
[2021-07-19 00:17:43,891] {scheduler_job.py:642} INFO - DAG(s) dict_keys(['example_trigger_controller_dag']) retrieved from /home/airflow/.local/lib/python3.6/site-packages/airflow/example_dags/example_trigger_controller_dag.py
[2021-07-19 00:17:43,920] {logging_mixin.py:104} INFO - [2021-07-19 00:17:43,919] {dag.py:1833} INFO - Sync 1 DAGs
[2021-07-19 00:17:43,938] {logging_mixin.py:104} INFO - [2021-07-19 00:17:43,938] {dag.py:2306} INFO - Setting next_dagrun for example_trigger_controller_dag to 2021-07-17 00:00:00+00:00
[2021-07-19 00:17:44,117] {scheduler_job.py:189} INFO - Processing /home/airflow/.local/lib/python3.6/site-packages/airflow/example_dags/example_trigger_controller_dag.py took 0.249 seconds
[2021-07-19 00:18:14,745] {scheduler_job.py:181} INFO - Started process (PID=2597) to work on /home/airflow/.local/lib/python3.6/site-packages/airflow/example_dags/example_trigger_controller_dag.py
[2021-07-19 00:18:14,747] {scheduler_job.py:632} INFO - Processing file /home/airflow/.local/lib/python3.6/site-packages/airflow/example_dags/example_trigger_controller_dag.py for tasks to queue
[2021-07-19 00:18:14,748] {logging_mixin.py:104} INFO - [2021-07-19 00:18:14,748] {dagbag.py:496} INFO - Filling up the DagBag from /home/airflow/.local/lib/python3.6/site-packages/airflow/example_dags/example_trigger_controller_dag.py
[2021-07-19 00:18:14,760] {scheduler_job.py:642} INFO - DAG(s) dict_keys(['example_trigger_controller_dag']) retrieved from /home/airflow/.local/lib/python3.6/site-packages/airflow/example_dags/example_trigger_controller_dag.py
[2021-07-19 00:18:14,785] {logging_mixin.py:104} INFO - [2021-07-19 00:18:14,785] {dag.py:1833} INFO - Sync 1 DAGs
[2021-07-19 00:18:14,806] {logging_mixin.py:104} INFO - [2021-07-19 00:18:14,806] {dag.py:2306} INFO - Setting next_dagrun for example_trigger_controller_dag to 2021-07-17 00:00:00+00:00
[2021-07-19 00:18:14,999] {scheduler_job.py:189} INFO - Processing /home/airflow/.local/lib/python3.6/site-packages/airflow/example_dags/example_trigger_controller_dag.py took 0.263 seconds
[2021-07-19 00:18:45,358] {scheduler_job.py:181} INFO - Started process (PID=2653) to work on /home/airflow/.local/lib/python3.6/site-packages/airflow/example_dags/example_trigger_controller_dag.py
[2021-07-19 00:18:45,559] {scheduler_job.py:632} INFO - Processing file /home/airflow/.local/lib/python3.6/site-packages/airflow/example_dags/example_trigger_controller_dag.py for tasks to queue
[2021-07-19 00:18:45,561] {logging_mixin.py:104} INFO - [2021-07-19 00:18:45,561] {dagbag.py:496} INFO - Filling up the DagBag from /home/airflow/.local/lib/python3.6/site-packages/airflow/example_dags/example_trigger_controller_dag.py
[2021-07-19 00:18:45,579] {scheduler_job.py:642} INFO - DAG(s) dict_keys(['example_trigger_controller_dag']) retrieved from /home/airflow/.local/lib/python3.6/site-packages/airflow/example_dags/example_trigger_controller_dag.py
[2021-07-19 00:18:45,605] {logging_mixin.py:104} INFO - [2021-07-19 00:18:45,605] {dag.py:1833} INFO - Sync 1 DAGs
[2021-07-19 00:18:45,623] {logging_mixin.py:104} INFO - [2021-07-19 00:18:45,623] {dag.py:2306} INFO - Setting next_dagrun for example_trigger_controller_dag to 2021-07-17 00:00:00+00:00
[2021-07-19 00:18:46,056] {scheduler_job.py:189} INFO - Processing /home/airflow/.local/lib/python3.6/site-packages/airflow/example_dags/example_trigger_controller_dag.py took 0.704 seconds
[2021-07-19 00:19:16,532] {scheduler_job.py:181} INFO - Started process (PID=2708) to work on /home/airflow/.local/lib/python3.6/site-packages/airflow/example_dags/example_trigger_controller_dag.py
[2021-07-19 00:19:16,535] {scheduler_job.py:632} INFO - Processing file /home/airflow/.local/lib/python3.6/site-packages/airflow/example_dags/example_trigger_controller_dag.py for tasks to queue
[2021-07-19 00:19:16,536] {logging_mixin.py:104} INFO - [2021-07-19 00:19:16,536] {dagbag.py:496} INFO - Filling up the DagBag from /home/airflow/.local/lib/python3.6/site-packages/airflow/example_dags/example_trigger_controller_dag.py
[2021-07-19 00:19:16,555] {scheduler_job.py:642} INFO - DAG(s) dict_keys(['example_trigger_controller_dag']) retrieved from /home/airflow/.local/lib/python3.6/site-packages/airflow/example_dags/example_trigger_controller_dag.py
[2021-07-19 00:19:16,579] {logging_mixin.py:104} INFO - [2021-07-19 00:19:16,579] {dag.py:1833} INFO - Sync 1 DAGs
[2021-07-19 00:19:16,598] {logging_mixin.py:104} INFO - [2021-07-19 00:19:16,598] {dag.py:2306} INFO - Setting next_dagrun for example_trigger_controller_dag to 2021-07-17 00:00:00+00:00
[2021-07-19 00:19:16,908] {scheduler_job.py:189} INFO - Processing /home/airflow/.local/lib/python3.6/site-packages/airflow/example_dags/example_trigger_controller_dag.py took 0.381 seconds
[2021-07-19 00:19:47,205] {scheduler_job.py:181} INFO - Started process (PID=2765) to work on /home/airflow/.local/lib/python3.6/site-packages/airflow/example_dags/example_trigger_controller_dag.py
[2021-07-19 00:19:47,214] {scheduler_job.py:632} INFO - Processing file /home/airflow/.local/lib/python3.6/site-packages/airflow/example_dags/example_trigger_controller_dag.py for tasks to queue
[2021-07-19 00:19:47,216] {logging_mixin.py:104} INFO - [2021-07-19 00:19:47,216] {dagbag.py:496} INFO - Filling up the DagBag from /home/airflow/.local/lib/python3.6/site-packages/airflow/example_dags/example_trigger_controller_dag.py
[2021-07-19 00:19:47,241] {scheduler_job.py:642} INFO - DAG(s) dict_keys(['example_trigger_controller_dag']) retrieved from /home/airflow/.local/lib/python3.6/site-packages/airflow/example_dags/example_trigger_controller_dag.py
[2021-07-19 00:19:47,289] {logging_mixin.py:104} INFO - [2021-07-19 00:19:47,289] {dag.py:1833} INFO - Sync 1 DAGs
[2021-07-19 00:19:47,339] {logging_mixin.py:104} INFO - [2021-07-19 00:19:47,339] {dag.py:2306} INFO - Setting next_dagrun for example_trigger_controller_dag to 2021-07-17 00:00:00+00:00
[2021-07-19 00:19:47,541] {scheduler_job.py:189} INFO - Processing /home/airflow/.local/lib/python3.6/site-packages/airflow/example_dags/example_trigger_controller_dag.py took 0.353 seconds
[2021-07-19 00:20:20,423] {scheduler_job.py:181} INFO - Started process (PID=2833) to work on /home/airflow/.local/lib/python3.6/site-packages/airflow/example_dags/example_trigger_controller_dag.py
[2021-07-19 00:20:20,427] {scheduler_job.py:632} INFO - Processing file /home/airflow/.local/lib/python3.6/site-packages/airflow/example_dags/example_trigger_controller_dag.py for tasks to queue
[2021-07-19 00:20:20,430] {logging_mixin.py:104} INFO - [2021-07-19 00:20:20,430] {dagbag.py:496} INFO - Filling up the DagBag from /home/airflow/.local/lib/python3.6/site-packages/airflow/example_dags/example_trigger_controller_dag.py
[2021-07-19 00:20:20,465] {scheduler_job.py:642} INFO - DAG(s) dict_keys(['example_trigger_controller_dag']) retrieved from /home/airflow/.local/lib/python3.6/site-packages/airflow/example_dags/example_trigger_controller_dag.py
[2021-07-19 00:20:20,494] {logging_mixin.py:104} INFO - [2021-07-19 00:20:20,494] {dag.py:1833} INFO - Sync 1 DAGs
[2021-07-19 00:20:20,512] {logging_mixin.py:104} INFO - [2021-07-19 00:20:20,511] {dag.py:2306} INFO - Setting next_dagrun for example_trigger_controller_dag to 2021-07-17 00:00:00+00:00
[2021-07-19 00:20:20,725] {scheduler_job.py:189} INFO - Processing /home/airflow/.local/lib/python3.6/site-packages/airflow/example_dags/example_trigger_controller_dag.py took 0.319 seconds
[2021-07-19 00:20:50,950] {scheduler_job.py:181} INFO - Started process (PID=2891) to work on /home/airflow/.local/lib/python3.6/site-packages/airflow/example_dags/example_trigger_controller_dag.py
[2021-07-19 00:20:50,952] {scheduler_job.py:632} INFO - Processing file /home/airflow/.local/lib/python3.6/site-packages/airflow/example_dags/example_trigger_controller_dag.py for tasks to queue
[2021-07-19 00:20:50,953] {logging_mixin.py:104} INFO - [2021-07-19 00:20:50,953] {dagbag.py:496} INFO - Filling up the DagBag from /home/airflow/.local/lib/python3.6/site-packages/airflow/example_dags/example_trigger_controller_dag.py
[2021-07-19 00:20:50,974] {scheduler_job.py:642} INFO - DAG(s) dict_keys(['example_trigger_controller_dag']) retrieved from /home/airflow/.local/lib/python3.6/site-packages/airflow/example_dags/example_trigger_controller_dag.py
[2021-07-19 00:20:51,011] {logging_mixin.py:104} INFO - [2021-07-19 00:20:51,010] {dag.py:1833} INFO - Sync 1 DAGs
[2021-07-19 00:20:51,038] {logging_mixin.py:104} INFO - [2021-07-19 00:20:51,038] {dag.py:2306} INFO - Setting next_dagrun for example_trigger_controller_dag to 2021-07-17 00:00:00+00:00
[2021-07-19 00:20:51,319] {scheduler_job.py:189} INFO - Processing /home/airflow/.local/lib/python3.6/site-packages/airflow/example_dags/example_trigger_controller_dag.py took 0.373 seconds
[2021-07-19 00:21:23,736] {scheduler_job.py:181} INFO - Started process (PID=2947) to work on /home/airflow/.local/lib/python3.6/site-packages/airflow/example_dags/example_trigger_controller_dag.py
[2021-07-19 00:21:23,744] {scheduler_job.py:632} INFO - Processing file /home/airflow/.local/lib/python3.6/site-packages/airflow/example_dags/example_trigger_controller_dag.py for tasks to queue
[2021-07-19 00:21:23,749] {logging_mixin.py:104} INFO - [2021-07-19 00:21:23,748] {dagbag.py:496} INFO - Filling up the DagBag from /home/airflow/.local/lib/python3.6/site-packages/airflow/example_dags/example_trigger_controller_dag.py
[2021-07-19 00:21:23,802] {scheduler_job.py:642} INFO - DAG(s) dict_keys(['example_trigger_controller_dag']) retrieved from /home/airflow/.local/lib/python3.6/site-packages/airflow/example_dags/example_trigger_controller_dag.py
[2021-07-19 00:21:23,839] {logging_mixin.py:104} INFO - [2021-07-19 00:21:23,839] {dag.py:1833} INFO - Sync 1 DAGs
[2021-07-19 00:21:23,859] {logging_mixin.py:104} INFO - [2021-07-19 00:21:23,859] {dag.py:2306} INFO - Setting next_dagrun for example_trigger_controller_dag to 2021-07-17 00:00:00+00:00
[2021-07-19 00:21:24,242] {scheduler_job.py:189} INFO - Processing /home/airflow/.local/lib/python3.6/site-packages/airflow/example_dags/example_trigger_controller_dag.py took 0.521 seconds
[2021-07-19 00:21:54,334] {scheduler_job.py:181} INFO - Started process (PID=3003) to work on /home/airflow/.local/lib/python3.6/site-packages/airflow/example_dags/example_trigger_controller_dag.py
[2021-07-19 00:21:54,336] {scheduler_job.py:632} INFO - Processing file /home/airflow/.local/lib/python3.6/site-packages/airflow/example_dags/example_trigger_controller_dag.py for tasks to queue
[2021-07-19 00:21:54,337] {logging_mixin.py:104} INFO - [2021-07-19 00:21:54,337] {dagbag.py:496} INFO - Filling up the DagBag from /home/airflow/.local/lib/python3.6/site-packages/airflow/example_dags/example_trigger_controller_dag.py
[2021-07-19 00:21:54,356] {scheduler_job.py:642} INFO - DAG(s) dict_keys(['example_trigger_controller_dag']) retrieved from /home/airflow/.local/lib/python3.6/site-packages/airflow/example_dags/example_trigger_controller_dag.py
[2021-07-19 00:21:54,418] {logging_mixin.py:104} INFO - [2021-07-19 00:21:54,418] {dag.py:1833} INFO - Sync 1 DAGs
[2021-07-19 00:21:54,442] {logging_mixin.py:104} INFO - [2021-07-19 00:21:54,442] {dag.py:2306} INFO - Setting next_dagrun for example_trigger_controller_dag to 2021-07-17 00:00:00+00:00
[2021-07-19 00:21:54,718] {scheduler_job.py:189} INFO - Processing /home/airflow/.local/lib/python3.6/site-packages/airflow/example_dags/example_trigger_controller_dag.py took 0.388 seconds
[2021-07-19 00:22:26,436] {scheduler_job.py:181} INFO - Started process (PID=3070) to work on /home/airflow/.local/lib/python3.6/site-packages/airflow/example_dags/example_trigger_controller_dag.py
[2021-07-19 00:22:26,438] {scheduler_job.py:632} INFO - Processing file /home/airflow/.local/lib/python3.6/site-packages/airflow/example_dags/example_trigger_controller_dag.py for tasks to queue
[2021-07-19 00:22:26,439] {logging_mixin.py:104} INFO - [2021-07-19 00:22:26,439] {dagbag.py:496} INFO - Filling up the DagBag from /home/airflow/.local/lib/python3.6/site-packages/airflow/example_dags/example_trigger_controller_dag.py
[2021-07-19 00:22:26,456] {scheduler_job.py:642} INFO - DAG(s) dict_keys(['example_trigger_controller_dag']) retrieved from /home/airflow/.local/lib/python3.6/site-packages/airflow/example_dags/example_trigger_controller_dag.py
[2021-07-19 00:22:26,484] {logging_mixin.py:104} INFO - [2021-07-19 00:22:26,484] {dag.py:1833} INFO - Sync 1 DAGs
[2021-07-19 00:22:26,504] {logging_mixin.py:104} INFO - [2021-07-19 00:22:26,504] {dag.py:2306} INFO - Setting next_dagrun for example_trigger_controller_dag to 2021-07-17 00:00:00+00:00
[2021-07-19 00:22:26,626] {scheduler_job.py:189} INFO - Processing /home/airflow/.local/lib/python3.6/site-packages/airflow/example_dags/example_trigger_controller_dag.py took 0.195 seconds
[2021-07-19 00:22:57,477] {scheduler_job.py:181} INFO - Started process (PID=3127) to work on /home/airflow/.local/lib/python3.6/site-packages/airflow/example_dags/example_trigger_controller_dag.py
[2021-07-19 00:22:57,479] {scheduler_job.py:632} INFO - Processing file /home/airflow/.local/lib/python3.6/site-packages/airflow/example_dags/example_trigger_controller_dag.py for tasks to queue
[2021-07-19 00:22:57,480] {logging_mixin.py:104} INFO - [2021-07-19 00:22:57,480] {dagbag.py:496} INFO - Filling up the DagBag from /home/airflow/.local/lib/python3.6/site-packages/airflow/example_dags/example_trigger_controller_dag.py
[2021-07-19 00:22:57,495] {scheduler_job.py:642} INFO - DAG(s) dict_keys(['example_trigger_controller_dag']) retrieved from /home/airflow/.local/lib/python3.6/site-packages/airflow/example_dags/example_trigger_controller_dag.py
[2021-07-19 00:22:57,525] {logging_mixin.py:104} INFO - [2021-07-19 00:22:57,525] {dag.py:1833} INFO - Sync 1 DAGs
[2021-07-19 00:22:57,546] {logging_mixin.py:104} INFO - [2021-07-19 00:22:57,546] {dag.py:2306} INFO - Setting next_dagrun for example_trigger_controller_dag to 2021-07-17 00:00:00+00:00
[2021-07-19 00:22:57,663] {scheduler_job.py:189} INFO - Processing /home/airflow/.local/lib/python3.6/site-packages/airflow/example_dags/example_trigger_controller_dag.py took 0.193 seconds
[2021-07-19 00:23:29,679] {scheduler_job.py:181} INFO - Started process (PID=3183) to work on /home/airflow/.local/lib/python3.6/site-packages/airflow/example_dags/example_trigger_controller_dag.py
[2021-07-19 00:23:29,685] {scheduler_job.py:632} INFO - Processing file /home/airflow/.local/lib/python3.6/site-packages/airflow/example_dags/example_trigger_controller_dag.py for tasks to queue
[2021-07-19 00:23:29,686] {logging_mixin.py:104} INFO - [2021-07-19 00:23:29,686] {dagbag.py:496} INFO - Filling up the DagBag from /home/airflow/.local/lib/python3.6/site-packages/airflow/example_dags/example_trigger_controller_dag.py
[2021-07-19 00:23:29,717] {scheduler_job.py:642} INFO - DAG(s) dict_keys(['example_trigger_controller_dag']) retrieved from /home/airflow/.local/lib/python3.6/site-packages/airflow/example_dags/example_trigger_controller_dag.py
[2021-07-19 00:23:29,777] {logging_mixin.py:104} INFO - [2021-07-19 00:23:29,777] {dag.py:1833} INFO - Sync 1 DAGs
[2021-07-19 00:23:29,801] {logging_mixin.py:104} INFO - [2021-07-19 00:23:29,801] {dag.py:2306} INFO - Setting next_dagrun for example_trigger_controller_dag to 2021-07-17 00:00:00+00:00
[2021-07-19 00:23:30,917] {scheduler_job.py:189} INFO - Processing /home/airflow/.local/lib/python3.6/site-packages/airflow/example_dags/example_trigger_controller_dag.py took 1.244 seconds
                                                                                                                                                                                                                                                                                                                                                                                                                                                                                                                                                                                                                                                                                                                                                                                                                                                                                                                                                                                                                                                                                                                                                                                                                                                                                                                                                                                                                                                                                                                                                                                                                                                                                                                                                                                                                                                                                                                                                                                                                                                                                                                                                                                                                                                                                                                                                                                                                                                                                                                                                                                                                                                                                                                                                                                                                                                                                                                                                                                                                                                                                                                                                                                                                                                                                                                                                                                                                                                                                                                                                                                                                                                                                                                                                                                                                                                                                                                                                                                                                                                                                                                                                                                                                                                                                                                                                                                                                                                                                                                                                                                                                                                                                                                                                                                                                                                                                                                                                                                                                                                                                                                                                                                                                                                                                                                                                                                                                                                                                                                                                                                                                                                                                                                                                                                                                                                                                                                                                                                                                                                                                                                                                                                                                                                                                                                                                                                                                                                                                                                                                                                                                                                                                                                                                                                                                                                                                                                                                                                                                         