[2021-07-19 00:00:12,496] {scheduler_job.py:181} INFO - Started process (PID=485) to work on /home/airflow/.local/lib/python3.6/site-packages/airflow/example_dags/example_trigger_target_dag.py
[2021-07-19 00:00:12,498] {scheduler_job.py:632} INFO - Processing file /home/airflow/.local/lib/python3.6/site-packages/airflow/example_dags/example_trigger_target_dag.py for tasks to queue
[2021-07-19 00:00:12,500] {logging_mixin.py:104} INFO - [2021-07-19 00:00:12,499] {dagbag.py:496} INFO - Filling up the DagBag from /home/airflow/.local/lib/python3.6/site-packages/airflow/example_dags/example_trigger_target_dag.py
[2021-07-19 00:00:12,522] {scheduler_job.py:642} INFO - DAG(s) dict_keys(['example_trigger_target_dag']) retrieved from /home/airflow/.local/lib/python3.6/site-packages/airflow/example_dags/example_trigger_target_dag.py
[2021-07-19 00:00:12,865] {logging_mixin.py:104} INFO - [2021-07-19 00:00:12,865] {dag.py:1833} INFO - Sync 1 DAGs
[2021-07-19 00:00:12,883] {logging_mixin.py:104} INFO - [2021-07-19 00:00:12,883] {dag.py:2306} INFO - Setting next_dagrun for example_trigger_target_dag to None
[2021-07-19 00:00:12,933] {scheduler_job.py:189} INFO - Processing /home/airflow/.local/lib/python3.6/site-packages/airflow/example_dags/example_trigger_target_dag.py took 0.444 seconds
[2021-07-19 00:00:42,993] {scheduler_job.py:181} INFO - Started process (PID=542) to work on /home/airflow/.local/lib/python3.6/site-packages/airflow/example_dags/example_trigger_target_dag.py
[2021-07-19 00:00:42,995] {scheduler_job.py:632} INFO - Processing file /home/airflow/.local/lib/python3.6/site-packages/airflow/example_dags/example_trigger_target_dag.py for tasks to queue
[2021-07-19 00:00:42,996] {logging_mixin.py:104} INFO - [2021-07-19 00:00:42,996] {dagbag.py:496} INFO - Filling up the DagBag from /home/airflow/.local/lib/python3.6/site-packages/airflow/example_dags/example_trigger_target_dag.py
[2021-07-19 00:00:43,017] {scheduler_job.py:642} INFO - DAG(s) dict_keys(['example_trigger_target_dag']) retrieved from /home/airflow/.local/lib/python3.6/site-packages/airflow/example_dags/example_trigger_target_dag.py
[2021-07-19 00:00:43,048] {logging_mixin.py:104} INFO - [2021-07-19 00:00:43,047] {dag.py:1833} INFO - Sync 1 DAGs
[2021-07-19 00:00:43,073] {logging_mixin.py:104} INFO - [2021-07-19 00:00:43,073] {dag.py:2306} INFO - Setting next_dagrun for example_trigger_target_dag to None
[2021-07-19 00:00:43,135] {scheduler_job.py:189} INFO - Processing /home/airflow/.local/lib/python3.6/site-packages/airflow/example_dags/example_trigger_target_dag.py took 0.145 seconds
[2021-07-19 00:01:13,912] {scheduler_job.py:181} INFO - Started process (PID=611) to work on /home/airflow/.local/lib/python3.6/site-packages/airflow/example_dags/example_trigger_target_dag.py
[2021-07-19 00:01:13,920] {scheduler_job.py:632} INFO - Processing file /home/airflow/.local/lib/python3.6/site-packages/airflow/example_dags/example_trigger_target_dag.py for tasks to queue
[2021-07-19 00:01:13,925] {logging_mixin.py:104} INFO - [2021-07-19 00:01:13,924] {dagbag.py:496} INFO - Filling up the DagBag from /home/airflow/.local/lib/python3.6/site-packages/airflow/example_dags/example_trigger_target_dag.py
[2021-07-19 00:01:13,955] {scheduler_job.py:642} INFO - DAG(s) dict_keys(['example_trigger_target_dag']) retrieved from /home/airflow/.local/lib/python3.6/site-packages/airflow/example_dags/example_trigger_target_dag.py
[2021-07-19 00:01:13,984] {logging_mixin.py:104} INFO - [2021-07-19 00:01:13,984] {dag.py:1833} INFO - Sync 1 DAGs
[2021-07-19 00:01:14,003] {logging_mixin.py:104} INFO - [2021-07-19 00:01:14,003] {dag.py:2306} INFO - Setting next_dagrun for example_trigger_target_dag to None
[2021-07-19 00:01:14,055] {scheduler_job.py:189} INFO - Processing /home/airflow/.local/lib/python3.6/site-packages/airflow/example_dags/example_trigger_target_dag.py took 0.157 seconds
[2021-07-19 00:01:44,868] {scheduler_job.py:181} INFO - Started process (PID=667) to work on /home/airflow/.local/lib/python3.6/site-packages/airflow/example_dags/example_trigger_target_dag.py
[2021-07-19 00:01:44,871] {scheduler_job.py:632} INFO - Processing file /home/airflow/.local/lib/python3.6/site-packages/airflow/example_dags/example_trigger_target_dag.py for tasks to queue
[2021-07-19 00:01:44,873] {logging_mixin.py:104} INFO - [2021-07-19 00:01:44,872] {dagbag.py:496} INFO - Filling up the DagBag from /home/airflow/.local/lib/python3.6/site-packages/airflow/example_dags/example_trigger_target_dag.py
[2021-07-19 00:01:44,910] {scheduler_job.py:642} INFO - DAG(s) dict_keys(['example_trigger_target_dag']) retrieved from /home/airflow/.local/lib/python3.6/site-packages/airflow/example_dags/example_trigger_target_dag.py
[2021-07-19 00:01:44,958] {logging_mixin.py:104} INFO - [2021-07-19 00:01:44,957] {dag.py:1833} INFO - Sync 1 DAGs
[2021-07-19 00:01:44,983] {logging_mixin.py:104} INFO - [2021-07-19 00:01:44,983] {dag.py:2306} INFO - Setting next_dagrun for example_trigger_target_dag to None
[2021-07-19 00:01:45,033] {scheduler_job.py:189} INFO - Processing /home/airflow/.local/lib/python3.6/site-packages/airflow/example_dags/example_trigger_target_dag.py took 0.172 seconds
[2021-07-19 00:02:15,389] {scheduler_job.py:181} INFO - Started process (PID=734) to work on /home/airflow/.local/lib/python3.6/site-packages/airflow/example_dags/example_trigger_target_dag.py
[2021-07-19 00:02:15,391] {scheduler_job.py:632} INFO - Processing file /home/airflow/.local/lib/python3.6/site-packages/airflow/example_dags/example_trigger_target_dag.py for tasks to queue
[2021-07-19 00:02:15,392] {logging_mixin.py:104} INFO - [2021-07-19 00:02:15,392] {dagbag.py:496} INFO - Filling up the DagBag from /home/airflow/.local/lib/python3.6/site-packages/airflow/example_dags/example_trigger_target_dag.py
[2021-07-19 00:02:15,413] {scheduler_job.py:642} INFO - DAG(s) dict_keys(['example_trigger_target_dag']) retrieved from /home/airflow/.local/lib/python3.6/site-packages/airflow/example_dags/example_trigger_target_dag.py
[2021-07-19 00:02:15,452] {logging_mixin.py:104} INFO - [2021-07-19 00:02:15,451] {dag.py:1833} INFO - Sync 1 DAGs
[2021-07-19 00:02:15,477] {logging_mixin.py:104} INFO - [2021-07-19 00:02:15,477] {dag.py:2306} INFO - Setting next_dagrun for example_trigger_target_dag to None
[2021-07-19 00:02:15,584] {scheduler_job.py:189} INFO - Processing /home/airflow/.local/lib/python3.6/site-packages/airflow/example_dags/example_trigger_target_dag.py took 0.200 seconds
[2021-07-19 00:02:45,666] {scheduler_job.py:181} INFO - Started process (PID=792) to work on /home/airflow/.local/lib/python3.6/site-packages/airflow/example_dags/example_trigger_target_dag.py
[2021-07-19 00:02:45,669] {scheduler_job.py:632} INFO - Processing file /home/airflow/.local/lib/python3.6/site-packages/airflow/example_dags/example_trigger_target_dag.py for tasks to queue
[2021-07-19 00:02:45,671] {logging_mixin.py:104} INFO - [2021-07-19 00:02:45,671] {dagbag.py:496} INFO - Filling up the DagBag from /home/airflow/.local/lib/python3.6/site-packages/airflow/example_dags/example_trigger_target_dag.py
[2021-07-19 00:02:45,696] {scheduler_job.py:642} INFO - DAG(s) dict_keys(['example_trigger_target_dag']) retrieved from /home/airflow/.local/lib/python3.6/site-packages/airflow/example_dags/example_trigger_target_dag.py
[2021-07-19 00:02:45,729] {logging_mixin.py:104} INFO - [2021-07-19 00:02:45,729] {dag.py:1833} INFO - Sync 1 DAGs
[2021-07-19 00:02:45,749] {logging_mixin.py:104} INFO - [2021-07-19 00:02:45,749] {dag.py:2306} INFO - Setting next_dagrun for example_trigger_target_dag to None
[2021-07-19 00:02:45,852] {scheduler_job.py:189} INFO - Processing /home/airflow/.local/lib/python3.6/site-packages/airflow/example_dags/example_trigger_target_dag.py took 0.193 seconds
[2021-07-19 00:03:16,022] {scheduler_job.py:181} INFO - Started process (PID=848) to work on /home/airflow/.local/lib/python3.6/site-packages/airflow/example_dags/example_trigger_target_dag.py
[2021-07-19 00:03:16,024] {scheduler_job.py:632} INFO - Processing file /home/airflow/.local/lib/python3.6/site-packages/airflow/example_dags/example_trigger_target_dag.py for tasks to queue
[2021-07-19 00:03:16,025] {logging_mixin.py:104} INFO - [2021-07-19 00:03:16,025] {dagbag.py:496} INFO - Filling up the DagBag from /home/airflow/.local/lib/python3.6/site-packages/airflow/example_dags/example_trigger_target_dag.py
[2021-07-19 00:03:16,044] {scheduler_job.py:642} INFO - DAG(s) dict_keys(['example_trigger_target_dag']) retrieved from /home/airflow/.local/lib/python3.6/site-packages/airflow/example_dags/example_trigger_target_dag.py
[2021-07-19 00:03:16,068] {logging_mixin.py:104} INFO - [2021-07-19 00:03:16,068] {dag.py:1833} INFO - Sync 1 DAGs
[2021-07-19 00:03:16,085] {logging_mixin.py:104} INFO - [2021-07-19 00:03:16,085] {dag.py:2306} INFO - Setting next_dagrun for example_trigger_target_dag to None
[2021-07-19 00:03:16,301] {scheduler_job.py:189} INFO - Processing /home/airflow/.local/lib/python3.6/site-packages/airflow/example_dags/example_trigger_target_dag.py took 0.283 seconds
[2021-07-19 00:03:46,775] {scheduler_job.py:181} INFO - Started process (PID=914) to work on /home/airflow/.local/lib/python3.6/site-packages/airflow/example_dags/example_trigger_target_dag.py
[2021-07-19 00:03:46,777] {scheduler_job.py:632} INFO - Processing file /home/airflow/.local/lib/python3.6/site-packages/airflow/example_dags/example_trigger_target_dag.py for tasks to queue
[2021-07-19 00:03:46,778] {logging_mixin.py:104} INFO - [2021-07-19 00:03:46,778] {dagbag.py:496} INFO - Filling up the DagBag from /home/airflow/.local/lib/python3.6/site-packages/airflow/example_dags/example_trigger_target_dag.py
[2021-07-19 00:03:46,795] {scheduler_job.py:642} INFO - DAG(s) dict_keys(['example_trigger_target_dag']) retrieved from /home/airflow/.local/lib/python3.6/site-packages/airflow/example_dags/example_trigger_target_dag.py
[2021-07-19 00:03:46,818] {logging_mixin.py:104} INFO - [2021-07-19 00:03:46,818] {dag.py:1833} INFO - Sync 1 DAGs
[2021-07-19 00:03:46,835] {logging_mixin.py:104} INFO - [2021-07-19 00:03:46,835] {dag.py:2306} INFO - Setting next_dagrun for example_trigger_target_dag to None
[2021-07-19 00:03:46,931] {scheduler_job.py:189} INFO - Processing /home/airflow/.local/lib/python3.6/site-packages/airflow/example_dags/example_trigger_target_dag.py took 0.161 seconds
[2021-07-19 00:04:17,798] {scheduler_job.py:181} INFO - Started process (PID=970) to work on /home/airflow/.local/lib/python3.6/site-packages/airflow/example_dags/example_trigger_target_dag.py
[2021-07-19 00:04:17,804] {scheduler_job.py:632} INFO - Processing file /home/airflow/.local/lib/python3.6/site-packages/airflow/example_dags/example_trigger_target_dag.py for tasks to queue
[2021-07-19 00:04:17,807] {logging_mixin.py:104} INFO - [2021-07-19 00:04:17,806] {dagbag.py:496} INFO - Filling up the DagBag from /home/airflow/.local/lib/python3.6/site-packages/airflow/example_dags/example_trigger_target_dag.py
[2021-07-19 00:04:17,846] {scheduler_job.py:642} INFO - DAG(s) dict_keys(['example_trigger_target_dag']) retrieved from /home/airflow/.local/lib/python3.6/site-packages/airflow/example_dags/example_trigger_target_dag.py
[2021-07-19 00:04:17,875] {logging_mixin.py:104} INFO - [2021-07-19 00:04:17,875] {dag.py:1833} INFO - Sync 1 DAGs
[2021-07-19 00:04:17,895] {logging_mixin.py:104} INFO - [2021-07-19 00:04:17,895] {dag.py:2306} INFO - Setting next_dagrun for example_trigger_target_dag to None
[2021-07-19 00:04:17,977] {scheduler_job.py:189} INFO - Processing /home/airflow/.local/lib/python3.6/site-packages/airflow/example_dags/example_trigger_target_dag.py took 0.189 seconds
[2021-07-19 00:04:48,620] {scheduler_job.py:181} INFO - Started process (PID=1038) to work on /home/airflow/.local/lib/python3.6/site-packages/airflow/example_dags/example_trigger_target_dag.py
[2021-07-19 00:04:48,629] {scheduler_job.py:632} INFO - Processing file /home/airflow/.local/lib/python3.6/site-packages/airflow/example_dags/example_trigger_target_dag.py for tasks to queue
[2021-07-19 00:04:48,633] {logging_mixin.py:104} INFO - [2021-07-19 00:04:48,632] {dagbag.py:496} INFO - Filling up the DagBag from /home/airflow/.local/lib/python3.6/site-packages/airflow/example_dags/example_trigger_target_dag.py
[2021-07-19 00:04:48,661] {scheduler_job.py:642} INFO - DAG(s) dict_keys(['example_trigger_target_dag']) retrieved from /home/airflow/.local/lib/python3.6/site-packages/airflow/example_dags/example_trigger_target_dag.py
[2021-07-19 00:04:48,695] {logging_mixin.py:104} INFO - [2021-07-19 00:04:48,695] {dag.py:1833} INFO - Sync 1 DAGs
[2021-07-19 00:04:48,722] {logging_mixin.py:104} INFO - [2021-07-19 00:04:48,722] {dag.py:2306} INFO - Setting next_dagrun for example_trigger_target_dag to None
[2021-07-19 00:04:48,901] {scheduler_job.py:189} INFO - Processing /home/airflow/.local/lib/python3.6/site-packages/airflow/example_dags/example_trigger_target_dag.py took 0.291 seconds
[2021-07-19 00:05:19,558] {scheduler_job.py:181} INFO - Started process (PID=1094) to work on /home/airflow/.local/lib/python3.6/site-packages/airflow/example_dags/example_trigger_target_dag.py
[2021-07-19 00:05:19,561] {scheduler_job.py:632} INFO - Processing file /home/airflow/.local/lib/python3.6/site-packages/airflow/example_dags/example_trigger_target_dag.py for tasks to queue
[2021-07-19 00:05:19,563] {logging_mixin.py:104} INFO - [2021-07-19 00:05:19,563] {dagbag.py:496} INFO - Filling up the DagBag from /home/airflow/.local/lib/python3.6/site-packages/airflow/example_dags/example_trigger_target_dag.py
[2021-07-19 00:05:19,585] {scheduler_job.py:642} INFO - DAG(s) dict_keys(['example_trigger_target_dag']) retrieved from /home/airflow/.local/lib/python3.6/site-packages/airflow/example_dags/example_trigger_target_dag.py
[2021-07-19 00:05:19,612] {logging_mixin.py:104} INFO - [2021-07-19 00:05:19,611] {dag.py:1833} INFO - Sync 1 DAGs
[2021-07-19 00:05:19,632] {logging_mixin.py:104} INFO - [2021-07-19 00:05:19,632] {dag.py:2306} INFO - Setting next_dagrun for example_trigger_target_dag to None
[2021-07-19 00:05:19,713] {scheduler_job.py:189} INFO - Processing /home/airflow/.local/lib/python3.6/site-packages/airflow/example_dags/example_trigger_target_dag.py took 0.162 seconds
[2021-07-19 00:05:49,779] {scheduler_job.py:181} INFO - Started process (PID=1150) to work on /home/airflow/.local/lib/python3.6/site-packages/airflow/example_dags/example_trigger_target_dag.py
[2021-07-19 00:05:49,781] {scheduler_job.py:632} INFO - Processing file /home/airflow/.local/lib/python3.6/site-packages/airflow/example_dags/example_trigger_target_dag.py for tasks to queue
[2021-07-19 00:05:49,782] {logging_mixin.py:104} INFO - [2021-07-19 00:05:49,782] {dagbag.py:496} INFO - Filling up the DagBag from /home/airflow/.local/lib/python3.6/site-packages/airflow/example_dags/example_trigger_target_dag.py
[2021-07-19 00:05:49,800] {scheduler_job.py:642} INFO - DAG(s) dict_keys(['example_trigger_target_dag']) retrieved from /home/airflow/.local/lib/python3.6/site-packages/airflow/example_dags/example_trigger_target_dag.py
[2021-07-19 00:05:49,828] {logging_mixin.py:104} INFO - [2021-07-19 00:05:49,828] {dag.py:1833} INFO - Sync 1 DAGs
[2021-07-19 00:05:49,860] {logging_mixin.py:104} INFO - [2021-07-19 00:05:49,860] {dag.py:2306} INFO - Setting next_dagrun for example_trigger_target_dag to None
[2021-07-19 00:05:49,932] {scheduler_job.py:189} INFO - Processing /home/airflow/.local/lib/python3.6/site-packages/airflow/example_dags/example_trigger_target_dag.py took 0.157 seconds
[2021-07-19 00:06:20,521] {scheduler_job.py:181} INFO - Started process (PID=1217) to work on /home/airflow/.local/lib/python3.6/site-packages/airflow/example_dags/example_trigger_target_dag.py
[2021-07-19 00:06:20,524] {scheduler_job.py:632} INFO - Processing file /home/airflow/.local/lib/python3.6/site-packages/airflow/example_dags/example_trigger_target_dag.py for tasks to queue
[2021-07-19 00:06:20,526] {logging_mixin.py:104} INFO - [2021-07-19 00:06:20,526] {dagbag.py:496} INFO - Filling up the DagBag from /home/airflow/.local/lib/python3.6/site-packages/airflow/example_dags/example_trigger_target_dag.py
[2021-07-19 00:06:20,541] {scheduler_job.py:642} INFO - DAG(s) dict_keys(['example_trigger_target_dag']) retrieved from /home/airflow/.local/lib/python3.6/site-packages/airflow/example_dags/example_trigger_target_dag.py
[2021-07-19 00:06:20,569] {logging_mixin.py:104} INFO - [2021-07-19 00:06:20,569] {dag.py:1833} INFO - Sync 1 DAGs
[2021-07-19 00:06:20,587] {logging_mixin.py:104} INFO - [2021-07-19 00:06:20,587] {dag.py:2306} INFO - Setting next_dagrun for example_trigger_target_dag to None
[2021-07-19 00:06:20,642] {scheduler_job.py:189} INFO - Processing /home/airflow/.local/lib/python3.6/site-packages/airflow/example_dags/example_trigger_target_dag.py took 0.125 seconds
[2021-07-19 00:06:50,704] {scheduler_job.py:181} INFO - Started process (PID=1270) to work on /home/airflow/.local/lib/python3.6/site-packages/airflow/example_dags/example_trigger_target_dag.py
[2021-07-19 00:06:50,706] {scheduler_job.py:632} INFO - Processing file /home/airflow/.local/lib/python3.6/site-packages/airflow/example_dags/example_trigger_target_dag.py for tasks to queue
[2021-07-19 00:06:50,707] {logging_mixin.py:104} INFO - [2021-07-19 00:06:50,707] {dagbag.py:496} INFO - Filling up the DagBag from /home/airflow/.local/lib/python3.6/site-packages/airflow/example_dags/example_trigger_target_dag.py
[2021-07-19 00:06:50,723] {scheduler_job.py:642} INFO - DAG(s) dict_keys(['example_trigger_target_dag']) retrieved from /home/airflow/.local/lib/python3.6/site-packages/airflow/example_dags/example_trigger_target_dag.py
[2021-07-19 00:06:50,749] {logging_mixin.py:104} INFO - [2021-07-19 00:06:50,749] {dag.py:1833} INFO - Sync 1 DAGs
[2021-07-19 00:06:50,769] {logging_mixin.py:104} INFO - [2021-07-19 00:06:50,768] {dag.py:2306} INFO - Setting next_dagrun for example_trigger_target_dag to None
[2021-07-19 00:06:50,821] {scheduler_job.py:189} INFO - Processing /home/airflow/.local/lib/python3.6/site-packages/airflow/example_dags/example_trigger_target_dag.py took 0.122 seconds
[2021-07-19 00:07:21,223] {scheduler_job.py:181} INFO - Started process (PID=1337) to work on /home/airflow/.local/lib/python3.6/site-packages/airflow/example_dags/example_trigger_target_dag.py
[2021-07-19 00:07:21,226] {scheduler_job.py:632} INFO - Processing file /home/airflow/.local/lib/python3.6/site-packages/airflow/example_dags/example_trigger_target_dag.py for tasks to queue
[2021-07-19 00:07:21,243] {logging_mixin.py:104} INFO - [2021-07-19 00:07:21,236] {dagbag.py:496} INFO - Filling up the DagBag from /home/airflow/.local/lib/python3.6/site-packages/airflow/example_dags/example_trigger_target_dag.py
[2021-07-19 00:07:21,275] {scheduler_job.py:642} INFO - DAG(s) dict_keys(['example_trigger_target_dag']) retrieved from /home/airflow/.local/lib/python3.6/site-packages/airflow/example_dags/example_trigger_target_dag.py
[2021-07-19 00:07:21,375] {logging_mixin.py:104} INFO - [2021-07-19 00:07:21,374] {dag.py:1833} INFO - Sync 1 DAGs
[2021-07-19 00:07:21,439] {logging_mixin.py:104} INFO - [2021-07-19 00:07:21,438] {dag.py:2306} INFO - Setting next_dagrun for example_trigger_target_dag to None
[2021-07-19 00:07:21,608] {scheduler_job.py:189} INFO - Processing /home/airflow/.local/lib/python3.6/site-packages/airflow/example_dags/example_trigger_target_dag.py took 0.390 seconds
[2021-07-19 00:07:51,684] {scheduler_job.py:181} INFO - Started process (PID=1396) to work on /home/airflow/.local/lib/python3.6/site-packages/airflow/example_dags/example_trigger_target_dag.py
[2021-07-19 00:07:51,687] {scheduler_job.py:632} INFO - Processing file /home/airflow/.local/lib/python3.6/site-packages/airflow/example_dags/example_trigger_target_dag.py for tasks to queue
[2021-07-19 00:07:51,688] {logging_mixin.py:104} INFO - [2021-07-19 00:07:51,688] {dagbag.py:496} INFO - Filling up the DagBag from /home/airflow/.local/lib/python3.6/site-packages/airflow/example_dags/example_trigger_target_dag.py
[2021-07-19 00:07:51,703] {scheduler_job.py:642} INFO - DAG(s) dict_keys(['example_trigger_target_dag']) retrieved from /home/airflow/.local/lib/python3.6/site-packages/airflow/example_dags/example_trigger_target_dag.py
[2021-07-19 00:07:51,729] {logging_mixin.py:104} INFO - [2021-07-19 00:07:51,729] {dag.py:1833} INFO - Sync 1 DAGs
[2021-07-19 00:07:51,747] {logging_mixin.py:104} INFO - [2021-07-19 00:07:51,747] {dag.py:2306} INFO - Setting next_dagrun for example_trigger_target_dag to None
[2021-07-19 00:07:51,812] {scheduler_job.py:189} INFO - Processing /home/airflow/.local/lib/python3.6/site-packages/airflow/example_dags/example_trigger_target_dag.py took 0.131 seconds
[2021-07-19 00:08:22,054] {scheduler_job.py:181} INFO - Started process (PID=1453) to work on /home/airflow/.local/lib/python3.6/site-packages/airflow/example_dags/example_trigger_target_dag.py
[2021-07-19 00:08:22,056] {scheduler_job.py:632} INFO - Processing file /home/airflow/.local/lib/python3.6/site-packages/airflow/example_dags/example_trigger_target_dag.py for tasks to queue
[2021-07-19 00:08:22,058] {logging_mixin.py:104} INFO - [2021-07-19 00:08:22,058] {dagbag.py:496} INFO - Filling up the DagBag from /home/airflow/.local/lib/python3.6/site-packages/airflow/example_dags/example_trigger_target_dag.py
[2021-07-19 00:08:22,081] {scheduler_job.py:642} INFO - DAG(s) dict_keys(['example_trigger_target_dag']) retrieved from /home/airflow/.local/lib/python3.6/site-packages/airflow/example_dags/example_trigger_target_dag.py
[2021-07-19 00:08:22,104] {logging_mixin.py:104} INFO - [2021-07-19 00:08:22,104] {dag.py:1833} INFO - Sync 1 DAGs
[2021-07-19 00:08:22,123] {logging_mixin.py:104} INFO - [2021-07-19 00:08:22,122] {dag.py:2306} INFO - Setting next_dagrun for example_trigger_target_dag to None
[2021-07-19 00:08:22,224] {scheduler_job.py:189} INFO - Processing /home/airflow/.local/lib/python3.6/site-packages/airflow/example_dags/example_trigger_target_dag.py took 0.177 seconds
[2021-07-19 00:08:52,508] {scheduler_job.py:181} INFO - Started process (PID=1509) to work on /home/airflow/.local/lib/python3.6/site-packages/airflow/example_dags/example_trigger_target_dag.py
[2021-07-19 00:08:52,511] {scheduler_job.py:632} INFO - Processing file /home/airflow/.local/lib/python3.6/site-packages/airflow/example_dags/example_trigger_target_dag.py for tasks to queue
[2021-07-19 00:08:52,512] {logging_mixin.py:104} INFO - [2021-07-19 00:08:52,512] {dagbag.py:496} INFO - Filling up the DagBag from /home/airflow/.local/lib/python3.6/site-packages/airflow/example_dags/example_trigger_target_dag.py
[2021-07-19 00:08:52,531] {scheduler_job.py:642} INFO - DAG(s) dict_keys(['example_trigger_target_dag']) retrieved from /home/airflow/.local/lib/python3.6/site-packages/airflow/example_dags/example_trigger_target_dag.py
[2021-07-19 00:08:52,559] {logging_mixin.py:104} INFO - [2021-07-19 00:08:52,559] {dag.py:1833} INFO - Sync 1 DAGs
[2021-07-19 00:08:52,576] {logging_mixin.py:104} INFO - [2021-07-19 00:08:52,576] {dag.py:2306} INFO - Setting next_dagrun for example_trigger_target_dag to None
[2021-07-19 00:08:52,799] {scheduler_job.py:189} INFO - Processing /home/airflow/.local/lib/python3.6/site-packages/airflow/example_dags/example_trigger_target_dag.py took 0.295 seconds
[2021-07-19 00:09:23,718] {scheduler_job.py:181} INFO - Started process (PID=1574) to work on /home/airflow/.local/lib/python3.6/site-packages/airflow/example_dags/example_trigger_target_dag.py
[2021-07-19 00:09:23,725] {scheduler_job.py:632} INFO - Processing file /home/airflow/.local/lib/python3.6/site-packages/airflow/example_dags/example_trigger_target_dag.py for tasks to queue
[2021-07-19 00:09:23,729] {logging_mixin.py:104} INFO - [2021-07-19 00:09:23,728] {dagbag.py:496} INFO - Filling up the DagBag from /home/airflow/.local/lib/python3.6/site-packages/airflow/example_dags/example_trigger_target_dag.py
[2021-07-19 00:09:23,783] {scheduler_job.py:642} INFO - DAG(s) dict_keys(['example_trigger_target_dag']) retrieved from /home/airflow/.local/lib/python3.6/site-packages/airflow/example_dags/example_trigger_target_dag.py
[2021-07-19 00:09:23,826] {logging_mixin.py:104} INFO - [2021-07-19 00:09:23,825] {dag.py:1833} INFO - Sync 1 DAGs
[2021-07-19 00:09:23,867] {logging_mixin.py:104} INFO - [2021-07-19 00:09:23,867] {dag.py:2306} INFO - Setting next_dagrun for example_trigger_target_dag to None
[2021-07-19 00:09:24,110] {scheduler_job.py:189} INFO - Processing /home/airflow/.local/lib/python3.6/site-packages/airflow/example_dags/example_trigger_target_dag.py took 0.414 seconds
[2021-07-19 00:09:54,821] {scheduler_job.py:181} INFO - Started process (PID=1631) to work on /home/airflow/.local/lib/python3.6/site-packages/airflow/example_dags/example_trigger_target_dag.py
[2021-07-19 00:09:54,823] {scheduler_job.py:632} INFO - Processing file /home/airflow/.local/lib/python3.6/site-packages/airflow/example_dags/example_trigger_target_dag.py for tasks to queue
[2021-07-19 00:09:54,825] {logging_mixin.py:104} INFO - [2021-07-19 00:09:54,825] {dagbag.py:496} INFO - Filling up the DagBag from /home/airflow/.local/lib/python3.6/site-packages/airflow/example_dags/example_trigger_target_dag.py
[2021-07-19 00:09:54,846] {scheduler_job.py:642} INFO - DAG(s) dict_keys(['example_trigger_target_dag']) retrieved from /home/airflow/.local/lib/python3.6/site-packages/airflow/example_dags/example_trigger_target_dag.py
[2021-07-19 00:09:54,875] {logging_mixin.py:104} INFO - [2021-07-19 00:09:54,875] {dag.py:1833} INFO - Sync 1 DAGs
[2021-07-19 00:09:54,894] {logging_mixin.py:104} INFO - [2021-07-19 00:09:54,894] {dag.py:2306} INFO - Setting next_dagrun for example_trigger_target_dag to None
[2021-07-19 00:09:55,046] {scheduler_job.py:189} INFO - Processing /home/airflow/.local/lib/python3.6/site-packages/airflow/example_dags/example_trigger_target_dag.py took 0.229 seconds
[2021-07-19 00:10:25,781] {scheduler_job.py:181} INFO - Started process (PID=1697) to work on /home/airflow/.local/lib/python3.6/site-packages/airflow/example_dags/example_trigger_target_dag.py
[2021-07-19 00:10:25,783] {scheduler_job.py:632} INFO - Processing file /home/airflow/.local/lib/python3.6/site-packages/airflow/example_dags/example_trigger_target_dag.py for tasks to queue
[2021-07-19 00:10:25,784] {logging_mixin.py:104} INFO - [2021-07-19 00:10:25,784] {dagbag.py:496} INFO - Filling up the DagBag from /home/airflow/.local/lib/python3.6/site-packages/airflow/example_dags/example_trigger_target_dag.py
[2021-07-19 00:10:25,805] {scheduler_job.py:642} INFO - DAG(s) dict_keys(['example_trigger_target_dag']) retrieved from /home/airflow/.local/lib/python3.6/site-packages/airflow/example_dags/example_trigger_target_dag.py
[2021-07-19 00:10:25,841] {logging_mixin.py:104} INFO - [2021-07-19 00:10:25,841] {dag.py:1833} INFO - Sync 1 DAGs
[2021-07-19 00:10:25,878] {logging_mixin.py:104} INFO - [2021-07-19 00:10:25,878] {dag.py:2306} INFO - Setting next_dagrun for example_trigger_target_dag to None
[2021-07-19 00:10:25,970] {scheduler_job.py:189} INFO - Processing /home/airflow/.local/lib/python3.6/site-packages/airflow/example_dags/example_trigger_target_dag.py took 0.194 seconds
[2021-07-19 00:10:57,822] {scheduler_job.py:181} INFO - Started process (PID=1754) to work on /home/airflow/.local/lib/python3.6/site-packages/airflow/example_dags/example_trigger_target_dag.py
[2021-07-19 00:10:57,832] {scheduler_job.py:632} INFO - Processing file /home/airflow/.local/lib/python3.6/site-packages/airflow/example_dags/example_trigger_target_dag.py for tasks to queue
[2021-07-19 00:10:57,837] {logging_mixin.py:104} INFO - [2021-07-19 00:10:57,836] {dagbag.py:496} INFO - Filling up the DagBag from /home/airflow/.local/lib/python3.6/site-packages/airflow/example_dags/example_trigger_target_dag.py
[2021-07-19 00:10:57,900] {scheduler_job.py:642} INFO - DAG(s) dict_keys(['example_trigger_target_dag']) retrieved from /home/airflow/.local/lib/python3.6/site-packages/airflow/example_dags/example_trigger_target_dag.py
[2021-07-19 00:10:57,927] {logging_mixin.py:104} INFO - [2021-07-19 00:10:57,927] {dag.py:1833} INFO - Sync 1 DAGs
[2021-07-19 00:10:57,945] {logging_mixin.py:104} INFO - [2021-07-19 00:10:57,945] {dag.py:2306} INFO - Setting next_dagrun for example_trigger_target_dag to None
[2021-07-19 00:10:58,092] {scheduler_job.py:189} INFO - Processing /home/airflow/.local/lib/python3.6/site-packages/airflow/example_dags/example_trigger_target_dag.py took 0.296 seconds
[2021-07-19 00:11:28,218] {scheduler_job.py:181} INFO - Started process (PID=1811) to work on /home/airflow/.local/lib/python3.6/site-packages/airflow/example_dags/example_trigger_target_dag.py
[2021-07-19 00:11:28,220] {scheduler_job.py:632} INFO - Processing file /home/airflow/.local/lib/python3.6/site-packages/airflow/example_dags/example_trigger_target_dag.py for tasks to queue
[2021-07-19 00:11:28,221] {logging_mixin.py:104} INFO - [2021-07-19 00:11:28,221] {dagbag.py:496} INFO - Filling up the DagBag from /home/airflow/.local/lib/python3.6/site-packages/airflow/example_dags/example_trigger_target_dag.py
[2021-07-19 00:11:28,238] {scheduler_job.py:642} INFO - DAG(s) dict_keys(['example_trigger_target_dag']) retrieved from /home/airflow/.local/lib/python3.6/site-packages/airflow/example_dags/example_trigger_target_dag.py
[2021-07-19 00:11:28,263] {logging_mixin.py:104} INFO - [2021-07-19 00:11:28,263] {dag.py:1833} INFO - Sync 1 DAGs
[2021-07-19 00:11:28,283] {logging_mixin.py:104} INFO - [2021-07-19 00:11:28,283] {dag.py:2306} INFO - Setting next_dagrun for example_trigger_target_dag to None
[2021-07-19 00:11:28,510] {scheduler_job.py:189} INFO - Processing /home/airflow/.local/lib/python3.6/site-packages/airflow/example_dags/example_trigger_target_dag.py took 0.295 seconds
[2021-07-19 00:11:58,880] {scheduler_job.py:181} INFO - Started process (PID=1870) to work on /home/airflow/.local/lib/python3.6/site-packages/airflow/example_dags/example_trigger_target_dag.py
[2021-07-19 00:11:58,882] {scheduler_job.py:632} INFO - Processing file /home/airflow/.local/lib/python3.6/site-packages/airflow/example_dags/example_trigger_target_dag.py for tasks to queue
[2021-07-19 00:11:58,883] {logging_mixin.py:104} INFO - [2021-07-19 00:11:58,883] {dagbag.py:496} INFO - Filling up the DagBag from /home/airflow/.local/lib/python3.6/site-packages/airflow/example_dags/example_trigger_target_dag.py
[2021-07-19 00:11:58,904] {scheduler_job.py:642} INFO - DAG(s) dict_keys(['example_trigger_target_dag']) retrieved from /home/airflow/.local/lib/python3.6/site-packages/airflow/example_dags/example_trigger_target_dag.py
[2021-07-19 00:11:58,932] {logging_mixin.py:104} INFO - [2021-07-19 00:11:58,932] {dag.py:1833} INFO - Sync 1 DAGs
[2021-07-19 00:11:58,954] {logging_mixin.py:104} INFO - [2021-07-19 00:11:58,954] {dag.py:2306} INFO - Setting next_dagrun for example_trigger_target_dag to None
[2021-07-19 00:11:59,061] {scheduler_job.py:189} INFO - Processing /home/airflow/.local/lib/python3.6/site-packages/airflow/example_dags/example_trigger_target_dag.py took 0.184 seconds
[2021-07-19 00:12:30,725] {scheduler_job.py:181} INFO - Started process (PID=1936) to work on /home/airflow/.local/lib/python3.6/site-packages/airflow/example_dags/example_trigger_target_dag.py
[2021-07-19 00:12:30,731] {scheduler_job.py:632} INFO - Processing file /home/airflow/.local/lib/python3.6/site-packages/airflow/example_dags/example_trigger_target_dag.py for tasks to queue
[2021-07-19 00:12:30,733] {logging_mixin.py:104} INFO - [2021-07-19 00:12:30,733] {dagbag.py:496} INFO - Filling up the DagBag from /home/airflow/.local/lib/python3.6/site-packages/airflow/example_dags/example_trigger_target_dag.py
[2021-07-19 00:12:30,773] {scheduler_job.py:642} INFO - DAG(s) dict_keys(['example_trigger_target_dag']) retrieved from /home/airflow/.local/lib/python3.6/site-packages/airflow/example_dags/example_trigger_target_dag.py
[2021-07-19 00:12:30,822] {logging_mixin.py:104} INFO - [2021-07-19 00:12:30,822] {dag.py:1833} INFO - Sync 1 DAGs
[2021-07-19 00:12:30,855] {logging_mixin.py:104} INFO - [2021-07-19 00:12:30,854] {dag.py:2306} INFO - Setting next_dagrun for example_trigger_target_dag to None
[2021-07-19 00:12:30,985] {scheduler_job.py:189} INFO - Processing /home/airflow/.local/lib/python3.6/site-packages/airflow/example_dags/example_trigger_target_dag.py took 0.265 seconds
[2021-07-19 00:13:01,726] {scheduler_job.py:181} INFO - Started process (PID=1994) to work on /home/airflow/.local/lib/python3.6/site-packages/airflow/example_dags/example_trigger_target_dag.py
[2021-07-19 00:13:01,728] {scheduler_job.py:632} INFO - Processing file /home/airflow/.local/lib/python3.6/site-packages/airflow/example_dags/example_trigger_target_dag.py for tasks to queue
[2021-07-19 00:13:01,731] {logging_mixin.py:104} INFO - [2021-07-19 00:13:01,729] {dagbag.py:496} INFO - Filling up the DagBag from /home/airflow/.local/lib/python3.6/site-packages/airflow/example_dags/example_trigger_target_dag.py
[2021-07-19 00:13:01,761] {scheduler_job.py:642} INFO - DAG(s) dict_keys(['example_trigger_target_dag']) retrieved from /home/airflow/.local/lib/python3.6/site-packages/airflow/example_dags/example_trigger_target_dag.py
[2021-07-19 00:13:01,811] {logging_mixin.py:104} INFO - [2021-07-19 00:13:01,811] {dag.py:1833} INFO - Sync 1 DAGs
[2021-07-19 00:13:01,844] {logging_mixin.py:104} INFO - [2021-07-19 00:13:01,844] {dag.py:2306} INFO - Setting next_dagrun for example_trigger_target_dag to None
[2021-07-19 00:13:02,225] {scheduler_job.py:189} INFO - Processing /home/airflow/.local/lib/python3.6/site-packages/airflow/example_dags/example_trigger_target_dag.py took 0.503 seconds
[2021-07-19 00:13:33,149] {scheduler_job.py:181} INFO - Started process (PID=2056) to work on /home/airflow/.local/lib/python3.6/site-packages/airflow/example_dags/example_trigger_target_dag.py
[2021-07-19 00:13:33,163] {scheduler_job.py:632} INFO - Processing file /home/airflow/.local/lib/python3.6/site-packages/airflow/example_dags/example_trigger_target_dag.py for tasks to queue
[2021-07-19 00:13:33,165] {logging_mixin.py:104} INFO - [2021-07-19 00:13:33,164] {dagbag.py:496} INFO - Filling up the DagBag from /home/airflow/.local/lib/python3.6/site-packages/airflow/example_dags/example_trigger_target_dag.py
[2021-07-19 00:13:33,196] {scheduler_job.py:642} INFO - DAG(s) dict_keys(['example_trigger_target_dag']) retrieved from /home/airflow/.local/lib/python3.6/site-packages/airflow/example_dags/example_trigger_target_dag.py
[2021-07-19 00:13:33,236] {logging_mixin.py:104} INFO - [2021-07-19 00:13:33,236] {dag.py:1833} INFO - Sync 1 DAGs
[2021-07-19 00:13:33,271] {logging_mixin.py:104} INFO - [2021-07-19 00:13:33,271] {dag.py:2306} INFO - Setting next_dagrun for example_trigger_target_dag to None
[2021-07-19 00:13:33,352] {scheduler_job.py:189} INFO - Processing /home/airflow/.local/lib/python3.6/site-packages/airflow/example_dags/example_trigger_target_dag.py took 0.208 seconds
[2021-07-19 00:14:09,133] {scheduler_job.py:181} INFO - Started process (PID=2124) to work on /home/airflow/.local/lib/python3.6/site-packages/airflow/example_dags/example_trigger_target_dag.py
[2021-07-19 00:14:09,136] {scheduler_job.py:632} INFO - Processing file /home/airflow/.local/lib/python3.6/site-packages/airflow/example_dags/example_trigger_target_dag.py for tasks to queue
[2021-07-19 00:14:09,138] {logging_mixin.py:104} INFO - [2021-07-19 00:14:09,138] {dagbag.py:496} INFO - Filling up the DagBag from /home/airflow/.local/lib/python3.6/site-packages/airflow/example_dags/example_trigger_target_dag.py
[2021-07-19 00:14:09,157] {scheduler_job.py:642} INFO - DAG(s) dict_keys(['example_trigger_target_dag']) retrieved from /home/airflow/.local/lib/python3.6/site-packages/airflow/example_dags/example_trigger_target_dag.py
[2021-07-19 00:14:09,197] {logging_mixin.py:104} INFO - [2021-07-19 00:14:09,197] {dag.py:1833} INFO - Sync 1 DAGs
[2021-07-19 00:14:09,218] {logging_mixin.py:104} INFO - [2021-07-19 00:14:09,218] {dag.py:2306} INFO - Setting next_dagrun for example_trigger_target_dag to None
[2021-07-19 00:14:09,384] {scheduler_job.py:189} INFO - Processing /home/airflow/.local/lib/python3.6/site-packages/airflow/example_dags/example_trigger_target_dag.py took 0.257 seconds
[2021-07-19 00:14:40,538] {scheduler_job.py:181} INFO - Started process (PID=2181) to work on /home/airflow/.local/lib/python3.6/site-packages/airflow/example_dags/example_trigger_target_dag.py
[2021-07-19 00:14:40,722] {scheduler_job.py:632} INFO - Processing file /home/airflow/.local/lib/python3.6/site-packages/airflow/example_dags/example_trigger_target_dag.py for tasks to queue
[2021-07-19 00:14:40,727] {logging_mixin.py:104} INFO - [2021-07-19 00:14:40,726] {dagbag.py:496} INFO - Filling up the DagBag from /home/airflow/.local/lib/python3.6/site-packages/airflow/example_dags/example_trigger_target_dag.py
[2021-07-19 00:14:40,762] {scheduler_job.py:642} INFO - DAG(s) dict_keys(['example_trigger_target_dag']) retrieved from /home/airflow/.local/lib/python3.6/site-packages/airflow/example_dags/example_trigger_target_dag.py
[2021-07-19 00:14:40,810] {logging_mixin.py:104} INFO - [2021-07-19 00:14:40,809] {dag.py:1833} INFO - Sync 1 DAGs
[2021-07-19 00:14:40,845] {logging_mixin.py:104} INFO - [2021-07-19 00:14:40,845] {dag.py:2306} INFO - Setting next_dagrun for example_trigger_target_dag to None
[2021-07-19 00:14:41,076] {scheduler_job.py:189} INFO - Processing /home/airflow/.local/lib/python3.6/site-packages/airflow/example_dags/example_trigger_target_dag.py took 0.542 seconds
[2021-07-19 00:15:11,523] {scheduler_job.py:181} INFO - Started process (PID=2238) to work on /home/airflow/.local/lib/python3.6/site-packages/airflow/example_dags/example_trigger_target_dag.py
[2021-07-19 00:15:11,525] {scheduler_job.py:632} INFO - Processing file /home/airflow/.local/lib/python3.6/site-packages/airflow/example_dags/example_trigger_target_dag.py for tasks to queue
[2021-07-19 00:15:11,526] {logging_mixin.py:104} INFO - [2021-07-19 00:15:11,526] {dagbag.py:496} INFO - Filling up the DagBag from /home/airflow/.local/lib/python3.6/site-packages/airflow/example_dags/example_trigger_target_dag.py
[2021-07-19 00:15:11,541] {scheduler_job.py:642} INFO - DAG(s) dict_keys(['example_trigger_target_dag']) retrieved from /home/airflow/.local/lib/python3.6/site-packages/airflow/example_dags/example_trigger_target_dag.py
[2021-07-19 00:15:11,565] {logging_mixin.py:104} INFO - [2021-07-19 00:15:11,565] {dag.py:1833} INFO - Sync 1 DAGs
[2021-07-19 00:15:11,584] {logging_mixin.py:104} INFO - [2021-07-19 00:15:11,583] {dag.py:2306} INFO - Setting next_dagrun for example_trigger_target_dag to None
[2021-07-19 00:15:11,639] {scheduler_job.py:189} INFO - Processing /home/airflow/.local/lib/python3.6/site-packages/airflow/example_dags/example_trigger_target_dag.py took 0.120 seconds
[2021-07-19 00:15:41,753] {scheduler_job.py:181} INFO - Started process (PID=2303) to work on /home/airflow/.local/lib/python3.6/site-packages/airflow/example_dags/example_trigger_target_dag.py
[2021-07-19 00:15:41,755] {scheduler_job.py:632} INFO - Processing file /home/airflow/.local/lib/python3.6/site-packages/airflow/example_dags/example_trigger_target_dag.py for tasks to queue
[2021-07-19 00:15:41,756] {logging_mixin.py:104} INFO - [2021-07-19 00:15:41,756] {dagbag.py:496} INFO - Filling up the DagBag from /home/airflow/.local/lib/python3.6/site-packages/airflow/example_dags/example_trigger_target_dag.py
[2021-07-19 00:15:41,771] {scheduler_job.py:642} INFO - DAG(s) dict_keys(['example_trigger_target_dag']) retrieved from /home/airflow/.local/lib/python3.6/site-packages/airflow/example_dags/example_trigger_target_dag.py
[2021-07-19 00:15:41,795] {logging_mixin.py:104} INFO - [2021-07-19 00:15:41,795] {dag.py:1833} INFO - Sync 1 DAGs
[2021-07-19 00:15:41,812] {logging_mixin.py:104} INFO - [2021-07-19 00:15:41,812] {dag.py:2306} INFO - Setting next_dagrun for example_trigger_target_dag to None
[2021-07-19 00:15:41,861] {scheduler_job.py:189} INFO - Processing /home/airflow/.local/lib/python3.6/site-packages/airflow/example_dags/example_trigger_target_dag.py took 0.111 seconds
[2021-07-19 00:16:11,919] {scheduler_job.py:181} INFO - Started process (PID=2360) to work on /home/airflow/.local/lib/python3.6/site-packages/airflow/example_dags/example_trigger_target_dag.py
[2021-07-19 00:16:11,921] {scheduler_job.py:632} INFO - Processing file /home/airflow/.local/lib/python3.6/site-packages/airflow/example_dags/example_trigger_target_dag.py for tasks to queue
[2021-07-19 00:16:11,922] {logging_mixin.py:104} INFO - [2021-07-19 00:16:11,922] {dagbag.py:496} INFO - Filling up the DagBag from /home/airflow/.local/lib/python3.6/site-packages/airflow/example_dags/example_trigger_target_dag.py
[2021-07-19 00:16:11,940] {scheduler_job.py:642} INFO - DAG(s) dict_keys(['example_trigger_target_dag']) retrieved from /home/airflow/.local/lib/python3.6/site-packages/airflow/example_dags/example_trigger_target_dag.py
[2021-07-19 00:16:11,967] {logging_mixin.py:104} INFO - [2021-07-19 00:16:11,967] {dag.py:1833} INFO - Sync 1 DAGs
[2021-07-19 00:16:11,987] {logging_mixin.py:104} INFO - [2021-07-19 00:16:11,986] {dag.py:2306} INFO - Setting next_dagrun for example_trigger_target_dag to None
[2021-07-19 00:16:12,036] {scheduler_job.py:189} INFO - Processing /home/airflow/.local/lib/python3.6/site-packages/airflow/example_dags/example_trigger_target_dag.py took 0.120 seconds
[2021-07-19 00:16:42,596] {scheduler_job.py:181} INFO - Started process (PID=2417) to work on /home/airflow/.local/lib/python3.6/site-packages/airflow/example_dags/example_trigger_target_dag.py
[2021-07-19 00:16:42,598] {scheduler_job.py:632} INFO - Processing file /home/airflow/.local/lib/python3.6/site-packages/airflow/example_dags/example_trigger_target_dag.py for tasks to queue
[2021-07-19 00:16:42,599] {logging_mixin.py:104} INFO - [2021-07-19 00:16:42,599] {dagbag.py:496} INFO - Filling up the DagBag from /home/airflow/.local/lib/python3.6/site-packages/airflow/example_dags/example_trigger_target_dag.py
[2021-07-19 00:16:42,618] {scheduler_job.py:642} INFO - DAG(s) dict_keys(['example_trigger_target_dag']) retrieved from /home/airflow/.local/lib/python3.6/site-packages/airflow/example_dags/example_trigger_target_dag.py
[2021-07-19 00:16:42,651] {logging_mixin.py:104} INFO - [2021-07-19 00:16:42,651] {dag.py:1833} INFO - Sync 1 DAGs
[2021-07-19 00:16:42,678] {logging_mixin.py:104} INFO - [2021-07-19 00:16:42,677] {dag.py:2306} INFO - Setting next_dagrun for example_trigger_target_dag to None
[2021-07-19 00:16:42,767] {scheduler_job.py:189} INFO - Processing /home/airflow/.local/lib/python3.6/site-packages/airflow/example_dags/example_trigger_target_dag.py took 0.176 seconds
[2021-07-19 00:17:14,796] {scheduler_job.py:181} INFO - Started process (PID=2486) to work on /home/airflow/.local/lib/python3.6/site-packages/airflow/example_dags/example_trigger_target_dag.py
[2021-07-19 00:17:14,798] {scheduler_job.py:632} INFO - Processing file /home/airflow/.local/lib/python3.6/site-packages/airflow/example_dags/example_trigger_target_dag.py for tasks to queue
[2021-07-19 00:17:14,799] {logging_mixin.py:104} INFO - [2021-07-19 00:17:14,799] {dagbag.py:496} INFO - Filling up the DagBag from /home/airflow/.local/lib/python3.6/site-packages/airflow/example_dags/example_trigger_target_dag.py
[2021-07-19 00:17:14,822] {scheduler_job.py:642} INFO - DAG(s) dict_keys(['example_trigger_target_dag']) retrieved from /home/airflow/.local/lib/python3.6/site-packages/airflow/example_dags/example_trigger_target_dag.py
[2021-07-19 00:17:14,854] {logging_mixin.py:104} INFO - [2021-07-19 00:17:14,854] {dag.py:1833} INFO - Sync 1 DAGs
[2021-07-19 00:17:14,876] {logging_mixin.py:104} INFO - [2021-07-19 00:17:14,875] {dag.py:2306} INFO - Setting next_dagrun for example_trigger_target_dag to None
[2021-07-19 00:17:15,067] {scheduler_job.py:189} INFO - Processing /home/airflow/.local/lib/python3.6/site-packages/airflow/example_dags/example_trigger_target_dag.py took 0.275 seconds
[2021-07-19 00:17:45,410] {scheduler_job.py:181} INFO - Started process (PID=2543) to work on /home/airflow/.local/lib/python3.6/site-packages/airflow/example_dags/example_trigger_target_dag.py
[2021-07-19 00:17:45,412] {scheduler_job.py:632} INFO - Processing file /home/airflow/.local/lib/python3.6/site-packages/airflow/example_dags/example_trigger_target_dag.py for tasks to queue
[2021-07-19 00:17:45,414] {logging_mixin.py:104} INFO - [2021-07-19 00:17:45,414] {dagbag.py:496} INFO - Filling up the DagBag from /home/airflow/.local/lib/python3.6/site-packages/airflow/example_dags/example_trigger_target_dag.py
[2021-07-19 00:17:45,435] {scheduler_job.py:642} INFO - DAG(s) dict_keys(['example_trigger_target_dag']) retrieved from /home/airflow/.local/lib/python3.6/site-packages/airflow/example_dags/example_trigger_target_dag.py
[2021-07-19 00:17:45,484] {logging_mixin.py:104} INFO - [2021-07-19 00:17:45,483] {dag.py:1833} INFO - Sync 1 DAGs
[2021-07-19 00:17:45,529] {logging_mixin.py:104} INFO - [2021-07-19 00:17:45,529] {dag.py:2306} INFO - Setting next_dagrun for example_trigger_target_dag to None
[2021-07-19 00:17:45,635] {scheduler_job.py:189} INFO - Processing /home/airflow/.local/lib/python3.6/site-packages/airflow/example_dags/example_trigger_target_dag.py took 0.230 seconds
[2021-07-19 00:18:16,386] {scheduler_job.py:181} INFO - Started process (PID=2599) to work on /home/airflow/.local/lib/python3.6/site-packages/airflow/example_dags/example_trigger_target_dag.py
[2021-07-19 00:18:16,419] {scheduler_job.py:632} INFO - Processing file /home/airflow/.local/lib/python3.6/site-packages/airflow/example_dags/example_trigger_target_dag.py for tasks to queue
[2021-07-19 00:18:16,422] {logging_mixin.py:104} INFO - [2021-07-19 00:18:16,421] {dagbag.py:496} INFO - Filling up the DagBag from /home/airflow/.local/lib/python3.6/site-packages/airflow/example_dags/example_trigger_target_dag.py
[2021-07-19 00:18:16,451] {scheduler_job.py:642} INFO - DAG(s) dict_keys(['example_trigger_target_dag']) retrieved from /home/airflow/.local/lib/python3.6/site-packages/airflow/example_dags/example_trigger_target_dag.py
[2021-07-19 00:18:16,483] {logging_mixin.py:104} INFO - [2021-07-19 00:18:16,483] {dag.py:1833} INFO - Sync 1 DAGs
[2021-07-19 00:18:16,504] {logging_mixin.py:104} INFO - [2021-07-19 00:18:16,504] {dag.py:2306} INFO - Setting next_dagrun for example_trigger_target_dag to None
[2021-07-19 00:18:16,894] {scheduler_job.py:189} INFO - Processing /home/airflow/.local/lib/python3.6/site-packages/airflow/example_dags/example_trigger_target_dag.py took 0.534 seconds
[2021-07-19 00:18:47,234] {scheduler_job.py:181} INFO - Started process (PID=2655) to work on /home/airflow/.local/lib/python3.6/site-packages/airflow/example_dags/example_trigger_target_dag.py
[2021-07-19 00:18:47,245] {scheduler_job.py:632} INFO - Processing file /home/airflow/.local/lib/python3.6/site-packages/airflow/example_dags/example_trigger_target_dag.py for tasks to queue
[2021-07-19 00:18:47,250] {logging_mixin.py:104} INFO - [2021-07-19 00:18:47,249] {dagbag.py:496} INFO - Filling up the DagBag from /home/airflow/.local/lib/python3.6/site-packages/airflow/example_dags/example_trigger_target_dag.py
[2021-07-19 00:18:47,289] {scheduler_job.py:642} INFO - DAG(s) dict_keys(['example_trigger_target_dag']) retrieved from /home/airflow/.local/lib/python3.6/site-packages/airflow/example_dags/example_trigger_target_dag.py
[2021-07-19 00:18:47,322] {logging_mixin.py:104} INFO - [2021-07-19 00:18:47,321] {dag.py:1833} INFO - Sync 1 DAGs
[2021-07-19 00:18:47,343] {logging_mixin.py:104} INFO - [2021-07-19 00:18:47,343] {dag.py:2306} INFO - Setting next_dagrun for example_trigger_target_dag to None
[2021-07-19 00:18:47,587] {scheduler_job.py:189} INFO - Processing /home/airflow/.local/lib/python3.6/site-packages/airflow/example_dags/example_trigger_target_dag.py took 0.369 seconds
[2021-07-19 00:19:17,897] {scheduler_job.py:181} INFO - Started process (PID=2709) to work on /home/airflow/.local/lib/python3.6/site-packages/airflow/example_dags/example_trigger_target_dag.py
[2021-07-19 00:19:17,903] {scheduler_job.py:632} INFO - Processing file /home/airflow/.local/lib/python3.6/site-packages/airflow/example_dags/example_trigger_target_dag.py for tasks to queue
[2021-07-19 00:19:17,906] {logging_mixin.py:104} INFO - [2021-07-19 00:19:17,906] {dagbag.py:496} INFO - Filling up the DagBag from /home/airflow/.local/lib/python3.6/site-packages/airflow/example_dags/example_trigger_target_dag.py
[2021-07-19 00:19:17,946] {scheduler_job.py:642} INFO - DAG(s) dict_keys(['example_trigger_target_dag']) retrieved from /home/airflow/.local/lib/python3.6/site-packages/airflow/example_dags/example_trigger_target_dag.py
[2021-07-19 00:19:17,974] {logging_mixin.py:104} INFO - [2021-07-19 00:19:17,974] {dag.py:1833} INFO - Sync 1 DAGs
[2021-07-19 00:19:17,997] {logging_mixin.py:104} INFO - [2021-07-19 00:19:17,997] {dag.py:2306} INFO - Setting next_dagrun for example_trigger_target_dag to None
[2021-07-19 00:19:18,254] {scheduler_job.py:189} INFO - Processing /home/airflow/.local/lib/python3.6/site-packages/airflow/example_dags/example_trigger_target_dag.py took 0.369 seconds
[2021-07-19 00:19:48,696] {scheduler_job.py:181} INFO - Started process (PID=2766) to work on /home/airflow/.local/lib/python3.6/site-packages/airflow/example_dags/example_trigger_target_dag.py
[2021-07-19 00:19:48,702] {scheduler_job.py:632} INFO - Processing file /home/airflow/.local/lib/python3.6/site-packages/airflow/example_dags/example_trigger_target_dag.py for tasks to queue
[2021-07-19 00:19:48,710] {logging_mixin.py:104} INFO - [2021-07-19 00:19:48,710] {dagbag.py:496} INFO - Filling up the DagBag from /home/airflow/.local/lib/python3.6/site-packages/airflow/example_dags/example_trigger_target_dag.py
[2021-07-19 00:19:48,776] {scheduler_job.py:642} INFO - DAG(s) dict_keys(['example_trigger_target_dag']) retrieved from /home/airflow/.local/lib/python3.6/site-packages/airflow/example_dags/example_trigger_target_dag.py
[2021-07-19 00:19:48,866] {logging_mixin.py:104} INFO - [2021-07-19 00:19:48,866] {dag.py:1833} INFO - Sync 1 DAGs
[2021-07-19 00:19:48,895] {logging_mixin.py:104} INFO - [2021-07-19 00:19:48,895] {dag.py:2306} INFO - Setting next_dagrun for example_trigger_target_dag to None
[2021-07-19 00:19:49,231] {scheduler_job.py:189} INFO - Processing /home/airflow/.local/lib/python3.6/site-packages/airflow/example_dags/example_trigger_target_dag.py took 0.546 seconds
[2021-07-19 00:20:20,757] {scheduler_job.py:181} INFO - Started process (PID=2835) to work on /home/airflow/.local/lib/python3.6/site-packages/airflow/example_dags/example_trigger_target_dag.py
[2021-07-19 00:20:20,759] {scheduler_job.py:632} INFO - Processing file /home/airflow/.local/lib/python3.6/site-packages/airflow/example_dags/example_trigger_target_dag.py for tasks to queue
[2021-07-19 00:20:20,760] {logging_mixin.py:104} INFO - [2021-07-19 00:20:20,760] {dagbag.py:496} INFO - Filling up the DagBag from /home/airflow/.local/lib/python3.6/site-packages/airflow/example_dags/example_trigger_target_dag.py
[2021-07-19 00:20:20,778] {scheduler_job.py:642} INFO - DAG(s) dict_keys(['example_trigger_target_dag']) retrieved from /home/airflow/.local/lib/python3.6/site-packages/airflow/example_dags/example_trigger_target_dag.py
[2021-07-19 00:20:20,804] {logging_mixin.py:104} INFO - [2021-07-19 00:20:20,804] {dag.py:1833} INFO - Sync 1 DAGs
[2021-07-19 00:20:20,823] {logging_mixin.py:104} INFO - [2021-07-19 00:20:20,822] {dag.py:2306} INFO - Setting next_dagrun for example_trigger_target_dag to None
[2021-07-19 00:20:21,318] {scheduler_job.py:189} INFO - Processing /home/airflow/.local/lib/python3.6/site-packages/airflow/example_dags/example_trigger_target_dag.py took 0.565 seconds
[2021-07-19 00:20:51,888] {scheduler_job.py:181} INFO - Started process (PID=2893) to work on /home/airflow/.local/lib/python3.6/site-packages/airflow/example_dags/example_trigger_target_dag.py
[2021-07-19 00:20:51,889] {scheduler_job.py:632} INFO - Processing file /home/airflow/.local/lib/python3.6/site-packages/airflow/example_dags/example_trigger_target_dag.py for tasks to queue
[2021-07-19 00:20:51,891] {logging_mixin.py:104} INFO - [2021-07-19 00:20:51,891] {dagbag.py:496} INFO - Filling up the DagBag from /home/airflow/.local/lib/python3.6/site-packages/airflow/example_dags/example_trigger_target_dag.py
[2021-07-19 00:20:51,914] {scheduler_job.py:642} INFO - DAG(s) dict_keys(['example_trigger_target_dag']) retrieved from /home/airflow/.local/lib/python3.6/site-packages/airflow/example_dags/example_trigger_target_dag.py
[2021-07-19 00:20:51,951] {logging_mixin.py:104} INFO - [2021-07-19 00:20:51,951] {dag.py:1833} INFO - Sync 1 DAGs
[2021-07-19 00:20:51,976] {logging_mixin.py:104} INFO - [2021-07-19 00:20:51,976] {dag.py:2306} INFO - Setting next_dagrun for example_trigger_target_dag to None
[2021-07-19 00:20:52,556] {scheduler_job.py:189} INFO - Processing /home/airflow/.local/lib/python3.6/site-packages/airflow/example_dags/example_trigger_target_dag.py took 0.672 seconds
[2021-07-19 00:21:24,466] {scheduler_job.py:181} INFO - Started process (PID=2949) to work on /home/airflow/.local/lib/python3.6/site-packages/airflow/example_dags/example_trigger_target_dag.py
[2021-07-19 00:21:24,473] {scheduler_job.py:632} INFO - Processing file /home/airflow/.local/lib/python3.6/site-packages/airflow/example_dags/example_trigger_target_dag.py for tasks to queue
[2021-07-19 00:21:24,476] {logging_mixin.py:104} INFO - [2021-07-19 00:21:24,476] {dagbag.py:496} INFO - Filling up the DagBag from /home/airflow/.local/lib/python3.6/site-packages/airflow/example_dags/example_trigger_target_dag.py
[2021-07-19 00:21:24,530] {scheduler_job.py:642} INFO - DAG(s) dict_keys(['example_trigger_target_dag']) retrieved from /home/airflow/.local/lib/python3.6/site-packages/airflow/example_dags/example_trigger_target_dag.py
[2021-07-19 00:21:24,621] {logging_mixin.py:104} INFO - [2021-07-19 00:21:24,620] {dag.py:1833} INFO - Sync 1 DAGs
[2021-07-19 00:21:24,655] {logging_mixin.py:104} INFO - [2021-07-19 00:21:24,654] {dag.py:2306} INFO - Setting next_dagrun for example_trigger_target_dag to None
[2021-07-19 00:21:25,246] {scheduler_job.py:189} INFO - Processing /home/airflow/.local/lib/python3.6/site-packages/airflow/example_dags/example_trigger_target_dag.py took 0.799 seconds
[2021-07-19 00:21:55,416] {scheduler_job.py:181} INFO - Started process (PID=3005) to work on /home/airflow/.local/lib/python3.6/site-packages/airflow/example_dags/example_trigger_target_dag.py
[2021-07-19 00:21:55,423] {scheduler_job.py:632} INFO - Processing file /home/airflow/.local/lib/python3.6/site-packages/airflow/example_dags/example_trigger_target_dag.py for tasks to queue
[2021-07-19 00:21:55,427] {logging_mixin.py:104} INFO - [2021-07-19 00:21:55,426] {dagbag.py:496} INFO - Filling up the DagBag from /home/airflow/.local/lib/python3.6/site-packages/airflow/example_dags/example_trigger_target_dag.py
[2021-07-19 00:21:55,483] {scheduler_job.py:642} INFO - DAG(s) dict_keys(['example_trigger_target_dag']) retrieved from /home/airflow/.local/lib/python3.6/site-packages/airflow/example_dags/example_trigger_target_dag.py
[2021-07-19 00:21:55,523] {logging_mixin.py:104} INFO - [2021-07-19 00:21:55,523] {dag.py:1833} INFO - Sync 1 DAGs
[2021-07-19 00:21:55,554] {logging_mixin.py:104} INFO - [2021-07-19 00:21:55,554] {dag.py:2306} INFO - Setting next_dagrun for example_trigger_target_dag to None
[2021-07-19 00:21:56,249] {scheduler_job.py:189} INFO - Processing /home/airflow/.local/lib/python3.6/site-packages/airflow/example_dags/example_trigger_target_dag.py took 0.860 seconds
[2021-07-19 00:22:26,755] {scheduler_job.py:181} INFO - Started process (PID=3072) to work on /home/airflow/.local/lib/python3.6/site-packages/airflow/example_dags/example_trigger_target_dag.py
[2021-07-19 00:22:26,757] {scheduler_job.py:632} INFO - Processing file /home/airflow/.local/lib/python3.6/site-packages/airflow/example_dags/example_trigger_target_dag.py for tasks to queue
[2021-07-19 00:22:26,759] {logging_mixin.py:104} INFO - [2021-07-19 00:22:26,758] {dagbag.py:496} INFO - Filling up the DagBag from /home/airflow/.local/lib/python3.6/site-packages/airflow/example_dags/example_trigger_target_dag.py
[2021-07-19 00:22:26,776] {scheduler_job.py:642} INFO - DAG(s) dict_keys(['example_trigger_target_dag']) retrieved from /home/airflow/.local/lib/python3.6/site-packages/airflow/example_dags/example_trigger_target_dag.py
[2021-07-19 00:22:26,801] {logging_mixin.py:104} INFO - [2021-07-19 00:22:26,801] {dag.py:1833} INFO - Sync 1 DAGs
[2021-07-19 00:22:26,819] {logging_mixin.py:104} INFO - [2021-07-19 00:22:26,819] {dag.py:2306} INFO - Setting next_dagrun for example_trigger_target_dag to None
[2021-07-19 00:22:26,982] {scheduler_job.py:189} INFO - Processing /home/airflow/.local/lib/python3.6/site-packages/airflow/example_dags/example_trigger_target_dag.py took 0.232 seconds
[2021-07-19 00:22:58,369] {scheduler_job.py:181} INFO - Started process (PID=3129) to work on /home/airflow/.local/lib/python3.6/site-packages/airflow/example_dags/example_trigger_target_dag.py
[2021-07-19 00:22:58,371] {scheduler_job.py:632} INFO - Processing file /home/airflow/.local/lib/python3.6/site-packages/airflow/example_dags/example_trigger_target_dag.py for tasks to queue
[2021-07-19 00:22:58,372] {logging_mixin.py:104} INFO - [2021-07-19 00:22:58,372] {dagbag.py:496} INFO - Filling up the DagBag from /home/airflow/.local/lib/python3.6/site-packages/airflow/example_dags/example_trigger_target_dag.py
[2021-07-19 00:22:58,396] {scheduler_job.py:642} INFO - DAG(s) dict_keys(['example_trigger_target_dag']) retrieved from /home/airflow/.local/lib/python3.6/site-packages/airflow/example_dags/example_trigger_target_dag.py
[2021-07-19 00:22:58,422] {logging_mixin.py:104} INFO - [2021-07-19 00:22:58,422] {dag.py:1833} INFO - Sync 1 DAGs
[2021-07-19 00:22:58,441] {logging_mixin.py:104} INFO - [2021-07-19 00:22:58,441] {dag.py:2306} INFO - Setting next_dagrun for example_trigger_target_dag to None
[2021-07-19 00:22:58,662] {scheduler_job.py:189} INFO - Processing /home/airflow/.local/lib/python3.6/site-packages/airflow/example_dags/example_trigger_target_dag.py took 0.299 seconds
[2021-07-19 00:23:32,175] {scheduler_job.py:181} INFO - Started process (PID=3187) to work on /home/airflow/.local/lib/python3.6/site-packages/airflow/example_dags/example_trigger_target_dag.py
[2021-07-19 00:23:32,179] {scheduler_job.py:632} INFO - Processing file /home/airflow/.local/lib/python3.6/site-packages/airflow/example_dags/example_trigger_target_dag.py for tasks to queue
[2021-07-19 00:23:32,180] {logging_mixin.py:104} INFO - [2021-07-19 00:23:32,180] {dagbag.py:496} INFO - Filling up the DagBag from /home/airflow/.local/lib/python3.6/site-packages/airflow/example_dags/example_trigger_target_dag.py
[2021-07-19 00:23:32,203] {scheduler_job.py:642} INFO - DAG(s) dict_keys(['example_trigger_target_dag']) retrieved from /home/airflow/.local/lib/python3.6/site-packages/airflow/example_dags/example_trigger_target_dag.py
[2021-07-19 00:23:32,233] {logging_mixin.py:104} INFO - [2021-07-19 00:23:32,233] {dag.py:1833} INFO - Sync 1 DAGs
[2021-07-19 00:23:32,256] {logging_mixin.py:104} INFO - [2021-07-19 00:23:32,256] {dag.py:2306} INFO - Setting next_dagrun for example_trigger_target_dag to None
[2021-07-19 00:23:33,332] {scheduler_job.py:189} INFO - Processing /home/airflow/.local/lib/python3.6/site-packages/airflow/example_dags/example_trigger_target_dag.py took 1.162 seconds
                                                                                                                                                                                                                                                                                                                                                                                                                                                                                                                                                                                                                                                                                                                                                                                                                                                                                                                                                                                                                                                                                                                                                                                                                                                                                                                                                                                                                                                                                                                                                                                                                                                                                                                                                                                                                                                                                                                                                                                                                                                                                                                                                                                                                                                                                                                                                                                                                                                                                                                                                                                                                                                                                                                                                                                                                                                                                                                                                                                                                                                                                                                                                                                                                                                                                                                                                                                                                                                                                                                                                                                                                                                                                                                                                                                                                                                                                                                                                                                                                                                                                                                                                                                                                                                                                                                                                                                                                                                                                                                                                                                                                                                                                                                                                                                                                                                                                                                                                                                                                                                                                                                                                                                                                                                                                                                                                                                                                                                                                                                                                                                                                                                                                                                                                                                                                                                                                                                                                                                                                                                                                                                                                                                                                                                                                                                                                                                                                                                                                                                                                                                                                                                                                                                                                                    