[2021-07-19 00:00:07,646] {scheduler_job.py:181} INFO - Started process (PID=475) to work on /home/airflow/.local/lib/python3.6/site-packages/airflow/example_dags/example_python_operator.py
[2021-07-19 00:00:07,660] {scheduler_job.py:632} INFO - Processing file /home/airflow/.local/lib/python3.6/site-packages/airflow/example_dags/example_python_operator.py for tasks to queue
[2021-07-19 00:00:07,662] {logging_mixin.py:104} INFO - [2021-07-19 00:00:07,662] {dagbag.py:496} INFO - Filling up the DagBag from /home/airflow/.local/lib/python3.6/site-packages/airflow/example_dags/example_python_operator.py
[2021-07-19 00:00:07,705] {scheduler_job.py:642} INFO - DAG(s) dict_keys(['example_python_operator']) retrieved from /home/airflow/.local/lib/python3.6/site-packages/airflow/example_dags/example_python_operator.py
[2021-07-19 00:00:08,424] {logging_mixin.py:104} INFO - [2021-07-19 00:00:08,424] {dag.py:1833} INFO - Sync 1 DAGs
[2021-07-19 00:00:08,469] {logging_mixin.py:104} INFO - [2021-07-19 00:00:08,466] {dag.py:2306} INFO - Setting next_dagrun for example_python_operator to None
[2021-07-19 00:00:08,558] {scheduler_job.py:189} INFO - Processing /home/airflow/.local/lib/python3.6/site-packages/airflow/example_dags/example_python_operator.py took 0.916 seconds
[2021-07-19 00:00:38,855] {scheduler_job.py:181} INFO - Started process (PID=532) to work on /home/airflow/.local/lib/python3.6/site-packages/airflow/example_dags/example_python_operator.py
[2021-07-19 00:00:38,857] {scheduler_job.py:632} INFO - Processing file /home/airflow/.local/lib/python3.6/site-packages/airflow/example_dags/example_python_operator.py for tasks to queue
[2021-07-19 00:00:38,860] {logging_mixin.py:104} INFO - [2021-07-19 00:00:38,860] {dagbag.py:496} INFO - Filling up the DagBag from /home/airflow/.local/lib/python3.6/site-packages/airflow/example_dags/example_python_operator.py
[2021-07-19 00:00:38,883] {scheduler_job.py:642} INFO - DAG(s) dict_keys(['example_python_operator']) retrieved from /home/airflow/.local/lib/python3.6/site-packages/airflow/example_dags/example_python_operator.py
[2021-07-19 00:00:38,912] {logging_mixin.py:104} INFO - [2021-07-19 00:00:38,912] {dag.py:1833} INFO - Sync 1 DAGs
[2021-07-19 00:00:38,936] {logging_mixin.py:104} INFO - [2021-07-19 00:00:38,936] {dag.py:2306} INFO - Setting next_dagrun for example_python_operator to None
[2021-07-19 00:00:38,989] {scheduler_job.py:189} INFO - Processing /home/airflow/.local/lib/python3.6/site-packages/airflow/example_dags/example_python_operator.py took 0.139 seconds
[2021-07-19 00:01:09,558] {scheduler_job.py:181} INFO - Started process (PID=600) to work on /home/airflow/.local/lib/python3.6/site-packages/airflow/example_dags/example_python_operator.py
[2021-07-19 00:01:09,560] {scheduler_job.py:632} INFO - Processing file /home/airflow/.local/lib/python3.6/site-packages/airflow/example_dags/example_python_operator.py for tasks to queue
[2021-07-19 00:01:09,562] {logging_mixin.py:104} INFO - [2021-07-19 00:01:09,561] {dagbag.py:496} INFO - Filling up the DagBag from /home/airflow/.local/lib/python3.6/site-packages/airflow/example_dags/example_python_operator.py
[2021-07-19 00:01:09,584] {scheduler_job.py:642} INFO - DAG(s) dict_keys(['example_python_operator']) retrieved from /home/airflow/.local/lib/python3.6/site-packages/airflow/example_dags/example_python_operator.py
[2021-07-19 00:01:09,620] {logging_mixin.py:104} INFO - [2021-07-19 00:01:09,619] {dag.py:1833} INFO - Sync 1 DAGs
[2021-07-19 00:01:09,642] {logging_mixin.py:104} INFO - [2021-07-19 00:01:09,642] {dag.py:2306} INFO - Setting next_dagrun for example_python_operator to None
[2021-07-19 00:01:09,704] {scheduler_job.py:189} INFO - Processing /home/airflow/.local/lib/python3.6/site-packages/airflow/example_dags/example_python_operator.py took 0.149 seconds
[2021-07-19 00:01:40,723] {scheduler_job.py:181} INFO - Started process (PID=657) to work on /home/airflow/.local/lib/python3.6/site-packages/airflow/example_dags/example_python_operator.py
[2021-07-19 00:01:40,726] {scheduler_job.py:632} INFO - Processing file /home/airflow/.local/lib/python3.6/site-packages/airflow/example_dags/example_python_operator.py for tasks to queue
[2021-07-19 00:01:40,727] {logging_mixin.py:104} INFO - [2021-07-19 00:01:40,727] {dagbag.py:496} INFO - Filling up the DagBag from /home/airflow/.local/lib/python3.6/site-packages/airflow/example_dags/example_python_operator.py
[2021-07-19 00:01:40,742] {scheduler_job.py:642} INFO - DAG(s) dict_keys(['example_python_operator']) retrieved from /home/airflow/.local/lib/python3.6/site-packages/airflow/example_dags/example_python_operator.py
[2021-07-19 00:01:40,772] {logging_mixin.py:104} INFO - [2021-07-19 00:01:40,771] {dag.py:1833} INFO - Sync 1 DAGs
[2021-07-19 00:01:40,791] {logging_mixin.py:104} INFO - [2021-07-19 00:01:40,790] {dag.py:2306} INFO - Setting next_dagrun for example_python_operator to None
[2021-07-19 00:01:40,837] {scheduler_job.py:189} INFO - Processing /home/airflow/.local/lib/python3.6/site-packages/airflow/example_dags/example_python_operator.py took 0.118 seconds
[2021-07-19 00:02:10,931] {scheduler_job.py:181} INFO - Started process (PID=713) to work on /home/airflow/.local/lib/python3.6/site-packages/airflow/example_dags/example_python_operator.py
[2021-07-19 00:02:10,933] {scheduler_job.py:632} INFO - Processing file /home/airflow/.local/lib/python3.6/site-packages/airflow/example_dags/example_python_operator.py for tasks to queue
[2021-07-19 00:02:10,934] {logging_mixin.py:104} INFO - [2021-07-19 00:02:10,934] {dagbag.py:496} INFO - Filling up the DagBag from /home/airflow/.local/lib/python3.6/site-packages/airflow/example_dags/example_python_operator.py
[2021-07-19 00:02:10,949] {scheduler_job.py:642} INFO - DAG(s) dict_keys(['example_python_operator']) retrieved from /home/airflow/.local/lib/python3.6/site-packages/airflow/example_dags/example_python_operator.py
[2021-07-19 00:02:10,974] {logging_mixin.py:104} INFO - [2021-07-19 00:02:10,974] {dag.py:1833} INFO - Sync 1 DAGs
[2021-07-19 00:02:10,993] {logging_mixin.py:104} INFO - [2021-07-19 00:02:10,993] {dag.py:2306} INFO - Setting next_dagrun for example_python_operator to None
[2021-07-19 00:02:11,058] {scheduler_job.py:189} INFO - Processing /home/airflow/.local/lib/python3.6/site-packages/airflow/example_dags/example_python_operator.py took 0.131 seconds
[2021-07-19 00:02:41,626] {scheduler_job.py:181} INFO - Started process (PID=783) to work on /home/airflow/.local/lib/python3.6/site-packages/airflow/example_dags/example_python_operator.py
[2021-07-19 00:02:41,629] {scheduler_job.py:632} INFO - Processing file /home/airflow/.local/lib/python3.6/site-packages/airflow/example_dags/example_python_operator.py for tasks to queue
[2021-07-19 00:02:41,630] {logging_mixin.py:104} INFO - [2021-07-19 00:02:41,630] {dagbag.py:496} INFO - Filling up the DagBag from /home/airflow/.local/lib/python3.6/site-packages/airflow/example_dags/example_python_operator.py
[2021-07-19 00:02:41,650] {scheduler_job.py:642} INFO - DAG(s) dict_keys(['example_python_operator']) retrieved from /home/airflow/.local/lib/python3.6/site-packages/airflow/example_dags/example_python_operator.py
[2021-07-19 00:02:41,684] {logging_mixin.py:104} INFO - [2021-07-19 00:02:41,684] {dag.py:1833} INFO - Sync 1 DAGs
[2021-07-19 00:02:41,709] {logging_mixin.py:104} INFO - [2021-07-19 00:02:41,709] {dag.py:2306} INFO - Setting next_dagrun for example_python_operator to None
[2021-07-19 00:02:41,808] {scheduler_job.py:189} INFO - Processing /home/airflow/.local/lib/python3.6/site-packages/airflow/example_dags/example_python_operator.py took 0.187 seconds
[2021-07-19 00:03:11,898] {scheduler_job.py:181} INFO - Started process (PID=836) to work on /home/airflow/.local/lib/python3.6/site-packages/airflow/example_dags/example_python_operator.py
[2021-07-19 00:03:11,900] {scheduler_job.py:632} INFO - Processing file /home/airflow/.local/lib/python3.6/site-packages/airflow/example_dags/example_python_operator.py for tasks to queue
[2021-07-19 00:03:11,901] {logging_mixin.py:104} INFO - [2021-07-19 00:03:11,901] {dagbag.py:496} INFO - Filling up the DagBag from /home/airflow/.local/lib/python3.6/site-packages/airflow/example_dags/example_python_operator.py
[2021-07-19 00:03:11,926] {scheduler_job.py:642} INFO - DAG(s) dict_keys(['example_python_operator']) retrieved from /home/airflow/.local/lib/python3.6/site-packages/airflow/example_dags/example_python_operator.py
[2021-07-19 00:03:11,981] {logging_mixin.py:104} INFO - [2021-07-19 00:03:11,981] {dag.py:1833} INFO - Sync 1 DAGs
[2021-07-19 00:03:12,016] {logging_mixin.py:104} INFO - [2021-07-19 00:03:12,015] {dag.py:2306} INFO - Setting next_dagrun for example_python_operator to None
[2021-07-19 00:03:12,099] {scheduler_job.py:189} INFO - Processing /home/airflow/.local/lib/python3.6/site-packages/airflow/example_dags/example_python_operator.py took 0.206 seconds
[2021-07-19 00:03:42,460] {scheduler_job.py:181} INFO - Started process (PID=890) to work on /home/airflow/.local/lib/python3.6/site-packages/airflow/example_dags/example_python_operator.py
[2021-07-19 00:03:42,462] {scheduler_job.py:632} INFO - Processing file /home/airflow/.local/lib/python3.6/site-packages/airflow/example_dags/example_python_operator.py for tasks to queue
[2021-07-19 00:03:42,464] {logging_mixin.py:104} INFO - [2021-07-19 00:03:42,463] {dagbag.py:496} INFO - Filling up the DagBag from /home/airflow/.local/lib/python3.6/site-packages/airflow/example_dags/example_python_operator.py
[2021-07-19 00:03:42,478] {scheduler_job.py:642} INFO - DAG(s) dict_keys(['example_python_operator']) retrieved from /home/airflow/.local/lib/python3.6/site-packages/airflow/example_dags/example_python_operator.py
[2021-07-19 00:03:42,503] {logging_mixin.py:104} INFO - [2021-07-19 00:03:42,502] {dag.py:1833} INFO - Sync 1 DAGs
[2021-07-19 00:03:42,522] {logging_mixin.py:104} INFO - [2021-07-19 00:03:42,522] {dag.py:2306} INFO - Setting next_dagrun for example_python_operator to None
[2021-07-19 00:03:42,572] {scheduler_job.py:189} INFO - Processing /home/airflow/.local/lib/python3.6/site-packages/airflow/example_dags/example_python_operator.py took 0.116 seconds
[2021-07-19 00:04:13,225] {scheduler_job.py:181} INFO - Started process (PID=957) to work on /home/airflow/.local/lib/python3.6/site-packages/airflow/example_dags/example_python_operator.py
[2021-07-19 00:04:13,227] {scheduler_job.py:632} INFO - Processing file /home/airflow/.local/lib/python3.6/site-packages/airflow/example_dags/example_python_operator.py for tasks to queue
[2021-07-19 00:04:13,228] {logging_mixin.py:104} INFO - [2021-07-19 00:04:13,228] {dagbag.py:496} INFO - Filling up the DagBag from /home/airflow/.local/lib/python3.6/site-packages/airflow/example_dags/example_python_operator.py
[2021-07-19 00:04:13,244] {scheduler_job.py:642} INFO - DAG(s) dict_keys(['example_python_operator']) retrieved from /home/airflow/.local/lib/python3.6/site-packages/airflow/example_dags/example_python_operator.py
[2021-07-19 00:04:13,273] {logging_mixin.py:104} INFO - [2021-07-19 00:04:13,272] {dag.py:1833} INFO - Sync 1 DAGs
[2021-07-19 00:04:13,293] {logging_mixin.py:104} INFO - [2021-07-19 00:04:13,293] {dag.py:2306} INFO - Setting next_dagrun for example_python_operator to None
[2021-07-19 00:04:13,342] {scheduler_job.py:189} INFO - Processing /home/airflow/.local/lib/python3.6/site-packages/airflow/example_dags/example_python_operator.py took 0.121 seconds
[2021-07-19 00:04:43,904] {scheduler_job.py:181} INFO - Started process (PID=1014) to work on /home/airflow/.local/lib/python3.6/site-packages/airflow/example_dags/example_python_operator.py
[2021-07-19 00:04:43,906] {scheduler_job.py:632} INFO - Processing file /home/airflow/.local/lib/python3.6/site-packages/airflow/example_dags/example_python_operator.py for tasks to queue
[2021-07-19 00:04:43,907] {logging_mixin.py:104} INFO - [2021-07-19 00:04:43,907] {dagbag.py:496} INFO - Filling up the DagBag from /home/airflow/.local/lib/python3.6/site-packages/airflow/example_dags/example_python_operator.py
[2021-07-19 00:04:43,921] {scheduler_job.py:642} INFO - DAG(s) dict_keys(['example_python_operator']) retrieved from /home/airflow/.local/lib/python3.6/site-packages/airflow/example_dags/example_python_operator.py
[2021-07-19 00:04:43,952] {logging_mixin.py:104} INFO - [2021-07-19 00:04:43,951] {dag.py:1833} INFO - Sync 1 DAGs
[2021-07-19 00:04:43,975] {logging_mixin.py:104} INFO - [2021-07-19 00:04:43,975] {dag.py:2306} INFO - Setting next_dagrun for example_python_operator to None
[2021-07-19 00:04:44,054] {scheduler_job.py:189} INFO - Processing /home/airflow/.local/lib/python3.6/site-packages/airflow/example_dags/example_python_operator.py took 0.153 seconds
[2021-07-19 00:05:14,449] {scheduler_job.py:181} INFO - Started process (PID=1077) to work on /home/airflow/.local/lib/python3.6/site-packages/airflow/example_dags/example_python_operator.py
[2021-07-19 00:05:14,452] {scheduler_job.py:632} INFO - Processing file /home/airflow/.local/lib/python3.6/site-packages/airflow/example_dags/example_python_operator.py for tasks to queue
[2021-07-19 00:05:14,453] {logging_mixin.py:104} INFO - [2021-07-19 00:05:14,453] {dagbag.py:496} INFO - Filling up the DagBag from /home/airflow/.local/lib/python3.6/site-packages/airflow/example_dags/example_python_operator.py
[2021-07-19 00:05:14,476] {scheduler_job.py:642} INFO - DAG(s) dict_keys(['example_python_operator']) retrieved from /home/airflow/.local/lib/python3.6/site-packages/airflow/example_dags/example_python_operator.py
[2021-07-19 00:05:14,505] {logging_mixin.py:104} INFO - [2021-07-19 00:05:14,505] {dag.py:1833} INFO - Sync 1 DAGs
[2021-07-19 00:05:14,544] {logging_mixin.py:104} INFO - [2021-07-19 00:05:14,544] {dag.py:2306} INFO - Setting next_dagrun for example_python_operator to None
[2021-07-19 00:05:14,594] {scheduler_job.py:189} INFO - Processing /home/airflow/.local/lib/python3.6/site-packages/airflow/example_dags/example_python_operator.py took 0.157 seconds
[2021-07-19 00:05:44,759] {scheduler_job.py:181} INFO - Started process (PID=1136) to work on /home/airflow/.local/lib/python3.6/site-packages/airflow/example_dags/example_python_operator.py
[2021-07-19 00:05:44,772] {scheduler_job.py:632} INFO - Processing file /home/airflow/.local/lib/python3.6/site-packages/airflow/example_dags/example_python_operator.py for tasks to queue
[2021-07-19 00:05:44,773] {logging_mixin.py:104} INFO - [2021-07-19 00:05:44,773] {dagbag.py:496} INFO - Filling up the DagBag from /home/airflow/.local/lib/python3.6/site-packages/airflow/example_dags/example_python_operator.py
[2021-07-19 00:05:44,803] {scheduler_job.py:642} INFO - DAG(s) dict_keys(['example_python_operator']) retrieved from /home/airflow/.local/lib/python3.6/site-packages/airflow/example_dags/example_python_operator.py
[2021-07-19 00:05:44,833] {logging_mixin.py:104} INFO - [2021-07-19 00:05:44,832] {dag.py:1833} INFO - Sync 1 DAGs
[2021-07-19 00:05:44,858] {logging_mixin.py:104} INFO - [2021-07-19 00:05:44,858] {dag.py:2306} INFO - Setting next_dagrun for example_python_operator to None
[2021-07-19 00:05:44,906] {scheduler_job.py:189} INFO - Processing /home/airflow/.local/lib/python3.6/site-packages/airflow/example_dags/example_python_operator.py took 0.152 seconds
[2021-07-19 00:06:15,120] {scheduler_job.py:181} INFO - Started process (PID=1192) to work on /home/airflow/.local/lib/python3.6/site-packages/airflow/example_dags/example_python_operator.py
[2021-07-19 00:06:15,123] {scheduler_job.py:632} INFO - Processing file /home/airflow/.local/lib/python3.6/site-packages/airflow/example_dags/example_python_operator.py for tasks to queue
[2021-07-19 00:06:15,125] {logging_mixin.py:104} INFO - [2021-07-19 00:06:15,124] {dagbag.py:496} INFO - Filling up the DagBag from /home/airflow/.local/lib/python3.6/site-packages/airflow/example_dags/example_python_operator.py
[2021-07-19 00:06:15,140] {scheduler_job.py:642} INFO - DAG(s) dict_keys(['example_python_operator']) retrieved from /home/airflow/.local/lib/python3.6/site-packages/airflow/example_dags/example_python_operator.py
[2021-07-19 00:06:15,165] {logging_mixin.py:104} INFO - [2021-07-19 00:06:15,165] {dag.py:1833} INFO - Sync 1 DAGs
[2021-07-19 00:06:15,182] {logging_mixin.py:104} INFO - [2021-07-19 00:06:15,181] {dag.py:2306} INFO - Setting next_dagrun for example_python_operator to None
[2021-07-19 00:06:15,237] {scheduler_job.py:189} INFO - Processing /home/airflow/.local/lib/python3.6/site-packages/airflow/example_dags/example_python_operator.py took 0.124 seconds
[2021-07-19 00:06:45,279] {scheduler_job.py:181} INFO - Started process (PID=1260) to work on /home/airflow/.local/lib/python3.6/site-packages/airflow/example_dags/example_python_operator.py
[2021-07-19 00:06:45,281] {scheduler_job.py:632} INFO - Processing file /home/airflow/.local/lib/python3.6/site-packages/airflow/example_dags/example_python_operator.py for tasks to queue
[2021-07-19 00:06:45,282] {logging_mixin.py:104} INFO - [2021-07-19 00:06:45,282] {dagbag.py:496} INFO - Filling up the DagBag from /home/airflow/.local/lib/python3.6/site-packages/airflow/example_dags/example_python_operator.py
[2021-07-19 00:06:45,297] {scheduler_job.py:642} INFO - DAG(s) dict_keys(['example_python_operator']) retrieved from /home/airflow/.local/lib/python3.6/site-packages/airflow/example_dags/example_python_operator.py
[2021-07-19 00:06:45,328] {logging_mixin.py:104} INFO - [2021-07-19 00:06:45,328] {dag.py:1833} INFO - Sync 1 DAGs
[2021-07-19 00:06:45,347] {logging_mixin.py:104} INFO - [2021-07-19 00:06:45,347] {dag.py:2306} INFO - Setting next_dagrun for example_python_operator to None
[2021-07-19 00:06:45,454] {scheduler_job.py:189} INFO - Processing /home/airflow/.local/lib/python3.6/site-packages/airflow/example_dags/example_python_operator.py took 0.179 seconds
[2021-07-19 00:07:15,661] {scheduler_job.py:181} INFO - Started process (PID=1318) to work on /home/airflow/.local/lib/python3.6/site-packages/airflow/example_dags/example_python_operator.py
[2021-07-19 00:07:15,663] {scheduler_job.py:632} INFO - Processing file /home/airflow/.local/lib/python3.6/site-packages/airflow/example_dags/example_python_operator.py for tasks to queue
[2021-07-19 00:07:15,664] {logging_mixin.py:104} INFO - [2021-07-19 00:07:15,664] {dagbag.py:496} INFO - Filling up the DagBag from /home/airflow/.local/lib/python3.6/site-packages/airflow/example_dags/example_python_operator.py
[2021-07-19 00:07:15,680] {scheduler_job.py:642} INFO - DAG(s) dict_keys(['example_python_operator']) retrieved from /home/airflow/.local/lib/python3.6/site-packages/airflow/example_dags/example_python_operator.py
[2021-07-19 00:07:15,706] {logging_mixin.py:104} INFO - [2021-07-19 00:07:15,706] {dag.py:1833} INFO - Sync 1 DAGs
[2021-07-19 00:07:15,725] {logging_mixin.py:104} INFO - [2021-07-19 00:07:15,725] {dag.py:2306} INFO - Setting next_dagrun for example_python_operator to None
[2021-07-19 00:07:15,785] {scheduler_job.py:189} INFO - Processing /home/airflow/.local/lib/python3.6/site-packages/airflow/example_dags/example_python_operator.py took 0.129 seconds
[2021-07-19 00:07:46,243] {scheduler_job.py:181} INFO - Started process (PID=1374) to work on /home/airflow/.local/lib/python3.6/site-packages/airflow/example_dags/example_python_operator.py
[2021-07-19 00:07:46,245] {scheduler_job.py:632} INFO - Processing file /home/airflow/.local/lib/python3.6/site-packages/airflow/example_dags/example_python_operator.py for tasks to queue
[2021-07-19 00:07:46,246] {logging_mixin.py:104} INFO - [2021-07-19 00:07:46,246] {dagbag.py:496} INFO - Filling up the DagBag from /home/airflow/.local/lib/python3.6/site-packages/airflow/example_dags/example_python_operator.py
[2021-07-19 00:07:46,264] {scheduler_job.py:642} INFO - DAG(s) dict_keys(['example_python_operator']) retrieved from /home/airflow/.local/lib/python3.6/site-packages/airflow/example_dags/example_python_operator.py
[2021-07-19 00:07:46,294] {logging_mixin.py:104} INFO - [2021-07-19 00:07:46,294] {dag.py:1833} INFO - Sync 1 DAGs
[2021-07-19 00:07:46,321] {logging_mixin.py:104} INFO - [2021-07-19 00:07:46,321] {dag.py:2306} INFO - Setting next_dagrun for example_python_operator to None
[2021-07-19 00:07:46,391] {scheduler_job.py:189} INFO - Processing /home/airflow/.local/lib/python3.6/site-packages/airflow/example_dags/example_python_operator.py took 0.152 seconds
[2021-07-19 00:08:17,285] {scheduler_job.py:181} INFO - Started process (PID=1442) to work on /home/airflow/.local/lib/python3.6/site-packages/airflow/example_dags/example_python_operator.py
[2021-07-19 00:08:17,290] {scheduler_job.py:632} INFO - Processing file /home/airflow/.local/lib/python3.6/site-packages/airflow/example_dags/example_python_operator.py for tasks to queue
[2021-07-19 00:08:17,293] {logging_mixin.py:104} INFO - [2021-07-19 00:08:17,292] {dagbag.py:496} INFO - Filling up the DagBag from /home/airflow/.local/lib/python3.6/site-packages/airflow/example_dags/example_python_operator.py
[2021-07-19 00:08:17,319] {scheduler_job.py:642} INFO - DAG(s) dict_keys(['example_python_operator']) retrieved from /home/airflow/.local/lib/python3.6/site-packages/airflow/example_dags/example_python_operator.py
[2021-07-19 00:08:17,349] {logging_mixin.py:104} INFO - [2021-07-19 00:08:17,349] {dag.py:1833} INFO - Sync 1 DAGs
[2021-07-19 00:08:17,369] {logging_mixin.py:104} INFO - [2021-07-19 00:08:17,369] {dag.py:2306} INFO - Setting next_dagrun for example_python_operator to None
[2021-07-19 00:08:17,555] {scheduler_job.py:189} INFO - Processing /home/airflow/.local/lib/python3.6/site-packages/airflow/example_dags/example_python_operator.py took 0.285 seconds
[2021-07-19 00:08:47,808] {scheduler_job.py:181} INFO - Started process (PID=1498) to work on /home/airflow/.local/lib/python3.6/site-packages/airflow/example_dags/example_python_operator.py
[2021-07-19 00:08:47,813] {scheduler_job.py:632} INFO - Processing file /home/airflow/.local/lib/python3.6/site-packages/airflow/example_dags/example_python_operator.py for tasks to queue
[2021-07-19 00:08:47,815] {logging_mixin.py:104} INFO - [2021-07-19 00:08:47,815] {dagbag.py:496} INFO - Filling up the DagBag from /home/airflow/.local/lib/python3.6/site-packages/airflow/example_dags/example_python_operator.py
[2021-07-19 00:08:47,837] {scheduler_job.py:642} INFO - DAG(s) dict_keys(['example_python_operator']) retrieved from /home/airflow/.local/lib/python3.6/site-packages/airflow/example_dags/example_python_operator.py
[2021-07-19 00:08:47,871] {logging_mixin.py:104} INFO - [2021-07-19 00:08:47,871] {dag.py:1833} INFO - Sync 1 DAGs
[2021-07-19 00:08:47,905] {logging_mixin.py:104} INFO - [2021-07-19 00:08:47,905] {dag.py:2306} INFO - Setting next_dagrun for example_python_operator to None
[2021-07-19 00:08:48,075] {scheduler_job.py:189} INFO - Processing /home/airflow/.local/lib/python3.6/site-packages/airflow/example_dags/example_python_operator.py took 0.280 seconds
[2021-07-19 00:09:18,546] {scheduler_job.py:181} INFO - Started process (PID=1554) to work on /home/airflow/.local/lib/python3.6/site-packages/airflow/example_dags/example_python_operator.py
[2021-07-19 00:09:18,548] {scheduler_job.py:632} INFO - Processing file /home/airflow/.local/lib/python3.6/site-packages/airflow/example_dags/example_python_operator.py for tasks to queue
[2021-07-19 00:09:18,550] {logging_mixin.py:104} INFO - [2021-07-19 00:09:18,550] {dagbag.py:496} INFO - Filling up the DagBag from /home/airflow/.local/lib/python3.6/site-packages/airflow/example_dags/example_python_operator.py
[2021-07-19 00:09:18,568] {scheduler_job.py:642} INFO - DAG(s) dict_keys(['example_python_operator']) retrieved from /home/airflow/.local/lib/python3.6/site-packages/airflow/example_dags/example_python_operator.py
[2021-07-19 00:09:18,629] {logging_mixin.py:104} INFO - [2021-07-19 00:09:18,628] {dag.py:1833} INFO - Sync 1 DAGs
[2021-07-19 00:09:18,660] {logging_mixin.py:104} INFO - [2021-07-19 00:09:18,660] {dag.py:2306} INFO - Setting next_dagrun for example_python_operator to None
[2021-07-19 00:09:18,762] {scheduler_job.py:189} INFO - Processing /home/airflow/.local/lib/python3.6/site-packages/airflow/example_dags/example_python_operator.py took 0.220 seconds
[2021-07-19 00:09:49,025] {scheduler_job.py:181} INFO - Started process (PID=1621) to work on /home/airflow/.local/lib/python3.6/site-packages/airflow/example_dags/example_python_operator.py
[2021-07-19 00:09:49,027] {scheduler_job.py:632} INFO - Processing file /home/airflow/.local/lib/python3.6/site-packages/airflow/example_dags/example_python_operator.py for tasks to queue
[2021-07-19 00:09:49,029] {logging_mixin.py:104} INFO - [2021-07-19 00:09:49,028] {dagbag.py:496} INFO - Filling up the DagBag from /home/airflow/.local/lib/python3.6/site-packages/airflow/example_dags/example_python_operator.py
[2021-07-19 00:09:49,045] {scheduler_job.py:642} INFO - DAG(s) dict_keys(['example_python_operator']) retrieved from /home/airflow/.local/lib/python3.6/site-packages/airflow/example_dags/example_python_operator.py
[2021-07-19 00:09:49,072] {logging_mixin.py:104} INFO - [2021-07-19 00:09:49,072] {dag.py:1833} INFO - Sync 1 DAGs
[2021-07-19 00:09:49,090] {logging_mixin.py:104} INFO - [2021-07-19 00:09:49,090] {dag.py:2306} INFO - Setting next_dagrun for example_python_operator to None
[2021-07-19 00:09:49,185] {scheduler_job.py:189} INFO - Processing /home/airflow/.local/lib/python3.6/site-packages/airflow/example_dags/example_python_operator.py took 0.164 seconds
[2021-07-19 00:10:19,601] {scheduler_job.py:181} INFO - Started process (PID=1678) to work on /home/airflow/.local/lib/python3.6/site-packages/airflow/example_dags/example_python_operator.py
[2021-07-19 00:10:19,605] {scheduler_job.py:632} INFO - Processing file /home/airflow/.local/lib/python3.6/site-packages/airflow/example_dags/example_python_operator.py for tasks to queue
[2021-07-19 00:10:19,607] {logging_mixin.py:104} INFO - [2021-07-19 00:10:19,607] {dagbag.py:496} INFO - Filling up the DagBag from /home/airflow/.local/lib/python3.6/site-packages/airflow/example_dags/example_python_operator.py
[2021-07-19 00:10:19,637] {scheduler_job.py:642} INFO - DAG(s) dict_keys(['example_python_operator']) retrieved from /home/airflow/.local/lib/python3.6/site-packages/airflow/example_dags/example_python_operator.py
[2021-07-19 00:10:19,705] {logging_mixin.py:104} INFO - [2021-07-19 00:10:19,705] {dag.py:1833} INFO - Sync 1 DAGs
[2021-07-19 00:10:19,730] {logging_mixin.py:104} INFO - [2021-07-19 00:10:19,730] {dag.py:2306} INFO - Setting next_dagrun for example_python_operator to None
[2021-07-19 00:10:19,803] {scheduler_job.py:189} INFO - Processing /home/airflow/.local/lib/python3.6/site-packages/airflow/example_dags/example_python_operator.py took 0.208 seconds
[2021-07-19 00:10:51,301] {scheduler_job.py:181} INFO - Started process (PID=1735) to work on /home/airflow/.local/lib/python3.6/site-packages/airflow/example_dags/example_python_operator.py
[2021-07-19 00:10:51,303] {scheduler_job.py:632} INFO - Processing file /home/airflow/.local/lib/python3.6/site-packages/airflow/example_dags/example_python_operator.py for tasks to queue
[2021-07-19 00:10:51,304] {logging_mixin.py:104} INFO - [2021-07-19 00:10:51,304] {dagbag.py:496} INFO - Filling up the DagBag from /home/airflow/.local/lib/python3.6/site-packages/airflow/example_dags/example_python_operator.py
[2021-07-19 00:10:51,339] {scheduler_job.py:642} INFO - DAG(s) dict_keys(['example_python_operator']) retrieved from /home/airflow/.local/lib/python3.6/site-packages/airflow/example_dags/example_python_operator.py
[2021-07-19 00:10:51,401] {logging_mixin.py:104} INFO - [2021-07-19 00:10:51,401] {dag.py:1833} INFO - Sync 1 DAGs
[2021-07-19 00:10:51,435] {logging_mixin.py:104} INFO - [2021-07-19 00:10:51,435] {dag.py:2306} INFO - Setting next_dagrun for example_python_operator to None
[2021-07-19 00:10:52,175] {scheduler_job.py:189} INFO - Processing /home/airflow/.local/lib/python3.6/site-packages/airflow/example_dags/example_python_operator.py took 0.879 seconds
[2021-07-19 00:11:22,774] {scheduler_job.py:181} INFO - Started process (PID=1801) to work on /home/airflow/.local/lib/python3.6/site-packages/airflow/example_dags/example_python_operator.py
[2021-07-19 00:11:22,776] {scheduler_job.py:632} INFO - Processing file /home/airflow/.local/lib/python3.6/site-packages/airflow/example_dags/example_python_operator.py for tasks to queue
[2021-07-19 00:11:22,778] {logging_mixin.py:104} INFO - [2021-07-19 00:11:22,777] {dagbag.py:496} INFO - Filling up the DagBag from /home/airflow/.local/lib/python3.6/site-packages/airflow/example_dags/example_python_operator.py
[2021-07-19 00:11:22,952] {scheduler_job.py:642} INFO - DAG(s) dict_keys(['example_python_operator']) retrieved from /home/airflow/.local/lib/python3.6/site-packages/airflow/example_dags/example_python_operator.py
[2021-07-19 00:11:23,016] {logging_mixin.py:104} INFO - [2021-07-19 00:11:23,015] {dag.py:1833} INFO - Sync 1 DAGs
[2021-07-19 00:11:23,041] {logging_mixin.py:104} INFO - [2021-07-19 00:11:23,041] {dag.py:2306} INFO - Setting next_dagrun for example_python_operator to None
[2021-07-19 00:11:23,472] {scheduler_job.py:189} INFO - Processing /home/airflow/.local/lib/python3.6/site-packages/airflow/example_dags/example_python_operator.py took 0.703 seconds
[2021-07-19 00:11:53,949] {scheduler_job.py:181} INFO - Started process (PID=1860) to work on /home/airflow/.local/lib/python3.6/site-packages/airflow/example_dags/example_python_operator.py
[2021-07-19 00:11:53,951] {scheduler_job.py:632} INFO - Processing file /home/airflow/.local/lib/python3.6/site-packages/airflow/example_dags/example_python_operator.py for tasks to queue
[2021-07-19 00:11:53,953] {logging_mixin.py:104} INFO - [2021-07-19 00:11:53,952] {dagbag.py:496} INFO - Filling up the DagBag from /home/airflow/.local/lib/python3.6/site-packages/airflow/example_dags/example_python_operator.py
[2021-07-19 00:11:53,969] {scheduler_job.py:642} INFO - DAG(s) dict_keys(['example_python_operator']) retrieved from /home/airflow/.local/lib/python3.6/site-packages/airflow/example_dags/example_python_operator.py
[2021-07-19 00:11:53,997] {logging_mixin.py:104} INFO - [2021-07-19 00:11:53,996] {dag.py:1833} INFO - Sync 1 DAGs
[2021-07-19 00:11:54,016] {logging_mixin.py:104} INFO - [2021-07-19 00:11:54,016] {dag.py:2306} INFO - Setting next_dagrun for example_python_operator to None
[2021-07-19 00:11:54,274] {scheduler_job.py:189} INFO - Processing /home/airflow/.local/lib/python3.6/site-packages/airflow/example_dags/example_python_operator.py took 0.329 seconds
[2021-07-19 00:12:24,542] {scheduler_job.py:181} INFO - Started process (PID=1915) to work on /home/airflow/.local/lib/python3.6/site-packages/airflow/example_dags/example_python_operator.py
[2021-07-19 00:12:24,551] {scheduler_job.py:632} INFO - Processing file /home/airflow/.local/lib/python3.6/site-packages/airflow/example_dags/example_python_operator.py for tasks to queue
[2021-07-19 00:12:24,558] {logging_mixin.py:104} INFO - [2021-07-19 00:12:24,556] {dagbag.py:496} INFO - Filling up the DagBag from /home/airflow/.local/lib/python3.6/site-packages/airflow/example_dags/example_python_operator.py
[2021-07-19 00:12:24,598] {scheduler_job.py:642} INFO - DAG(s) dict_keys(['example_python_operator']) retrieved from /home/airflow/.local/lib/python3.6/site-packages/airflow/example_dags/example_python_operator.py
[2021-07-19 00:12:24,649] {logging_mixin.py:104} INFO - [2021-07-19 00:12:24,649] {dag.py:1833} INFO - Sync 1 DAGs
[2021-07-19 00:12:24,677] {logging_mixin.py:104} INFO - [2021-07-19 00:12:24,677] {dag.py:2306} INFO - Setting next_dagrun for example_python_operator to None
[2021-07-19 00:12:25,018] {scheduler_job.py:189} INFO - Processing /home/airflow/.local/lib/python3.6/site-packages/airflow/example_dags/example_python_operator.py took 0.498 seconds
[2021-07-19 00:12:55,936] {scheduler_job.py:181} INFO - Started process (PID=1984) to work on /home/airflow/.local/lib/python3.6/site-packages/airflow/example_dags/example_python_operator.py
[2021-07-19 00:12:55,938] {scheduler_job.py:632} INFO - Processing file /home/airflow/.local/lib/python3.6/site-packages/airflow/example_dags/example_python_operator.py for tasks to queue
[2021-07-19 00:12:55,939] {logging_mixin.py:104} INFO - [2021-07-19 00:12:55,939] {dagbag.py:496} INFO - Filling up the DagBag from /home/airflow/.local/lib/python3.6/site-packages/airflow/example_dags/example_python_operator.py
[2021-07-19 00:12:55,962] {scheduler_job.py:642} INFO - DAG(s) dict_keys(['example_python_operator']) retrieved from /home/airflow/.local/lib/python3.6/site-packages/airflow/example_dags/example_python_operator.py
[2021-07-19 00:12:56,032] {logging_mixin.py:104} INFO - [2021-07-19 00:12:56,031] {dag.py:1833} INFO - Sync 1 DAGs
[2021-07-19 00:12:56,061] {logging_mixin.py:104} INFO - [2021-07-19 00:12:56,061] {dag.py:2306} INFO - Setting next_dagrun for example_python_operator to None
[2021-07-19 00:12:56,160] {scheduler_job.py:189} INFO - Processing /home/airflow/.local/lib/python3.6/site-packages/airflow/example_dags/example_python_operator.py took 0.229 seconds
[2021-07-19 00:13:26,533] {scheduler_job.py:181} INFO - Started process (PID=2044) to work on /home/airflow/.local/lib/python3.6/site-packages/airflow/example_dags/example_python_operator.py
[2021-07-19 00:13:26,536] {scheduler_job.py:632} INFO - Processing file /home/airflow/.local/lib/python3.6/site-packages/airflow/example_dags/example_python_operator.py for tasks to queue
[2021-07-19 00:13:26,537] {logging_mixin.py:104} INFO - [2021-07-19 00:13:26,537] {dagbag.py:496} INFO - Filling up the DagBag from /home/airflow/.local/lib/python3.6/site-packages/airflow/example_dags/example_python_operator.py
[2021-07-19 00:13:26,555] {scheduler_job.py:642} INFO - DAG(s) dict_keys(['example_python_operator']) retrieved from /home/airflow/.local/lib/python3.6/site-packages/airflow/example_dags/example_python_operator.py
[2021-07-19 00:13:26,613] {logging_mixin.py:104} INFO - [2021-07-19 00:13:26,613] {dag.py:1833} INFO - Sync 1 DAGs
[2021-07-19 00:13:26,651] {logging_mixin.py:104} INFO - [2021-07-19 00:13:26,651] {dag.py:2306} INFO - Setting next_dagrun for example_python_operator to None
[2021-07-19 00:13:26,831] {scheduler_job.py:189} INFO - Processing /home/airflow/.local/lib/python3.6/site-packages/airflow/example_dags/example_python_operator.py took 0.303 seconds
[2021-07-19 00:13:57,029] {scheduler_job.py:181} INFO - Started process (PID=2102) to work on /home/airflow/.local/lib/python3.6/site-packages/airflow/example_dags/example_python_operator.py
[2021-07-19 00:13:57,032] {scheduler_job.py:632} INFO - Processing file /home/airflow/.local/lib/python3.6/site-packages/airflow/example_dags/example_python_operator.py for tasks to queue
[2021-07-19 00:13:57,034] {logging_mixin.py:104} INFO - [2021-07-19 00:13:57,033] {dagbag.py:496} INFO - Filling up the DagBag from /home/airflow/.local/lib/python3.6/site-packages/airflow/example_dags/example_python_operator.py
[2021-07-19 00:13:57,052] {scheduler_job.py:642} INFO - DAG(s) dict_keys(['example_python_operator']) retrieved from /home/airflow/.local/lib/python3.6/site-packages/airflow/example_dags/example_python_operator.py
[2021-07-19 00:13:57,080] {logging_mixin.py:104} INFO - [2021-07-19 00:13:57,079] {dag.py:1833} INFO - Sync 1 DAGs
[2021-07-19 00:13:57,097] {logging_mixin.py:104} INFO - [2021-07-19 00:13:57,097] {dag.py:2306} INFO - Setting next_dagrun for example_python_operator to None
[2021-07-19 00:13:57,166] {scheduler_job.py:189} INFO - Processing /home/airflow/.local/lib/python3.6/site-packages/airflow/example_dags/example_python_operator.py took 0.143 seconds
[2021-07-19 00:14:27,807] {scheduler_job.py:181} INFO - Started process (PID=2159) to work on /home/airflow/.local/lib/python3.6/site-packages/airflow/example_dags/example_python_operator.py
[2021-07-19 00:14:27,809] {scheduler_job.py:632} INFO - Processing file /home/airflow/.local/lib/python3.6/site-packages/airflow/example_dags/example_python_operator.py for tasks to queue
[2021-07-19 00:14:27,811] {logging_mixin.py:104} INFO - [2021-07-19 00:14:27,811] {dagbag.py:496} INFO - Filling up the DagBag from /home/airflow/.local/lib/python3.6/site-packages/airflow/example_dags/example_python_operator.py
[2021-07-19 00:14:27,831] {scheduler_job.py:642} INFO - DAG(s) dict_keys(['example_python_operator']) retrieved from /home/airflow/.local/lib/python3.6/site-packages/airflow/example_dags/example_python_operator.py
[2021-07-19 00:14:27,868] {logging_mixin.py:104} INFO - [2021-07-19 00:14:27,868] {dag.py:1833} INFO - Sync 1 DAGs
[2021-07-19 00:14:27,894] {logging_mixin.py:104} INFO - [2021-07-19 00:14:27,894] {dag.py:2306} INFO - Setting next_dagrun for example_python_operator to None
[2021-07-19 00:14:28,369] {scheduler_job.py:189} INFO - Processing /home/airflow/.local/lib/python3.6/site-packages/airflow/example_dags/example_python_operator.py took 0.570 seconds
[2021-07-19 00:14:58,915] {scheduler_job.py:181} INFO - Started process (PID=2216) to work on /home/airflow/.local/lib/python3.6/site-packages/airflow/example_dags/example_python_operator.py
[2021-07-19 00:14:58,918] {scheduler_job.py:632} INFO - Processing file /home/airflow/.local/lib/python3.6/site-packages/airflow/example_dags/example_python_operator.py for tasks to queue
[2021-07-19 00:14:58,920] {logging_mixin.py:104} INFO - [2021-07-19 00:14:58,919] {dagbag.py:496} INFO - Filling up the DagBag from /home/airflow/.local/lib/python3.6/site-packages/airflow/example_dags/example_python_operator.py
[2021-07-19 00:14:58,946] {scheduler_job.py:642} INFO - DAG(s) dict_keys(['example_python_operator']) retrieved from /home/airflow/.local/lib/python3.6/site-packages/airflow/example_dags/example_python_operator.py
[2021-07-19 00:14:58,979] {logging_mixin.py:104} INFO - [2021-07-19 00:14:58,979] {dag.py:1833} INFO - Sync 1 DAGs
[2021-07-19 00:14:59,000] {logging_mixin.py:104} INFO - [2021-07-19 00:14:59,000] {dag.py:2306} INFO - Setting next_dagrun for example_python_operator to None
[2021-07-19 00:14:59,051] {scheduler_job.py:189} INFO - Processing /home/airflow/.local/lib/python3.6/site-packages/airflow/example_dags/example_python_operator.py took 0.141 seconds
[2021-07-19 00:15:29,146] {scheduler_job.py:181} INFO - Started process (PID=2284) to work on /home/airflow/.local/lib/python3.6/site-packages/airflow/example_dags/example_python_operator.py
[2021-07-19 00:15:29,147] {scheduler_job.py:632} INFO - Processing file /home/airflow/.local/lib/python3.6/site-packages/airflow/example_dags/example_python_operator.py for tasks to queue
[2021-07-19 00:15:29,149] {logging_mixin.py:104} INFO - [2021-07-19 00:15:29,148] {dagbag.py:496} INFO - Filling up the DagBag from /home/airflow/.local/lib/python3.6/site-packages/airflow/example_dags/example_python_operator.py
[2021-07-19 00:15:29,169] {scheduler_job.py:642} INFO - DAG(s) dict_keys(['example_python_operator']) retrieved from /home/airflow/.local/lib/python3.6/site-packages/airflow/example_dags/example_python_operator.py
[2021-07-19 00:15:29,201] {logging_mixin.py:104} INFO - [2021-07-19 00:15:29,201] {dag.py:1833} INFO - Sync 1 DAGs
[2021-07-19 00:15:29,226] {logging_mixin.py:104} INFO - [2021-07-19 00:15:29,226] {dag.py:2306} INFO - Setting next_dagrun for example_python_operator to None
[2021-07-19 00:15:29,469] {scheduler_job.py:189} INFO - Processing /home/airflow/.local/lib/python3.6/site-packages/airflow/example_dags/example_python_operator.py took 0.327 seconds
[2021-07-19 00:15:59,588] {scheduler_job.py:181} INFO - Started process (PID=2339) to work on /home/airflow/.local/lib/python3.6/site-packages/airflow/example_dags/example_python_operator.py
[2021-07-19 00:15:59,590] {scheduler_job.py:632} INFO - Processing file /home/airflow/.local/lib/python3.6/site-packages/airflow/example_dags/example_python_operator.py for tasks to queue
[2021-07-19 00:15:59,592] {logging_mixin.py:104} INFO - [2021-07-19 00:15:59,592] {dagbag.py:496} INFO - Filling up the DagBag from /home/airflow/.local/lib/python3.6/site-packages/airflow/example_dags/example_python_operator.py
[2021-07-19 00:15:59,614] {scheduler_job.py:642} INFO - DAG(s) dict_keys(['example_python_operator']) retrieved from /home/airflow/.local/lib/python3.6/site-packages/airflow/example_dags/example_python_operator.py
[2021-07-19 00:15:59,646] {logging_mixin.py:104} INFO - [2021-07-19 00:15:59,646] {dag.py:1833} INFO - Sync 1 DAGs
[2021-07-19 00:15:59,663] {logging_mixin.py:104} INFO - [2021-07-19 00:15:59,663] {dag.py:2306} INFO - Setting next_dagrun for example_python_operator to None
[2021-07-19 00:15:59,707] {scheduler_job.py:189} INFO - Processing /home/airflow/.local/lib/python3.6/site-packages/airflow/example_dags/example_python_operator.py took 0.123 seconds
[2021-07-19 00:16:30,108] {scheduler_job.py:181} INFO - Started process (PID=2395) to work on /home/airflow/.local/lib/python3.6/site-packages/airflow/example_dags/example_python_operator.py
[2021-07-19 00:16:30,111] {scheduler_job.py:632} INFO - Processing file /home/airflow/.local/lib/python3.6/site-packages/airflow/example_dags/example_python_operator.py for tasks to queue
[2021-07-19 00:16:30,113] {logging_mixin.py:104} INFO - [2021-07-19 00:16:30,113] {dagbag.py:496} INFO - Filling up the DagBag from /home/airflow/.local/lib/python3.6/site-packages/airflow/example_dags/example_python_operator.py
[2021-07-19 00:16:30,137] {scheduler_job.py:642} INFO - DAG(s) dict_keys(['example_python_operator']) retrieved from /home/airflow/.local/lib/python3.6/site-packages/airflow/example_dags/example_python_operator.py
[2021-07-19 00:16:30,195] {logging_mixin.py:104} INFO - [2021-07-19 00:16:30,194] {dag.py:1833} INFO - Sync 1 DAGs
[2021-07-19 00:16:30,226] {logging_mixin.py:104} INFO - [2021-07-19 00:16:30,226] {dag.py:2306} INFO - Setting next_dagrun for example_python_operator to None
[2021-07-19 00:16:30,339] {scheduler_job.py:189} INFO - Processing /home/airflow/.local/lib/python3.6/site-packages/airflow/example_dags/example_python_operator.py took 0.238 seconds
                                                                                                                                                                                                                                                                                                                                                                                                                                                                                                                                                                                                                                                                                                                                                                                                                                                                                                                                                                                                                                                                                                                                                                                                                                                                                                                                                                                                                                                                                                                                                                                                                                                                                                                                                                                                                                                                                                                                                                                                                                                                                                                                                                                                                                                                                                                                                                                                                                                                                                                                                                                                                                                                                                                                                                                                                                                                                                                                                                                                                                                                                                                                                                                                                                                                                                                                                                                                                                                                                                                                                                                                                                                                                                                                                                                                                                                                                                                                                                                                                                                                                                                                                                                                                                                                                                                                                                                                                                                                                                                                                                                                                                                                                                                                                                                                                                                                                                                                                                                                                                                                                                                                                                                                                                                                                                                                                                                                                                                                                                                                                                                                                                                                                                                                                                                                                                                                                                                                                                                                                                                                                                                                                                                                                                                                                                                                                                                                                                                                                                                                                                                                                                                                                                                                                                                                                                                                                                                                                                                                                                                                                                                                                                                                                                                                                                                                                                                                                                                                                                                                                                                                                                                                                                                                                                                                                                                                                                                                                                                                                                                                                                                                                                                                                                                                                                                                                                                                                                                                                                                                                                                                                                                                                                                                                                                                                                                                                                                                                                                                                                                                                                                                                                                                                                                                                                                                                                                                                                                                                                                                                                                                                                                                                                                                                                                                                                                                                                                                                                                                                                                                                                                                                                                                                                                                                                                                                                                                                                                                                                                                                                                                                                                                                                                                                                                                                                                                                                                                                                                                                                                                                                                                                                                                                                                                                                                                                                                                                                                                                                                                                                                                                                                                                                                                                                                                                                                                                                                                                                                                                                                                                                                                                                                                                                                                                                                                                                                                                                                                                                                                                                                                                                                                                                                                                                                                                                                                                                                                                                                                                                                                                                                                                                                                                                                                                                                                                                                                                                                                                                                                                                                                                                                                                                                                                                                                                                                                                                                                                                                                                                                                                                                                                                                                                                                                                                                                                                                                                                                                                                                                                                                                                                                                                                                                                                                                                                                                                                                                                                                                                                                                                                                                                                                                                                                                                                                                                                                                                                                                                                                                                                                                                                                                                                                                                                                                                                                                                                                                                                                                                                                                                                                                                                                                                                                                                                                                                                                                                                                                                                                                                                                                                                                                                                                                                                                                                                                                                                                                                                                                                                                                                                                                                                                                                                                                                                                                                                                                                                                                                                                                                                                                                                                                                                                                                                                                                                                                                                                                                                                                                                                                                                                                                                                                                                                                                                                                                                                                                                                                                                                                                                                                                                                                                                                                                                                                                                                                                                                                                                                                                                                                                                                                                                                                                                                                                                                                                                                                                                                                                                                                                                                                                                                                                                                                                                                                                                                                                                                                                                                                                                                                                                                                                                                                                                                                                                                                                                                                                                                                                                                                                                                                                                                                                                                                                                                                                                                                                                                                                                                                                                                                                                                                                                                                                                                                                                                                                                                                                                                                                                                                                                                                                                                                                                                                                                                                                                                                                                                                                                                                                                                                                                                                                                                                                                                                                                                                                                                                                                                                                                                                                                                                                                                                                                                                                                                                                                                                                                                                                                                                                                                                                                                                                                                                                                                                                                                                                                                                                                                                                                                                                                                                                                                                                                                                                                                                                                                                                                                                                                              