[2021-07-19 00:00:09,682] {scheduler_job.py:181} INFO - Started process (PID=479) to work on /home/airflow/.local/lib/python3.6/site-packages/airflow/example_dags/example_bash_operator.py
[2021-07-19 00:00:09,684] {scheduler_job.py:632} INFO - Processing file /home/airflow/.local/lib/python3.6/site-packages/airflow/example_dags/example_bash_operator.py for tasks to queue
[2021-07-19 00:00:09,686] {logging_mixin.py:104} INFO - [2021-07-19 00:00:09,685] {dagbag.py:496} INFO - Filling up the DagBag from /home/airflow/.local/lib/python3.6/site-packages/airflow/example_dags/example_bash_operator.py
[2021-07-19 00:00:09,735] {scheduler_job.py:642} INFO - DAG(s) dict_keys(['example_bash_operator']) retrieved from /home/airflow/.local/lib/python3.6/site-packages/airflow/example_dags/example_bash_operator.py
[2021-07-19 00:00:10,455] {logging_mixin.py:104} INFO - [2021-07-19 00:00:10,455] {dag.py:1833} INFO - Sync 1 DAGs
[2021-07-19 00:00:10,501] {logging_mixin.py:104} INFO - [2021-07-19 00:00:10,500] {dag.py:2306} INFO - Setting next_dagrun for example_bash_operator to 2021-07-17 00:00:00+00:00
[2021-07-19 00:00:10,592] {scheduler_job.py:189} INFO - Processing /home/airflow/.local/lib/python3.6/site-packages/airflow/example_dags/example_bash_operator.py took 0.915 seconds
[2021-07-19 00:00:41,281] {scheduler_job.py:181} INFO - Started process (PID=536) to work on /home/airflow/.local/lib/python3.6/site-packages/airflow/example_dags/example_bash_operator.py
[2021-07-19 00:00:41,285] {scheduler_job.py:632} INFO - Processing file /home/airflow/.local/lib/python3.6/site-packages/airflow/example_dags/example_bash_operator.py for tasks to queue
[2021-07-19 00:00:41,287] {logging_mixin.py:104} INFO - [2021-07-19 00:00:41,286] {dagbag.py:496} INFO - Filling up the DagBag from /home/airflow/.local/lib/python3.6/site-packages/airflow/example_dags/example_bash_operator.py
[2021-07-19 00:00:41,308] {scheduler_job.py:642} INFO - DAG(s) dict_keys(['example_bash_operator']) retrieved from /home/airflow/.local/lib/python3.6/site-packages/airflow/example_dags/example_bash_operator.py
[2021-07-19 00:00:41,336] {logging_mixin.py:104} INFO - [2021-07-19 00:00:41,336] {dag.py:1833} INFO - Sync 1 DAGs
[2021-07-19 00:00:41,359] {logging_mixin.py:104} INFO - [2021-07-19 00:00:41,359] {dag.py:2306} INFO - Setting next_dagrun for example_bash_operator to 2021-07-17 00:00:00+00:00
[2021-07-19 00:00:41,448] {scheduler_job.py:189} INFO - Processing /home/airflow/.local/lib/python3.6/site-packages/airflow/example_dags/example_bash_operator.py took 0.176 seconds
[2021-07-19 00:01:12,178] {scheduler_job.py:181} INFO - Started process (PID=605) to work on /home/airflow/.local/lib/python3.6/site-packages/airflow/example_dags/example_bash_operator.py
[2021-07-19 00:01:12,185] {scheduler_job.py:632} INFO - Processing file /home/airflow/.local/lib/python3.6/site-packages/airflow/example_dags/example_bash_operator.py for tasks to queue
[2021-07-19 00:01:12,188] {logging_mixin.py:104} INFO - [2021-07-19 00:01:12,187] {dagbag.py:496} INFO - Filling up the DagBag from /home/airflow/.local/lib/python3.6/site-packages/airflow/example_dags/example_bash_operator.py
[2021-07-19 00:01:12,230] {scheduler_job.py:642} INFO - DAG(s) dict_keys(['example_bash_operator']) retrieved from /home/airflow/.local/lib/python3.6/site-packages/airflow/example_dags/example_bash_operator.py
[2021-07-19 00:01:12,276] {logging_mixin.py:104} INFO - [2021-07-19 00:01:12,276] {dag.py:1833} INFO - Sync 1 DAGs
[2021-07-19 00:01:12,311] {logging_mixin.py:104} INFO - [2021-07-19 00:01:12,311] {dag.py:2306} INFO - Setting next_dagrun for example_bash_operator to 2021-07-17 00:00:00+00:00
[2021-07-19 00:01:12,386] {scheduler_job.py:189} INFO - Processing /home/airflow/.local/lib/python3.6/site-packages/airflow/example_dags/example_bash_operator.py took 0.224 seconds
[2021-07-19 00:01:43,160] {scheduler_job.py:181} INFO - Started process (PID=661) to work on /home/airflow/.local/lib/python3.6/site-packages/airflow/example_dags/example_bash_operator.py
[2021-07-19 00:01:43,168] {scheduler_job.py:632} INFO - Processing file /home/airflow/.local/lib/python3.6/site-packages/airflow/example_dags/example_bash_operator.py for tasks to queue
[2021-07-19 00:01:43,172] {logging_mixin.py:104} INFO - [2021-07-19 00:01:43,171] {dagbag.py:496} INFO - Filling up the DagBag from /home/airflow/.local/lib/python3.6/site-packages/airflow/example_dags/example_bash_operator.py
[2021-07-19 00:01:43,232] {scheduler_job.py:642} INFO - DAG(s) dict_keys(['example_bash_operator']) retrieved from /home/airflow/.local/lib/python3.6/site-packages/airflow/example_dags/example_bash_operator.py
[2021-07-19 00:01:43,263] {logging_mixin.py:104} INFO - [2021-07-19 00:01:43,262] {dag.py:1833} INFO - Sync 1 DAGs
[2021-07-19 00:01:43,293] {logging_mixin.py:104} INFO - [2021-07-19 00:01:43,293] {dag.py:2306} INFO - Setting next_dagrun for example_bash_operator to 2021-07-17 00:00:00+00:00
[2021-07-19 00:01:43,389] {scheduler_job.py:189} INFO - Processing /home/airflow/.local/lib/python3.6/site-packages/airflow/example_dags/example_bash_operator.py took 0.241 seconds
[2021-07-19 00:02:13,493] {scheduler_job.py:181} INFO - Started process (PID=729) to work on /home/airflow/.local/lib/python3.6/site-packages/airflow/example_dags/example_bash_operator.py
[2021-07-19 00:02:13,495] {scheduler_job.py:632} INFO - Processing file /home/airflow/.local/lib/python3.6/site-packages/airflow/example_dags/example_bash_operator.py for tasks to queue
[2021-07-19 00:02:13,497] {logging_mixin.py:104} INFO - [2021-07-19 00:02:13,496] {dagbag.py:496} INFO - Filling up the DagBag from /home/airflow/.local/lib/python3.6/site-packages/airflow/example_dags/example_bash_operator.py
[2021-07-19 00:02:13,522] {scheduler_job.py:642} INFO - DAG(s) dict_keys(['example_bash_operator']) retrieved from /home/airflow/.local/lib/python3.6/site-packages/airflow/example_dags/example_bash_operator.py
[2021-07-19 00:02:13,551] {logging_mixin.py:104} INFO - [2021-07-19 00:02:13,551] {dag.py:1833} INFO - Sync 1 DAGs
[2021-07-19 00:02:13,580] {logging_mixin.py:104} INFO - [2021-07-19 00:02:13,580] {dag.py:2306} INFO - Setting next_dagrun for example_bash_operator to 2021-07-17 00:00:00+00:00
[2021-07-19 00:02:13,628] {scheduler_job.py:189} INFO - Processing /home/airflow/.local/lib/python3.6/site-packages/airflow/example_dags/example_bash_operator.py took 0.140 seconds
[2021-07-19 00:02:44,141] {scheduler_job.py:181} INFO - Started process (PID=787) to work on /home/airflow/.local/lib/python3.6/site-packages/airflow/example_dags/example_bash_operator.py
[2021-07-19 00:02:44,143] {scheduler_job.py:632} INFO - Processing file /home/airflow/.local/lib/python3.6/site-packages/airflow/example_dags/example_bash_operator.py for tasks to queue
[2021-07-19 00:02:44,144] {logging_mixin.py:104} INFO - [2021-07-19 00:02:44,144] {dagbag.py:496} INFO - Filling up the DagBag from /home/airflow/.local/lib/python3.6/site-packages/airflow/example_dags/example_bash_operator.py
[2021-07-19 00:02:44,169] {scheduler_job.py:642} INFO - DAG(s) dict_keys(['example_bash_operator']) retrieved from /home/airflow/.local/lib/python3.6/site-packages/airflow/example_dags/example_bash_operator.py
[2021-07-19 00:02:44,206] {logging_mixin.py:104} INFO - [2021-07-19 00:02:44,206] {dag.py:1833} INFO - Sync 1 DAGs
[2021-07-19 00:02:44,237] {logging_mixin.py:104} INFO - [2021-07-19 00:02:44,237] {dag.py:2306} INFO - Setting next_dagrun for example_bash_operator to 2021-07-17 00:00:00+00:00
[2021-07-19 00:02:44,392] {scheduler_job.py:189} INFO - Processing /home/airflow/.local/lib/python3.6/site-packages/airflow/example_dags/example_bash_operator.py took 0.256 seconds
[2021-07-19 00:03:14,502] {scheduler_job.py:181} INFO - Started process (PID=843) to work on /home/airflow/.local/lib/python3.6/site-packages/airflow/example_dags/example_bash_operator.py
[2021-07-19 00:03:14,507] {scheduler_job.py:632} INFO - Processing file /home/airflow/.local/lib/python3.6/site-packages/airflow/example_dags/example_bash_operator.py for tasks to queue
[2021-07-19 00:03:14,510] {logging_mixin.py:104} INFO - [2021-07-19 00:03:14,510] {dagbag.py:496} INFO - Filling up the DagBag from /home/airflow/.local/lib/python3.6/site-packages/airflow/example_dags/example_bash_operator.py
[2021-07-19 00:03:14,573] {scheduler_job.py:642} INFO - DAG(s) dict_keys(['example_bash_operator']) retrieved from /home/airflow/.local/lib/python3.6/site-packages/airflow/example_dags/example_bash_operator.py
[2021-07-19 00:03:14,608] {logging_mixin.py:104} INFO - [2021-07-19 00:03:14,608] {dag.py:1833} INFO - Sync 1 DAGs
[2021-07-19 00:03:14,638] {logging_mixin.py:104} INFO - [2021-07-19 00:03:14,638] {dag.py:2306} INFO - Setting next_dagrun for example_bash_operator to 2021-07-17 00:00:00+00:00
[2021-07-19 00:03:14,716] {scheduler_job.py:189} INFO - Processing /home/airflow/.local/lib/python3.6/site-packages/airflow/example_dags/example_bash_operator.py took 0.227 seconds
[2021-07-19 00:03:45,203] {scheduler_job.py:181} INFO - Started process (PID=909) to work on /home/airflow/.local/lib/python3.6/site-packages/airflow/example_dags/example_bash_operator.py
[2021-07-19 00:03:45,204] {scheduler_job.py:632} INFO - Processing file /home/airflow/.local/lib/python3.6/site-packages/airflow/example_dags/example_bash_operator.py for tasks to queue
[2021-07-19 00:03:45,206] {logging_mixin.py:104} INFO - [2021-07-19 00:03:45,205] {dagbag.py:496} INFO - Filling up the DagBag from /home/airflow/.local/lib/python3.6/site-packages/airflow/example_dags/example_bash_operator.py
[2021-07-19 00:03:45,235] {scheduler_job.py:642} INFO - DAG(s) dict_keys(['example_bash_operator']) retrieved from /home/airflow/.local/lib/python3.6/site-packages/airflow/example_dags/example_bash_operator.py
[2021-07-19 00:03:45,264] {logging_mixin.py:104} INFO - [2021-07-19 00:03:45,264] {dag.py:1833} INFO - Sync 1 DAGs
[2021-07-19 00:03:45,295] {logging_mixin.py:104} INFO - [2021-07-19 00:03:45,295] {dag.py:2306} INFO - Setting next_dagrun for example_bash_operator to 2021-07-17 00:00:00+00:00
[2021-07-19 00:03:45,485] {scheduler_job.py:189} INFO - Processing /home/airflow/.local/lib/python3.6/site-packages/airflow/example_dags/example_bash_operator.py took 0.287 seconds
[2021-07-19 00:04:16,294] {scheduler_job.py:181} INFO - Started process (PID=965) to work on /home/airflow/.local/lib/python3.6/site-packages/airflow/example_dags/example_bash_operator.py
[2021-07-19 00:04:16,296] {scheduler_job.py:632} INFO - Processing file /home/airflow/.local/lib/python3.6/site-packages/airflow/example_dags/example_bash_operator.py for tasks to queue
[2021-07-19 00:04:16,297] {logging_mixin.py:104} INFO - [2021-07-19 00:04:16,297] {dagbag.py:496} INFO - Filling up the DagBag from /home/airflow/.local/lib/python3.6/site-packages/airflow/example_dags/example_bash_operator.py
[2021-07-19 00:04:16,321] {scheduler_job.py:642} INFO - DAG(s) dict_keys(['example_bash_operator']) retrieved from /home/airflow/.local/lib/python3.6/site-packages/airflow/example_dags/example_bash_operator.py
[2021-07-19 00:04:16,365] {logging_mixin.py:104} INFO - [2021-07-19 00:04:16,365] {dag.py:1833} INFO - Sync 1 DAGs
[2021-07-19 00:04:16,395] {logging_mixin.py:104} INFO - [2021-07-19 00:04:16,395] {dag.py:2306} INFO - Setting next_dagrun for example_bash_operator to 2021-07-17 00:00:00+00:00
[2021-07-19 00:04:16,449] {scheduler_job.py:189} INFO - Processing /home/airflow/.local/lib/python3.6/site-packages/airflow/example_dags/example_bash_operator.py took 0.159 seconds
[2021-07-19 00:04:46,793] {scheduler_job.py:181} INFO - Started process (PID=1022) to work on /home/airflow/.local/lib/python3.6/site-packages/airflow/example_dags/example_bash_operator.py
[2021-07-19 00:04:46,796] {scheduler_job.py:632} INFO - Processing file /home/airflow/.local/lib/python3.6/site-packages/airflow/example_dags/example_bash_operator.py for tasks to queue
[2021-07-19 00:04:46,797] {logging_mixin.py:104} INFO - [2021-07-19 00:04:46,797] {dagbag.py:496} INFO - Filling up the DagBag from /home/airflow/.local/lib/python3.6/site-packages/airflow/example_dags/example_bash_operator.py
[2021-07-19 00:04:46,819] {scheduler_job.py:642} INFO - DAG(s) dict_keys(['example_bash_operator']) retrieved from /home/airflow/.local/lib/python3.6/site-packages/airflow/example_dags/example_bash_operator.py
[2021-07-19 00:04:46,854] {logging_mixin.py:104} INFO - [2021-07-19 00:04:46,854] {dag.py:1833} INFO - Sync 1 DAGs
[2021-07-19 00:04:46,885] {logging_mixin.py:104} INFO - [2021-07-19 00:04:46,885] {dag.py:2306} INFO - Setting next_dagrun for example_bash_operator to 2021-07-17 00:00:00+00:00
[2021-07-19 00:04:46,949] {scheduler_job.py:189} INFO - Processing /home/airflow/.local/lib/python3.6/site-packages/airflow/example_dags/example_bash_operator.py took 0.160 seconds
[2021-07-19 00:05:17,020] {scheduler_job.py:181} INFO - Started process (PID=1085) to work on /home/airflow/.local/lib/python3.6/site-packages/airflow/example_dags/example_bash_operator.py
[2021-07-19 00:05:17,027] {scheduler_job.py:632} INFO - Processing file /home/airflow/.local/lib/python3.6/site-packages/airflow/example_dags/example_bash_operator.py for tasks to queue
[2021-07-19 00:05:17,030] {logging_mixin.py:104} INFO - [2021-07-19 00:05:17,030] {dagbag.py:496} INFO - Filling up the DagBag from /home/airflow/.local/lib/python3.6/site-packages/airflow/example_dags/example_bash_operator.py
[2021-07-19 00:05:17,058] {scheduler_job.py:642} INFO - DAG(s) dict_keys(['example_bash_operator']) retrieved from /home/airflow/.local/lib/python3.6/site-packages/airflow/example_dags/example_bash_operator.py
[2021-07-19 00:05:17,101] {logging_mixin.py:104} INFO - [2021-07-19 00:05:17,101] {dag.py:1833} INFO - Sync 1 DAGs
[2021-07-19 00:05:17,144] {logging_mixin.py:104} INFO - [2021-07-19 00:05:17,144] {dag.py:2306} INFO - Setting next_dagrun for example_bash_operator to 2021-07-17 00:00:00+00:00
[2021-07-19 00:05:17,261] {scheduler_job.py:189} INFO - Processing /home/airflow/.local/lib/python3.6/site-packages/airflow/example_dags/example_bash_operator.py took 0.247 seconds
[2021-07-19 00:05:47,375] {scheduler_job.py:181} INFO - Started process (PID=1141) to work on /home/airflow/.local/lib/python3.6/site-packages/airflow/example_dags/example_bash_operator.py
[2021-07-19 00:05:47,378] {scheduler_job.py:632} INFO - Processing file /home/airflow/.local/lib/python3.6/site-packages/airflow/example_dags/example_bash_operator.py for tasks to queue
[2021-07-19 00:05:47,380] {logging_mixin.py:104} INFO - [2021-07-19 00:05:47,380] {dagbag.py:496} INFO - Filling up the DagBag from /home/airflow/.local/lib/python3.6/site-packages/airflow/example_dags/example_bash_operator.py
[2021-07-19 00:05:47,407] {scheduler_job.py:642} INFO - DAG(s) dict_keys(['example_bash_operator']) retrieved from /home/airflow/.local/lib/python3.6/site-packages/airflow/example_dags/example_bash_operator.py
[2021-07-19 00:05:47,440] {logging_mixin.py:104} INFO - [2021-07-19 00:05:47,440] {dag.py:1833} INFO - Sync 1 DAGs
[2021-07-19 00:05:47,463] {logging_mixin.py:104} INFO - [2021-07-19 00:05:47,463] {dag.py:2306} INFO - Setting next_dagrun for example_bash_operator to 2021-07-17 00:00:00+00:00
[2021-07-19 00:05:47,518] {scheduler_job.py:189} INFO - Processing /home/airflow/.local/lib/python3.6/site-packages/airflow/example_dags/example_bash_operator.py took 0.149 seconds
[2021-07-19 00:06:17,740] {scheduler_job.py:181} INFO - Started process (PID=1204) to work on /home/airflow/.local/lib/python3.6/site-packages/airflow/example_dags/example_bash_operator.py
[2021-07-19 00:06:17,742] {scheduler_job.py:632} INFO - Processing file /home/airflow/.local/lib/python3.6/site-packages/airflow/example_dags/example_bash_operator.py for tasks to queue
[2021-07-19 00:06:17,743] {logging_mixin.py:104} INFO - [2021-07-19 00:06:17,743] {dagbag.py:496} INFO - Filling up the DagBag from /home/airflow/.local/lib/python3.6/site-packages/airflow/example_dags/example_bash_operator.py
[2021-07-19 00:06:17,766] {scheduler_job.py:642} INFO - DAG(s) dict_keys(['example_bash_operator']) retrieved from /home/airflow/.local/lib/python3.6/site-packages/airflow/example_dags/example_bash_operator.py
[2021-07-19 00:06:17,796] {logging_mixin.py:104} INFO - [2021-07-19 00:06:17,796] {dag.py:1833} INFO - Sync 1 DAGs
[2021-07-19 00:06:17,825] {logging_mixin.py:104} INFO - [2021-07-19 00:06:17,825] {dag.py:2306} INFO - Setting next_dagrun for example_bash_operator to 2021-07-17 00:00:00+00:00
[2021-07-19 00:06:17,920] {scheduler_job.py:189} INFO - Processing /home/airflow/.local/lib/python3.6/site-packages/airflow/example_dags/example_bash_operator.py took 0.184 seconds
[2021-07-19 00:06:48,106] {scheduler_job.py:181} INFO - Started process (PID=1265) to work on /home/airflow/.local/lib/python3.6/site-packages/airflow/example_dags/example_bash_operator.py
[2021-07-19 00:06:48,109] {scheduler_job.py:632} INFO - Processing file /home/airflow/.local/lib/python3.6/site-packages/airflow/example_dags/example_bash_operator.py for tasks to queue
[2021-07-19 00:06:48,110] {logging_mixin.py:104} INFO - [2021-07-19 00:06:48,110] {dagbag.py:496} INFO - Filling up the DagBag from /home/airflow/.local/lib/python3.6/site-packages/airflow/example_dags/example_bash_operator.py
[2021-07-19 00:06:48,134] {scheduler_job.py:642} INFO - DAG(s) dict_keys(['example_bash_operator']) retrieved from /home/airflow/.local/lib/python3.6/site-packages/airflow/example_dags/example_bash_operator.py
[2021-07-19 00:06:48,163] {logging_mixin.py:104} INFO - [2021-07-19 00:06:48,163] {dag.py:1833} INFO - Sync 1 DAGs
[2021-07-19 00:06:48,185] {logging_mixin.py:104} INFO - [2021-07-19 00:06:48,185] {dag.py:2306} INFO - Setting next_dagrun for example_bash_operator to 2021-07-17 00:00:00+00:00
[2021-07-19 00:06:48,310] {scheduler_job.py:189} INFO - Processing /home/airflow/.local/lib/python3.6/site-packages/airflow/example_dags/example_bash_operator.py took 0.210 seconds
[2021-07-19 00:07:18,422] {scheduler_job.py:181} INFO - Started process (PID=1322) to work on /home/airflow/.local/lib/python3.6/site-packages/airflow/example_dags/example_bash_operator.py
[2021-07-19 00:07:18,426] {scheduler_job.py:632} INFO - Processing file /home/airflow/.local/lib/python3.6/site-packages/airflow/example_dags/example_bash_operator.py for tasks to queue
[2021-07-19 00:07:18,427] {logging_mixin.py:104} INFO - [2021-07-19 00:07:18,427] {dagbag.py:496} INFO - Filling up the DagBag from /home/airflow/.local/lib/python3.6/site-packages/airflow/example_dags/example_bash_operator.py
[2021-07-19 00:07:18,456] {scheduler_job.py:642} INFO - DAG(s) dict_keys(['example_bash_operator']) retrieved from /home/airflow/.local/lib/python3.6/site-packages/airflow/example_dags/example_bash_operator.py
[2021-07-19 00:07:18,508] {logging_mixin.py:104} INFO - [2021-07-19 00:07:18,507] {dag.py:1833} INFO - Sync 1 DAGs
[2021-07-19 00:07:18,552] {logging_mixin.py:104} INFO - [2021-07-19 00:07:18,552] {dag.py:2306} INFO - Setting next_dagrun for example_bash_operator to 2021-07-17 00:00:00+00:00
[2021-07-19 00:07:18,701] {scheduler_job.py:189} INFO - Processing /home/airflow/.local/lib/python3.6/site-packages/airflow/example_dags/example_bash_operator.py took 0.284 seconds
[2021-07-19 00:07:48,856] {scheduler_job.py:181} INFO - Started process (PID=1386) to work on /home/airflow/.local/lib/python3.6/site-packages/airflow/example_dags/example_bash_operator.py
[2021-07-19 00:07:48,858] {scheduler_job.py:632} INFO - Processing file /home/airflow/.local/lib/python3.6/site-packages/airflow/example_dags/example_bash_operator.py for tasks to queue
[2021-07-19 00:07:48,859] {logging_mixin.py:104} INFO - [2021-07-19 00:07:48,859] {dagbag.py:496} INFO - Filling up the DagBag from /home/airflow/.local/lib/python3.6/site-packages/airflow/example_dags/example_bash_operator.py
[2021-07-19 00:07:48,883] {scheduler_job.py:642} INFO - DAG(s) dict_keys(['example_bash_operator']) retrieved from /home/airflow/.local/lib/python3.6/site-packages/airflow/example_dags/example_bash_operator.py
[2021-07-19 00:07:48,918] {logging_mixin.py:104} INFO - [2021-07-19 00:07:48,918] {dag.py:1833} INFO - Sync 1 DAGs
[2021-07-19 00:07:48,943] {logging_mixin.py:104} INFO - [2021-07-19 00:07:48,943] {dag.py:2306} INFO - Setting next_dagrun for example_bash_operator to 2021-07-17 00:00:00+00:00
[2021-07-19 00:07:49,035] {scheduler_job.py:189} INFO - Processing /home/airflow/.local/lib/python3.6/site-packages/airflow/example_dags/example_bash_operator.py took 0.184 seconds
[2021-07-19 00:08:19,384] {scheduler_job.py:181} INFO - Started process (PID=1446) to work on /home/airflow/.local/lib/python3.6/site-packages/airflow/example_dags/example_bash_operator.py
[2021-07-19 00:08:19,386] {scheduler_job.py:632} INFO - Processing file /home/airflow/.local/lib/python3.6/site-packages/airflow/example_dags/example_bash_operator.py for tasks to queue
[2021-07-19 00:08:19,387] {logging_mixin.py:104} INFO - [2021-07-19 00:08:19,387] {dagbag.py:496} INFO - Filling up the DagBag from /home/airflow/.local/lib/python3.6/site-packages/airflow/example_dags/example_bash_operator.py
[2021-07-19 00:08:19,407] {scheduler_job.py:642} INFO - DAG(s) dict_keys(['example_bash_operator']) retrieved from /home/airflow/.local/lib/python3.6/site-packages/airflow/example_dags/example_bash_operator.py
[2021-07-19 00:08:19,439] {logging_mixin.py:104} INFO - [2021-07-19 00:08:19,438] {dag.py:1833} INFO - Sync 1 DAGs
[2021-07-19 00:08:19,468] {logging_mixin.py:104} INFO - [2021-07-19 00:08:19,467] {dag.py:2306} INFO - Setting next_dagrun for example_bash_operator to 2021-07-17 00:00:00+00:00
[2021-07-19 00:08:19,565] {scheduler_job.py:189} INFO - Processing /home/airflow/.local/lib/python3.6/site-packages/airflow/example_dags/example_bash_operator.py took 0.186 seconds
[2021-07-19 00:08:50,116] {scheduler_job.py:181} INFO - Started process (PID=1502) to work on /home/airflow/.local/lib/python3.6/site-packages/airflow/example_dags/example_bash_operator.py
[2021-07-19 00:08:50,118] {scheduler_job.py:632} INFO - Processing file /home/airflow/.local/lib/python3.6/site-packages/airflow/example_dags/example_bash_operator.py for tasks to queue
[2021-07-19 00:08:50,120] {logging_mixin.py:104} INFO - [2021-07-19 00:08:50,120] {dagbag.py:496} INFO - Filling up the DagBag from /home/airflow/.local/lib/python3.6/site-packages/airflow/example_dags/example_bash_operator.py
[2021-07-19 00:08:50,143] {scheduler_job.py:642} INFO - DAG(s) dict_keys(['example_bash_operator']) retrieved from /home/airflow/.local/lib/python3.6/site-packages/airflow/example_dags/example_bash_operator.py
[2021-07-19 00:08:50,170] {logging_mixin.py:104} INFO - [2021-07-19 00:08:50,170] {dag.py:1833} INFO - Sync 1 DAGs
[2021-07-19 00:08:50,202] {logging_mixin.py:104} INFO - [2021-07-19 00:08:50,202] {dag.py:2306} INFO - Setting next_dagrun for example_bash_operator to 2021-07-17 00:00:00+00:00
[2021-07-19 00:08:50,365] {scheduler_job.py:189} INFO - Processing /home/airflow/.local/lib/python3.6/site-packages/airflow/example_dags/example_bash_operator.py took 0.254 seconds
[2021-07-19 00:09:21,205] {scheduler_job.py:181} INFO - Started process (PID=1568) to work on /home/airflow/.local/lib/python3.6/site-packages/airflow/example_dags/example_bash_operator.py
[2021-07-19 00:09:21,208] {scheduler_job.py:632} INFO - Processing file /home/airflow/.local/lib/python3.6/site-packages/airflow/example_dags/example_bash_operator.py for tasks to queue
[2021-07-19 00:09:21,227] {logging_mixin.py:104} INFO - [2021-07-19 00:09:21,226] {dagbag.py:496} INFO - Filling up the DagBag from /home/airflow/.local/lib/python3.6/site-packages/airflow/example_dags/example_bash_operator.py
[2021-07-19 00:09:21,279] {scheduler_job.py:642} INFO - DAG(s) dict_keys(['example_bash_operator']) retrieved from /home/airflow/.local/lib/python3.6/site-packages/airflow/example_dags/example_bash_operator.py
[2021-07-19 00:09:21,381] {logging_mixin.py:104} INFO - [2021-07-19 00:09:21,381] {dag.py:1833} INFO - Sync 1 DAGs
[2021-07-19 00:09:21,479] {logging_mixin.py:104} INFO - [2021-07-19 00:09:21,479] {dag.py:2306} INFO - Setting next_dagrun for example_bash_operator to 2021-07-17 00:00:00+00:00
[2021-07-19 00:09:21,845] {scheduler_job.py:189} INFO - Processing /home/airflow/.local/lib/python3.6/site-packages/airflow/example_dags/example_bash_operator.py took 0.644 seconds
[2021-07-19 00:09:52,677] {scheduler_job.py:181} INFO - Started process (PID=1625) to work on /home/airflow/.local/lib/python3.6/site-packages/airflow/example_dags/example_bash_operator.py
[2021-07-19 00:09:53,227] {scheduler_job.py:632} INFO - Processing file /home/airflow/.local/lib/python3.6/site-packages/airflow/example_dags/example_bash_operator.py for tasks to queue
[2021-07-19 00:09:53,232] {logging_mixin.py:104} INFO - [2021-07-19 00:09:53,232] {dagbag.py:496} INFO - Filling up the DagBag from /home/airflow/.local/lib/python3.6/site-packages/airflow/example_dags/example_bash_operator.py
[2021-07-19 00:09:53,351] {scheduler_job.py:642} INFO - DAG(s) dict_keys(['example_bash_operator']) retrieved from /home/airflow/.local/lib/python3.6/site-packages/airflow/example_dags/example_bash_operator.py
[2021-07-19 00:09:53,389] {logging_mixin.py:104} INFO - [2021-07-19 00:09:53,389] {dag.py:1833} INFO - Sync 1 DAGs
[2021-07-19 00:09:53,415] {logging_mixin.py:104} INFO - [2021-07-19 00:09:53,414] {dag.py:2306} INFO - Setting next_dagrun for example_bash_operator to 2021-07-17 00:00:00+00:00
[2021-07-19 00:09:53,525] {scheduler_job.py:189} INFO - Processing /home/airflow/.local/lib/python3.6/site-packages/airflow/example_dags/example_bash_operator.py took 0.854 seconds
[2021-07-19 00:10:24,428] {scheduler_job.py:181} INFO - Started process (PID=1682) to work on /home/airflow/.local/lib/python3.6/site-packages/airflow/example_dags/example_bash_operator.py
[2021-07-19 00:10:24,430] {scheduler_job.py:632} INFO - Processing file /home/airflow/.local/lib/python3.6/site-packages/airflow/example_dags/example_bash_operator.py for tasks to queue
[2021-07-19 00:10:24,431] {logging_mixin.py:104} INFO - [2021-07-19 00:10:24,431] {dagbag.py:496} INFO - Filling up the DagBag from /home/airflow/.local/lib/python3.6/site-packages/airflow/example_dags/example_bash_operator.py
[2021-07-19 00:10:24,449] {scheduler_job.py:642} INFO - DAG(s) dict_keys(['example_bash_operator']) retrieved from /home/airflow/.local/lib/python3.6/site-packages/airflow/example_dags/example_bash_operator.py
[2021-07-19 00:10:24,480] {logging_mixin.py:104} INFO - [2021-07-19 00:10:24,480] {dag.py:1833} INFO - Sync 1 DAGs
[2021-07-19 00:10:24,508] {logging_mixin.py:104} INFO - [2021-07-19 00:10:24,508] {dag.py:2306} INFO - Setting next_dagrun for example_bash_operator to 2021-07-17 00:00:00+00:00
[2021-07-19 00:10:24,592] {scheduler_job.py:189} INFO - Processing /home/airflow/.local/lib/python3.6/site-packages/airflow/example_dags/example_bash_operator.py took 0.169 seconds
[2021-07-19 00:10:55,458] {scheduler_job.py:181} INFO - Started process (PID=1748) to work on /home/airflow/.local/lib/python3.6/site-packages/airflow/example_dags/example_bash_operator.py
[2021-07-19 00:10:55,461] {scheduler_job.py:632} INFO - Processing file /home/airflow/.local/lib/python3.6/site-packages/airflow/example_dags/example_bash_operator.py for tasks to queue
[2021-07-19 00:10:55,463] {logging_mixin.py:104} INFO - [2021-07-19 00:10:55,462] {dagbag.py:496} INFO - Filling up the DagBag from /home/airflow/.local/lib/python3.6/site-packages/airflow/example_dags/example_bash_operator.py
[2021-07-19 00:10:55,493] {scheduler_job.py:642} INFO - DAG(s) dict_keys(['example_bash_operator']) retrieved from /home/airflow/.local/lib/python3.6/site-packages/airflow/example_dags/example_bash_operator.py
[2021-07-19 00:10:55,524] {logging_mixin.py:104} INFO - [2021-07-19 00:10:55,524] {dag.py:1833} INFO - Sync 1 DAGs
[2021-07-19 00:10:55,548] {logging_mixin.py:104} INFO - [2021-07-19 00:10:55,548] {dag.py:2306} INFO - Setting next_dagrun for example_bash_operator to 2021-07-17 00:00:00+00:00
[2021-07-19 00:10:55,807] {scheduler_job.py:189} INFO - Processing /home/airflow/.local/lib/python3.6/site-packages/airflow/example_dags/example_bash_operator.py took 0.355 seconds
[2021-07-19 00:11:26,718] {scheduler_job.py:181} INFO - Started process (PID=1805) to work on /home/airflow/.local/lib/python3.6/site-packages/airflow/example_dags/example_bash_operator.py
[2021-07-19 00:11:26,722] {scheduler_job.py:632} INFO - Processing file /home/airflow/.local/lib/python3.6/site-packages/airflow/example_dags/example_bash_operator.py for tasks to queue
[2021-07-19 00:11:26,724] {logging_mixin.py:104} INFO - [2021-07-19 00:11:26,724] {dagbag.py:496} INFO - Filling up the DagBag from /home/airflow/.local/lib/python3.6/site-packages/airflow/example_dags/example_bash_operator.py
[2021-07-19 00:11:26,763] {scheduler_job.py:642} INFO - DAG(s) dict_keys(['example_bash_operator']) retrieved from /home/airflow/.local/lib/python3.6/site-packages/airflow/example_dags/example_bash_operator.py
[2021-07-19 00:11:26,820] {logging_mixin.py:104} INFO - [2021-07-19 00:11:26,820] {dag.py:1833} INFO - Sync 1 DAGs
[2021-07-19 00:11:26,848] {logging_mixin.py:104} INFO - [2021-07-19 00:11:26,848] {dag.py:2306} INFO - Setting next_dagrun for example_bash_operator to 2021-07-17 00:00:00+00:00
[2021-07-19 00:11:26,955] {scheduler_job.py:189} INFO - Processing /home/airflow/.local/lib/python3.6/site-packages/airflow/example_dags/example_bash_operator.py took 0.243 seconds
[2021-07-19 00:11:57,525] {scheduler_job.py:181} INFO - Started process (PID=1864) to work on /home/airflow/.local/lib/python3.6/site-packages/airflow/example_dags/example_bash_operator.py
[2021-07-19 00:11:57,530] {scheduler_job.py:632} INFO - Processing file /home/airflow/.local/lib/python3.6/site-packages/airflow/example_dags/example_bash_operator.py for tasks to queue
[2021-07-19 00:11:57,533] {logging_mixin.py:104} INFO - [2021-07-19 00:11:57,532] {dagbag.py:496} INFO - Filling up the DagBag from /home/airflow/.local/lib/python3.6/site-packages/airflow/example_dags/example_bash_operator.py
[2021-07-19 00:11:57,560] {scheduler_job.py:642} INFO - DAG(s) dict_keys(['example_bash_operator']) retrieved from /home/airflow/.local/lib/python3.6/site-packages/airflow/example_dags/example_bash_operator.py
[2021-07-19 00:11:57,590] {logging_mixin.py:104} INFO - [2021-07-19 00:11:57,590] {dag.py:1833} INFO - Sync 1 DAGs
[2021-07-19 00:11:57,620] {logging_mixin.py:104} INFO - [2021-07-19 00:11:57,620] {dag.py:2306} INFO - Setting next_dagrun for example_bash_operator to 2021-07-17 00:00:00+00:00
[2021-07-19 00:11:57,726] {scheduler_job.py:189} INFO - Processing /home/airflow/.local/lib/python3.6/site-packages/airflow/example_dags/example_bash_operator.py took 0.217 seconds
[2021-07-19 00:12:28,434] {scheduler_job.py:181} INFO - Started process (PID=1930) to work on /home/airflow/.local/lib/python3.6/site-packages/airflow/example_dags/example_bash_operator.py
[2021-07-19 00:12:28,437] {scheduler_job.py:632} INFO - Processing file /home/airflow/.local/lib/python3.6/site-packages/airflow/example_dags/example_bash_operator.py for tasks to queue
[2021-07-19 00:12:28,438] {logging_mixin.py:104} INFO - [2021-07-19 00:12:28,438] {dagbag.py:496} INFO - Filling up the DagBag from /home/airflow/.local/lib/python3.6/site-packages/airflow/example_dags/example_bash_operator.py
[2021-07-19 00:12:28,460] {scheduler_job.py:642} INFO - DAG(s) dict_keys(['example_bash_operator']) retrieved from /home/airflow/.local/lib/python3.6/site-packages/airflow/example_dags/example_bash_operator.py
[2021-07-19 00:12:28,492] {logging_mixin.py:104} INFO - [2021-07-19 00:12:28,492] {dag.py:1833} INFO - Sync 1 DAGs
[2021-07-19 00:12:28,522] {logging_mixin.py:104} INFO - [2021-07-19 00:12:28,522] {dag.py:2306} INFO - Setting next_dagrun for example_bash_operator to 2021-07-17 00:00:00+00:00
[2021-07-19 00:12:28,671] {scheduler_job.py:189} INFO - Processing /home/airflow/.local/lib/python3.6/site-packages/airflow/example_dags/example_bash_operator.py took 0.241 seconds
[2021-07-19 00:12:59,192] {scheduler_job.py:181} INFO - Started process (PID=1988) to work on /home/airflow/.local/lib/python3.6/site-packages/airflow/example_dags/example_bash_operator.py
[2021-07-19 00:12:59,195] {scheduler_job.py:632} INFO - Processing file /home/airflow/.local/lib/python3.6/site-packages/airflow/example_dags/example_bash_operator.py for tasks to queue
[2021-07-19 00:12:59,197] {logging_mixin.py:104} INFO - [2021-07-19 00:12:59,197] {dagbag.py:496} INFO - Filling up the DagBag from /home/airflow/.local/lib/python3.6/site-packages/airflow/example_dags/example_bash_operator.py
[2021-07-19 00:12:59,224] {scheduler_job.py:642} INFO - DAG(s) dict_keys(['example_bash_operator']) retrieved from /home/airflow/.local/lib/python3.6/site-packages/airflow/example_dags/example_bash_operator.py
[2021-07-19 00:12:59,260] {logging_mixin.py:104} INFO - [2021-07-19 00:12:59,260] {dag.py:1833} INFO - Sync 1 DAGs
[2021-07-19 00:12:59,293] {logging_mixin.py:104} INFO - [2021-07-19 00:12:59,293] {dag.py:2306} INFO - Setting next_dagrun for example_bash_operator to 2021-07-17 00:00:00+00:00
[2021-07-19 00:12:59,370] {scheduler_job.py:189} INFO - Processing /home/airflow/.local/lib/python3.6/site-packages/airflow/example_dags/example_bash_operator.py took 0.194 seconds
[2021-07-19 00:13:29,551] {scheduler_job.py:181} INFO - Started process (PID=2048) to work on /home/airflow/.local/lib/python3.6/site-packages/airflow/example_dags/example_bash_operator.py
[2021-07-19 00:13:29,554] {scheduler_job.py:632} INFO - Processing file /home/airflow/.local/lib/python3.6/site-packages/airflow/example_dags/example_bash_operator.py for tasks to queue
[2021-07-19 00:13:29,555] {logging_mixin.py:104} INFO - [2021-07-19 00:13:29,555] {dagbag.py:496} INFO - Filling up the DagBag from /home/airflow/.local/lib/python3.6/site-packages/airflow/example_dags/example_bash_operator.py
[2021-07-19 00:13:29,571] {scheduler_job.py:642} INFO - DAG(s) dict_keys(['example_bash_operator']) retrieved from /home/airflow/.local/lib/python3.6/site-packages/airflow/example_dags/example_bash_operator.py
[2021-07-19 00:13:29,598] {logging_mixin.py:104} INFO - [2021-07-19 00:13:29,598] {dag.py:1833} INFO - Sync 1 DAGs
[2021-07-19 00:13:29,624] {logging_mixin.py:104} INFO - [2021-07-19 00:13:29,624] {dag.py:2306} INFO - Setting next_dagrun for example_bash_operator to 2021-07-17 00:00:00+00:00
[2021-07-19 00:13:29,739] {scheduler_job.py:189} INFO - Processing /home/airflow/.local/lib/python3.6/site-packages/airflow/example_dags/example_bash_operator.py took 0.192 seconds
[2021-07-19 00:14:00,693] {scheduler_job.py:181} INFO - Started process (PID=2117) to work on /home/airflow/.local/lib/python3.6/site-packages/airflow/example_dags/example_bash_operator.py
[2021-07-19 00:14:00,695] {scheduler_job.py:632} INFO - Processing file /home/airflow/.local/lib/python3.6/site-packages/airflow/example_dags/example_bash_operator.py for tasks to queue
[2021-07-19 00:14:00,697] {logging_mixin.py:104} INFO - [2021-07-19 00:14:00,697] {dagbag.py:496} INFO - Filling up the DagBag from /home/airflow/.local/lib/python3.6/site-packages/airflow/example_dags/example_bash_operator.py
[2021-07-19 00:14:00,722] {scheduler_job.py:642} INFO - DAG(s) dict_keys(['example_bash_operator']) retrieved from /home/airflow/.local/lib/python3.6/site-packages/airflow/example_dags/example_bash_operator.py
[2021-07-19 00:14:00,763] {logging_mixin.py:104} INFO - [2021-07-19 00:14:00,762] {dag.py:1833} INFO - Sync 1 DAGs
[2021-07-19 00:14:00,797] {logging_mixin.py:104} INFO - [2021-07-19 00:14:00,796] {dag.py:2306} INFO - Setting next_dagrun for example_bash_operator to 2021-07-17 00:00:00+00:00
[2021-07-19 00:14:00,884] {scheduler_job.py:189} INFO - Processing /home/airflow/.local/lib/python3.6/site-packages/airflow/example_dags/example_bash_operator.py took 0.195 seconds
[2021-07-19 00:14:31,833] {scheduler_job.py:181} INFO - Started process (PID=2163) to work on /home/airflow/.local/lib/python3.6/site-packages/airflow/example_dags/example_bash_operator.py
[2021-07-19 00:14:31,836] {scheduler_job.py:632} INFO - Processing file /home/airflow/.local/lib/python3.6/site-packages/airflow/example_dags/example_bash_operator.py for tasks to queue
[2021-07-19 00:14:31,837] {logging_mixin.py:104} INFO - [2021-07-19 00:14:31,837] {dagbag.py:496} INFO - Filling up the DagBag from /home/airflow/.local/lib/python3.6/site-packages/airflow/example_dags/example_bash_operator.py
[2021-07-19 00:14:31,857] {scheduler_job.py:642} INFO - DAG(s) dict_keys(['example_bash_operator']) retrieved from /home/airflow/.local/lib/python3.6/site-packages/airflow/example_dags/example_bash_operator.py
[2021-07-19 00:14:31,885] {logging_mixin.py:104} INFO - [2021-07-19 00:14:31,884] {dag.py:1833} INFO - Sync 1 DAGs
[2021-07-19 00:14:31,908] {logging_mixin.py:104} INFO - [2021-07-19 00:14:31,908] {dag.py:2306} INFO - Setting next_dagrun for example_bash_operator to 2021-07-17 00:00:00+00:00
[2021-07-19 00:14:32,761] {scheduler_job.py:189} INFO - Processing /home/airflow/.local/lib/python3.6/site-packages/airflow/example_dags/example_bash_operator.py took 0.935 seconds
[2021-07-19 00:15:02,889] {scheduler_job.py:181} INFO - Started process (PID=2231) to work on /home/airflow/.local/lib/python3.6/site-packages/airflow/example_dags/example_bash_operator.py
[2021-07-19 00:15:02,891] {scheduler_job.py:632} INFO - Processing file /home/airflow/.local/lib/python3.6/site-packages/airflow/example_dags/example_bash_operator.py for tasks to queue
[2021-07-19 00:15:02,893] {logging_mixin.py:104} INFO - [2021-07-19 00:15:02,892] {dagbag.py:496} INFO - Filling up the DagBag from /home/airflow/.local/lib/python3.6/site-packages/airflow/example_dags/example_bash_operator.py
[2021-07-19 00:15:02,917] {scheduler_job.py:642} INFO - DAG(s) dict_keys(['example_bash_operator']) retrieved from /home/airflow/.local/lib/python3.6/site-packages/airflow/example_dags/example_bash_operator.py
[2021-07-19 00:15:02,950] {logging_mixin.py:104} INFO - [2021-07-19 00:15:02,950] {dag.py:1833} INFO - Sync 1 DAGs
[2021-07-19 00:15:02,986] {logging_mixin.py:104} INFO - [2021-07-19 00:15:02,986] {dag.py:2306} INFO - Setting next_dagrun for example_bash_operator to 2021-07-17 00:00:00+00:00
[2021-07-19 00:15:03,240] {scheduler_job.py:189} INFO - Processing /home/airflow/.local/lib/python3.6/site-packages/airflow/example_dags/example_bash_operator.py took 0.356 seconds
[2021-07-19 00:15:33,817] {scheduler_job.py:181} INFO - Started process (PID=2288) to work on /home/airflow/.local/lib/python3.6/site-packages/airflow/example_dags/example_bash_operator.py
[2021-07-19 00:15:33,819] {scheduler_job.py:632} INFO - Processing file /home/airflow/.local/lib/python3.6/site-packages/airflow/example_dags/example_bash_operator.py for tasks to queue
[2021-07-19 00:15:33,820] {logging_mixin.py:104} INFO - [2021-07-19 00:15:33,819] {dagbag.py:496} INFO - Filling up the DagBag from /home/airflow/.local/lib/python3.6/site-packages/airflow/example_dags/example_bash_operator.py
[2021-07-19 00:15:33,836] {scheduler_job.py:642} INFO - DAG(s) dict_keys(['example_bash_operator']) retrieved from /home/airflow/.local/lib/python3.6/site-packages/airflow/example_dags/example_bash_operator.py
[2021-07-19 00:15:33,863] {logging_mixin.py:104} INFO - [2021-07-19 00:15:33,863] {dag.py:1833} INFO - Sync 1 DAGs
[2021-07-19 00:15:33,885] {logging_mixin.py:104} INFO - [2021-07-19 00:15:33,885] {dag.py:2306} INFO - Setting next_dagrun for example_bash_operator to 2021-07-17 00:00:00+00:00
[2021-07-19 00:15:34,032] {scheduler_job.py:189} INFO - Processing /home/airflow/.local/lib/python3.6/site-packages/airflow/example_dags/example_bash_operator.py took 0.219 seconds
[2021-07-19 00:16:04,108] {scheduler_job.py:181} INFO - Started process (PID=2343) to work on /home/airflow/.local/lib/python3.6/site-packages/airflow/example_dags/example_bash_operator.py
[2021-07-19 00:16:04,111] {scheduler_job.py:632} INFO - Processing file /home/airflow/.local/lib/python3.6/site-packages/airflow/example_dags/example_bash_operator.py for tasks to queue
[2021-07-19 00:16:04,113] {logging_mixin.py:104} INFO - [2021-07-19 00:16:04,113] {dagbag.py:496} INFO - Filling up the DagBag from /home/airflow/.local/lib/python3.6/site-packages/airflow/example_dags/example_bash_operator.py
[2021-07-19 00:16:04,139] {scheduler_job.py:642} INFO - DAG(s) dict_keys(['example_bash_operator']) retrieved from /home/airflow/.local/lib/python3.6/site-packages/airflow/example_dags/example_bash_operator.py
[2021-07-19 00:16:04,165] {logging_mixin.py:104} INFO - [2021-07-19 00:16:04,165] {dag.py:1833} INFO - Sync 1 DAGs
[2021-07-19 00:16:04,187] {logging_mixin.py:104} INFO - [2021-07-19 00:16:04,187] {dag.py:2306} INFO - Setting next_dagrun for example_bash_operator to 2021-07-17 00:00:00+00:00
[2021-07-19 00:16:04,231] {scheduler_job.py:189} INFO - Processing /home/airflow/.local/lib/python3.6/site-packages/airflow/example_dags/example_bash_operator.py took 0.129 seconds
[2021-07-19 00:16:34,602] {scheduler_job.py:181} INFO - Started process (PID=2411) to work on /home/airflow/.local/lib/python3.6/site-packages/airflow/example_dags/example_bash_operator.py
[2021-07-19 00:16:34,604] {scheduler_job.py:632} INFO - Processing file /home/airflow/.local/lib/python3.6/site-packages/airflow/example_dags/example_bash_operator.py for tasks to queue
[2021-07-19 00:16:34,606] {logging_mixin.py:104} INFO - [2021-07-19 00:16:34,605] {dagbag.py:496} INFO - Filling up the DagBag from /home/airflow/.local/lib/python3.6/site-packages/airflow/example_dags/example_bash_operator.py
[2021-07-19 00:16:34,632] {scheduler_job.py:642} INFO - DAG(s) dict_keys(['example_bash_operator']) retrieved from /home/airflow/.local/lib/python3.6/site-packages/airflow/example_dags/example_bash_operator.py
[2021-07-19 00:16:34,661] {logging_mixin.py:104} INFO - [2021-07-19 00:16:34,661] {dag.py:1833} INFO - Sync 1 DAGs
[2021-07-19 00:16:34,688] {logging_mixin.py:104} INFO - [2021-07-19 00:16:34,688] {dag.py:2306} INFO - Setting next_dagrun for example_bash_operator to 2021-07-17 00:00:00+00:00
[2021-07-19 00:16:35,039] {scheduler_job.py:189} INFO - Processing /home/airflow/.local/lib/python3.6/site-packages/airflow/example_dags/example_bash_operator.py took 0.441 seconds
[2021-07-19 00:17:05,186] {scheduler_job.py:181} INFO - Started process (PID=2468) to work on /home/airflow/.local/lib/python3.6/site-packages/airflow/example_dags/example_bash_operator.py
[2021-07-19 00:17:05,189] {scheduler_job.py:632} INFO - Processing file /home/airflow/.local/lib/python3.6/site-packages/airflow/example_dags/example_bash_operator.py for tasks to queue
[2021-07-19 00:17:05,190] {logging_mixin.py:104} INFO - [2021-07-19 00:17:05,190] {dagbag.py:496} INFO - Filling up the DagBag from /home/airflow/.local/lib/python3.6/site-packages/airflow/example_dags/example_bash_operator.py
[2021-07-19 00:17:05,208] {scheduler_job.py:642} INFO - DAG(s) dict_keys(['example_bash_operator']) retrieved from /home/airflow/.local/lib/python3.6/site-packages/airflow/example_dags/example_bash_operator.py
[2021-07-19 00:17:05,233] {logging_mixin.py:104} INFO - [2021-07-19 00:17:05,233] {dag.py:1833} INFO - Sync 1 DAGs
[2021-07-19 00:17:05,256] {logging_mixin.py:104} INFO - [2021-07-19 00:17:05,256] {dag.py:2306} INFO - Setting next_dagrun for example_bash_operator to 2021-07-17 00:00:00+00:00
[2021-07-19 00:17:05,440] {scheduler_job.py:189} INFO - Processing /home/airflow/.local/lib/python3.6/site-packages/airflow/example_dags/example_bash_operator.py took 0.258 seconds
[2021-07-19 00:17:35,894] {scheduler_job.py:181} INFO - Started process (PID=2526) to work on /home/airflow/.local/lib/python3.6/site-packages/airflow/example_dags/example_bash_operator.py
[2021-07-19 00:17:35,896] {scheduler_job.py:632} INFO - Processing file /home/airflow/.local/lib/python3.6/site-packages/airflow/example_dags/example_bash_operator.py for tasks to queue
[2021-07-19 00:17:35,898] {logging_mixin.py:104} INFO - [2021-07-19 00:17:35,898] {dagbag.py:496} INFO - Filling up the DagBag from /home/airflow/.local/lib/python3.6/site-packages/airflow/example_dags/example_bash_operator.py
[2021-07-19 00:17:35,920] {scheduler_job.py:642} INFO - DAG(s) dict_keys(['example_bash_operator']) retrieved from /home/airflow/.local/lib/python3.6/site-packages/airflow/example_dags/example_bash_operator.py
[2021-07-19 00:17:35,950] {logging_mixin.py:104} INFO - [2021-07-19 00:17:35,949] {dag.py:1833} INFO - Sync 1 DAGs
[2021-07-19 00:17:35,977] {logging_mixin.py:104} INFO - [2021-07-19 00:17:35,977] {dag.py:2306} INFO - Setting next_dagrun for example_bash_operator to 2021-07-17 00:00:00+00:00
[2021-07-19 00:17:36,178] {scheduler_job.py:189} INFO - Processing /home/airflow/.local/lib/python3.6/site-packages/airflow/example_dags/example_bash_operator.py took 0.288 seconds
[2021-07-19 00:18:06,383] {scheduler_job.py:181} INFO - Started process (PID=2582) to work on /home/airflow/.local/lib/python3.6/site-packages/airflow/example_dags/example_bash_operator.py
[2021-07-19 00:18:06,386] {scheduler_job.py:632} INFO - Processing file /home/airflow/.local/lib/python3.6/site-packages/airflow/example_dags/example_bash_operator.py for tasks to queue
[2021-07-19 00:18:06,387] {logging_mixin.py:104} INFO - [2021-07-19 00:18:06,387] {dagbag.py:496} INFO - Filling up the DagBag from /home/airflow/.local/lib/python3.6/site-packages/airflow/example_dags/example_bash_operator.py
[2021-07-19 00:18:06,405] {scheduler_job.py:642} INFO - DAG(s) dict_keys(['example_bash_operator']) retrieved from /home/airflow/.local/lib/python3.6/site-packages/airflow/example_dags/example_bash_operator.py
[2021-07-19 00:18:06,436] {logging_mixin.py:104} INFO - [2021-07-19 00:18:06,436] {dag.py:1833} INFO - Sync 1 DAGs
[2021-07-19 00:18:06,461] {logging_mixin.py:104} INFO - [2021-07-19 00:18:06,461] {dag.py:2306} INFO - Setting next_dagrun for example_bash_operator to 2021-07-17 00:00:00+00:00
[2021-07-19 00:18:06,707] {scheduler_job.py:189} INFO - Processing /home/airflow/.local/lib/python3.6/site-packages/airflow/example_dags/example_bash_operator.py took 0.329 seconds
[2021-07-19 00:18:41,779] {scheduler_job.py:181} INFO - Started process (PID=2650) to work on /home/airflow/.local/lib/python3.6/site-packages/airflow/example_dags/example_bash_operator.py
[2021-07-19 00:18:42,052] {scheduler_job.py:632} INFO - Processing file /home/airflow/.local/lib/python3.6/site-packages/airflow/example_dags/example_bash_operator.py for tasks to queue
[2021-07-19 00:18:42,056] {logging_mixin.py:104} INFO - [2021-07-19 00:18:42,056] {dagbag.py:496} INFO - Filling up the DagBag from /home/airflow/.local/lib/python3.6/site-packages/airflow/example_dags/example_bash_operator.py
[2021-07-19 00:18:42,082] {scheduler_job.py:642} INFO - DAG(s) dict_keys(['example_bash_operator']) retrieved from /home/airflow/.local/lib/python3.6/site-packages/airflow/example_dags/example_bash_operator.py
[2021-07-19 00:18:42,110] {logging_mixin.py:104} INFO - [2021-07-19 00:18:42,110] {dag.py:1833} INFO - Sync 1 DAGs
[2021-07-19 00:18:42,141] {logging_mixin.py:104} INFO - [2021-07-19 00:18:42,141] {dag.py:2306} INFO - Setting next_dagrun for example_bash_operator to 2021-07-17 00:00:00+00:00
[2021-07-19 00:18:42,804] {scheduler_job.py:189} INFO - Processing /home/airflow/.local/lib/python3.6/site-packages/airflow/example_dags/example_bash_operator.py took 1.030 seconds
[2021-07-19 00:19:13,111] {scheduler_job.py:181} INFO - Started process (PID=2704) to work on /home/airflow/.local/lib/python3.6/site-packages/airflow/example_dags/example_bash_operator.py
[2021-07-19 00:19:13,114] {scheduler_job.py:632} INFO - Processing file /home/airflow/.local/lib/python3.6/site-packages/airflow/example_dags/example_bash_operator.py for tasks to queue
[2021-07-19 00:19:13,115] {logging_mixin.py:104} INFO - [2021-07-19 00:19:13,115] {dagbag.py:496} INFO - Filling up the DagBag from /home/airflow/.local/lib/python3.6/site-packages/airflow/example_dags/example_bash_operator.py
[2021-07-19 00:19:13,138] {scheduler_job.py:642} INFO - DAG(s) dict_keys(['example_bash_operator']) retrieved from /home/airflow/.local/lib/python3.6/site-packages/airflow/example_dags/example_bash_operator.py
[2021-07-19 00:19:13,167] {logging_mixin.py:104} INFO - [2021-07-19 00:19:13,167] {dag.py:1833} INFO - Sync 1 DAGs
[2021-07-19 00:19:13,198] {logging_mixin.py:104} INFO - [2021-07-19 00:19:13,198] {dag.py:2306} INFO - Setting next_dagrun for example_bash_operator to 2021-07-17 00:00:00+00:00
[2021-07-19 00:19:13,317] {scheduler_job.py:189} INFO - Processing /home/airflow/.local/lib/python3.6/site-packages/airflow/example_dags/example_bash_operator.py took 0.209 seconds
[2021-07-19 00:19:43,781] {scheduler_job.py:181} INFO - Started process (PID=2761) to work on /home/airflow/.local/lib/python3.6/site-packages/airflow/example_dags/example_bash_operator.py
[2021-07-19 00:19:43,783] {scheduler_job.py:632} INFO - Processing file /home/airflow/.local/lib/python3.6/site-packages/airflow/example_dags/example_bash_operator.py for tasks to queue
[2021-07-19 00:19:43,784] {logging_mixin.py:104} INFO - [2021-07-19 00:19:43,784] {dagbag.py:496} INFO - Filling up the DagBag from /home/airflow/.local/lib/python3.6/site-packages/airflow/example_dags/example_bash_operator.py
[2021-07-19 00:19:43,806] {scheduler_job.py:642} INFO - DAG(s) dict_keys(['example_bash_operator']) retrieved from /home/airflow/.local/lib/python3.6/site-packages/airflow/example_dags/example_bash_operator.py
[2021-07-19 00:19:43,834] {logging_mixin.py:104} INFO - [2021-07-19 00:19:43,833] {dag.py:1833} INFO - Sync 1 DAGs
[2021-07-19 00:19:43,860] {logging_mixin.py:104} INFO - [2021-07-19 00:19:43,860] {dag.py:2306} INFO - Setting next_dagrun for example_bash_operator to 2021-07-17 00:00:00+00:00
[2021-07-19 00:19:44,073] {scheduler_job.py:189} INFO - Processing /home/airflow/.local/lib/python3.6/site-packages/airflow/example_dags/example_bash_operator.py took 0.296 seconds
[2021-07-19 00:20:19,121] {scheduler_job.py:181} INFO - Started process (PID=2830) to work on /home/airflow/.local/lib/python3.6/site-packages/airflow/example_dags/example_bash_operator.py
[2021-07-19 00:20:19,123] {scheduler_job.py:632} INFO - Processing file /home/airflow/.local/lib/python3.6/site-packages/airflow/example_dags/example_bash_operator.py for tasks to queue
[2021-07-19 00:20:19,125] {logging_mixin.py:104} INFO - [2021-07-19 00:20:19,124] {dagbag.py:496} INFO - Filling up the DagBag from /home/airflow/.local/lib/python3.6/site-packages/airflow/example_dags/example_bash_operator.py
[2021-07-19 00:20:19,150] {scheduler_job.py:642} INFO - DAG(s) dict_keys(['example_bash_operator']) retrieved from /home/airflow/.local/lib/python3.6/site-packages/airflow/example_dags/example_bash_operator.py
[2021-07-19 00:20:19,183] {logging_mixin.py:104} INFO - [2021-07-19 00:20:19,183] {dag.py:1833} INFO - Sync 1 DAGs
[2021-07-19 00:20:19,208] {logging_mixin.py:104} INFO - [2021-07-19 00:20:19,208] {dag.py:2306} INFO - Setting next_dagrun for example_bash_operator to 2021-07-17 00:00:00+00:00
[2021-07-19 00:20:19,400] {scheduler_job.py:189} INFO - Processing /home/airflow/.local/lib/python3.6/site-packages/airflow/example_dags/example_bash_operator.py took 0.284 seconds
[2021-07-19 00:20:49,465] {scheduler_job.py:181} INFO - Started process (PID=2887) to work on /home/airflow/.local/lib/python3.6/site-packages/airflow/example_dags/example_bash_operator.py
[2021-07-19 00:20:49,467] {scheduler_job.py:632} INFO - Processing file /home/airflow/.local/lib/python3.6/site-packages/airflow/example_dags/example_bash_operator.py for tasks to queue
[2021-07-19 00:20:49,468] {logging_mixin.py:104} INFO - [2021-07-19 00:20:49,468] {dagbag.py:496} INFO - Filling up the DagBag from /home/airflow/.local/lib/python3.6/site-packages/airflow/example_dags/example_bash_operator.py
[2021-07-19 00:20:49,493] {scheduler_job.py:642} INFO - DAG(s) dict_keys(['example_bash_operator']) retrieved from /home/airflow/.local/lib/python3.6/site-packages/airflow/example_dags/example_bash_operator.py
[2021-07-19 00:20:49,547] {logging_mixin.py:104} INFO - [2021-07-19 00:20:49,546] {dag.py:1833} INFO - Sync 1 DAGs
[2021-07-19 00:20:49,603] {logging_mixin.py:104} INFO - [2021-07-19 00:20:49,603] {dag.py:2306} INFO - Setting next_dagrun for example_bash_operator to 2021-07-17 00:00:00+00:00
[2021-07-19 00:20:50,147] {scheduler_job.py:189} INFO - Processing /home/airflow/.local/lib/python3.6/site-packages/airflow/example_dags/example_bash_operator.py took 0.687 seconds
[2021-07-19 00:21:22,138] {scheduler_job.py:181} INFO - Started process (PID=2944) to work on /home/airflow/.local/lib/python3.6/site-packages/airflow/example_dags/example_bash_operator.py
[2021-07-19 00:21:22,140] {scheduler_job.py:632} INFO - Processing file /home/airflow/.local/lib/python3.6/site-packages/airflow/example_dags/example_bash_operator.py for tasks to queue
[2021-07-19 00:21:22,141] {logging_mixin.py:104} INFO - [2021-07-19 00:21:22,141] {dagbag.py:496} INFO - Filling up the DagBag from /home/airflow/.local/lib/python3.6/site-packages/airflow/example_dags/example_bash_operator.py
[2021-07-19 00:21:22,158] {scheduler_job.py:642} INFO - DAG(s) dict_keys(['example_bash_operator']) retrieved from /home/airflow/.local/lib/python3.6/site-packages/airflow/example_dags/example_bash_operator.py
[2021-07-19 00:21:22,185] {logging_mixin.py:104} INFO - [2021-07-19 00:21:22,185] {dag.py:1833} INFO - Sync 1 DAGs
[2021-07-19 00:21:22,214] {logging_mixin.py:104} INFO - [2021-07-19 00:21:22,214] {dag.py:2306} INFO - Setting next_dagrun for example_bash_operator to 2021-07-17 00:00:00+00:00
[2021-07-19 00:21:23,056] {scheduler_job.py:189} INFO - Processing /home/airflow/.local/lib/python3.6/site-packages/airflow/example_dags/example_bash_operator.py took 0.922 seconds
[2021-07-19 00:21:53,348] {scheduler_job.py:181} INFO - Started process (PID=3000) to work on /home/airflow/.local/lib/python3.6/site-packages/airflow/example_dags/example_bash_operator.py
[2021-07-19 00:21:53,350] {scheduler_job.py:632} INFO - Processing file /home/airflow/.local/lib/python3.6/site-packages/airflow/example_dags/example_bash_operator.py for tasks to queue
[2021-07-19 00:21:53,351] {logging_mixin.py:104} INFO - [2021-07-19 00:21:53,351] {dagbag.py:496} INFO - Filling up the DagBag from /home/airflow/.local/lib/python3.6/site-packages/airflow/example_dags/example_bash_operator.py
[2021-07-19 00:21:53,403] {scheduler_job.py:642} INFO - DAG(s) dict_keys(['example_bash_operator']) retrieved from /home/airflow/.local/lib/python3.6/site-packages/airflow/example_dags/example_bash_operator.py
[2021-07-19 00:21:53,434] {logging_mixin.py:104} INFO - [2021-07-19 00:21:53,434] {dag.py:1833} INFO - Sync 1 DAGs
[2021-07-19 00:21:53,457] {logging_mixin.py:104} INFO - [2021-07-19 00:21:53,457] {dag.py:2306} INFO - Setting next_dagrun for example_bash_operator to 2021-07-17 00:00:00+00:00
[2021-07-19 00:21:53,795] {scheduler_job.py:189} INFO - Processing /home/airflow/.local/lib/python3.6/site-packages/airflow/example_dags/example_bash_operator.py took 0.457 seconds
[2021-07-19 00:22:24,618] {scheduler_job.py:181} INFO - Started process (PID=3056) to work on /home/airflow/.local/lib/python3.6/site-packages/airflow/example_dags/example_bash_operator.py
[2021-07-19 00:22:24,620] {scheduler_job.py:632} INFO - Processing file /home/airflow/.local/lib/python3.6/site-packages/airflow/example_dags/example_bash_operator.py for tasks to queue
[2021-07-19 00:22:24,621] {logging_mixin.py:104} INFO - [2021-07-19 00:22:24,621] {dagbag.py:496} INFO - Filling up the DagBag from /home/airflow/.local/lib/python3.6/site-packages/airflow/example_dags/example_bash_operator.py
[2021-07-19 00:22:24,644] {scheduler_job.py:642} INFO - DAG(s) dict_keys(['example_bash_operator']) retrieved from /home/airflow/.local/lib/python3.6/site-packages/airflow/example_dags/example_bash_operator.py
[2021-07-19 00:22:24,674] {logging_mixin.py:104} INFO - [2021-07-19 00:22:24,674] {dag.py:1833} INFO - Sync 1 DAGs
[2021-07-19 00:22:24,698] {logging_mixin.py:104} INFO - [2021-07-19 00:22:24,698] {dag.py:2306} INFO - Setting next_dagrun for example_bash_operator to 2021-07-17 00:00:00+00:00
[2021-07-19 00:22:25,031] {scheduler_job.py:189} INFO - Processing /home/airflow/.local/lib/python3.6/site-packages/airflow/example_dags/example_bash_operator.py took 0.417 seconds
[2021-07-19 00:22:55,403] {scheduler_job.py:181} INFO - Started process (PID=3124) to work on /home/airflow/.local/lib/python3.6/site-packages/airflow/example_dags/example_bash_operator.py
[2021-07-19 00:22:55,406] {scheduler_job.py:632} INFO - Processing file /home/airflow/.local/lib/python3.6/site-packages/airflow/example_dags/example_bash_operator.py for tasks to queue
[2021-07-19 00:22:55,407] {logging_mixin.py:104} INFO - [2021-07-19 00:22:55,407] {dagbag.py:496} INFO - Filling up the DagBag from /home/airflow/.local/lib/python3.6/site-packages/airflow/example_dags/example_bash_operator.py
[2021-07-19 00:22:55,433] {scheduler_job.py:642} INFO - DAG(s) dict_keys(['example_bash_operator']) retrieved from /home/airflow/.local/lib/python3.6/site-packages/airflow/example_dags/example_bash_operator.py
[2021-07-19 00:22:55,480] {logging_mixin.py:104} INFO - [2021-07-19 00:22:55,480] {dag.py:1833} INFO - Sync 1 DAGs
[2021-07-19 00:22:55,538] {logging_mixin.py:104} INFO - [2021-07-19 00:22:55,536] {dag.py:2306} INFO - Setting next_dagrun for example_bash_operator to 2021-07-17 00:00:00+00:00
[2021-07-19 00:22:55,835] {scheduler_job.py:189} INFO - Processing /home/airflow/.local/lib/python3.6/site-packages/airflow/example_dags/example_bash_operator.py took 0.438 seconds
[2021-07-19 00:23:27,301] {scheduler_job.py:181} INFO - Started process (PID=3180) to work on /home/airflow/.local/lib/python3.6/site-packages/airflow/example_dags/example_bash_operator.py
[2021-07-19 00:23:27,303] {scheduler_job.py:632} INFO - Processing file /home/airflow/.local/lib/python3.6/site-packages/airflow/example_dags/example_bash_operator.py for tasks to queue
[2021-07-19 00:23:27,305] {logging_mixin.py:104} INFO - [2021-07-19 00:23:27,304] {dagbag.py:496} INFO - Filling up the DagBag from /home/airflow/.local/lib/python3.6/site-packages/airflow/example_dags/example_bash_operator.py
[2021-07-19 00:23:27,328] {scheduler_job.py:642} INFO - DAG(s) dict_keys(['example_bash_operator']) retrieved from /home/airflow/.local/lib/python3.6/site-packages/airflow/example_dags/example_bash_operator.py
[2021-07-19 00:23:27,359] {logging_mixin.py:104} INFO - [2021-07-19 00:23:27,359] {dag.py:1833} INFO - Sync 1 DAGs
[2021-07-19 00:23:27,384] {logging_mixin.py:104} INFO - [2021-07-19 00:23:27,384] {dag.py:2306} INFO - Setting next_dagrun for example_bash_operator to 2021-07-17 00:00:00+00:00
[2021-07-19 00:23:28,876] {scheduler_job.py:189} INFO - Processing /home/airflow/.local/lib/python3.6/site-packages/airflow/example_dags/example_bash_operator.py took 1.579 seconds
                                                                                                                                                                                                                                                                                                                                                                                                                                                                                                                                                                                                                                                                                                                                                                                                                                                                                                                                                                                                                                                                                                                                                                                                                                                                                                                                                                                                                                                                                                                                                                                                                                                                                                                                                                                                                                                                                                                                                                                                                                                                                                                                                                                                                                                                                                                                                                                                                                                                                                                                                                                                                                                                                                                                                                                                                                                                                                                                                                                                                                                                                                                                                                                                                                                                                                                                                                                                                                                                                                                                                                                                                                                                                                                                                                                                                                                                                                                                                                                                                                                                                                                                                                                                                                                                                                                                                                                                                                                                                                                                                                                                                                                                                                                                                                                                                                                                                                                                                                                                                                                                                                                                                                                                                                                                                                                                                                                                                                                                                                                                                                                                                                                                                                                                                                                                                                                                                                                                                                                                                                                                                                                                                                                                                                                                                                                                                                                                                                                                                                                                                                                                                                                                                              