[2021-07-19 00:00:00,951] {scheduler_job.py:181} INFO - Started process (PID=445) to work on /home/airflow/.local/lib/python3.6/site-packages/airflow/example_dags/example_kubernetes_executor.py
[2021-07-19 00:00:00,953] {scheduler_job.py:632} INFO - Processing file /home/airflow/.local/lib/python3.6/site-packages/airflow/example_dags/example_kubernetes_executor.py for tasks to queue
[2021-07-19 00:00:00,954] {logging_mixin.py:104} INFO - [2021-07-19 00:00:00,954] {dagbag.py:496} INFO - Filling up the DagBag from /home/airflow/.local/lib/python3.6/site-packages/airflow/example_dags/example_kubernetes_executor.py
[2021-07-19 00:00:00,979] {scheduler_job.py:642} INFO - DAG(s) dict_keys(['example_kubernetes_executor']) retrieved from /home/airflow/.local/lib/python3.6/site-packages/airflow/example_dags/example_kubernetes_executor.py
[2021-07-19 00:00:01,352] {logging_mixin.py:104} INFO - [2021-07-19 00:00:01,352] {dag.py:1833} INFO - Sync 1 DAGs
[2021-07-19 00:00:01,380] {logging_mixin.py:104} INFO - [2021-07-19 00:00:01,380] {dag.py:2306} INFO - Setting next_dagrun for example_kubernetes_executor to None
[2021-07-19 00:00:01,517] {scheduler_job.py:189} INFO - Processing /home/airflow/.local/lib/python3.6/site-packages/airflow/example_dags/example_kubernetes_executor.py took 0.571 seconds
[2021-07-19 00:00:31,710] {scheduler_job.py:181} INFO - Started process (PID=515) to work on /home/airflow/.local/lib/python3.6/site-packages/airflow/example_dags/example_kubernetes_executor.py
[2021-07-19 00:00:31,712] {scheduler_job.py:632} INFO - Processing file /home/airflow/.local/lib/python3.6/site-packages/airflow/example_dags/example_kubernetes_executor.py for tasks to queue
[2021-07-19 00:00:31,714] {logging_mixin.py:104} INFO - [2021-07-19 00:00:31,714] {dagbag.py:496} INFO - Filling up the DagBag from /home/airflow/.local/lib/python3.6/site-packages/airflow/example_dags/example_kubernetes_executor.py
[2021-07-19 00:00:31,730] {scheduler_job.py:642} INFO - DAG(s) dict_keys(['example_kubernetes_executor']) retrieved from /home/airflow/.local/lib/python3.6/site-packages/airflow/example_dags/example_kubernetes_executor.py
[2021-07-19 00:00:31,755] {logging_mixin.py:104} INFO - [2021-07-19 00:00:31,755] {dag.py:1833} INFO - Sync 1 DAGs
[2021-07-19 00:00:31,777] {logging_mixin.py:104} INFO - [2021-07-19 00:00:31,777] {dag.py:2306} INFO - Setting next_dagrun for example_kubernetes_executor to None
[2021-07-19 00:00:31,823] {scheduler_job.py:189} INFO - Processing /home/airflow/.local/lib/python3.6/site-packages/airflow/example_dags/example_kubernetes_executor.py took 0.117 seconds
[2021-07-19 00:01:02,450] {scheduler_job.py:181} INFO - Started process (PID=571) to work on /home/airflow/.local/lib/python3.6/site-packages/airflow/example_dags/example_kubernetes_executor.py
[2021-07-19 00:01:02,452] {scheduler_job.py:632} INFO - Processing file /home/airflow/.local/lib/python3.6/site-packages/airflow/example_dags/example_kubernetes_executor.py for tasks to queue
[2021-07-19 00:01:02,454] {logging_mixin.py:104} INFO - [2021-07-19 00:01:02,453] {dagbag.py:496} INFO - Filling up the DagBag from /home/airflow/.local/lib/python3.6/site-packages/airflow/example_dags/example_kubernetes_executor.py
[2021-07-19 00:01:02,474] {scheduler_job.py:642} INFO - DAG(s) dict_keys(['example_kubernetes_executor']) retrieved from /home/airflow/.local/lib/python3.6/site-packages/airflow/example_dags/example_kubernetes_executor.py
[2021-07-19 00:01:02,499] {logging_mixin.py:104} INFO - [2021-07-19 00:01:02,499] {dag.py:1833} INFO - Sync 1 DAGs
[2021-07-19 00:01:02,518] {logging_mixin.py:104} INFO - [2021-07-19 00:01:02,518] {dag.py:2306} INFO - Setting next_dagrun for example_kubernetes_executor to None
[2021-07-19 00:01:02,720] {scheduler_job.py:189} INFO - Processing /home/airflow/.local/lib/python3.6/site-packages/airflow/example_dags/example_kubernetes_executor.py took 0.275 seconds
[2021-07-19 00:01:33,069] {scheduler_job.py:181} INFO - Started process (PID=630) to work on /home/airflow/.local/lib/python3.6/site-packages/airflow/example_dags/example_kubernetes_executor.py
[2021-07-19 00:01:33,071] {scheduler_job.py:632} INFO - Processing file /home/airflow/.local/lib/python3.6/site-packages/airflow/example_dags/example_kubernetes_executor.py for tasks to queue
[2021-07-19 00:01:33,073] {logging_mixin.py:104} INFO - [2021-07-19 00:01:33,073] {dagbag.py:496} INFO - Filling up the DagBag from /home/airflow/.local/lib/python3.6/site-packages/airflow/example_dags/example_kubernetes_executor.py
[2021-07-19 00:01:33,093] {scheduler_job.py:642} INFO - DAG(s) dict_keys(['example_kubernetes_executor']) retrieved from /home/airflow/.local/lib/python3.6/site-packages/airflow/example_dags/example_kubernetes_executor.py
[2021-07-19 00:01:33,155] {logging_mixin.py:104} INFO - [2021-07-19 00:01:33,155] {dag.py:1833} INFO - Sync 1 DAGs
[2021-07-19 00:01:33,188] {logging_mixin.py:104} INFO - [2021-07-19 00:01:33,187] {dag.py:2306} INFO - Setting next_dagrun for example_kubernetes_executor to None
[2021-07-19 00:01:33,270] {scheduler_job.py:189} INFO - Processing /home/airflow/.local/lib/python3.6/site-packages/airflow/example_dags/example_kubernetes_executor.py took 0.206 seconds
[2021-07-19 00:02:03,836] {scheduler_job.py:181} INFO - Started process (PID=696) to work on /home/airflow/.local/lib/python3.6/site-packages/airflow/example_dags/example_kubernetes_executor.py
[2021-07-19 00:02:03,838] {scheduler_job.py:632} INFO - Processing file /home/airflow/.local/lib/python3.6/site-packages/airflow/example_dags/example_kubernetes_executor.py for tasks to queue
[2021-07-19 00:02:03,840] {logging_mixin.py:104} INFO - [2021-07-19 00:02:03,839] {dagbag.py:496} INFO - Filling up the DagBag from /home/airflow/.local/lib/python3.6/site-packages/airflow/example_dags/example_kubernetes_executor.py
[2021-07-19 00:02:03,884] {scheduler_job.py:642} INFO - DAG(s) dict_keys(['example_kubernetes_executor']) retrieved from /home/airflow/.local/lib/python3.6/site-packages/airflow/example_dags/example_kubernetes_executor.py
[2021-07-19 00:02:03,920] {logging_mixin.py:104} INFO - [2021-07-19 00:02:03,919] {dag.py:1833} INFO - Sync 1 DAGs
[2021-07-19 00:02:03,944] {logging_mixin.py:104} INFO - [2021-07-19 00:02:03,944] {dag.py:2306} INFO - Setting next_dagrun for example_kubernetes_executor to None
[2021-07-19 00:02:04,056] {scheduler_job.py:189} INFO - Processing /home/airflow/.local/lib/python3.6/site-packages/airflow/example_dags/example_kubernetes_executor.py took 0.224 seconds
[2021-07-19 00:02:34,354] {scheduler_job.py:181} INFO - Started process (PID=754) to work on /home/airflow/.local/lib/python3.6/site-packages/airflow/example_dags/example_kubernetes_executor.py
[2021-07-19 00:02:34,356] {scheduler_job.py:632} INFO - Processing file /home/airflow/.local/lib/python3.6/site-packages/airflow/example_dags/example_kubernetes_executor.py for tasks to queue
[2021-07-19 00:02:34,358] {logging_mixin.py:104} INFO - [2021-07-19 00:02:34,357] {dagbag.py:496} INFO - Filling up the DagBag from /home/airflow/.local/lib/python3.6/site-packages/airflow/example_dags/example_kubernetes_executor.py
[2021-07-19 00:02:34,378] {scheduler_job.py:642} INFO - DAG(s) dict_keys(['example_kubernetes_executor']) retrieved from /home/airflow/.local/lib/python3.6/site-packages/airflow/example_dags/example_kubernetes_executor.py
[2021-07-19 00:02:34,410] {logging_mixin.py:104} INFO - [2021-07-19 00:02:34,410] {dag.py:1833} INFO - Sync 1 DAGs
[2021-07-19 00:02:34,433] {logging_mixin.py:104} INFO - [2021-07-19 00:02:34,433] {dag.py:2306} INFO - Setting next_dagrun for example_kubernetes_executor to None
[2021-07-19 00:02:34,482] {scheduler_job.py:189} INFO - Processing /home/airflow/.local/lib/python3.6/site-packages/airflow/example_dags/example_kubernetes_executor.py took 0.132 seconds
[2021-07-19 00:03:04,705] {scheduler_job.py:181} INFO - Started process (PID=811) to work on /home/airflow/.local/lib/python3.6/site-packages/airflow/example_dags/example_kubernetes_executor.py
[2021-07-19 00:03:04,707] {scheduler_job.py:632} INFO - Processing file /home/airflow/.local/lib/python3.6/site-packages/airflow/example_dags/example_kubernetes_executor.py for tasks to queue
[2021-07-19 00:03:04,715] {logging_mixin.py:104} INFO - [2021-07-19 00:03:04,714] {dagbag.py:496} INFO - Filling up the DagBag from /home/airflow/.local/lib/python3.6/site-packages/airflow/example_dags/example_kubernetes_executor.py
[2021-07-19 00:03:04,735] {scheduler_job.py:642} INFO - DAG(s) dict_keys(['example_kubernetes_executor']) retrieved from /home/airflow/.local/lib/python3.6/site-packages/airflow/example_dags/example_kubernetes_executor.py
[2021-07-19 00:03:04,766] {logging_mixin.py:104} INFO - [2021-07-19 00:03:04,766] {dag.py:1833} INFO - Sync 1 DAGs
[2021-07-19 00:03:04,815] {logging_mixin.py:104} INFO - [2021-07-19 00:03:04,814] {dag.py:2306} INFO - Setting next_dagrun for example_kubernetes_executor to None
[2021-07-19 00:03:04,898] {scheduler_job.py:189} INFO - Processing /home/airflow/.local/lib/python3.6/site-packages/airflow/example_dags/example_kubernetes_executor.py took 0.203 seconds
[2021-07-19 00:03:35,127] {scheduler_job.py:181} INFO - Started process (PID=877) to work on /home/airflow/.local/lib/python3.6/site-packages/airflow/example_dags/example_kubernetes_executor.py
[2021-07-19 00:03:35,136] {scheduler_job.py:632} INFO - Processing file /home/airflow/.local/lib/python3.6/site-packages/airflow/example_dags/example_kubernetes_executor.py for tasks to queue
[2021-07-19 00:03:35,140] {logging_mixin.py:104} INFO - [2021-07-19 00:03:35,140] {dagbag.py:496} INFO - Filling up the DagBag from /home/airflow/.local/lib/python3.6/site-packages/airflow/example_dags/example_kubernetes_executor.py
[2021-07-19 00:03:35,180] {scheduler_job.py:642} INFO - DAG(s) dict_keys(['example_kubernetes_executor']) retrieved from /home/airflow/.local/lib/python3.6/site-packages/airflow/example_dags/example_kubernetes_executor.py
[2021-07-19 00:03:35,210] {logging_mixin.py:104} INFO - [2021-07-19 00:03:35,210] {dag.py:1833} INFO - Sync 1 DAGs
[2021-07-19 00:03:35,238] {logging_mixin.py:104} INFO - [2021-07-19 00:03:35,238] {dag.py:2306} INFO - Setting next_dagrun for example_kubernetes_executor to None
[2021-07-19 00:03:35,427] {scheduler_job.py:189} INFO - Processing /home/airflow/.local/lib/python3.6/site-packages/airflow/example_dags/example_kubernetes_executor.py took 0.315 seconds
[2021-07-19 00:04:05,743] {scheduler_job.py:181} INFO - Started process (PID=933) to work on /home/airflow/.local/lib/python3.6/site-packages/airflow/example_dags/example_kubernetes_executor.py
[2021-07-19 00:04:05,745] {scheduler_job.py:632} INFO - Processing file /home/airflow/.local/lib/python3.6/site-packages/airflow/example_dags/example_kubernetes_executor.py for tasks to queue
[2021-07-19 00:04:05,746] {logging_mixin.py:104} INFO - [2021-07-19 00:04:05,746] {dagbag.py:496} INFO - Filling up the DagBag from /home/airflow/.local/lib/python3.6/site-packages/airflow/example_dags/example_kubernetes_executor.py
[2021-07-19 00:04:05,764] {scheduler_job.py:642} INFO - DAG(s) dict_keys(['example_kubernetes_executor']) retrieved from /home/airflow/.local/lib/python3.6/site-packages/airflow/example_dags/example_kubernetes_executor.py
[2021-07-19 00:04:05,818] {logging_mixin.py:104} INFO - [2021-07-19 00:04:05,817] {dag.py:1833} INFO - Sync 1 DAGs
[2021-07-19 00:04:05,846] {logging_mixin.py:104} INFO - [2021-07-19 00:04:05,846] {dag.py:2306} INFO - Setting next_dagrun for example_kubernetes_executor to None
[2021-07-19 00:04:06,000] {scheduler_job.py:189} INFO - Processing /home/airflow/.local/lib/python3.6/site-packages/airflow/example_dags/example_kubernetes_executor.py took 0.262 seconds
[2021-07-19 00:04:36,844] {scheduler_job.py:181} INFO - Started process (PID=1001) to work on /home/airflow/.local/lib/python3.6/site-packages/airflow/example_dags/example_kubernetes_executor.py
[2021-07-19 00:04:36,846] {scheduler_job.py:632} INFO - Processing file /home/airflow/.local/lib/python3.6/site-packages/airflow/example_dags/example_kubernetes_executor.py for tasks to queue
[2021-07-19 00:04:36,847] {logging_mixin.py:104} INFO - [2021-07-19 00:04:36,847] {dagbag.py:496} INFO - Filling up the DagBag from /home/airflow/.local/lib/python3.6/site-packages/airflow/example_dags/example_kubernetes_executor.py
[2021-07-19 00:04:36,866] {scheduler_job.py:642} INFO - DAG(s) dict_keys(['example_kubernetes_executor']) retrieved from /home/airflow/.local/lib/python3.6/site-packages/airflow/example_dags/example_kubernetes_executor.py
[2021-07-19 00:04:36,902] {logging_mixin.py:104} INFO - [2021-07-19 00:04:36,902] {dag.py:1833} INFO - Sync 1 DAGs
[2021-07-19 00:04:36,924] {logging_mixin.py:104} INFO - [2021-07-19 00:04:36,924] {dag.py:2306} INFO - Setting next_dagrun for example_kubernetes_executor to None
[2021-07-19 00:04:37,134] {scheduler_job.py:189} INFO - Processing /home/airflow/.local/lib/python3.6/site-packages/airflow/example_dags/example_kubernetes_executor.py took 0.294 seconds
[2021-07-19 00:05:07,460] {scheduler_job.py:181} INFO - Started process (PID=1057) to work on /home/airflow/.local/lib/python3.6/site-packages/airflow/example_dags/example_kubernetes_executor.py
[2021-07-19 00:05:07,467] {scheduler_job.py:632} INFO - Processing file /home/airflow/.local/lib/python3.6/site-packages/airflow/example_dags/example_kubernetes_executor.py for tasks to queue
[2021-07-19 00:05:07,470] {logging_mixin.py:104} INFO - [2021-07-19 00:05:07,470] {dagbag.py:496} INFO - Filling up the DagBag from /home/airflow/.local/lib/python3.6/site-packages/airflow/example_dags/example_kubernetes_executor.py
[2021-07-19 00:05:07,505] {scheduler_job.py:642} INFO - DAG(s) dict_keys(['example_kubernetes_executor']) retrieved from /home/airflow/.local/lib/python3.6/site-packages/airflow/example_dags/example_kubernetes_executor.py
[2021-07-19 00:05:07,543] {logging_mixin.py:104} INFO - [2021-07-19 00:05:07,542] {dag.py:1833} INFO - Sync 1 DAGs
[2021-07-19 00:05:07,569] {logging_mixin.py:104} INFO - [2021-07-19 00:05:07,569] {dag.py:2306} INFO - Setting next_dagrun for example_kubernetes_executor to None
[2021-07-19 00:05:07,646] {scheduler_job.py:189} INFO - Processing /home/airflow/.local/lib/python3.6/site-packages/airflow/example_dags/example_kubernetes_executor.py took 0.203 seconds
[2021-07-19 00:05:37,853] {scheduler_job.py:181} INFO - Started process (PID=1114) to work on /home/airflow/.local/lib/python3.6/site-packages/airflow/example_dags/example_kubernetes_executor.py
[2021-07-19 00:05:37,859] {scheduler_job.py:632} INFO - Processing file /home/airflow/.local/lib/python3.6/site-packages/airflow/example_dags/example_kubernetes_executor.py for tasks to queue
[2021-07-19 00:05:37,864] {logging_mixin.py:104} INFO - [2021-07-19 00:05:37,863] {dagbag.py:496} INFO - Filling up the DagBag from /home/airflow/.local/lib/python3.6/site-packages/airflow/example_dags/example_kubernetes_executor.py
[2021-07-19 00:05:37,902] {scheduler_job.py:642} INFO - DAG(s) dict_keys(['example_kubernetes_executor']) retrieved from /home/airflow/.local/lib/python3.6/site-packages/airflow/example_dags/example_kubernetes_executor.py
[2021-07-19 00:05:37,934] {logging_mixin.py:104} INFO - [2021-07-19 00:05:37,934] {dag.py:1833} INFO - Sync 1 DAGs
[2021-07-19 00:05:37,952] {logging_mixin.py:104} INFO - [2021-07-19 00:05:37,952] {dag.py:2306} INFO - Setting next_dagrun for example_kubernetes_executor to None
[2021-07-19 00:05:38,036] {scheduler_job.py:189} INFO - Processing /home/airflow/.local/lib/python3.6/site-packages/airflow/example_dags/example_kubernetes_executor.py took 0.199 seconds
[2021-07-19 00:06:08,125] {scheduler_job.py:181} INFO - Started process (PID=1180) to work on /home/airflow/.local/lib/python3.6/site-packages/airflow/example_dags/example_kubernetes_executor.py
[2021-07-19 00:06:08,126] {scheduler_job.py:632} INFO - Processing file /home/airflow/.local/lib/python3.6/site-packages/airflow/example_dags/example_kubernetes_executor.py for tasks to queue
[2021-07-19 00:06:08,127] {logging_mixin.py:104} INFO - [2021-07-19 00:06:08,127] {dagbag.py:496} INFO - Filling up the DagBag from /home/airflow/.local/lib/python3.6/site-packages/airflow/example_dags/example_kubernetes_executor.py
[2021-07-19 00:06:08,144] {scheduler_job.py:642} INFO - DAG(s) dict_keys(['example_kubernetes_executor']) retrieved from /home/airflow/.local/lib/python3.6/site-packages/airflow/example_dags/example_kubernetes_executor.py
[2021-07-19 00:06:08,172] {logging_mixin.py:104} INFO - [2021-07-19 00:06:08,172] {dag.py:1833} INFO - Sync 1 DAGs
[2021-07-19 00:06:08,191] {logging_mixin.py:104} INFO - [2021-07-19 00:06:08,191] {dag.py:2306} INFO - Setting next_dagrun for example_kubernetes_executor to None
[2021-07-19 00:06:08,269] {scheduler_job.py:189} INFO - Processing /home/airflow/.local/lib/python3.6/site-packages/airflow/example_dags/example_kubernetes_executor.py took 0.149 seconds
[2021-07-19 00:06:38,802] {scheduler_job.py:181} INFO - Started process (PID=1237) to work on /home/airflow/.local/lib/python3.6/site-packages/airflow/example_dags/example_kubernetes_executor.py
[2021-07-19 00:06:38,805] {scheduler_job.py:632} INFO - Processing file /home/airflow/.local/lib/python3.6/site-packages/airflow/example_dags/example_kubernetes_executor.py for tasks to queue
[2021-07-19 00:06:38,806] {logging_mixin.py:104} INFO - [2021-07-19 00:06:38,806] {dagbag.py:496} INFO - Filling up the DagBag from /home/airflow/.local/lib/python3.6/site-packages/airflow/example_dags/example_kubernetes_executor.py
[2021-07-19 00:06:38,820] {scheduler_job.py:642} INFO - DAG(s) dict_keys(['example_kubernetes_executor']) retrieved from /home/airflow/.local/lib/python3.6/site-packages/airflow/example_dags/example_kubernetes_executor.py
[2021-07-19 00:06:38,851] {logging_mixin.py:104} INFO - [2021-07-19 00:06:38,851] {dag.py:1833} INFO - Sync 1 DAGs
[2021-07-19 00:06:38,874] {logging_mixin.py:104} INFO - [2021-07-19 00:06:38,874] {dag.py:2306} INFO - Setting next_dagrun for example_kubernetes_executor to None
[2021-07-19 00:06:38,932] {scheduler_job.py:189} INFO - Processing /home/airflow/.local/lib/python3.6/site-packages/airflow/example_dags/example_kubernetes_executor.py took 0.134 seconds
[2021-07-19 00:07:09,807] {scheduler_job.py:181} INFO - Started process (PID=1306) to work on /home/airflow/.local/lib/python3.6/site-packages/airflow/example_dags/example_kubernetes_executor.py
[2021-07-19 00:07:09,809] {scheduler_job.py:632} INFO - Processing file /home/airflow/.local/lib/python3.6/site-packages/airflow/example_dags/example_kubernetes_executor.py for tasks to queue
[2021-07-19 00:07:09,810] {logging_mixin.py:104} INFO - [2021-07-19 00:07:09,810] {dagbag.py:496} INFO - Filling up the DagBag from /home/airflow/.local/lib/python3.6/site-packages/airflow/example_dags/example_kubernetes_executor.py
[2021-07-19 00:07:09,829] {scheduler_job.py:642} INFO - DAG(s) dict_keys(['example_kubernetes_executor']) retrieved from /home/airflow/.local/lib/python3.6/site-packages/airflow/example_dags/example_kubernetes_executor.py
[2021-07-19 00:07:09,865] {logging_mixin.py:104} INFO - [2021-07-19 00:07:09,865] {dag.py:1833} INFO - Sync 1 DAGs
[2021-07-19 00:07:09,892] {logging_mixin.py:104} INFO - [2021-07-19 00:07:09,892] {dag.py:2306} INFO - Setting next_dagrun for example_kubernetes_executor to None
[2021-07-19 00:07:10,003] {scheduler_job.py:189} INFO - Processing /home/airflow/.local/lib/python3.6/site-packages/airflow/example_dags/example_kubernetes_executor.py took 0.201 seconds
[2021-07-19 00:07:40,639] {scheduler_job.py:181} INFO - Started process (PID=1362) to work on /home/airflow/.local/lib/python3.6/site-packages/airflow/example_dags/example_kubernetes_executor.py
[2021-07-19 00:07:40,642] {scheduler_job.py:632} INFO - Processing file /home/airflow/.local/lib/python3.6/site-packages/airflow/example_dags/example_kubernetes_executor.py for tasks to queue
[2021-07-19 00:07:40,644] {logging_mixin.py:104} INFO - [2021-07-19 00:07:40,643] {dagbag.py:496} INFO - Filling up the DagBag from /home/airflow/.local/lib/python3.6/site-packages/airflow/example_dags/example_kubernetes_executor.py
[2021-07-19 00:07:40,672] {scheduler_job.py:642} INFO - DAG(s) dict_keys(['example_kubernetes_executor']) retrieved from /home/airflow/.local/lib/python3.6/site-packages/airflow/example_dags/example_kubernetes_executor.py
[2021-07-19 00:07:40,700] {logging_mixin.py:104} INFO - [2021-07-19 00:07:40,700] {dag.py:1833} INFO - Sync 1 DAGs
[2021-07-19 00:07:40,719] {logging_mixin.py:104} INFO - [2021-07-19 00:07:40,719] {dag.py:2306} INFO - Setting next_dagrun for example_kubernetes_executor to None
[2021-07-19 00:07:40,812] {scheduler_job.py:189} INFO - Processing /home/airflow/.local/lib/python3.6/site-packages/airflow/example_dags/example_kubernetes_executor.py took 0.182 seconds
[2021-07-19 00:08:11,774] {scheduler_job.py:181} INFO - Started process (PID=1419) to work on /home/airflow/.local/lib/python3.6/site-packages/airflow/example_dags/example_kubernetes_executor.py
[2021-07-19 00:08:11,776] {scheduler_job.py:632} INFO - Processing file /home/airflow/.local/lib/python3.6/site-packages/airflow/example_dags/example_kubernetes_executor.py for tasks to queue
[2021-07-19 00:08:11,777] {logging_mixin.py:104} INFO - [2021-07-19 00:08:11,777] {dagbag.py:496} INFO - Filling up the DagBag from /home/airflow/.local/lib/python3.6/site-packages/airflow/example_dags/example_kubernetes_executor.py
[2021-07-19 00:08:11,797] {scheduler_job.py:642} INFO - DAG(s) dict_keys(['example_kubernetes_executor']) retrieved from /home/airflow/.local/lib/python3.6/site-packages/airflow/example_dags/example_kubernetes_executor.py
[2021-07-19 00:08:11,824] {logging_mixin.py:104} INFO - [2021-07-19 00:08:11,824] {dag.py:1833} INFO - Sync 1 DAGs
[2021-07-19 00:08:11,861] {logging_mixin.py:104} INFO - [2021-07-19 00:08:11,861] {dag.py:2306} INFO - Setting next_dagrun for example_kubernetes_executor to None
[2021-07-19 00:08:12,067] {scheduler_job.py:189} INFO - Processing /home/airflow/.local/lib/python3.6/site-packages/airflow/example_dags/example_kubernetes_executor.py took 0.297 seconds
[2021-07-19 00:08:42,262] {scheduler_job.py:181} INFO - Started process (PID=1486) to work on /home/airflow/.local/lib/python3.6/site-packages/airflow/example_dags/example_kubernetes_executor.py
[2021-07-19 00:08:42,274] {scheduler_job.py:632} INFO - Processing file /home/airflow/.local/lib/python3.6/site-packages/airflow/example_dags/example_kubernetes_executor.py for tasks to queue
[2021-07-19 00:08:42,275] {logging_mixin.py:104} INFO - [2021-07-19 00:08:42,275] {dagbag.py:496} INFO - Filling up the DagBag from /home/airflow/.local/lib/python3.6/site-packages/airflow/example_dags/example_kubernetes_executor.py
[2021-07-19 00:08:42,300] {scheduler_job.py:642} INFO - DAG(s) dict_keys(['example_kubernetes_executor']) retrieved from /home/airflow/.local/lib/python3.6/site-packages/airflow/example_dags/example_kubernetes_executor.py
[2021-07-19 00:08:42,338] {logging_mixin.py:104} INFO - [2021-07-19 00:08:42,338] {dag.py:1833} INFO - Sync 1 DAGs
[2021-07-19 00:08:42,366] {logging_mixin.py:104} INFO - [2021-07-19 00:08:42,365] {dag.py:2306} INFO - Setting next_dagrun for example_kubernetes_executor to None
[2021-07-19 00:08:42,642] {scheduler_job.py:189} INFO - Processing /home/airflow/.local/lib/python3.6/site-packages/airflow/example_dags/example_kubernetes_executor.py took 0.384 seconds
[2021-07-19 00:09:12,855] {scheduler_job.py:181} INFO - Started process (PID=1542) to work on /home/airflow/.local/lib/python3.6/site-packages/airflow/example_dags/example_kubernetes_executor.py
[2021-07-19 00:09:12,857] {scheduler_job.py:632} INFO - Processing file /home/airflow/.local/lib/python3.6/site-packages/airflow/example_dags/example_kubernetes_executor.py for tasks to queue
[2021-07-19 00:09:12,859] {logging_mixin.py:104} INFO - [2021-07-19 00:09:12,859] {dagbag.py:496} INFO - Filling up the DagBag from /home/airflow/.local/lib/python3.6/site-packages/airflow/example_dags/example_kubernetes_executor.py
[2021-07-19 00:09:12,880] {scheduler_job.py:642} INFO - DAG(s) dict_keys(['example_kubernetes_executor']) retrieved from /home/airflow/.local/lib/python3.6/site-packages/airflow/example_dags/example_kubernetes_executor.py
[2021-07-19 00:09:12,915] {logging_mixin.py:104} INFO - [2021-07-19 00:09:12,915] {dag.py:1833} INFO - Sync 1 DAGs
[2021-07-19 00:09:12,942] {logging_mixin.py:104} INFO - [2021-07-19 00:09:12,942] {dag.py:2306} INFO - Setting next_dagrun for example_kubernetes_executor to None
[2021-07-19 00:09:13,099] {scheduler_job.py:189} INFO - Processing /home/airflow/.local/lib/python3.6/site-packages/airflow/example_dags/example_kubernetes_executor.py took 0.247 seconds
[2021-07-19 00:09:43,504] {scheduler_job.py:181} INFO - Started process (PID=1598) to work on /home/airflow/.local/lib/python3.6/site-packages/airflow/example_dags/example_kubernetes_executor.py
[2021-07-19 00:09:43,506] {scheduler_job.py:632} INFO - Processing file /home/airflow/.local/lib/python3.6/site-packages/airflow/example_dags/example_kubernetes_executor.py for tasks to queue
[2021-07-19 00:09:43,508] {logging_mixin.py:104} INFO - [2021-07-19 00:09:43,508] {dagbag.py:496} INFO - Filling up the DagBag from /home/airflow/.local/lib/python3.6/site-packages/airflow/example_dags/example_kubernetes_executor.py
[2021-07-19 00:09:43,531] {scheduler_job.py:642} INFO - DAG(s) dict_keys(['example_kubernetes_executor']) retrieved from /home/airflow/.local/lib/python3.6/site-packages/airflow/example_dags/example_kubernetes_executor.py
[2021-07-19 00:09:43,562] {logging_mixin.py:104} INFO - [2021-07-19 00:09:43,562] {dag.py:1833} INFO - Sync 1 DAGs
[2021-07-19 00:09:43,590] {logging_mixin.py:104} INFO - [2021-07-19 00:09:43,590] {dag.py:2306} INFO - Setting next_dagrun for example_kubernetes_executor to None
[2021-07-19 00:09:43,741] {scheduler_job.py:189} INFO - Processing /home/airflow/.local/lib/python3.6/site-packages/airflow/example_dags/example_kubernetes_executor.py took 0.242 seconds
[2021-07-19 00:10:14,141] {scheduler_job.py:181} INFO - Started process (PID=1666) to work on /home/airflow/.local/lib/python3.6/site-packages/airflow/example_dags/example_kubernetes_executor.py
[2021-07-19 00:10:14,142] {scheduler_job.py:632} INFO - Processing file /home/airflow/.local/lib/python3.6/site-packages/airflow/example_dags/example_kubernetes_executor.py for tasks to queue
[2021-07-19 00:10:14,143] {logging_mixin.py:104} INFO - [2021-07-19 00:10:14,143] {dagbag.py:496} INFO - Filling up the DagBag from /home/airflow/.local/lib/python3.6/site-packages/airflow/example_dags/example_kubernetes_executor.py
[2021-07-19 00:10:14,158] {scheduler_job.py:642} INFO - DAG(s) dict_keys(['example_kubernetes_executor']) retrieved from /home/airflow/.local/lib/python3.6/site-packages/airflow/example_dags/example_kubernetes_executor.py
[2021-07-19 00:10:14,188] {logging_mixin.py:104} INFO - [2021-07-19 00:10:14,188] {dag.py:1833} INFO - Sync 1 DAGs
[2021-07-19 00:10:14,213] {logging_mixin.py:104} INFO - [2021-07-19 00:10:14,213] {dag.py:2306} INFO - Setting next_dagrun for example_kubernetes_executor to None
[2021-07-19 00:10:14,300] {scheduler_job.py:189} INFO - Processing /home/airflow/.local/lib/python3.6/site-packages/airflow/example_dags/example_kubernetes_executor.py took 0.164 seconds
[2021-07-19 00:10:44,348] {scheduler_job.py:181} INFO - Started process (PID=1722) to work on /home/airflow/.local/lib/python3.6/site-packages/airflow/example_dags/example_kubernetes_executor.py
[2021-07-19 00:10:44,357] {scheduler_job.py:632} INFO - Processing file /home/airflow/.local/lib/python3.6/site-packages/airflow/example_dags/example_kubernetes_executor.py for tasks to queue
[2021-07-19 00:10:44,358] {logging_mixin.py:104} INFO - [2021-07-19 00:10:44,358] {dagbag.py:496} INFO - Filling up the DagBag from /home/airflow/.local/lib/python3.6/site-packages/airflow/example_dags/example_kubernetes_executor.py
[2021-07-19 00:10:44,377] {scheduler_job.py:642} INFO - DAG(s) dict_keys(['example_kubernetes_executor']) retrieved from /home/airflow/.local/lib/python3.6/site-packages/airflow/example_dags/example_kubernetes_executor.py
[2021-07-19 00:10:44,404] {logging_mixin.py:104} INFO - [2021-07-19 00:10:44,404] {dag.py:1833} INFO - Sync 1 DAGs
[2021-07-19 00:10:44,425] {logging_mixin.py:104} INFO - [2021-07-19 00:10:44,425] {dag.py:2306} INFO - Setting next_dagrun for example_kubernetes_executor to None
[2021-07-19 00:10:44,900] {scheduler_job.py:189} INFO - Processing /home/airflow/.local/lib/python3.6/site-packages/airflow/example_dags/example_kubernetes_executor.py took 0.557 seconds
[2021-07-19 00:11:15,595] {scheduler_job.py:181} INFO - Started process (PID=1777) to work on /home/airflow/.local/lib/python3.6/site-packages/airflow/example_dags/example_kubernetes_executor.py
[2021-07-19 00:11:15,676] {scheduler_job.py:632} INFO - Processing file /home/airflow/.local/lib/python3.6/site-packages/airflow/example_dags/example_kubernetes_executor.py for tasks to queue
[2021-07-19 00:11:15,690] {logging_mixin.py:104} INFO - [2021-07-19 00:11:15,682] {dagbag.py:496} INFO - Filling up the DagBag from /home/airflow/.local/lib/python3.6/site-packages/airflow/example_dags/example_kubernetes_executor.py
[2021-07-19 00:11:15,787] {scheduler_job.py:642} INFO - DAG(s) dict_keys(['example_kubernetes_executor']) retrieved from /home/airflow/.local/lib/python3.6/site-packages/airflow/example_dags/example_kubernetes_executor.py
[2021-07-19 00:11:15,834] {logging_mixin.py:104} INFO - [2021-07-19 00:11:15,834] {dag.py:1833} INFO - Sync 1 DAGs
[2021-07-19 00:11:15,857] {logging_mixin.py:104} INFO - [2021-07-19 00:11:15,857] {dag.py:2306} INFO - Setting next_dagrun for example_kubernetes_executor to None
[2021-07-19 00:11:16,321] {scheduler_job.py:189} INFO - Processing /home/airflow/.local/lib/python3.6/site-packages/airflow/example_dags/example_kubernetes_executor.py took 0.730 seconds
[2021-07-19 00:11:46,969] {scheduler_job.py:181} INFO - Started process (PID=1836) to work on /home/airflow/.local/lib/python3.6/site-packages/airflow/example_dags/example_kubernetes_executor.py
[2021-07-19 00:11:46,972] {scheduler_job.py:632} INFO - Processing file /home/airflow/.local/lib/python3.6/site-packages/airflow/example_dags/example_kubernetes_executor.py for tasks to queue
[2021-07-19 00:11:46,974] {logging_mixin.py:104} INFO - [2021-07-19 00:11:46,974] {dagbag.py:496} INFO - Filling up the DagBag from /home/airflow/.local/lib/python3.6/site-packages/airflow/example_dags/example_kubernetes_executor.py
[2021-07-19 00:11:46,993] {scheduler_job.py:642} INFO - DAG(s) dict_keys(['example_kubernetes_executor']) retrieved from /home/airflow/.local/lib/python3.6/site-packages/airflow/example_dags/example_kubernetes_executor.py
[2021-07-19 00:11:47,021] {logging_mixin.py:104} INFO - [2021-07-19 00:11:47,020] {dag.py:1833} INFO - Sync 1 DAGs
[2021-07-19 00:11:47,043] {logging_mixin.py:104} INFO - [2021-07-19 00:11:47,043] {dag.py:2306} INFO - Setting next_dagrun for example_kubernetes_executor to None
[2021-07-19 00:11:47,188] {scheduler_job.py:189} INFO - Processing /home/airflow/.local/lib/python3.6/site-packages/airflow/example_dags/example_kubernetes_executor.py took 0.230 seconds
[2021-07-19 00:12:18,082] {scheduler_job.py:181} INFO - Started process (PID=1903) to work on /home/airflow/.local/lib/python3.6/site-packages/airflow/example_dags/example_kubernetes_executor.py
[2021-07-19 00:12:18,084] {scheduler_job.py:632} INFO - Processing file /home/airflow/.local/lib/python3.6/site-packages/airflow/example_dags/example_kubernetes_executor.py for tasks to queue
[2021-07-19 00:12:18,085] {logging_mixin.py:104} INFO - [2021-07-19 00:12:18,085] {dagbag.py:496} INFO - Filling up the DagBag from /home/airflow/.local/lib/python3.6/site-packages/airflow/example_dags/example_kubernetes_executor.py
[2021-07-19 00:12:18,104] {scheduler_job.py:642} INFO - DAG(s) dict_keys(['example_kubernetes_executor']) retrieved from /home/airflow/.local/lib/python3.6/site-packages/airflow/example_dags/example_kubernetes_executor.py
[2021-07-19 00:12:18,134] {logging_mixin.py:104} INFO - [2021-07-19 00:12:18,134] {dag.py:1833} INFO - Sync 1 DAGs
[2021-07-19 00:12:18,156] {logging_mixin.py:104} INFO - [2021-07-19 00:12:18,156] {dag.py:2306} INFO - Setting next_dagrun for example_kubernetes_executor to None
[2021-07-19 00:12:18,473] {scheduler_job.py:189} INFO - Processing /home/airflow/.local/lib/python3.6/site-packages/airflow/example_dags/example_kubernetes_executor.py took 0.395 seconds
[2021-07-19 00:12:48,865] {scheduler_job.py:181} INFO - Started process (PID=1960) to work on /home/airflow/.local/lib/python3.6/site-packages/airflow/example_dags/example_kubernetes_executor.py
[2021-07-19 00:12:48,868] {scheduler_job.py:632} INFO - Processing file /home/airflow/.local/lib/python3.6/site-packages/airflow/example_dags/example_kubernetes_executor.py for tasks to queue
[2021-07-19 00:12:48,869] {logging_mixin.py:104} INFO - [2021-07-19 00:12:48,869] {dagbag.py:496} INFO - Filling up the DagBag from /home/airflow/.local/lib/python3.6/site-packages/airflow/example_dags/example_kubernetes_executor.py
[2021-07-19 00:12:48,883] {scheduler_job.py:642} INFO - DAG(s) dict_keys(['example_kubernetes_executor']) retrieved from /home/airflow/.local/lib/python3.6/site-packages/airflow/example_dags/example_kubernetes_executor.py
[2021-07-19 00:12:48,913] {logging_mixin.py:104} INFO - [2021-07-19 00:12:48,913] {dag.py:1833} INFO - Sync 1 DAGs
[2021-07-19 00:12:48,935] {logging_mixin.py:104} INFO - [2021-07-19 00:12:48,935] {dag.py:2306} INFO - Setting next_dagrun for example_kubernetes_executor to None
[2021-07-19 00:12:49,026] {scheduler_job.py:189} INFO - Processing /home/airflow/.local/lib/python3.6/site-packages/airflow/example_dags/example_kubernetes_executor.py took 0.165 seconds
[2021-07-19 00:13:19,247] {scheduler_job.py:181} INFO - Started process (PID=2018) to work on /home/airflow/.local/lib/python3.6/site-packages/airflow/example_dags/example_kubernetes_executor.py
[2021-07-19 00:13:19,249] {scheduler_job.py:632} INFO - Processing file /home/airflow/.local/lib/python3.6/site-packages/airflow/example_dags/example_kubernetes_executor.py for tasks to queue
[2021-07-19 00:13:19,251] {logging_mixin.py:104} INFO - [2021-07-19 00:13:19,250] {dagbag.py:496} INFO - Filling up the DagBag from /home/airflow/.local/lib/python3.6/site-packages/airflow/example_dags/example_kubernetes_executor.py
[2021-07-19 00:13:19,272] {scheduler_job.py:642} INFO - DAG(s) dict_keys(['example_kubernetes_executor']) retrieved from /home/airflow/.local/lib/python3.6/site-packages/airflow/example_dags/example_kubernetes_executor.py
[2021-07-19 00:13:19,326] {logging_mixin.py:104} INFO - [2021-07-19 00:13:19,326] {dag.py:1833} INFO - Sync 1 DAGs
[2021-07-19 00:13:19,355] {logging_mixin.py:104} INFO - [2021-07-19 00:13:19,355] {dag.py:2306} INFO - Setting next_dagrun for example_kubernetes_executor to None
[2021-07-19 00:13:19,680] {scheduler_job.py:189} INFO - Processing /home/airflow/.local/lib/python3.6/site-packages/airflow/example_dags/example_kubernetes_executor.py took 0.438 seconds
[2021-07-19 00:13:49,814] {scheduler_job.py:181} INFO - Started process (PID=2090) to work on /home/airflow/.local/lib/python3.6/site-packages/airflow/example_dags/example_kubernetes_executor.py
[2021-07-19 00:13:49,817] {scheduler_job.py:632} INFO - Processing file /home/airflow/.local/lib/python3.6/site-packages/airflow/example_dags/example_kubernetes_executor.py for tasks to queue
[2021-07-19 00:13:49,818] {logging_mixin.py:104} INFO - [2021-07-19 00:13:49,818] {dagbag.py:496} INFO - Filling up the DagBag from /home/airflow/.local/lib/python3.6/site-packages/airflow/example_dags/example_kubernetes_executor.py
[2021-07-19 00:13:49,839] {scheduler_job.py:642} INFO - DAG(s) dict_keys(['example_kubernetes_executor']) retrieved from /home/airflow/.local/lib/python3.6/site-packages/airflow/example_dags/example_kubernetes_executor.py
[2021-07-19 00:13:49,866] {logging_mixin.py:104} INFO - [2021-07-19 00:13:49,866] {dag.py:1833} INFO - Sync 1 DAGs
[2021-07-19 00:13:49,896] {logging_mixin.py:104} INFO - [2021-07-19 00:13:49,896] {dag.py:2306} INFO - Setting next_dagrun for example_kubernetes_executor to None
[2021-07-19 00:13:49,968] {scheduler_job.py:189} INFO - Processing /home/airflow/.local/lib/python3.6/site-packages/airflow/example_dags/example_kubernetes_executor.py took 0.158 seconds
[2021-07-19 00:14:20,232] {scheduler_job.py:181} INFO - Started process (PID=2147) to work on /home/airflow/.local/lib/python3.6/site-packages/airflow/example_dags/example_kubernetes_executor.py
[2021-07-19 00:14:20,234] {scheduler_job.py:632} INFO - Processing file /home/airflow/.local/lib/python3.6/site-packages/airflow/example_dags/example_kubernetes_executor.py for tasks to queue
[2021-07-19 00:14:20,235] {logging_mixin.py:104} INFO - [2021-07-19 00:14:20,235] {dagbag.py:496} INFO - Filling up the DagBag from /home/airflow/.local/lib/python3.6/site-packages/airflow/example_dags/example_kubernetes_executor.py
[2021-07-19 00:14:20,254] {scheduler_job.py:642} INFO - DAG(s) dict_keys(['example_kubernetes_executor']) retrieved from /home/airflow/.local/lib/python3.6/site-packages/airflow/example_dags/example_kubernetes_executor.py
[2021-07-19 00:14:20,288] {logging_mixin.py:104} INFO - [2021-07-19 00:14:20,287] {dag.py:1833} INFO - Sync 1 DAGs
[2021-07-19 00:14:20,308] {logging_mixin.py:104} INFO - [2021-07-19 00:14:20,308] {dag.py:2306} INFO - Setting next_dagrun for example_kubernetes_executor to None
[2021-07-19 00:14:20,490] {scheduler_job.py:189} INFO - Processing /home/airflow/.local/lib/python3.6/site-packages/airflow/example_dags/example_kubernetes_executor.py took 0.262 seconds
[2021-07-19 00:14:50,619] {scheduler_job.py:181} INFO - Started process (PID=2204) to work on /home/airflow/.local/lib/python3.6/site-packages/airflow/example_dags/example_kubernetes_executor.py
[2021-07-19 00:14:50,622] {scheduler_job.py:632} INFO - Processing file /home/airflow/.local/lib/python3.6/site-packages/airflow/example_dags/example_kubernetes_executor.py for tasks to queue
[2021-07-19 00:14:50,623] {logging_mixin.py:104} INFO - [2021-07-19 00:14:50,623] {dagbag.py:496} INFO - Filling up the DagBag from /home/airflow/.local/lib/python3.6/site-packages/airflow/example_dags/example_kubernetes_executor.py
[2021-07-19 00:14:50,648] {scheduler_job.py:642} INFO - DAG(s) dict_keys(['example_kubernetes_executor']) retrieved from /home/airflow/.local/lib/python3.6/site-packages/airflow/example_dags/example_kubernetes_executor.py
[2021-07-19 00:14:50,682] {logging_mixin.py:104} INFO - [2021-07-19 00:14:50,682] {dag.py:1833} INFO - Sync 1 DAGs
[2021-07-19 00:14:50,717] {logging_mixin.py:104} INFO - [2021-07-19 00:14:50,717] {dag.py:2306} INFO - Setting next_dagrun for example_kubernetes_executor to None
[2021-07-19 00:14:50,878] {scheduler_job.py:189} INFO - Processing /home/airflow/.local/lib/python3.6/site-packages/airflow/example_dags/example_kubernetes_executor.py took 0.266 seconds
[2021-07-19 00:15:21,043] {scheduler_job.py:181} INFO - Started process (PID=2262) to work on /home/airflow/.local/lib/python3.6/site-packages/airflow/example_dags/example_kubernetes_executor.py
[2021-07-19 00:15:21,045] {scheduler_job.py:632} INFO - Processing file /home/airflow/.local/lib/python3.6/site-packages/airflow/example_dags/example_kubernetes_executor.py for tasks to queue
[2021-07-19 00:15:21,046] {logging_mixin.py:104} INFO - [2021-07-19 00:15:21,046] {dagbag.py:496} INFO - Filling up the DagBag from /home/airflow/.local/lib/python3.6/site-packages/airflow/example_dags/example_kubernetes_executor.py
[2021-07-19 00:15:21,060] {scheduler_job.py:642} INFO - DAG(s) dict_keys(['example_kubernetes_executor']) retrieved from /home/airflow/.local/lib/python3.6/site-packages/airflow/example_dags/example_kubernetes_executor.py
[2021-07-19 00:15:21,090] {logging_mixin.py:104} INFO - [2021-07-19 00:15:21,090] {dag.py:1833} INFO - Sync 1 DAGs
[2021-07-19 00:15:21,111] {logging_mixin.py:104} INFO - [2021-07-19 00:15:21,111] {dag.py:2306} INFO - Setting next_dagrun for example_kubernetes_executor to None
[2021-07-19 00:15:21,160] {scheduler_job.py:189} INFO - Processing /home/airflow/.local/lib/python3.6/site-packages/airflow/example_dags/example_kubernetes_executor.py took 0.121 seconds
[2021-07-19 00:15:51,251] {scheduler_job.py:181} INFO - Started process (PID=2316) to work on /home/airflow/.local/lib/python3.6/site-packages/airflow/example_dags/example_kubernetes_executor.py
[2021-07-19 00:15:51,253] {scheduler_job.py:632} INFO - Processing file /home/airflow/.local/lib/python3.6/site-packages/airflow/example_dags/example_kubernetes_executor.py for tasks to queue
[2021-07-19 00:15:51,255] {logging_mixin.py:104} INFO - [2021-07-19 00:15:51,254] {dagbag.py:496} INFO - Filling up the DagBag from /home/airflow/.local/lib/python3.6/site-packages/airflow/example_dags/example_kubernetes_executor.py
[2021-07-19 00:15:51,297] {scheduler_job.py:642} INFO - DAG(s) dict_keys(['example_kubernetes_executor']) retrieved from /home/airflow/.local/lib/python3.6/site-packages/airflow/example_dags/example_kubernetes_executor.py
[2021-07-19 00:15:51,326] {logging_mixin.py:104} INFO - [2021-07-19 00:15:51,326] {dag.py:1833} INFO - Sync 1 DAGs
[2021-07-19 00:15:51,345] {logging_mixin.py:104} INFO - [2021-07-19 00:15:51,345] {dag.py:2306} INFO - Setting next_dagrun for example_kubernetes_executor to None
[2021-07-19 00:15:51,400] {scheduler_job.py:189} INFO - Processing /home/airflow/.local/lib/python3.6/site-packages/airflow/example_dags/example_kubernetes_executor.py took 0.153 seconds
[2021-07-19 00:16:21,847] {scheduler_job.py:181} INFO - Started process (PID=2384) to work on /home/airflow/.local/lib/python3.6/site-packages/airflow/example_dags/example_kubernetes_executor.py
[2021-07-19 00:16:21,849] {scheduler_job.py:632} INFO - Processing file /home/airflow/.local/lib/python3.6/site-packages/airflow/example_dags/example_kubernetes_executor.py for tasks to queue
[2021-07-19 00:16:21,851] {logging_mixin.py:104} INFO - [2021-07-19 00:16:21,851] {dagbag.py:496} INFO - Filling up the DagBag from /home/airflow/.local/lib/python3.6/site-packages/airflow/example_dags/example_kubernetes_executor.py
[2021-07-19 00:16:21,866] {scheduler_job.py:642} INFO - DAG(s) dict_keys(['example_kubernetes_executor']) retrieved from /home/airflow/.local/lib/python3.6/site-packages/airflow/example_dags/example_kubernetes_executor.py
[2021-07-19 00:16:21,894] {logging_mixin.py:104} INFO - [2021-07-19 00:16:21,894] {dag.py:1833} INFO - Sync 1 DAGs
[2021-07-19 00:16:21,913] {logging_mixin.py:104} INFO - [2021-07-19 00:16:21,913] {dag.py:2306} INFO - Setting next_dagrun for example_kubernetes_executor to None
[2021-07-19 00:16:21,997] {scheduler_job.py:189} INFO - Processing /home/airflow/.local/lib/python3.6/site-packages/airflow/example_dags/example_kubernetes_executor.py took 0.154 seconds
[2021-07-19 00:16:52,559] {scheduler_job.py:181} INFO - Started process (PID=2443) to work on /home/airflow/.local/lib/python3.6/site-packages/airflow/example_dags/example_kubernetes_executor.py
[2021-07-19 00:16:52,562] {scheduler_job.py:632} INFO - Processing file /home/airflow/.local/lib/python3.6/site-packages/airflow/example_dags/example_kubernetes_executor.py for tasks to queue
[2021-07-19 00:16:52,565] {logging_mixin.py:104} INFO - [2021-07-19 00:16:52,564] {dagbag.py:496} INFO - Filling up the DagBag from /home/airflow/.local/lib/python3.6/site-packages/airflow/example_dags/example_kubernetes_executor.py
[2021-07-19 00:16:52,609] {scheduler_job.py:642} INFO - DAG(s) dict_keys(['example_kubernetes_executor']) retrieved from /home/airflow/.local/lib/python3.6/site-packages/airflow/example_dags/example_kubernetes_executor.py
[2021-07-19 00:16:52,648] {logging_mixin.py:104} INFO - [2021-07-19 00:16:52,648] {dag.py:1833} INFO - Sync 1 DAGs
[2021-07-19 00:16:52,669] {logging_mixin.py:104} INFO - [2021-07-19 00:16:52,669] {dag.py:2306} INFO - Setting next_dagrun for example_kubernetes_executor to None
[2021-07-19 00:16:52,902] {scheduler_job.py:189} INFO - Processing /home/airflow/.local/lib/python3.6/site-packages/airflow/example_dags/example_kubernetes_executor.py took 0.356 seconds
[2021-07-19 00:17:23,302] {scheduler_job.py:181} INFO - Started process (PID=2500) to work on /home/airflow/.local/lib/python3.6/site-packages/airflow/example_dags/example_kubernetes_executor.py
[2021-07-19 00:17:23,305] {scheduler_job.py:632} INFO - Processing file /home/airflow/.local/lib/python3.6/site-packages/airflow/example_dags/example_kubernetes_executor.py for tasks to queue
[2021-07-19 00:17:23,307] {logging_mixin.py:104} INFO - [2021-07-19 00:17:23,307] {dagbag.py:496} INFO - Filling up the DagBag from /home/airflow/.local/lib/python3.6/site-packages/airflow/example_dags/example_kubernetes_executor.py
[2021-07-19 00:17:23,332] {scheduler_job.py:642} INFO - DAG(s) dict_keys(['example_kubernetes_executor']) retrieved from /home/airflow/.local/lib/python3.6/site-packages/airflow/example_dags/example_kubernetes_executor.py
[2021-07-19 00:17:23,365] {logging_mixin.py:104} INFO - [2021-07-19 00:17:23,365] {dag.py:1833} INFO - Sync 1 DAGs
[2021-07-19 00:17:23,388] {logging_mixin.py:104} INFO - [2021-07-19 00:17:23,388] {dag.py:2306} INFO - Setting next_dagrun for example_kubernetes_executor to None
[2021-07-19 00:17:23,804] {scheduler_job.py:189} INFO - Processing /home/airflow/.local/lib/python3.6/site-packages/airflow/example_dags/example_kubernetes_executor.py took 0.522 seconds
[2021-07-19 00:17:54,781] {scheduler_job.py:181} INFO - Started process (PID=2568) to work on /home/airflow/.local/lib/python3.6/site-packages/airflow/example_dags/example_kubernetes_executor.py
[2021-07-19 00:17:55,057] {scheduler_job.py:632} INFO - Processing file /home/airflow/.local/lib/python3.6/site-packages/airflow/example_dags/example_kubernetes_executor.py for tasks to queue
[2021-07-19 00:17:55,058] {logging_mixin.py:104} INFO - [2021-07-19 00:17:55,058] {dagbag.py:496} INFO - Filling up the DagBag from /home/airflow/.local/lib/python3.6/site-packages/airflow/example_dags/example_kubernetes_executor.py
[2021-07-19 00:17:55,082] {scheduler_job.py:642} INFO - DAG(s) dict_keys(['example_kubernetes_executor']) retrieved from /home/airflow/.local/lib/python3.6/site-packages/airflow/example_dags/example_kubernetes_executor.py
[2021-07-19 00:17:55,110] {logging_mixin.py:104} INFO - [2021-07-19 00:17:55,110] {dag.py:1833} INFO - Sync 1 DAGs
[2021-07-19 00:17:55,130] {logging_mixin.py:104} INFO - [2021-07-19 00:17:55,130] {dag.py:2306} INFO - Setting next_dagrun for example_kubernetes_executor to None
[2021-07-19 00:17:55,690] {scheduler_job.py:189} INFO - Processing /home/airflow/.local/lib/python3.6/site-packages/airflow/example_dags/example_kubernetes_executor.py took 0.917 seconds
[2021-07-19 00:18:33,028] {scheduler_job.py:181} INFO - Started process (PID=2625) to work on /home/airflow/.local/lib/python3.6/site-packages/airflow/example_dags/example_kubernetes_executor.py
[2021-07-19 00:18:33,032] {scheduler_job.py:632} INFO - Processing file /home/airflow/.local/lib/python3.6/site-packages/airflow/example_dags/example_kubernetes_executor.py for tasks to queue
[2021-07-19 00:18:33,035] {logging_mixin.py:104} INFO - [2021-07-19 00:18:33,034] {dagbag.py:496} INFO - Filling up the DagBag from /home/airflow/.local/lib/python3.6/site-packages/airflow/example_dags/example_kubernetes_executor.py
[2021-07-19 00:18:33,066] {scheduler_job.py:642} INFO - DAG(s) dict_keys(['example_kubernetes_executor']) retrieved from /home/airflow/.local/lib/python3.6/site-packages/airflow/example_dags/example_kubernetes_executor.py
[2021-07-19 00:18:33,109] {logging_mixin.py:104} INFO - [2021-07-19 00:18:33,109] {dag.py:1833} INFO - Sync 1 DAGs
[2021-07-19 00:18:33,143] {logging_mixin.py:104} INFO - [2021-07-19 00:18:33,143] {dag.py:2306} INFO - Setting next_dagrun for example_kubernetes_executor to None
[2021-07-19 00:18:33,499] {scheduler_job.py:189} INFO - Processing /home/airflow/.local/lib/python3.6/site-packages/airflow/example_dags/example_kubernetes_executor.py took 0.477 seconds
[2021-07-19 00:19:06,031] {scheduler_job.py:181} INFO - Started process (PID=2680) to work on /home/airflow/.local/lib/python3.6/site-packages/airflow/example_dags/example_kubernetes_executor.py
[2021-07-19 00:19:06,034] {scheduler_job.py:632} INFO - Processing file /home/airflow/.local/lib/python3.6/site-packages/airflow/example_dags/example_kubernetes_executor.py for tasks to queue
[2021-07-19 00:19:06,036] {logging_mixin.py:104} INFO - [2021-07-19 00:19:06,036] {dagbag.py:496} INFO - Filling up the DagBag from /home/airflow/.local/lib/python3.6/site-packages/airflow/example_dags/example_kubernetes_executor.py
[2021-07-19 00:19:06,054] {scheduler_job.py:642} INFO - DAG(s) dict_keys(['example_kubernetes_executor']) retrieved from /home/airflow/.local/lib/python3.6/site-packages/airflow/example_dags/example_kubernetes_executor.py
[2021-07-19 00:19:06,206] {logging_mixin.py:104} INFO - [2021-07-19 00:19:06,206] {dag.py:1833} INFO - Sync 1 DAGs
[2021-07-19 00:19:06,225] {logging_mixin.py:104} INFO - [2021-07-19 00:19:06,225] {dag.py:2306} INFO - Setting next_dagrun for example_kubernetes_executor to None
[2021-07-19 00:19:06,453] {scheduler_job.py:189} INFO - Processing /home/airflow/.local/lib/python3.6/site-packages/airflow/example_dags/example_kubernetes_executor.py took 0.427 seconds
[2021-07-19 00:19:37,557] {scheduler_job.py:181} INFO - Started process (PID=2746) to work on /home/airflow/.local/lib/python3.6/site-packages/airflow/example_dags/example_kubernetes_executor.py
[2021-07-19 00:19:37,560] {scheduler_job.py:632} INFO - Processing file /home/airflow/.local/lib/python3.6/site-packages/airflow/example_dags/example_kubernetes_executor.py for tasks to queue
[2021-07-19 00:19:37,562] {logging_mixin.py:104} INFO - [2021-07-19 00:19:37,562] {dagbag.py:496} INFO - Filling up the DagBag from /home/airflow/.local/lib/python3.6/site-packages/airflow/example_dags/example_kubernetes_executor.py
[2021-07-19 00:19:37,582] {scheduler_job.py:642} INFO - DAG(s) dict_keys(['example_kubernetes_executor']) retrieved from /home/airflow/.local/lib/python3.6/site-packages/airflow/example_dags/example_kubernetes_executor.py
[2021-07-19 00:19:37,616] {logging_mixin.py:104} INFO - [2021-07-19 00:19:37,615] {dag.py:1833} INFO - Sync 1 DAGs
[2021-07-19 00:19:37,639] {logging_mixin.py:104} INFO - [2021-07-19 00:19:37,639] {dag.py:2306} INFO - Setting next_dagrun for example_kubernetes_executor to None
[2021-07-19 00:19:37,996] {scheduler_job.py:189} INFO - Processing /home/airflow/.local/lib/python3.6/site-packages/airflow/example_dags/example_kubernetes_executor.py took 0.447 seconds
[2021-07-19 00:20:10,059] {scheduler_job.py:181} INFO - Started process (PID=2804) to work on /home/airflow/.local/lib/python3.6/site-packages/airflow/example_dags/example_kubernetes_executor.py
[2021-07-19 00:20:10,066] {scheduler_job.py:632} INFO - Processing file /home/airflow/.local/lib/python3.6/site-packages/airflow/example_dags/example_kubernetes_executor.py for tasks to queue
[2021-07-19 00:20:10,068] {logging_mixin.py:104} INFO - [2021-07-19 00:20:10,068] {dagbag.py:496} INFO - Filling up the DagBag from /home/airflow/.local/lib/python3.6/site-packages/airflow/example_dags/example_kubernetes_executor.py
[2021-07-19 00:20:10,101] {scheduler_job.py:642} INFO - DAG(s) dict_keys(['example_kubernetes_executor']) retrieved from /home/airflow/.local/lib/python3.6/site-packages/airflow/example_dags/example_kubernetes_executor.py
[2021-07-19 00:20:10,149] {logging_mixin.py:104} INFO - [2021-07-19 00:20:10,149] {dag.py:1833} INFO - Sync 1 DAGs
[2021-07-19 00:20:10,182] {logging_mixin.py:104} INFO - [2021-07-19 00:20:10,182] {dag.py:2306} INFO - Setting next_dagrun for example_kubernetes_executor to None
[2021-07-19 00:20:10,335] {scheduler_job.py:189} INFO - Processing /home/airflow/.local/lib/python3.6/site-packages/airflow/example_dags/example_kubernetes_executor.py took 0.284 seconds
[2021-07-19 00:20:40,465] {scheduler_job.py:181} INFO - Started process (PID=2862) to work on /home/airflow/.local/lib/python3.6/site-packages/airflow/example_dags/example_kubernetes_executor.py
[2021-07-19 00:20:40,468] {scheduler_job.py:632} INFO - Processing file /home/airflow/.local/lib/python3.6/site-packages/airflow/example_dags/example_kubernetes_executor.py for tasks to queue
[2021-07-19 00:20:40,470] {logging_mixin.py:104} INFO - [2021-07-19 00:20:40,470] {dagbag.py:496} INFO - Filling up the DagBag from /home/airflow/.local/lib/python3.6/site-packages/airflow/example_dags/example_kubernetes_executor.py
[2021-07-19 00:20:40,494] {scheduler_job.py:642} INFO - DAG(s) dict_keys(['example_kubernetes_executor']) retrieved from /home/airflow/.local/lib/python3.6/site-packages/airflow/example_dags/example_kubernetes_executor.py
[2021-07-19 00:20:40,528] {logging_mixin.py:104} INFO - [2021-07-19 00:20:40,527] {dag.py:1833} INFO - Sync 1 DAGs
[2021-07-19 00:20:40,552] {logging_mixin.py:104} INFO - [2021-07-19 00:20:40,552] {dag.py:2306} INFO - Setting next_dagrun for example_kubernetes_executor to None
[2021-07-19 00:20:41,122] {scheduler_job.py:189} INFO - Processing /home/airflow/.local/lib/python3.6/site-packages/airflow/example_dags/example_kubernetes_executor.py took 0.667 seconds
[2021-07-19 00:21:11,596] {scheduler_job.py:181} INFO - Started process (PID=2918) to work on /home/airflow/.local/lib/python3.6/site-packages/airflow/example_dags/example_kubernetes_executor.py
[2021-07-19 00:21:11,599] {scheduler_job.py:632} INFO - Processing file /home/airflow/.local/lib/python3.6/site-packages/airflow/example_dags/example_kubernetes_executor.py for tasks to queue
[2021-07-19 00:21:11,600] {logging_mixin.py:104} INFO - [2021-07-19 00:21:11,599] {dagbag.py:496} INFO - Filling up the DagBag from /home/airflow/.local/lib/python3.6/site-packages/airflow/example_dags/example_kubernetes_executor.py
[2021-07-19 00:21:11,618] {scheduler_job.py:642} INFO - DAG(s) dict_keys(['example_kubernetes_executor']) retrieved from /home/airflow/.local/lib/python3.6/site-packages/airflow/example_dags/example_kubernetes_executor.py
[2021-07-19 00:21:11,646] {logging_mixin.py:104} INFO - [2021-07-19 00:21:11,646] {dag.py:1833} INFO - Sync 1 DAGs
[2021-07-19 00:21:11,669] {logging_mixin.py:104} INFO - [2021-07-19 00:21:11,669] {dag.py:2306} INFO - Setting next_dagrun for example_kubernetes_executor to None
[2021-07-19 00:21:12,136] {scheduler_job.py:189} INFO - Processing /home/airflow/.local/lib/python3.6/site-packages/airflow/example_dags/example_kubernetes_executor.py took 0.543 seconds
[2021-07-19 00:21:42,914] {scheduler_job.py:181} INFO - Started process (PID=2975) to work on /home/airflow/.local/lib/python3.6/site-packages/airflow/example_dags/example_kubernetes_executor.py
[2021-07-19 00:21:42,917] {scheduler_job.py:632} INFO - Processing file /home/airflow/.local/lib/python3.6/site-packages/airflow/example_dags/example_kubernetes_executor.py for tasks to queue
[2021-07-19 00:21:42,918] {logging_mixin.py:104} INFO - [2021-07-19 00:21:42,918] {dagbag.py:496} INFO - Filling up the DagBag from /home/airflow/.local/lib/python3.6/site-packages/airflow/example_dags/example_kubernetes_executor.py
[2021-07-19 00:21:42,937] {scheduler_job.py:642} INFO - DAG(s) dict_keys(['example_kubernetes_executor']) retrieved from /home/airflow/.local/lib/python3.6/site-packages/airflow/example_dags/example_kubernetes_executor.py
[2021-07-19 00:21:42,966] {logging_mixin.py:104} INFO - [2021-07-19 00:21:42,965] {dag.py:1833} INFO - Sync 1 DAGs
[2021-07-19 00:21:42,996] {logging_mixin.py:104} INFO - [2021-07-19 00:21:42,995] {dag.py:2306} INFO - Setting next_dagrun for example_kubernetes_executor to None
[2021-07-19 00:21:43,320] {scheduler_job.py:189} INFO - Processing /home/airflow/.local/lib/python3.6/site-packages/airflow/example_dags/example_kubernetes_executor.py took 0.413 seconds
[2021-07-19 00:22:13,518] {scheduler_job.py:181} INFO - Started process (PID=3041) to work on /home/airflow/.local/lib/python3.6/site-packages/airflow/example_dags/example_kubernetes_executor.py
[2021-07-19 00:22:13,520] {scheduler_job.py:632} INFO - Processing file /home/airflow/.local/lib/python3.6/site-packages/airflow/example_dags/example_kubernetes_executor.py for tasks to queue
[2021-07-19 00:22:13,521] {logging_mixin.py:104} INFO - [2021-07-19 00:22:13,521] {dagbag.py:496} INFO - Filling up the DagBag from /home/airflow/.local/lib/python3.6/site-packages/airflow/example_dags/example_kubernetes_executor.py
[2021-07-19 00:22:13,551] {scheduler_job.py:642} INFO - DAG(s) dict_keys(['example_kubernetes_executor']) retrieved from /home/airflow/.local/lib/python3.6/site-packages/airflow/example_dags/example_kubernetes_executor.py
[2021-07-19 00:22:13,585] {logging_mixin.py:104} INFO - [2021-07-19 00:22:13,585] {dag.py:1833} INFO - Sync 1 DAGs
[2021-07-19 00:22:13,619] {logging_mixin.py:104} INFO - [2021-07-19 00:22:13,618] {dag.py:2306} INFO - Setting next_dagrun for example_kubernetes_executor to None
[2021-07-19 00:22:13,906] {scheduler_job.py:189} INFO - Processing /home/airflow/.local/lib/python3.6/site-packages/airflow/example_dags/example_kubernetes_executor.py took 0.393 seconds
[2021-07-19 00:22:44,703] {scheduler_job.py:181} INFO - Started process (PID=3098) to work on /home/airflow/.local/lib/python3.6/site-packages/airflow/example_dags/example_kubernetes_executor.py
[2021-07-19 00:22:44,704] {scheduler_job.py:632} INFO - Processing file /home/airflow/.local/lib/python3.6/site-packages/airflow/example_dags/example_kubernetes_executor.py for tasks to queue
[2021-07-19 00:22:44,706] {logging_mixin.py:104} INFO - [2021-07-19 00:22:44,706] {dagbag.py:496} INFO - Filling up the DagBag from /home/airflow/.local/lib/python3.6/site-packages/airflow/example_dags/example_kubernetes_executor.py
[2021-07-19 00:22:44,723] {scheduler_job.py:642} INFO - DAG(s) dict_keys(['example_kubernetes_executor']) retrieved from /home/airflow/.local/lib/python3.6/site-packages/airflow/example_dags/example_kubernetes_executor.py
[2021-07-19 00:22:44,757] {logging_mixin.py:104} INFO - [2021-07-19 00:22:44,757] {dag.py:1833} INFO - Sync 1 DAGs
[2021-07-19 00:22:44,777] {logging_mixin.py:104} INFO - [2021-07-19 00:22:44,777] {dag.py:2306} INFO - Setting next_dagrun for example_kubernetes_executor to None
[2021-07-19 00:22:44,895] {scheduler_job.py:189} INFO - Processing /home/airflow/.local/lib/python3.6/site-packages/airflow/example_dags/example_kubernetes_executor.py took 0.197 seconds
[2021-07-19 00:23:15,215] {scheduler_job.py:181} INFO - Started process (PID=3154) to work on /home/airflow/.local/lib/python3.6/site-packages/airflow/example_dags/example_kubernetes_executor.py
[2021-07-19 00:23:15,217] {scheduler_job.py:632} INFO - Processing file /home/airflow/.local/lib/python3.6/site-packages/airflow/example_dags/example_kubernetes_executor.py for tasks to queue
[2021-07-19 00:23:15,218] {logging_mixin.py:104} INFO - [2021-07-19 00:23:15,218] {dagbag.py:496} INFO - Filling up the DagBag from /home/airflow/.local/lib/python3.6/site-packages/airflow/example_dags/example_kubernetes_executor.py
[2021-07-19 00:23:15,239] {scheduler_job.py:642} INFO - DAG(s) dict_keys(['example_kubernetes_executor']) retrieved from /home/airflow/.local/lib/python3.6/site-packages/airflow/example_dags/example_kubernetes_executor.py
[2021-07-19 00:23:15,276] {logging_mixin.py:104} INFO - [2021-07-19 00:23:15,276] {dag.py:1833} INFO - Sync 1 DAGs
[2021-07-19 00:23:15,303] {logging_mixin.py:104} INFO - [2021-07-19 00:23:15,303] {dag.py:2306} INFO - Setting next_dagrun for example_kubernetes_executor to None
[2021-07-19 00:23:16,761] {scheduler_job.py:189} INFO - Processing /home/airflow/.local/lib/python3.6/site-packages/airflow/example_dags/example_kubernetes_executor.py took 1.552 seconds
                                                                                                                                                                                                                                                                                                                                                                                                                                                                                                                                                                                                                                                                                                                                                                                                                                                                                                                                                                                                                                                                                                                                                                                                                                                                                                                                                                                                                                                                                                                                                                                                                                                                                                                                                                                                                                                                                                                                                                                                                                                                                                                                                                                                                                                                                                                                                                                                                                                                                                                                                                                                                                                                                                                                                                                                                                                                                                                                                                                                                                                                                                                                                                                                                                                                                                                                                                                                                                                                                                                                                                                                                                                                                                                                                                                                                                                                                                                                                                                                                                                                                                                                                                                                                                                                                                                                                                                                                                                                                                                                                                                                                                                                                                                                                                                                                                                                                                                                                                                                                                                                                                                                                                                                                                                                                                                                                                                                                                                                                                                                                                                                                                                                                                                                                                                                                                                                                                                                                                                                                                                                                                                                                                                                                                                                                                                                                                                                                                                                                                                                                                                                                                                                                                                                                                                                                                                                                                                                                                                                                                                                                                                                                                                                                                                                                                                                                                                                                                                                                                                                                                                                                                                                                                                                                                                                                                                                                                                                                                                                                                                                                                                                                                  