[2021-07-19 00:00:01,574] {scheduler_job.py:181} INFO - Started process (PID=447) to work on /home/airflow/.local/lib/python3.6/site-packages/airflow/example_dags/example_task_group.py
[2021-07-19 00:00:01,576] {scheduler_job.py:632} INFO - Processing file /home/airflow/.local/lib/python3.6/site-packages/airflow/example_dags/example_task_group.py for tasks to queue
[2021-07-19 00:00:01,577] {logging_mixin.py:104} INFO - [2021-07-19 00:00:01,577] {dagbag.py:496} INFO - Filling up the DagBag from /home/airflow/.local/lib/python3.6/site-packages/airflow/example_dags/example_task_group.py
[2021-07-19 00:00:01,603] {scheduler_job.py:642} INFO - DAG(s) dict_keys(['example_task_group']) retrieved from /home/airflow/.local/lib/python3.6/site-packages/airflow/example_dags/example_task_group.py
[2021-07-19 00:00:01,924] {logging_mixin.py:104} INFO - [2021-07-19 00:00:01,923] {dag.py:1833} INFO - Sync 1 DAGs
[2021-07-19 00:00:01,946] {logging_mixin.py:104} INFO - [2021-07-19 00:00:01,945] {dag.py:2306} INFO - Setting next_dagrun for example_task_group to 2021-07-17 00:00:00+00:00
[2021-07-19 00:00:02,125] {scheduler_job.py:189} INFO - Processing /home/airflow/.local/lib/python3.6/site-packages/airflow/example_dags/example_task_group.py took 0.557 seconds
[2021-07-19 00:00:32,713] {scheduler_job.py:181} INFO - Started process (PID=517) to work on /home/airflow/.local/lib/python3.6/site-packages/airflow/example_dags/example_task_group.py
[2021-07-19 00:00:32,715] {scheduler_job.py:632} INFO - Processing file /home/airflow/.local/lib/python3.6/site-packages/airflow/example_dags/example_task_group.py for tasks to queue
[2021-07-19 00:00:32,716] {logging_mixin.py:104} INFO - [2021-07-19 00:00:32,716] {dagbag.py:496} INFO - Filling up the DagBag from /home/airflow/.local/lib/python3.6/site-packages/airflow/example_dags/example_task_group.py
[2021-07-19 00:00:32,735] {scheduler_job.py:642} INFO - DAG(s) dict_keys(['example_task_group']) retrieved from /home/airflow/.local/lib/python3.6/site-packages/airflow/example_dags/example_task_group.py
[2021-07-19 00:00:32,765] {logging_mixin.py:104} INFO - [2021-07-19 00:00:32,765] {dag.py:1833} INFO - Sync 1 DAGs
[2021-07-19 00:00:32,788] {logging_mixin.py:104} INFO - [2021-07-19 00:00:32,788] {dag.py:2306} INFO - Setting next_dagrun for example_task_group to 2021-07-17 00:00:00+00:00
[2021-07-19 00:00:32,834] {scheduler_job.py:189} INFO - Processing /home/airflow/.local/lib/python3.6/site-packages/airflow/example_dags/example_task_group.py took 0.125 seconds
[2021-07-19 00:01:03,698] {scheduler_job.py:181} INFO - Started process (PID=573) to work on /home/airflow/.local/lib/python3.6/site-packages/airflow/example_dags/example_task_group.py
[2021-07-19 00:01:03,706] {scheduler_job.py:632} INFO - Processing file /home/airflow/.local/lib/python3.6/site-packages/airflow/example_dags/example_task_group.py for tasks to queue
[2021-07-19 00:01:03,709] {logging_mixin.py:104} INFO - [2021-07-19 00:01:03,709] {dagbag.py:496} INFO - Filling up the DagBag from /home/airflow/.local/lib/python3.6/site-packages/airflow/example_dags/example_task_group.py
[2021-07-19 00:01:03,738] {scheduler_job.py:642} INFO - DAG(s) dict_keys(['example_task_group']) retrieved from /home/airflow/.local/lib/python3.6/site-packages/airflow/example_dags/example_task_group.py
[2021-07-19 00:01:03,781] {logging_mixin.py:104} INFO - [2021-07-19 00:01:03,781] {dag.py:1833} INFO - Sync 1 DAGs
[2021-07-19 00:01:03,808] {logging_mixin.py:104} INFO - [2021-07-19 00:01:03,808] {dag.py:2306} INFO - Setting next_dagrun for example_task_group to 2021-07-17 00:00:00+00:00
[2021-07-19 00:01:03,929] {scheduler_job.py:189} INFO - Processing /home/airflow/.local/lib/python3.6/site-packages/airflow/example_dags/example_task_group.py took 0.247 seconds
[2021-07-19 00:01:34,277] {scheduler_job.py:181} INFO - Started process (PID=639) to work on /home/airflow/.local/lib/python3.6/site-packages/airflow/example_dags/example_task_group.py
[2021-07-19 00:01:34,279] {scheduler_job.py:632} INFO - Processing file /home/airflow/.local/lib/python3.6/site-packages/airflow/example_dags/example_task_group.py for tasks to queue
[2021-07-19 00:01:34,284] {logging_mixin.py:104} INFO - [2021-07-19 00:01:34,284] {dagbag.py:496} INFO - Filling up the DagBag from /home/airflow/.local/lib/python3.6/site-packages/airflow/example_dags/example_task_group.py
[2021-07-19 00:01:34,310] {scheduler_job.py:642} INFO - DAG(s) dict_keys(['example_task_group']) retrieved from /home/airflow/.local/lib/python3.6/site-packages/airflow/example_dags/example_task_group.py
[2021-07-19 00:01:34,344] {logging_mixin.py:104} INFO - [2021-07-19 00:01:34,344] {dag.py:1833} INFO - Sync 1 DAGs
[2021-07-19 00:01:34,369] {logging_mixin.py:104} INFO - [2021-07-19 00:01:34,369] {dag.py:2306} INFO - Setting next_dagrun for example_task_group to 2021-07-17 00:00:00+00:00
[2021-07-19 00:01:34,449] {scheduler_job.py:189} INFO - Processing /home/airflow/.local/lib/python3.6/site-packages/airflow/example_dags/example_task_group.py took 0.177 seconds
[2021-07-19 00:02:05,056] {scheduler_job.py:181} INFO - Started process (PID=698) to work on /home/airflow/.local/lib/python3.6/site-packages/airflow/example_dags/example_task_group.py
[2021-07-19 00:02:05,058] {scheduler_job.py:632} INFO - Processing file /home/airflow/.local/lib/python3.6/site-packages/airflow/example_dags/example_task_group.py for tasks to queue
[2021-07-19 00:02:05,060] {logging_mixin.py:104} INFO - [2021-07-19 00:02:05,060] {dagbag.py:496} INFO - Filling up the DagBag from /home/airflow/.local/lib/python3.6/site-packages/airflow/example_dags/example_task_group.py
[2021-07-19 00:02:05,079] {scheduler_job.py:642} INFO - DAG(s) dict_keys(['example_task_group']) retrieved from /home/airflow/.local/lib/python3.6/site-packages/airflow/example_dags/example_task_group.py
[2021-07-19 00:02:05,108] {logging_mixin.py:104} INFO - [2021-07-19 00:02:05,107] {dag.py:1833} INFO - Sync 1 DAGs
[2021-07-19 00:02:05,130] {logging_mixin.py:104} INFO - [2021-07-19 00:02:05,129] {dag.py:2306} INFO - Setting next_dagrun for example_task_group to 2021-07-17 00:00:00+00:00
[2021-07-19 00:02:05,202] {scheduler_job.py:189} INFO - Processing /home/airflow/.local/lib/python3.6/site-packages/airflow/example_dags/example_task_group.py took 0.153 seconds
[2021-07-19 00:02:35,408] {scheduler_job.py:181} INFO - Started process (PID=756) to work on /home/airflow/.local/lib/python3.6/site-packages/airflow/example_dags/example_task_group.py
[2021-07-19 00:02:35,413] {scheduler_job.py:632} INFO - Processing file /home/airflow/.local/lib/python3.6/site-packages/airflow/example_dags/example_task_group.py for tasks to queue
[2021-07-19 00:02:35,417] {logging_mixin.py:104} INFO - [2021-07-19 00:02:35,416] {dagbag.py:496} INFO - Filling up the DagBag from /home/airflow/.local/lib/python3.6/site-packages/airflow/example_dags/example_task_group.py
[2021-07-19 00:02:35,458] {scheduler_job.py:642} INFO - DAG(s) dict_keys(['example_task_group']) retrieved from /home/airflow/.local/lib/python3.6/site-packages/airflow/example_dags/example_task_group.py
[2021-07-19 00:02:35,493] {logging_mixin.py:104} INFO - [2021-07-19 00:02:35,493] {dag.py:1833} INFO - Sync 1 DAGs
[2021-07-19 00:02:35,514] {logging_mixin.py:104} INFO - [2021-07-19 00:02:35,514] {dag.py:2306} INFO - Setting next_dagrun for example_task_group to 2021-07-17 00:00:00+00:00
[2021-07-19 00:02:35,627] {scheduler_job.py:189} INFO - Processing /home/airflow/.local/lib/python3.6/site-packages/airflow/example_dags/example_task_group.py took 0.231 seconds
[2021-07-19 00:03:05,692] {scheduler_job.py:181} INFO - Started process (PID=824) to work on /home/airflow/.local/lib/python3.6/site-packages/airflow/example_dags/example_task_group.py
[2021-07-19 00:03:05,694] {scheduler_job.py:632} INFO - Processing file /home/airflow/.local/lib/python3.6/site-packages/airflow/example_dags/example_task_group.py for tasks to queue
[2021-07-19 00:03:05,695] {logging_mixin.py:104} INFO - [2021-07-19 00:03:05,695] {dagbag.py:496} INFO - Filling up the DagBag from /home/airflow/.local/lib/python3.6/site-packages/airflow/example_dags/example_task_group.py
[2021-07-19 00:03:05,717] {scheduler_job.py:642} INFO - DAG(s) dict_keys(['example_task_group']) retrieved from /home/airflow/.local/lib/python3.6/site-packages/airflow/example_dags/example_task_group.py
[2021-07-19 00:03:05,749] {logging_mixin.py:104} INFO - [2021-07-19 00:03:05,749] {dag.py:1833} INFO - Sync 1 DAGs
[2021-07-19 00:03:05,774] {logging_mixin.py:104} INFO - [2021-07-19 00:03:05,774] {dag.py:2306} INFO - Setting next_dagrun for example_task_group to 2021-07-17 00:00:00+00:00
[2021-07-19 00:03:05,998] {scheduler_job.py:189} INFO - Processing /home/airflow/.local/lib/python3.6/site-packages/airflow/example_dags/example_task_group.py took 0.310 seconds
[2021-07-19 00:03:36,497] {scheduler_job.py:181} INFO - Started process (PID=879) to work on /home/airflow/.local/lib/python3.6/site-packages/airflow/example_dags/example_task_group.py
[2021-07-19 00:03:36,501] {scheduler_job.py:632} INFO - Processing file /home/airflow/.local/lib/python3.6/site-packages/airflow/example_dags/example_task_group.py for tasks to queue
[2021-07-19 00:03:36,502] {logging_mixin.py:104} INFO - [2021-07-19 00:03:36,502] {dagbag.py:496} INFO - Filling up the DagBag from /home/airflow/.local/lib/python3.6/site-packages/airflow/example_dags/example_task_group.py
[2021-07-19 00:03:36,524] {scheduler_job.py:642} INFO - DAG(s) dict_keys(['example_task_group']) retrieved from /home/airflow/.local/lib/python3.6/site-packages/airflow/example_dags/example_task_group.py
[2021-07-19 00:03:36,554] {logging_mixin.py:104} INFO - [2021-07-19 00:03:36,554] {dag.py:1833} INFO - Sync 1 DAGs
[2021-07-19 00:03:36,575] {logging_mixin.py:104} INFO - [2021-07-19 00:03:36,575] {dag.py:2306} INFO - Setting next_dagrun for example_task_group to 2021-07-17 00:00:00+00:00
[2021-07-19 00:03:36,732] {scheduler_job.py:189} INFO - Processing /home/airflow/.local/lib/python3.6/site-packages/airflow/example_dags/example_task_group.py took 0.246 seconds
[2021-07-19 00:04:06,960] {scheduler_job.py:181} INFO - Started process (PID=935) to work on /home/airflow/.local/lib/python3.6/site-packages/airflow/example_dags/example_task_group.py
[2021-07-19 00:04:06,963] {scheduler_job.py:632} INFO - Processing file /home/airflow/.local/lib/python3.6/site-packages/airflow/example_dags/example_task_group.py for tasks to queue
[2021-07-19 00:04:06,964] {logging_mixin.py:104} INFO - [2021-07-19 00:04:06,964] {dagbag.py:496} INFO - Filling up the DagBag from /home/airflow/.local/lib/python3.6/site-packages/airflow/example_dags/example_task_group.py
[2021-07-19 00:04:06,983] {scheduler_job.py:642} INFO - DAG(s) dict_keys(['example_task_group']) retrieved from /home/airflow/.local/lib/python3.6/site-packages/airflow/example_dags/example_task_group.py
[2021-07-19 00:04:07,018] {logging_mixin.py:104} INFO - [2021-07-19 00:04:07,018] {dag.py:1833} INFO - Sync 1 DAGs
[2021-07-19 00:04:07,037] {logging_mixin.py:104} INFO - [2021-07-19 00:04:07,037] {dag.py:2306} INFO - Setting next_dagrun for example_task_group to 2021-07-17 00:00:00+00:00
[2021-07-19 00:04:07,092] {scheduler_job.py:189} INFO - Processing /home/airflow/.local/lib/python3.6/site-packages/airflow/example_dags/example_task_group.py took 0.136 seconds
[2021-07-19 00:04:37,138] {scheduler_job.py:181} INFO - Started process (PID=1002) to work on /home/airflow/.local/lib/python3.6/site-packages/airflow/example_dags/example_task_group.py
[2021-07-19 00:04:37,142] {scheduler_job.py:632} INFO - Processing file /home/airflow/.local/lib/python3.6/site-packages/airflow/example_dags/example_task_group.py for tasks to queue
[2021-07-19 00:04:37,144] {logging_mixin.py:104} INFO - [2021-07-19 00:04:37,144] {dagbag.py:496} INFO - Filling up the DagBag from /home/airflow/.local/lib/python3.6/site-packages/airflow/example_dags/example_task_group.py
[2021-07-19 00:04:37,171] {scheduler_job.py:642} INFO - DAG(s) dict_keys(['example_task_group']) retrieved from /home/airflow/.local/lib/python3.6/site-packages/airflow/example_dags/example_task_group.py
[2021-07-19 00:04:37,223] {logging_mixin.py:104} INFO - [2021-07-19 00:04:37,222] {dag.py:1833} INFO - Sync 1 DAGs
[2021-07-19 00:04:37,260] {logging_mixin.py:104} INFO - [2021-07-19 00:04:37,260] {dag.py:2306} INFO - Setting next_dagrun for example_task_group to 2021-07-17 00:00:00+00:00
[2021-07-19 00:04:37,409] {scheduler_job.py:189} INFO - Processing /home/airflow/.local/lib/python3.6/site-packages/airflow/example_dags/example_task_group.py took 0.276 seconds
[2021-07-19 00:05:07,737] {scheduler_job.py:181} INFO - Started process (PID=1058) to work on /home/airflow/.local/lib/python3.6/site-packages/airflow/example_dags/example_task_group.py
[2021-07-19 00:05:07,739] {scheduler_job.py:632} INFO - Processing file /home/airflow/.local/lib/python3.6/site-packages/airflow/example_dags/example_task_group.py for tasks to queue
[2021-07-19 00:05:07,740] {logging_mixin.py:104} INFO - [2021-07-19 00:05:07,740] {dagbag.py:496} INFO - Filling up the DagBag from /home/airflow/.local/lib/python3.6/site-packages/airflow/example_dags/example_task_group.py
[2021-07-19 00:05:07,756] {scheduler_job.py:642} INFO - DAG(s) dict_keys(['example_task_group']) retrieved from /home/airflow/.local/lib/python3.6/site-packages/airflow/example_dags/example_task_group.py
[2021-07-19 00:05:07,781] {logging_mixin.py:104} INFO - [2021-07-19 00:05:07,781] {dag.py:1833} INFO - Sync 1 DAGs
[2021-07-19 00:05:07,799] {logging_mixin.py:104} INFO - [2021-07-19 00:05:07,799] {dag.py:2306} INFO - Setting next_dagrun for example_task_group to 2021-07-17 00:00:00+00:00
[2021-07-19 00:05:07,864] {scheduler_job.py:189} INFO - Processing /home/airflow/.local/lib/python3.6/site-packages/airflow/example_dags/example_task_group.py took 0.130 seconds
[2021-07-19 00:05:38,077] {scheduler_job.py:181} INFO - Started process (PID=1115) to work on /home/airflow/.local/lib/python3.6/site-packages/airflow/example_dags/example_task_group.py
[2021-07-19 00:05:38,082] {scheduler_job.py:632} INFO - Processing file /home/airflow/.local/lib/python3.6/site-packages/airflow/example_dags/example_task_group.py for tasks to queue
[2021-07-19 00:05:38,085] {logging_mixin.py:104} INFO - [2021-07-19 00:05:38,084] {dagbag.py:496} INFO - Filling up the DagBag from /home/airflow/.local/lib/python3.6/site-packages/airflow/example_dags/example_task_group.py
[2021-07-19 00:05:38,119] {scheduler_job.py:642} INFO - DAG(s) dict_keys(['example_task_group']) retrieved from /home/airflow/.local/lib/python3.6/site-packages/airflow/example_dags/example_task_group.py
[2021-07-19 00:05:38,152] {logging_mixin.py:104} INFO - [2021-07-19 00:05:38,152] {dag.py:1833} INFO - Sync 1 DAGs
[2021-07-19 00:05:38,174] {logging_mixin.py:104} INFO - [2021-07-19 00:05:38,174] {dag.py:2306} INFO - Setting next_dagrun for example_task_group to 2021-07-17 00:00:00+00:00
[2021-07-19 00:05:38,245] {scheduler_job.py:189} INFO - Processing /home/airflow/.local/lib/python3.6/site-packages/airflow/example_dags/example_task_group.py took 0.181 seconds
[2021-07-19 00:06:08,385] {scheduler_job.py:181} INFO - Started process (PID=1181) to work on /home/airflow/.local/lib/python3.6/site-packages/airflow/example_dags/example_task_group.py
[2021-07-19 00:06:08,387] {scheduler_job.py:632} INFO - Processing file /home/airflow/.local/lib/python3.6/site-packages/airflow/example_dags/example_task_group.py for tasks to queue
[2021-07-19 00:06:08,389] {logging_mixin.py:104} INFO - [2021-07-19 00:06:08,388] {dagbag.py:496} INFO - Filling up the DagBag from /home/airflow/.local/lib/python3.6/site-packages/airflow/example_dags/example_task_group.py
[2021-07-19 00:06:08,413] {scheduler_job.py:642} INFO - DAG(s) dict_keys(['example_task_group']) retrieved from /home/airflow/.local/lib/python3.6/site-packages/airflow/example_dags/example_task_group.py
[2021-07-19 00:06:08,450] {logging_mixin.py:104} INFO - [2021-07-19 00:06:08,450] {dag.py:1833} INFO - Sync 1 DAGs
[2021-07-19 00:06:08,481] {logging_mixin.py:104} INFO - [2021-07-19 00:06:08,481] {dag.py:2306} INFO - Setting next_dagrun for example_task_group to 2021-07-17 00:00:00+00:00
[2021-07-19 00:06:08,548] {scheduler_job.py:189} INFO - Processing /home/airflow/.local/lib/python3.6/site-packages/airflow/example_dags/example_task_group.py took 0.167 seconds
[2021-07-19 00:06:38,963] {scheduler_job.py:181} INFO - Started process (PID=1238) to work on /home/airflow/.local/lib/python3.6/site-packages/airflow/example_dags/example_task_group.py
[2021-07-19 00:06:38,965] {scheduler_job.py:632} INFO - Processing file /home/airflow/.local/lib/python3.6/site-packages/airflow/example_dags/example_task_group.py for tasks to queue
[2021-07-19 00:06:38,967] {logging_mixin.py:104} INFO - [2021-07-19 00:06:38,966] {dagbag.py:496} INFO - Filling up the DagBag from /home/airflow/.local/lib/python3.6/site-packages/airflow/example_dags/example_task_group.py
[2021-07-19 00:06:38,995] {scheduler_job.py:642} INFO - DAG(s) dict_keys(['example_task_group']) retrieved from /home/airflow/.local/lib/python3.6/site-packages/airflow/example_dags/example_task_group.py
[2021-07-19 00:06:39,028] {logging_mixin.py:104} INFO - [2021-07-19 00:06:39,028] {dag.py:1833} INFO - Sync 1 DAGs
[2021-07-19 00:06:39,049] {logging_mixin.py:104} INFO - [2021-07-19 00:06:39,049] {dag.py:2306} INFO - Setting next_dagrun for example_task_group to 2021-07-17 00:00:00+00:00
[2021-07-19 00:06:39,099] {scheduler_job.py:189} INFO - Processing /home/airflow/.local/lib/python3.6/site-packages/airflow/example_dags/example_task_group.py took 0.140 seconds
[2021-07-19 00:07:10,038] {scheduler_job.py:181} INFO - Started process (PID=1308) to work on /home/airflow/.local/lib/python3.6/site-packages/airflow/example_dags/example_task_group.py
[2021-07-19 00:07:10,041] {scheduler_job.py:632} INFO - Processing file /home/airflow/.local/lib/python3.6/site-packages/airflow/example_dags/example_task_group.py for tasks to queue
[2021-07-19 00:07:10,042] {logging_mixin.py:104} INFO - [2021-07-19 00:07:10,042] {dagbag.py:496} INFO - Filling up the DagBag from /home/airflow/.local/lib/python3.6/site-packages/airflow/example_dags/example_task_group.py
[2021-07-19 00:07:10,071] {scheduler_job.py:642} INFO - DAG(s) dict_keys(['example_task_group']) retrieved from /home/airflow/.local/lib/python3.6/site-packages/airflow/example_dags/example_task_group.py
[2021-07-19 00:07:10,096] {logging_mixin.py:104} INFO - [2021-07-19 00:07:10,096] {dag.py:1833} INFO - Sync 1 DAGs
[2021-07-19 00:07:10,113] {logging_mixin.py:104} INFO - [2021-07-19 00:07:10,113] {dag.py:2306} INFO - Setting next_dagrun for example_task_group to 2021-07-17 00:00:00+00:00
[2021-07-19 00:07:10,246] {scheduler_job.py:189} INFO - Processing /home/airflow/.local/lib/python3.6/site-packages/airflow/example_dags/example_task_group.py took 0.213 seconds
[2021-07-19 00:07:41,302] {scheduler_job.py:181} INFO - Started process (PID=1364) to work on /home/airflow/.local/lib/python3.6/site-packages/airflow/example_dags/example_task_group.py
[2021-07-19 00:07:41,307] {scheduler_job.py:632} INFO - Processing file /home/airflow/.local/lib/python3.6/site-packages/airflow/example_dags/example_task_group.py for tasks to queue
[2021-07-19 00:07:41,310] {logging_mixin.py:104} INFO - [2021-07-19 00:07:41,309] {dagbag.py:496} INFO - Filling up the DagBag from /home/airflow/.local/lib/python3.6/site-packages/airflow/example_dags/example_task_group.py
[2021-07-19 00:07:41,347] {scheduler_job.py:642} INFO - DAG(s) dict_keys(['example_task_group']) retrieved from /home/airflow/.local/lib/python3.6/site-packages/airflow/example_dags/example_task_group.py
[2021-07-19 00:07:41,379] {logging_mixin.py:104} INFO - [2021-07-19 00:07:41,379] {dag.py:1833} INFO - Sync 1 DAGs
[2021-07-19 00:07:41,399] {logging_mixin.py:104} INFO - [2021-07-19 00:07:41,399] {dag.py:2306} INFO - Setting next_dagrun for example_task_group to 2021-07-17 00:00:00+00:00
[2021-07-19 00:07:41,454] {scheduler_job.py:189} INFO - Processing /home/airflow/.local/lib/python3.6/site-packages/airflow/example_dags/example_task_group.py took 0.162 seconds
[2021-07-19 00:08:12,221] {scheduler_job.py:181} INFO - Started process (PID=1421) to work on /home/airflow/.local/lib/python3.6/site-packages/airflow/example_dags/example_task_group.py
[2021-07-19 00:08:12,222] {scheduler_job.py:632} INFO - Processing file /home/airflow/.local/lib/python3.6/site-packages/airflow/example_dags/example_task_group.py for tasks to queue
[2021-07-19 00:08:12,223] {logging_mixin.py:104} INFO - [2021-07-19 00:08:12,223] {dagbag.py:496} INFO - Filling up the DagBag from /home/airflow/.local/lib/python3.6/site-packages/airflow/example_dags/example_task_group.py
[2021-07-19 00:08:12,240] {scheduler_job.py:642} INFO - DAG(s) dict_keys(['example_task_group']) retrieved from /home/airflow/.local/lib/python3.6/site-packages/airflow/example_dags/example_task_group.py
[2021-07-19 00:08:12,266] {logging_mixin.py:104} INFO - [2021-07-19 00:08:12,265] {dag.py:1833} INFO - Sync 1 DAGs
[2021-07-19 00:08:12,286] {logging_mixin.py:104} INFO - [2021-07-19 00:08:12,286] {dag.py:2306} INFO - Setting next_dagrun for example_task_group to 2021-07-17 00:00:00+00:00
[2021-07-19 00:08:12,518] {scheduler_job.py:189} INFO - Processing /home/airflow/.local/lib/python3.6/site-packages/airflow/example_dags/example_task_group.py took 0.300 seconds
[2021-07-19 00:08:42,668] {scheduler_job.py:181} INFO - Started process (PID=1488) to work on /home/airflow/.local/lib/python3.6/site-packages/airflow/example_dags/example_task_group.py
[2021-07-19 00:08:42,671] {scheduler_job.py:632} INFO - Processing file /home/airflow/.local/lib/python3.6/site-packages/airflow/example_dags/example_task_group.py for tasks to queue
[2021-07-19 00:08:42,672] {logging_mixin.py:104} INFO - [2021-07-19 00:08:42,672] {dagbag.py:496} INFO - Filling up the DagBag from /home/airflow/.local/lib/python3.6/site-packages/airflow/example_dags/example_task_group.py
[2021-07-19 00:08:42,691] {scheduler_job.py:642} INFO - DAG(s) dict_keys(['example_task_group']) retrieved from /home/airflow/.local/lib/python3.6/site-packages/airflow/example_dags/example_task_group.py
[2021-07-19 00:08:42,718] {logging_mixin.py:104} INFO - [2021-07-19 00:08:42,717] {dag.py:1833} INFO - Sync 1 DAGs
[2021-07-19 00:08:42,746] {logging_mixin.py:104} INFO - [2021-07-19 00:08:42,746] {dag.py:2306} INFO - Setting next_dagrun for example_task_group to 2021-07-17 00:00:00+00:00
[2021-07-19 00:08:43,057] {scheduler_job.py:189} INFO - Processing /home/airflow/.local/lib/python3.6/site-packages/airflow/example_dags/example_task_group.py took 0.395 seconds
[2021-07-19 00:09:13,260] {scheduler_job.py:181} INFO - Started process (PID=1545) to work on /home/airflow/.local/lib/python3.6/site-packages/airflow/example_dags/example_task_group.py
[2021-07-19 00:09:13,262] {scheduler_job.py:632} INFO - Processing file /home/airflow/.local/lib/python3.6/site-packages/airflow/example_dags/example_task_group.py for tasks to queue
[2021-07-19 00:09:13,263] {logging_mixin.py:104} INFO - [2021-07-19 00:09:13,263] {dagbag.py:496} INFO - Filling up the DagBag from /home/airflow/.local/lib/python3.6/site-packages/airflow/example_dags/example_task_group.py
[2021-07-19 00:09:13,286] {scheduler_job.py:642} INFO - DAG(s) dict_keys(['example_task_group']) retrieved from /home/airflow/.local/lib/python3.6/site-packages/airflow/example_dags/example_task_group.py
[2021-07-19 00:09:13,315] {logging_mixin.py:104} INFO - [2021-07-19 00:09:13,315] {dag.py:1833} INFO - Sync 1 DAGs
[2021-07-19 00:09:13,337] {logging_mixin.py:104} INFO - [2021-07-19 00:09:13,337] {dag.py:2306} INFO - Setting next_dagrun for example_task_group to 2021-07-17 00:00:00+00:00
[2021-07-19 00:09:13,510] {scheduler_job.py:189} INFO - Processing /home/airflow/.local/lib/python3.6/site-packages/airflow/example_dags/example_task_group.py took 0.255 seconds
[2021-07-19 00:09:44,547] {scheduler_job.py:181} INFO - Started process (PID=1601) to work on /home/airflow/.local/lib/python3.6/site-packages/airflow/example_dags/example_task_group.py
[2021-07-19 00:09:44,552] {scheduler_job.py:632} INFO - Processing file /home/airflow/.local/lib/python3.6/site-packages/airflow/example_dags/example_task_group.py for tasks to queue
[2021-07-19 00:09:44,554] {logging_mixin.py:104} INFO - [2021-07-19 00:09:44,554] {dagbag.py:496} INFO - Filling up the DagBag from /home/airflow/.local/lib/python3.6/site-packages/airflow/example_dags/example_task_group.py
[2021-07-19 00:09:44,584] {scheduler_job.py:642} INFO - DAG(s) dict_keys(['example_task_group']) retrieved from /home/airflow/.local/lib/python3.6/site-packages/airflow/example_dags/example_task_group.py
[2021-07-19 00:09:44,629] {logging_mixin.py:104} INFO - [2021-07-19 00:09:44,629] {dag.py:1833} INFO - Sync 1 DAGs
[2021-07-19 00:09:44,648] {logging_mixin.py:104} INFO - [2021-07-19 00:09:44,648] {dag.py:2306} INFO - Setting next_dagrun for example_task_group to 2021-07-17 00:00:00+00:00
[2021-07-19 00:09:44,731] {scheduler_job.py:189} INFO - Processing /home/airflow/.local/lib/python3.6/site-packages/airflow/example_dags/example_task_group.py took 0.195 seconds
[2021-07-19 00:10:14,878] {scheduler_job.py:181} INFO - Started process (PID=1669) to work on /home/airflow/.local/lib/python3.6/site-packages/airflow/example_dags/example_task_group.py
[2021-07-19 00:10:14,883] {scheduler_job.py:632} INFO - Processing file /home/airflow/.local/lib/python3.6/site-packages/airflow/example_dags/example_task_group.py for tasks to queue
[2021-07-19 00:10:14,887] {logging_mixin.py:104} INFO - [2021-07-19 00:10:14,886] {dagbag.py:496} INFO - Filling up the DagBag from /home/airflow/.local/lib/python3.6/site-packages/airflow/example_dags/example_task_group.py
[2021-07-19 00:10:14,947] {scheduler_job.py:642} INFO - DAG(s) dict_keys(['example_task_group']) retrieved from /home/airflow/.local/lib/python3.6/site-packages/airflow/example_dags/example_task_group.py
[2021-07-19 00:10:14,990] {logging_mixin.py:104} INFO - [2021-07-19 00:10:14,989] {dag.py:1833} INFO - Sync 1 DAGs
[2021-07-19 00:10:15,022] {logging_mixin.py:104} INFO - [2021-07-19 00:10:15,021] {dag.py:2306} INFO - Setting next_dagrun for example_task_group to 2021-07-17 00:00:00+00:00
[2021-07-19 00:10:15,490] {scheduler_job.py:189} INFO - Processing /home/airflow/.local/lib/python3.6/site-packages/airflow/example_dags/example_task_group.py took 0.622 seconds
[2021-07-19 00:10:46,265] {scheduler_job.py:181} INFO - Started process (PID=1726) to work on /home/airflow/.local/lib/python3.6/site-packages/airflow/example_dags/example_task_group.py
[2021-07-19 00:10:46,267] {scheduler_job.py:632} INFO - Processing file /home/airflow/.local/lib/python3.6/site-packages/airflow/example_dags/example_task_group.py for tasks to queue
[2021-07-19 00:10:46,270] {logging_mixin.py:104} INFO - [2021-07-19 00:10:46,270] {dagbag.py:496} INFO - Filling up the DagBag from /home/airflow/.local/lib/python3.6/site-packages/airflow/example_dags/example_task_group.py
[2021-07-19 00:10:46,293] {scheduler_job.py:642} INFO - DAG(s) dict_keys(['example_task_group']) retrieved from /home/airflow/.local/lib/python3.6/site-packages/airflow/example_dags/example_task_group.py
[2021-07-19 00:10:46,326] {logging_mixin.py:104} INFO - [2021-07-19 00:10:46,326] {dag.py:1833} INFO - Sync 1 DAGs
[2021-07-19 00:10:46,361] {logging_mixin.py:104} INFO - [2021-07-19 00:10:46,361] {dag.py:2306} INFO - Setting next_dagrun for example_task_group to 2021-07-17 00:00:00+00:00
[2021-07-19 00:10:46,505] {scheduler_job.py:189} INFO - Processing /home/airflow/.local/lib/python3.6/site-packages/airflow/example_dags/example_task_group.py took 0.244 seconds
[2021-07-19 00:11:17,758] {scheduler_job.py:181} INFO - Started process (PID=1781) to work on /home/airflow/.local/lib/python3.6/site-packages/airflow/example_dags/example_task_group.py
[2021-07-19 00:11:17,768] {scheduler_job.py:632} INFO - Processing file /home/airflow/.local/lib/python3.6/site-packages/airflow/example_dags/example_task_group.py for tasks to queue
[2021-07-19 00:11:17,773] {logging_mixin.py:104} INFO - [2021-07-19 00:11:17,772] {dagbag.py:496} INFO - Filling up the DagBag from /home/airflow/.local/lib/python3.6/site-packages/airflow/example_dags/example_task_group.py
[2021-07-19 00:11:17,812] {scheduler_job.py:642} INFO - DAG(s) dict_keys(['example_task_group']) retrieved from /home/airflow/.local/lib/python3.6/site-packages/airflow/example_dags/example_task_group.py
[2021-07-19 00:11:17,874] {logging_mixin.py:104} INFO - [2021-07-19 00:11:17,873] {dag.py:1833} INFO - Sync 1 DAGs
[2021-07-19 00:11:17,908] {logging_mixin.py:104} INFO - [2021-07-19 00:11:17,908] {dag.py:2306} INFO - Setting next_dagrun for example_task_group to 2021-07-17 00:00:00+00:00
[2021-07-19 00:11:18,187] {scheduler_job.py:189} INFO - Processing /home/airflow/.local/lib/python3.6/site-packages/airflow/example_dags/example_task_group.py took 0.449 seconds
[2021-07-19 00:11:48,430] {scheduler_job.py:181} INFO - Started process (PID=1850) to work on /home/airflow/.local/lib/python3.6/site-packages/airflow/example_dags/example_task_group.py
[2021-07-19 00:11:48,432] {scheduler_job.py:632} INFO - Processing file /home/airflow/.local/lib/python3.6/site-packages/airflow/example_dags/example_task_group.py for tasks to queue
[2021-07-19 00:11:48,433] {logging_mixin.py:104} INFO - [2021-07-19 00:11:48,433] {dagbag.py:496} INFO - Filling up the DagBag from /home/airflow/.local/lib/python3.6/site-packages/airflow/example_dags/example_task_group.py
[2021-07-19 00:11:48,450] {scheduler_job.py:642} INFO - DAG(s) dict_keys(['example_task_group']) retrieved from /home/airflow/.local/lib/python3.6/site-packages/airflow/example_dags/example_task_group.py
[2021-07-19 00:11:48,477] {logging_mixin.py:104} INFO - [2021-07-19 00:11:48,476] {dag.py:1833} INFO - Sync 1 DAGs
[2021-07-19 00:11:48,496] {logging_mixin.py:104} INFO - [2021-07-19 00:11:48,496] {dag.py:2306} INFO - Setting next_dagrun for example_task_group to 2021-07-17 00:00:00+00:00
[2021-07-19 00:11:48,576] {scheduler_job.py:189} INFO - Processing /home/airflow/.local/lib/python3.6/site-packages/airflow/example_dags/example_task_group.py took 0.151 seconds
[2021-07-19 00:12:18,962] {scheduler_job.py:181} INFO - Started process (PID=1906) to work on /home/airflow/.local/lib/python3.6/site-packages/airflow/example_dags/example_task_group.py
[2021-07-19 00:12:18,964] {scheduler_job.py:632} INFO - Processing file /home/airflow/.local/lib/python3.6/site-packages/airflow/example_dags/example_task_group.py for tasks to queue
[2021-07-19 00:12:18,965] {logging_mixin.py:104} INFO - [2021-07-19 00:12:18,965] {dagbag.py:496} INFO - Filling up the DagBag from /home/airflow/.local/lib/python3.6/site-packages/airflow/example_dags/example_task_group.py
[2021-07-19 00:12:18,983] {scheduler_job.py:642} INFO - DAG(s) dict_keys(['example_task_group']) retrieved from /home/airflow/.local/lib/python3.6/site-packages/airflow/example_dags/example_task_group.py
[2021-07-19 00:12:19,009] {logging_mixin.py:104} INFO - [2021-07-19 00:12:19,009] {dag.py:1833} INFO - Sync 1 DAGs
[2021-07-19 00:12:19,030] {logging_mixin.py:104} INFO - [2021-07-19 00:12:19,029] {dag.py:2306} INFO - Setting next_dagrun for example_task_group to 2021-07-17 00:00:00+00:00
[2021-07-19 00:12:19,190] {scheduler_job.py:189} INFO - Processing /home/airflow/.local/lib/python3.6/site-packages/airflow/example_dags/example_task_group.py took 0.232 seconds
[2021-07-19 00:12:49,317] {scheduler_job.py:181} INFO - Started process (PID=1963) to work on /home/airflow/.local/lib/python3.6/site-packages/airflow/example_dags/example_task_group.py
[2021-07-19 00:12:49,319] {scheduler_job.py:632} INFO - Processing file /home/airflow/.local/lib/python3.6/site-packages/airflow/example_dags/example_task_group.py for tasks to queue
[2021-07-19 00:12:49,321] {logging_mixin.py:104} INFO - [2021-07-19 00:12:49,320] {dagbag.py:496} INFO - Filling up the DagBag from /home/airflow/.local/lib/python3.6/site-packages/airflow/example_dags/example_task_group.py
[2021-07-19 00:12:49,339] {scheduler_job.py:642} INFO - DAG(s) dict_keys(['example_task_group']) retrieved from /home/airflow/.local/lib/python3.6/site-packages/airflow/example_dags/example_task_group.py
[2021-07-19 00:12:49,370] {logging_mixin.py:104} INFO - [2021-07-19 00:12:49,370] {dag.py:1833} INFO - Sync 1 DAGs
[2021-07-19 00:12:49,390] {logging_mixin.py:104} INFO - [2021-07-19 00:12:49,390] {dag.py:2306} INFO - Setting next_dagrun for example_task_group to 2021-07-17 00:00:00+00:00
[2021-07-19 00:12:49,481] {scheduler_job.py:189} INFO - Processing /home/airflow/.local/lib/python3.6/site-packages/airflow/example_dags/example_task_group.py took 0.168 seconds
[2021-07-19 00:13:20,234] {scheduler_job.py:181} INFO - Started process (PID=2020) to work on /home/airflow/.local/lib/python3.6/site-packages/airflow/example_dags/example_task_group.py
[2021-07-19 00:13:20,253] {scheduler_job.py:632} INFO - Processing file /home/airflow/.local/lib/python3.6/site-packages/airflow/example_dags/example_task_group.py for tasks to queue
[2021-07-19 00:13:20,259] {logging_mixin.py:104} INFO - [2021-07-19 00:13:20,258] {dagbag.py:496} INFO - Filling up the DagBag from /home/airflow/.local/lib/python3.6/site-packages/airflow/example_dags/example_task_group.py
[2021-07-19 00:13:20,307] {scheduler_job.py:642} INFO - DAG(s) dict_keys(['example_task_group']) retrieved from /home/airflow/.local/lib/python3.6/site-packages/airflow/example_dags/example_task_group.py
[2021-07-19 00:13:20,345] {logging_mixin.py:104} INFO - [2021-07-19 00:13:20,344] {dag.py:1833} INFO - Sync 1 DAGs
[2021-07-19 00:13:20,368] {logging_mixin.py:104} INFO - [2021-07-19 00:13:20,368] {dag.py:2306} INFO - Setting next_dagrun for example_task_group to 2021-07-17 00:00:00+00:00
[2021-07-19 00:13:20,548] {scheduler_job.py:189} INFO - Processing /home/airflow/.local/lib/python3.6/site-packages/airflow/example_dags/example_task_group.py took 0.333 seconds
[2021-07-19 00:13:51,299] {scheduler_job.py:181} INFO - Started process (PID=2093) to work on /home/airflow/.local/lib/python3.6/site-packages/airflow/example_dags/example_task_group.py
[2021-07-19 00:13:51,301] {scheduler_job.py:632} INFO - Processing file /home/airflow/.local/lib/python3.6/site-packages/airflow/example_dags/example_task_group.py for tasks to queue
[2021-07-19 00:13:51,302] {logging_mixin.py:104} INFO - [2021-07-19 00:13:51,302] {dagbag.py:496} INFO - Filling up the DagBag from /home/airflow/.local/lib/python3.6/site-packages/airflow/example_dags/example_task_group.py
[2021-07-19 00:13:51,318] {scheduler_job.py:642} INFO - DAG(s) dict_keys(['example_task_group']) retrieved from /home/airflow/.local/lib/python3.6/site-packages/airflow/example_dags/example_task_group.py
[2021-07-19 00:13:51,349] {logging_mixin.py:104} INFO - [2021-07-19 00:13:51,349] {dag.py:1833} INFO - Sync 1 DAGs
[2021-07-19 00:13:51,369] {logging_mixin.py:104} INFO - [2021-07-19 00:13:51,369] {dag.py:2306} INFO - Setting next_dagrun for example_task_group to 2021-07-17 00:00:00+00:00
[2021-07-19 00:13:51,471] {scheduler_job.py:189} INFO - Processing /home/airflow/.local/lib/python3.6/site-packages/airflow/example_dags/example_task_group.py took 0.176 seconds
[2021-07-19 00:14:22,285] {scheduler_job.py:181} INFO - Started process (PID=2150) to work on /home/airflow/.local/lib/python3.6/site-packages/airflow/example_dags/example_task_group.py
[2021-07-19 00:14:22,292] {scheduler_job.py:632} INFO - Processing file /home/airflow/.local/lib/python3.6/site-packages/airflow/example_dags/example_task_group.py for tasks to queue
[2021-07-19 00:14:22,296] {logging_mixin.py:104} INFO - [2021-07-19 00:14:22,296] {dagbag.py:496} INFO - Filling up the DagBag from /home/airflow/.local/lib/python3.6/site-packages/airflow/example_dags/example_task_group.py
[2021-07-19 00:14:22,322] {scheduler_job.py:642} INFO - DAG(s) dict_keys(['example_task_group']) retrieved from /home/airflow/.local/lib/python3.6/site-packages/airflow/example_dags/example_task_group.py
[2021-07-19 00:14:22,353] {logging_mixin.py:104} INFO - [2021-07-19 00:14:22,353] {dag.py:1833} INFO - Sync 1 DAGs
[2021-07-19 00:14:22,376] {logging_mixin.py:104} INFO - [2021-07-19 00:14:22,376] {dag.py:2306} INFO - Setting next_dagrun for example_task_group to 2021-07-17 00:00:00+00:00
[2021-07-19 00:14:22,620] {scheduler_job.py:189} INFO - Processing /home/airflow/.local/lib/python3.6/site-packages/airflow/example_dags/example_task_group.py took 0.339 seconds
[2021-07-19 00:14:53,001] {scheduler_job.py:181} INFO - Started process (PID=2207) to work on /home/airflow/.local/lib/python3.6/site-packages/airflow/example_dags/example_task_group.py
[2021-07-19 00:14:53,003] {scheduler_job.py:632} INFO - Processing file /home/airflow/.local/lib/python3.6/site-packages/airflow/example_dags/example_task_group.py for tasks to queue
[2021-07-19 00:14:53,004] {logging_mixin.py:104} INFO - [2021-07-19 00:14:53,004] {dagbag.py:496} INFO - Filling up the DagBag from /home/airflow/.local/lib/python3.6/site-packages/airflow/example_dags/example_task_group.py
[2021-07-19 00:14:53,032] {scheduler_job.py:642} INFO - DAG(s) dict_keys(['example_task_group']) retrieved from /home/airflow/.local/lib/python3.6/site-packages/airflow/example_dags/example_task_group.py
[2021-07-19 00:14:53,070] {logging_mixin.py:104} INFO - [2021-07-19 00:14:53,069] {dag.py:1833} INFO - Sync 1 DAGs
[2021-07-19 00:14:53,098] {logging_mixin.py:104} INFO - [2021-07-19 00:14:53,097] {dag.py:2306} INFO - Setting next_dagrun for example_task_group to 2021-07-17 00:00:00+00:00
[2021-07-19 00:14:53,147] {scheduler_job.py:189} INFO - Processing /home/airflow/.local/lib/python3.6/site-packages/airflow/example_dags/example_task_group.py took 0.151 seconds
[2021-07-19 00:15:23,273] {scheduler_job.py:181} INFO - Started process (PID=2264) to work on /home/airflow/.local/lib/python3.6/site-packages/airflow/example_dags/example_task_group.py
[2021-07-19 00:15:23,275] {scheduler_job.py:632} INFO - Processing file /home/airflow/.local/lib/python3.6/site-packages/airflow/example_dags/example_task_group.py for tasks to queue
[2021-07-19 00:15:23,277] {logging_mixin.py:104} INFO - [2021-07-19 00:15:23,277] {dagbag.py:496} INFO - Filling up the DagBag from /home/airflow/.local/lib/python3.6/site-packages/airflow/example_dags/example_task_group.py
[2021-07-19 00:15:23,299] {scheduler_job.py:642} INFO - DAG(s) dict_keys(['example_task_group']) retrieved from /home/airflow/.local/lib/python3.6/site-packages/airflow/example_dags/example_task_group.py
[2021-07-19 00:15:23,327] {logging_mixin.py:104} INFO - [2021-07-19 00:15:23,326] {dag.py:1833} INFO - Sync 1 DAGs
[2021-07-19 00:15:23,347] {logging_mixin.py:104} INFO - [2021-07-19 00:15:23,347] {dag.py:2306} INFO - Setting next_dagrun for example_task_group to 2021-07-17 00:00:00+00:00
[2021-07-19 00:15:23,393] {scheduler_job.py:189} INFO - Processing /home/airflow/.local/lib/python3.6/site-packages/airflow/example_dags/example_task_group.py took 0.125 seconds
[2021-07-19 00:15:53,653] {scheduler_job.py:181} INFO - Started process (PID=2330) to work on /home/airflow/.local/lib/python3.6/site-packages/airflow/example_dags/example_task_group.py
[2021-07-19 00:15:53,655] {scheduler_job.py:632} INFO - Processing file /home/airflow/.local/lib/python3.6/site-packages/airflow/example_dags/example_task_group.py for tasks to queue
[2021-07-19 00:15:53,656] {logging_mixin.py:104} INFO - [2021-07-19 00:15:53,656] {dagbag.py:496} INFO - Filling up the DagBag from /home/airflow/.local/lib/python3.6/site-packages/airflow/example_dags/example_task_group.py
[2021-07-19 00:15:53,678] {scheduler_job.py:642} INFO - DAG(s) dict_keys(['example_task_group']) retrieved from /home/airflow/.local/lib/python3.6/site-packages/airflow/example_dags/example_task_group.py
[2021-07-19 00:15:53,709] {logging_mixin.py:104} INFO - [2021-07-19 00:15:53,709] {dag.py:1833} INFO - Sync 1 DAGs
[2021-07-19 00:15:53,728] {logging_mixin.py:104} INFO - [2021-07-19 00:15:53,728] {dag.py:2306} INFO - Setting next_dagrun for example_task_group to 2021-07-17 00:00:00+00:00
[2021-07-19 00:15:53,773] {scheduler_job.py:189} INFO - Processing /home/airflow/.local/lib/python3.6/site-packages/airflow/example_dags/example_task_group.py took 0.123 seconds
[2021-07-19 00:16:24,064] {scheduler_job.py:181} INFO - Started process (PID=2386) to work on /home/airflow/.local/lib/python3.6/site-packages/airflow/example_dags/example_task_group.py
[2021-07-19 00:16:24,067] {scheduler_job.py:632} INFO - Processing file /home/airflow/.local/lib/python3.6/site-packages/airflow/example_dags/example_task_group.py for tasks to queue
[2021-07-19 00:16:24,068] {logging_mixin.py:104} INFO - [2021-07-19 00:16:24,068] {dagbag.py:496} INFO - Filling up the DagBag from /home/airflow/.local/lib/python3.6/site-packages/airflow/example_dags/example_task_group.py
[2021-07-19 00:16:24,090] {scheduler_job.py:642} INFO - DAG(s) dict_keys(['example_task_group']) retrieved from /home/airflow/.local/lib/python3.6/site-packages/airflow/example_dags/example_task_group.py
[2021-07-19 00:16:24,120] {logging_mixin.py:104} INFO - [2021-07-19 00:16:24,120] {dag.py:1833} INFO - Sync 1 DAGs
[2021-07-19 00:16:24,138] {logging_mixin.py:104} INFO - [2021-07-19 00:16:24,138] {dag.py:2306} INFO - Setting next_dagrun for example_task_group to 2021-07-17 00:00:00+00:00
[2021-07-19 00:16:24,206] {scheduler_job.py:189} INFO - Processing /home/airflow/.local/lib/python3.6/site-packages/airflow/example_dags/example_task_group.py took 0.147 seconds
                                                                                                                                                                                                                                                                                                                                                                                                                                                                                                                                                                                                                                                                                                                                                                                                                                                                                                                                                                                                                                                                                                                                                                                                                                                                                                                                                                                                                                                                                                                                                                                                                                                                                                                                                                                                                                                                                                                                                                                                                                                                                                                                                                                                                                                                                                                                                                                                                                                                                                                                                                                                                                                                                                                                                                                                                                                                                                                                                                                                                                                                                                                                                                                                                                                                                                                                                                                                                                                                                                                                                                                                                                                                                                                                                                                                                                                                                                                                                                                                                                                                                                                                                                                                                                                                                                                                                                                                                                                                                                                                                                                                                                                                                                                                                                                                                                                                                                                                                                                                                                                                                                                                                                                                                                                                                                                                                                                                                                                                                                                                                                                                                                                                                                                                                                                                                                                                                                                                                                                                                                                                                                                                                                                                                                                                                                                                                                                                                                                                                                                                                                                                                                                                                                                                                                                                                                                                                                                                                                                                                                                                                                                                                                                                                                                                                                                                                                                                                                                                                                                                                                                                                                                                                                                                                                                                                                                                                                                                                                                                                                                                                                                                                                                                                                                                                                                                                                                                                                                                                                                                                                                                                                                                                                                                                                                                                                                                                                                                                                                                                                                                                                                                                                                                                                                                                                                                                                                                                                                                                                                                                                                                                                                                                                                                                                                                                                                                                                                                                                                                                                                                                                                                                                                                                                                                                                                                                                                                                                                                                                                                                                                                                                                                                                                                                                                                                                                                                                                                                                                                                                                                                                                                                                                                                                                                                                                                                                                                                                                                                                                                                                                                                                                                                                                                                                                                                                                                                                                                                                                                                                                                                                                                                                                                                                                                                                                                                                                                                                                                                                                                                                                                                                                                                                                                                                                                                                                                                                                                                                                                                                                                                                                                                                                                                                                                                                                                                                                                                                                                                                                                                                                                                                                                                                                                                                                                                                                                                                                                                                                                                                                                                                                                                                                                                                                                                                                                                                                                                                                                                                                                                                                                                                                                                                                                                                                                                                                                                                                                                                                                                                                                                                                                                                                                                                                                                                                                                                                                                                                                                                                                                                                                                                                                                                                                                                                                                                                                                                                                                                                                                                                                                                                                                                                                                                                                                                                                                                                                                                                                                                                                                                                                                                                                                                                                                                                                                                                                                                                                                                                                                                                                                                                                                                                                                                                                                                                                                                                                                                                                                                                                                                                                                                                                                                                                                                                                                                                                                                                                                                                                                                                                                                                                                                                                                                                                                                                                                                                                                                                                                                                                                                                                                                                                                                                                                                                                                                                                                                                                                                                                                                                                                                                                                                                                                                                                                                                                                                                                                                                                                                                                                                                                                                                                                                                                                                                                                                                                                                                                                                                                                                                                                                                                                                                                                                                                                                                                                                                                                                                                                                                                                                                                                                                                                                                                                                                                                                                                                                                                                                                                                                                                                                                                                                                                                                                                                                                                                                                                                                                                                                                                                                                                                                                                                                                                                                                                                                                                                                                                                                                                                                                                                                                                                                                                                                                                                                                                                                                                                                                                                                                                                                                                                                                                                                                                                                                                                                                                                                                                                                                                                                                                                                                                                                                                                                                                                                                                                                                                                                                                                                                                                                                                                                                                                                                                                                                                                                                                                                                                                                                                                                                                                                                                                                                                                                                                                                                                                                                                                                                                                                                                                                                                                                                                                                                                                                                                                                                                                                                                                                                                                                   