[2021-07-19 00:00:09,852] {scheduler_job.py:181} INFO - Started process (PID=480) to work on /home/airflow/.local/lib/python3.6/site-packages/airflow/example_dags/example_branch_datetime_operator.py
[2021-07-19 00:00:09,856] {scheduler_job.py:632} INFO - Processing file /home/airflow/.local/lib/python3.6/site-packages/airflow/example_dags/example_branch_datetime_operator.py for tasks to queue
[2021-07-19 00:00:09,857] {logging_mixin.py:104} INFO - [2021-07-19 00:00:09,857] {dagbag.py:496} INFO - Filling up the DagBag from /home/airflow/.local/lib/python3.6/site-packages/airflow/example_dags/example_branch_datetime_operator.py
[2021-07-19 00:00:09,898] {scheduler_job.py:642} INFO - DAG(s) dict_keys(['example_branch_datetime_operator_2']) retrieved from /home/airflow/.local/lib/python3.6/site-packages/airflow/example_dags/example_branch_datetime_operator.py
[2021-07-19 00:00:10,538] {logging_mixin.py:104} INFO - [2021-07-19 00:00:10,538] {dag.py:1833} INFO - Sync 1 DAGs
[2021-07-19 00:00:10,563] {logging_mixin.py:104} INFO - [2021-07-19 00:00:10,563] {dag.py:2306} INFO - Setting next_dagrun for example_branch_datetime_operator_2 to 2021-07-17 00:00:00+00:00
[2021-07-19 00:00:10,672] {scheduler_job.py:189} INFO - Processing /home/airflow/.local/lib/python3.6/site-packages/airflow/example_dags/example_branch_datetime_operator.py took 0.830 seconds
[2021-07-19 00:00:41,281] {scheduler_job.py:181} INFO - Started process (PID=537) to work on /home/airflow/.local/lib/python3.6/site-packages/airflow/example_dags/example_branch_datetime_operator.py
[2021-07-19 00:00:41,285] {scheduler_job.py:632} INFO - Processing file /home/airflow/.local/lib/python3.6/site-packages/airflow/example_dags/example_branch_datetime_operator.py for tasks to queue
[2021-07-19 00:00:41,287] {logging_mixin.py:104} INFO - [2021-07-19 00:00:41,287] {dagbag.py:496} INFO - Filling up the DagBag from /home/airflow/.local/lib/python3.6/site-packages/airflow/example_dags/example_branch_datetime_operator.py
[2021-07-19 00:00:41,305] {scheduler_job.py:642} INFO - DAG(s) dict_keys(['example_branch_datetime_operator_2']) retrieved from /home/airflow/.local/lib/python3.6/site-packages/airflow/example_dags/example_branch_datetime_operator.py
[2021-07-19 00:00:41,332] {logging_mixin.py:104} INFO - [2021-07-19 00:00:41,332] {dag.py:1833} INFO - Sync 1 DAGs
[2021-07-19 00:00:41,357] {logging_mixin.py:104} INFO - [2021-07-19 00:00:41,357] {dag.py:2306} INFO - Setting next_dagrun for example_branch_datetime_operator_2 to 2021-07-17 00:00:00+00:00
[2021-07-19 00:00:41,404] {scheduler_job.py:189} INFO - Processing /home/airflow/.local/lib/python3.6/site-packages/airflow/example_dags/example_branch_datetime_operator.py took 0.133 seconds
[2021-07-19 00:01:12,175] {scheduler_job.py:181} INFO - Started process (PID=606) to work on /home/airflow/.local/lib/python3.6/site-packages/airflow/example_dags/example_branch_datetime_operator.py
[2021-07-19 00:01:12,182] {scheduler_job.py:632} INFO - Processing file /home/airflow/.local/lib/python3.6/site-packages/airflow/example_dags/example_branch_datetime_operator.py for tasks to queue
[2021-07-19 00:01:12,185] {logging_mixin.py:104} INFO - [2021-07-19 00:01:12,185] {dagbag.py:496} INFO - Filling up the DagBag from /home/airflow/.local/lib/python3.6/site-packages/airflow/example_dags/example_branch_datetime_operator.py
[2021-07-19 00:01:12,218] {scheduler_job.py:642} INFO - DAG(s) dict_keys(['example_branch_datetime_operator_2']) retrieved from /home/airflow/.local/lib/python3.6/site-packages/airflow/example_dags/example_branch_datetime_operator.py
[2021-07-19 00:01:12,263] {logging_mixin.py:104} INFO - [2021-07-19 00:01:12,263] {dag.py:1833} INFO - Sync 1 DAGs
[2021-07-19 00:01:12,301] {logging_mixin.py:104} INFO - [2021-07-19 00:01:12,301] {dag.py:2306} INFO - Setting next_dagrun for example_branch_datetime_operator_2 to 2021-07-17 00:00:00+00:00
[2021-07-19 00:01:12,355] {scheduler_job.py:189} INFO - Processing /home/airflow/.local/lib/python3.6/site-packages/airflow/example_dags/example_branch_datetime_operator.py took 0.192 seconds
[2021-07-19 00:01:43,160] {scheduler_job.py:181} INFO - Started process (PID=662) to work on /home/airflow/.local/lib/python3.6/site-packages/airflow/example_dags/example_branch_datetime_operator.py
[2021-07-19 00:01:43,168] {scheduler_job.py:632} INFO - Processing file /home/airflow/.local/lib/python3.6/site-packages/airflow/example_dags/example_branch_datetime_operator.py for tasks to queue
[2021-07-19 00:01:43,172] {logging_mixin.py:104} INFO - [2021-07-19 00:01:43,171] {dagbag.py:496} INFO - Filling up the DagBag from /home/airflow/.local/lib/python3.6/site-packages/airflow/example_dags/example_branch_datetime_operator.py
[2021-07-19 00:01:43,224] {scheduler_job.py:642} INFO - DAG(s) dict_keys(['example_branch_datetime_operator_2']) retrieved from /home/airflow/.local/lib/python3.6/site-packages/airflow/example_dags/example_branch_datetime_operator.py
[2021-07-19 00:01:43,258] {logging_mixin.py:104} INFO - [2021-07-19 00:01:43,257] {dag.py:1833} INFO - Sync 1 DAGs
[2021-07-19 00:01:43,286] {logging_mixin.py:104} INFO - [2021-07-19 00:01:43,286] {dag.py:2306} INFO - Setting next_dagrun for example_branch_datetime_operator_2 to 2021-07-17 00:00:00+00:00
[2021-07-19 00:01:43,345] {scheduler_job.py:189} INFO - Processing /home/airflow/.local/lib/python3.6/site-packages/airflow/example_dags/example_branch_datetime_operator.py took 0.196 seconds
[2021-07-19 00:02:13,422] {scheduler_job.py:181} INFO - Started process (PID=728) to work on /home/airflow/.local/lib/python3.6/site-packages/airflow/example_dags/example_branch_datetime_operator.py
[2021-07-19 00:02:13,424] {scheduler_job.py:632} INFO - Processing file /home/airflow/.local/lib/python3.6/site-packages/airflow/example_dags/example_branch_datetime_operator.py for tasks to queue
[2021-07-19 00:02:13,426] {logging_mixin.py:104} INFO - [2021-07-19 00:02:13,426] {dagbag.py:496} INFO - Filling up the DagBag from /home/airflow/.local/lib/python3.6/site-packages/airflow/example_dags/example_branch_datetime_operator.py
[2021-07-19 00:02:13,448] {scheduler_job.py:642} INFO - DAG(s) dict_keys(['example_branch_datetime_operator_2']) retrieved from /home/airflow/.local/lib/python3.6/site-packages/airflow/example_dags/example_branch_datetime_operator.py
[2021-07-19 00:02:13,478] {logging_mixin.py:104} INFO - [2021-07-19 00:02:13,478] {dag.py:1833} INFO - Sync 1 DAGs
[2021-07-19 00:02:13,511] {logging_mixin.py:104} INFO - [2021-07-19 00:02:13,511] {dag.py:2306} INFO - Setting next_dagrun for example_branch_datetime_operator_2 to 2021-07-17 00:00:00+00:00
[2021-07-19 00:02:13,562] {scheduler_job.py:189} INFO - Processing /home/airflow/.local/lib/python3.6/site-packages/airflow/example_dags/example_branch_datetime_operator.py took 0.145 seconds
[2021-07-19 00:02:44,141] {scheduler_job.py:181} INFO - Started process (PID=788) to work on /home/airflow/.local/lib/python3.6/site-packages/airflow/example_dags/example_branch_datetime_operator.py
[2021-07-19 00:02:44,143] {scheduler_job.py:632} INFO - Processing file /home/airflow/.local/lib/python3.6/site-packages/airflow/example_dags/example_branch_datetime_operator.py for tasks to queue
[2021-07-19 00:02:44,144] {logging_mixin.py:104} INFO - [2021-07-19 00:02:44,144] {dagbag.py:496} INFO - Filling up the DagBag from /home/airflow/.local/lib/python3.6/site-packages/airflow/example_dags/example_branch_datetime_operator.py
[2021-07-19 00:02:44,166] {scheduler_job.py:642} INFO - DAG(s) dict_keys(['example_branch_datetime_operator_2']) retrieved from /home/airflow/.local/lib/python3.6/site-packages/airflow/example_dags/example_branch_datetime_operator.py
[2021-07-19 00:02:44,199] {logging_mixin.py:104} INFO - [2021-07-19 00:02:44,199] {dag.py:1833} INFO - Sync 1 DAGs
[2021-07-19 00:02:44,228] {logging_mixin.py:104} INFO - [2021-07-19 00:02:44,227] {dag.py:2306} INFO - Setting next_dagrun for example_branch_datetime_operator_2 to 2021-07-17 00:00:00+00:00
[2021-07-19 00:02:44,303] {scheduler_job.py:189} INFO - Processing /home/airflow/.local/lib/python3.6/site-packages/airflow/example_dags/example_branch_datetime_operator.py took 0.167 seconds
[2021-07-19 00:03:14,574] {scheduler_job.py:181} INFO - Started process (PID=844) to work on /home/airflow/.local/lib/python3.6/site-packages/airflow/example_dags/example_branch_datetime_operator.py
[2021-07-19 00:03:14,577] {scheduler_job.py:632} INFO - Processing file /home/airflow/.local/lib/python3.6/site-packages/airflow/example_dags/example_branch_datetime_operator.py for tasks to queue
[2021-07-19 00:03:14,579] {logging_mixin.py:104} INFO - [2021-07-19 00:03:14,579] {dagbag.py:496} INFO - Filling up the DagBag from /home/airflow/.local/lib/python3.6/site-packages/airflow/example_dags/example_branch_datetime_operator.py
[2021-07-19 00:03:14,602] {scheduler_job.py:642} INFO - DAG(s) dict_keys(['example_branch_datetime_operator_2']) retrieved from /home/airflow/.local/lib/python3.6/site-packages/airflow/example_dags/example_branch_datetime_operator.py
[2021-07-19 00:03:14,637] {logging_mixin.py:104} INFO - [2021-07-19 00:03:14,637] {dag.py:1833} INFO - Sync 1 DAGs
[2021-07-19 00:03:14,665] {logging_mixin.py:104} INFO - [2021-07-19 00:03:14,665] {dag.py:2306} INFO - Setting next_dagrun for example_branch_datetime_operator_2 to 2021-07-17 00:00:00+00:00
[2021-07-19 00:03:14,799] {scheduler_job.py:189} INFO - Processing /home/airflow/.local/lib/python3.6/site-packages/airflow/example_dags/example_branch_datetime_operator.py took 0.230 seconds
[2021-07-19 00:03:45,309] {scheduler_job.py:181} INFO - Started process (PID=910) to work on /home/airflow/.local/lib/python3.6/site-packages/airflow/example_dags/example_branch_datetime_operator.py
[2021-07-19 00:03:45,311] {scheduler_job.py:632} INFO - Processing file /home/airflow/.local/lib/python3.6/site-packages/airflow/example_dags/example_branch_datetime_operator.py for tasks to queue
[2021-07-19 00:03:45,313] {logging_mixin.py:104} INFO - [2021-07-19 00:03:45,313] {dagbag.py:496} INFO - Filling up the DagBag from /home/airflow/.local/lib/python3.6/site-packages/airflow/example_dags/example_branch_datetime_operator.py
[2021-07-19 00:03:45,334] {scheduler_job.py:642} INFO - DAG(s) dict_keys(['example_branch_datetime_operator_2']) retrieved from /home/airflow/.local/lib/python3.6/site-packages/airflow/example_dags/example_branch_datetime_operator.py
[2021-07-19 00:03:45,365] {logging_mixin.py:104} INFO - [2021-07-19 00:03:45,365] {dag.py:1833} INFO - Sync 1 DAGs
[2021-07-19 00:03:45,389] {logging_mixin.py:104} INFO - [2021-07-19 00:03:45,389] {dag.py:2306} INFO - Setting next_dagrun for example_branch_datetime_operator_2 to 2021-07-17 00:00:00+00:00
[2021-07-19 00:03:45,555] {scheduler_job.py:189} INFO - Processing /home/airflow/.local/lib/python3.6/site-packages/airflow/example_dags/example_branch_datetime_operator.py took 0.250 seconds
[2021-07-19 00:04:16,326] {scheduler_job.py:181} INFO - Started process (PID=966) to work on /home/airflow/.local/lib/python3.6/site-packages/airflow/example_dags/example_branch_datetime_operator.py
[2021-07-19 00:04:16,331] {scheduler_job.py:632} INFO - Processing file /home/airflow/.local/lib/python3.6/site-packages/airflow/example_dags/example_branch_datetime_operator.py for tasks to queue
[2021-07-19 00:04:16,333] {logging_mixin.py:104} INFO - [2021-07-19 00:04:16,333] {dagbag.py:496} INFO - Filling up the DagBag from /home/airflow/.local/lib/python3.6/site-packages/airflow/example_dags/example_branch_datetime_operator.py
[2021-07-19 00:04:16,357] {scheduler_job.py:642} INFO - DAG(s) dict_keys(['example_branch_datetime_operator_2']) retrieved from /home/airflow/.local/lib/python3.6/site-packages/airflow/example_dags/example_branch_datetime_operator.py
[2021-07-19 00:04:16,396] {logging_mixin.py:104} INFO - [2021-07-19 00:04:16,396] {dag.py:1833} INFO - Sync 1 DAGs
[2021-07-19 00:04:16,442] {logging_mixin.py:104} INFO - [2021-07-19 00:04:16,442] {dag.py:2306} INFO - Setting next_dagrun for example_branch_datetime_operator_2 to 2021-07-17 00:00:00+00:00
[2021-07-19 00:04:16,519] {scheduler_job.py:189} INFO - Processing /home/airflow/.local/lib/python3.6/site-packages/airflow/example_dags/example_branch_datetime_operator.py took 0.199 seconds
[2021-07-19 00:04:47,033] {scheduler_job.py:181} INFO - Started process (PID=1030) to work on /home/airflow/.local/lib/python3.6/site-packages/airflow/example_dags/example_branch_datetime_operator.py
[2021-07-19 00:04:47,047] {scheduler_job.py:632} INFO - Processing file /home/airflow/.local/lib/python3.6/site-packages/airflow/example_dags/example_branch_datetime_operator.py for tasks to queue
[2021-07-19 00:04:47,050] {logging_mixin.py:104} INFO - [2021-07-19 00:04:47,049] {dagbag.py:496} INFO - Filling up the DagBag from /home/airflow/.local/lib/python3.6/site-packages/airflow/example_dags/example_branch_datetime_operator.py
[2021-07-19 00:04:47,073] {scheduler_job.py:642} INFO - DAG(s) dict_keys(['example_branch_datetime_operator_2']) retrieved from /home/airflow/.local/lib/python3.6/site-packages/airflow/example_dags/example_branch_datetime_operator.py
[2021-07-19 00:04:47,105] {logging_mixin.py:104} INFO - [2021-07-19 00:04:47,104] {dag.py:1833} INFO - Sync 1 DAGs
[2021-07-19 00:04:47,138] {logging_mixin.py:104} INFO - [2021-07-19 00:04:47,138] {dag.py:2306} INFO - Setting next_dagrun for example_branch_datetime_operator_2 to 2021-07-17 00:00:00+00:00
[2021-07-19 00:04:47,192] {scheduler_job.py:189} INFO - Processing /home/airflow/.local/lib/python3.6/site-packages/airflow/example_dags/example_branch_datetime_operator.py took 0.172 seconds
[2021-07-19 00:05:17,240] {scheduler_job.py:181} INFO - Started process (PID=1086) to work on /home/airflow/.local/lib/python3.6/site-packages/airflow/example_dags/example_branch_datetime_operator.py
[2021-07-19 00:05:17,242] {scheduler_job.py:632} INFO - Processing file /home/airflow/.local/lib/python3.6/site-packages/airflow/example_dags/example_branch_datetime_operator.py for tasks to queue
[2021-07-19 00:05:17,244] {logging_mixin.py:104} INFO - [2021-07-19 00:05:17,244] {dagbag.py:496} INFO - Filling up the DagBag from /home/airflow/.local/lib/python3.6/site-packages/airflow/example_dags/example_branch_datetime_operator.py
[2021-07-19 00:05:17,263] {scheduler_job.py:642} INFO - DAG(s) dict_keys(['example_branch_datetime_operator_2']) retrieved from /home/airflow/.local/lib/python3.6/site-packages/airflow/example_dags/example_branch_datetime_operator.py
[2021-07-19 00:05:17,297] {logging_mixin.py:104} INFO - [2021-07-19 00:05:17,296] {dag.py:1833} INFO - Sync 1 DAGs
[2021-07-19 00:05:17,330] {logging_mixin.py:104} INFO - [2021-07-19 00:05:17,330] {dag.py:2306} INFO - Setting next_dagrun for example_branch_datetime_operator_2 to 2021-07-17 00:00:00+00:00
[2021-07-19 00:05:17,402] {scheduler_job.py:189} INFO - Processing /home/airflow/.local/lib/python3.6/site-packages/airflow/example_dags/example_branch_datetime_operator.py took 0.166 seconds
[2021-07-19 00:05:47,552] {scheduler_job.py:181} INFO - Started process (PID=1142) to work on /home/airflow/.local/lib/python3.6/site-packages/airflow/example_dags/example_branch_datetime_operator.py
[2021-07-19 00:05:47,553] {scheduler_job.py:632} INFO - Processing file /home/airflow/.local/lib/python3.6/site-packages/airflow/example_dags/example_branch_datetime_operator.py for tasks to queue
[2021-07-19 00:05:47,554] {logging_mixin.py:104} INFO - [2021-07-19 00:05:47,554] {dagbag.py:496} INFO - Filling up the DagBag from /home/airflow/.local/lib/python3.6/site-packages/airflow/example_dags/example_branch_datetime_operator.py
[2021-07-19 00:05:47,567] {scheduler_job.py:642} INFO - DAG(s) dict_keys(['example_branch_datetime_operator_2']) retrieved from /home/airflow/.local/lib/python3.6/site-packages/airflow/example_dags/example_branch_datetime_operator.py
[2021-07-19 00:05:47,592] {logging_mixin.py:104} INFO - [2021-07-19 00:05:47,592] {dag.py:1833} INFO - Sync 1 DAGs
[2021-07-19 00:05:47,617] {logging_mixin.py:104} INFO - [2021-07-19 00:05:47,617] {dag.py:2306} INFO - Setting next_dagrun for example_branch_datetime_operator_2 to 2021-07-17 00:00:00+00:00
[2021-07-19 00:05:47,663] {scheduler_job.py:189} INFO - Processing /home/airflow/.local/lib/python3.6/site-packages/airflow/example_dags/example_branch_datetime_operator.py took 0.115 seconds
[2021-07-19 00:06:17,740] {scheduler_job.py:181} INFO - Started process (PID=1205) to work on /home/airflow/.local/lib/python3.6/site-packages/airflow/example_dags/example_branch_datetime_operator.py
[2021-07-19 00:06:17,742] {scheduler_job.py:632} INFO - Processing file /home/airflow/.local/lib/python3.6/site-packages/airflow/example_dags/example_branch_datetime_operator.py for tasks to queue
[2021-07-19 00:06:17,744] {logging_mixin.py:104} INFO - [2021-07-19 00:06:17,743] {dagbag.py:496} INFO - Filling up the DagBag from /home/airflow/.local/lib/python3.6/site-packages/airflow/example_dags/example_branch_datetime_operator.py
[2021-07-19 00:06:17,764] {scheduler_job.py:642} INFO - DAG(s) dict_keys(['example_branch_datetime_operator_2']) retrieved from /home/airflow/.local/lib/python3.6/site-packages/airflow/example_dags/example_branch_datetime_operator.py
[2021-07-19 00:06:17,793] {logging_mixin.py:104} INFO - [2021-07-19 00:06:17,793] {dag.py:1833} INFO - Sync 1 DAGs
[2021-07-19 00:06:17,821] {logging_mixin.py:104} INFO - [2021-07-19 00:06:17,821] {dag.py:2306} INFO - Setting next_dagrun for example_branch_datetime_operator_2 to 2021-07-17 00:00:00+00:00
[2021-07-19 00:06:17,874] {scheduler_job.py:189} INFO - Processing /home/airflow/.local/lib/python3.6/site-packages/airflow/example_dags/example_branch_datetime_operator.py took 0.139 seconds
[2021-07-19 00:06:47,920] {scheduler_job.py:181} INFO - Started process (PID=1264) to work on /home/airflow/.local/lib/python3.6/site-packages/airflow/example_dags/example_branch_datetime_operator.py
[2021-07-19 00:06:47,922] {scheduler_job.py:632} INFO - Processing file /home/airflow/.local/lib/python3.6/site-packages/airflow/example_dags/example_branch_datetime_operator.py for tasks to queue
[2021-07-19 00:06:47,923] {logging_mixin.py:104} INFO - [2021-07-19 00:06:47,923] {dagbag.py:496} INFO - Filling up the DagBag from /home/airflow/.local/lib/python3.6/site-packages/airflow/example_dags/example_branch_datetime_operator.py
[2021-07-19 00:06:47,937] {scheduler_job.py:642} INFO - DAG(s) dict_keys(['example_branch_datetime_operator_2']) retrieved from /home/airflow/.local/lib/python3.6/site-packages/airflow/example_dags/example_branch_datetime_operator.py
[2021-07-19 00:06:47,966] {logging_mixin.py:104} INFO - [2021-07-19 00:06:47,966] {dag.py:1833} INFO - Sync 1 DAGs
[2021-07-19 00:06:47,987] {logging_mixin.py:104} INFO - [2021-07-19 00:06:47,987] {dag.py:2306} INFO - Setting next_dagrun for example_branch_datetime_operator_2 to 2021-07-17 00:00:00+00:00
[2021-07-19 00:06:48,049] {scheduler_job.py:189} INFO - Processing /home/airflow/.local/lib/python3.6/site-packages/airflow/example_dags/example_branch_datetime_operator.py took 0.132 seconds
[2021-07-19 00:07:18,646] {scheduler_job.py:181} INFO - Started process (PID=1323) to work on /home/airflow/.local/lib/python3.6/site-packages/airflow/example_dags/example_branch_datetime_operator.py
[2021-07-19 00:07:18,648] {scheduler_job.py:632} INFO - Processing file /home/airflow/.local/lib/python3.6/site-packages/airflow/example_dags/example_branch_datetime_operator.py for tasks to queue
[2021-07-19 00:07:18,649] {logging_mixin.py:104} INFO - [2021-07-19 00:07:18,649] {dagbag.py:496} INFO - Filling up the DagBag from /home/airflow/.local/lib/python3.6/site-packages/airflow/example_dags/example_branch_datetime_operator.py
[2021-07-19 00:07:18,665] {scheduler_job.py:642} INFO - DAG(s) dict_keys(['example_branch_datetime_operator_2']) retrieved from /home/airflow/.local/lib/python3.6/site-packages/airflow/example_dags/example_branch_datetime_operator.py
[2021-07-19 00:07:18,696] {logging_mixin.py:104} INFO - [2021-07-19 00:07:18,696] {dag.py:1833} INFO - Sync 1 DAGs
[2021-07-19 00:07:18,723] {logging_mixin.py:104} INFO - [2021-07-19 00:07:18,723] {dag.py:2306} INFO - Setting next_dagrun for example_branch_datetime_operator_2 to 2021-07-17 00:00:00+00:00
[2021-07-19 00:07:18,781] {scheduler_job.py:189} INFO - Processing /home/airflow/.local/lib/python3.6/site-packages/airflow/example_dags/example_branch_datetime_operator.py took 0.139 seconds
[2021-07-19 00:07:49,013] {scheduler_job.py:181} INFO - Started process (PID=1389) to work on /home/airflow/.local/lib/python3.6/site-packages/airflow/example_dags/example_branch_datetime_operator.py
[2021-07-19 00:07:49,015] {scheduler_job.py:632} INFO - Processing file /home/airflow/.local/lib/python3.6/site-packages/airflow/example_dags/example_branch_datetime_operator.py for tasks to queue
[2021-07-19 00:07:49,016] {logging_mixin.py:104} INFO - [2021-07-19 00:07:49,016] {dagbag.py:496} INFO - Filling up the DagBag from /home/airflow/.local/lib/python3.6/site-packages/airflow/example_dags/example_branch_datetime_operator.py
[2021-07-19 00:07:49,035] {scheduler_job.py:642} INFO - DAG(s) dict_keys(['example_branch_datetime_operator_2']) retrieved from /home/airflow/.local/lib/python3.6/site-packages/airflow/example_dags/example_branch_datetime_operator.py
[2021-07-19 00:07:49,061] {logging_mixin.py:104} INFO - [2021-07-19 00:07:49,061] {dag.py:1833} INFO - Sync 1 DAGs
[2021-07-19 00:07:49,087] {logging_mixin.py:104} INFO - [2021-07-19 00:07:49,086] {dag.py:2306} INFO - Setting next_dagrun for example_branch_datetime_operator_2 to 2021-07-17 00:00:00+00:00
[2021-07-19 00:07:49,135] {scheduler_job.py:189} INFO - Processing /home/airflow/.local/lib/python3.6/site-packages/airflow/example_dags/example_branch_datetime_operator.py took 0.125 seconds
[2021-07-19 00:08:19,570] {scheduler_job.py:181} INFO - Started process (PID=1447) to work on /home/airflow/.local/lib/python3.6/site-packages/airflow/example_dags/example_branch_datetime_operator.py
[2021-07-19 00:08:19,573] {scheduler_job.py:632} INFO - Processing file /home/airflow/.local/lib/python3.6/site-packages/airflow/example_dags/example_branch_datetime_operator.py for tasks to queue
[2021-07-19 00:08:19,575] {logging_mixin.py:104} INFO - [2021-07-19 00:08:19,575] {dagbag.py:496} INFO - Filling up the DagBag from /home/airflow/.local/lib/python3.6/site-packages/airflow/example_dags/example_branch_datetime_operator.py
[2021-07-19 00:08:19,589] {scheduler_job.py:642} INFO - DAG(s) dict_keys(['example_branch_datetime_operator_2']) retrieved from /home/airflow/.local/lib/python3.6/site-packages/airflow/example_dags/example_branch_datetime_operator.py
[2021-07-19 00:08:19,614] {logging_mixin.py:104} INFO - [2021-07-19 00:08:19,614] {dag.py:1833} INFO - Sync 1 DAGs
[2021-07-19 00:08:19,636] {logging_mixin.py:104} INFO - [2021-07-19 00:08:19,636] {dag.py:2306} INFO - Setting next_dagrun for example_branch_datetime_operator_2 to 2021-07-17 00:00:00+00:00
[2021-07-19 00:08:19,693] {scheduler_job.py:189} INFO - Processing /home/airflow/.local/lib/python3.6/site-packages/airflow/example_dags/example_branch_datetime_operator.py took 0.129 seconds
[2021-07-19 00:08:50,325] {scheduler_job.py:181} INFO - Started process (PID=1503) to work on /home/airflow/.local/lib/python3.6/site-packages/airflow/example_dags/example_branch_datetime_operator.py
[2021-07-19 00:08:50,328] {scheduler_job.py:632} INFO - Processing file /home/airflow/.local/lib/python3.6/site-packages/airflow/example_dags/example_branch_datetime_operator.py for tasks to queue
[2021-07-19 00:08:50,329] {logging_mixin.py:104} INFO - [2021-07-19 00:08:50,329] {dagbag.py:496} INFO - Filling up the DagBag from /home/airflow/.local/lib/python3.6/site-packages/airflow/example_dags/example_branch_datetime_operator.py
[2021-07-19 00:08:50,353] {scheduler_job.py:642} INFO - DAG(s) dict_keys(['example_branch_datetime_operator_2']) retrieved from /home/airflow/.local/lib/python3.6/site-packages/airflow/example_dags/example_branch_datetime_operator.py
[2021-07-19 00:08:50,381] {logging_mixin.py:104} INFO - [2021-07-19 00:08:50,381] {dag.py:1833} INFO - Sync 1 DAGs
[2021-07-19 00:08:50,405] {logging_mixin.py:104} INFO - [2021-07-19 00:08:50,405] {dag.py:2306} INFO - Setting next_dagrun for example_branch_datetime_operator_2 to 2021-07-17 00:00:00+00:00
[2021-07-19 00:08:50,555] {scheduler_job.py:189} INFO - Processing /home/airflow/.local/lib/python3.6/site-packages/airflow/example_dags/example_branch_datetime_operator.py took 0.234 seconds
[2021-07-19 00:09:21,743] {scheduler_job.py:181} INFO - Started process (PID=1569) to work on /home/airflow/.local/lib/python3.6/site-packages/airflow/example_dags/example_branch_datetime_operator.py
[2021-07-19 00:09:21,745] {scheduler_job.py:632} INFO - Processing file /home/airflow/.local/lib/python3.6/site-packages/airflow/example_dags/example_branch_datetime_operator.py for tasks to queue
[2021-07-19 00:09:21,746] {logging_mixin.py:104} INFO - [2021-07-19 00:09:21,746] {dagbag.py:496} INFO - Filling up the DagBag from /home/airflow/.local/lib/python3.6/site-packages/airflow/example_dags/example_branch_datetime_operator.py
[2021-07-19 00:09:21,760] {scheduler_job.py:642} INFO - DAG(s) dict_keys(['example_branch_datetime_operator_2']) retrieved from /home/airflow/.local/lib/python3.6/site-packages/airflow/example_dags/example_branch_datetime_operator.py
[2021-07-19 00:09:21,791] {logging_mixin.py:104} INFO - [2021-07-19 00:09:21,790] {dag.py:1833} INFO - Sync 1 DAGs
[2021-07-19 00:09:21,816] {logging_mixin.py:104} INFO - [2021-07-19 00:09:21,815] {dag.py:2306} INFO - Setting next_dagrun for example_branch_datetime_operator_2 to 2021-07-17 00:00:00+00:00
[2021-07-19 00:09:22,057] {scheduler_job.py:189} INFO - Processing /home/airflow/.local/lib/python3.6/site-packages/airflow/example_dags/example_branch_datetime_operator.py took 0.318 seconds
[2021-07-19 00:09:53,565] {scheduler_job.py:181} INFO - Started process (PID=1626) to work on /home/airflow/.local/lib/python3.6/site-packages/airflow/example_dags/example_branch_datetime_operator.py
[2021-07-19 00:09:53,568] {scheduler_job.py:632} INFO - Processing file /home/airflow/.local/lib/python3.6/site-packages/airflow/example_dags/example_branch_datetime_operator.py for tasks to queue
[2021-07-19 00:09:53,569] {logging_mixin.py:104} INFO - [2021-07-19 00:09:53,569] {dagbag.py:496} INFO - Filling up the DagBag from /home/airflow/.local/lib/python3.6/site-packages/airflow/example_dags/example_branch_datetime_operator.py
[2021-07-19 00:09:53,597] {scheduler_job.py:642} INFO - DAG(s) dict_keys(['example_branch_datetime_operator_2']) retrieved from /home/airflow/.local/lib/python3.6/site-packages/airflow/example_dags/example_branch_datetime_operator.py
[2021-07-19 00:09:53,632] {logging_mixin.py:104} INFO - [2021-07-19 00:09:53,630] {dag.py:1833} INFO - Sync 1 DAGs
[2021-07-19 00:09:53,662] {logging_mixin.py:104} INFO - [2021-07-19 00:09:53,662] {dag.py:2306} INFO - Setting next_dagrun for example_branch_datetime_operator_2 to 2021-07-17 00:00:00+00:00
[2021-07-19 00:09:53,746] {scheduler_job.py:189} INFO - Processing /home/airflow/.local/lib/python3.6/site-packages/airflow/example_dags/example_branch_datetime_operator.py took 0.185 seconds
[2021-07-19 00:10:24,624] {scheduler_job.py:181} INFO - Started process (PID=1683) to work on /home/airflow/.local/lib/python3.6/site-packages/airflow/example_dags/example_branch_datetime_operator.py
[2021-07-19 00:10:24,628] {scheduler_job.py:632} INFO - Processing file /home/airflow/.local/lib/python3.6/site-packages/airflow/example_dags/example_branch_datetime_operator.py for tasks to queue
[2021-07-19 00:10:24,635] {logging_mixin.py:104} INFO - [2021-07-19 00:10:24,635] {dagbag.py:496} INFO - Filling up the DagBag from /home/airflow/.local/lib/python3.6/site-packages/airflow/example_dags/example_branch_datetime_operator.py
[2021-07-19 00:10:24,658] {scheduler_job.py:642} INFO - DAG(s) dict_keys(['example_branch_datetime_operator_2']) retrieved from /home/airflow/.local/lib/python3.6/site-packages/airflow/example_dags/example_branch_datetime_operator.py
[2021-07-19 00:10:24,696] {logging_mixin.py:104} INFO - [2021-07-19 00:10:24,696] {dag.py:1833} INFO - Sync 1 DAGs
[2021-07-19 00:10:24,729] {logging_mixin.py:104} INFO - [2021-07-19 00:10:24,729] {dag.py:2306} INFO - Setting next_dagrun for example_branch_datetime_operator_2 to 2021-07-17 00:00:00+00:00
[2021-07-19 00:10:24,851] {scheduler_job.py:189} INFO - Processing /home/airflow/.local/lib/python3.6/site-packages/airflow/example_dags/example_branch_datetime_operator.py took 0.232 seconds
[2021-07-19 00:10:55,837] {scheduler_job.py:181} INFO - Started process (PID=1749) to work on /home/airflow/.local/lib/python3.6/site-packages/airflow/example_dags/example_branch_datetime_operator.py
[2021-07-19 00:10:55,839] {scheduler_job.py:632} INFO - Processing file /home/airflow/.local/lib/python3.6/site-packages/airflow/example_dags/example_branch_datetime_operator.py for tasks to queue
[2021-07-19 00:10:55,840] {logging_mixin.py:104} INFO - [2021-07-19 00:10:55,840] {dagbag.py:496} INFO - Filling up the DagBag from /home/airflow/.local/lib/python3.6/site-packages/airflow/example_dags/example_branch_datetime_operator.py
[2021-07-19 00:10:55,856] {scheduler_job.py:642} INFO - DAG(s) dict_keys(['example_branch_datetime_operator_2']) retrieved from /home/airflow/.local/lib/python3.6/site-packages/airflow/example_dags/example_branch_datetime_operator.py
[2021-07-19 00:10:55,881] {logging_mixin.py:104} INFO - [2021-07-19 00:10:55,881] {dag.py:1833} INFO - Sync 1 DAGs
[2021-07-19 00:10:55,905] {logging_mixin.py:104} INFO - [2021-07-19 00:10:55,904] {dag.py:2306} INFO - Setting next_dagrun for example_branch_datetime_operator_2 to 2021-07-17 00:00:00+00:00
[2021-07-19 00:10:56,403] {scheduler_job.py:189} INFO - Processing /home/airflow/.local/lib/python3.6/site-packages/airflow/example_dags/example_branch_datetime_operator.py took 0.570 seconds
[2021-07-19 00:11:26,982] {scheduler_job.py:181} INFO - Started process (PID=1806) to work on /home/airflow/.local/lib/python3.6/site-packages/airflow/example_dags/example_branch_datetime_operator.py
[2021-07-19 00:11:26,984] {scheduler_job.py:632} INFO - Processing file /home/airflow/.local/lib/python3.6/site-packages/airflow/example_dags/example_branch_datetime_operator.py for tasks to queue
[2021-07-19 00:11:26,985] {logging_mixin.py:104} INFO - [2021-07-19 00:11:26,985] {dagbag.py:496} INFO - Filling up the DagBag from /home/airflow/.local/lib/python3.6/site-packages/airflow/example_dags/example_branch_datetime_operator.py
[2021-07-19 00:11:27,001] {scheduler_job.py:642} INFO - DAG(s) dict_keys(['example_branch_datetime_operator_2']) retrieved from /home/airflow/.local/lib/python3.6/site-packages/airflow/example_dags/example_branch_datetime_operator.py
[2021-07-19 00:11:27,032] {logging_mixin.py:104} INFO - [2021-07-19 00:11:27,032] {dag.py:1833} INFO - Sync 1 DAGs
[2021-07-19 00:11:27,058] {logging_mixin.py:104} INFO - [2021-07-19 00:11:27,058] {dag.py:2306} INFO - Setting next_dagrun for example_branch_datetime_operator_2 to 2021-07-17 00:00:00+00:00
[2021-07-19 00:11:27,175] {scheduler_job.py:189} INFO - Processing /home/airflow/.local/lib/python3.6/site-packages/airflow/example_dags/example_branch_datetime_operator.py took 0.198 seconds
[2021-07-19 00:11:57,749] {scheduler_job.py:181} INFO - Started process (PID=1865) to work on /home/airflow/.local/lib/python3.6/site-packages/airflow/example_dags/example_branch_datetime_operator.py
[2021-07-19 00:11:57,751] {scheduler_job.py:632} INFO - Processing file /home/airflow/.local/lib/python3.6/site-packages/airflow/example_dags/example_branch_datetime_operator.py for tasks to queue
[2021-07-19 00:11:57,752] {logging_mixin.py:104} INFO - [2021-07-19 00:11:57,752] {dagbag.py:496} INFO - Filling up the DagBag from /home/airflow/.local/lib/python3.6/site-packages/airflow/example_dags/example_branch_datetime_operator.py
[2021-07-19 00:11:57,769] {scheduler_job.py:642} INFO - DAG(s) dict_keys(['example_branch_datetime_operator_2']) retrieved from /home/airflow/.local/lib/python3.6/site-packages/airflow/example_dags/example_branch_datetime_operator.py
[2021-07-19 00:11:57,798] {logging_mixin.py:104} INFO - [2021-07-19 00:11:57,798] {dag.py:1833} INFO - Sync 1 DAGs
[2021-07-19 00:11:57,822] {logging_mixin.py:104} INFO - [2021-07-19 00:11:57,822] {dag.py:2306} INFO - Setting next_dagrun for example_branch_datetime_operator_2 to 2021-07-17 00:00:00+00:00
[2021-07-19 00:11:57,967] {scheduler_job.py:189} INFO - Processing /home/airflow/.local/lib/python3.6/site-packages/airflow/example_dags/example_branch_datetime_operator.py took 0.223 seconds
[2021-07-19 00:12:28,696] {scheduler_job.py:181} INFO - Started process (PID=1931) to work on /home/airflow/.local/lib/python3.6/site-packages/airflow/example_dags/example_branch_datetime_operator.py
[2021-07-19 00:12:28,698] {scheduler_job.py:632} INFO - Processing file /home/airflow/.local/lib/python3.6/site-packages/airflow/example_dags/example_branch_datetime_operator.py for tasks to queue
[2021-07-19 00:12:28,700] {logging_mixin.py:104} INFO - [2021-07-19 00:12:28,699] {dagbag.py:496} INFO - Filling up the DagBag from /home/airflow/.local/lib/python3.6/site-packages/airflow/example_dags/example_branch_datetime_operator.py
[2021-07-19 00:12:28,714] {scheduler_job.py:642} INFO - DAG(s) dict_keys(['example_branch_datetime_operator_2']) retrieved from /home/airflow/.local/lib/python3.6/site-packages/airflow/example_dags/example_branch_datetime_operator.py
[2021-07-19 00:12:28,739] {logging_mixin.py:104} INFO - [2021-07-19 00:12:28,739] {dag.py:1833} INFO - Sync 1 DAGs
[2021-07-19 00:12:28,767] {logging_mixin.py:104} INFO - [2021-07-19 00:12:28,767] {dag.py:2306} INFO - Setting next_dagrun for example_branch_datetime_operator_2 to 2021-07-17 00:00:00+00:00
[2021-07-19 00:12:28,917] {scheduler_job.py:189} INFO - Processing /home/airflow/.local/lib/python3.6/site-packages/airflow/example_dags/example_branch_datetime_operator.py took 0.226 seconds
[2021-07-19 00:12:59,395] {scheduler_job.py:181} INFO - Started process (PID=1989) to work on /home/airflow/.local/lib/python3.6/site-packages/airflow/example_dags/example_branch_datetime_operator.py
[2021-07-19 00:12:59,397] {scheduler_job.py:632} INFO - Processing file /home/airflow/.local/lib/python3.6/site-packages/airflow/example_dags/example_branch_datetime_operator.py for tasks to queue
[2021-07-19 00:12:59,398] {logging_mixin.py:104} INFO - [2021-07-19 00:12:59,398] {dagbag.py:496} INFO - Filling up the DagBag from /home/airflow/.local/lib/python3.6/site-packages/airflow/example_dags/example_branch_datetime_operator.py
[2021-07-19 00:12:59,420] {scheduler_job.py:642} INFO - DAG(s) dict_keys(['example_branch_datetime_operator_2']) retrieved from /home/airflow/.local/lib/python3.6/site-packages/airflow/example_dags/example_branch_datetime_operator.py
[2021-07-19 00:12:59,459] {logging_mixin.py:104} INFO - [2021-07-19 00:12:59,459] {dag.py:1833} INFO - Sync 1 DAGs
[2021-07-19 00:12:59,494] {logging_mixin.py:104} INFO - [2021-07-19 00:12:59,494] {dag.py:2306} INFO - Setting next_dagrun for example_branch_datetime_operator_2 to 2021-07-17 00:00:00+00:00
[2021-07-19 00:12:59,600] {scheduler_job.py:189} INFO - Processing /home/airflow/.local/lib/python3.6/site-packages/airflow/example_dags/example_branch_datetime_operator.py took 0.210 seconds
[2021-07-19 00:13:29,813] {scheduler_job.py:181} INFO - Started process (PID=2049) to work on /home/airflow/.local/lib/python3.6/site-packages/airflow/example_dags/example_branch_datetime_operator.py
[2021-07-19 00:13:29,816] {scheduler_job.py:632} INFO - Processing file /home/airflow/.local/lib/python3.6/site-packages/airflow/example_dags/example_branch_datetime_operator.py for tasks to queue
[2021-07-19 00:13:29,817] {logging_mixin.py:104} INFO - [2021-07-19 00:13:29,817] {dagbag.py:496} INFO - Filling up the DagBag from /home/airflow/.local/lib/python3.6/site-packages/airflow/example_dags/example_branch_datetime_operator.py
[2021-07-19 00:13:29,830] {scheduler_job.py:642} INFO - DAG(s) dict_keys(['example_branch_datetime_operator_2']) retrieved from /home/airflow/.local/lib/python3.6/site-packages/airflow/example_dags/example_branch_datetime_operator.py
[2021-07-19 00:13:29,856] {logging_mixin.py:104} INFO - [2021-07-19 00:13:29,856] {dag.py:1833} INFO - Sync 1 DAGs
[2021-07-19 00:13:29,878] {logging_mixin.py:104} INFO - [2021-07-19 00:13:29,877] {dag.py:2306} INFO - Setting next_dagrun for example_branch_datetime_operator_2 to 2021-07-17 00:00:00+00:00
[2021-07-19 00:13:29,926] {scheduler_job.py:189} INFO - Processing /home/airflow/.local/lib/python3.6/site-packages/airflow/example_dags/example_branch_datetime_operator.py took 0.117 seconds
[2021-07-19 00:14:00,918] {scheduler_job.py:181} INFO - Started process (PID=2118) to work on /home/airflow/.local/lib/python3.6/site-packages/airflow/example_dags/example_branch_datetime_operator.py
[2021-07-19 00:14:00,924] {scheduler_job.py:632} INFO - Processing file /home/airflow/.local/lib/python3.6/site-packages/airflow/example_dags/example_branch_datetime_operator.py for tasks to queue
[2021-07-19 00:14:00,926] {logging_mixin.py:104} INFO - [2021-07-19 00:14:00,925] {dagbag.py:496} INFO - Filling up the DagBag from /home/airflow/.local/lib/python3.6/site-packages/airflow/example_dags/example_branch_datetime_operator.py
[2021-07-19 00:14:00,986] {scheduler_job.py:642} INFO - DAG(s) dict_keys(['example_branch_datetime_operator_2']) retrieved from /home/airflow/.local/lib/python3.6/site-packages/airflow/example_dags/example_branch_datetime_operator.py
[2021-07-19 00:14:01,029] {logging_mixin.py:104} INFO - [2021-07-19 00:14:01,029] {dag.py:1833} INFO - Sync 1 DAGs
[2021-07-19 00:14:01,226] {logging_mixin.py:104} INFO - [2021-07-19 00:14:01,226] {dag.py:2306} INFO - Setting next_dagrun for example_branch_datetime_operator_2 to 2021-07-17 00:00:00+00:00
[2021-07-19 00:14:06,845] {scheduler_job.py:189} INFO - Processing /home/airflow/.local/lib/python3.6/site-packages/airflow/example_dags/example_branch_datetime_operator.py took 5.931 seconds
[2021-07-19 00:14:37,803] {scheduler_job.py:181} INFO - Started process (PID=2175) to work on /home/airflow/.local/lib/python3.6/site-packages/airflow/example_dags/example_branch_datetime_operator.py
[2021-07-19 00:14:37,976] {scheduler_job.py:632} INFO - Processing file /home/airflow/.local/lib/python3.6/site-packages/airflow/example_dags/example_branch_datetime_operator.py for tasks to queue
[2021-07-19 00:14:37,979] {logging_mixin.py:104} INFO - [2021-07-19 00:14:37,979] {dagbag.py:496} INFO - Filling up the DagBag from /home/airflow/.local/lib/python3.6/site-packages/airflow/example_dags/example_branch_datetime_operator.py
[2021-07-19 00:14:38,025] {scheduler_job.py:642} INFO - DAG(s) dict_keys(['example_branch_datetime_operator_2']) retrieved from /home/airflow/.local/lib/python3.6/site-packages/airflow/example_dags/example_branch_datetime_operator.py
[2021-07-19 00:14:38,059] {logging_mixin.py:104} INFO - [2021-07-19 00:14:38,059] {dag.py:1833} INFO - Sync 1 DAGs
[2021-07-19 00:14:38,088] {logging_mixin.py:104} INFO - [2021-07-19 00:14:38,088] {dag.py:2306} INFO - Setting next_dagrun for example_branch_datetime_operator_2 to 2021-07-17 00:00:00+00:00
[2021-07-19 00:14:38,376] {scheduler_job.py:189} INFO - Processing /home/airflow/.local/lib/python3.6/site-packages/airflow/example_dags/example_branch_datetime_operator.py took 0.579 seconds
[2021-07-19 00:15:09,000] {scheduler_job.py:181} INFO - Started process (PID=2232) to work on /home/airflow/.local/lib/python3.6/site-packages/airflow/example_dags/example_branch_datetime_operator.py
[2021-07-19 00:15:09,005] {scheduler_job.py:632} INFO - Processing file /home/airflow/.local/lib/python3.6/site-packages/airflow/example_dags/example_branch_datetime_operator.py for tasks to queue
[2021-07-19 00:15:09,008] {logging_mixin.py:104} INFO - [2021-07-19 00:15:09,007] {dagbag.py:496} INFO - Filling up the DagBag from /home/airflow/.local/lib/python3.6/site-packages/airflow/example_dags/example_branch_datetime_operator.py
[2021-07-19 00:15:09,034] {scheduler_job.py:642} INFO - DAG(s) dict_keys(['example_branch_datetime_operator_2']) retrieved from /home/airflow/.local/lib/python3.6/site-packages/airflow/example_dags/example_branch_datetime_operator.py
[2021-07-19 00:15:09,061] {logging_mixin.py:104} INFO - [2021-07-19 00:15:09,061] {dag.py:1833} INFO - Sync 1 DAGs
[2021-07-19 00:15:09,083] {logging_mixin.py:104} INFO - [2021-07-19 00:15:09,083] {dag.py:2306} INFO - Setting next_dagrun for example_branch_datetime_operator_2 to 2021-07-17 00:00:00+00:00
[2021-07-19 00:15:09,144] {scheduler_job.py:189} INFO - Processing /home/airflow/.local/lib/python3.6/site-packages/airflow/example_dags/example_branch_datetime_operator.py took 0.154 seconds
[2021-07-19 00:15:39,977] {scheduler_job.py:181} INFO - Started process (PID=2289) to work on /home/airflow/.local/lib/python3.6/site-packages/airflow/example_dags/example_branch_datetime_operator.py
[2021-07-19 00:15:39,979] {scheduler_job.py:632} INFO - Processing file /home/airflow/.local/lib/python3.6/site-packages/airflow/example_dags/example_branch_datetime_operator.py for tasks to queue
[2021-07-19 00:15:39,981] {logging_mixin.py:104} INFO - [2021-07-19 00:15:39,980] {dagbag.py:496} INFO - Filling up the DagBag from /home/airflow/.local/lib/python3.6/site-packages/airflow/example_dags/example_branch_datetime_operator.py
[2021-07-19 00:15:40,001] {scheduler_job.py:642} INFO - DAG(s) dict_keys(['example_branch_datetime_operator_2']) retrieved from /home/airflow/.local/lib/python3.6/site-packages/airflow/example_dags/example_branch_datetime_operator.py
[2021-07-19 00:15:40,043] {logging_mixin.py:104} INFO - [2021-07-19 00:15:40,043] {dag.py:1833} INFO - Sync 1 DAGs
[2021-07-19 00:15:40,070] {logging_mixin.py:104} INFO - [2021-07-19 00:15:40,070] {dag.py:2306} INFO - Setting next_dagrun for example_branch_datetime_operator_2 to 2021-07-17 00:00:00+00:00
[2021-07-19 00:15:40,146] {scheduler_job.py:189} INFO - Processing /home/airflow/.local/lib/python3.6/site-packages/airflow/example_dags/example_branch_datetime_operator.py took 0.175 seconds
[2021-07-19 00:16:10,276] {scheduler_job.py:181} INFO - Started process (PID=2355) to work on /home/airflow/.local/lib/python3.6/site-packages/airflow/example_dags/example_branch_datetime_operator.py
[2021-07-19 00:16:10,278] {scheduler_job.py:632} INFO - Processing file /home/airflow/.local/lib/python3.6/site-packages/airflow/example_dags/example_branch_datetime_operator.py for tasks to queue
[2021-07-19 00:16:10,280] {logging_mixin.py:104} INFO - [2021-07-19 00:16:10,279] {dagbag.py:496} INFO - Filling up the DagBag from /home/airflow/.local/lib/python3.6/site-packages/airflow/example_dags/example_branch_datetime_operator.py
[2021-07-19 00:16:10,293] {scheduler_job.py:642} INFO - DAG(s) dict_keys(['example_branch_datetime_operator_2']) retrieved from /home/airflow/.local/lib/python3.6/site-packages/airflow/example_dags/example_branch_datetime_operator.py
[2021-07-19 00:16:10,318] {logging_mixin.py:104} INFO - [2021-07-19 00:16:10,318] {dag.py:1833} INFO - Sync 1 DAGs
[2021-07-19 00:16:10,339] {logging_mixin.py:104} INFO - [2021-07-19 00:16:10,339] {dag.py:2306} INFO - Setting next_dagrun for example_branch_datetime_operator_2 to 2021-07-17 00:00:00+00:00
[2021-07-19 00:16:10,383] {scheduler_job.py:189} INFO - Processing /home/airflow/.local/lib/python3.6/site-packages/airflow/example_dags/example_branch_datetime_operator.py took 0.112 seconds
[2021-07-19 00:16:40,670] {scheduler_job.py:181} INFO - Started process (PID=2412) to work on /home/airflow/.local/lib/python3.6/site-packages/airflow/example_dags/example_branch_datetime_operator.py
[2021-07-19 00:16:40,672] {scheduler_job.py:632} INFO - Processing file /home/airflow/.local/lib/python3.6/site-packages/airflow/example_dags/example_branch_datetime_operator.py for tasks to queue
[2021-07-19 00:16:40,673] {logging_mixin.py:104} INFO - [2021-07-19 00:16:40,673] {dagbag.py:496} INFO - Filling up the DagBag from /home/airflow/.local/lib/python3.6/site-packages/airflow/example_dags/example_branch_datetime_operator.py
[2021-07-19 00:16:40,692] {scheduler_job.py:642} INFO - DAG(s) dict_keys(['example_branch_datetime_operator_2']) retrieved from /home/airflow/.local/lib/python3.6/site-packages/airflow/example_dags/example_branch_datetime_operator.py
[2021-07-19 00:16:40,728] {logging_mixin.py:104} INFO - [2021-07-19 00:16:40,728] {dag.py:1833} INFO - Sync 1 DAGs
[2021-07-19 00:16:40,762] {logging_mixin.py:104} INFO - [2021-07-19 00:16:40,762] {dag.py:2306} INFO - Setting next_dagrun for example_branch_datetime_operator_2 to 2021-07-17 00:00:00+00:00
[2021-07-19 00:16:41,017] {scheduler_job.py:189} INFO - Processing /home/airflow/.local/lib/python3.6/site-packages/airflow/example_dags/example_branch_datetime_operator.py took 0.353 seconds
[2021-07-19 00:17:11,206] {scheduler_job.py:181} INFO - Started process (PID=2480) to work on /home/airflow/.local/lib/python3.6/site-packages/airflow/example_dags/example_branch_datetime_operator.py
[2021-07-19 00:17:11,208] {scheduler_job.py:632} INFO - Processing file /home/airflow/.local/lib/python3.6/site-packages/airflow/example_dags/example_branch_datetime_operator.py for tasks to queue
[2021-07-19 00:17:11,209] {logging_mixin.py:104} INFO - [2021-07-19 00:17:11,209] {dagbag.py:496} INFO - Filling up the DagBag from /home/airflow/.local/lib/python3.6/site-packages/airflow/example_dags/example_branch_datetime_operator.py
[2021-07-19 00:17:11,225] {scheduler_job.py:642} INFO - DAG(s) dict_keys(['example_branch_datetime_operator_2']) retrieved from /home/airflow/.local/lib/python3.6/site-packages/airflow/example_dags/example_branch_datetime_operator.py
[2021-07-19 00:17:11,260] {logging_mixin.py:104} INFO - [2021-07-19 00:17:11,259] {dag.py:1833} INFO - Sync 1 DAGs
[2021-07-19 00:17:11,315] {logging_mixin.py:104} INFO - [2021-07-19 00:17:11,315] {dag.py:2306} INFO - Setting next_dagrun for example_branch_datetime_operator_2 to 2021-07-17 00:00:00+00:00
[2021-07-19 00:17:11,397] {scheduler_job.py:189} INFO - Processing /home/airflow/.local/lib/python3.6/site-packages/airflow/example_dags/example_branch_datetime_operator.py took 0.196 seconds
[2021-07-19 00:17:41,499] {scheduler_job.py:181} INFO - Started process (PID=2538) to work on /home/airflow/.local/lib/python3.6/site-packages/airflow/example_dags/example_branch_datetime_operator.py
[2021-07-19 00:17:41,501] {scheduler_job.py:632} INFO - Processing file /home/airflow/.local/lib/python3.6/site-packages/airflow/example_dags/example_branch_datetime_operator.py for tasks to queue
[2021-07-19 00:17:41,502] {logging_mixin.py:104} INFO - [2021-07-19 00:17:41,502] {dagbag.py:496} INFO - Filling up the DagBag from /home/airflow/.local/lib/python3.6/site-packages/airflow/example_dags/example_branch_datetime_operator.py
[2021-07-19 00:17:41,518] {scheduler_job.py:642} INFO - DAG(s) dict_keys(['example_branch_datetime_operator_2']) retrieved from /home/airflow/.local/lib/python3.6/site-packages/airflow/example_dags/example_branch_datetime_operator.py
[2021-07-19 00:17:41,543] {logging_mixin.py:104} INFO - [2021-07-19 00:17:41,543] {dag.py:1833} INFO - Sync 1 DAGs
[2021-07-19 00:17:41,569] {logging_mixin.py:104} INFO - [2021-07-19 00:17:41,569] {dag.py:2306} INFO - Setting next_dagrun for example_branch_datetime_operator_2 to 2021-07-17 00:00:00+00:00
[2021-07-19 00:17:41,981] {scheduler_job.py:189} INFO - Processing /home/airflow/.local/lib/python3.6/site-packages/airflow/example_dags/example_branch_datetime_operator.py took 0.486 seconds
[2021-07-19 00:18:12,454] {scheduler_job.py:181} INFO - Started process (PID=2595) to work on /home/airflow/.local/lib/python3.6/site-packages/airflow/example_dags/example_branch_datetime_operator.py
[2021-07-19 00:18:12,457] {scheduler_job.py:632} INFO - Processing file /home/airflow/.local/lib/python3.6/site-packages/airflow/example_dags/example_branch_datetime_operator.py for tasks to queue
[2021-07-19 00:18:12,459] {logging_mixin.py:104} INFO - [2021-07-19 00:18:12,459] {dagbag.py:496} INFO - Filling up the DagBag from /home/airflow/.local/lib/python3.6/site-packages/airflow/example_dags/example_branch_datetime_operator.py
[2021-07-19 00:18:12,475] {scheduler_job.py:642} INFO - DAG(s) dict_keys(['example_branch_datetime_operator_2']) retrieved from /home/airflow/.local/lib/python3.6/site-packages/airflow/example_dags/example_branch_datetime_operator.py
[2021-07-19 00:18:12,500] {logging_mixin.py:104} INFO - [2021-07-19 00:18:12,500] {dag.py:1833} INFO - Sync 1 DAGs
[2021-07-19 00:18:12,522] {logging_mixin.py:104} INFO - [2021-07-19 00:18:12,522] {dag.py:2306} INFO - Setting next_dagrun for example_branch_datetime_operator_2 to 2021-07-17 00:00:00+00:00
[2021-07-19 00:18:12,656] {scheduler_job.py:189} INFO - Processing /home/airflow/.local/lib/python3.6/site-packages/airflow/example_dags/example_branch_datetime_operator.py took 0.206 seconds
[2021-07-19 00:18:42,860] {scheduler_job.py:181} INFO - Started process (PID=2651) to work on /home/airflow/.local/lib/python3.6/site-packages/airflow/example_dags/example_branch_datetime_operator.py
[2021-07-19 00:18:43,049] {scheduler_job.py:632} INFO - Processing file /home/airflow/.local/lib/python3.6/site-packages/airflow/example_dags/example_branch_datetime_operator.py for tasks to queue
[2021-07-19 00:18:43,050] {logging_mixin.py:104} INFO - [2021-07-19 00:18:43,050] {dagbag.py:496} INFO - Filling up the DagBag from /home/airflow/.local/lib/python3.6/site-packages/airflow/example_dags/example_branch_datetime_operator.py
[2021-07-19 00:18:43,071] {scheduler_job.py:642} INFO - DAG(s) dict_keys(['example_branch_datetime_operator_2']) retrieved from /home/airflow/.local/lib/python3.6/site-packages/airflow/example_dags/example_branch_datetime_operator.py
[2021-07-19 00:18:43,097] {logging_mixin.py:104} INFO - [2021-07-19 00:18:43,096] {dag.py:1833} INFO - Sync 1 DAGs
[2021-07-19 00:18:43,119] {logging_mixin.py:104} INFO - [2021-07-19 00:18:43,118] {dag.py:2306} INFO - Setting next_dagrun for example_branch_datetime_operator_2 to 2021-07-17 00:00:00+00:00
[2021-07-19 00:18:43,537] {scheduler_job.py:189} INFO - Processing /home/airflow/.local/lib/python3.6/site-packages/airflow/example_dags/example_branch_datetime_operator.py took 0.682 seconds
[2021-07-19 00:19:13,952] {scheduler_job.py:181} INFO - Started process (PID=2706) to work on /home/airflow/.local/lib/python3.6/site-packages/airflow/example_dags/example_branch_datetime_operator.py
[2021-07-19 00:19:13,958] {scheduler_job.py:632} INFO - Processing file /home/airflow/.local/lib/python3.6/site-packages/airflow/example_dags/example_branch_datetime_operator.py for tasks to queue
[2021-07-19 00:19:13,959] {logging_mixin.py:104} INFO - [2021-07-19 00:19:13,959] {dagbag.py:496} INFO - Filling up the DagBag from /home/airflow/.local/lib/python3.6/site-packages/airflow/example_dags/example_branch_datetime_operator.py
[2021-07-19 00:19:13,985] {scheduler_job.py:642} INFO - DAG(s) dict_keys(['example_branch_datetime_operator_2']) retrieved from /home/airflow/.local/lib/python3.6/site-packages/airflow/example_dags/example_branch_datetime_operator.py
[2021-07-19 00:19:14,017] {logging_mixin.py:104} INFO - [2021-07-19 00:19:14,017] {dag.py:1833} INFO - Sync 1 DAGs
[2021-07-19 00:19:14,044] {logging_mixin.py:104} INFO - [2021-07-19 00:19:14,044] {dag.py:2306} INFO - Setting next_dagrun for example_branch_datetime_operator_2 to 2021-07-17 00:00:00+00:00
[2021-07-19 00:19:14,473] {scheduler_job.py:189} INFO - Processing /home/airflow/.local/lib/python3.6/site-packages/airflow/example_dags/example_branch_datetime_operator.py took 0.528 seconds
[2021-07-19 00:19:44,517] {scheduler_job.py:181} INFO - Started process (PID=2763) to work on /home/airflow/.local/lib/python3.6/site-packages/airflow/example_dags/example_branch_datetime_operator.py
[2021-07-19 00:19:44,519] {scheduler_job.py:632} INFO - Processing file /home/airflow/.local/lib/python3.6/site-packages/airflow/example_dags/example_branch_datetime_operator.py for tasks to queue
[2021-07-19 00:19:44,521] {logging_mixin.py:104} INFO - [2021-07-19 00:19:44,520] {dagbag.py:496} INFO - Filling up the DagBag from /home/airflow/.local/lib/python3.6/site-packages/airflow/example_dags/example_branch_datetime_operator.py
[2021-07-19 00:19:44,536] {scheduler_job.py:642} INFO - DAG(s) dict_keys(['example_branch_datetime_operator_2']) retrieved from /home/airflow/.local/lib/python3.6/site-packages/airflow/example_dags/example_branch_datetime_operator.py
[2021-07-19 00:19:44,562] {logging_mixin.py:104} INFO - [2021-07-19 00:19:44,562] {dag.py:1833} INFO - Sync 1 DAGs
[2021-07-19 00:19:44,587] {logging_mixin.py:104} INFO - [2021-07-19 00:19:44,587] {dag.py:2306} INFO - Setting next_dagrun for example_branch_datetime_operator_2 to 2021-07-17 00:00:00+00:00
[2021-07-19 00:19:44,741] {scheduler_job.py:189} INFO - Processing /home/airflow/.local/lib/python3.6/site-packages/airflow/example_dags/example_branch_datetime_operator.py took 0.228 seconds
[2021-07-19 00:20:19,429] {scheduler_job.py:181} INFO - Started process (PID=2831) to work on /home/airflow/.local/lib/python3.6/site-packages/airflow/example_dags/example_branch_datetime_operator.py
[2021-07-19 00:20:19,431] {scheduler_job.py:632} INFO - Processing file /home/airflow/.local/lib/python3.6/site-packages/airflow/example_dags/example_branch_datetime_operator.py for tasks to queue
[2021-07-19 00:20:19,433] {logging_mixin.py:104} INFO - [2021-07-19 00:20:19,432] {dagbag.py:496} INFO - Filling up the DagBag from /home/airflow/.local/lib/python3.6/site-packages/airflow/example_dags/example_branch_datetime_operator.py
[2021-07-19 00:20:19,447] {scheduler_job.py:642} INFO - DAG(s) dict_keys(['example_branch_datetime_operator_2']) retrieved from /home/airflow/.local/lib/python3.6/site-packages/airflow/example_dags/example_branch_datetime_operator.py
[2021-07-19 00:20:19,476] {logging_mixin.py:104} INFO - [2021-07-19 00:20:19,475] {dag.py:1833} INFO - Sync 1 DAGs
[2021-07-19 00:20:19,506] {logging_mixin.py:104} INFO - [2021-07-19 00:20:19,505] {dag.py:2306} INFO - Setting next_dagrun for example_branch_datetime_operator_2 to 2021-07-17 00:00:00+00:00
[2021-07-19 00:20:19,735] {scheduler_job.py:189} INFO - Processing /home/airflow/.local/lib/python3.6/site-packages/airflow/example_dags/example_branch_datetime_operator.py took 0.311 seconds
[2021-07-19 00:20:50,622] {scheduler_job.py:181} INFO - Started process (PID=2889) to work on /home/airflow/.local/lib/python3.6/site-packages/airflow/example_dags/example_branch_datetime_operator.py
[2021-07-19 00:20:50,624] {scheduler_job.py:632} INFO - Processing file /home/airflow/.local/lib/python3.6/site-packages/airflow/example_dags/example_branch_datetime_operator.py for tasks to queue
[2021-07-19 00:20:50,625] {logging_mixin.py:104} INFO - [2021-07-19 00:20:50,625] {dagbag.py:496} INFO - Filling up the DagBag from /home/airflow/.local/lib/python3.6/site-packages/airflow/example_dags/example_branch_datetime_operator.py
[2021-07-19 00:20:50,643] {scheduler_job.py:642} INFO - DAG(s) dict_keys(['example_branch_datetime_operator_2']) retrieved from /home/airflow/.local/lib/python3.6/site-packages/airflow/example_dags/example_branch_datetime_operator.py
[2021-07-19 00:20:50,674] {logging_mixin.py:104} INFO - [2021-07-19 00:20:50,674] {dag.py:1833} INFO - Sync 1 DAGs
[2021-07-19 00:20:50,709] {logging_mixin.py:104} INFO - [2021-07-19 00:20:50,708] {dag.py:2306} INFO - Setting next_dagrun for example_branch_datetime_operator_2 to 2021-07-17 00:00:00+00:00
[2021-07-19 00:20:50,900] {scheduler_job.py:189} INFO - Processing /home/airflow/.local/lib/python3.6/site-packages/airflow/example_dags/example_branch_datetime_operator.py took 0.281 seconds
[2021-07-19 00:21:22,504] {scheduler_job.py:181} INFO - Started process (PID=2945) to work on /home/airflow/.local/lib/python3.6/site-packages/airflow/example_dags/example_branch_datetime_operator.py
[2021-07-19 00:21:22,510] {scheduler_job.py:632} INFO - Processing file /home/airflow/.local/lib/python3.6/site-packages/airflow/example_dags/example_branch_datetime_operator.py for tasks to queue
[2021-07-19 00:21:22,513] {logging_mixin.py:104} INFO - [2021-07-19 00:21:22,513] {dagbag.py:496} INFO - Filling up the DagBag from /home/airflow/.local/lib/python3.6/site-packages/airflow/example_dags/example_branch_datetime_operator.py
[2021-07-19 00:21:22,548] {scheduler_job.py:642} INFO - DAG(s) dict_keys(['example_branch_datetime_operator_2']) retrieved from /home/airflow/.local/lib/python3.6/site-packages/airflow/example_dags/example_branch_datetime_operator.py
[2021-07-19 00:21:22,582] {logging_mixin.py:104} INFO - [2021-07-19 00:21:22,582] {dag.py:1833} INFO - Sync 1 DAGs
[2021-07-19 00:21:22,607] {logging_mixin.py:104} INFO - [2021-07-19 00:21:22,607] {dag.py:2306} INFO - Setting next_dagrun for example_branch_datetime_operator_2 to 2021-07-17 00:00:00+00:00
[2021-07-19 00:21:23,657] {scheduler_job.py:189} INFO - Processing /home/airflow/.local/lib/python3.6/site-packages/airflow/example_dags/example_branch_datetime_operator.py took 1.165 seconds
[2021-07-19 00:21:53,876] {scheduler_job.py:181} INFO - Started process (PID=3001) to work on /home/airflow/.local/lib/python3.6/site-packages/airflow/example_dags/example_branch_datetime_operator.py
[2021-07-19 00:21:53,881] {scheduler_job.py:632} INFO - Processing file /home/airflow/.local/lib/python3.6/site-packages/airflow/example_dags/example_branch_datetime_operator.py for tasks to queue
[2021-07-19 00:21:53,886] {logging_mixin.py:104} INFO - [2021-07-19 00:21:53,885] {dagbag.py:496} INFO - Filling up the DagBag from /home/airflow/.local/lib/python3.6/site-packages/airflow/example_dags/example_branch_datetime_operator.py
[2021-07-19 00:21:53,905] {scheduler_job.py:642} INFO - DAG(s) dict_keys(['example_branch_datetime_operator_2']) retrieved from /home/airflow/.local/lib/python3.6/site-packages/airflow/example_dags/example_branch_datetime_operator.py
[2021-07-19 00:21:53,930] {logging_mixin.py:104} INFO - [2021-07-19 00:21:53,930] {dag.py:1833} INFO - Sync 1 DAGs
[2021-07-19 00:21:53,953] {logging_mixin.py:104} INFO - [2021-07-19 00:21:53,953] {dag.py:2306} INFO - Setting next_dagrun for example_branch_datetime_operator_2 to 2021-07-17 00:00:00+00:00
[2021-07-19 00:21:54,303] {scheduler_job.py:189} INFO - Processing /home/airflow/.local/lib/python3.6/site-packages/airflow/example_dags/example_branch_datetime_operator.py took 0.436 seconds
[2021-07-19 00:22:25,307] {scheduler_job.py:181} INFO - Started process (PID=3057) to work on /home/airflow/.local/lib/python3.6/site-packages/airflow/example_dags/example_branch_datetime_operator.py
[2021-07-19 00:22:25,310] {scheduler_job.py:632} INFO - Processing file /home/airflow/.local/lib/python3.6/site-packages/airflow/example_dags/example_branch_datetime_operator.py for tasks to queue
[2021-07-19 00:22:25,311] {logging_mixin.py:104} INFO - [2021-07-19 00:22:25,311] {dagbag.py:496} INFO - Filling up the DagBag from /home/airflow/.local/lib/python3.6/site-packages/airflow/example_dags/example_branch_datetime_operator.py
[2021-07-19 00:22:25,331] {scheduler_job.py:642} INFO - DAG(s) dict_keys(['example_branch_datetime_operator_2']) retrieved from /home/airflow/.local/lib/python3.6/site-packages/airflow/example_dags/example_branch_datetime_operator.py
[2021-07-19 00:22:25,359] {logging_mixin.py:104} INFO - [2021-07-19 00:22:25,358] {dag.py:1833} INFO - Sync 1 DAGs
[2021-07-19 00:22:25,387] {logging_mixin.py:104} INFO - [2021-07-19 00:22:25,386] {dag.py:2306} INFO - Setting next_dagrun for example_branch_datetime_operator_2 to 2021-07-17 00:00:00+00:00
[2021-07-19 00:22:25,557] {scheduler_job.py:189} INFO - Processing /home/airflow/.local/lib/python3.6/site-packages/airflow/example_dags/example_branch_datetime_operator.py took 0.254 seconds
[2021-07-19 00:22:55,933] {scheduler_job.py:181} INFO - Started process (PID=3125) to work on /home/airflow/.local/lib/python3.6/site-packages/airflow/example_dags/example_branch_datetime_operator.py
[2021-07-19 00:22:55,936] {scheduler_job.py:632} INFO - Processing file /home/airflow/.local/lib/python3.6/site-packages/airflow/example_dags/example_branch_datetime_operator.py for tasks to queue
[2021-07-19 00:22:55,940] {logging_mixin.py:104} INFO - [2021-07-19 00:22:55,940] {dagbag.py:496} INFO - Filling up the DagBag from /home/airflow/.local/lib/python3.6/site-packages/airflow/example_dags/example_branch_datetime_operator.py
[2021-07-19 00:22:55,967] {scheduler_job.py:642} INFO - DAG(s) dict_keys(['example_branch_datetime_operator_2']) retrieved from /home/airflow/.local/lib/python3.6/site-packages/airflow/example_dags/example_branch_datetime_operator.py
[2021-07-19 00:22:55,996] {logging_mixin.py:104} INFO - [2021-07-19 00:22:55,996] {dag.py:1833} INFO - Sync 1 DAGs
[2021-07-19 00:22:56,022] {logging_mixin.py:104} INFO - [2021-07-19 00:22:56,022] {dag.py:2306} INFO - Setting next_dagrun for example_branch_datetime_operator_2 to 2021-07-17 00:00:00+00:00
[2021-07-19 00:22:56,457] {scheduler_job.py:189} INFO - Processing /home/airflow/.local/lib/python3.6/site-packages/airflow/example_dags/example_branch_datetime_operator.py took 0.530 seconds
[2021-07-19 00:23:28,161] {scheduler_job.py:181} INFO - Started process (PID=3181) to work on /home/airflow/.local/lib/python3.6/site-packages/airflow/example_dags/example_branch_datetime_operator.py
[2021-07-19 00:23:28,164] {scheduler_job.py:632} INFO - Processing file /home/airflow/.local/lib/python3.6/site-packages/airflow/example_dags/example_branch_datetime_operator.py for tasks to queue
[2021-07-19 00:23:28,165] {logging_mixin.py:104} INFO - [2021-07-19 00:23:28,165] {dagbag.py:496} INFO - Filling up the DagBag from /home/airflow/.local/lib/python3.6/site-packages/airflow/example_dags/example_branch_datetime_operator.py
[2021-07-19 00:23:28,182] {scheduler_job.py:642} INFO - DAG(s) dict_keys(['example_branch_datetime_operator_2']) retrieved from /home/airflow/.local/lib/python3.6/site-packages/airflow/example_dags/example_branch_datetime_operator.py
[2021-07-19 00:23:28,207] {logging_mixin.py:104} INFO - [2021-07-19 00:23:28,207] {dag.py:1833} INFO - Sync 1 DAGs
[2021-07-19 00:23:28,232] {logging_mixin.py:104} INFO - [2021-07-19 00:23:28,231] {dag.py:2306} INFO - Setting next_dagrun for example_branch_datetime_operator_2 to 2021-07-17 00:00:00+00:00
[2021-07-19 00:23:29,377] {scheduler_job.py:189} INFO - Processing /home/airflow/.local/lib/python3.6/site-packages/airflow/example_dags/example_branch_datetime_operator.py took 1.221 seconds
                                                                                                                                                                                                                                                                                                                                                                                                                                                                                                                                                                                                                                                                                                                                                                                                                                                                                                                                                                                                                                                                                                                                                                                                                                                                                                                                                                                                                                                                                                                                                                                                                                                                                                                                                                                                                                                                                                                                                                                                                                                                                                                                                                                                                                                                                                                                                                                                                                                                                                                                                                                                                                                                                                                                                                                                                                                                                                                                                                                                                                                                                                                                                                                                                                                                                                                                                                                                                                                                                                                                                                                                                                                                                                                                                                                                                                                                                                                                                                                                                                                                                                                                                                                                                                                                                                                                                                                                                                                                                                                                                                                                                                                                                                                                                                                                                                                                                                                                                                                                                                                                                                                                                                                                                                                                                                                                                                                                                                                                                                                                                                                                                                                                                                                                                                                                                                                                                                                                                                                                                                                                                                                                                                                                                                                                                                                                                                                                                                                                                                                                                                                                                                                                                                                                                                                                                                                                                                                                                                                                                                                                                                                   