[2021-07-19 00:00:13,079] {scheduler_job.py:181} INFO - Started process (PID=488) to work on /home/airflow/.local/lib/python3.6/site-packages/airflow/example_dags/example_external_task_marker_dag.py
[2021-07-19 00:00:13,081] {scheduler_job.py:632} INFO - Processing file /home/airflow/.local/lib/python3.6/site-packages/airflow/example_dags/example_external_task_marker_dag.py for tasks to queue
[2021-07-19 00:00:13,082] {logging_mixin.py:104} INFO - [2021-07-19 00:00:13,082] {dagbag.py:496} INFO - Filling up the DagBag from /home/airflow/.local/lib/python3.6/site-packages/airflow/example_dags/example_external_task_marker_dag.py
[2021-07-19 00:00:13,100] {scheduler_job.py:642} INFO - DAG(s) dict_keys(['example_external_task_marker_parent', 'example_external_task_marker_child']) retrieved from /home/airflow/.local/lib/python3.6/site-packages/airflow/example_dags/example_external_task_marker_dag.py
[2021-07-19 00:00:13,422] {logging_mixin.py:104} INFO - [2021-07-19 00:00:13,422] {dag.py:1833} INFO - Sync 2 DAGs
[2021-07-19 00:00:13,445] {logging_mixin.py:104} INFO - [2021-07-19 00:00:13,445] {dag.py:2306} INFO - Setting next_dagrun for example_external_task_marker_child to None
[2021-07-19 00:00:13,446] {logging_mixin.py:104} INFO - [2021-07-19 00:00:13,446] {dag.py:2306} INFO - Setting next_dagrun for example_external_task_marker_parent to None
[2021-07-19 00:00:13,515] {scheduler_job.py:189} INFO - Processing /home/airflow/.local/lib/python3.6/site-packages/airflow/example_dags/example_external_task_marker_dag.py took 0.439 seconds
[2021-07-19 00:00:44,226] {scheduler_job.py:181} INFO - Started process (PID=555) to work on /home/airflow/.local/lib/python3.6/site-packages/airflow/example_dags/example_external_task_marker_dag.py
[2021-07-19 00:00:44,228] {scheduler_job.py:632} INFO - Processing file /home/airflow/.local/lib/python3.6/site-packages/airflow/example_dags/example_external_task_marker_dag.py for tasks to queue
[2021-07-19 00:00:44,229] {logging_mixin.py:104} INFO - [2021-07-19 00:00:44,229] {dagbag.py:496} INFO - Filling up the DagBag from /home/airflow/.local/lib/python3.6/site-packages/airflow/example_dags/example_external_task_marker_dag.py
[2021-07-19 00:00:44,245] {scheduler_job.py:642} INFO - DAG(s) dict_keys(['example_external_task_marker_parent', 'example_external_task_marker_child']) retrieved from /home/airflow/.local/lib/python3.6/site-packages/airflow/example_dags/example_external_task_marker_dag.py
[2021-07-19 00:00:44,591] {logging_mixin.py:104} INFO - [2021-07-19 00:00:44,591] {dag.py:1833} INFO - Sync 2 DAGs
[2021-07-19 00:00:44,617] {logging_mixin.py:104} INFO - [2021-07-19 00:00:44,617] {dag.py:2306} INFO - Setting next_dagrun for example_external_task_marker_child to None
[2021-07-19 00:00:44,619] {logging_mixin.py:104} INFO - [2021-07-19 00:00:44,619] {dag.py:2306} INFO - Setting next_dagrun for example_external_task_marker_parent to None
[2021-07-19 00:00:44,695] {scheduler_job.py:189} INFO - Processing /home/airflow/.local/lib/python3.6/site-packages/airflow/example_dags/example_external_task_marker_dag.py took 0.473 seconds
[2021-07-19 00:01:15,034] {scheduler_job.py:181} INFO - Started process (PID=614) to work on /home/airflow/.local/lib/python3.6/site-packages/airflow/example_dags/example_external_task_marker_dag.py
[2021-07-19 00:01:15,036] {scheduler_job.py:632} INFO - Processing file /home/airflow/.local/lib/python3.6/site-packages/airflow/example_dags/example_external_task_marker_dag.py for tasks to queue
[2021-07-19 00:01:15,038] {logging_mixin.py:104} INFO - [2021-07-19 00:01:15,037] {dagbag.py:496} INFO - Filling up the DagBag from /home/airflow/.local/lib/python3.6/site-packages/airflow/example_dags/example_external_task_marker_dag.py
[2021-07-19 00:01:15,054] {scheduler_job.py:642} INFO - DAG(s) dict_keys(['example_external_task_marker_parent', 'example_external_task_marker_child']) retrieved from /home/airflow/.local/lib/python3.6/site-packages/airflow/example_dags/example_external_task_marker_dag.py
[2021-07-19 00:01:15,394] {logging_mixin.py:104} INFO - [2021-07-19 00:01:15,394] {dag.py:1833} INFO - Sync 2 DAGs
[2021-07-19 00:01:15,412] {logging_mixin.py:104} INFO - [2021-07-19 00:01:15,412] {dag.py:2306} INFO - Setting next_dagrun for example_external_task_marker_child to None
[2021-07-19 00:01:15,413] {logging_mixin.py:104} INFO - [2021-07-19 00:01:15,413] {dag.py:2306} INFO - Setting next_dagrun for example_external_task_marker_parent to None
[2021-07-19 00:01:15,470] {scheduler_job.py:189} INFO - Processing /home/airflow/.local/lib/python3.6/site-packages/airflow/example_dags/example_external_task_marker_dag.py took 0.441 seconds
[2021-07-19 00:01:45,994] {scheduler_job.py:181} INFO - Started process (PID=670) to work on /home/airflow/.local/lib/python3.6/site-packages/airflow/example_dags/example_external_task_marker_dag.py
[2021-07-19 00:01:45,996] {scheduler_job.py:632} INFO - Processing file /home/airflow/.local/lib/python3.6/site-packages/airflow/example_dags/example_external_task_marker_dag.py for tasks to queue
[2021-07-19 00:01:45,997] {logging_mixin.py:104} INFO - [2021-07-19 00:01:45,997] {dagbag.py:496} INFO - Filling up the DagBag from /home/airflow/.local/lib/python3.6/site-packages/airflow/example_dags/example_external_task_marker_dag.py
[2021-07-19 00:01:46,016] {scheduler_job.py:642} INFO - DAG(s) dict_keys(['example_external_task_marker_parent', 'example_external_task_marker_child']) retrieved from /home/airflow/.local/lib/python3.6/site-packages/airflow/example_dags/example_external_task_marker_dag.py
[2021-07-19 00:01:46,349] {logging_mixin.py:104} INFO - [2021-07-19 00:01:46,349] {dag.py:1833} INFO - Sync 2 DAGs
[2021-07-19 00:01:46,374] {logging_mixin.py:104} INFO - [2021-07-19 00:01:46,374] {dag.py:2306} INFO - Setting next_dagrun for example_external_task_marker_child to None
[2021-07-19 00:01:46,376] {logging_mixin.py:104} INFO - [2021-07-19 00:01:46,375] {dag.py:2306} INFO - Setting next_dagrun for example_external_task_marker_parent to None
[2021-07-19 00:01:46,428] {scheduler_job.py:189} INFO - Processing /home/airflow/.local/lib/python3.6/site-packages/airflow/example_dags/example_external_task_marker_dag.py took 0.439 seconds
[2021-07-19 00:02:16,686] {scheduler_job.py:181} INFO - Started process (PID=737) to work on /home/airflow/.local/lib/python3.6/site-packages/airflow/example_dags/example_external_task_marker_dag.py
[2021-07-19 00:02:16,689] {scheduler_job.py:632} INFO - Processing file /home/airflow/.local/lib/python3.6/site-packages/airflow/example_dags/example_external_task_marker_dag.py for tasks to queue
[2021-07-19 00:02:16,690] {logging_mixin.py:104} INFO - [2021-07-19 00:02:16,690] {dagbag.py:496} INFO - Filling up the DagBag from /home/airflow/.local/lib/python3.6/site-packages/airflow/example_dags/example_external_task_marker_dag.py
[2021-07-19 00:02:16,707] {scheduler_job.py:642} INFO - DAG(s) dict_keys(['example_external_task_marker_parent', 'example_external_task_marker_child']) retrieved from /home/airflow/.local/lib/python3.6/site-packages/airflow/example_dags/example_external_task_marker_dag.py
[2021-07-19 00:02:17,066] {logging_mixin.py:104} INFO - [2021-07-19 00:02:17,066] {dag.py:1833} INFO - Sync 2 DAGs
[2021-07-19 00:02:17,086] {logging_mixin.py:104} INFO - [2021-07-19 00:02:17,086] {dag.py:2306} INFO - Setting next_dagrun for example_external_task_marker_child to None
[2021-07-19 00:02:17,089] {logging_mixin.py:104} INFO - [2021-07-19 00:02:17,089] {dag.py:2306} INFO - Setting next_dagrun for example_external_task_marker_parent to None
[2021-07-19 00:02:17,151] {scheduler_job.py:189} INFO - Processing /home/airflow/.local/lib/python3.6/site-packages/airflow/example_dags/example_external_task_marker_dag.py took 0.469 seconds
[2021-07-19 00:02:47,269] {scheduler_job.py:181} INFO - Started process (PID=796) to work on /home/airflow/.local/lib/python3.6/site-packages/airflow/example_dags/example_external_task_marker_dag.py
[2021-07-19 00:02:47,273] {scheduler_job.py:632} INFO - Processing file /home/airflow/.local/lib/python3.6/site-packages/airflow/example_dags/example_external_task_marker_dag.py for tasks to queue
[2021-07-19 00:02:47,275] {logging_mixin.py:104} INFO - [2021-07-19 00:02:47,275] {dagbag.py:496} INFO - Filling up the DagBag from /home/airflow/.local/lib/python3.6/site-packages/airflow/example_dags/example_external_task_marker_dag.py
[2021-07-19 00:02:47,300] {scheduler_job.py:642} INFO - DAG(s) dict_keys(['example_external_task_marker_parent', 'example_external_task_marker_child']) retrieved from /home/airflow/.local/lib/python3.6/site-packages/airflow/example_dags/example_external_task_marker_dag.py
[2021-07-19 00:02:47,593] {logging_mixin.py:104} INFO - [2021-07-19 00:02:47,593] {dag.py:1833} INFO - Sync 2 DAGs
[2021-07-19 00:02:47,612] {logging_mixin.py:104} INFO - [2021-07-19 00:02:47,612] {dag.py:2306} INFO - Setting next_dagrun for example_external_task_marker_child to None
[2021-07-19 00:02:47,614] {logging_mixin.py:104} INFO - [2021-07-19 00:02:47,614] {dag.py:2306} INFO - Setting next_dagrun for example_external_task_marker_parent to None
[2021-07-19 00:02:47,670] {scheduler_job.py:189} INFO - Processing /home/airflow/.local/lib/python3.6/site-packages/airflow/example_dags/example_external_task_marker_dag.py took 0.407 seconds
[2021-07-19 00:03:17,978] {scheduler_job.py:181} INFO - Started process (PID=859) to work on /home/airflow/.local/lib/python3.6/site-packages/airflow/example_dags/example_external_task_marker_dag.py
[2021-07-19 00:03:17,981] {scheduler_job.py:632} INFO - Processing file /home/airflow/.local/lib/python3.6/site-packages/airflow/example_dags/example_external_task_marker_dag.py for tasks to queue
[2021-07-19 00:03:17,984] {logging_mixin.py:104} INFO - [2021-07-19 00:03:17,984] {dagbag.py:496} INFO - Filling up the DagBag from /home/airflow/.local/lib/python3.6/site-packages/airflow/example_dags/example_external_task_marker_dag.py
[2021-07-19 00:03:18,006] {scheduler_job.py:642} INFO - DAG(s) dict_keys(['example_external_task_marker_parent', 'example_external_task_marker_child']) retrieved from /home/airflow/.local/lib/python3.6/site-packages/airflow/example_dags/example_external_task_marker_dag.py
[2021-07-19 00:03:18,311] {logging_mixin.py:104} INFO - [2021-07-19 00:03:18,311] {dag.py:1833} INFO - Sync 2 DAGs
[2021-07-19 00:03:18,328] {logging_mixin.py:104} INFO - [2021-07-19 00:03:18,328] {dag.py:2306} INFO - Setting next_dagrun for example_external_task_marker_child to None
[2021-07-19 00:03:18,330] {logging_mixin.py:104} INFO - [2021-07-19 00:03:18,330] {dag.py:2306} INFO - Setting next_dagrun for example_external_task_marker_parent to None
[2021-07-19 00:03:18,416] {scheduler_job.py:189} INFO - Processing /home/airflow/.local/lib/python3.6/site-packages/airflow/example_dags/example_external_task_marker_dag.py took 0.443 seconds
[2021-07-19 00:03:48,768] {scheduler_job.py:181} INFO - Started process (PID=918) to work on /home/airflow/.local/lib/python3.6/site-packages/airflow/example_dags/example_external_task_marker_dag.py
[2021-07-19 00:03:48,770] {scheduler_job.py:632} INFO - Processing file /home/airflow/.local/lib/python3.6/site-packages/airflow/example_dags/example_external_task_marker_dag.py for tasks to queue
[2021-07-19 00:03:48,772] {logging_mixin.py:104} INFO - [2021-07-19 00:03:48,772] {dagbag.py:496} INFO - Filling up the DagBag from /home/airflow/.local/lib/python3.6/site-packages/airflow/example_dags/example_external_task_marker_dag.py
[2021-07-19 00:03:48,785] {scheduler_job.py:642} INFO - DAG(s) dict_keys(['example_external_task_marker_parent', 'example_external_task_marker_child']) retrieved from /home/airflow/.local/lib/python3.6/site-packages/airflow/example_dags/example_external_task_marker_dag.py
[2021-07-19 00:03:49,069] {logging_mixin.py:104} INFO - [2021-07-19 00:03:49,069] {dag.py:1833} INFO - Sync 2 DAGs
[2021-07-19 00:03:49,088] {logging_mixin.py:104} INFO - [2021-07-19 00:03:49,088] {dag.py:2306} INFO - Setting next_dagrun for example_external_task_marker_child to None
[2021-07-19 00:03:49,090] {logging_mixin.py:104} INFO - [2021-07-19 00:03:49,090] {dag.py:2306} INFO - Setting next_dagrun for example_external_task_marker_parent to None
[2021-07-19 00:03:49,152] {scheduler_job.py:189} INFO - Processing /home/airflow/.local/lib/python3.6/site-packages/airflow/example_dags/example_external_task_marker_dag.py took 0.388 seconds
[2021-07-19 00:04:19,254] {scheduler_job.py:181} INFO - Started process (PID=974) to work on /home/airflow/.local/lib/python3.6/site-packages/airflow/example_dags/example_external_task_marker_dag.py
[2021-07-19 00:04:19,256] {scheduler_job.py:632} INFO - Processing file /home/airflow/.local/lib/python3.6/site-packages/airflow/example_dags/example_external_task_marker_dag.py for tasks to queue
[2021-07-19 00:04:19,257] {logging_mixin.py:104} INFO - [2021-07-19 00:04:19,257] {dagbag.py:496} INFO - Filling up the DagBag from /home/airflow/.local/lib/python3.6/site-packages/airflow/example_dags/example_external_task_marker_dag.py
[2021-07-19 00:04:19,272] {scheduler_job.py:642} INFO - DAG(s) dict_keys(['example_external_task_marker_parent', 'example_external_task_marker_child']) retrieved from /home/airflow/.local/lib/python3.6/site-packages/airflow/example_dags/example_external_task_marker_dag.py
[2021-07-19 00:04:19,306] {logging_mixin.py:104} INFO - [2021-07-19 00:04:19,306] {dag.py:1833} INFO - Sync 2 DAGs
[2021-07-19 00:04:19,327] {logging_mixin.py:104} INFO - [2021-07-19 00:04:19,327] {dag.py:2306} INFO - Setting next_dagrun for example_external_task_marker_child to None
[2021-07-19 00:04:19,329] {logging_mixin.py:104} INFO - [2021-07-19 00:04:19,328] {dag.py:2306} INFO - Setting next_dagrun for example_external_task_marker_parent to None
[2021-07-19 00:04:19,381] {scheduler_job.py:189} INFO - Processing /home/airflow/.local/lib/python3.6/site-packages/airflow/example_dags/example_external_task_marker_dag.py took 0.131 seconds
[2021-07-19 00:04:50,436] {scheduler_job.py:181} INFO - Started process (PID=1042) to work on /home/airflow/.local/lib/python3.6/site-packages/airflow/example_dags/example_external_task_marker_dag.py
[2021-07-19 00:04:50,445] {scheduler_job.py:632} INFO - Processing file /home/airflow/.local/lib/python3.6/site-packages/airflow/example_dags/example_external_task_marker_dag.py for tasks to queue
[2021-07-19 00:04:50,449] {logging_mixin.py:104} INFO - [2021-07-19 00:04:50,448] {dagbag.py:496} INFO - Filling up the DagBag from /home/airflow/.local/lib/python3.6/site-packages/airflow/example_dags/example_external_task_marker_dag.py
[2021-07-19 00:04:50,482] {scheduler_job.py:642} INFO - DAG(s) dict_keys(['example_external_task_marker_parent', 'example_external_task_marker_child']) retrieved from /home/airflow/.local/lib/python3.6/site-packages/airflow/example_dags/example_external_task_marker_dag.py
[2021-07-19 00:04:50,526] {logging_mixin.py:104} INFO - [2021-07-19 00:04:50,526] {dag.py:1833} INFO - Sync 2 DAGs
[2021-07-19 00:04:50,550] {logging_mixin.py:104} INFO - [2021-07-19 00:04:50,549] {dag.py:2306} INFO - Setting next_dagrun for example_external_task_marker_child to None
[2021-07-19 00:04:50,551] {logging_mixin.py:104} INFO - [2021-07-19 00:04:50,551] {dag.py:2306} INFO - Setting next_dagrun for example_external_task_marker_parent to None
[2021-07-19 00:04:50,643] {scheduler_job.py:189} INFO - Processing /home/airflow/.local/lib/python3.6/site-packages/airflow/example_dags/example_external_task_marker_dag.py took 0.223 seconds
[2021-07-19 00:05:21,071] {scheduler_job.py:181} INFO - Started process (PID=1098) to work on /home/airflow/.local/lib/python3.6/site-packages/airflow/example_dags/example_external_task_marker_dag.py
[2021-07-19 00:05:21,073] {scheduler_job.py:632} INFO - Processing file /home/airflow/.local/lib/python3.6/site-packages/airflow/example_dags/example_external_task_marker_dag.py for tasks to queue
[2021-07-19 00:05:21,075] {logging_mixin.py:104} INFO - [2021-07-19 00:05:21,074] {dagbag.py:496} INFO - Filling up the DagBag from /home/airflow/.local/lib/python3.6/site-packages/airflow/example_dags/example_external_task_marker_dag.py
[2021-07-19 00:05:21,103] {scheduler_job.py:642} INFO - DAG(s) dict_keys(['example_external_task_marker_parent', 'example_external_task_marker_child']) retrieved from /home/airflow/.local/lib/python3.6/site-packages/airflow/example_dags/example_external_task_marker_dag.py
[2021-07-19 00:05:21,149] {logging_mixin.py:104} INFO - [2021-07-19 00:05:21,149] {dag.py:1833} INFO - Sync 2 DAGs
[2021-07-19 00:05:21,180] {logging_mixin.py:104} INFO - [2021-07-19 00:05:21,180] {dag.py:2306} INFO - Setting next_dagrun for example_external_task_marker_child to None
[2021-07-19 00:05:21,185] {logging_mixin.py:104} INFO - [2021-07-19 00:05:21,185] {dag.py:2306} INFO - Setting next_dagrun for example_external_task_marker_parent to None
[2021-07-19 00:05:21,283] {scheduler_job.py:189} INFO - Processing /home/airflow/.local/lib/python3.6/site-packages/airflow/example_dags/example_external_task_marker_dag.py took 0.216 seconds
[2021-07-19 00:05:52,318] {scheduler_job.py:181} INFO - Started process (PID=1154) to work on /home/airflow/.local/lib/python3.6/site-packages/airflow/example_dags/example_external_task_marker_dag.py
[2021-07-19 00:05:52,320] {scheduler_job.py:632} INFO - Processing file /home/airflow/.local/lib/python3.6/site-packages/airflow/example_dags/example_external_task_marker_dag.py for tasks to queue
[2021-07-19 00:05:52,322] {logging_mixin.py:104} INFO - [2021-07-19 00:05:52,321] {dagbag.py:496} INFO - Filling up the DagBag from /home/airflow/.local/lib/python3.6/site-packages/airflow/example_dags/example_external_task_marker_dag.py
[2021-07-19 00:05:52,336] {scheduler_job.py:642} INFO - DAG(s) dict_keys(['example_external_task_marker_parent', 'example_external_task_marker_child']) retrieved from /home/airflow/.local/lib/python3.6/site-packages/airflow/example_dags/example_external_task_marker_dag.py
[2021-07-19 00:05:52,685] {logging_mixin.py:104} INFO - [2021-07-19 00:05:52,684] {dag.py:1833} INFO - Sync 2 DAGs
[2021-07-19 00:05:52,705] {logging_mixin.py:104} INFO - [2021-07-19 00:05:52,705] {dag.py:2306} INFO - Setting next_dagrun for example_external_task_marker_child to None
[2021-07-19 00:05:52,707] {logging_mixin.py:104} INFO - [2021-07-19 00:05:52,707] {dag.py:2306} INFO - Setting next_dagrun for example_external_task_marker_parent to None
[2021-07-19 00:05:52,751] {scheduler_job.py:189} INFO - Processing /home/airflow/.local/lib/python3.6/site-packages/airflow/example_dags/example_external_task_marker_dag.py took 0.436 seconds
[2021-07-19 00:06:23,046] {scheduler_job.py:181} INFO - Started process (PID=1221) to work on /home/airflow/.local/lib/python3.6/site-packages/airflow/example_dags/example_external_task_marker_dag.py
[2021-07-19 00:06:23,049] {scheduler_job.py:632} INFO - Processing file /home/airflow/.local/lib/python3.6/site-packages/airflow/example_dags/example_external_task_marker_dag.py for tasks to queue
[2021-07-19 00:06:23,050] {logging_mixin.py:104} INFO - [2021-07-19 00:06:23,050] {dagbag.py:496} INFO - Filling up the DagBag from /home/airflow/.local/lib/python3.6/site-packages/airflow/example_dags/example_external_task_marker_dag.py
[2021-07-19 00:06:23,069] {scheduler_job.py:642} INFO - DAG(s) dict_keys(['example_external_task_marker_parent', 'example_external_task_marker_child']) retrieved from /home/airflow/.local/lib/python3.6/site-packages/airflow/example_dags/example_external_task_marker_dag.py
[2021-07-19 00:06:23,404] {logging_mixin.py:104} INFO - [2021-07-19 00:06:23,403] {dag.py:1833} INFO - Sync 2 DAGs
[2021-07-19 00:06:23,429] {logging_mixin.py:104} INFO - [2021-07-19 00:06:23,429] {dag.py:2306} INFO - Setting next_dagrun for example_external_task_marker_child to None
[2021-07-19 00:06:23,431] {logging_mixin.py:104} INFO - [2021-07-19 00:06:23,430] {dag.py:2306} INFO - Setting next_dagrun for example_external_task_marker_parent to None
[2021-07-19 00:06:23,486] {scheduler_job.py:189} INFO - Processing /home/airflow/.local/lib/python3.6/site-packages/airflow/example_dags/example_external_task_marker_dag.py took 0.444 seconds
[2021-07-19 00:06:53,922] {scheduler_job.py:181} INFO - Started process (PID=1278) to work on /home/airflow/.local/lib/python3.6/site-packages/airflow/example_dags/example_external_task_marker_dag.py
[2021-07-19 00:06:53,925] {scheduler_job.py:632} INFO - Processing file /home/airflow/.local/lib/python3.6/site-packages/airflow/example_dags/example_external_task_marker_dag.py for tasks to queue
[2021-07-19 00:06:53,926] {logging_mixin.py:104} INFO - [2021-07-19 00:06:53,926] {dagbag.py:496} INFO - Filling up the DagBag from /home/airflow/.local/lib/python3.6/site-packages/airflow/example_dags/example_external_task_marker_dag.py
[2021-07-19 00:06:53,946] {scheduler_job.py:642} INFO - DAG(s) dict_keys(['example_external_task_marker_parent', 'example_external_task_marker_child']) retrieved from /home/airflow/.local/lib/python3.6/site-packages/airflow/example_dags/example_external_task_marker_dag.py
[2021-07-19 00:06:54,289] {logging_mixin.py:104} INFO - [2021-07-19 00:06:54,289] {dag.py:1833} INFO - Sync 2 DAGs
[2021-07-19 00:06:54,314] {logging_mixin.py:104} INFO - [2021-07-19 00:06:54,314] {dag.py:2306} INFO - Setting next_dagrun for example_external_task_marker_child to None
[2021-07-19 00:06:54,320] {logging_mixin.py:104} INFO - [2021-07-19 00:06:54,319] {dag.py:2306} INFO - Setting next_dagrun for example_external_task_marker_parent to None
[2021-07-19 00:06:54,455] {scheduler_job.py:189} INFO - Processing /home/airflow/.local/lib/python3.6/site-packages/airflow/example_dags/example_external_task_marker_dag.py took 0.537 seconds
[2021-07-19 00:07:25,453] {scheduler_job.py:181} INFO - Started process (PID=1346) to work on /home/airflow/.local/lib/python3.6/site-packages/airflow/example_dags/example_external_task_marker_dag.py
[2021-07-19 00:07:25,455] {scheduler_job.py:632} INFO - Processing file /home/airflow/.local/lib/python3.6/site-packages/airflow/example_dags/example_external_task_marker_dag.py for tasks to queue
[2021-07-19 00:07:25,456] {logging_mixin.py:104} INFO - [2021-07-19 00:07:25,456] {dagbag.py:496} INFO - Filling up the DagBag from /home/airflow/.local/lib/python3.6/site-packages/airflow/example_dags/example_external_task_marker_dag.py
[2021-07-19 00:07:25,473] {scheduler_job.py:642} INFO - DAG(s) dict_keys(['example_external_task_marker_parent', 'example_external_task_marker_child']) retrieved from /home/airflow/.local/lib/python3.6/site-packages/airflow/example_dags/example_external_task_marker_dag.py
[2021-07-19 00:07:25,830] {logging_mixin.py:104} INFO - [2021-07-19 00:07:25,829] {dag.py:1833} INFO - Sync 2 DAGs
[2021-07-19 00:07:25,849] {logging_mixin.py:104} INFO - [2021-07-19 00:07:25,849] {dag.py:2306} INFO - Setting next_dagrun for example_external_task_marker_child to None
[2021-07-19 00:07:25,851] {logging_mixin.py:104} INFO - [2021-07-19 00:07:25,850] {dag.py:2306} INFO - Setting next_dagrun for example_external_task_marker_parent to None
[2021-07-19 00:07:26,048] {scheduler_job.py:189} INFO - Processing /home/airflow/.local/lib/python3.6/site-packages/airflow/example_dags/example_external_task_marker_dag.py took 0.599 seconds
[2021-07-19 00:07:56,257] {scheduler_job.py:181} INFO - Started process (PID=1403) to work on /home/airflow/.local/lib/python3.6/site-packages/airflow/example_dags/example_external_task_marker_dag.py
[2021-07-19 00:07:56,259] {scheduler_job.py:632} INFO - Processing file /home/airflow/.local/lib/python3.6/site-packages/airflow/example_dags/example_external_task_marker_dag.py for tasks to queue
[2021-07-19 00:07:56,260] {logging_mixin.py:104} INFO - [2021-07-19 00:07:56,260] {dagbag.py:496} INFO - Filling up the DagBag from /home/airflow/.local/lib/python3.6/site-packages/airflow/example_dags/example_external_task_marker_dag.py
[2021-07-19 00:07:56,274] {scheduler_job.py:642} INFO - DAG(s) dict_keys(['example_external_task_marker_parent', 'example_external_task_marker_child']) retrieved from /home/airflow/.local/lib/python3.6/site-packages/airflow/example_dags/example_external_task_marker_dag.py
[2021-07-19 00:07:56,538] {logging_mixin.py:104} INFO - [2021-07-19 00:07:56,538] {dag.py:1833} INFO - Sync 2 DAGs
[2021-07-19 00:07:56,557] {logging_mixin.py:104} INFO - [2021-07-19 00:07:56,557] {dag.py:2306} INFO - Setting next_dagrun for example_external_task_marker_child to None
[2021-07-19 00:07:56,558] {logging_mixin.py:104} INFO - [2021-07-19 00:07:56,558] {dag.py:2306} INFO - Setting next_dagrun for example_external_task_marker_parent to None
[2021-07-19 00:07:56,621] {scheduler_job.py:189} INFO - Processing /home/airflow/.local/lib/python3.6/site-packages/airflow/example_dags/example_external_task_marker_dag.py took 0.368 seconds
[2021-07-19 00:08:26,750] {scheduler_job.py:181} INFO - Started process (PID=1460) to work on /home/airflow/.local/lib/python3.6/site-packages/airflow/example_dags/example_external_task_marker_dag.py
[2021-07-19 00:08:26,752] {scheduler_job.py:632} INFO - Processing file /home/airflow/.local/lib/python3.6/site-packages/airflow/example_dags/example_external_task_marker_dag.py for tasks to queue
[2021-07-19 00:08:26,753] {logging_mixin.py:104} INFO - [2021-07-19 00:08:26,753] {dagbag.py:496} INFO - Filling up the DagBag from /home/airflow/.local/lib/python3.6/site-packages/airflow/example_dags/example_external_task_marker_dag.py
[2021-07-19 00:08:26,766] {scheduler_job.py:642} INFO - DAG(s) dict_keys(['example_external_task_marker_parent', 'example_external_task_marker_child']) retrieved from /home/airflow/.local/lib/python3.6/site-packages/airflow/example_dags/example_external_task_marker_dag.py
[2021-07-19 00:08:27,121] {logging_mixin.py:104} INFO - [2021-07-19 00:08:27,121] {dag.py:1833} INFO - Sync 2 DAGs
[2021-07-19 00:08:27,146] {logging_mixin.py:104} INFO - [2021-07-19 00:08:27,146] {dag.py:2306} INFO - Setting next_dagrun for example_external_task_marker_child to None
[2021-07-19 00:08:27,147] {logging_mixin.py:104} INFO - [2021-07-19 00:08:27,147] {dag.py:2306} INFO - Setting next_dagrun for example_external_task_marker_parent to None
[2021-07-19 00:08:27,206] {scheduler_job.py:189} INFO - Processing /home/airflow/.local/lib/python3.6/site-packages/airflow/example_dags/example_external_task_marker_dag.py took 0.459 seconds
[2021-07-19 00:08:59,116] {scheduler_job.py:181} INFO - Started process (PID=1526) to work on /home/airflow/.local/lib/python3.6/site-packages/airflow/example_dags/example_external_task_marker_dag.py
[2021-07-19 00:08:59,119] {scheduler_job.py:632} INFO - Processing file /home/airflow/.local/lib/python3.6/site-packages/airflow/example_dags/example_external_task_marker_dag.py for tasks to queue
[2021-07-19 00:08:59,120] {logging_mixin.py:104} INFO - [2021-07-19 00:08:59,120] {dagbag.py:496} INFO - Filling up the DagBag from /home/airflow/.local/lib/python3.6/site-packages/airflow/example_dags/example_external_task_marker_dag.py
[2021-07-19 00:08:59,138] {scheduler_job.py:642} INFO - DAG(s) dict_keys(['example_external_task_marker_parent', 'example_external_task_marker_child']) retrieved from /home/airflow/.local/lib/python3.6/site-packages/airflow/example_dags/example_external_task_marker_dag.py
[2021-07-19 00:08:59,182] {logging_mixin.py:104} INFO - [2021-07-19 00:08:59,181] {dag.py:1833} INFO - Sync 2 DAGs
[2021-07-19 00:08:59,204] {logging_mixin.py:104} INFO - [2021-07-19 00:08:59,204] {dag.py:2306} INFO - Setting next_dagrun for example_external_task_marker_child to None
[2021-07-19 00:08:59,206] {logging_mixin.py:104} INFO - [2021-07-19 00:08:59,206] {dag.py:2306} INFO - Setting next_dagrun for example_external_task_marker_parent to None
[2021-07-19 00:08:59,400] {scheduler_job.py:189} INFO - Processing /home/airflow/.local/lib/python3.6/site-packages/airflow/example_dags/example_external_task_marker_dag.py took 0.290 seconds
[2021-07-19 00:09:29,664] {scheduler_job.py:181} INFO - Started process (PID=1582) to work on /home/airflow/.local/lib/python3.6/site-packages/airflow/example_dags/example_external_task_marker_dag.py
[2021-07-19 00:09:29,666] {scheduler_job.py:632} INFO - Processing file /home/airflow/.local/lib/python3.6/site-packages/airflow/example_dags/example_external_task_marker_dag.py for tasks to queue
[2021-07-19 00:09:29,667] {logging_mixin.py:104} INFO - [2021-07-19 00:09:29,667] {dagbag.py:496} INFO - Filling up the DagBag from /home/airflow/.local/lib/python3.6/site-packages/airflow/example_dags/example_external_task_marker_dag.py
[2021-07-19 00:09:29,685] {scheduler_job.py:642} INFO - DAG(s) dict_keys(['example_external_task_marker_parent', 'example_external_task_marker_child']) retrieved from /home/airflow/.local/lib/python3.6/site-packages/airflow/example_dags/example_external_task_marker_dag.py
[2021-07-19 00:09:29,714] {logging_mixin.py:104} INFO - [2021-07-19 00:09:29,714] {dag.py:1833} INFO - Sync 2 DAGs
[2021-07-19 00:09:29,732] {logging_mixin.py:104} INFO - [2021-07-19 00:09:29,732] {dag.py:2306} INFO - Setting next_dagrun for example_external_task_marker_child to None
[2021-07-19 00:09:29,734] {logging_mixin.py:104} INFO - [2021-07-19 00:09:29,734] {dag.py:2306} INFO - Setting next_dagrun for example_external_task_marker_parent to None
[2021-07-19 00:09:30,021] {scheduler_job.py:189} INFO - Processing /home/airflow/.local/lib/python3.6/site-packages/airflow/example_dags/example_external_task_marker_dag.py took 0.362 seconds
[2021-07-19 00:10:00,190] {scheduler_job.py:181} INFO - Started process (PID=1649) to work on /home/airflow/.local/lib/python3.6/site-packages/airflow/example_dags/example_external_task_marker_dag.py
[2021-07-19 00:10:00,193] {scheduler_job.py:632} INFO - Processing file /home/airflow/.local/lib/python3.6/site-packages/airflow/example_dags/example_external_task_marker_dag.py for tasks to queue
[2021-07-19 00:10:00,195] {logging_mixin.py:104} INFO - [2021-07-19 00:10:00,194] {dagbag.py:496} INFO - Filling up the DagBag from /home/airflow/.local/lib/python3.6/site-packages/airflow/example_dags/example_external_task_marker_dag.py
[2021-07-19 00:10:00,218] {scheduler_job.py:642} INFO - DAG(s) dict_keys(['example_external_task_marker_parent', 'example_external_task_marker_child']) retrieved from /home/airflow/.local/lib/python3.6/site-packages/airflow/example_dags/example_external_task_marker_dag.py
[2021-07-19 00:10:00,280] {logging_mixin.py:104} INFO - [2021-07-19 00:10:00,279] {dag.py:1833} INFO - Sync 2 DAGs
[2021-07-19 00:10:00,359] {logging_mixin.py:104} INFO - [2021-07-19 00:10:00,358] {dag.py:2306} INFO - Setting next_dagrun for example_external_task_marker_child to None
[2021-07-19 00:10:00,363] {logging_mixin.py:104} INFO - [2021-07-19 00:10:00,363] {dag.py:2306} INFO - Setting next_dagrun for example_external_task_marker_parent to None
[2021-07-19 00:10:00,469] {scheduler_job.py:189} INFO - Processing /home/airflow/.local/lib/python3.6/site-packages/airflow/example_dags/example_external_task_marker_dag.py took 0.283 seconds
[2021-07-19 00:10:31,185] {scheduler_job.py:181} INFO - Started process (PID=1707) to work on /home/airflow/.local/lib/python3.6/site-packages/airflow/example_dags/example_external_task_marker_dag.py
[2021-07-19 00:10:31,187] {scheduler_job.py:632} INFO - Processing file /home/airflow/.local/lib/python3.6/site-packages/airflow/example_dags/example_external_task_marker_dag.py for tasks to queue
[2021-07-19 00:10:31,188] {logging_mixin.py:104} INFO - [2021-07-19 00:10:31,188] {dagbag.py:496} INFO - Filling up the DagBag from /home/airflow/.local/lib/python3.6/site-packages/airflow/example_dags/example_external_task_marker_dag.py
[2021-07-19 00:10:31,204] {scheduler_job.py:642} INFO - DAG(s) dict_keys(['example_external_task_marker_parent', 'example_external_task_marker_child']) retrieved from /home/airflow/.local/lib/python3.6/site-packages/airflow/example_dags/example_external_task_marker_dag.py
[2021-07-19 00:10:31,522] {logging_mixin.py:104} INFO - [2021-07-19 00:10:31,522] {dag.py:1833} INFO - Sync 2 DAGs
[2021-07-19 00:10:31,542] {logging_mixin.py:104} INFO - [2021-07-19 00:10:31,541] {dag.py:2306} INFO - Setting next_dagrun for example_external_task_marker_child to None
[2021-07-19 00:10:31,544] {logging_mixin.py:104} INFO - [2021-07-19 00:10:31,544] {dag.py:2306} INFO - Setting next_dagrun for example_external_task_marker_parent to None
[2021-07-19 00:10:31,693] {scheduler_job.py:189} INFO - Processing /home/airflow/.local/lib/python3.6/site-packages/airflow/example_dags/example_external_task_marker_dag.py took 0.513 seconds
[2021-07-19 00:11:02,054] {scheduler_job.py:181} INFO - Started process (PID=1762) to work on /home/airflow/.local/lib/python3.6/site-packages/airflow/example_dags/example_external_task_marker_dag.py
[2021-07-19 00:11:02,056] {scheduler_job.py:632} INFO - Processing file /home/airflow/.local/lib/python3.6/site-packages/airflow/example_dags/example_external_task_marker_dag.py for tasks to queue
[2021-07-19 00:11:02,057] {logging_mixin.py:104} INFO - [2021-07-19 00:11:02,057] {dagbag.py:496} INFO - Filling up the DagBag from /home/airflow/.local/lib/python3.6/site-packages/airflow/example_dags/example_external_task_marker_dag.py
[2021-07-19 00:11:02,076] {scheduler_job.py:642} INFO - DAG(s) dict_keys(['example_external_task_marker_parent', 'example_external_task_marker_child']) retrieved from /home/airflow/.local/lib/python3.6/site-packages/airflow/example_dags/example_external_task_marker_dag.py
[2021-07-19 00:11:02,387] {logging_mixin.py:104} INFO - [2021-07-19 00:11:02,387] {dag.py:1833} INFO - Sync 2 DAGs
[2021-07-19 00:11:02,409] {logging_mixin.py:104} INFO - [2021-07-19 00:11:02,409] {dag.py:2306} INFO - Setting next_dagrun for example_external_task_marker_child to None
[2021-07-19 00:11:02,410] {logging_mixin.py:104} INFO - [2021-07-19 00:11:02,410] {dag.py:2306} INFO - Setting next_dagrun for example_external_task_marker_parent to None
[2021-07-19 00:11:02,573] {scheduler_job.py:189} INFO - Processing /home/airflow/.local/lib/python3.6/site-packages/airflow/example_dags/example_external_task_marker_dag.py took 0.523 seconds
[2021-07-19 00:11:33,757] {scheduler_job.py:181} INFO - Started process (PID=1819) to work on /home/airflow/.local/lib/python3.6/site-packages/airflow/example_dags/example_external_task_marker_dag.py
[2021-07-19 00:11:33,764] {scheduler_job.py:632} INFO - Processing file /home/airflow/.local/lib/python3.6/site-packages/airflow/example_dags/example_external_task_marker_dag.py for tasks to queue
[2021-07-19 00:11:33,766] {logging_mixin.py:104} INFO - [2021-07-19 00:11:33,766] {dagbag.py:496} INFO - Filling up the DagBag from /home/airflow/.local/lib/python3.6/site-packages/airflow/example_dags/example_external_task_marker_dag.py
[2021-07-19 00:11:33,792] {scheduler_job.py:642} INFO - DAG(s) dict_keys(['example_external_task_marker_parent', 'example_external_task_marker_child']) retrieved from /home/airflow/.local/lib/python3.6/site-packages/airflow/example_dags/example_external_task_marker_dag.py
[2021-07-19 00:11:34,164] {logging_mixin.py:104} INFO - [2021-07-19 00:11:34,164] {dag.py:1833} INFO - Sync 2 DAGs
[2021-07-19 00:11:34,189] {logging_mixin.py:104} INFO - [2021-07-19 00:11:34,188] {dag.py:2306} INFO - Setting next_dagrun for example_external_task_marker_child to None
[2021-07-19 00:11:34,190] {logging_mixin.py:104} INFO - [2021-07-19 00:11:34,190] {dag.py:2306} INFO - Setting next_dagrun for example_external_task_marker_parent to None
[2021-07-19 00:11:34,321] {scheduler_job.py:189} INFO - Processing /home/airflow/.local/lib/python3.6/site-packages/airflow/example_dags/example_external_task_marker_dag.py took 0.577 seconds
[2021-07-19 00:12:04,778] {scheduler_job.py:181} INFO - Started process (PID=1888) to work on /home/airflow/.local/lib/python3.6/site-packages/airflow/example_dags/example_external_task_marker_dag.py
[2021-07-19 00:12:04,780] {scheduler_job.py:632} INFO - Processing file /home/airflow/.local/lib/python3.6/site-packages/airflow/example_dags/example_external_task_marker_dag.py for tasks to queue
[2021-07-19 00:12:04,782] {logging_mixin.py:104} INFO - [2021-07-19 00:12:04,782] {dagbag.py:496} INFO - Filling up the DagBag from /home/airflow/.local/lib/python3.6/site-packages/airflow/example_dags/example_external_task_marker_dag.py
[2021-07-19 00:12:04,799] {scheduler_job.py:642} INFO - DAG(s) dict_keys(['example_external_task_marker_parent', 'example_external_task_marker_child']) retrieved from /home/airflow/.local/lib/python3.6/site-packages/airflow/example_dags/example_external_task_marker_dag.py
[2021-07-19 00:12:05,160] {logging_mixin.py:104} INFO - [2021-07-19 00:12:05,160] {dag.py:1833} INFO - Sync 2 DAGs
[2021-07-19 00:12:05,186] {logging_mixin.py:104} INFO - [2021-07-19 00:12:05,185] {dag.py:2306} INFO - Setting next_dagrun for example_external_task_marker_child to None
[2021-07-19 00:12:05,187] {logging_mixin.py:104} INFO - [2021-07-19 00:12:05,187] {dag.py:2306} INFO - Setting next_dagrun for example_external_task_marker_parent to None
[2021-07-19 00:12:05,259] {scheduler_job.py:189} INFO - Processing /home/airflow/.local/lib/python3.6/site-packages/airflow/example_dags/example_external_task_marker_dag.py took 0.487 seconds
[2021-07-19 00:12:35,503] {scheduler_job.py:181} INFO - Started process (PID=1941) to work on /home/airflow/.local/lib/python3.6/site-packages/airflow/example_dags/example_external_task_marker_dag.py
[2021-07-19 00:12:35,507] {scheduler_job.py:632} INFO - Processing file /home/airflow/.local/lib/python3.6/site-packages/airflow/example_dags/example_external_task_marker_dag.py for tasks to queue
[2021-07-19 00:12:35,509] {logging_mixin.py:104} INFO - [2021-07-19 00:12:35,509] {dagbag.py:496} INFO - Filling up the DagBag from /home/airflow/.local/lib/python3.6/site-packages/airflow/example_dags/example_external_task_marker_dag.py
[2021-07-19 00:12:35,553] {scheduler_job.py:642} INFO - DAG(s) dict_keys(['example_external_task_marker_parent', 'example_external_task_marker_child']) retrieved from /home/airflow/.local/lib/python3.6/site-packages/airflow/example_dags/example_external_task_marker_dag.py
[2021-07-19 00:12:35,604] {logging_mixin.py:104} INFO - [2021-07-19 00:12:35,603] {dag.py:1833} INFO - Sync 2 DAGs
[2021-07-19 00:12:35,633] {logging_mixin.py:104} INFO - [2021-07-19 00:12:35,633] {dag.py:2306} INFO - Setting next_dagrun for example_external_task_marker_child to None
[2021-07-19 00:12:35,635] {logging_mixin.py:104} INFO - [2021-07-19 00:12:35,635] {dag.py:2306} INFO - Setting next_dagrun for example_external_task_marker_parent to None
[2021-07-19 00:12:35,958] {scheduler_job.py:189} INFO - Processing /home/airflow/.local/lib/python3.6/site-packages/airflow/example_dags/example_external_task_marker_dag.py took 0.463 seconds
[2021-07-19 00:13:06,471] {scheduler_job.py:181} INFO - Started process (PID=1998) to work on /home/airflow/.local/lib/python3.6/site-packages/airflow/example_dags/example_external_task_marker_dag.py
[2021-07-19 00:13:06,476] {scheduler_job.py:632} INFO - Processing file /home/airflow/.local/lib/python3.6/site-packages/airflow/example_dags/example_external_task_marker_dag.py for tasks to queue
[2021-07-19 00:13:06,480] {logging_mixin.py:104} INFO - [2021-07-19 00:13:06,479] {dagbag.py:496} INFO - Filling up the DagBag from /home/airflow/.local/lib/python3.6/site-packages/airflow/example_dags/example_external_task_marker_dag.py
[2021-07-19 00:13:06,534] {scheduler_job.py:642} INFO - DAG(s) dict_keys(['example_external_task_marker_parent', 'example_external_task_marker_child']) retrieved from /home/airflow/.local/lib/python3.6/site-packages/airflow/example_dags/example_external_task_marker_dag.py
[2021-07-19 00:13:06,586] {logging_mixin.py:104} INFO - [2021-07-19 00:13:06,586] {dag.py:1833} INFO - Sync 2 DAGs
[2021-07-19 00:13:06,625] {logging_mixin.py:104} INFO - [2021-07-19 00:13:06,625] {dag.py:2306} INFO - Setting next_dagrun for example_external_task_marker_child to None
[2021-07-19 00:13:06,627] {logging_mixin.py:104} INFO - [2021-07-19 00:13:06,627] {dag.py:2306} INFO - Setting next_dagrun for example_external_task_marker_parent to None
[2021-07-19 00:13:06,789] {scheduler_job.py:189} INFO - Processing /home/airflow/.local/lib/python3.6/site-packages/airflow/example_dags/example_external_task_marker_dag.py took 0.332 seconds
[2021-07-19 00:13:37,145] {scheduler_job.py:181} INFO - Started process (PID=2070) to work on /home/airflow/.local/lib/python3.6/site-packages/airflow/example_dags/example_external_task_marker_dag.py
[2021-07-19 00:13:37,153] {scheduler_job.py:632} INFO - Processing file /home/airflow/.local/lib/python3.6/site-packages/airflow/example_dags/example_external_task_marker_dag.py for tasks to queue
[2021-07-19 00:13:37,156] {logging_mixin.py:104} INFO - [2021-07-19 00:13:37,155] {dagbag.py:496} INFO - Filling up the DagBag from /home/airflow/.local/lib/python3.6/site-packages/airflow/example_dags/example_external_task_marker_dag.py
[2021-07-19 00:13:37,181] {scheduler_job.py:642} INFO - DAG(s) dict_keys(['example_external_task_marker_parent', 'example_external_task_marker_child']) retrieved from /home/airflow/.local/lib/python3.6/site-packages/airflow/example_dags/example_external_task_marker_dag.py
[2021-07-19 00:13:37,212] {logging_mixin.py:104} INFO - [2021-07-19 00:13:37,212] {dag.py:1833} INFO - Sync 2 DAGs
[2021-07-19 00:13:37,233] {logging_mixin.py:104} INFO - [2021-07-19 00:13:37,233] {dag.py:2306} INFO - Setting next_dagrun for example_external_task_marker_child to None
[2021-07-19 00:13:37,235] {logging_mixin.py:104} INFO - [2021-07-19 00:13:37,235] {dag.py:2306} INFO - Setting next_dagrun for example_external_task_marker_parent to None
[2021-07-19 00:13:37,374] {scheduler_job.py:189} INFO - Processing /home/airflow/.local/lib/python3.6/site-packages/airflow/example_dags/example_external_task_marker_dag.py took 0.234 seconds
[2021-07-19 00:14:09,464] {scheduler_job.py:181} INFO - Started process (PID=2126) to work on /home/airflow/.local/lib/python3.6/site-packages/airflow/example_dags/example_external_task_marker_dag.py
[2021-07-19 00:14:09,466] {scheduler_job.py:632} INFO - Processing file /home/airflow/.local/lib/python3.6/site-packages/airflow/example_dags/example_external_task_marker_dag.py for tasks to queue
[2021-07-19 00:14:09,467] {logging_mixin.py:104} INFO - [2021-07-19 00:14:09,467] {dagbag.py:496} INFO - Filling up the DagBag from /home/airflow/.local/lib/python3.6/site-packages/airflow/example_dags/example_external_task_marker_dag.py
[2021-07-19 00:14:09,485] {scheduler_job.py:642} INFO - DAG(s) dict_keys(['example_external_task_marker_parent', 'example_external_task_marker_child']) retrieved from /home/airflow/.local/lib/python3.6/site-packages/airflow/example_dags/example_external_task_marker_dag.py
[2021-07-19 00:14:09,555] {logging_mixin.py:104} INFO - [2021-07-19 00:14:09,555] {dag.py:1833} INFO - Sync 2 DAGs
[2021-07-19 00:14:09,574] {logging_mixin.py:104} INFO - [2021-07-19 00:14:09,574] {dag.py:2306} INFO - Setting next_dagrun for example_external_task_marker_child to None
[2021-07-19 00:14:09,575] {logging_mixin.py:104} INFO - [2021-07-19 00:14:09,575] {dag.py:2306} INFO - Setting next_dagrun for example_external_task_marker_parent to None
[2021-07-19 00:14:09,766] {scheduler_job.py:189} INFO - Processing /home/airflow/.local/lib/python3.6/site-packages/airflow/example_dags/example_external_task_marker_dag.py took 0.308 seconds
[2021-07-19 00:14:41,638] {scheduler_job.py:181} INFO - Started process (PID=2184) to work on /home/airflow/.local/lib/python3.6/site-packages/airflow/example_dags/example_external_task_marker_dag.py
[2021-07-19 00:14:41,843] {scheduler_job.py:632} INFO - Processing file /home/airflow/.local/lib/python3.6/site-packages/airflow/example_dags/example_external_task_marker_dag.py for tasks to queue
[2021-07-19 00:14:41,847] {logging_mixin.py:104} INFO - [2021-07-19 00:14:41,846] {dagbag.py:496} INFO - Filling up the DagBag from /home/airflow/.local/lib/python3.6/site-packages/airflow/example_dags/example_external_task_marker_dag.py
[2021-07-19 00:14:41,920] {scheduler_job.py:642} INFO - DAG(s) dict_keys(['example_external_task_marker_parent', 'example_external_task_marker_child']) retrieved from /home/airflow/.local/lib/python3.6/site-packages/airflow/example_dags/example_external_task_marker_dag.py
[2021-07-19 00:14:41,990] {logging_mixin.py:104} INFO - [2021-07-19 00:14:41,990] {dag.py:1833} INFO - Sync 2 DAGs
[2021-07-19 00:14:42,028] {logging_mixin.py:104} INFO - [2021-07-19 00:14:42,028] {dag.py:2306} INFO - Setting next_dagrun for example_external_task_marker_child to None
[2021-07-19 00:14:42,030] {logging_mixin.py:104} INFO - [2021-07-19 00:14:42,030] {dag.py:2306} INFO - Setting next_dagrun for example_external_task_marker_parent to None
[2021-07-19 00:14:42,217] {scheduler_job.py:189} INFO - Processing /home/airflow/.local/lib/python3.6/site-packages/airflow/example_dags/example_external_task_marker_dag.py took 0.582 seconds
[2021-07-19 00:15:12,414] {scheduler_job.py:181} INFO - Started process (PID=2241) to work on /home/airflow/.local/lib/python3.6/site-packages/airflow/example_dags/example_external_task_marker_dag.py
[2021-07-19 00:15:12,417] {scheduler_job.py:632} INFO - Processing file /home/airflow/.local/lib/python3.6/site-packages/airflow/example_dags/example_external_task_marker_dag.py for tasks to queue
[2021-07-19 00:15:12,419] {logging_mixin.py:104} INFO - [2021-07-19 00:15:12,418] {dagbag.py:496} INFO - Filling up the DagBag from /home/airflow/.local/lib/python3.6/site-packages/airflow/example_dags/example_external_task_marker_dag.py
[2021-07-19 00:15:12,433] {scheduler_job.py:642} INFO - DAG(s) dict_keys(['example_external_task_marker_parent', 'example_external_task_marker_child']) retrieved from /home/airflow/.local/lib/python3.6/site-packages/airflow/example_dags/example_external_task_marker_dag.py
[2021-07-19 00:15:12,464] {logging_mixin.py:104} INFO - [2021-07-19 00:15:12,463] {dag.py:1833} INFO - Sync 2 DAGs
[2021-07-19 00:15:12,484] {logging_mixin.py:104} INFO - [2021-07-19 00:15:12,484] {dag.py:2306} INFO - Setting next_dagrun for example_external_task_marker_child to None
[2021-07-19 00:15:12,486] {logging_mixin.py:104} INFO - [2021-07-19 00:15:12,485] {dag.py:2306} INFO - Setting next_dagrun for example_external_task_marker_parent to None
[2021-07-19 00:15:12,544] {scheduler_job.py:189} INFO - Processing /home/airflow/.local/lib/python3.6/site-packages/airflow/example_dags/example_external_task_marker_dag.py took 0.133 seconds
[2021-07-19 00:15:42,817] {scheduler_job.py:181} INFO - Started process (PID=2307) to work on /home/airflow/.local/lib/python3.6/site-packages/airflow/example_dags/example_external_task_marker_dag.py
[2021-07-19 00:15:42,820] {scheduler_job.py:632} INFO - Processing file /home/airflow/.local/lib/python3.6/site-packages/airflow/example_dags/example_external_task_marker_dag.py for tasks to queue
[2021-07-19 00:15:42,822] {logging_mixin.py:104} INFO - [2021-07-19 00:15:42,822] {dagbag.py:496} INFO - Filling up the DagBag from /home/airflow/.local/lib/python3.6/site-packages/airflow/example_dags/example_external_task_marker_dag.py
[2021-07-19 00:15:42,838] {scheduler_job.py:642} INFO - DAG(s) dict_keys(['example_external_task_marker_parent', 'example_external_task_marker_child']) retrieved from /home/airflow/.local/lib/python3.6/site-packages/airflow/example_dags/example_external_task_marker_dag.py
[2021-07-19 00:15:42,870] {logging_mixin.py:104} INFO - [2021-07-19 00:15:42,870] {dag.py:1833} INFO - Sync 2 DAGs
[2021-07-19 00:15:42,894] {logging_mixin.py:104} INFO - [2021-07-19 00:15:42,894] {dag.py:2306} INFO - Setting next_dagrun for example_external_task_marker_child to None
[2021-07-19 00:15:42,896] {logging_mixin.py:104} INFO - [2021-07-19 00:15:42,896] {dag.py:2306} INFO - Setting next_dagrun for example_external_task_marker_parent to None
[2021-07-19 00:15:42,946] {scheduler_job.py:189} INFO - Processing /home/airflow/.local/lib/python3.6/site-packages/airflow/example_dags/example_external_task_marker_dag.py took 0.134 seconds
[2021-07-19 00:16:13,867] {scheduler_job.py:181} INFO - Started process (PID=2364) to work on /home/airflow/.local/lib/python3.6/site-packages/airflow/example_dags/example_external_task_marker_dag.py
[2021-07-19 00:16:13,869] {scheduler_job.py:632} INFO - Processing file /home/airflow/.local/lib/python3.6/site-packages/airflow/example_dags/example_external_task_marker_dag.py for tasks to queue
[2021-07-19 00:16:13,870] {logging_mixin.py:104} INFO - [2021-07-19 00:16:13,870] {dagbag.py:496} INFO - Filling up the DagBag from /home/airflow/.local/lib/python3.6/site-packages/airflow/example_dags/example_external_task_marker_dag.py
[2021-07-19 00:16:13,887] {scheduler_job.py:642} INFO - DAG(s) dict_keys(['example_external_task_marker_parent', 'example_external_task_marker_child']) retrieved from /home/airflow/.local/lib/python3.6/site-packages/airflow/example_dags/example_external_task_marker_dag.py
[2021-07-19 00:16:14,177] {logging_mixin.py:104} INFO - [2021-07-19 00:16:14,177] {dag.py:1833} INFO - Sync 2 DAGs
[2021-07-19 00:16:14,199] {logging_mixin.py:104} INFO - [2021-07-19 00:16:14,198] {dag.py:2306} INFO - Setting next_dagrun for example_external_task_marker_child to None
[2021-07-19 00:16:14,200] {logging_mixin.py:104} INFO - [2021-07-19 00:16:14,200] {dag.py:2306} INFO - Setting next_dagrun for example_external_task_marker_parent to None
[2021-07-19 00:16:14,240] {scheduler_job.py:189} INFO - Processing /home/airflow/.local/lib/python3.6/site-packages/airflow/example_dags/example_external_task_marker_dag.py took 0.377 seconds
[2021-07-19 00:16:44,398] {scheduler_job.py:181} INFO - Started process (PID=2434) to work on /home/airflow/.local/lib/python3.6/site-packages/airflow/example_dags/example_external_task_marker_dag.py
[2021-07-19 00:16:44,401] {scheduler_job.py:632} INFO - Processing file /home/airflow/.local/lib/python3.6/site-packages/airflow/example_dags/example_external_task_marker_dag.py for tasks to queue
[2021-07-19 00:16:44,402] {logging_mixin.py:104} INFO - [2021-07-19 00:16:44,402] {dagbag.py:496} INFO - Filling up the DagBag from /home/airflow/.local/lib/python3.6/site-packages/airflow/example_dags/example_external_task_marker_dag.py
[2021-07-19 00:16:44,420] {scheduler_job.py:642} INFO - DAG(s) dict_keys(['example_external_task_marker_parent', 'example_external_task_marker_child']) retrieved from /home/airflow/.local/lib/python3.6/site-packages/airflow/example_dags/example_external_task_marker_dag.py
[2021-07-19 00:16:44,753] {logging_mixin.py:104} INFO - [2021-07-19 00:16:44,753] {dag.py:1833} INFO - Sync 2 DAGs
[2021-07-19 00:16:44,774] {logging_mixin.py:104} INFO - [2021-07-19 00:16:44,774] {dag.py:2306} INFO - Setting next_dagrun for example_external_task_marker_child to None
[2021-07-19 00:16:44,775] {logging_mixin.py:104} INFO - [2021-07-19 00:16:44,775] {dag.py:2306} INFO - Setting next_dagrun for example_external_task_marker_parent to None
[2021-07-19 00:16:44,942] {scheduler_job.py:189} INFO - Processing /home/airflow/.local/lib/python3.6/site-packages/airflow/example_dags/example_external_task_marker_dag.py took 0.548 seconds
[2021-07-19 00:17:16,091] {scheduler_job.py:181} INFO - Started process (PID=2491) to work on /home/airflow/.local/lib/python3.6/site-packages/airflow/example_dags/example_external_task_marker_dag.py
[2021-07-19 00:17:16,094] {scheduler_job.py:632} INFO - Processing file /home/airflow/.local/lib/python3.6/site-packages/airflow/example_dags/example_external_task_marker_dag.py for tasks to queue
[2021-07-19 00:17:16,095] {logging_mixin.py:104} INFO - [2021-07-19 00:17:16,095] {dagbag.py:496} INFO - Filling up the DagBag from /home/airflow/.local/lib/python3.6/site-packages/airflow/example_dags/example_external_task_marker_dag.py
[2021-07-19 00:17:16,114] {scheduler_job.py:642} INFO - DAG(s) dict_keys(['example_external_task_marker_parent', 'example_external_task_marker_child']) retrieved from /home/airflow/.local/lib/python3.6/site-packages/airflow/example_dags/example_external_task_marker_dag.py
[2021-07-19 00:17:16,149] {logging_mixin.py:104} INFO - [2021-07-19 00:17:16,148] {dag.py:1833} INFO - Sync 2 DAGs
[2021-07-19 00:17:16,178] {logging_mixin.py:104} INFO - [2021-07-19 00:17:16,178] {dag.py:2306} INFO - Setting next_dagrun for example_external_task_marker_child to None
[2021-07-19 00:17:16,180] {logging_mixin.py:104} INFO - [2021-07-19 00:17:16,180] {dag.py:2306} INFO - Setting next_dagrun for example_external_task_marker_parent to None
[2021-07-19 00:17:16,416] {scheduler_job.py:189} INFO - Processing /home/airflow/.local/lib/python3.6/site-packages/airflow/example_dags/example_external_task_marker_dag.py took 0.331 seconds
[2021-07-19 00:17:46,619] {scheduler_job.py:181} INFO - Started process (PID=2548) to work on /home/airflow/.local/lib/python3.6/site-packages/airflow/example_dags/example_external_task_marker_dag.py
[2021-07-19 00:17:46,622] {scheduler_job.py:632} INFO - Processing file /home/airflow/.local/lib/python3.6/site-packages/airflow/example_dags/example_external_task_marker_dag.py for tasks to queue
[2021-07-19 00:17:46,643] {logging_mixin.py:104} INFO - [2021-07-19 00:17:46,643] {dagbag.py:496} INFO - Filling up the DagBag from /home/airflow/.local/lib/python3.6/site-packages/airflow/example_dags/example_external_task_marker_dag.py
[2021-07-19 00:17:46,682] {scheduler_job.py:642} INFO - DAG(s) dict_keys(['example_external_task_marker_parent', 'example_external_task_marker_child']) retrieved from /home/airflow/.local/lib/python3.6/site-packages/airflow/example_dags/example_external_task_marker_dag.py
[2021-07-19 00:17:46,981] {logging_mixin.py:104} INFO - [2021-07-19 00:17:46,981] {dag.py:1833} INFO - Sync 2 DAGs
[2021-07-19 00:17:46,998] {logging_mixin.py:104} INFO - [2021-07-19 00:17:46,998] {dag.py:2306} INFO - Setting next_dagrun for example_external_task_marker_child to None
[2021-07-19 00:17:46,999] {logging_mixin.py:104} INFO - [2021-07-19 00:17:46,999] {dag.py:2306} INFO - Setting next_dagrun for example_external_task_marker_parent to None
[2021-07-19 00:17:47,097] {scheduler_job.py:189} INFO - Processing /home/airflow/.local/lib/python3.6/site-packages/airflow/example_dags/example_external_task_marker_dag.py took 0.487 seconds
[2021-07-19 00:18:18,725] {scheduler_job.py:181} INFO - Started process (PID=2605) to work on /home/airflow/.local/lib/python3.6/site-packages/airflow/example_dags/example_external_task_marker_dag.py
[2021-07-19 00:18:18,727] {scheduler_job.py:632} INFO - Processing file /home/airflow/.local/lib/python3.6/site-packages/airflow/example_dags/example_external_task_marker_dag.py for tasks to queue
[2021-07-19 00:18:18,728] {logging_mixin.py:104} INFO - [2021-07-19 00:18:18,728] {dagbag.py:496} INFO - Filling up the DagBag from /home/airflow/.local/lib/python3.6/site-packages/airflow/example_dags/example_external_task_marker_dag.py
[2021-07-19 00:18:18,742] {scheduler_job.py:642} INFO - DAG(s) dict_keys(['example_external_task_marker_parent', 'example_external_task_marker_child']) retrieved from /home/airflow/.local/lib/python3.6/site-packages/airflow/example_dags/example_external_task_marker_dag.py
[2021-07-19 00:18:18,772] {logging_mixin.py:104} INFO - [2021-07-19 00:18:18,771] {dag.py:1833} INFO - Sync 2 DAGs
[2021-07-19 00:18:18,790] {logging_mixin.py:104} INFO - [2021-07-19 00:18:18,790] {dag.py:2306} INFO - Setting next_dagrun for example_external_task_marker_child to None
[2021-07-19 00:18:18,791] {logging_mixin.py:104} INFO - [2021-07-19 00:18:18,791] {dag.py:2306} INFO - Setting next_dagrun for example_external_task_marker_parent to None
[2021-07-19 00:18:19,234] {scheduler_job.py:189} INFO - Processing /home/airflow/.local/lib/python3.6/site-packages/airflow/example_dags/example_external_task_marker_dag.py took 0.512 seconds
[2021-07-19 00:18:49,975] {scheduler_job.py:181} INFO - Started process (PID=2660) to work on /home/airflow/.local/lib/python3.6/site-packages/airflow/example_dags/example_external_task_marker_dag.py
[2021-07-19 00:18:49,977] {scheduler_job.py:632} INFO - Processing file /home/airflow/.local/lib/python3.6/site-packages/airflow/example_dags/example_external_task_marker_dag.py for tasks to queue
[2021-07-19 00:18:49,979] {logging_mixin.py:104} INFO - [2021-07-19 00:18:49,978] {dagbag.py:496} INFO - Filling up the DagBag from /home/airflow/.local/lib/python3.6/site-packages/airflow/example_dags/example_external_task_marker_dag.py
[2021-07-19 00:18:49,993] {scheduler_job.py:642} INFO - DAG(s) dict_keys(['example_external_task_marker_parent', 'example_external_task_marker_child']) retrieved from /home/airflow/.local/lib/python3.6/site-packages/airflow/example_dags/example_external_task_marker_dag.py
[2021-07-19 00:18:50,293] {logging_mixin.py:104} INFO - [2021-07-19 00:18:50,293] {dag.py:1833} INFO - Sync 2 DAGs
[2021-07-19 00:18:50,309] {logging_mixin.py:104} INFO - [2021-07-19 00:18:50,309] {dag.py:2306} INFO - Setting next_dagrun for example_external_task_marker_child to None
[2021-07-19 00:18:50,310] {logging_mixin.py:104} INFO - [2021-07-19 00:18:50,310] {dag.py:2306} INFO - Setting next_dagrun for example_external_task_marker_parent to None
[2021-07-19 00:18:50,716] {scheduler_job.py:189} INFO - Processing /home/airflow/.local/lib/python3.6/site-packages/airflow/example_dags/example_external_task_marker_dag.py took 0.745 seconds
[2021-07-19 00:19:21,196] {scheduler_job.py:181} INFO - Started process (PID=2715) to work on /home/airflow/.local/lib/python3.6/site-packages/airflow/example_dags/example_external_task_marker_dag.py
[2021-07-19 00:19:21,199] {scheduler_job.py:632} INFO - Processing file /home/airflow/.local/lib/python3.6/site-packages/airflow/example_dags/example_external_task_marker_dag.py for tasks to queue
[2021-07-19 00:19:21,200] {logging_mixin.py:104} INFO - [2021-07-19 00:19:21,200] {dagbag.py:496} INFO - Filling up the DagBag from /home/airflow/.local/lib/python3.6/site-packages/airflow/example_dags/example_external_task_marker_dag.py
[2021-07-19 00:19:21,216] {scheduler_job.py:642} INFO - DAG(s) dict_keys(['example_external_task_marker_parent', 'example_external_task_marker_child']) retrieved from /home/airflow/.local/lib/python3.6/site-packages/airflow/example_dags/example_external_task_marker_dag.py
[2021-07-19 00:19:21,248] {logging_mixin.py:104} INFO - [2021-07-19 00:19:21,248] {dag.py:1833} INFO - Sync 2 DAGs
[2021-07-19 00:19:21,275] {logging_mixin.py:104} INFO - [2021-07-19 00:19:21,275] {dag.py:2306} INFO - Setting next_dagrun for example_external_task_marker_child to None
[2021-07-19 00:19:21,277] {logging_mixin.py:104} INFO - [2021-07-19 00:19:21,277] {dag.py:2306} INFO - Setting next_dagrun for example_external_task_marker_parent to None
[2021-07-19 00:19:21,575] {scheduler_job.py:189} INFO - Processing /home/airflow/.local/lib/python3.6/site-packages/airflow/example_dags/example_external_task_marker_dag.py took 0.387 seconds
[2021-07-19 00:19:52,604] {scheduler_job.py:181} INFO - Started process (PID=2783) to work on /home/airflow/.local/lib/python3.6/site-packages/airflow/example_dags/example_external_task_marker_dag.py
[2021-07-19 00:19:52,606] {scheduler_job.py:632} INFO - Processing file /home/airflow/.local/lib/python3.6/site-packages/airflow/example_dags/example_external_task_marker_dag.py for tasks to queue
[2021-07-19 00:19:52,608] {logging_mixin.py:104} INFO - [2021-07-19 00:19:52,608] {dagbag.py:496} INFO - Filling up the DagBag from /home/airflow/.local/lib/python3.6/site-packages/airflow/example_dags/example_external_task_marker_dag.py
[2021-07-19 00:19:52,626] {scheduler_job.py:642} INFO - DAG(s) dict_keys(['example_external_task_marker_parent', 'example_external_task_marker_child']) retrieved from /home/airflow/.local/lib/python3.6/site-packages/airflow/example_dags/example_external_task_marker_dag.py
[2021-07-19 00:19:52,669] {logging_mixin.py:104} INFO - [2021-07-19 00:19:52,668] {dag.py:1833} INFO - Sync 2 DAGs
[2021-07-19 00:19:52,698] {logging_mixin.py:104} INFO - [2021-07-19 00:19:52,698] {dag.py:2306} INFO - Setting next_dagrun for example_external_task_marker_child to None
[2021-07-19 00:19:52,699] {logging_mixin.py:104} INFO - [2021-07-19 00:19:52,699] {dag.py:2306} INFO - Setting next_dagrun for example_external_task_marker_parent to None
[2021-07-19 00:19:53,037] {scheduler_job.py:189} INFO - Processing /home/airflow/.local/lib/python3.6/site-packages/airflow/example_dags/example_external_task_marker_dag.py took 0.437 seconds
[2021-07-19 00:20:23,374] {scheduler_job.py:181} INFO - Started process (PID=2840) to work on /home/airflow/.local/lib/python3.6/site-packages/airflow/example_dags/example_external_task_marker_dag.py
[2021-07-19 00:20:23,380] {scheduler_job.py:632} INFO - Processing file /home/airflow/.local/lib/python3.6/site-packages/airflow/example_dags/example_external_task_marker_dag.py for tasks to queue
[2021-07-19 00:20:23,385] {logging_mixin.py:104} INFO - [2021-07-19 00:20:23,384] {dagbag.py:496} INFO - Filling up the DagBag from /home/airflow/.local/lib/python3.6/site-packages/airflow/example_dags/example_external_task_marker_dag.py
[2021-07-19 00:20:23,409] {scheduler_job.py:642} INFO - DAG(s) dict_keys(['example_external_task_marker_parent', 'example_external_task_marker_child']) retrieved from /home/airflow/.local/lib/python3.6/site-packages/airflow/example_dags/example_external_task_marker_dag.py
[2021-07-19 00:20:23,444] {logging_mixin.py:104} INFO - [2021-07-19 00:20:23,444] {dag.py:1833} INFO - Sync 2 DAGs
[2021-07-19 00:20:23,465] {logging_mixin.py:104} INFO - [2021-07-19 00:20:23,464] {dag.py:2306} INFO - Setting next_dagrun for example_external_task_marker_child to None
[2021-07-19 00:20:23,466] {logging_mixin.py:104} INFO - [2021-07-19 00:20:23,466] {dag.py:2306} INFO - Setting next_dagrun for example_external_task_marker_parent to None
[2021-07-19 00:20:23,694] {scheduler_job.py:189} INFO - Processing /home/airflow/.local/lib/python3.6/site-packages/airflow/example_dags/example_external_task_marker_dag.py took 0.337 seconds
[2021-07-19 00:20:54,600] {scheduler_job.py:181} INFO - Started process (PID=2898) to work on /home/airflow/.local/lib/python3.6/site-packages/airflow/example_dags/example_external_task_marker_dag.py
[2021-07-19 00:20:54,602] {scheduler_job.py:632} INFO - Processing file /home/airflow/.local/lib/python3.6/site-packages/airflow/example_dags/example_external_task_marker_dag.py for tasks to queue
[2021-07-19 00:20:54,603] {logging_mixin.py:104} INFO - [2021-07-19 00:20:54,603] {dagbag.py:496} INFO - Filling up the DagBag from /home/airflow/.local/lib/python3.6/site-packages/airflow/example_dags/example_external_task_marker_dag.py
[2021-07-19 00:20:54,620] {scheduler_job.py:642} INFO - DAG(s) dict_keys(['example_external_task_marker_parent', 'example_external_task_marker_child']) retrieved from /home/airflow/.local/lib/python3.6/site-packages/airflow/example_dags/example_external_task_marker_dag.py
[2021-07-19 00:20:54,948] {logging_mixin.py:104} INFO - [2021-07-19 00:20:54,948] {dag.py:1833} INFO - Sync 2 DAGs
[2021-07-19 00:20:54,965] {logging_mixin.py:104} INFO - [2021-07-19 00:20:54,965] {dag.py:2306} INFO - Setting next_dagrun for example_external_task_marker_child to None
[2021-07-19 00:20:54,967] {logging_mixin.py:104} INFO - [2021-07-19 00:20:54,967] {dag.py:2306} INFO - Setting next_dagrun for example_external_task_marker_parent to None
[2021-07-19 00:20:55,634] {scheduler_job.py:189} INFO - Processing /home/airflow/.local/lib/python3.6/site-packages/airflow/example_dags/example_external_task_marker_dag.py took 1.038 seconds
[2021-07-19 00:21:26,488] {scheduler_job.py:181} INFO - Started process (PID=2954) to work on /home/airflow/.local/lib/python3.6/site-packages/airflow/example_dags/example_external_task_marker_dag.py
[2021-07-19 00:21:26,506] {scheduler_job.py:632} INFO - Processing file /home/airflow/.local/lib/python3.6/site-packages/airflow/example_dags/example_external_task_marker_dag.py for tasks to queue
[2021-07-19 00:21:26,509] {logging_mixin.py:104} INFO - [2021-07-19 00:21:26,509] {dagbag.py:496} INFO - Filling up the DagBag from /home/airflow/.local/lib/python3.6/site-packages/airflow/example_dags/example_external_task_marker_dag.py
[2021-07-19 00:21:26,559] {scheduler_job.py:642} INFO - DAG(s) dict_keys(['example_external_task_marker_parent', 'example_external_task_marker_child']) retrieved from /home/airflow/.local/lib/python3.6/site-packages/airflow/example_dags/example_external_task_marker_dag.py
[2021-07-19 00:21:26,852] {logging_mixin.py:104} INFO - [2021-07-19 00:21:26,852] {dag.py:1833} INFO - Sync 2 DAGs
[2021-07-19 00:21:26,868] {logging_mixin.py:104} INFO - [2021-07-19 00:21:26,868] {dag.py:2306} INFO - Setting next_dagrun for example_external_task_marker_child to None
[2021-07-19 00:21:26,870] {logging_mixin.py:104} INFO - [2021-07-19 00:21:26,870] {dag.py:2306} INFO - Setting next_dagrun for example_external_task_marker_parent to None
[2021-07-19 00:21:27,304] {scheduler_job.py:189} INFO - Processing /home/airflow/.local/lib/python3.6/site-packages/airflow/example_dags/example_external_task_marker_dag.py took 0.851 seconds
[2021-07-19 00:21:58,854] {scheduler_job.py:181} INFO - Started process (PID=3020) to work on /home/airflow/.local/lib/python3.6/site-packages/airflow/example_dags/example_external_task_marker_dag.py
[2021-07-19 00:21:58,856] {scheduler_job.py:632} INFO - Processing file /home/airflow/.local/lib/python3.6/site-packages/airflow/example_dags/example_external_task_marker_dag.py for tasks to queue
[2021-07-19 00:21:58,857] {logging_mixin.py:104} INFO - [2021-07-19 00:21:58,857] {dagbag.py:496} INFO - Filling up the DagBag from /home/airflow/.local/lib/python3.6/site-packages/airflow/example_dags/example_external_task_marker_dag.py
[2021-07-19 00:21:58,871] {scheduler_job.py:642} INFO - DAG(s) dict_keys(['example_external_task_marker_parent', 'example_external_task_marker_child']) retrieved from /home/airflow/.local/lib/python3.6/site-packages/airflow/example_dags/example_external_task_marker_dag.py
[2021-07-19 00:21:59,274] {logging_mixin.py:104} INFO - [2021-07-19 00:21:59,274] {dag.py:1833} INFO - Sync 2 DAGs
[2021-07-19 00:21:59,296] {logging_mixin.py:104} INFO - [2021-07-19 00:21:59,296] {dag.py:2306} INFO - Setting next_dagrun for example_external_task_marker_child to None
[2021-07-19 00:21:59,298] {logging_mixin.py:104} INFO - [2021-07-19 00:21:59,298] {dag.py:2306} INFO - Setting next_dagrun for example_external_task_marker_parent to None
[2021-07-19 00:21:59,748] {scheduler_job.py:189} INFO - Processing /home/airflow/.local/lib/python3.6/site-packages/airflow/example_dags/example_external_task_marker_dag.py took 0.899 seconds
[2021-07-19 00:22:29,791] {scheduler_job.py:181} INFO - Started process (PID=3078) to work on /home/airflow/.local/lib/python3.6/site-packages/airflow/example_dags/example_external_task_marker_dag.py
[2021-07-19 00:22:29,793] {scheduler_job.py:632} INFO - Processing file /home/airflow/.local/lib/python3.6/site-packages/airflow/example_dags/example_external_task_marker_dag.py for tasks to queue
[2021-07-19 00:22:29,795] {logging_mixin.py:104} INFO - [2021-07-19 00:22:29,795] {dagbag.py:496} INFO - Filling up the DagBag from /home/airflow/.local/lib/python3.6/site-packages/airflow/example_dags/example_external_task_marker_dag.py
[2021-07-19 00:22:29,814] {scheduler_job.py:642} INFO - DAG(s) dict_keys(['example_external_task_marker_parent', 'example_external_task_marker_child']) retrieved from /home/airflow/.local/lib/python3.6/site-packages/airflow/example_dags/example_external_task_marker_dag.py
[2021-07-19 00:22:30,110] {logging_mixin.py:104} INFO - [2021-07-19 00:22:30,110] {dag.py:1833} INFO - Sync 2 DAGs
[2021-07-19 00:22:30,128] {logging_mixin.py:104} INFO - [2021-07-19 00:22:30,128] {dag.py:2306} INFO - Setting next_dagrun for example_external_task_marker_child to None
[2021-07-19 00:22:30,129] {logging_mixin.py:104} INFO - [2021-07-19 00:22:30,129] {dag.py:2306} INFO - Setting next_dagrun for example_external_task_marker_parent to None
[2021-07-19 00:22:30,227] {scheduler_job.py:189} INFO - Processing /home/airflow/.local/lib/python3.6/site-packages/airflow/example_dags/example_external_task_marker_dag.py took 0.441 seconds
[2021-07-19 00:23:00,855] {scheduler_job.py:181} INFO - Started process (PID=3135) to work on /home/airflow/.local/lib/python3.6/site-packages/airflow/example_dags/example_external_task_marker_dag.py
[2021-07-19 00:23:00,857] {scheduler_job.py:632} INFO - Processing file /home/airflow/.local/lib/python3.6/site-packages/airflow/example_dags/example_external_task_marker_dag.py for tasks to queue
[2021-07-19 00:23:00,858] {logging_mixin.py:104} INFO - [2021-07-19 00:23:00,858] {dagbag.py:496} INFO - Filling up the DagBag from /home/airflow/.local/lib/python3.6/site-packages/airflow/example_dags/example_external_task_marker_dag.py
[2021-07-19 00:23:00,876] {scheduler_job.py:642} INFO - DAG(s) dict_keys(['example_external_task_marker_parent', 'example_external_task_marker_child']) retrieved from /home/airflow/.local/lib/python3.6/site-packages/airflow/example_dags/example_external_task_marker_dag.py
[2021-07-19 00:23:01,293] {logging_mixin.py:104} INFO - [2021-07-19 00:23:01,293] {dag.py:1833} INFO - Sync 2 DAGs
[2021-07-19 00:23:01,318] {logging_mixin.py:104} INFO - [2021-07-19 00:23:01,317] {dag.py:2306} INFO - Setting next_dagrun for example_external_task_marker_child to None
[2021-07-19 00:23:01,336] {logging_mixin.py:104} INFO - [2021-07-19 00:23:01,336] {dag.py:2306} INFO - Setting next_dagrun for example_external_task_marker_parent to None
[2021-07-19 00:23:01,823] {scheduler_job.py:189} INFO - Processing /home/airflow/.local/lib/python3.6/site-packages/airflow/example_dags/example_external_task_marker_dag.py took 0.973 seconds
[2021-07-19 00:23:35,137] {scheduler_job.py:181} INFO - Started process (PID=3191) to work on /home/airflow/.local/lib/python3.6/site-packages/airflow/example_dags/example_external_task_marker_dag.py
[2021-07-19 00:23:35,142] {scheduler_job.py:632} INFO - Processing file /home/airflow/.local/lib/python3.6/site-packages/airflow/example_dags/example_external_task_marker_dag.py for tasks to queue
[2021-07-19 00:23:35,143] {logging_mixin.py:104} INFO - [2021-07-19 00:23:35,143] {dagbag.py:496} INFO - Filling up the DagBag from /home/airflow/.local/lib/python3.6/site-packages/airflow/example_dags/example_external_task_marker_dag.py
[2021-07-19 00:23:35,158] {scheduler_job.py:642} INFO - DAG(s) dict_keys(['example_external_task_marker_parent', 'example_external_task_marker_child']) retrieved from /home/airflow/.local/lib/python3.6/site-packages/airflow/example_dags/example_external_task_marker_dag.py
[2021-07-19 00:23:35,435] {logging_mixin.py:104} INFO - [2021-07-19 00:23:35,435] {dag.py:1833} INFO - Sync 2 DAGs
[2021-07-19 00:23:35,453] {logging_mixin.py:104} INFO - [2021-07-19 00:23:35,453] {dag.py:2306} INFO - Setting next_dagrun for example_external_task_marker_child to None
[2021-07-19 00:23:35,454] {logging_mixin.py:104} INFO - [2021-07-19 00:23:35,454] {dag.py:2306} INFO - Setting next_dagrun for example_external_task_marker_parent to None
[2021-07-19 00:23:37,013] {scheduler_job.py:189} INFO - Processing /home/airflow/.local/lib/python3.6/site-packages/airflow/example_dags/example_external_task_marker_dag.py took 1.881 seconds
                                                                                                                                                                                                                                                                                                                                                                                                                                                                                                                                                                                                                                                                                                                                                                                                                                                                                                                                                                                                                                                                                                                                                                                                                                                                                                                                                                                                                                                                                                                                                                                                                                                                                                                                                                                                                                                                                                                                                                                                                                                                                                                                                                                                                                                                                                                                                                                                                                                                                                                                                                                                                                                                                                                                                                                                                                                                                                                                                                                                                                                                                                                                                                                                                                                                                                                                                                                                                                                                                                                                                                                                                                                                                                                                                                                                                                                                                                                                                                                                                                                                                                                                                                                                                                                                                                                                                                                                                                                                                                                                                                                                                                                                                                                                                                                                                                                                                                                                                                                                                                                                                                                                                                                                                                                                                                                                                                                                                                                                                                                                                                                                                                                                                                                                                                                                                                                                                                                                                                                                                                                                                                                                                                                                                                                                                                                                                                                                                                                                                                                                                                                                                                                                                                                                                                                                                                                                                                                                                                                                                                                                                                                                                                                                                                                                                                                                                                                                                                                                                                                                                                                                                                                                                                                                                                                                                                                                                                                                                                                                                                                                                                    