[2021-07-19 00:00:06,676] {scheduler_job.py:181} INFO - Started process (PID=474) to work on /home/airflow/.local/lib/python3.6/site-packages/airflow/example_dags/example_latest_only.py
[2021-07-19 00:00:06,683] {scheduler_job.py:632} INFO - Processing file /home/airflow/.local/lib/python3.6/site-packages/airflow/example_dags/example_latest_only.py for tasks to queue
[2021-07-19 00:00:06,684] {logging_mixin.py:104} INFO - [2021-07-19 00:00:06,684] {dagbag.py:496} INFO - Filling up the DagBag from /home/airflow/.local/lib/python3.6/site-packages/airflow/example_dags/example_latest_only.py
[2021-07-19 00:00:06,710] {scheduler_job.py:642} INFO - DAG(s) dict_keys(['latest_only']) retrieved from /home/airflow/.local/lib/python3.6/site-packages/airflow/example_dags/example_latest_only.py
[2021-07-19 00:00:07,385] {logging_mixin.py:104} INFO - [2021-07-19 00:00:07,384] {dag.py:1833} INFO - Sync 1 DAGs
[2021-07-19 00:00:07,421] {logging_mixin.py:104} INFO - [2021-07-19 00:00:07,421] {dag.py:2306} INFO - Setting next_dagrun for latest_only to 2021-07-17 00:00:00+00:00
[2021-07-19 00:00:07,586] {scheduler_job.py:189} INFO - Processing /home/airflow/.local/lib/python3.6/site-packages/airflow/example_dags/example_latest_only.py took 0.916 seconds
[2021-07-19 00:00:37,650] {scheduler_job.py:181} INFO - Started process (PID=531) to work on /home/airflow/.local/lib/python3.6/site-packages/airflow/example_dags/example_latest_only.py
[2021-07-19 00:00:37,653] {scheduler_job.py:632} INFO - Processing file /home/airflow/.local/lib/python3.6/site-packages/airflow/example_dags/example_latest_only.py for tasks to queue
[2021-07-19 00:00:37,654] {logging_mixin.py:104} INFO - [2021-07-19 00:00:37,654] {dagbag.py:496} INFO - Filling up the DagBag from /home/airflow/.local/lib/python3.6/site-packages/airflow/example_dags/example_latest_only.py
[2021-07-19 00:00:37,671] {scheduler_job.py:642} INFO - DAG(s) dict_keys(['latest_only']) retrieved from /home/airflow/.local/lib/python3.6/site-packages/airflow/example_dags/example_latest_only.py
[2021-07-19 00:00:37,708] {logging_mixin.py:104} INFO - [2021-07-19 00:00:37,708] {dag.py:1833} INFO - Sync 1 DAGs
[2021-07-19 00:00:37,751] {logging_mixin.py:104} INFO - [2021-07-19 00:00:37,751] {dag.py:2306} INFO - Setting next_dagrun for latest_only to 2021-07-17 00:00:00+00:00
[2021-07-19 00:00:37,816] {scheduler_job.py:189} INFO - Processing /home/airflow/.local/lib/python3.6/site-packages/airflow/example_dags/example_latest_only.py took 0.171 seconds
[2021-07-19 00:01:08,367] {scheduler_job.py:181} INFO - Started process (PID=587) to work on /home/airflow/.local/lib/python3.6/site-packages/airflow/example_dags/example_latest_only.py
[2021-07-19 00:01:08,368] {scheduler_job.py:632} INFO - Processing file /home/airflow/.local/lib/python3.6/site-packages/airflow/example_dags/example_latest_only.py for tasks to queue
[2021-07-19 00:01:08,369] {logging_mixin.py:104} INFO - [2021-07-19 00:01:08,369] {dagbag.py:496} INFO - Filling up the DagBag from /home/airflow/.local/lib/python3.6/site-packages/airflow/example_dags/example_latest_only.py
[2021-07-19 00:01:08,383] {scheduler_job.py:642} INFO - DAG(s) dict_keys(['latest_only']) retrieved from /home/airflow/.local/lib/python3.6/site-packages/airflow/example_dags/example_latest_only.py
[2021-07-19 00:01:08,410] {logging_mixin.py:104} INFO - [2021-07-19 00:01:08,410] {dag.py:1833} INFO - Sync 1 DAGs
[2021-07-19 00:01:08,433] {logging_mixin.py:104} INFO - [2021-07-19 00:01:08,433] {dag.py:2306} INFO - Setting next_dagrun for latest_only to 2021-07-17 00:00:00+00:00
[2021-07-19 00:01:08,519] {scheduler_job.py:189} INFO - Processing /home/airflow/.local/lib/python3.6/site-packages/airflow/example_dags/example_latest_only.py took 0.156 seconds
[2021-07-19 00:01:38,660] {scheduler_job.py:181} INFO - Started process (PID=652) to work on /home/airflow/.local/lib/python3.6/site-packages/airflow/example_dags/example_latest_only.py
[2021-07-19 00:01:38,665] {scheduler_job.py:632} INFO - Processing file /home/airflow/.local/lib/python3.6/site-packages/airflow/example_dags/example_latest_only.py for tasks to queue
[2021-07-19 00:01:38,668] {logging_mixin.py:104} INFO - [2021-07-19 00:01:38,667] {dagbag.py:496} INFO - Filling up the DagBag from /home/airflow/.local/lib/python3.6/site-packages/airflow/example_dags/example_latest_only.py
[2021-07-19 00:01:38,702] {scheduler_job.py:642} INFO - DAG(s) dict_keys(['latest_only']) retrieved from /home/airflow/.local/lib/python3.6/site-packages/airflow/example_dags/example_latest_only.py
[2021-07-19 00:01:38,751] {logging_mixin.py:104} INFO - [2021-07-19 00:01:38,751] {dag.py:1833} INFO - Sync 1 DAGs
[2021-07-19 00:01:38,792] {logging_mixin.py:104} INFO - [2021-07-19 00:01:38,791] {dag.py:2306} INFO - Setting next_dagrun for latest_only to 2021-07-17 00:00:00+00:00
[2021-07-19 00:01:38,857] {scheduler_job.py:189} INFO - Processing /home/airflow/.local/lib/python3.6/site-packages/airflow/example_dags/example_latest_only.py took 0.206 seconds
[2021-07-19 00:02:09,490] {scheduler_job.py:181} INFO - Started process (PID=708) to work on /home/airflow/.local/lib/python3.6/site-packages/airflow/example_dags/example_latest_only.py
[2021-07-19 00:02:09,492] {scheduler_job.py:632} INFO - Processing file /home/airflow/.local/lib/python3.6/site-packages/airflow/example_dags/example_latest_only.py for tasks to queue
[2021-07-19 00:02:09,495] {logging_mixin.py:104} INFO - [2021-07-19 00:02:09,495] {dagbag.py:496} INFO - Filling up the DagBag from /home/airflow/.local/lib/python3.6/site-packages/airflow/example_dags/example_latest_only.py
[2021-07-19 00:02:09,536] {scheduler_job.py:642} INFO - DAG(s) dict_keys(['latest_only']) retrieved from /home/airflow/.local/lib/python3.6/site-packages/airflow/example_dags/example_latest_only.py
[2021-07-19 00:02:09,575] {logging_mixin.py:104} INFO - [2021-07-19 00:02:09,574] {dag.py:1833} INFO - Sync 1 DAGs
[2021-07-19 00:02:09,595] {logging_mixin.py:104} INFO - [2021-07-19 00:02:09,595] {dag.py:2306} INFO - Setting next_dagrun for latest_only to 2021-07-17 00:00:00+00:00
[2021-07-19 00:02:09,806] {scheduler_job.py:189} INFO - Processing /home/airflow/.local/lib/python3.6/site-packages/airflow/example_dags/example_latest_only.py took 0.320 seconds
[2021-07-19 00:02:40,456] {scheduler_job.py:181} INFO - Started process (PID=778) to work on /home/airflow/.local/lib/python3.6/site-packages/airflow/example_dags/example_latest_only.py
[2021-07-19 00:02:40,458] {scheduler_job.py:632} INFO - Processing file /home/airflow/.local/lib/python3.6/site-packages/airflow/example_dags/example_latest_only.py for tasks to queue
[2021-07-19 00:02:40,459] {logging_mixin.py:104} INFO - [2021-07-19 00:02:40,459] {dagbag.py:496} INFO - Filling up the DagBag from /home/airflow/.local/lib/python3.6/site-packages/airflow/example_dags/example_latest_only.py
[2021-07-19 00:02:40,480] {scheduler_job.py:642} INFO - DAG(s) dict_keys(['latest_only']) retrieved from /home/airflow/.local/lib/python3.6/site-packages/airflow/example_dags/example_latest_only.py
[2021-07-19 00:02:40,511] {logging_mixin.py:104} INFO - [2021-07-19 00:02:40,511] {dag.py:1833} INFO - Sync 1 DAGs
[2021-07-19 00:02:40,535] {logging_mixin.py:104} INFO - [2021-07-19 00:02:40,535] {dag.py:2306} INFO - Setting next_dagrun for latest_only to 2021-07-17 00:00:00+00:00
[2021-07-19 00:02:40,586] {scheduler_job.py:189} INFO - Processing /home/airflow/.local/lib/python3.6/site-packages/airflow/example_dags/example_latest_only.py took 0.134 seconds
[2021-07-19 00:03:11,655] {scheduler_job.py:181} INFO - Started process (PID=834) to work on /home/airflow/.local/lib/python3.6/site-packages/airflow/example_dags/example_latest_only.py
[2021-07-19 00:03:11,658] {scheduler_job.py:632} INFO - Processing file /home/airflow/.local/lib/python3.6/site-packages/airflow/example_dags/example_latest_only.py for tasks to queue
[2021-07-19 00:03:11,659] {logging_mixin.py:104} INFO - [2021-07-19 00:03:11,659] {dagbag.py:496} INFO - Filling up the DagBag from /home/airflow/.local/lib/python3.6/site-packages/airflow/example_dags/example_latest_only.py
[2021-07-19 00:03:11,676] {scheduler_job.py:642} INFO - DAG(s) dict_keys(['latest_only']) retrieved from /home/airflow/.local/lib/python3.6/site-packages/airflow/example_dags/example_latest_only.py
[2021-07-19 00:03:11,709] {logging_mixin.py:104} INFO - [2021-07-19 00:03:11,709] {dag.py:1833} INFO - Sync 1 DAGs
[2021-07-19 00:03:11,748] {logging_mixin.py:104} INFO - [2021-07-19 00:03:11,748] {dag.py:2306} INFO - Setting next_dagrun for latest_only to 2021-07-17 00:00:00+00:00
[2021-07-19 00:03:11,860] {scheduler_job.py:189} INFO - Processing /home/airflow/.local/lib/python3.6/site-packages/airflow/example_dags/example_latest_only.py took 0.210 seconds
[2021-07-19 00:03:42,273] {scheduler_job.py:181} INFO - Started process (PID=889) to work on /home/airflow/.local/lib/python3.6/site-packages/airflow/example_dags/example_latest_only.py
[2021-07-19 00:03:42,280] {scheduler_job.py:632} INFO - Processing file /home/airflow/.local/lib/python3.6/site-packages/airflow/example_dags/example_latest_only.py for tasks to queue
[2021-07-19 00:03:42,283] {logging_mixin.py:104} INFO - [2021-07-19 00:03:42,283] {dagbag.py:496} INFO - Filling up the DagBag from /home/airflow/.local/lib/python3.6/site-packages/airflow/example_dags/example_latest_only.py
[2021-07-19 00:03:42,319] {scheduler_job.py:642} INFO - DAG(s) dict_keys(['latest_only']) retrieved from /home/airflow/.local/lib/python3.6/site-packages/airflow/example_dags/example_latest_only.py
[2021-07-19 00:03:42,353] {logging_mixin.py:104} INFO - [2021-07-19 00:03:42,353] {dag.py:1833} INFO - Sync 1 DAGs
[2021-07-19 00:03:42,377] {logging_mixin.py:104} INFO - [2021-07-19 00:03:42,377] {dag.py:2306} INFO - Setting next_dagrun for latest_only to 2021-07-17 00:00:00+00:00
[2021-07-19 00:03:42,438] {scheduler_job.py:189} INFO - Processing /home/airflow/.local/lib/python3.6/site-packages/airflow/example_dags/example_latest_only.py took 0.177 seconds
[2021-07-19 00:04:13,074] {scheduler_job.py:181} INFO - Started process (PID=956) to work on /home/airflow/.local/lib/python3.6/site-packages/airflow/example_dags/example_latest_only.py
[2021-07-19 00:04:13,079] {scheduler_job.py:632} INFO - Processing file /home/airflow/.local/lib/python3.6/site-packages/airflow/example_dags/example_latest_only.py for tasks to queue
[2021-07-19 00:04:13,081] {logging_mixin.py:104} INFO - [2021-07-19 00:04:13,081] {dagbag.py:496} INFO - Filling up the DagBag from /home/airflow/.local/lib/python3.6/site-packages/airflow/example_dags/example_latest_only.py
[2021-07-19 00:04:13,105] {scheduler_job.py:642} INFO - DAG(s) dict_keys(['latest_only']) retrieved from /home/airflow/.local/lib/python3.6/site-packages/airflow/example_dags/example_latest_only.py
[2021-07-19 00:04:13,138] {logging_mixin.py:104} INFO - [2021-07-19 00:04:13,138] {dag.py:1833} INFO - Sync 1 DAGs
[2021-07-19 00:04:13,160] {logging_mixin.py:104} INFO - [2021-07-19 00:04:13,159] {dag.py:2306} INFO - Setting next_dagrun for latest_only to 2021-07-17 00:00:00+00:00
[2021-07-19 00:04:13,201] {scheduler_job.py:189} INFO - Processing /home/airflow/.local/lib/python3.6/site-packages/airflow/example_dags/example_latest_only.py took 0.141 seconds
[2021-07-19 00:04:43,758] {scheduler_job.py:181} INFO - Started process (PID=1013) to work on /home/airflow/.local/lib/python3.6/site-packages/airflow/example_dags/example_latest_only.py
[2021-07-19 00:04:43,760] {scheduler_job.py:632} INFO - Processing file /home/airflow/.local/lib/python3.6/site-packages/airflow/example_dags/example_latest_only.py for tasks to queue
[2021-07-19 00:04:43,761] {logging_mixin.py:104} INFO - [2021-07-19 00:04:43,761] {dagbag.py:496} INFO - Filling up the DagBag from /home/airflow/.local/lib/python3.6/site-packages/airflow/example_dags/example_latest_only.py
[2021-07-19 00:04:43,779] {scheduler_job.py:642} INFO - DAG(s) dict_keys(['latest_only']) retrieved from /home/airflow/.local/lib/python3.6/site-packages/airflow/example_dags/example_latest_only.py
[2021-07-19 00:04:43,808] {logging_mixin.py:104} INFO - [2021-07-19 00:04:43,808] {dag.py:1833} INFO - Sync 1 DAGs
[2021-07-19 00:04:43,831] {logging_mixin.py:104} INFO - [2021-07-19 00:04:43,831] {dag.py:2306} INFO - Setting next_dagrun for latest_only to 2021-07-17 00:00:00+00:00
[2021-07-19 00:04:43,882] {scheduler_job.py:189} INFO - Processing /home/airflow/.local/lib/python3.6/site-packages/airflow/example_dags/example_latest_only.py took 0.128 seconds
[2021-07-19 00:05:14,261] {scheduler_job.py:181} INFO - Started process (PID=1069) to work on /home/airflow/.local/lib/python3.6/site-packages/airflow/example_dags/example_latest_only.py
[2021-07-19 00:05:14,267] {scheduler_job.py:632} INFO - Processing file /home/airflow/.local/lib/python3.6/site-packages/airflow/example_dags/example_latest_only.py for tasks to queue
[2021-07-19 00:05:14,270] {logging_mixin.py:104} INFO - [2021-07-19 00:05:14,270] {dagbag.py:496} INFO - Filling up the DagBag from /home/airflow/.local/lib/python3.6/site-packages/airflow/example_dags/example_latest_only.py
[2021-07-19 00:05:14,292] {scheduler_job.py:642} INFO - DAG(s) dict_keys(['latest_only']) retrieved from /home/airflow/.local/lib/python3.6/site-packages/airflow/example_dags/example_latest_only.py
[2021-07-19 00:05:14,336] {logging_mixin.py:104} INFO - [2021-07-19 00:05:14,336] {dag.py:1833} INFO - Sync 1 DAGs
[2021-07-19 00:05:14,363] {logging_mixin.py:104} INFO - [2021-07-19 00:05:14,362] {dag.py:2306} INFO - Setting next_dagrun for latest_only to 2021-07-17 00:00:00+00:00
[2021-07-19 00:05:14,404] {scheduler_job.py:189} INFO - Processing /home/airflow/.local/lib/python3.6/site-packages/airflow/example_dags/example_latest_only.py took 0.158 seconds
[2021-07-19 00:05:44,507] {scheduler_job.py:181} INFO - Started process (PID=1135) to work on /home/airflow/.local/lib/python3.6/site-packages/airflow/example_dags/example_latest_only.py
[2021-07-19 00:05:44,509] {scheduler_job.py:632} INFO - Processing file /home/airflow/.local/lib/python3.6/site-packages/airflow/example_dags/example_latest_only.py for tasks to queue
[2021-07-19 00:05:44,510] {logging_mixin.py:104} INFO - [2021-07-19 00:05:44,510] {dagbag.py:496} INFO - Filling up the DagBag from /home/airflow/.local/lib/python3.6/site-packages/airflow/example_dags/example_latest_only.py
[2021-07-19 00:05:44,530] {scheduler_job.py:642} INFO - DAG(s) dict_keys(['latest_only']) retrieved from /home/airflow/.local/lib/python3.6/site-packages/airflow/example_dags/example_latest_only.py
[2021-07-19 00:05:44,586] {logging_mixin.py:104} INFO - [2021-07-19 00:05:44,586] {dag.py:1833} INFO - Sync 1 DAGs
[2021-07-19 00:05:44,616] {logging_mixin.py:104} INFO - [2021-07-19 00:05:44,616] {dag.py:2306} INFO - Setting next_dagrun for latest_only to 2021-07-17 00:00:00+00:00
[2021-07-19 00:05:44,718] {scheduler_job.py:189} INFO - Processing /home/airflow/.local/lib/python3.6/site-packages/airflow/example_dags/example_latest_only.py took 0.216 seconds
[2021-07-19 00:06:14,894] {scheduler_job.py:181} INFO - Started process (PID=1191) to work on /home/airflow/.local/lib/python3.6/site-packages/airflow/example_dags/example_latest_only.py
[2021-07-19 00:06:14,897] {scheduler_job.py:632} INFO - Processing file /home/airflow/.local/lib/python3.6/site-packages/airflow/example_dags/example_latest_only.py for tasks to queue
[2021-07-19 00:06:14,899] {logging_mixin.py:104} INFO - [2021-07-19 00:06:14,898] {dagbag.py:496} INFO - Filling up the DagBag from /home/airflow/.local/lib/python3.6/site-packages/airflow/example_dags/example_latest_only.py
[2021-07-19 00:06:14,916] {scheduler_job.py:642} INFO - DAG(s) dict_keys(['latest_only']) retrieved from /home/airflow/.local/lib/python3.6/site-packages/airflow/example_dags/example_latest_only.py
[2021-07-19 00:06:14,945] {logging_mixin.py:104} INFO - [2021-07-19 00:06:14,945] {dag.py:1833} INFO - Sync 1 DAGs
[2021-07-19 00:06:14,967] {logging_mixin.py:104} INFO - [2021-07-19 00:06:14,967] {dag.py:2306} INFO - Setting next_dagrun for latest_only to 2021-07-17 00:00:00+00:00
[2021-07-19 00:06:15,025] {scheduler_job.py:189} INFO - Processing /home/airflow/.local/lib/python3.6/site-packages/airflow/example_dags/example_latest_only.py took 0.137 seconds
[2021-07-19 00:06:45,183] {scheduler_job.py:181} INFO - Started process (PID=1259) to work on /home/airflow/.local/lib/python3.6/site-packages/airflow/example_dags/example_latest_only.py
[2021-07-19 00:06:45,186] {scheduler_job.py:632} INFO - Processing file /home/airflow/.local/lib/python3.6/site-packages/airflow/example_dags/example_latest_only.py for tasks to queue
[2021-07-19 00:06:45,188] {logging_mixin.py:104} INFO - [2021-07-19 00:06:45,187] {dagbag.py:496} INFO - Filling up the DagBag from /home/airflow/.local/lib/python3.6/site-packages/airflow/example_dags/example_latest_only.py
[2021-07-19 00:06:45,210] {scheduler_job.py:642} INFO - DAG(s) dict_keys(['latest_only']) retrieved from /home/airflow/.local/lib/python3.6/site-packages/airflow/example_dags/example_latest_only.py
[2021-07-19 00:06:45,253] {logging_mixin.py:104} INFO - [2021-07-19 00:06:45,253] {dag.py:1833} INFO - Sync 1 DAGs
[2021-07-19 00:06:45,275] {logging_mixin.py:104} INFO - [2021-07-19 00:06:45,275] {dag.py:2306} INFO - Setting next_dagrun for latest_only to 2021-07-17 00:00:00+00:00
[2021-07-19 00:06:45,346] {scheduler_job.py:189} INFO - Processing /home/airflow/.local/lib/python3.6/site-packages/airflow/example_dags/example_latest_only.py took 0.169 seconds
[2021-07-19 00:07:15,660] {scheduler_job.py:181} INFO - Started process (PID=1317) to work on /home/airflow/.local/lib/python3.6/site-packages/airflow/example_dags/example_latest_only.py
[2021-07-19 00:07:15,663] {scheduler_job.py:632} INFO - Processing file /home/airflow/.local/lib/python3.6/site-packages/airflow/example_dags/example_latest_only.py for tasks to queue
[2021-07-19 00:07:15,664] {logging_mixin.py:104} INFO - [2021-07-19 00:07:15,664] {dagbag.py:496} INFO - Filling up the DagBag from /home/airflow/.local/lib/python3.6/site-packages/airflow/example_dags/example_latest_only.py
[2021-07-19 00:07:15,679] {scheduler_job.py:642} INFO - DAG(s) dict_keys(['latest_only']) retrieved from /home/airflow/.local/lib/python3.6/site-packages/airflow/example_dags/example_latest_only.py
[2021-07-19 00:07:15,705] {logging_mixin.py:104} INFO - [2021-07-19 00:07:15,705] {dag.py:1833} INFO - Sync 1 DAGs
[2021-07-19 00:07:15,725] {logging_mixin.py:104} INFO - [2021-07-19 00:07:15,725] {dag.py:2306} INFO - Setting next_dagrun for latest_only to 2021-07-17 00:00:00+00:00
[2021-07-19 00:07:15,830] {scheduler_job.py:189} INFO - Processing /home/airflow/.local/lib/python3.6/site-packages/airflow/example_dags/example_latest_only.py took 0.174 seconds
[2021-07-19 00:07:46,243] {scheduler_job.py:181} INFO - Started process (PID=1373) to work on /home/airflow/.local/lib/python3.6/site-packages/airflow/example_dags/example_latest_only.py
[2021-07-19 00:07:46,246] {scheduler_job.py:632} INFO - Processing file /home/airflow/.local/lib/python3.6/site-packages/airflow/example_dags/example_latest_only.py for tasks to queue
[2021-07-19 00:07:46,247] {logging_mixin.py:104} INFO - [2021-07-19 00:07:46,247] {dagbag.py:496} INFO - Filling up the DagBag from /home/airflow/.local/lib/python3.6/site-packages/airflow/example_dags/example_latest_only.py
[2021-07-19 00:07:46,265] {scheduler_job.py:642} INFO - DAG(s) dict_keys(['latest_only']) retrieved from /home/airflow/.local/lib/python3.6/site-packages/airflow/example_dags/example_latest_only.py
[2021-07-19 00:07:46,294] {logging_mixin.py:104} INFO - [2021-07-19 00:07:46,294] {dag.py:1833} INFO - Sync 1 DAGs
[2021-07-19 00:07:46,320] {logging_mixin.py:104} INFO - [2021-07-19 00:07:46,319] {dag.py:2306} INFO - Setting next_dagrun for latest_only to 2021-07-17 00:00:00+00:00
[2021-07-19 00:07:46,393] {scheduler_job.py:189} INFO - Processing /home/airflow/.local/lib/python3.6/site-packages/airflow/example_dags/example_latest_only.py took 0.154 seconds
[2021-07-19 00:08:17,282] {scheduler_job.py:181} INFO - Started process (PID=1441) to work on /home/airflow/.local/lib/python3.6/site-packages/airflow/example_dags/example_latest_only.py
[2021-07-19 00:08:17,288] {scheduler_job.py:632} INFO - Processing file /home/airflow/.local/lib/python3.6/site-packages/airflow/example_dags/example_latest_only.py for tasks to queue
[2021-07-19 00:08:17,292] {logging_mixin.py:104} INFO - [2021-07-19 00:08:17,291] {dagbag.py:496} INFO - Filling up the DagBag from /home/airflow/.local/lib/python3.6/site-packages/airflow/example_dags/example_latest_only.py
[2021-07-19 00:08:17,317] {scheduler_job.py:642} INFO - DAG(s) dict_keys(['latest_only']) retrieved from /home/airflow/.local/lib/python3.6/site-packages/airflow/example_dags/example_latest_only.py
[2021-07-19 00:08:17,348] {logging_mixin.py:104} INFO - [2021-07-19 00:08:17,347] {dag.py:1833} INFO - Sync 1 DAGs
[2021-07-19 00:08:17,368] {logging_mixin.py:104} INFO - [2021-07-19 00:08:17,368] {dag.py:2306} INFO - Setting next_dagrun for latest_only to 2021-07-17 00:00:00+00:00
[2021-07-19 00:08:17,552] {scheduler_job.py:189} INFO - Processing /home/airflow/.local/lib/python3.6/site-packages/airflow/example_dags/example_latest_only.py took 0.281 seconds
[2021-07-19 00:08:47,804] {scheduler_job.py:181} INFO - Started process (PID=1497) to work on /home/airflow/.local/lib/python3.6/site-packages/airflow/example_dags/example_latest_only.py
[2021-07-19 00:08:47,810] {scheduler_job.py:632} INFO - Processing file /home/airflow/.local/lib/python3.6/site-packages/airflow/example_dags/example_latest_only.py for tasks to queue
[2021-07-19 00:08:47,814] {logging_mixin.py:104} INFO - [2021-07-19 00:08:47,814] {dagbag.py:496} INFO - Filling up the DagBag from /home/airflow/.local/lib/python3.6/site-packages/airflow/example_dags/example_latest_only.py
[2021-07-19 00:08:47,832] {scheduler_job.py:642} INFO - DAG(s) dict_keys(['latest_only']) retrieved from /home/airflow/.local/lib/python3.6/site-packages/airflow/example_dags/example_latest_only.py
[2021-07-19 00:08:47,865] {logging_mixin.py:104} INFO - [2021-07-19 00:08:47,865] {dag.py:1833} INFO - Sync 1 DAGs
[2021-07-19 00:08:47,892] {logging_mixin.py:104} INFO - [2021-07-19 00:08:47,891] {dag.py:2306} INFO - Setting next_dagrun for latest_only to 2021-07-17 00:00:00+00:00
[2021-07-19 00:08:47,988] {scheduler_job.py:189} INFO - Processing /home/airflow/.local/lib/python3.6/site-packages/airflow/example_dags/example_latest_only.py took 0.196 seconds
[2021-07-19 00:09:18,546] {scheduler_job.py:181} INFO - Started process (PID=1553) to work on /home/airflow/.local/lib/python3.6/site-packages/airflow/example_dags/example_latest_only.py
[2021-07-19 00:09:18,548] {scheduler_job.py:632} INFO - Processing file /home/airflow/.local/lib/python3.6/site-packages/airflow/example_dags/example_latest_only.py for tasks to queue
[2021-07-19 00:09:18,550] {logging_mixin.py:104} INFO - [2021-07-19 00:09:18,550] {dagbag.py:496} INFO - Filling up the DagBag from /home/airflow/.local/lib/python3.6/site-packages/airflow/example_dags/example_latest_only.py
[2021-07-19 00:09:18,565] {scheduler_job.py:642} INFO - DAG(s) dict_keys(['latest_only']) retrieved from /home/airflow/.local/lib/python3.6/site-packages/airflow/example_dags/example_latest_only.py
[2021-07-19 00:09:18,605] {logging_mixin.py:104} INFO - [2021-07-19 00:09:18,605] {dag.py:1833} INFO - Sync 1 DAGs
[2021-07-19 00:09:18,643] {logging_mixin.py:104} INFO - [2021-07-19 00:09:18,643] {dag.py:2306} INFO - Setting next_dagrun for latest_only to 2021-07-17 00:00:00+00:00
[2021-07-19 00:09:18,763] {scheduler_job.py:189} INFO - Processing /home/airflow/.local/lib/python3.6/site-packages/airflow/example_dags/example_latest_only.py took 0.221 seconds
[2021-07-19 00:09:48,824] {scheduler_job.py:181} INFO - Started process (PID=1620) to work on /home/airflow/.local/lib/python3.6/site-packages/airflow/example_dags/example_latest_only.py
[2021-07-19 00:09:48,826] {scheduler_job.py:632} INFO - Processing file /home/airflow/.local/lib/python3.6/site-packages/airflow/example_dags/example_latest_only.py for tasks to queue
[2021-07-19 00:09:48,827] {logging_mixin.py:104} INFO - [2021-07-19 00:09:48,827] {dagbag.py:496} INFO - Filling up the DagBag from /home/airflow/.local/lib/python3.6/site-packages/airflow/example_dags/example_latest_only.py
[2021-07-19 00:09:48,840] {scheduler_job.py:642} INFO - DAG(s) dict_keys(['latest_only']) retrieved from /home/airflow/.local/lib/python3.6/site-packages/airflow/example_dags/example_latest_only.py
[2021-07-19 00:09:48,867] {logging_mixin.py:104} INFO - [2021-07-19 00:09:48,867] {dag.py:1833} INFO - Sync 1 DAGs
[2021-07-19 00:09:48,894] {logging_mixin.py:104} INFO - [2021-07-19 00:09:48,894] {dag.py:2306} INFO - Setting next_dagrun for latest_only to 2021-07-17 00:00:00+00:00
[2021-07-19 00:09:49,001] {scheduler_job.py:189} INFO - Processing /home/airflow/.local/lib/python3.6/site-packages/airflow/example_dags/example_latest_only.py took 0.181 seconds
[2021-07-19 00:10:19,400] {scheduler_job.py:181} INFO - Started process (PID=1677) to work on /home/airflow/.local/lib/python3.6/site-packages/airflow/example_dags/example_latest_only.py
[2021-07-19 00:10:19,403] {scheduler_job.py:632} INFO - Processing file /home/airflow/.local/lib/python3.6/site-packages/airflow/example_dags/example_latest_only.py for tasks to queue
[2021-07-19 00:10:19,405] {logging_mixin.py:104} INFO - [2021-07-19 00:10:19,404] {dagbag.py:496} INFO - Filling up the DagBag from /home/airflow/.local/lib/python3.6/site-packages/airflow/example_dags/example_latest_only.py
[2021-07-19 00:10:19,423] {scheduler_job.py:642} INFO - DAG(s) dict_keys(['latest_only']) retrieved from /home/airflow/.local/lib/python3.6/site-packages/airflow/example_dags/example_latest_only.py
[2021-07-19 00:10:19,457] {logging_mixin.py:104} INFO - [2021-07-19 00:10:19,456] {dag.py:1833} INFO - Sync 1 DAGs
[2021-07-19 00:10:19,484] {logging_mixin.py:104} INFO - [2021-07-19 00:10:19,483] {dag.py:2306} INFO - Setting next_dagrun for latest_only to 2021-07-17 00:00:00+00:00
[2021-07-19 00:10:19,571] {scheduler_job.py:189} INFO - Processing /home/airflow/.local/lib/python3.6/site-packages/airflow/example_dags/example_latest_only.py took 0.175 seconds
[2021-07-19 00:10:51,090] {scheduler_job.py:181} INFO - Started process (PID=1734) to work on /home/airflow/.local/lib/python3.6/site-packages/airflow/example_dags/example_latest_only.py
[2021-07-19 00:10:51,092] {scheduler_job.py:632} INFO - Processing file /home/airflow/.local/lib/python3.6/site-packages/airflow/example_dags/example_latest_only.py for tasks to queue
[2021-07-19 00:10:51,094] {logging_mixin.py:104} INFO - [2021-07-19 00:10:51,094] {dagbag.py:496} INFO - Filling up the DagBag from /home/airflow/.local/lib/python3.6/site-packages/airflow/example_dags/example_latest_only.py
[2021-07-19 00:10:51,113] {scheduler_job.py:642} INFO - DAG(s) dict_keys(['latest_only']) retrieved from /home/airflow/.local/lib/python3.6/site-packages/airflow/example_dags/example_latest_only.py
[2021-07-19 00:10:51,140] {logging_mixin.py:104} INFO - [2021-07-19 00:10:51,140] {dag.py:1833} INFO - Sync 1 DAGs
[2021-07-19 00:10:51,168] {logging_mixin.py:104} INFO - [2021-07-19 00:10:51,167] {dag.py:2306} INFO - Setting next_dagrun for latest_only to 2021-07-17 00:00:00+00:00
[2021-07-19 00:10:51,271] {scheduler_job.py:189} INFO - Processing /home/airflow/.local/lib/python3.6/site-packages/airflow/example_dags/example_latest_only.py took 0.184 seconds
[2021-07-19 00:11:22,047] {scheduler_job.py:181} INFO - Started process (PID=1799) to work on /home/airflow/.local/lib/python3.6/site-packages/airflow/example_dags/example_latest_only.py
[2021-07-19 00:11:22,049] {scheduler_job.py:632} INFO - Processing file /home/airflow/.local/lib/python3.6/site-packages/airflow/example_dags/example_latest_only.py for tasks to queue
[2021-07-19 00:11:22,051] {logging_mixin.py:104} INFO - [2021-07-19 00:11:22,050] {dagbag.py:496} INFO - Filling up the DagBag from /home/airflow/.local/lib/python3.6/site-packages/airflow/example_dags/example_latest_only.py
[2021-07-19 00:11:22,070] {scheduler_job.py:642} INFO - DAG(s) dict_keys(['latest_only']) retrieved from /home/airflow/.local/lib/python3.6/site-packages/airflow/example_dags/example_latest_only.py
[2021-07-19 00:11:22,104] {logging_mixin.py:104} INFO - [2021-07-19 00:11:22,104] {dag.py:1833} INFO - Sync 1 DAGs
[2021-07-19 00:11:22,132] {logging_mixin.py:104} INFO - [2021-07-19 00:11:22,132] {dag.py:2306} INFO - Setting next_dagrun for latest_only to 2021-07-17 00:00:00+00:00
[2021-07-19 00:11:22,748] {scheduler_job.py:189} INFO - Processing /home/airflow/.local/lib/python3.6/site-packages/airflow/example_dags/example_latest_only.py took 0.705 seconds
[2021-07-19 00:11:53,620] {scheduler_job.py:181} INFO - Started process (PID=1859) to work on /home/airflow/.local/lib/python3.6/site-packages/airflow/example_dags/example_latest_only.py
[2021-07-19 00:11:53,624] {scheduler_job.py:632} INFO - Processing file /home/airflow/.local/lib/python3.6/site-packages/airflow/example_dags/example_latest_only.py for tasks to queue
[2021-07-19 00:11:53,626] {logging_mixin.py:104} INFO - [2021-07-19 00:11:53,626] {dagbag.py:496} INFO - Filling up the DagBag from /home/airflow/.local/lib/python3.6/site-packages/airflow/example_dags/example_latest_only.py
[2021-07-19 00:11:53,649] {scheduler_job.py:642} INFO - DAG(s) dict_keys(['latest_only']) retrieved from /home/airflow/.local/lib/python3.6/site-packages/airflow/example_dags/example_latest_only.py
[2021-07-19 00:11:53,678] {logging_mixin.py:104} INFO - [2021-07-19 00:11:53,678] {dag.py:1833} INFO - Sync 1 DAGs
[2021-07-19 00:11:53,702] {logging_mixin.py:104} INFO - [2021-07-19 00:11:53,702] {dag.py:2306} INFO - Setting next_dagrun for latest_only to 2021-07-17 00:00:00+00:00
[2021-07-19 00:11:53,926] {scheduler_job.py:189} INFO - Processing /home/airflow/.local/lib/python3.6/site-packages/airflow/example_dags/example_latest_only.py took 0.319 seconds
[2021-07-19 00:12:24,105] {scheduler_job.py:181} INFO - Started process (PID=1913) to work on /home/airflow/.local/lib/python3.6/site-packages/airflow/example_dags/example_latest_only.py
[2021-07-19 00:12:24,112] {scheduler_job.py:632} INFO - Processing file /home/airflow/.local/lib/python3.6/site-packages/airflow/example_dags/example_latest_only.py for tasks to queue
[2021-07-19 00:12:24,115] {logging_mixin.py:104} INFO - [2021-07-19 00:12:24,114] {dagbag.py:496} INFO - Filling up the DagBag from /home/airflow/.local/lib/python3.6/site-packages/airflow/example_dags/example_latest_only.py
[2021-07-19 00:12:24,146] {scheduler_job.py:642} INFO - DAG(s) dict_keys(['latest_only']) retrieved from /home/airflow/.local/lib/python3.6/site-packages/airflow/example_dags/example_latest_only.py
[2021-07-19 00:12:24,175] {logging_mixin.py:104} INFO - [2021-07-19 00:12:24,174] {dag.py:1833} INFO - Sync 1 DAGs
[2021-07-19 00:12:24,201] {logging_mixin.py:104} INFO - [2021-07-19 00:12:24,200] {dag.py:2306} INFO - Setting next_dagrun for latest_only to 2021-07-17 00:00:00+00:00
[2021-07-19 00:12:24,411] {scheduler_job.py:189} INFO - Processing /home/airflow/.local/lib/python3.6/site-packages/airflow/example_dags/example_latest_only.py took 0.312 seconds
[2021-07-19 00:12:54,619] {scheduler_job.py:181} INFO - Started process (PID=1982) to work on /home/airflow/.local/lib/python3.6/site-packages/airflow/example_dags/example_latest_only.py
[2021-07-19 00:12:54,621] {scheduler_job.py:632} INFO - Processing file /home/airflow/.local/lib/python3.6/site-packages/airflow/example_dags/example_latest_only.py for tasks to queue
[2021-07-19 00:12:54,622] {logging_mixin.py:104} INFO - [2021-07-19 00:12:54,622] {dagbag.py:496} INFO - Filling up the DagBag from /home/airflow/.local/lib/python3.6/site-packages/airflow/example_dags/example_latest_only.py
[2021-07-19 00:12:54,639] {scheduler_job.py:642} INFO - DAG(s) dict_keys(['latest_only']) retrieved from /home/airflow/.local/lib/python3.6/site-packages/airflow/example_dags/example_latest_only.py
[2021-07-19 00:12:54,672] {logging_mixin.py:104} INFO - [2021-07-19 00:12:54,672] {dag.py:1833} INFO - Sync 1 DAGs
[2021-07-19 00:12:54,695] {logging_mixin.py:104} INFO - [2021-07-19 00:12:54,695] {dag.py:2306} INFO - Setting next_dagrun for latest_only to 2021-07-17 00:00:00+00:00
[2021-07-19 00:12:54,954] {scheduler_job.py:189} INFO - Processing /home/airflow/.local/lib/python3.6/site-packages/airflow/example_dags/example_latest_only.py took 0.339 seconds
[2021-07-19 00:13:25,310] {scheduler_job.py:181} INFO - Started process (PID=2043) to work on /home/airflow/.local/lib/python3.6/site-packages/airflow/example_dags/example_latest_only.py
[2021-07-19 00:13:25,313] {scheduler_job.py:632} INFO - Processing file /home/airflow/.local/lib/python3.6/site-packages/airflow/example_dags/example_latest_only.py for tasks to queue
[2021-07-19 00:13:25,314] {logging_mixin.py:104} INFO - [2021-07-19 00:13:25,314] {dagbag.py:496} INFO - Filling up the DagBag from /home/airflow/.local/lib/python3.6/site-packages/airflow/example_dags/example_latest_only.py
[2021-07-19 00:13:25,326] {scheduler_job.py:642} INFO - DAG(s) dict_keys(['latest_only']) retrieved from /home/airflow/.local/lib/python3.6/site-packages/airflow/example_dags/example_latest_only.py
[2021-07-19 00:13:25,351] {logging_mixin.py:104} INFO - [2021-07-19 00:13:25,351] {dag.py:1833} INFO - Sync 1 DAGs
[2021-07-19 00:13:25,376] {logging_mixin.py:104} INFO - [2021-07-19 00:13:25,376] {dag.py:2306} INFO - Setting next_dagrun for latest_only to 2021-07-17 00:00:00+00:00
[2021-07-19 00:13:25,539] {scheduler_job.py:189} INFO - Processing /home/airflow/.local/lib/python3.6/site-packages/airflow/example_dags/example_latest_only.py took 0.232 seconds
[2021-07-19 00:13:55,904] {scheduler_job.py:181} INFO - Started process (PID=2101) to work on /home/airflow/.local/lib/python3.6/site-packages/airflow/example_dags/example_latest_only.py
[2021-07-19 00:13:55,906] {scheduler_job.py:632} INFO - Processing file /home/airflow/.local/lib/python3.6/site-packages/airflow/example_dags/example_latest_only.py for tasks to queue
[2021-07-19 00:13:55,907] {logging_mixin.py:104} INFO - [2021-07-19 00:13:55,907] {dagbag.py:496} INFO - Filling up the DagBag from /home/airflow/.local/lib/python3.6/site-packages/airflow/example_dags/example_latest_only.py
[2021-07-19 00:13:55,927] {scheduler_job.py:642} INFO - DAG(s) dict_keys(['latest_only']) retrieved from /home/airflow/.local/lib/python3.6/site-packages/airflow/example_dags/example_latest_only.py
[2021-07-19 00:13:55,966] {logging_mixin.py:104} INFO - [2021-07-19 00:13:55,965] {dag.py:1833} INFO - Sync 1 DAGs
[2021-07-19 00:13:55,992] {logging_mixin.py:104} INFO - [2021-07-19 00:13:55,992] {dag.py:2306} INFO - Setting next_dagrun for latest_only to 2021-07-17 00:00:00+00:00
[2021-07-19 00:13:56,200] {scheduler_job.py:189} INFO - Processing /home/airflow/.local/lib/python3.6/site-packages/airflow/example_dags/example_latest_only.py took 0.301 seconds
[2021-07-19 00:14:26,519] {scheduler_job.py:181} INFO - Started process (PID=2158) to work on /home/airflow/.local/lib/python3.6/site-packages/airflow/example_dags/example_latest_only.py
[2021-07-19 00:14:26,523] {scheduler_job.py:632} INFO - Processing file /home/airflow/.local/lib/python3.6/site-packages/airflow/example_dags/example_latest_only.py for tasks to queue
[2021-07-19 00:14:26,525] {logging_mixin.py:104} INFO - [2021-07-19 00:14:26,524] {dagbag.py:496} INFO - Filling up the DagBag from /home/airflow/.local/lib/python3.6/site-packages/airflow/example_dags/example_latest_only.py
[2021-07-19 00:14:26,544] {scheduler_job.py:642} INFO - DAG(s) dict_keys(['latest_only']) retrieved from /home/airflow/.local/lib/python3.6/site-packages/airflow/example_dags/example_latest_only.py
[2021-07-19 00:14:26,569] {logging_mixin.py:104} INFO - [2021-07-19 00:14:26,569] {dag.py:1833} INFO - Sync 1 DAGs
[2021-07-19 00:14:26,589] {logging_mixin.py:104} INFO - [2021-07-19 00:14:26,589] {dag.py:2306} INFO - Setting next_dagrun for latest_only to 2021-07-17 00:00:00+00:00
[2021-07-19 00:14:26,922] {scheduler_job.py:189} INFO - Processing /home/airflow/.local/lib/python3.6/site-packages/airflow/example_dags/example_latest_only.py took 0.411 seconds
[2021-07-19 00:14:57,811] {scheduler_job.py:181} INFO - Started process (PID=2215) to work on /home/airflow/.local/lib/python3.6/site-packages/airflow/example_dags/example_latest_only.py
[2021-07-19 00:14:57,815] {scheduler_job.py:632} INFO - Processing file /home/airflow/.local/lib/python3.6/site-packages/airflow/example_dags/example_latest_only.py for tasks to queue
[2021-07-19 00:14:57,819] {logging_mixin.py:104} INFO - [2021-07-19 00:14:57,818] {dagbag.py:496} INFO - Filling up the DagBag from /home/airflow/.local/lib/python3.6/site-packages/airflow/example_dags/example_latest_only.py
[2021-07-19 00:14:57,845] {scheduler_job.py:642} INFO - DAG(s) dict_keys(['latest_only']) retrieved from /home/airflow/.local/lib/python3.6/site-packages/airflow/example_dags/example_latest_only.py
[2021-07-19 00:14:57,873] {logging_mixin.py:104} INFO - [2021-07-19 00:14:57,872] {dag.py:1833} INFO - Sync 1 DAGs
[2021-07-19 00:14:57,891] {logging_mixin.py:104} INFO - [2021-07-19 00:14:57,891] {dag.py:2306} INFO - Setting next_dagrun for latest_only to 2021-07-17 00:00:00+00:00
[2021-07-19 00:14:57,949] {scheduler_job.py:189} INFO - Processing /home/airflow/.local/lib/python3.6/site-packages/airflow/example_dags/example_latest_only.py took 0.153 seconds
[2021-07-19 00:15:28,144] {scheduler_job.py:181} INFO - Started process (PID=2283) to work on /home/airflow/.local/lib/python3.6/site-packages/airflow/example_dags/example_latest_only.py
[2021-07-19 00:15:28,146] {scheduler_job.py:632} INFO - Processing file /home/airflow/.local/lib/python3.6/site-packages/airflow/example_dags/example_latest_only.py for tasks to queue
[2021-07-19 00:15:28,147] {logging_mixin.py:104} INFO - [2021-07-19 00:15:28,147] {dagbag.py:496} INFO - Filling up the DagBag from /home/airflow/.local/lib/python3.6/site-packages/airflow/example_dags/example_latest_only.py
[2021-07-19 00:15:28,159] {scheduler_job.py:642} INFO - DAG(s) dict_keys(['latest_only']) retrieved from /home/airflow/.local/lib/python3.6/site-packages/airflow/example_dags/example_latest_only.py
[2021-07-19 00:15:28,184] {logging_mixin.py:104} INFO - [2021-07-19 00:15:28,184] {dag.py:1833} INFO - Sync 1 DAGs
[2021-07-19 00:15:28,202] {logging_mixin.py:104} INFO - [2021-07-19 00:15:28,202] {dag.py:2306} INFO - Setting next_dagrun for latest_only to 2021-07-17 00:00:00+00:00
[2021-07-19 00:15:28,272] {scheduler_job.py:189} INFO - Processing /home/airflow/.local/lib/python3.6/site-packages/airflow/example_dags/example_latest_only.py took 0.132 seconds
[2021-07-19 00:15:58,579] {scheduler_job.py:181} INFO - Started process (PID=2338) to work on /home/airflow/.local/lib/python3.6/site-packages/airflow/example_dags/example_latest_only.py
[2021-07-19 00:15:58,581] {scheduler_job.py:632} INFO - Processing file /home/airflow/.local/lib/python3.6/site-packages/airflow/example_dags/example_latest_only.py for tasks to queue
[2021-07-19 00:15:58,582] {logging_mixin.py:104} INFO - [2021-07-19 00:15:58,582] {dagbag.py:496} INFO - Filling up the DagBag from /home/airflow/.local/lib/python3.6/site-packages/airflow/example_dags/example_latest_only.py
[2021-07-19 00:15:58,596] {scheduler_job.py:642} INFO - DAG(s) dict_keys(['latest_only']) retrieved from /home/airflow/.local/lib/python3.6/site-packages/airflow/example_dags/example_latest_only.py
[2021-07-19 00:15:58,628] {logging_mixin.py:104} INFO - [2021-07-19 00:15:58,627] {dag.py:1833} INFO - Sync 1 DAGs
[2021-07-19 00:15:58,660] {logging_mixin.py:104} INFO - [2021-07-19 00:15:58,659] {dag.py:2306} INFO - Setting next_dagrun for latest_only to 2021-07-17 00:00:00+00:00
[2021-07-19 00:15:58,710] {scheduler_job.py:189} INFO - Processing /home/airflow/.local/lib/python3.6/site-packages/airflow/example_dags/example_latest_only.py took 0.134 seconds
[2021-07-19 00:16:28,955] {scheduler_job.py:181} INFO - Started process (PID=2394) to work on /home/airflow/.local/lib/python3.6/site-packages/airflow/example_dags/example_latest_only.py
[2021-07-19 00:16:28,957] {scheduler_job.py:632} INFO - Processing file /home/airflow/.local/lib/python3.6/site-packages/airflow/example_dags/example_latest_only.py for tasks to queue
[2021-07-19 00:16:28,958] {logging_mixin.py:104} INFO - [2021-07-19 00:16:28,958] {dagbag.py:496} INFO - Filling up the DagBag from /home/airflow/.local/lib/python3.6/site-packages/airflow/example_dags/example_latest_only.py
[2021-07-19 00:16:28,977] {scheduler_job.py:642} INFO - DAG(s) dict_keys(['latest_only']) retrieved from /home/airflow/.local/lib/python3.6/site-packages/airflow/example_dags/example_latest_only.py
[2021-07-19 00:16:29,020] {logging_mixin.py:104} INFO - [2021-07-19 00:16:29,020] {dag.py:1833} INFO - Sync 1 DAGs
[2021-07-19 00:16:29,048] {logging_mixin.py:104} INFO - [2021-07-19 00:16:29,048] {dag.py:2306} INFO - Setting next_dagrun for latest_only to 2021-07-17 00:00:00+00:00
[2021-07-19 00:16:29,098] {scheduler_job.py:189} INFO - Processing /home/airflow/.local/lib/python3.6/site-packages/airflow/example_dags/example_latest_only.py took 0.147 seconds
[2021-07-19 00:16:59,488] {scheduler_job.py:181} INFO - Started process (PID=2463) to work on /home/airflow/.local/lib/python3.6/site-packages/airflow/example_dags/example_latest_only.py
[2021-07-19 00:16:59,490] {scheduler_job.py:632} INFO - Processing file /home/airflow/.local/lib/python3.6/site-packages/airflow/example_dags/example_latest_only.py for tasks to queue
[2021-07-19 00:16:59,491] {logging_mixin.py:104} INFO - [2021-07-19 00:16:59,491] {dagbag.py:496} INFO - Filling up the DagBag from /home/airflow/.local/lib/python3.6/site-packages/airflow/example_dags/example_latest_only.py
[2021-07-19 00:16:59,506] {scheduler_job.py:642} INFO - DAG(s) dict_keys(['latest_only']) retrieved from /home/airflow/.local/lib/python3.6/site-packages/airflow/example_dags/example_latest_only.py
[2021-07-19 00:16:59,531] {logging_mixin.py:104} INFO - [2021-07-19 00:16:59,531] {dag.py:1833} INFO - Sync 1 DAGs
[2021-07-19 00:16:59,549] {logging_mixin.py:104} INFO - [2021-07-19 00:16:59,548] {dag.py:2306} INFO - Setting next_dagrun for latest_only to 2021-07-17 00:00:00+00:00
[2021-07-19 00:16:59,830] {scheduler_job.py:189} INFO - Processing /home/airflow/.local/lib/python3.6/site-packages/airflow/example_dags/example_latest_only.py took 0.346 seconds
[2021-07-19 00:17:30,258] {scheduler_job.py:181} INFO - Started process (PID=2521) to work on /home/airflow/.local/lib/python3.6/site-packages/airflow/example_dags/example_latest_only.py
[2021-07-19 00:17:30,260] {scheduler_job.py:632} INFO - Processing file /home/airflow/.local/lib/python3.6/site-packages/airflow/example_dags/example_latest_only.py for tasks to queue
[2021-07-19 00:17:30,261] {logging_mixin.py:104} INFO - [2021-07-19 00:17:30,260] {dagbag.py:496} INFO - Filling up the DagBag from /home/airflow/.local/lib/python3.6/site-packages/airflow/example_dags/example_latest_only.py
[2021-07-19 00:17:30,275] {scheduler_job.py:642} INFO - DAG(s) dict_keys(['latest_only']) retrieved from /home/airflow/.local/lib/python3.6/site-packages/airflow/example_dags/example_latest_only.py
[2021-07-19 00:17:30,306] {logging_mixin.py:104} INFO - [2021-07-19 00:17:30,306] {dag.py:1833} INFO - Sync 1 DAGs
[2021-07-19 00:17:30,334] {logging_mixin.py:104} INFO - [2021-07-19 00:17:30,334] {dag.py:2306} INFO - Setting next_dagrun for latest_only to 2021-07-17 00:00:00+00:00
[2021-07-19 00:17:31,388] {scheduler_job.py:189} INFO - Processing /home/airflow/.local/lib/python3.6/site-packages/airflow/example_dags/example_latest_only.py took 1.135 seconds
[2021-07-19 00:18:01,823] {scheduler_job.py:181} INFO - Started process (PID=2578) to work on /home/airflow/.local/lib/python3.6/site-packages/airflow/example_dags/example_latest_only.py
[2021-07-19 00:18:01,825] {scheduler_job.py:632} INFO - Processing file /home/airflow/.local/lib/python3.6/site-packages/airflow/example_dags/example_latest_only.py for tasks to queue
[2021-07-19 00:18:01,826] {logging_mixin.py:104} INFO - [2021-07-19 00:18:01,826] {dagbag.py:496} INFO - Filling up the DagBag from /home/airflow/.local/lib/python3.6/site-packages/airflow/example_dags/example_latest_only.py
[2021-07-19 00:18:01,838] {scheduler_job.py:642} INFO - DAG(s) dict_keys(['latest_only']) retrieved from /home/airflow/.local/lib/python3.6/site-packages/airflow/example_dags/example_latest_only.py
[2021-07-19 00:18:01,865] {logging_mixin.py:104} INFO - [2021-07-19 00:18:01,865] {dag.py:1833} INFO - Sync 1 DAGs
[2021-07-19 00:18:01,888] {logging_mixin.py:104} INFO - [2021-07-19 00:18:01,888] {dag.py:2306} INFO - Setting next_dagrun for latest_only to 2021-07-17 00:00:00+00:00
[2021-07-19 00:18:01,977] {scheduler_job.py:189} INFO - Processing /home/airflow/.local/lib/python3.6/site-packages/airflow/example_dags/example_latest_only.py took 0.159 seconds
[2021-07-19 00:18:38,649] {scheduler_job.py:181} INFO - Started process (PID=2645) to work on /home/airflow/.local/lib/python3.6/site-packages/airflow/example_dags/example_latest_only.py
[2021-07-19 00:18:38,651] {scheduler_job.py:632} INFO - Processing file /home/airflow/.local/lib/python3.6/site-packages/airflow/example_dags/example_latest_only.py for tasks to queue
[2021-07-19 00:18:38,652] {logging_mixin.py:104} INFO - [2021-07-19 00:18:38,652] {dagbag.py:496} INFO - Filling up the DagBag from /home/airflow/.local/lib/python3.6/site-packages/airflow/example_dags/example_latest_only.py
[2021-07-19 00:18:38,668] {scheduler_job.py:642} INFO - DAG(s) dict_keys(['latest_only']) retrieved from /home/airflow/.local/lib/python3.6/site-packages/airflow/example_dags/example_latest_only.py
[2021-07-19 00:18:38,700] {logging_mixin.py:104} INFO - [2021-07-19 00:18:38,700] {dag.py:1833} INFO - Sync 1 DAGs
[2021-07-19 00:18:38,721] {logging_mixin.py:104} INFO - [2021-07-19 00:18:38,721] {dag.py:2306} INFO - Setting next_dagrun for latest_only to 2021-07-17 00:00:00+00:00
[2021-07-19 00:18:38,994] {scheduler_job.py:189} INFO - Processing /home/airflow/.local/lib/python3.6/site-packages/airflow/example_dags/example_latest_only.py took 0.349 seconds
[2021-07-19 00:19:10,308] {scheduler_job.py:181} INFO - Started process (PID=2700) to work on /home/airflow/.local/lib/python3.6/site-packages/airflow/example_dags/example_latest_only.py
[2021-07-19 00:19:10,315] {scheduler_job.py:632} INFO - Processing file /home/airflow/.local/lib/python3.6/site-packages/airflow/example_dags/example_latest_only.py for tasks to queue
[2021-07-19 00:19:10,318] {logging_mixin.py:104} INFO - [2021-07-19 00:19:10,318] {dagbag.py:496} INFO - Filling up the DagBag from /home/airflow/.local/lib/python3.6/site-packages/airflow/example_dags/example_latest_only.py
[2021-07-19 00:19:10,365] {scheduler_job.py:642} INFO - DAG(s) dict_keys(['latest_only']) retrieved from /home/airflow/.local/lib/python3.6/site-packages/airflow/example_dags/example_latest_only.py
[2021-07-19 00:19:10,462] {logging_mixin.py:104} INFO - [2021-07-19 00:19:10,461] {dag.py:1833} INFO - Sync 1 DAGs
[2021-07-19 00:19:10,491] {logging_mixin.py:104} INFO - [2021-07-19 00:19:10,491] {dag.py:2306} INFO - Setting next_dagrun for latest_only to 2021-07-17 00:00:00+00:00
[2021-07-19 00:19:11,433] {scheduler_job.py:189} INFO - Processing /home/airflow/.local/lib/python3.6/site-packages/airflow/example_dags/example_latest_only.py took 1.137 seconds
[2021-07-19 00:19:41,887] {scheduler_job.py:181} INFO - Started process (PID=2757) to work on /home/airflow/.local/lib/python3.6/site-packages/airflow/example_dags/example_latest_only.py
[2021-07-19 00:19:41,890] {scheduler_job.py:632} INFO - Processing file /home/airflow/.local/lib/python3.6/site-packages/airflow/example_dags/example_latest_only.py for tasks to queue
[2021-07-19 00:19:41,893] {logging_mixin.py:104} INFO - [2021-07-19 00:19:41,892] {dagbag.py:496} INFO - Filling up the DagBag from /home/airflow/.local/lib/python3.6/site-packages/airflow/example_dags/example_latest_only.py
[2021-07-19 00:19:41,907] {scheduler_job.py:642} INFO - DAG(s) dict_keys(['latest_only']) retrieved from /home/airflow/.local/lib/python3.6/site-packages/airflow/example_dags/example_latest_only.py
[2021-07-19 00:19:41,937] {logging_mixin.py:104} INFO - [2021-07-19 00:19:41,936] {dag.py:1833} INFO - Sync 1 DAGs
[2021-07-19 00:19:41,958] {logging_mixin.py:104} INFO - [2021-07-19 00:19:41,957] {dag.py:2306} INFO - Setting next_dagrun for latest_only to 2021-07-17 00:00:00+00:00
[2021-07-19 00:19:42,241] {scheduler_job.py:189} INFO - Processing /home/airflow/.local/lib/python3.6/site-packages/airflow/example_dags/example_latest_only.py took 0.357 seconds
[2021-07-19 00:20:17,329] {scheduler_job.py:181} INFO - Started process (PID=2814) to work on /home/airflow/.local/lib/python3.6/site-packages/airflow/example_dags/example_latest_only.py
[2021-07-19 00:20:17,604] {scheduler_job.py:632} INFO - Processing file /home/airflow/.local/lib/python3.6/site-packages/airflow/example_dags/example_latest_only.py for tasks to queue
[2021-07-19 00:20:17,606] {logging_mixin.py:104} INFO - [2021-07-19 00:20:17,606] {dagbag.py:496} INFO - Filling up the DagBag from /home/airflow/.local/lib/python3.6/site-packages/airflow/example_dags/example_latest_only.py
[2021-07-19 00:20:17,624] {scheduler_job.py:642} INFO - DAG(s) dict_keys(['latest_only']) retrieved from /home/airflow/.local/lib/python3.6/site-packages/airflow/example_dags/example_latest_only.py
[2021-07-19 00:20:17,652] {logging_mixin.py:104} INFO - [2021-07-19 00:20:17,652] {dag.py:1833} INFO - Sync 1 DAGs
[2021-07-19 00:20:17,672] {logging_mixin.py:104} INFO - [2021-07-19 00:20:17,672] {dag.py:2306} INFO - Setting next_dagrun for latest_only to 2021-07-17 00:00:00+00:00
[2021-07-19 00:20:18,420] {scheduler_job.py:189} INFO - Processing /home/airflow/.local/lib/python3.6/site-packages/airflow/example_dags/example_latest_only.py took 1.108 seconds
[2021-07-19 00:20:48,691] {scheduler_job.py:181} INFO - Started process (PID=2884) to work on /home/airflow/.local/lib/python3.6/site-packages/airflow/example_dags/example_latest_only.py
[2021-07-19 00:20:48,692] {scheduler_job.py:632} INFO - Processing file /home/airflow/.local/lib/python3.6/site-packages/airflow/example_dags/example_latest_only.py for tasks to queue
[2021-07-19 00:20:48,695] {logging_mixin.py:104} INFO - [2021-07-19 00:20:48,694] {dagbag.py:496} INFO - Filling up the DagBag from /home/airflow/.local/lib/python3.6/site-packages/airflow/example_dags/example_latest_only.py
[2021-07-19 00:20:48,707] {scheduler_job.py:642} INFO - DAG(s) dict_keys(['latest_only']) retrieved from /home/airflow/.local/lib/python3.6/site-packages/airflow/example_dags/example_latest_only.py
[2021-07-19 00:20:48,734] {logging_mixin.py:104} INFO - [2021-07-19 00:20:48,733] {dag.py:1833} INFO - Sync 1 DAGs
[2021-07-19 00:20:48,760] {logging_mixin.py:104} INFO - [2021-07-19 00:20:48,760] {dag.py:2306} INFO - Setting next_dagrun for latest_only to 2021-07-17 00:00:00+00:00
[2021-07-19 00:20:48,939] {scheduler_job.py:189} INFO - Processing /home/airflow/.local/lib/python3.6/site-packages/airflow/example_dags/example_latest_only.py took 0.252 seconds
[2021-07-19 00:21:20,105] {scheduler_job.py:181} INFO - Started process (PID=2940) to work on /home/airflow/.local/lib/python3.6/site-packages/airflow/example_dags/example_latest_only.py
[2021-07-19 00:21:20,107] {scheduler_job.py:632} INFO - Processing file /home/airflow/.local/lib/python3.6/site-packages/airflow/example_dags/example_latest_only.py for tasks to queue
[2021-07-19 00:21:20,108] {logging_mixin.py:104} INFO - [2021-07-19 00:21:20,108] {dagbag.py:496} INFO - Filling up the DagBag from /home/airflow/.local/lib/python3.6/site-packages/airflow/example_dags/example_latest_only.py
[2021-07-19 00:21:20,155] {scheduler_job.py:642} INFO - DAG(s) dict_keys(['latest_only']) retrieved from /home/airflow/.local/lib/python3.6/site-packages/airflow/example_dags/example_latest_only.py
[2021-07-19 00:21:20,228] {logging_mixin.py:104} INFO - [2021-07-19 00:21:20,228] {dag.py:1833} INFO - Sync 1 DAGs
[2021-07-19 00:21:20,290] {logging_mixin.py:104} INFO - [2021-07-19 00:21:20,290] {dag.py:2306} INFO - Setting next_dagrun for latest_only to 2021-07-17 00:00:00+00:00
[2021-07-19 00:21:21,073] {scheduler_job.py:189} INFO - Processing /home/airflow/.local/lib/python3.6/site-packages/airflow/example_dags/example_latest_only.py took 0.973 seconds
[2021-07-19 00:21:51,737] {scheduler_job.py:181} INFO - Started process (PID=2995) to work on /home/airflow/.local/lib/python3.6/site-packages/airflow/example_dags/example_latest_only.py
[2021-07-19 00:21:51,742] {scheduler_job.py:632} INFO - Processing file /home/airflow/.local/lib/python3.6/site-packages/airflow/example_dags/example_latest_only.py for tasks to queue
[2021-07-19 00:21:51,746] {logging_mixin.py:104} INFO - [2021-07-19 00:21:51,745] {dagbag.py:496} INFO - Filling up the DagBag from /home/airflow/.local/lib/python3.6/site-packages/airflow/example_dags/example_latest_only.py
[2021-07-19 00:21:51,772] {scheduler_job.py:642} INFO - DAG(s) dict_keys(['latest_only']) retrieved from /home/airflow/.local/lib/python3.6/site-packages/airflow/example_dags/example_latest_only.py
[2021-07-19 00:21:51,803] {logging_mixin.py:104} INFO - [2021-07-19 00:21:51,803] {dag.py:1833} INFO - Sync 1 DAGs
[2021-07-19 00:21:51,824] {logging_mixin.py:104} INFO - [2021-07-19 00:21:51,824] {dag.py:2306} INFO - Setting next_dagrun for latest_only to 2021-07-17 00:00:00+00:00
[2021-07-19 00:21:52,337] {scheduler_job.py:189} INFO - Processing /home/airflow/.local/lib/python3.6/site-packages/airflow/example_dags/example_latest_only.py took 0.605 seconds
[2021-07-19 00:22:22,854] {scheduler_job.py:181} INFO - Started process (PID=3051) to work on /home/airflow/.local/lib/python3.6/site-packages/airflow/example_dags/example_latest_only.py
[2021-07-19 00:22:22,856] {scheduler_job.py:632} INFO - Processing file /home/airflow/.local/lib/python3.6/site-packages/airflow/example_dags/example_latest_only.py for tasks to queue
[2021-07-19 00:22:22,858] {logging_mixin.py:104} INFO - [2021-07-19 00:22:22,858] {dagbag.py:496} INFO - Filling up the DagBag from /home/airflow/.local/lib/python3.6/site-packages/airflow/example_dags/example_latest_only.py
[2021-07-19 00:22:22,879] {scheduler_job.py:642} INFO - DAG(s) dict_keys(['latest_only']) retrieved from /home/airflow/.local/lib/python3.6/site-packages/airflow/example_dags/example_latest_only.py
[2021-07-19 00:22:22,913] {logging_mixin.py:104} INFO - [2021-07-19 00:22:22,913] {dag.py:1833} INFO - Sync 1 DAGs
[2021-07-19 00:22:22,935] {logging_mixin.py:104} INFO - [2021-07-19 00:22:22,934] {dag.py:2306} INFO - Setting next_dagrun for latest_only to 2021-07-17 00:00:00+00:00
[2021-07-19 00:22:23,382] {scheduler_job.py:189} INFO - Processing /home/airflow/.local/lib/python3.6/site-packages/airflow/example_dags/example_latest_only.py took 0.532 seconds
[2021-07-19 00:22:53,845] {scheduler_job.py:181} INFO - Started process (PID=3119) to work on /home/airflow/.local/lib/python3.6/site-packages/airflow/example_dags/example_latest_only.py
[2021-07-19 00:22:53,848] {scheduler_job.py:632} INFO - Processing file /home/airflow/.local/lib/python3.6/site-packages/airflow/example_dags/example_latest_only.py for tasks to queue
[2021-07-19 00:22:53,849] {logging_mixin.py:104} INFO - [2021-07-19 00:22:53,849] {dagbag.py:496} INFO - Filling up the DagBag from /home/airflow/.local/lib/python3.6/site-packages/airflow/example_dags/example_latest_only.py
[2021-07-19 00:22:53,866] {scheduler_job.py:642} INFO - DAG(s) dict_keys(['latest_only']) retrieved from /home/airflow/.local/lib/python3.6/site-packages/airflow/example_dags/example_latest_only.py
[2021-07-19 00:22:53,898] {logging_mixin.py:104} INFO - [2021-07-19 00:22:53,898] {dag.py:1833} INFO - Sync 1 DAGs
[2021-07-19 00:22:53,922] {logging_mixin.py:104} INFO - [2021-07-19 00:22:53,922] {dag.py:2306} INFO - Setting next_dagrun for latest_only to 2021-07-17 00:00:00+00:00
[2021-07-19 00:22:54,100] {scheduler_job.py:189} INFO - Processing /home/airflow/.local/lib/python3.6/site-packages/airflow/example_dags/example_latest_only.py took 0.261 seconds
[2021-07-19 00:23:24,576] {scheduler_job.py:181} INFO - Started process (PID=3175) to work on /home/airflow/.local/lib/python3.6/site-packages/airflow/example_dags/example_latest_only.py
[2021-07-19 00:23:24,579] {scheduler_job.py:632} INFO - Processing file /home/airflow/.local/lib/python3.6/site-packages/airflow/example_dags/example_latest_only.py for tasks to queue
[2021-07-19 00:23:24,581] {logging_mixin.py:104} INFO - [2021-07-19 00:23:24,581] {dagbag.py:496} INFO - Filling up the DagBag from /home/airflow/.local/lib/python3.6/site-packages/airflow/example_dags/example_latest_only.py
[2021-07-19 00:23:24,616] {scheduler_job.py:642} INFO - DAG(s) dict_keys(['latest_only']) retrieved from /home/airflow/.local/lib/python3.6/site-packages/airflow/example_dags/example_latest_only.py
[2021-07-19 00:23:24,672] {logging_mixin.py:104} INFO - [2021-07-19 00:23:24,672] {dag.py:1833} INFO - Sync 1 DAGs
[2021-07-19 00:23:24,922] {logging_mixin.py:104} INFO - [2021-07-19 00:23:24,922] {dag.py:2306} INFO - Setting next_dagrun for latest_only to 2021-07-17 00:00:00+00:00
[2021-07-19 00:23:25,705] {scheduler_job.py:189} INFO - Processing /home/airflow/.local/lib/python3.6/site-packages/airflow/example_dags/example_latest_only.py took 1.135 seconds
                                                                                                                                                                                                                                                                                                                                                                                                                                                                                                                                                                                                                                                                                                                                                                                                                                                                                                                                                                                                                                                                                                                                                                                                                                                                                                                                                                                                                                                                                                                                                                                                                                                                                                                                                                                                                                                                                                                                                                                                                                                                                                                                                                                                                                                                                                                                                                                                                                                                                                                                                                                                                                                                                                                                                                                                                                                                                                                                                                                                                                                                                                                                                                                                                                                                                                                                                                                                                                                                                                                                                                                                                                                                                                                                                                                                                                                                                                                                                                                                                                                                                                                                                                                                                                                                                                                                                                                                                                                                                                                                                                                                                                                                                                                                                                                                                                                                                                                                                                                                                                                                                                                                                                                                                                                                                                                                                                                                                                                                                                                                                                                                                                                                                                                                                                                                                                                                                                                                                                                                                                                                                                                                                                                                                                                                                                                                                                                                                                                                                                                                        