[2021-07-19 00:00:08,671] {scheduler_job.py:181} INFO - Started process (PID=478) to work on /home/airflow/.local/lib/python3.6/site-packages/airflow/example_dags/example_nested_branch_dag.py
[2021-07-19 00:00:08,673] {scheduler_job.py:632} INFO - Processing file /home/airflow/.local/lib/python3.6/site-packages/airflow/example_dags/example_nested_branch_dag.py for tasks to queue
[2021-07-19 00:00:08,674] {logging_mixin.py:104} INFO - [2021-07-19 00:00:08,674] {dagbag.py:496} INFO - Filling up the DagBag from /home/airflow/.local/lib/python3.6/site-packages/airflow/example_dags/example_nested_branch_dag.py
[2021-07-19 00:00:08,723] {scheduler_job.py:642} INFO - DAG(s) dict_keys(['example_nested_branch_dag']) retrieved from /home/airflow/.local/lib/python3.6/site-packages/airflow/example_dags/example_nested_branch_dag.py
[2021-07-19 00:00:09,475] {logging_mixin.py:104} INFO - [2021-07-19 00:00:09,475] {dag.py:1833} INFO - Sync 1 DAGs
[2021-07-19 00:00:09,499] {logging_mixin.py:104} INFO - [2021-07-19 00:00:09,499] {dag.py:2306} INFO - Setting next_dagrun for example_nested_branch_dag to 2021-07-17 00:00:00+00:00
[2021-07-19 00:00:09,773] {scheduler_job.py:189} INFO - Processing /home/airflow/.local/lib/python3.6/site-packages/airflow/example_dags/example_nested_branch_dag.py took 1.114 seconds
[2021-07-19 00:00:40,038] {scheduler_job.py:181} INFO - Started process (PID=535) to work on /home/airflow/.local/lib/python3.6/site-packages/airflow/example_dags/example_nested_branch_dag.py
[2021-07-19 00:00:40,040] {scheduler_job.py:632} INFO - Processing file /home/airflow/.local/lib/python3.6/site-packages/airflow/example_dags/example_nested_branch_dag.py for tasks to queue
[2021-07-19 00:00:40,042] {logging_mixin.py:104} INFO - [2021-07-19 00:00:40,042] {dagbag.py:496} INFO - Filling up the DagBag from /home/airflow/.local/lib/python3.6/site-packages/airflow/example_dags/example_nested_branch_dag.py
[2021-07-19 00:00:40,070] {scheduler_job.py:642} INFO - DAG(s) dict_keys(['example_nested_branch_dag']) retrieved from /home/airflow/.local/lib/python3.6/site-packages/airflow/example_dags/example_nested_branch_dag.py
[2021-07-19 00:00:40,103] {logging_mixin.py:104} INFO - [2021-07-19 00:00:40,103] {dag.py:1833} INFO - Sync 1 DAGs
[2021-07-19 00:00:40,139] {logging_mixin.py:104} INFO - [2021-07-19 00:00:40,139] {dag.py:2306} INFO - Setting next_dagrun for example_nested_branch_dag to 2021-07-17 00:00:00+00:00
[2021-07-19 00:00:40,236] {scheduler_job.py:189} INFO - Processing /home/airflow/.local/lib/python3.6/site-packages/airflow/example_dags/example_nested_branch_dag.py took 0.204 seconds
[2021-07-19 00:01:10,744] {scheduler_job.py:181} INFO - Started process (PID=604) to work on /home/airflow/.local/lib/python3.6/site-packages/airflow/example_dags/example_nested_branch_dag.py
[2021-07-19 00:01:10,746] {scheduler_job.py:632} INFO - Processing file /home/airflow/.local/lib/python3.6/site-packages/airflow/example_dags/example_nested_branch_dag.py for tasks to queue
[2021-07-19 00:01:10,750] {logging_mixin.py:104} INFO - [2021-07-19 00:01:10,750] {dagbag.py:496} INFO - Filling up the DagBag from /home/airflow/.local/lib/python3.6/site-packages/airflow/example_dags/example_nested_branch_dag.py
[2021-07-19 00:01:10,772] {scheduler_job.py:642} INFO - DAG(s) dict_keys(['example_nested_branch_dag']) retrieved from /home/airflow/.local/lib/python3.6/site-packages/airflow/example_dags/example_nested_branch_dag.py
[2021-07-19 00:01:10,829] {logging_mixin.py:104} INFO - [2021-07-19 00:01:10,829] {dag.py:1833} INFO - Sync 1 DAGs
[2021-07-19 00:01:10,881] {logging_mixin.py:104} INFO - [2021-07-19 00:01:10,881] {dag.py:2306} INFO - Setting next_dagrun for example_nested_branch_dag to 2021-07-17 00:00:00+00:00
[2021-07-19 00:01:11,109] {scheduler_job.py:189} INFO - Processing /home/airflow/.local/lib/python3.6/site-packages/airflow/example_dags/example_nested_branch_dag.py took 0.370 seconds
[2021-07-19 00:01:41,885] {scheduler_job.py:181} INFO - Started process (PID=660) to work on /home/airflow/.local/lib/python3.6/site-packages/airflow/example_dags/example_nested_branch_dag.py
[2021-07-19 00:01:41,888] {scheduler_job.py:632} INFO - Processing file /home/airflow/.local/lib/python3.6/site-packages/airflow/example_dags/example_nested_branch_dag.py for tasks to queue
[2021-07-19 00:01:41,889] {logging_mixin.py:104} INFO - [2021-07-19 00:01:41,889] {dagbag.py:496} INFO - Filling up the DagBag from /home/airflow/.local/lib/python3.6/site-packages/airflow/example_dags/example_nested_branch_dag.py
[2021-07-19 00:01:41,913] {scheduler_job.py:642} INFO - DAG(s) dict_keys(['example_nested_branch_dag']) retrieved from /home/airflow/.local/lib/python3.6/site-packages/airflow/example_dags/example_nested_branch_dag.py
[2021-07-19 00:01:41,985] {logging_mixin.py:104} INFO - [2021-07-19 00:01:41,985] {dag.py:1833} INFO - Sync 1 DAGs
[2021-07-19 00:01:42,039] {logging_mixin.py:104} INFO - [2021-07-19 00:01:42,038] {dag.py:2306} INFO - Setting next_dagrun for example_nested_branch_dag to 2021-07-17 00:00:00+00:00
[2021-07-19 00:01:42,116] {scheduler_job.py:189} INFO - Processing /home/airflow/.local/lib/python3.6/site-packages/airflow/example_dags/example_nested_branch_dag.py took 0.235 seconds
[2021-07-19 00:02:12,296] {scheduler_job.py:181} INFO - Started process (PID=716) to work on /home/airflow/.local/lib/python3.6/site-packages/airflow/example_dags/example_nested_branch_dag.py
[2021-07-19 00:02:12,298] {scheduler_job.py:632} INFO - Processing file /home/airflow/.local/lib/python3.6/site-packages/airflow/example_dags/example_nested_branch_dag.py for tasks to queue
[2021-07-19 00:02:12,299] {logging_mixin.py:104} INFO - [2021-07-19 00:02:12,299] {dagbag.py:496} INFO - Filling up the DagBag from /home/airflow/.local/lib/python3.6/site-packages/airflow/example_dags/example_nested_branch_dag.py
[2021-07-19 00:02:12,317] {scheduler_job.py:642} INFO - DAG(s) dict_keys(['example_nested_branch_dag']) retrieved from /home/airflow/.local/lib/python3.6/site-packages/airflow/example_dags/example_nested_branch_dag.py
[2021-07-19 00:02:12,345] {logging_mixin.py:104} INFO - [2021-07-19 00:02:12,345] {dag.py:1833} INFO - Sync 1 DAGs
[2021-07-19 00:02:12,369] {logging_mixin.py:104} INFO - [2021-07-19 00:02:12,369] {dag.py:2306} INFO - Setting next_dagrun for example_nested_branch_dag to 2021-07-17 00:00:00+00:00
[2021-07-19 00:02:12,425] {scheduler_job.py:189} INFO - Processing /home/airflow/.local/lib/python3.6/site-packages/airflow/example_dags/example_nested_branch_dag.py took 0.132 seconds
[2021-07-19 00:02:43,147] {scheduler_job.py:181} INFO - Started process (PID=786) to work on /home/airflow/.local/lib/python3.6/site-packages/airflow/example_dags/example_nested_branch_dag.py
[2021-07-19 00:02:43,150] {scheduler_job.py:632} INFO - Processing file /home/airflow/.local/lib/python3.6/site-packages/airflow/example_dags/example_nested_branch_dag.py for tasks to queue
[2021-07-19 00:02:43,153] {logging_mixin.py:104} INFO - [2021-07-19 00:02:43,152] {dagbag.py:496} INFO - Filling up the DagBag from /home/airflow/.local/lib/python3.6/site-packages/airflow/example_dags/example_nested_branch_dag.py
[2021-07-19 00:02:43,178] {scheduler_job.py:642} INFO - DAG(s) dict_keys(['example_nested_branch_dag']) retrieved from /home/airflow/.local/lib/python3.6/site-packages/airflow/example_dags/example_nested_branch_dag.py
[2021-07-19 00:02:43,237] {logging_mixin.py:104} INFO - [2021-07-19 00:02:43,237] {dag.py:1833} INFO - Sync 1 DAGs
[2021-07-19 00:02:43,299] {logging_mixin.py:104} INFO - [2021-07-19 00:02:43,299] {dag.py:2306} INFO - Setting next_dagrun for example_nested_branch_dag to 2021-07-17 00:00:00+00:00
[2021-07-19 00:02:43,498] {scheduler_job.py:189} INFO - Processing /home/airflow/.local/lib/python3.6/site-packages/airflow/example_dags/example_nested_branch_dag.py took 0.362 seconds
[2021-07-19 00:03:14,244] {scheduler_job.py:181} INFO - Started process (PID=842) to work on /home/airflow/.local/lib/python3.6/site-packages/airflow/example_dags/example_nested_branch_dag.py
[2021-07-19 00:03:14,246] {scheduler_job.py:632} INFO - Processing file /home/airflow/.local/lib/python3.6/site-packages/airflow/example_dags/example_nested_branch_dag.py for tasks to queue
[2021-07-19 00:03:14,248] {logging_mixin.py:104} INFO - [2021-07-19 00:03:14,247] {dagbag.py:496} INFO - Filling up the DagBag from /home/airflow/.local/lib/python3.6/site-packages/airflow/example_dags/example_nested_branch_dag.py
[2021-07-19 00:03:14,275] {scheduler_job.py:642} INFO - DAG(s) dict_keys(['example_nested_branch_dag']) retrieved from /home/airflow/.local/lib/python3.6/site-packages/airflow/example_dags/example_nested_branch_dag.py
[2021-07-19 00:03:14,310] {logging_mixin.py:104} INFO - [2021-07-19 00:03:14,310] {dag.py:1833} INFO - Sync 1 DAGs
[2021-07-19 00:03:14,338] {logging_mixin.py:104} INFO - [2021-07-19 00:03:14,338] {dag.py:2306} INFO - Setting next_dagrun for example_nested_branch_dag to 2021-07-17 00:00:00+00:00
[2021-07-19 00:03:14,416] {scheduler_job.py:189} INFO - Processing /home/airflow/.local/lib/python3.6/site-packages/airflow/example_dags/example_nested_branch_dag.py took 0.179 seconds
[2021-07-19 00:03:44,951] {scheduler_job.py:181} INFO - Started process (PID=908) to work on /home/airflow/.local/lib/python3.6/site-packages/airflow/example_dags/example_nested_branch_dag.py
[2021-07-19 00:03:44,953] {scheduler_job.py:632} INFO - Processing file /home/airflow/.local/lib/python3.6/site-packages/airflow/example_dags/example_nested_branch_dag.py for tasks to queue
[2021-07-19 00:03:44,954] {logging_mixin.py:104} INFO - [2021-07-19 00:03:44,954] {dagbag.py:496} INFO - Filling up the DagBag from /home/airflow/.local/lib/python3.6/site-packages/airflow/example_dags/example_nested_branch_dag.py
[2021-07-19 00:03:44,977] {scheduler_job.py:642} INFO - DAG(s) dict_keys(['example_nested_branch_dag']) retrieved from /home/airflow/.local/lib/python3.6/site-packages/airflow/example_dags/example_nested_branch_dag.py
[2021-07-19 00:03:45,006] {logging_mixin.py:104} INFO - [2021-07-19 00:03:45,006] {dag.py:1833} INFO - Sync 1 DAGs
[2021-07-19 00:03:45,034] {logging_mixin.py:104} INFO - [2021-07-19 00:03:45,034] {dag.py:2306} INFO - Setting next_dagrun for example_nested_branch_dag to 2021-07-17 00:00:00+00:00
[2021-07-19 00:03:45,178] {scheduler_job.py:189} INFO - Processing /home/airflow/.local/lib/python3.6/site-packages/airflow/example_dags/example_nested_branch_dag.py took 0.232 seconds
[2021-07-19 00:04:16,156] {scheduler_job.py:181} INFO - Started process (PID=964) to work on /home/airflow/.local/lib/python3.6/site-packages/airflow/example_dags/example_nested_branch_dag.py
[2021-07-19 00:04:16,159] {scheduler_job.py:632} INFO - Processing file /home/airflow/.local/lib/python3.6/site-packages/airflow/example_dags/example_nested_branch_dag.py for tasks to queue
[2021-07-19 00:04:16,160] {logging_mixin.py:104} INFO - [2021-07-19 00:04:16,160] {dagbag.py:496} INFO - Filling up the DagBag from /home/airflow/.local/lib/python3.6/site-packages/airflow/example_dags/example_nested_branch_dag.py
[2021-07-19 00:04:16,180] {scheduler_job.py:642} INFO - DAG(s) dict_keys(['example_nested_branch_dag']) retrieved from /home/airflow/.local/lib/python3.6/site-packages/airflow/example_dags/example_nested_branch_dag.py
[2021-07-19 00:04:16,207] {logging_mixin.py:104} INFO - [2021-07-19 00:04:16,207] {dag.py:1833} INFO - Sync 1 DAGs
[2021-07-19 00:04:16,245] {logging_mixin.py:104} INFO - [2021-07-19 00:04:16,245] {dag.py:2306} INFO - Setting next_dagrun for example_nested_branch_dag to 2021-07-17 00:00:00+00:00
[2021-07-19 00:04:16,301] {scheduler_job.py:189} INFO - Processing /home/airflow/.local/lib/python3.6/site-packages/airflow/example_dags/example_nested_branch_dag.py took 0.148 seconds
[2021-07-19 00:04:46,614] {scheduler_job.py:181} INFO - Started process (PID=1021) to work on /home/airflow/.local/lib/python3.6/site-packages/airflow/example_dags/example_nested_branch_dag.py
[2021-07-19 00:04:46,616] {scheduler_job.py:632} INFO - Processing file /home/airflow/.local/lib/python3.6/site-packages/airflow/example_dags/example_nested_branch_dag.py for tasks to queue
[2021-07-19 00:04:46,617] {logging_mixin.py:104} INFO - [2021-07-19 00:04:46,617] {dagbag.py:496} INFO - Filling up the DagBag from /home/airflow/.local/lib/python3.6/site-packages/airflow/example_dags/example_nested_branch_dag.py
[2021-07-19 00:04:46,639] {scheduler_job.py:642} INFO - DAG(s) dict_keys(['example_nested_branch_dag']) retrieved from /home/airflow/.local/lib/python3.6/site-packages/airflow/example_dags/example_nested_branch_dag.py
[2021-07-19 00:04:46,670] {logging_mixin.py:104} INFO - [2021-07-19 00:04:46,670] {dag.py:1833} INFO - Sync 1 DAGs
[2021-07-19 00:04:46,694] {logging_mixin.py:104} INFO - [2021-07-19 00:04:46,694] {dag.py:2306} INFO - Setting next_dagrun for example_nested_branch_dag to 2021-07-17 00:00:00+00:00
[2021-07-19 00:04:46,754] {scheduler_job.py:189} INFO - Processing /home/airflow/.local/lib/python3.6/site-packages/airflow/example_dags/example_nested_branch_dag.py took 0.144 seconds
[2021-07-19 00:05:16,839] {scheduler_job.py:181} INFO - Started process (PID=1084) to work on /home/airflow/.local/lib/python3.6/site-packages/airflow/example_dags/example_nested_branch_dag.py
[2021-07-19 00:05:16,842] {scheduler_job.py:632} INFO - Processing file /home/airflow/.local/lib/python3.6/site-packages/airflow/example_dags/example_nested_branch_dag.py for tasks to queue
[2021-07-19 00:05:16,843] {logging_mixin.py:104} INFO - [2021-07-19 00:05:16,843] {dagbag.py:496} INFO - Filling up the DagBag from /home/airflow/.local/lib/python3.6/site-packages/airflow/example_dags/example_nested_branch_dag.py
[2021-07-19 00:05:16,867] {scheduler_job.py:642} INFO - DAG(s) dict_keys(['example_nested_branch_dag']) retrieved from /home/airflow/.local/lib/python3.6/site-packages/airflow/example_dags/example_nested_branch_dag.py
[2021-07-19 00:05:16,903] {logging_mixin.py:104} INFO - [2021-07-19 00:05:16,902] {dag.py:1833} INFO - Sync 1 DAGs
[2021-07-19 00:05:16,938] {logging_mixin.py:104} INFO - [2021-07-19 00:05:16,937] {dag.py:2306} INFO - Setting next_dagrun for example_nested_branch_dag to 2021-07-17 00:00:00+00:00
[2021-07-19 00:05:16,984] {scheduler_job.py:189} INFO - Processing /home/airflow/.local/lib/python3.6/site-packages/airflow/example_dags/example_nested_branch_dag.py took 0.149 seconds
[2021-07-19 00:05:47,199] {scheduler_job.py:181} INFO - Started process (PID=1139) to work on /home/airflow/.local/lib/python3.6/site-packages/airflow/example_dags/example_nested_branch_dag.py
[2021-07-19 00:05:47,201] {scheduler_job.py:632} INFO - Processing file /home/airflow/.local/lib/python3.6/site-packages/airflow/example_dags/example_nested_branch_dag.py for tasks to queue
[2021-07-19 00:05:47,203] {logging_mixin.py:104} INFO - [2021-07-19 00:05:47,203] {dagbag.py:496} INFO - Filling up the DagBag from /home/airflow/.local/lib/python3.6/site-packages/airflow/example_dags/example_nested_branch_dag.py
[2021-07-19 00:05:47,220] {scheduler_job.py:642} INFO - DAG(s) dict_keys(['example_nested_branch_dag']) retrieved from /home/airflow/.local/lib/python3.6/site-packages/airflow/example_dags/example_nested_branch_dag.py
[2021-07-19 00:05:47,249] {logging_mixin.py:104} INFO - [2021-07-19 00:05:47,249] {dag.py:1833} INFO - Sync 1 DAGs
[2021-07-19 00:05:47,276] {logging_mixin.py:104} INFO - [2021-07-19 00:05:47,275] {dag.py:2306} INFO - Setting next_dagrun for example_nested_branch_dag to 2021-07-17 00:00:00+00:00
[2021-07-19 00:05:47,321] {scheduler_job.py:189} INFO - Processing /home/airflow/.local/lib/python3.6/site-packages/airflow/example_dags/example_nested_branch_dag.py took 0.126 seconds
[2021-07-19 00:06:17,541] {scheduler_job.py:181} INFO - Started process (PID=1195) to work on /home/airflow/.local/lib/python3.6/site-packages/airflow/example_dags/example_nested_branch_dag.py
[2021-07-19 00:06:17,553] {scheduler_job.py:632} INFO - Processing file /home/airflow/.local/lib/python3.6/site-packages/airflow/example_dags/example_nested_branch_dag.py for tasks to queue
[2021-07-19 00:06:17,555] {logging_mixin.py:104} INFO - [2021-07-19 00:06:17,554] {dagbag.py:496} INFO - Filling up the DagBag from /home/airflow/.local/lib/python3.6/site-packages/airflow/example_dags/example_nested_branch_dag.py
[2021-07-19 00:06:17,577] {scheduler_job.py:642} INFO - DAG(s) dict_keys(['example_nested_branch_dag']) retrieved from /home/airflow/.local/lib/python3.6/site-packages/airflow/example_dags/example_nested_branch_dag.py
[2021-07-19 00:06:17,606] {logging_mixin.py:104} INFO - [2021-07-19 00:06:17,606] {dag.py:1833} INFO - Sync 1 DAGs
[2021-07-19 00:06:17,652] {logging_mixin.py:104} INFO - [2021-07-19 00:06:17,652] {dag.py:2306} INFO - Setting next_dagrun for example_nested_branch_dag to 2021-07-17 00:00:00+00:00
[2021-07-19 00:06:17,708] {scheduler_job.py:189} INFO - Processing /home/airflow/.local/lib/python3.6/site-packages/airflow/example_dags/example_nested_branch_dag.py took 0.172 seconds
[2021-07-19 00:06:47,920] {scheduler_job.py:181} INFO - Started process (PID=1263) to work on /home/airflow/.local/lib/python3.6/site-packages/airflow/example_dags/example_nested_branch_dag.py
[2021-07-19 00:06:47,922] {scheduler_job.py:632} INFO - Processing file /home/airflow/.local/lib/python3.6/site-packages/airflow/example_dags/example_nested_branch_dag.py for tasks to queue
[2021-07-19 00:06:47,923] {logging_mixin.py:104} INFO - [2021-07-19 00:06:47,923] {dagbag.py:496} INFO - Filling up the DagBag from /home/airflow/.local/lib/python3.6/site-packages/airflow/example_dags/example_nested_branch_dag.py
[2021-07-19 00:06:47,942] {scheduler_job.py:642} INFO - DAG(s) dict_keys(['example_nested_branch_dag']) retrieved from /home/airflow/.local/lib/python3.6/site-packages/airflow/example_dags/example_nested_branch_dag.py
[2021-07-19 00:06:47,970] {logging_mixin.py:104} INFO - [2021-07-19 00:06:47,970] {dag.py:1833} INFO - Sync 1 DAGs
[2021-07-19 00:06:47,994] {logging_mixin.py:104} INFO - [2021-07-19 00:06:47,994] {dag.py:2306} INFO - Setting next_dagrun for example_nested_branch_dag to 2021-07-17 00:00:00+00:00
[2021-07-19 00:06:48,155] {scheduler_job.py:189} INFO - Processing /home/airflow/.local/lib/python3.6/site-packages/airflow/example_dags/example_nested_branch_dag.py took 0.238 seconds
[2021-07-19 00:07:18,422] {scheduler_job.py:181} INFO - Started process (PID=1321) to work on /home/airflow/.local/lib/python3.6/site-packages/airflow/example_dags/example_nested_branch_dag.py
[2021-07-19 00:07:18,425] {scheduler_job.py:632} INFO - Processing file /home/airflow/.local/lib/python3.6/site-packages/airflow/example_dags/example_nested_branch_dag.py for tasks to queue
[2021-07-19 00:07:18,426] {logging_mixin.py:104} INFO - [2021-07-19 00:07:18,426] {dagbag.py:496} INFO - Filling up the DagBag from /home/airflow/.local/lib/python3.6/site-packages/airflow/example_dags/example_nested_branch_dag.py
[2021-07-19 00:07:18,454] {scheduler_job.py:642} INFO - DAG(s) dict_keys(['example_nested_branch_dag']) retrieved from /home/airflow/.local/lib/python3.6/site-packages/airflow/example_dags/example_nested_branch_dag.py
[2021-07-19 00:07:18,492] {logging_mixin.py:104} INFO - [2021-07-19 00:07:18,491] {dag.py:1833} INFO - Sync 1 DAGs
[2021-07-19 00:07:18,545] {logging_mixin.py:104} INFO - [2021-07-19 00:07:18,545] {dag.py:2306} INFO - Setting next_dagrun for example_nested_branch_dag to 2021-07-17 00:00:00+00:00
[2021-07-19 00:07:18,623] {scheduler_job.py:189} INFO - Processing /home/airflow/.local/lib/python3.6/site-packages/airflow/example_dags/example_nested_branch_dag.py took 0.206 seconds
[2021-07-19 00:07:48,860] {scheduler_job.py:181} INFO - Started process (PID=1385) to work on /home/airflow/.local/lib/python3.6/site-packages/airflow/example_dags/example_nested_branch_dag.py
[2021-07-19 00:07:48,862] {scheduler_job.py:632} INFO - Processing file /home/airflow/.local/lib/python3.6/site-packages/airflow/example_dags/example_nested_branch_dag.py for tasks to queue
[2021-07-19 00:07:48,863] {logging_mixin.py:104} INFO - [2021-07-19 00:07:48,863] {dagbag.py:496} INFO - Filling up the DagBag from /home/airflow/.local/lib/python3.6/site-packages/airflow/example_dags/example_nested_branch_dag.py
[2021-07-19 00:07:48,886] {scheduler_job.py:642} INFO - DAG(s) dict_keys(['example_nested_branch_dag']) retrieved from /home/airflow/.local/lib/python3.6/site-packages/airflow/example_dags/example_nested_branch_dag.py
[2021-07-19 00:07:48,915] {logging_mixin.py:104} INFO - [2021-07-19 00:07:48,914] {dag.py:1833} INFO - Sync 1 DAGs
[2021-07-19 00:07:48,941] {logging_mixin.py:104} INFO - [2021-07-19 00:07:48,941] {dag.py:2306} INFO - Setting next_dagrun for example_nested_branch_dag to 2021-07-17 00:00:00+00:00
[2021-07-19 00:07:48,991] {scheduler_job.py:189} INFO - Processing /home/airflow/.local/lib/python3.6/site-packages/airflow/example_dags/example_nested_branch_dag.py took 0.135 seconds
[2021-07-19 00:08:19,383] {scheduler_job.py:181} INFO - Started process (PID=1445) to work on /home/airflow/.local/lib/python3.6/site-packages/airflow/example_dags/example_nested_branch_dag.py
[2021-07-19 00:08:19,385] {scheduler_job.py:632} INFO - Processing file /home/airflow/.local/lib/python3.6/site-packages/airflow/example_dags/example_nested_branch_dag.py for tasks to queue
[2021-07-19 00:08:19,386] {logging_mixin.py:104} INFO - [2021-07-19 00:08:19,386] {dagbag.py:496} INFO - Filling up the DagBag from /home/airflow/.local/lib/python3.6/site-packages/airflow/example_dags/example_nested_branch_dag.py
[2021-07-19 00:08:19,403] {scheduler_job.py:642} INFO - DAG(s) dict_keys(['example_nested_branch_dag']) retrieved from /home/airflow/.local/lib/python3.6/site-packages/airflow/example_dags/example_nested_branch_dag.py
[2021-07-19 00:08:19,433] {logging_mixin.py:104} INFO - [2021-07-19 00:08:19,433] {dag.py:1833} INFO - Sync 1 DAGs
[2021-07-19 00:08:19,462] {logging_mixin.py:104} INFO - [2021-07-19 00:08:19,462] {dag.py:2306} INFO - Setting next_dagrun for example_nested_branch_dag to 2021-07-17 00:00:00+00:00
[2021-07-19 00:08:19,524] {scheduler_job.py:189} INFO - Processing /home/airflow/.local/lib/python3.6/site-packages/airflow/example_dags/example_nested_branch_dag.py took 0.144 seconds
[2021-07-19 00:08:50,115] {scheduler_job.py:181} INFO - Started process (PID=1501) to work on /home/airflow/.local/lib/python3.6/site-packages/airflow/example_dags/example_nested_branch_dag.py
[2021-07-19 00:08:50,118] {scheduler_job.py:632} INFO - Processing file /home/airflow/.local/lib/python3.6/site-packages/airflow/example_dags/example_nested_branch_dag.py for tasks to queue
[2021-07-19 00:08:50,120] {logging_mixin.py:104} INFO - [2021-07-19 00:08:50,119] {dagbag.py:496} INFO - Filling up the DagBag from /home/airflow/.local/lib/python3.6/site-packages/airflow/example_dags/example_nested_branch_dag.py
[2021-07-19 00:08:50,140] {scheduler_job.py:642} INFO - DAG(s) dict_keys(['example_nested_branch_dag']) retrieved from /home/airflow/.local/lib/python3.6/site-packages/airflow/example_dags/example_nested_branch_dag.py
[2021-07-19 00:08:50,169] {logging_mixin.py:104} INFO - [2021-07-19 00:08:50,169] {dag.py:1833} INFO - Sync 1 DAGs
[2021-07-19 00:08:50,196] {logging_mixin.py:104} INFO - [2021-07-19 00:08:50,195] {dag.py:2306} INFO - Setting next_dagrun for example_nested_branch_dag to 2021-07-17 00:00:00+00:00
[2021-07-19 00:08:50,299] {scheduler_job.py:189} INFO - Processing /home/airflow/.local/lib/python3.6/site-packages/airflow/example_dags/example_nested_branch_dag.py took 0.189 seconds
[2021-07-19 00:09:20,813] {scheduler_job.py:181} INFO - Started process (PID=1567) to work on /home/airflow/.local/lib/python3.6/site-packages/airflow/example_dags/example_nested_branch_dag.py
[2021-07-19 00:09:20,819] {scheduler_job.py:632} INFO - Processing file /home/airflow/.local/lib/python3.6/site-packages/airflow/example_dags/example_nested_branch_dag.py for tasks to queue
[2021-07-19 00:09:20,820] {logging_mixin.py:104} INFO - [2021-07-19 00:09:20,820] {dagbag.py:496} INFO - Filling up the DagBag from /home/airflow/.local/lib/python3.6/site-packages/airflow/example_dags/example_nested_branch_dag.py
[2021-07-19 00:09:20,848] {scheduler_job.py:642} INFO - DAG(s) dict_keys(['example_nested_branch_dag']) retrieved from /home/airflow/.local/lib/python3.6/site-packages/airflow/example_dags/example_nested_branch_dag.py
[2021-07-19 00:09:20,892] {logging_mixin.py:104} INFO - [2021-07-19 00:09:20,891] {dag.py:1833} INFO - Sync 1 DAGs
[2021-07-19 00:09:20,928] {logging_mixin.py:104} INFO - [2021-07-19 00:09:20,928] {dag.py:2306} INFO - Setting next_dagrun for example_nested_branch_dag to 2021-07-17 00:00:00+00:00
[2021-07-19 00:09:21,175] {scheduler_job.py:189} INFO - Processing /home/airflow/.local/lib/python3.6/site-packages/airflow/example_dags/example_nested_branch_dag.py took 0.366 seconds
[2021-07-19 00:09:51,410] {scheduler_job.py:181} INFO - Started process (PID=1623) to work on /home/airflow/.local/lib/python3.6/site-packages/airflow/example_dags/example_nested_branch_dag.py
[2021-07-19 00:09:51,413] {scheduler_job.py:632} INFO - Processing file /home/airflow/.local/lib/python3.6/site-packages/airflow/example_dags/example_nested_branch_dag.py for tasks to queue
[2021-07-19 00:09:51,415] {logging_mixin.py:104} INFO - [2021-07-19 00:09:51,415] {dagbag.py:496} INFO - Filling up the DagBag from /home/airflow/.local/lib/python3.6/site-packages/airflow/example_dags/example_nested_branch_dag.py
[2021-07-19 00:09:51,452] {scheduler_job.py:642} INFO - DAG(s) dict_keys(['example_nested_branch_dag']) retrieved from /home/airflow/.local/lib/python3.6/site-packages/airflow/example_dags/example_nested_branch_dag.py
[2021-07-19 00:09:51,486] {logging_mixin.py:104} INFO - [2021-07-19 00:09:51,486] {dag.py:1833} INFO - Sync 1 DAGs
[2021-07-19 00:09:51,516] {logging_mixin.py:104} INFO - [2021-07-19 00:09:51,515] {dag.py:2306} INFO - Setting next_dagrun for example_nested_branch_dag to 2021-07-17 00:00:00+00:00
[2021-07-19 00:09:51,649] {scheduler_job.py:189} INFO - Processing /home/airflow/.local/lib/python3.6/site-packages/airflow/example_dags/example_nested_branch_dag.py took 0.259 seconds
[2021-07-19 00:10:22,079] {scheduler_job.py:181} INFO - Started process (PID=1680) to work on /home/airflow/.local/lib/python3.6/site-packages/airflow/example_dags/example_nested_branch_dag.py
[2021-07-19 00:10:22,082] {scheduler_job.py:632} INFO - Processing file /home/airflow/.local/lib/python3.6/site-packages/airflow/example_dags/example_nested_branch_dag.py for tasks to queue
[2021-07-19 00:10:22,084] {logging_mixin.py:104} INFO - [2021-07-19 00:10:22,084] {dagbag.py:496} INFO - Filling up the DagBag from /home/airflow/.local/lib/python3.6/site-packages/airflow/example_dags/example_nested_branch_dag.py
[2021-07-19 00:10:22,106] {scheduler_job.py:642} INFO - DAG(s) dict_keys(['example_nested_branch_dag']) retrieved from /home/airflow/.local/lib/python3.6/site-packages/airflow/example_dags/example_nested_branch_dag.py
[2021-07-19 00:10:22,137] {logging_mixin.py:104} INFO - [2021-07-19 00:10:22,136] {dag.py:1833} INFO - Sync 1 DAGs
[2021-07-19 00:10:22,169] {logging_mixin.py:104} INFO - [2021-07-19 00:10:22,169] {dag.py:2306} INFO - Setting next_dagrun for example_nested_branch_dag to 2021-07-17 00:00:00+00:00
[2021-07-19 00:10:22,502] {scheduler_job.py:189} INFO - Processing /home/airflow/.local/lib/python3.6/site-packages/airflow/example_dags/example_nested_branch_dag.py took 0.429 seconds
[2021-07-19 00:10:53,234] {scheduler_job.py:181} INFO - Started process (PID=1746) to work on /home/airflow/.local/lib/python3.6/site-packages/airflow/example_dags/example_nested_branch_dag.py
[2021-07-19 00:10:53,236] {scheduler_job.py:632} INFO - Processing file /home/airflow/.local/lib/python3.6/site-packages/airflow/example_dags/example_nested_branch_dag.py for tasks to queue
[2021-07-19 00:10:53,238] {logging_mixin.py:104} INFO - [2021-07-19 00:10:53,238] {dagbag.py:496} INFO - Filling up the DagBag from /home/airflow/.local/lib/python3.6/site-packages/airflow/example_dags/example_nested_branch_dag.py
[2021-07-19 00:10:53,258] {scheduler_job.py:642} INFO - DAG(s) dict_keys(['example_nested_branch_dag']) retrieved from /home/airflow/.local/lib/python3.6/site-packages/airflow/example_dags/example_nested_branch_dag.py
[2021-07-19 00:10:53,283] {logging_mixin.py:104} INFO - [2021-07-19 00:10:53,283] {dag.py:1833} INFO - Sync 1 DAGs
[2021-07-19 00:10:53,311] {logging_mixin.py:104} INFO - [2021-07-19 00:10:53,311] {dag.py:2306} INFO - Setting next_dagrun for example_nested_branch_dag to 2021-07-17 00:00:00+00:00
[2021-07-19 00:10:53,473] {scheduler_job.py:189} INFO - Processing /home/airflow/.local/lib/python3.6/site-packages/airflow/example_dags/example_nested_branch_dag.py took 0.244 seconds
[2021-07-19 00:11:23,508] {scheduler_job.py:181} INFO - Started process (PID=1803) to work on /home/airflow/.local/lib/python3.6/site-packages/airflow/example_dags/example_nested_branch_dag.py
[2021-07-19 00:11:23,510] {scheduler_job.py:632} INFO - Processing file /home/airflow/.local/lib/python3.6/site-packages/airflow/example_dags/example_nested_branch_dag.py for tasks to queue
[2021-07-19 00:11:23,512] {logging_mixin.py:104} INFO - [2021-07-19 00:11:23,512] {dagbag.py:496} INFO - Filling up the DagBag from /home/airflow/.local/lib/python3.6/site-packages/airflow/example_dags/example_nested_branch_dag.py
[2021-07-19 00:11:23,543] {scheduler_job.py:642} INFO - DAG(s) dict_keys(['example_nested_branch_dag']) retrieved from /home/airflow/.local/lib/python3.6/site-packages/airflow/example_dags/example_nested_branch_dag.py
[2021-07-19 00:11:23,582] {logging_mixin.py:104} INFO - [2021-07-19 00:11:23,582] {dag.py:1833} INFO - Sync 1 DAGs
[2021-07-19 00:11:23,613] {logging_mixin.py:104} INFO - [2021-07-19 00:11:23,612] {dag.py:2306} INFO - Setting next_dagrun for example_nested_branch_dag to 2021-07-17 00:00:00+00:00
[2021-07-19 00:11:23,946] {scheduler_job.py:189} INFO - Processing /home/airflow/.local/lib/python3.6/site-packages/airflow/example_dags/example_nested_branch_dag.py took 0.444 seconds
[2021-07-19 00:11:54,314] {scheduler_job.py:181} INFO - Started process (PID=1862) to work on /home/airflow/.local/lib/python3.6/site-packages/airflow/example_dags/example_nested_branch_dag.py
[2021-07-19 00:11:54,316] {scheduler_job.py:632} INFO - Processing file /home/airflow/.local/lib/python3.6/site-packages/airflow/example_dags/example_nested_branch_dag.py for tasks to queue
[2021-07-19 00:11:54,318] {logging_mixin.py:104} INFO - [2021-07-19 00:11:54,318] {dagbag.py:496} INFO - Filling up the DagBag from /home/airflow/.local/lib/python3.6/site-packages/airflow/example_dags/example_nested_branch_dag.py
[2021-07-19 00:11:54,346] {scheduler_job.py:642} INFO - DAG(s) dict_keys(['example_nested_branch_dag']) retrieved from /home/airflow/.local/lib/python3.6/site-packages/airflow/example_dags/example_nested_branch_dag.py
[2021-07-19 00:11:54,372] {logging_mixin.py:104} INFO - [2021-07-19 00:11:54,371] {dag.py:1833} INFO - Sync 1 DAGs
[2021-07-19 00:11:54,400] {logging_mixin.py:104} INFO - [2021-07-19 00:11:54,400] {dag.py:2306} INFO - Setting next_dagrun for example_nested_branch_dag to 2021-07-17 00:00:00+00:00
[2021-07-19 00:11:54,506] {scheduler_job.py:189} INFO - Processing /home/airflow/.local/lib/python3.6/site-packages/airflow/example_dags/example_nested_branch_dag.py took 0.199 seconds
[2021-07-19 00:12:25,229] {scheduler_job.py:181} INFO - Started process (PID=1917) to work on /home/airflow/.local/lib/python3.6/site-packages/airflow/example_dags/example_nested_branch_dag.py
[2021-07-19 00:12:25,231] {scheduler_job.py:632} INFO - Processing file /home/airflow/.local/lib/python3.6/site-packages/airflow/example_dags/example_nested_branch_dag.py for tasks to queue
[2021-07-19 00:12:25,233] {logging_mixin.py:104} INFO - [2021-07-19 00:12:25,233] {dagbag.py:496} INFO - Filling up the DagBag from /home/airflow/.local/lib/python3.6/site-packages/airflow/example_dags/example_nested_branch_dag.py
[2021-07-19 00:12:25,252] {scheduler_job.py:642} INFO - DAG(s) dict_keys(['example_nested_branch_dag']) retrieved from /home/airflow/.local/lib/python3.6/site-packages/airflow/example_dags/example_nested_branch_dag.py
[2021-07-19 00:12:25,278] {logging_mixin.py:104} INFO - [2021-07-19 00:12:25,277] {dag.py:1833} INFO - Sync 1 DAGs
[2021-07-19 00:12:25,302] {logging_mixin.py:104} INFO - [2021-07-19 00:12:25,302] {dag.py:2306} INFO - Setting next_dagrun for example_nested_branch_dag to 2021-07-17 00:00:00+00:00
[2021-07-19 00:12:25,538] {scheduler_job.py:189} INFO - Processing /home/airflow/.local/lib/python3.6/site-packages/airflow/example_dags/example_nested_branch_dag.py took 0.317 seconds
[2021-07-19 00:12:56,596] {scheduler_job.py:181} INFO - Started process (PID=1986) to work on /home/airflow/.local/lib/python3.6/site-packages/airflow/example_dags/example_nested_branch_dag.py
[2021-07-19 00:12:56,606] {scheduler_job.py:632} INFO - Processing file /home/airflow/.local/lib/python3.6/site-packages/airflow/example_dags/example_nested_branch_dag.py for tasks to queue
[2021-07-19 00:12:56,609] {logging_mixin.py:104} INFO - [2021-07-19 00:12:56,608] {dagbag.py:496} INFO - Filling up the DagBag from /home/airflow/.local/lib/python3.6/site-packages/airflow/example_dags/example_nested_branch_dag.py
[2021-07-19 00:12:56,647] {scheduler_job.py:642} INFO - DAG(s) dict_keys(['example_nested_branch_dag']) retrieved from /home/airflow/.local/lib/python3.6/site-packages/airflow/example_dags/example_nested_branch_dag.py
[2021-07-19 00:12:56,673] {logging_mixin.py:104} INFO - [2021-07-19 00:12:56,673] {dag.py:1833} INFO - Sync 1 DAGs
[2021-07-19 00:12:56,694] {logging_mixin.py:104} INFO - [2021-07-19 00:12:56,694] {dag.py:2306} INFO - Setting next_dagrun for example_nested_branch_dag to 2021-07-17 00:00:00+00:00
[2021-07-19 00:12:56,950] {scheduler_job.py:189} INFO - Processing /home/airflow/.local/lib/python3.6/site-packages/airflow/example_dags/example_nested_branch_dag.py took 0.381 seconds
[2021-07-19 00:13:27,034] {scheduler_job.py:181} INFO - Started process (PID=2047) to work on /home/airflow/.local/lib/python3.6/site-packages/airflow/example_dags/example_nested_branch_dag.py
[2021-07-19 00:13:27,036] {scheduler_job.py:632} INFO - Processing file /home/airflow/.local/lib/python3.6/site-packages/airflow/example_dags/example_nested_branch_dag.py for tasks to queue
[2021-07-19 00:13:27,037] {logging_mixin.py:104} INFO - [2021-07-19 00:13:27,037] {dagbag.py:496} INFO - Filling up the DagBag from /home/airflow/.local/lib/python3.6/site-packages/airflow/example_dags/example_nested_branch_dag.py
[2021-07-19 00:13:27,055] {scheduler_job.py:642} INFO - DAG(s) dict_keys(['example_nested_branch_dag']) retrieved from /home/airflow/.local/lib/python3.6/site-packages/airflow/example_dags/example_nested_branch_dag.py
[2021-07-19 00:13:27,079] {logging_mixin.py:104} INFO - [2021-07-19 00:13:27,079] {dag.py:1833} INFO - Sync 1 DAGs
[2021-07-19 00:13:27,103] {logging_mixin.py:104} INFO - [2021-07-19 00:13:27,103] {dag.py:2306} INFO - Setting next_dagrun for example_nested_branch_dag to 2021-07-17 00:00:00+00:00
[2021-07-19 00:13:27,321] {scheduler_job.py:189} INFO - Processing /home/airflow/.local/lib/python3.6/site-packages/airflow/example_dags/example_nested_branch_dag.py took 0.291 seconds
[2021-07-19 00:13:57,666] {scheduler_job.py:181} INFO - Started process (PID=2105) to work on /home/airflow/.local/lib/python3.6/site-packages/airflow/example_dags/example_nested_branch_dag.py
[2021-07-19 00:13:57,668] {scheduler_job.py:632} INFO - Processing file /home/airflow/.local/lib/python3.6/site-packages/airflow/example_dags/example_nested_branch_dag.py for tasks to queue
[2021-07-19 00:13:57,669] {logging_mixin.py:104} INFO - [2021-07-19 00:13:57,669] {dagbag.py:496} INFO - Filling up the DagBag from /home/airflow/.local/lib/python3.6/site-packages/airflow/example_dags/example_nested_branch_dag.py
[2021-07-19 00:13:57,696] {scheduler_job.py:642} INFO - DAG(s) dict_keys(['example_nested_branch_dag']) retrieved from /home/airflow/.local/lib/python3.6/site-packages/airflow/example_dags/example_nested_branch_dag.py
[2021-07-19 00:13:57,779] {logging_mixin.py:104} INFO - [2021-07-19 00:13:57,778] {dag.py:1833} INFO - Sync 1 DAGs
[2021-07-19 00:13:57,832] {logging_mixin.py:104} INFO - [2021-07-19 00:13:57,832] {dag.py:2306} INFO - Setting next_dagrun for example_nested_branch_dag to 2021-07-17 00:00:00+00:00
[2021-07-19 00:13:57,912] {scheduler_job.py:189} INFO - Processing /home/airflow/.local/lib/python3.6/site-packages/airflow/example_dags/example_nested_branch_dag.py took 0.251 seconds
[2021-07-19 00:14:28,474] {scheduler_job.py:181} INFO - Started process (PID=2161) to work on /home/airflow/.local/lib/python3.6/site-packages/airflow/example_dags/example_nested_branch_dag.py
[2021-07-19 00:14:28,479] {scheduler_job.py:632} INFO - Processing file /home/airflow/.local/lib/python3.6/site-packages/airflow/example_dags/example_nested_branch_dag.py for tasks to queue
[2021-07-19 00:14:28,481] {logging_mixin.py:104} INFO - [2021-07-19 00:14:28,481] {dagbag.py:496} INFO - Filling up the DagBag from /home/airflow/.local/lib/python3.6/site-packages/airflow/example_dags/example_nested_branch_dag.py
[2021-07-19 00:14:28,508] {scheduler_job.py:642} INFO - DAG(s) dict_keys(['example_nested_branch_dag']) retrieved from /home/airflow/.local/lib/python3.6/site-packages/airflow/example_dags/example_nested_branch_dag.py
[2021-07-19 00:14:28,533] {logging_mixin.py:104} INFO - [2021-07-19 00:14:28,533] {dag.py:1833} INFO - Sync 1 DAGs
[2021-07-19 00:14:28,556] {logging_mixin.py:104} INFO - [2021-07-19 00:14:28,556] {dag.py:2306} INFO - Setting next_dagrun for example_nested_branch_dag to 2021-07-17 00:00:00+00:00
[2021-07-19 00:14:28,800] {scheduler_job.py:189} INFO - Processing /home/airflow/.local/lib/python3.6/site-packages/airflow/example_dags/example_nested_branch_dag.py took 0.345 seconds
[2021-07-19 00:14:59,092] {scheduler_job.py:181} INFO - Started process (PID=2218) to work on /home/airflow/.local/lib/python3.6/site-packages/airflow/example_dags/example_nested_branch_dag.py
[2021-07-19 00:14:59,096] {scheduler_job.py:632} INFO - Processing file /home/airflow/.local/lib/python3.6/site-packages/airflow/example_dags/example_nested_branch_dag.py for tasks to queue
[2021-07-19 00:14:59,099] {logging_mixin.py:104} INFO - [2021-07-19 00:14:59,098] {dagbag.py:496} INFO - Filling up the DagBag from /home/airflow/.local/lib/python3.6/site-packages/airflow/example_dags/example_nested_branch_dag.py
[2021-07-19 00:14:59,134] {scheduler_job.py:642} INFO - DAG(s) dict_keys(['example_nested_branch_dag']) retrieved from /home/airflow/.local/lib/python3.6/site-packages/airflow/example_dags/example_nested_branch_dag.py
[2021-07-19 00:14:59,163] {logging_mixin.py:104} INFO - [2021-07-19 00:14:59,163] {dag.py:1833} INFO - Sync 1 DAGs
[2021-07-19 00:14:59,186] {logging_mixin.py:104} INFO - [2021-07-19 00:14:59,186] {dag.py:2306} INFO - Setting next_dagrun for example_nested_branch_dag to 2021-07-17 00:00:00+00:00
[2021-07-19 00:14:59,325] {scheduler_job.py:189} INFO - Processing /home/airflow/.local/lib/python3.6/site-packages/airflow/example_dags/example_nested_branch_dag.py took 0.241 seconds
[2021-07-19 00:15:29,502] {scheduler_job.py:181} INFO - Started process (PID=2286) to work on /home/airflow/.local/lib/python3.6/site-packages/airflow/example_dags/example_nested_branch_dag.py
[2021-07-19 00:15:29,504] {scheduler_job.py:632} INFO - Processing file /home/airflow/.local/lib/python3.6/site-packages/airflow/example_dags/example_nested_branch_dag.py for tasks to queue
[2021-07-19 00:15:29,506] {logging_mixin.py:104} INFO - [2021-07-19 00:15:29,506] {dagbag.py:496} INFO - Filling up the DagBag from /home/airflow/.local/lib/python3.6/site-packages/airflow/example_dags/example_nested_branch_dag.py
[2021-07-19 00:15:29,529] {scheduler_job.py:642} INFO - DAG(s) dict_keys(['example_nested_branch_dag']) retrieved from /home/airflow/.local/lib/python3.6/site-packages/airflow/example_dags/example_nested_branch_dag.py
[2021-07-19 00:15:29,567] {logging_mixin.py:104} INFO - [2021-07-19 00:15:29,567] {dag.py:1833} INFO - Sync 1 DAGs
[2021-07-19 00:15:29,589] {logging_mixin.py:104} INFO - [2021-07-19 00:15:29,589] {dag.py:2306} INFO - Setting next_dagrun for example_nested_branch_dag to 2021-07-17 00:00:00+00:00
[2021-07-19 00:15:29,735] {scheduler_job.py:189} INFO - Processing /home/airflow/.local/lib/python3.6/site-packages/airflow/example_dags/example_nested_branch_dag.py took 0.239 seconds
[2021-07-19 00:15:59,907] {scheduler_job.py:181} INFO - Started process (PID=2341) to work on /home/airflow/.local/lib/python3.6/site-packages/airflow/example_dags/example_nested_branch_dag.py
[2021-07-19 00:15:59,909] {scheduler_job.py:632} INFO - Processing file /home/airflow/.local/lib/python3.6/site-packages/airflow/example_dags/example_nested_branch_dag.py for tasks to queue
[2021-07-19 00:15:59,910] {logging_mixin.py:104} INFO - [2021-07-19 00:15:59,910] {dagbag.py:496} INFO - Filling up the DagBag from /home/airflow/.local/lib/python3.6/site-packages/airflow/example_dags/example_nested_branch_dag.py
[2021-07-19 00:15:59,928] {scheduler_job.py:642} INFO - DAG(s) dict_keys(['example_nested_branch_dag']) retrieved from /home/airflow/.local/lib/python3.6/site-packages/airflow/example_dags/example_nested_branch_dag.py
[2021-07-19 00:15:59,957] {logging_mixin.py:104} INFO - [2021-07-19 00:15:59,957] {dag.py:1833} INFO - Sync 1 DAGs
[2021-07-19 00:15:59,985] {logging_mixin.py:104} INFO - [2021-07-19 00:15:59,985] {dag.py:2306} INFO - Setting next_dagrun for example_nested_branch_dag to 2021-07-17 00:00:00+00:00
[2021-07-19 00:16:00,030] {scheduler_job.py:189} INFO - Processing /home/airflow/.local/lib/python3.6/site-packages/airflow/example_dags/example_nested_branch_dag.py took 0.127 seconds
[2021-07-19 00:16:30,361] {scheduler_job.py:181} INFO - Started process (PID=2406) to work on /home/airflow/.local/lib/python3.6/site-packages/airflow/example_dags/example_nested_branch_dag.py
[2021-07-19 00:16:30,363] {scheduler_job.py:632} INFO - Processing file /home/airflow/.local/lib/python3.6/site-packages/airflow/example_dags/example_nested_branch_dag.py for tasks to queue
[2021-07-19 00:16:30,364] {logging_mixin.py:104} INFO - [2021-07-19 00:16:30,364] {dagbag.py:496} INFO - Filling up the DagBag from /home/airflow/.local/lib/python3.6/site-packages/airflow/example_dags/example_nested_branch_dag.py
[2021-07-19 00:16:30,383] {scheduler_job.py:642} INFO - DAG(s) dict_keys(['example_nested_branch_dag']) retrieved from /home/airflow/.local/lib/python3.6/site-packages/airflow/example_dags/example_nested_branch_dag.py
[2021-07-19 00:16:30,412] {logging_mixin.py:104} INFO - [2021-07-19 00:16:30,412] {dag.py:1833} INFO - Sync 1 DAGs
[2021-07-19 00:16:30,443] {logging_mixin.py:104} INFO - [2021-07-19 00:16:30,443] {dag.py:2306} INFO - Setting next_dagrun for example_nested_branch_dag to 2021-07-17 00:00:00+00:00
[2021-07-19 00:16:30,528] {scheduler_job.py:189} INFO - Processing /home/airflow/.local/lib/python3.6/site-packages/airflow/example_dags/example_nested_branch_dag.py took 0.171 seconds
[2021-07-19 00:17:01,096] {scheduler_job.py:181} INFO - Started process (PID=2466) to work on /home/airflow/.local/lib/python3.6/site-packages/airflow/example_dags/example_nested_branch_dag.py
[2021-07-19 00:17:01,098] {scheduler_job.py:632} INFO - Processing file /home/airflow/.local/lib/python3.6/site-packages/airflow/example_dags/example_nested_branch_dag.py for tasks to queue
[2021-07-19 00:17:01,099] {logging_mixin.py:104} INFO - [2021-07-19 00:17:01,099] {dagbag.py:496} INFO - Filling up the DagBag from /home/airflow/.local/lib/python3.6/site-packages/airflow/example_dags/example_nested_branch_dag.py
[2021-07-19 00:17:01,116] {scheduler_job.py:642} INFO - DAG(s) dict_keys(['example_nested_branch_dag']) retrieved from /home/airflow/.local/lib/python3.6/site-packages/airflow/example_dags/example_nested_branch_dag.py
[2021-07-19 00:17:01,140] {logging_mixin.py:104} INFO - [2021-07-19 00:17:01,140] {dag.py:1833} INFO - Sync 1 DAGs
[2021-07-19 00:17:01,161] {logging_mixin.py:104} INFO - [2021-07-19 00:17:01,161] {dag.py:2306} INFO - Setting next_dagrun for example_nested_branch_dag to 2021-07-17 00:00:00+00:00
[2021-07-19 00:17:01,494] {scheduler_job.py:189} INFO - Processing /home/airflow/.local/lib/python3.6/site-packages/airflow/example_dags/example_nested_branch_dag.py took 0.403 seconds
[2021-07-19 00:17:33,309] {scheduler_job.py:181} INFO - Started process (PID=2524) to work on /home/airflow/.local/lib/python3.6/site-packages/airflow/example_dags/example_nested_branch_dag.py
[2021-07-19 00:17:33,315] {scheduler_job.py:632} INFO - Processing file /home/airflow/.local/lib/python3.6/site-packages/airflow/example_dags/example_nested_branch_dag.py for tasks to queue
[2021-07-19 00:17:33,318] {logging_mixin.py:104} INFO - [2021-07-19 00:17:33,317] {dagbag.py:496} INFO - Filling up the DagBag from /home/airflow/.local/lib/python3.6/site-packages/airflow/example_dags/example_nested_branch_dag.py
[2021-07-19 00:17:33,364] {scheduler_job.py:642} INFO - DAG(s) dict_keys(['example_nested_branch_dag']) retrieved from /home/airflow/.local/lib/python3.6/site-packages/airflow/example_dags/example_nested_branch_dag.py
[2021-07-19 00:17:33,406] {logging_mixin.py:104} INFO - [2021-07-19 00:17:33,405] {dag.py:1833} INFO - Sync 1 DAGs
[2021-07-19 00:17:33,436] {logging_mixin.py:104} INFO - [2021-07-19 00:17:33,436] {dag.py:2306} INFO - Setting next_dagrun for example_nested_branch_dag to 2021-07-17 00:00:00+00:00
[2021-07-19 00:17:33,698] {scheduler_job.py:189} INFO - Processing /home/airflow/.local/lib/python3.6/site-packages/airflow/example_dags/example_nested_branch_dag.py took 0.395 seconds
[2021-07-19 00:18:04,007] {scheduler_job.py:181} INFO - Started process (PID=2580) to work on /home/airflow/.local/lib/python3.6/site-packages/airflow/example_dags/example_nested_branch_dag.py
[2021-07-19 00:18:04,012] {scheduler_job.py:632} INFO - Processing file /home/airflow/.local/lib/python3.6/site-packages/airflow/example_dags/example_nested_branch_dag.py for tasks to queue
[2021-07-19 00:18:04,016] {logging_mixin.py:104} INFO - [2021-07-19 00:18:04,015] {dagbag.py:496} INFO - Filling up the DagBag from /home/airflow/.local/lib/python3.6/site-packages/airflow/example_dags/example_nested_branch_dag.py
[2021-07-19 00:18:04,048] {scheduler_job.py:642} INFO - DAG(s) dict_keys(['example_nested_branch_dag']) retrieved from /home/airflow/.local/lib/python3.6/site-packages/airflow/example_dags/example_nested_branch_dag.py
[2021-07-19 00:18:04,098] {logging_mixin.py:104} INFO - [2021-07-19 00:18:04,098] {dag.py:1833} INFO - Sync 1 DAGs
[2021-07-19 00:18:04,139] {logging_mixin.py:104} INFO - [2021-07-19 00:18:04,139] {dag.py:2306} INFO - Setting next_dagrun for example_nested_branch_dag to 2021-07-17 00:00:00+00:00
[2021-07-19 00:18:04,471] {scheduler_job.py:189} INFO - Processing /home/airflow/.local/lib/python3.6/site-packages/airflow/example_dags/example_nested_branch_dag.py took 0.468 seconds
[2021-07-19 00:18:39,879] {scheduler_job.py:181} INFO - Started process (PID=2648) to work on /home/airflow/.local/lib/python3.6/site-packages/airflow/example_dags/example_nested_branch_dag.py
[2021-07-19 00:18:39,882] {scheduler_job.py:632} INFO - Processing file /home/airflow/.local/lib/python3.6/site-packages/airflow/example_dags/example_nested_branch_dag.py for tasks to queue
[2021-07-19 00:18:39,883] {logging_mixin.py:104} INFO - [2021-07-19 00:18:39,883] {dagbag.py:496} INFO - Filling up the DagBag from /home/airflow/.local/lib/python3.6/site-packages/airflow/example_dags/example_nested_branch_dag.py
[2021-07-19 00:18:39,902] {scheduler_job.py:642} INFO - DAG(s) dict_keys(['example_nested_branch_dag']) retrieved from /home/airflow/.local/lib/python3.6/site-packages/airflow/example_dags/example_nested_branch_dag.py
[2021-07-19 00:18:39,930] {logging_mixin.py:104} INFO - [2021-07-19 00:18:39,929] {dag.py:1833} INFO - Sync 1 DAGs
[2021-07-19 00:18:39,960] {logging_mixin.py:104} INFO - [2021-07-19 00:18:39,960] {dag.py:2306} INFO - Setting next_dagrun for example_nested_branch_dag to 2021-07-17 00:00:00+00:00
[2021-07-19 00:18:41,315] {scheduler_job.py:189} INFO - Processing /home/airflow/.local/lib/python3.6/site-packages/airflow/example_dags/example_nested_branch_dag.py took 1.440 seconds
[2021-07-19 00:19:11,727] {scheduler_job.py:181} INFO - Started process (PID=2703) to work on /home/airflow/.local/lib/python3.6/site-packages/airflow/example_dags/example_nested_branch_dag.py
[2021-07-19 00:19:11,730] {scheduler_job.py:632} INFO - Processing file /home/airflow/.local/lib/python3.6/site-packages/airflow/example_dags/example_nested_branch_dag.py for tasks to queue
[2021-07-19 00:19:11,732] {logging_mixin.py:104} INFO - [2021-07-19 00:19:11,732] {dagbag.py:496} INFO - Filling up the DagBag from /home/airflow/.local/lib/python3.6/site-packages/airflow/example_dags/example_nested_branch_dag.py
[2021-07-19 00:19:11,758] {scheduler_job.py:642} INFO - DAG(s) dict_keys(['example_nested_branch_dag']) retrieved from /home/airflow/.local/lib/python3.6/site-packages/airflow/example_dags/example_nested_branch_dag.py
[2021-07-19 00:19:11,786] {logging_mixin.py:104} INFO - [2021-07-19 00:19:11,785] {dag.py:1833} INFO - Sync 1 DAGs
[2021-07-19 00:19:11,808] {logging_mixin.py:104} INFO - [2021-07-19 00:19:11,808] {dag.py:2306} INFO - Setting next_dagrun for example_nested_branch_dag to 2021-07-17 00:00:00+00:00
[2021-07-19 00:19:12,294] {scheduler_job.py:189} INFO - Processing /home/airflow/.local/lib/python3.6/site-packages/airflow/example_dags/example_nested_branch_dag.py took 0.573 seconds
[2021-07-19 00:19:42,889] {scheduler_job.py:181} INFO - Started process (PID=2760) to work on /home/airflow/.local/lib/python3.6/site-packages/airflow/example_dags/example_nested_branch_dag.py
[2021-07-19 00:19:42,892] {scheduler_job.py:632} INFO - Processing file /home/airflow/.local/lib/python3.6/site-packages/airflow/example_dags/example_nested_branch_dag.py for tasks to queue
[2021-07-19 00:19:42,893] {logging_mixin.py:104} INFO - [2021-07-19 00:19:42,893] {dagbag.py:496} INFO - Filling up the DagBag from /home/airflow/.local/lib/python3.6/site-packages/airflow/example_dags/example_nested_branch_dag.py
[2021-07-19 00:19:42,912] {scheduler_job.py:642} INFO - DAG(s) dict_keys(['example_nested_branch_dag']) retrieved from /home/airflow/.local/lib/python3.6/site-packages/airflow/example_dags/example_nested_branch_dag.py
[2021-07-19 00:19:42,938] {logging_mixin.py:104} INFO - [2021-07-19 00:19:42,938] {dag.py:1833} INFO - Sync 1 DAGs
[2021-07-19 00:19:42,963] {logging_mixin.py:104} INFO - [2021-07-19 00:19:42,963] {dag.py:2306} INFO - Setting next_dagrun for example_nested_branch_dag to 2021-07-17 00:00:00+00:00
[2021-07-19 00:19:43,407] {scheduler_job.py:189} INFO - Processing /home/airflow/.local/lib/python3.6/site-packages/airflow/example_dags/example_nested_branch_dag.py took 0.523 seconds
[2021-07-19 00:20:18,826] {scheduler_job.py:181} INFO - Started process (PID=2828) to work on /home/airflow/.local/lib/python3.6/site-packages/airflow/example_dags/example_nested_branch_dag.py
[2021-07-19 00:20:18,828] {scheduler_job.py:632} INFO - Processing file /home/airflow/.local/lib/python3.6/site-packages/airflow/example_dags/example_nested_branch_dag.py for tasks to queue
[2021-07-19 00:20:18,829] {logging_mixin.py:104} INFO - [2021-07-19 00:20:18,829] {dagbag.py:496} INFO - Filling up the DagBag from /home/airflow/.local/lib/python3.6/site-packages/airflow/example_dags/example_nested_branch_dag.py
[2021-07-19 00:20:18,848] {scheduler_job.py:642} INFO - DAG(s) dict_keys(['example_nested_branch_dag']) retrieved from /home/airflow/.local/lib/python3.6/site-packages/airflow/example_dags/example_nested_branch_dag.py
[2021-07-19 00:20:18,878] {logging_mixin.py:104} INFO - [2021-07-19 00:20:18,878] {dag.py:1833} INFO - Sync 1 DAGs
[2021-07-19 00:20:18,922] {logging_mixin.py:104} INFO - [2021-07-19 00:20:18,922] {dag.py:2306} INFO - Setting next_dagrun for example_nested_branch_dag to 2021-07-17 00:00:00+00:00
[2021-07-19 00:20:19,097] {scheduler_job.py:189} INFO - Processing /home/airflow/.local/lib/python3.6/site-packages/airflow/example_dags/example_nested_branch_dag.py took 0.274 seconds
[2021-07-19 00:20:49,467] {scheduler_job.py:181} INFO - Started process (PID=2886) to work on /home/airflow/.local/lib/python3.6/site-packages/airflow/example_dags/example_nested_branch_dag.py
[2021-07-19 00:20:49,469] {scheduler_job.py:632} INFO - Processing file /home/airflow/.local/lib/python3.6/site-packages/airflow/example_dags/example_nested_branch_dag.py for tasks to queue
[2021-07-19 00:20:49,470] {logging_mixin.py:104} INFO - [2021-07-19 00:20:49,470] {dagbag.py:496} INFO - Filling up the DagBag from /home/airflow/.local/lib/python3.6/site-packages/airflow/example_dags/example_nested_branch_dag.py
[2021-07-19 00:20:49,494] {scheduler_job.py:642} INFO - DAG(s) dict_keys(['example_nested_branch_dag']) retrieved from /home/airflow/.local/lib/python3.6/site-packages/airflow/example_dags/example_nested_branch_dag.py
[2021-07-19 00:20:49,540] {logging_mixin.py:104} INFO - [2021-07-19 00:20:49,540] {dag.py:1833} INFO - Sync 1 DAGs
[2021-07-19 00:20:49,622] {logging_mixin.py:104} INFO - [2021-07-19 00:20:49,622] {dag.py:2306} INFO - Setting next_dagrun for example_nested_branch_dag to 2021-07-17 00:00:00+00:00
[2021-07-19 00:20:50,147] {scheduler_job.py:189} INFO - Processing /home/airflow/.local/lib/python3.6/site-packages/airflow/example_dags/example_nested_branch_dag.py took 0.684 seconds
[2021-07-19 00:21:21,665] {scheduler_job.py:181} INFO - Started process (PID=2943) to work on /home/airflow/.local/lib/python3.6/site-packages/airflow/example_dags/example_nested_branch_dag.py
[2021-07-19 00:21:21,667] {scheduler_job.py:632} INFO - Processing file /home/airflow/.local/lib/python3.6/site-packages/airflow/example_dags/example_nested_branch_dag.py for tasks to queue
[2021-07-19 00:21:21,668] {logging_mixin.py:104} INFO - [2021-07-19 00:21:21,668] {dagbag.py:496} INFO - Filling up the DagBag from /home/airflow/.local/lib/python3.6/site-packages/airflow/example_dags/example_nested_branch_dag.py
[2021-07-19 00:21:21,690] {scheduler_job.py:642} INFO - DAG(s) dict_keys(['example_nested_branch_dag']) retrieved from /home/airflow/.local/lib/python3.6/site-packages/airflow/example_dags/example_nested_branch_dag.py
[2021-07-19 00:21:21,720] {logging_mixin.py:104} INFO - [2021-07-19 00:21:21,720] {dag.py:1833} INFO - Sync 1 DAGs
[2021-07-19 00:21:21,745] {logging_mixin.py:104} INFO - [2021-07-19 00:21:21,745] {dag.py:2306} INFO - Setting next_dagrun for example_nested_branch_dag to 2021-07-17 00:00:00+00:00
[2021-07-19 00:21:22,113] {scheduler_job.py:189} INFO - Processing /home/airflow/.local/lib/python3.6/site-packages/airflow/example_dags/example_nested_branch_dag.py took 0.454 seconds
[2021-07-19 00:21:52,858] {scheduler_job.py:181} INFO - Started process (PID=2999) to work on /home/airflow/.local/lib/python3.6/site-packages/airflow/example_dags/example_nested_branch_dag.py
[2021-07-19 00:21:52,863] {scheduler_job.py:632} INFO - Processing file /home/airflow/.local/lib/python3.6/site-packages/airflow/example_dags/example_nested_branch_dag.py for tasks to queue
[2021-07-19 00:21:52,865] {logging_mixin.py:104} INFO - [2021-07-19 00:21:52,865] {dagbag.py:496} INFO - Filling up the DagBag from /home/airflow/.local/lib/python3.6/site-packages/airflow/example_dags/example_nested_branch_dag.py
[2021-07-19 00:21:52,896] {scheduler_job.py:642} INFO - DAG(s) dict_keys(['example_nested_branch_dag']) retrieved from /home/airflow/.local/lib/python3.6/site-packages/airflow/example_dags/example_nested_branch_dag.py
[2021-07-19 00:21:52,936] {logging_mixin.py:104} INFO - [2021-07-19 00:21:52,936] {dag.py:1833} INFO - Sync 1 DAGs
[2021-07-19 00:21:52,968] {logging_mixin.py:104} INFO - [2021-07-19 00:21:52,967] {dag.py:2306} INFO - Setting next_dagrun for example_nested_branch_dag to 2021-07-17 00:00:00+00:00
[2021-07-19 00:21:53,304] {scheduler_job.py:189} INFO - Processing /home/airflow/.local/lib/python3.6/site-packages/airflow/example_dags/example_nested_branch_dag.py took 0.457 seconds
[2021-07-19 00:22:24,320] {scheduler_job.py:181} INFO - Started process (PID=3055) to work on /home/airflow/.local/lib/python3.6/site-packages/airflow/example_dags/example_nested_branch_dag.py
[2021-07-19 00:22:24,323] {scheduler_job.py:632} INFO - Processing file /home/airflow/.local/lib/python3.6/site-packages/airflow/example_dags/example_nested_branch_dag.py for tasks to queue
[2021-07-19 00:22:24,325] {logging_mixin.py:104} INFO - [2021-07-19 00:22:24,325] {dagbag.py:496} INFO - Filling up the DagBag from /home/airflow/.local/lib/python3.6/site-packages/airflow/example_dags/example_nested_branch_dag.py
[2021-07-19 00:22:24,347] {scheduler_job.py:642} INFO - DAG(s) dict_keys(['example_nested_branch_dag']) retrieved from /home/airflow/.local/lib/python3.6/site-packages/airflow/example_dags/example_nested_branch_dag.py
[2021-07-19 00:22:24,376] {logging_mixin.py:104} INFO - [2021-07-19 00:22:24,376] {dag.py:1833} INFO - Sync 1 DAGs
[2021-07-19 00:22:24,403] {logging_mixin.py:104} INFO - [2021-07-19 00:22:24,403] {dag.py:2306} INFO - Setting next_dagrun for example_nested_branch_dag to 2021-07-17 00:00:00+00:00
[2021-07-19 00:22:24,594] {scheduler_job.py:189} INFO - Processing /home/airflow/.local/lib/python3.6/site-packages/airflow/example_dags/example_nested_branch_dag.py took 0.279 seconds
[2021-07-19 00:22:54,786] {scheduler_job.py:181} INFO - Started process (PID=3122) to work on /home/airflow/.local/lib/python3.6/site-packages/airflow/example_dags/example_nested_branch_dag.py
[2021-07-19 00:22:54,789] {scheduler_job.py:632} INFO - Processing file /home/airflow/.local/lib/python3.6/site-packages/airflow/example_dags/example_nested_branch_dag.py for tasks to queue
[2021-07-19 00:22:54,790] {logging_mixin.py:104} INFO - [2021-07-19 00:22:54,790] {dagbag.py:496} INFO - Filling up the DagBag from /home/airflow/.local/lib/python3.6/site-packages/airflow/example_dags/example_nested_branch_dag.py
[2021-07-19 00:22:54,824] {scheduler_job.py:642} INFO - DAG(s) dict_keys(['example_nested_branch_dag']) retrieved from /home/airflow/.local/lib/python3.6/site-packages/airflow/example_dags/example_nested_branch_dag.py
[2021-07-19 00:22:54,860] {logging_mixin.py:104} INFO - [2021-07-19 00:22:54,860] {dag.py:1833} INFO - Sync 1 DAGs
[2021-07-19 00:22:54,885] {logging_mixin.py:104} INFO - [2021-07-19 00:22:54,885] {dag.py:2306} INFO - Setting next_dagrun for example_nested_branch_dag to 2021-07-17 00:00:00+00:00
[2021-07-19 00:22:54,990] {scheduler_job.py:189} INFO - Processing /home/airflow/.local/lib/python3.6/site-packages/airflow/example_dags/example_nested_branch_dag.py took 0.209 seconds
[2021-07-19 00:23:25,756] {scheduler_job.py:181} INFO - Started process (PID=3178) to work on /home/airflow/.local/lib/python3.6/site-packages/airflow/example_dags/example_nested_branch_dag.py
[2021-07-19 00:23:25,760] {scheduler_job.py:632} INFO - Processing file /home/airflow/.local/lib/python3.6/site-packages/airflow/example_dags/example_nested_branch_dag.py for tasks to queue
[2021-07-19 00:23:25,762] {logging_mixin.py:104} INFO - [2021-07-19 00:23:25,762] {dagbag.py:496} INFO - Filling up the DagBag from /home/airflow/.local/lib/python3.6/site-packages/airflow/example_dags/example_nested_branch_dag.py
[2021-07-19 00:23:25,783] {scheduler_job.py:642} INFO - DAG(s) dict_keys(['example_nested_branch_dag']) retrieved from /home/airflow/.local/lib/python3.6/site-packages/airflow/example_dags/example_nested_branch_dag.py
[2021-07-19 00:23:25,811] {logging_mixin.py:104} INFO - [2021-07-19 00:23:25,811] {dag.py:1833} INFO - Sync 1 DAGs
[2021-07-19 00:23:25,835] {logging_mixin.py:104} INFO - [2021-07-19 00:23:25,835] {dag.py:2306} INFO - Setting next_dagrun for example_nested_branch_dag to 2021-07-17 00:00:00+00:00
[2021-07-19 00:23:27,266] {scheduler_job.py:189} INFO - Processing /home/airflow/.local/lib/python3.6/site-packages/airflow/example_dags/example_nested_branch_dag.py took 1.515 seconds
                                                                                                                                                                                                                                                                                                                                                                                                                                                                                                                                                                                                                                                                                                                                                                                                                                                                                                                                                                                                                                                                                                                                                                                                                                                                                                                                                                                                                                                                                                                                                                                                                                                                                                                                                                                                                                                                                                                                                                                                                                                                                                                                                                                                                                                                                                                                                                                                                                                                                                                                                                                                                                                                                                                                                                                                                                                                                                                                                                                                                                                                                                                                                                                                                                                                                                                                                                                                                                                                                                                                                                                                                                                                                                                                                                                                                                                                                                                                                                                                                                                                                                                                                                                                                                                                                                                                                                                                                                                                                                                                                                                                                                                                                                                                                                                                                                                                                                                                                                                                                                                                                                                                                                                                                                                                                                                                                                                                                                                                                                                                                                                                                                                                                                                                                                                                                                                                                                                                                                                                                                                                                                                                                                                                                                                                                                                                                                                                                                                                                                                                                                                                                                                                                                                                                                                                                                          