[2021-07-19 00:00:04,554] {scheduler_job.py:181} INFO - Started process (PID=464) to work on /home/airflow/.local/lib/python3.6/site-packages/airflow/example_dags/example_skip_dag.py
[2021-07-19 00:00:04,556] {scheduler_job.py:632} INFO - Processing file /home/airflow/.local/lib/python3.6/site-packages/airflow/example_dags/example_skip_dag.py for tasks to queue
[2021-07-19 00:00:04,557] {logging_mixin.py:104} INFO - [2021-07-19 00:00:04,556] {dagbag.py:496} INFO - Filling up the DagBag from /home/airflow/.local/lib/python3.6/site-packages/airflow/example_dags/example_skip_dag.py
[2021-07-19 00:00:04,573] {scheduler_job.py:642} INFO - DAG(s) dict_keys(['example_skip_dag']) retrieved from /home/airflow/.local/lib/python3.6/site-packages/airflow/example_dags/example_skip_dag.py
[2021-07-19 00:00:04,994] {logging_mixin.py:104} INFO - [2021-07-19 00:00:04,994] {dag.py:1833} INFO - Sync 1 DAGs
[2021-07-19 00:00:05,017] {logging_mixin.py:104} INFO - [2021-07-19 00:00:05,017] {dag.py:2306} INFO - Setting next_dagrun for example_skip_dag to 2021-07-17 00:00:00+00:00
[2021-07-19 00:00:05,138] {scheduler_job.py:189} INFO - Processing /home/airflow/.local/lib/python3.6/site-packages/airflow/example_dags/example_skip_dag.py took 0.588 seconds
[2021-07-19 00:00:35,515] {scheduler_job.py:181} INFO - Started process (PID=522) to work on /home/airflow/.local/lib/python3.6/site-packages/airflow/example_dags/example_skip_dag.py
[2021-07-19 00:00:35,517] {scheduler_job.py:632} INFO - Processing file /home/airflow/.local/lib/python3.6/site-packages/airflow/example_dags/example_skip_dag.py for tasks to queue
[2021-07-19 00:00:35,522] {logging_mixin.py:104} INFO - [2021-07-19 00:00:35,522] {dagbag.py:496} INFO - Filling up the DagBag from /home/airflow/.local/lib/python3.6/site-packages/airflow/example_dags/example_skip_dag.py
[2021-07-19 00:00:35,540] {scheduler_job.py:642} INFO - DAG(s) dict_keys(['example_skip_dag']) retrieved from /home/airflow/.local/lib/python3.6/site-packages/airflow/example_dags/example_skip_dag.py
[2021-07-19 00:00:35,571] {logging_mixin.py:104} INFO - [2021-07-19 00:00:35,571] {dag.py:1833} INFO - Sync 1 DAGs
[2021-07-19 00:00:35,596] {logging_mixin.py:104} INFO - [2021-07-19 00:00:35,596] {dag.py:2306} INFO - Setting next_dagrun for example_skip_dag to 2021-07-17 00:00:00+00:00
[2021-07-19 00:00:35,652] {scheduler_job.py:189} INFO - Processing /home/airflow/.local/lib/python3.6/site-packages/airflow/example_dags/example_skip_dag.py took 0.143 seconds
[2021-07-19 00:01:06,029] {scheduler_job.py:181} INFO - Started process (PID=578) to work on /home/airflow/.local/lib/python3.6/site-packages/airflow/example_dags/example_skip_dag.py
[2021-07-19 00:01:06,032] {scheduler_job.py:632} INFO - Processing file /home/airflow/.local/lib/python3.6/site-packages/airflow/example_dags/example_skip_dag.py for tasks to queue
[2021-07-19 00:01:06,034] {logging_mixin.py:104} INFO - [2021-07-19 00:01:06,034] {dagbag.py:496} INFO - Filling up the DagBag from /home/airflow/.local/lib/python3.6/site-packages/airflow/example_dags/example_skip_dag.py
[2021-07-19 00:01:06,060] {scheduler_job.py:642} INFO - DAG(s) dict_keys(['example_skip_dag']) retrieved from /home/airflow/.local/lib/python3.6/site-packages/airflow/example_dags/example_skip_dag.py
[2021-07-19 00:01:06,092] {logging_mixin.py:104} INFO - [2021-07-19 00:01:06,092] {dag.py:1833} INFO - Sync 1 DAGs
[2021-07-19 00:01:06,113] {logging_mixin.py:104} INFO - [2021-07-19 00:01:06,113] {dag.py:2306} INFO - Setting next_dagrun for example_skip_dag to 2021-07-17 00:00:00+00:00
[2021-07-19 00:01:06,195] {scheduler_job.py:189} INFO - Processing /home/airflow/.local/lib/python3.6/site-packages/airflow/example_dags/example_skip_dag.py took 0.169 seconds
[2021-07-19 00:01:36,911] {scheduler_job.py:181} INFO - Started process (PID=647) to work on /home/airflow/.local/lib/python3.6/site-packages/airflow/example_dags/example_skip_dag.py
[2021-07-19 00:01:36,913] {scheduler_job.py:632} INFO - Processing file /home/airflow/.local/lib/python3.6/site-packages/airflow/example_dags/example_skip_dag.py for tasks to queue
[2021-07-19 00:01:36,915] {logging_mixin.py:104} INFO - [2021-07-19 00:01:36,914] {dagbag.py:496} INFO - Filling up the DagBag from /home/airflow/.local/lib/python3.6/site-packages/airflow/example_dags/example_skip_dag.py
[2021-07-19 00:01:36,930] {scheduler_job.py:642} INFO - DAG(s) dict_keys(['example_skip_dag']) retrieved from /home/airflow/.local/lib/python3.6/site-packages/airflow/example_dags/example_skip_dag.py
[2021-07-19 00:01:36,981] {logging_mixin.py:104} INFO - [2021-07-19 00:01:36,981] {dag.py:1833} INFO - Sync 1 DAGs
[2021-07-19 00:01:37,011] {logging_mixin.py:104} INFO - [2021-07-19 00:01:37,010] {dag.py:2306} INFO - Setting next_dagrun for example_skip_dag to 2021-07-17 00:00:00+00:00
[2021-07-19 00:01:37,083] {scheduler_job.py:189} INFO - Processing /home/airflow/.local/lib/python3.6/site-packages/airflow/example_dags/example_skip_dag.py took 0.176 seconds
[2021-07-19 00:02:07,673] {scheduler_job.py:181} INFO - Started process (PID=703) to work on /home/airflow/.local/lib/python3.6/site-packages/airflow/example_dags/example_skip_dag.py
[2021-07-19 00:02:07,674] {scheduler_job.py:632} INFO - Processing file /home/airflow/.local/lib/python3.6/site-packages/airflow/example_dags/example_skip_dag.py for tasks to queue
[2021-07-19 00:02:07,675] {logging_mixin.py:104} INFO - [2021-07-19 00:02:07,675] {dagbag.py:496} INFO - Filling up the DagBag from /home/airflow/.local/lib/python3.6/site-packages/airflow/example_dags/example_skip_dag.py
[2021-07-19 00:02:07,688] {scheduler_job.py:642} INFO - DAG(s) dict_keys(['example_skip_dag']) retrieved from /home/airflow/.local/lib/python3.6/site-packages/airflow/example_dags/example_skip_dag.py
[2021-07-19 00:02:07,714] {logging_mixin.py:104} INFO - [2021-07-19 00:02:07,714] {dag.py:1833} INFO - Sync 1 DAGs
[2021-07-19 00:02:07,734] {logging_mixin.py:104} INFO - [2021-07-19 00:02:07,733] {dag.py:2306} INFO - Setting next_dagrun for example_skip_dag to 2021-07-17 00:00:00+00:00
[2021-07-19 00:02:07,784] {scheduler_job.py:189} INFO - Processing /home/airflow/.local/lib/python3.6/site-packages/airflow/example_dags/example_skip_dag.py took 0.115 seconds
[2021-07-19 00:02:37,894] {scheduler_job.py:181} INFO - Started process (PID=760) to work on /home/airflow/.local/lib/python3.6/site-packages/airflow/example_dags/example_skip_dag.py
[2021-07-19 00:02:37,896] {scheduler_job.py:632} INFO - Processing file /home/airflow/.local/lib/python3.6/site-packages/airflow/example_dags/example_skip_dag.py for tasks to queue
[2021-07-19 00:02:37,898] {logging_mixin.py:104} INFO - [2021-07-19 00:02:37,898] {dagbag.py:496} INFO - Filling up the DagBag from /home/airflow/.local/lib/python3.6/site-packages/airflow/example_dags/example_skip_dag.py
[2021-07-19 00:02:37,917] {scheduler_job.py:642} INFO - DAG(s) dict_keys(['example_skip_dag']) retrieved from /home/airflow/.local/lib/python3.6/site-packages/airflow/example_dags/example_skip_dag.py
[2021-07-19 00:02:37,961] {logging_mixin.py:104} INFO - [2021-07-19 00:02:37,961] {dag.py:1833} INFO - Sync 1 DAGs
[2021-07-19 00:02:37,981] {logging_mixin.py:104} INFO - [2021-07-19 00:02:37,981] {dag.py:2306} INFO - Setting next_dagrun for example_skip_dag to 2021-07-17 00:00:00+00:00
[2021-07-19 00:02:38,069] {scheduler_job.py:189} INFO - Processing /home/airflow/.local/lib/python3.6/site-packages/airflow/example_dags/example_skip_dag.py took 0.179 seconds
[2021-07-19 00:03:08,330] {scheduler_job.py:181} INFO - Started process (PID=828) to work on /home/airflow/.local/lib/python3.6/site-packages/airflow/example_dags/example_skip_dag.py
[2021-07-19 00:03:08,334] {scheduler_job.py:632} INFO - Processing file /home/airflow/.local/lib/python3.6/site-packages/airflow/example_dags/example_skip_dag.py for tasks to queue
[2021-07-19 00:03:08,336] {logging_mixin.py:104} INFO - [2021-07-19 00:03:08,336] {dagbag.py:496} INFO - Filling up the DagBag from /home/airflow/.local/lib/python3.6/site-packages/airflow/example_dags/example_skip_dag.py
[2021-07-19 00:03:08,362] {scheduler_job.py:642} INFO - DAG(s) dict_keys(['example_skip_dag']) retrieved from /home/airflow/.local/lib/python3.6/site-packages/airflow/example_dags/example_skip_dag.py
[2021-07-19 00:03:08,390] {logging_mixin.py:104} INFO - [2021-07-19 00:03:08,390] {dag.py:1833} INFO - Sync 1 DAGs
[2021-07-19 00:03:08,412] {logging_mixin.py:104} INFO - [2021-07-19 00:03:08,412] {dag.py:2306} INFO - Setting next_dagrun for example_skip_dag to 2021-07-17 00:00:00+00:00
[2021-07-19 00:03:08,518] {scheduler_job.py:189} INFO - Processing /home/airflow/.local/lib/python3.6/site-packages/airflow/example_dags/example_skip_dag.py took 0.200 seconds
[2021-07-19 00:03:38,816] {scheduler_job.py:181} INFO - Started process (PID=883) to work on /home/airflow/.local/lib/python3.6/site-packages/airflow/example_dags/example_skip_dag.py
[2021-07-19 00:03:38,819] {scheduler_job.py:632} INFO - Processing file /home/airflow/.local/lib/python3.6/site-packages/airflow/example_dags/example_skip_dag.py for tasks to queue
[2021-07-19 00:03:38,821] {logging_mixin.py:104} INFO - [2021-07-19 00:03:38,820] {dagbag.py:496} INFO - Filling up the DagBag from /home/airflow/.local/lib/python3.6/site-packages/airflow/example_dags/example_skip_dag.py
[2021-07-19 00:03:38,835] {scheduler_job.py:642} INFO - DAG(s) dict_keys(['example_skip_dag']) retrieved from /home/airflow/.local/lib/python3.6/site-packages/airflow/example_dags/example_skip_dag.py
[2021-07-19 00:03:38,864] {logging_mixin.py:104} INFO - [2021-07-19 00:03:38,864] {dag.py:1833} INFO - Sync 1 DAGs
[2021-07-19 00:03:38,889] {logging_mixin.py:104} INFO - [2021-07-19 00:03:38,889] {dag.py:2306} INFO - Setting next_dagrun for example_skip_dag to 2021-07-17 00:00:00+00:00
[2021-07-19 00:03:38,945] {scheduler_job.py:189} INFO - Processing /home/airflow/.local/lib/python3.6/site-packages/airflow/example_dags/example_skip_dag.py took 0.134 seconds
[2021-07-19 00:04:09,333] {scheduler_job.py:181} INFO - Started process (PID=946) to work on /home/airflow/.local/lib/python3.6/site-packages/airflow/example_dags/example_skip_dag.py
[2021-07-19 00:04:09,339] {scheduler_job.py:632} INFO - Processing file /home/airflow/.local/lib/python3.6/site-packages/airflow/example_dags/example_skip_dag.py for tasks to queue
[2021-07-19 00:04:09,341] {logging_mixin.py:104} INFO - [2021-07-19 00:04:09,340] {dagbag.py:496} INFO - Filling up the DagBag from /home/airflow/.local/lib/python3.6/site-packages/airflow/example_dags/example_skip_dag.py
[2021-07-19 00:04:09,372] {scheduler_job.py:642} INFO - DAG(s) dict_keys(['example_skip_dag']) retrieved from /home/airflow/.local/lib/python3.6/site-packages/airflow/example_dags/example_skip_dag.py
[2021-07-19 00:04:09,402] {logging_mixin.py:104} INFO - [2021-07-19 00:04:09,402] {dag.py:1833} INFO - Sync 1 DAGs
[2021-07-19 00:04:09,429] {logging_mixin.py:104} INFO - [2021-07-19 00:04:09,428] {dag.py:2306} INFO - Setting next_dagrun for example_skip_dag to 2021-07-17 00:00:00+00:00
[2021-07-19 00:04:09,479] {scheduler_job.py:189} INFO - Processing /home/airflow/.local/lib/python3.6/site-packages/airflow/example_dags/example_skip_dag.py took 0.151 seconds
[2021-07-19 00:04:40,032] {scheduler_job.py:181} INFO - Started process (PID=1007) to work on /home/airflow/.local/lib/python3.6/site-packages/airflow/example_dags/example_skip_dag.py
[2021-07-19 00:04:40,034] {scheduler_job.py:632} INFO - Processing file /home/airflow/.local/lib/python3.6/site-packages/airflow/example_dags/example_skip_dag.py for tasks to queue
[2021-07-19 00:04:40,036] {logging_mixin.py:104} INFO - [2021-07-19 00:04:40,035] {dagbag.py:496} INFO - Filling up the DagBag from /home/airflow/.local/lib/python3.6/site-packages/airflow/example_dags/example_skip_dag.py
[2021-07-19 00:04:40,053] {scheduler_job.py:642} INFO - DAG(s) dict_keys(['example_skip_dag']) retrieved from /home/airflow/.local/lib/python3.6/site-packages/airflow/example_dags/example_skip_dag.py
[2021-07-19 00:04:40,082] {logging_mixin.py:104} INFO - [2021-07-19 00:04:40,082] {dag.py:1833} INFO - Sync 1 DAGs
[2021-07-19 00:04:40,104] {logging_mixin.py:104} INFO - [2021-07-19 00:04:40,104] {dag.py:2306} INFO - Setting next_dagrun for example_skip_dag to 2021-07-17 00:00:00+00:00
[2021-07-19 00:04:40,188] {scheduler_job.py:189} INFO - Processing /home/airflow/.local/lib/python3.6/site-packages/airflow/example_dags/example_skip_dag.py took 0.162 seconds
[2021-07-19 00:05:10,486] {scheduler_job.py:181} INFO - Started process (PID=1063) to work on /home/airflow/.local/lib/python3.6/site-packages/airflow/example_dags/example_skip_dag.py
[2021-07-19 00:05:10,488] {scheduler_job.py:632} INFO - Processing file /home/airflow/.local/lib/python3.6/site-packages/airflow/example_dags/example_skip_dag.py for tasks to queue
[2021-07-19 00:05:10,489] {logging_mixin.py:104} INFO - [2021-07-19 00:05:10,489] {dagbag.py:496} INFO - Filling up the DagBag from /home/airflow/.local/lib/python3.6/site-packages/airflow/example_dags/example_skip_dag.py
[2021-07-19 00:05:10,511] {scheduler_job.py:642} INFO - DAG(s) dict_keys(['example_skip_dag']) retrieved from /home/airflow/.local/lib/python3.6/site-packages/airflow/example_dags/example_skip_dag.py
[2021-07-19 00:05:10,547] {logging_mixin.py:104} INFO - [2021-07-19 00:05:10,547] {dag.py:1833} INFO - Sync 1 DAGs
[2021-07-19 00:05:10,583] {logging_mixin.py:104} INFO - [2021-07-19 00:05:10,583] {dag.py:2306} INFO - Setting next_dagrun for example_skip_dag to 2021-07-17 00:00:00+00:00
[2021-07-19 00:05:10,657] {scheduler_job.py:189} INFO - Processing /home/airflow/.local/lib/python3.6/site-packages/airflow/example_dags/example_skip_dag.py took 0.176 seconds
[2021-07-19 00:05:40,799] {scheduler_job.py:181} INFO - Started process (PID=1130) to work on /home/airflow/.local/lib/python3.6/site-packages/airflow/example_dags/example_skip_dag.py
[2021-07-19 00:05:40,801] {scheduler_job.py:632} INFO - Processing file /home/airflow/.local/lib/python3.6/site-packages/airflow/example_dags/example_skip_dag.py for tasks to queue
[2021-07-19 00:05:40,802] {logging_mixin.py:104} INFO - [2021-07-19 00:05:40,802] {dagbag.py:496} INFO - Filling up the DagBag from /home/airflow/.local/lib/python3.6/site-packages/airflow/example_dags/example_skip_dag.py
[2021-07-19 00:05:40,819] {scheduler_job.py:642} INFO - DAG(s) dict_keys(['example_skip_dag']) retrieved from /home/airflow/.local/lib/python3.6/site-packages/airflow/example_dags/example_skip_dag.py
[2021-07-19 00:05:40,847] {logging_mixin.py:104} INFO - [2021-07-19 00:05:40,847] {dag.py:1833} INFO - Sync 1 DAGs
[2021-07-19 00:05:40,869] {logging_mixin.py:104} INFO - [2021-07-19 00:05:40,869] {dag.py:2306} INFO - Setting next_dagrun for example_skip_dag to 2021-07-17 00:00:00+00:00
[2021-07-19 00:05:41,024] {scheduler_job.py:189} INFO - Processing /home/airflow/.local/lib/python3.6/site-packages/airflow/example_dags/example_skip_dag.py took 0.229 seconds
[2021-07-19 00:06:11,112] {scheduler_job.py:181} INFO - Started process (PID=1186) to work on /home/airflow/.local/lib/python3.6/site-packages/airflow/example_dags/example_skip_dag.py
[2021-07-19 00:06:11,114] {scheduler_job.py:632} INFO - Processing file /home/airflow/.local/lib/python3.6/site-packages/airflow/example_dags/example_skip_dag.py for tasks to queue
[2021-07-19 00:06:11,115] {logging_mixin.py:104} INFO - [2021-07-19 00:06:11,115] {dagbag.py:496} INFO - Filling up the DagBag from /home/airflow/.local/lib/python3.6/site-packages/airflow/example_dags/example_skip_dag.py
[2021-07-19 00:06:11,128] {scheduler_job.py:642} INFO - DAG(s) dict_keys(['example_skip_dag']) retrieved from /home/airflow/.local/lib/python3.6/site-packages/airflow/example_dags/example_skip_dag.py
[2021-07-19 00:06:11,163] {logging_mixin.py:104} INFO - [2021-07-19 00:06:11,163] {dag.py:1833} INFO - Sync 1 DAGs
[2021-07-19 00:06:11,187] {logging_mixin.py:104} INFO - [2021-07-19 00:06:11,187] {dag.py:2306} INFO - Setting next_dagrun for example_skip_dag to 2021-07-17 00:00:00+00:00
[2021-07-19 00:06:11,286] {scheduler_job.py:189} INFO - Processing /home/airflow/.local/lib/python3.6/site-packages/airflow/example_dags/example_skip_dag.py took 0.178 seconds
[2021-07-19 00:06:41,510] {scheduler_job.py:181} INFO - Started process (PID=1243) to work on /home/airflow/.local/lib/python3.6/site-packages/airflow/example_dags/example_skip_dag.py
[2021-07-19 00:06:41,520] {scheduler_job.py:632} INFO - Processing file /home/airflow/.local/lib/python3.6/site-packages/airflow/example_dags/example_skip_dag.py for tasks to queue
[2021-07-19 00:06:41,522] {logging_mixin.py:104} INFO - [2021-07-19 00:06:41,521] {dagbag.py:496} INFO - Filling up the DagBag from /home/airflow/.local/lib/python3.6/site-packages/airflow/example_dags/example_skip_dag.py
[2021-07-19 00:06:41,536] {scheduler_job.py:642} INFO - DAG(s) dict_keys(['example_skip_dag']) retrieved from /home/airflow/.local/lib/python3.6/site-packages/airflow/example_dags/example_skip_dag.py
[2021-07-19 00:06:41,561] {logging_mixin.py:104} INFO - [2021-07-19 00:06:41,561] {dag.py:1833} INFO - Sync 1 DAGs
[2021-07-19 00:06:41,578] {logging_mixin.py:104} INFO - [2021-07-19 00:06:41,578] {dag.py:2306} INFO - Setting next_dagrun for example_skip_dag to 2021-07-17 00:00:00+00:00
[2021-07-19 00:06:41,628] {scheduler_job.py:189} INFO - Processing /home/airflow/.local/lib/python3.6/site-packages/airflow/example_dags/example_skip_dag.py took 0.123 seconds
[2021-07-19 00:07:11,909] {scheduler_job.py:181} INFO - Started process (PID=1312) to work on /home/airflow/.local/lib/python3.6/site-packages/airflow/example_dags/example_skip_dag.py
[2021-07-19 00:07:11,915] {scheduler_job.py:632} INFO - Processing file /home/airflow/.local/lib/python3.6/site-packages/airflow/example_dags/example_skip_dag.py for tasks to queue
[2021-07-19 00:07:11,918] {logging_mixin.py:104} INFO - [2021-07-19 00:07:11,918] {dagbag.py:496} INFO - Filling up the DagBag from /home/airflow/.local/lib/python3.6/site-packages/airflow/example_dags/example_skip_dag.py
[2021-07-19 00:07:11,949] {scheduler_job.py:642} INFO - DAG(s) dict_keys(['example_skip_dag']) retrieved from /home/airflow/.local/lib/python3.6/site-packages/airflow/example_dags/example_skip_dag.py
[2021-07-19 00:07:11,980] {logging_mixin.py:104} INFO - [2021-07-19 00:07:11,980] {dag.py:1833} INFO - Sync 1 DAGs
[2021-07-19 00:07:11,999] {logging_mixin.py:104} INFO - [2021-07-19 00:07:11,999] {dag.py:2306} INFO - Setting next_dagrun for example_skip_dag to 2021-07-17 00:00:00+00:00
[2021-07-19 00:07:12,074] {scheduler_job.py:189} INFO - Processing /home/airflow/.local/lib/python3.6/site-packages/airflow/example_dags/example_skip_dag.py took 0.176 seconds
[2021-07-19 00:07:42,576] {scheduler_job.py:181} INFO - Started process (PID=1368) to work on /home/airflow/.local/lib/python3.6/site-packages/airflow/example_dags/example_skip_dag.py
[2021-07-19 00:07:42,580] {scheduler_job.py:632} INFO - Processing file /home/airflow/.local/lib/python3.6/site-packages/airflow/example_dags/example_skip_dag.py for tasks to queue
[2021-07-19 00:07:42,583] {logging_mixin.py:104} INFO - [2021-07-19 00:07:42,583] {dagbag.py:496} INFO - Filling up the DagBag from /home/airflow/.local/lib/python3.6/site-packages/airflow/example_dags/example_skip_dag.py
[2021-07-19 00:07:42,620] {scheduler_job.py:642} INFO - DAG(s) dict_keys(['example_skip_dag']) retrieved from /home/airflow/.local/lib/python3.6/site-packages/airflow/example_dags/example_skip_dag.py
[2021-07-19 00:07:42,656] {logging_mixin.py:104} INFO - [2021-07-19 00:07:42,655] {dag.py:1833} INFO - Sync 1 DAGs
[2021-07-19 00:07:42,679] {logging_mixin.py:104} INFO - [2021-07-19 00:07:42,679] {dag.py:2306} INFO - Setting next_dagrun for example_skip_dag to 2021-07-17 00:00:00+00:00
[2021-07-19 00:07:42,940] {scheduler_job.py:189} INFO - Processing /home/airflow/.local/lib/python3.6/site-packages/airflow/example_dags/example_skip_dag.py took 0.368 seconds
[2021-07-19 00:08:13,611] {scheduler_job.py:181} INFO - Started process (PID=1425) to work on /home/airflow/.local/lib/python3.6/site-packages/airflow/example_dags/example_skip_dag.py
[2021-07-19 00:08:13,613] {scheduler_job.py:632} INFO - Processing file /home/airflow/.local/lib/python3.6/site-packages/airflow/example_dags/example_skip_dag.py for tasks to queue
[2021-07-19 00:08:13,614] {logging_mixin.py:104} INFO - [2021-07-19 00:08:13,614] {dagbag.py:496} INFO - Filling up the DagBag from /home/airflow/.local/lib/python3.6/site-packages/airflow/example_dags/example_skip_dag.py
[2021-07-19 00:08:13,632] {scheduler_job.py:642} INFO - DAG(s) dict_keys(['example_skip_dag']) retrieved from /home/airflow/.local/lib/python3.6/site-packages/airflow/example_dags/example_skip_dag.py
[2021-07-19 00:08:13,662] {logging_mixin.py:104} INFO - [2021-07-19 00:08:13,662] {dag.py:1833} INFO - Sync 1 DAGs
[2021-07-19 00:08:13,686] {logging_mixin.py:104} INFO - [2021-07-19 00:08:13,686] {dag.py:2306} INFO - Setting next_dagrun for example_skip_dag to 2021-07-17 00:00:00+00:00
[2021-07-19 00:08:13,770] {scheduler_job.py:189} INFO - Processing /home/airflow/.local/lib/python3.6/site-packages/airflow/example_dags/example_skip_dag.py took 0.163 seconds
[2021-07-19 00:08:43,983] {scheduler_job.py:181} INFO - Started process (PID=1492) to work on /home/airflow/.local/lib/python3.6/site-packages/airflow/example_dags/example_skip_dag.py
[2021-07-19 00:08:43,986] {scheduler_job.py:632} INFO - Processing file /home/airflow/.local/lib/python3.6/site-packages/airflow/example_dags/example_skip_dag.py for tasks to queue
[2021-07-19 00:08:43,987] {logging_mixin.py:104} INFO - [2021-07-19 00:08:43,987] {dagbag.py:496} INFO - Filling up the DagBag from /home/airflow/.local/lib/python3.6/site-packages/airflow/example_dags/example_skip_dag.py
[2021-07-19 00:08:44,001] {scheduler_job.py:642} INFO - DAG(s) dict_keys(['example_skip_dag']) retrieved from /home/airflow/.local/lib/python3.6/site-packages/airflow/example_dags/example_skip_dag.py
[2021-07-19 00:08:44,027] {logging_mixin.py:104} INFO - [2021-07-19 00:08:44,026] {dag.py:1833} INFO - Sync 1 DAGs
[2021-07-19 00:08:44,045] {logging_mixin.py:104} INFO - [2021-07-19 00:08:44,045] {dag.py:2306} INFO - Setting next_dagrun for example_skip_dag to 2021-07-17 00:00:00+00:00
[2021-07-19 00:08:44,361] {scheduler_job.py:189} INFO - Processing /home/airflow/.local/lib/python3.6/site-packages/airflow/example_dags/example_skip_dag.py took 0.382 seconds
[2021-07-19 00:09:14,575] {scheduler_job.py:181} INFO - Started process (PID=1548) to work on /home/airflow/.local/lib/python3.6/site-packages/airflow/example_dags/example_skip_dag.py
[2021-07-19 00:09:14,579] {scheduler_job.py:632} INFO - Processing file /home/airflow/.local/lib/python3.6/site-packages/airflow/example_dags/example_skip_dag.py for tasks to queue
[2021-07-19 00:09:14,583] {logging_mixin.py:104} INFO - [2021-07-19 00:09:14,583] {dagbag.py:496} INFO - Filling up the DagBag from /home/airflow/.local/lib/python3.6/site-packages/airflow/example_dags/example_skip_dag.py
[2021-07-19 00:09:14,607] {scheduler_job.py:642} INFO - DAG(s) dict_keys(['example_skip_dag']) retrieved from /home/airflow/.local/lib/python3.6/site-packages/airflow/example_dags/example_skip_dag.py
[2021-07-19 00:09:14,650] {logging_mixin.py:104} INFO - [2021-07-19 00:09:14,650] {dag.py:1833} INFO - Sync 1 DAGs
[2021-07-19 00:09:14,669] {logging_mixin.py:104} INFO - [2021-07-19 00:09:14,669] {dag.py:2306} INFO - Setting next_dagrun for example_skip_dag to 2021-07-17 00:00:00+00:00
[2021-07-19 00:09:14,907] {scheduler_job.py:189} INFO - Processing /home/airflow/.local/lib/python3.6/site-packages/airflow/example_dags/example_skip_dag.py took 0.340 seconds
[2021-07-19 00:09:44,969] {scheduler_job.py:181} INFO - Started process (PID=1604) to work on /home/airflow/.local/lib/python3.6/site-packages/airflow/example_dags/example_skip_dag.py
[2021-07-19 00:09:44,971] {scheduler_job.py:632} INFO - Processing file /home/airflow/.local/lib/python3.6/site-packages/airflow/example_dags/example_skip_dag.py for tasks to queue
[2021-07-19 00:09:44,972] {logging_mixin.py:104} INFO - [2021-07-19 00:09:44,972] {dagbag.py:496} INFO - Filling up the DagBag from /home/airflow/.local/lib/python3.6/site-packages/airflow/example_dags/example_skip_dag.py
[2021-07-19 00:09:44,985] {scheduler_job.py:642} INFO - DAG(s) dict_keys(['example_skip_dag']) retrieved from /home/airflow/.local/lib/python3.6/site-packages/airflow/example_dags/example_skip_dag.py
[2021-07-19 00:09:45,008] {logging_mixin.py:104} INFO - [2021-07-19 00:09:45,008] {dag.py:1833} INFO - Sync 1 DAGs
[2021-07-19 00:09:45,025] {logging_mixin.py:104} INFO - [2021-07-19 00:09:45,025] {dag.py:2306} INFO - Setting next_dagrun for example_skip_dag to 2021-07-17 00:00:00+00:00
[2021-07-19 00:09:45,229] {scheduler_job.py:189} INFO - Processing /home/airflow/.local/lib/python3.6/site-packages/airflow/example_dags/example_skip_dag.py took 0.263 seconds
[2021-07-19 00:10:15,983] {scheduler_job.py:181} INFO - Started process (PID=1672) to work on /home/airflow/.local/lib/python3.6/site-packages/airflow/example_dags/example_skip_dag.py
[2021-07-19 00:10:15,988] {scheduler_job.py:632} INFO - Processing file /home/airflow/.local/lib/python3.6/site-packages/airflow/example_dags/example_skip_dag.py for tasks to queue
[2021-07-19 00:10:15,990] {logging_mixin.py:104} INFO - [2021-07-19 00:10:15,990] {dagbag.py:496} INFO - Filling up the DagBag from /home/airflow/.local/lib/python3.6/site-packages/airflow/example_dags/example_skip_dag.py
[2021-07-19 00:10:16,013] {scheduler_job.py:642} INFO - DAG(s) dict_keys(['example_skip_dag']) retrieved from /home/airflow/.local/lib/python3.6/site-packages/airflow/example_dags/example_skip_dag.py
[2021-07-19 00:10:16,058] {logging_mixin.py:104} INFO - [2021-07-19 00:10:16,058] {dag.py:1833} INFO - Sync 1 DAGs
[2021-07-19 00:10:16,080] {logging_mixin.py:104} INFO - [2021-07-19 00:10:16,080] {dag.py:2306} INFO - Setting next_dagrun for example_skip_dag to 2021-07-17 00:00:00+00:00
[2021-07-19 00:10:16,221] {scheduler_job.py:189} INFO - Processing /home/airflow/.local/lib/python3.6/site-packages/airflow/example_dags/example_skip_dag.py took 0.249 seconds
[2021-07-19 00:10:46,627] {scheduler_job.py:181} INFO - Started process (PID=1729) to work on /home/airflow/.local/lib/python3.6/site-packages/airflow/example_dags/example_skip_dag.py
[2021-07-19 00:10:46,630] {scheduler_job.py:632} INFO - Processing file /home/airflow/.local/lib/python3.6/site-packages/airflow/example_dags/example_skip_dag.py for tasks to queue
[2021-07-19 00:10:46,631] {logging_mixin.py:104} INFO - [2021-07-19 00:10:46,631] {dagbag.py:496} INFO - Filling up the DagBag from /home/airflow/.local/lib/python3.6/site-packages/airflow/example_dags/example_skip_dag.py
[2021-07-19 00:10:46,646] {scheduler_job.py:642} INFO - DAG(s) dict_keys(['example_skip_dag']) retrieved from /home/airflow/.local/lib/python3.6/site-packages/airflow/example_dags/example_skip_dag.py
[2021-07-19 00:10:46,675] {logging_mixin.py:104} INFO - [2021-07-19 00:10:46,675] {dag.py:1833} INFO - Sync 1 DAGs
[2021-07-19 00:10:46,695] {logging_mixin.py:104} INFO - [2021-07-19 00:10:46,695] {dag.py:2306} INFO - Setting next_dagrun for example_skip_dag to 2021-07-17 00:00:00+00:00
[2021-07-19 00:10:46,874] {scheduler_job.py:189} INFO - Processing /home/airflow/.local/lib/python3.6/site-packages/airflow/example_dags/example_skip_dag.py took 0.251 seconds
[2021-07-19 00:11:19,152] {scheduler_job.py:181} INFO - Started process (PID=1784) to work on /home/airflow/.local/lib/python3.6/site-packages/airflow/example_dags/example_skip_dag.py
[2021-07-19 00:11:19,155] {scheduler_job.py:632} INFO - Processing file /home/airflow/.local/lib/python3.6/site-packages/airflow/example_dags/example_skip_dag.py for tasks to queue
[2021-07-19 00:11:19,156] {logging_mixin.py:104} INFO - [2021-07-19 00:11:19,156] {dagbag.py:496} INFO - Filling up the DagBag from /home/airflow/.local/lib/python3.6/site-packages/airflow/example_dags/example_skip_dag.py
[2021-07-19 00:11:19,172] {scheduler_job.py:642} INFO - DAG(s) dict_keys(['example_skip_dag']) retrieved from /home/airflow/.local/lib/python3.6/site-packages/airflow/example_dags/example_skip_dag.py
[2021-07-19 00:11:19,216] {logging_mixin.py:104} INFO - [2021-07-19 00:11:19,215] {dag.py:1833} INFO - Sync 1 DAGs
[2021-07-19 00:11:19,252] {logging_mixin.py:104} INFO - [2021-07-19 00:11:19,252] {dag.py:2306} INFO - Setting next_dagrun for example_skip_dag to 2021-07-17 00:00:00+00:00
[2021-07-19 00:11:19,530] {scheduler_job.py:189} INFO - Processing /home/airflow/.local/lib/python3.6/site-packages/airflow/example_dags/example_skip_dag.py took 0.383 seconds
[2021-07-19 00:11:49,642] {scheduler_job.py:181} INFO - Started process (PID=1854) to work on /home/airflow/.local/lib/python3.6/site-packages/airflow/example_dags/example_skip_dag.py
[2021-07-19 00:11:49,644] {scheduler_job.py:632} INFO - Processing file /home/airflow/.local/lib/python3.6/site-packages/airflow/example_dags/example_skip_dag.py for tasks to queue
[2021-07-19 00:11:49,646] {logging_mixin.py:104} INFO - [2021-07-19 00:11:49,645] {dagbag.py:496} INFO - Filling up the DagBag from /home/airflow/.local/lib/python3.6/site-packages/airflow/example_dags/example_skip_dag.py
[2021-07-19 00:11:49,669] {scheduler_job.py:642} INFO - DAG(s) dict_keys(['example_skip_dag']) retrieved from /home/airflow/.local/lib/python3.6/site-packages/airflow/example_dags/example_skip_dag.py
[2021-07-19 00:11:49,722] {logging_mixin.py:104} INFO - [2021-07-19 00:11:49,721] {dag.py:1833} INFO - Sync 1 DAGs
[2021-07-19 00:11:49,757] {logging_mixin.py:104} INFO - [2021-07-19 00:11:49,756] {dag.py:2306} INFO - Setting next_dagrun for example_skip_dag to 2021-07-17 00:00:00+00:00
[2021-07-19 00:11:49,834] {scheduler_job.py:189} INFO - Processing /home/airflow/.local/lib/python3.6/site-packages/airflow/example_dags/example_skip_dag.py took 0.197 seconds
[2021-07-19 00:12:20,183] {scheduler_job.py:181} INFO - Started process (PID=1909) to work on /home/airflow/.local/lib/python3.6/site-packages/airflow/example_dags/example_skip_dag.py
[2021-07-19 00:12:20,185] {scheduler_job.py:632} INFO - Processing file /home/airflow/.local/lib/python3.6/site-packages/airflow/example_dags/example_skip_dag.py for tasks to queue
[2021-07-19 00:12:20,186] {logging_mixin.py:104} INFO - [2021-07-19 00:12:20,186] {dagbag.py:496} INFO - Filling up the DagBag from /home/airflow/.local/lib/python3.6/site-packages/airflow/example_dags/example_skip_dag.py
[2021-07-19 00:12:20,202] {scheduler_job.py:642} INFO - DAG(s) dict_keys(['example_skip_dag']) retrieved from /home/airflow/.local/lib/python3.6/site-packages/airflow/example_dags/example_skip_dag.py
[2021-07-19 00:12:20,229] {logging_mixin.py:104} INFO - [2021-07-19 00:12:20,229] {dag.py:1833} INFO - Sync 1 DAGs
[2021-07-19 00:12:20,252] {logging_mixin.py:104} INFO - [2021-07-19 00:12:20,252] {dag.py:2306} INFO - Setting next_dagrun for example_skip_dag to 2021-07-17 00:00:00+00:00
[2021-07-19 00:12:20,350] {scheduler_job.py:189} INFO - Processing /home/airflow/.local/lib/python3.6/site-packages/airflow/example_dags/example_skip_dag.py took 0.171 seconds
[2021-07-19 00:12:50,975] {scheduler_job.py:181} INFO - Started process (PID=1966) to work on /home/airflow/.local/lib/python3.6/site-packages/airflow/example_dags/example_skip_dag.py
[2021-07-19 00:12:50,981] {scheduler_job.py:632} INFO - Processing file /home/airflow/.local/lib/python3.6/site-packages/airflow/example_dags/example_skip_dag.py for tasks to queue
[2021-07-19 00:12:50,985] {logging_mixin.py:104} INFO - [2021-07-19 00:12:50,984] {dagbag.py:496} INFO - Filling up the DagBag from /home/airflow/.local/lib/python3.6/site-packages/airflow/example_dags/example_skip_dag.py
[2021-07-19 00:12:51,045] {scheduler_job.py:642} INFO - DAG(s) dict_keys(['example_skip_dag']) retrieved from /home/airflow/.local/lib/python3.6/site-packages/airflow/example_dags/example_skip_dag.py
[2021-07-19 00:12:51,106] {logging_mixin.py:104} INFO - [2021-07-19 00:12:51,106] {dag.py:1833} INFO - Sync 1 DAGs
[2021-07-19 00:12:51,141] {logging_mixin.py:104} INFO - [2021-07-19 00:12:51,141] {dag.py:2306} INFO - Setting next_dagrun for example_skip_dag to 2021-07-17 00:00:00+00:00
[2021-07-19 00:12:51,529] {scheduler_job.py:189} INFO - Processing /home/airflow/.local/lib/python3.6/site-packages/airflow/example_dags/example_skip_dag.py took 0.567 seconds
[2021-07-19 00:13:21,743] {scheduler_job.py:181} INFO - Started process (PID=2039) to work on /home/airflow/.local/lib/python3.6/site-packages/airflow/example_dags/example_skip_dag.py
[2021-07-19 00:13:21,745] {scheduler_job.py:632} INFO - Processing file /home/airflow/.local/lib/python3.6/site-packages/airflow/example_dags/example_skip_dag.py for tasks to queue
[2021-07-19 00:13:21,746] {logging_mixin.py:104} INFO - [2021-07-19 00:13:21,746] {dagbag.py:496} INFO - Filling up the DagBag from /home/airflow/.local/lib/python3.6/site-packages/airflow/example_dags/example_skip_dag.py
[2021-07-19 00:13:21,760] {scheduler_job.py:642} INFO - DAG(s) dict_keys(['example_skip_dag']) retrieved from /home/airflow/.local/lib/python3.6/site-packages/airflow/example_dags/example_skip_dag.py
[2021-07-19 00:13:21,790] {logging_mixin.py:104} INFO - [2021-07-19 00:13:21,789] {dag.py:1833} INFO - Sync 1 DAGs
[2021-07-19 00:13:21,809] {logging_mixin.py:104} INFO - [2021-07-19 00:13:21,809] {dag.py:2306} INFO - Setting next_dagrun for example_skip_dag to 2021-07-17 00:00:00+00:00
[2021-07-19 00:13:21,882] {scheduler_job.py:189} INFO - Processing /home/airflow/.local/lib/python3.6/site-packages/airflow/example_dags/example_skip_dag.py took 0.142 seconds
[2021-07-19 00:13:52,987] {scheduler_job.py:181} INFO - Started process (PID=2097) to work on /home/airflow/.local/lib/python3.6/site-packages/airflow/example_dags/example_skip_dag.py
[2021-07-19 00:13:52,990] {scheduler_job.py:632} INFO - Processing file /home/airflow/.local/lib/python3.6/site-packages/airflow/example_dags/example_skip_dag.py for tasks to queue
[2021-07-19 00:13:52,993] {logging_mixin.py:104} INFO - [2021-07-19 00:13:52,993] {dagbag.py:496} INFO - Filling up the DagBag from /home/airflow/.local/lib/python3.6/site-packages/airflow/example_dags/example_skip_dag.py
[2021-07-19 00:13:53,008] {scheduler_job.py:642} INFO - DAG(s) dict_keys(['example_skip_dag']) retrieved from /home/airflow/.local/lib/python3.6/site-packages/airflow/example_dags/example_skip_dag.py
[2021-07-19 00:13:53,035] {logging_mixin.py:104} INFO - [2021-07-19 00:13:53,035] {dag.py:1833} INFO - Sync 1 DAGs
[2021-07-19 00:13:53,054] {logging_mixin.py:104} INFO - [2021-07-19 00:13:53,054] {dag.py:2306} INFO - Setting next_dagrun for example_skip_dag to 2021-07-17 00:00:00+00:00
[2021-07-19 00:13:53,128] {scheduler_job.py:189} INFO - Processing /home/airflow/.local/lib/python3.6/site-packages/airflow/example_dags/example_skip_dag.py took 0.146 seconds
[2021-07-19 00:14:23,621] {scheduler_job.py:181} INFO - Started process (PID=2154) to work on /home/airflow/.local/lib/python3.6/site-packages/airflow/example_dags/example_skip_dag.py
[2021-07-19 00:14:23,623] {scheduler_job.py:632} INFO - Processing file /home/airflow/.local/lib/python3.6/site-packages/airflow/example_dags/example_skip_dag.py for tasks to queue
[2021-07-19 00:14:23,624] {logging_mixin.py:104} INFO - [2021-07-19 00:14:23,624] {dagbag.py:496} INFO - Filling up the DagBag from /home/airflow/.local/lib/python3.6/site-packages/airflow/example_dags/example_skip_dag.py
[2021-07-19 00:14:23,642] {scheduler_job.py:642} INFO - DAG(s) dict_keys(['example_skip_dag']) retrieved from /home/airflow/.local/lib/python3.6/site-packages/airflow/example_dags/example_skip_dag.py
[2021-07-19 00:14:23,674] {logging_mixin.py:104} INFO - [2021-07-19 00:14:23,674] {dag.py:1833} INFO - Sync 1 DAGs
[2021-07-19 00:14:23,696] {logging_mixin.py:104} INFO - [2021-07-19 00:14:23,696] {dag.py:2306} INFO - Setting next_dagrun for example_skip_dag to 2021-07-17 00:00:00+00:00
[2021-07-19 00:14:24,215] {scheduler_job.py:189} INFO - Processing /home/airflow/.local/lib/python3.6/site-packages/airflow/example_dags/example_skip_dag.py took 0.598 seconds
[2021-07-19 00:14:54,425] {scheduler_job.py:181} INFO - Started process (PID=2211) to work on /home/airflow/.local/lib/python3.6/site-packages/airflow/example_dags/example_skip_dag.py
[2021-07-19 00:14:54,427] {scheduler_job.py:632} INFO - Processing file /home/airflow/.local/lib/python3.6/site-packages/airflow/example_dags/example_skip_dag.py for tasks to queue
[2021-07-19 00:14:54,435] {logging_mixin.py:104} INFO - [2021-07-19 00:14:54,435] {dagbag.py:496} INFO - Filling up the DagBag from /home/airflow/.local/lib/python3.6/site-packages/airflow/example_dags/example_skip_dag.py
[2021-07-19 00:14:54,465] {scheduler_job.py:642} INFO - DAG(s) dict_keys(['example_skip_dag']) retrieved from /home/airflow/.local/lib/python3.6/site-packages/airflow/example_dags/example_skip_dag.py
[2021-07-19 00:14:54,512] {logging_mixin.py:104} INFO - [2021-07-19 00:14:54,512] {dag.py:1833} INFO - Sync 1 DAGs
[2021-07-19 00:14:54,539] {logging_mixin.py:104} INFO - [2021-07-19 00:14:54,539] {dag.py:2306} INFO - Setting next_dagrun for example_skip_dag to 2021-07-17 00:00:00+00:00
[2021-07-19 00:14:54,610] {scheduler_job.py:189} INFO - Processing /home/airflow/.local/lib/python3.6/site-packages/airflow/example_dags/example_skip_dag.py took 0.189 seconds
[2021-07-19 00:15:24,745] {scheduler_job.py:181} INFO - Started process (PID=2268) to work on /home/airflow/.local/lib/python3.6/site-packages/airflow/example_dags/example_skip_dag.py
[2021-07-19 00:15:24,747] {scheduler_job.py:632} INFO - Processing file /home/airflow/.local/lib/python3.6/site-packages/airflow/example_dags/example_skip_dag.py for tasks to queue
[2021-07-19 00:15:24,749] {logging_mixin.py:104} INFO - [2021-07-19 00:15:24,749] {dagbag.py:496} INFO - Filling up the DagBag from /home/airflow/.local/lib/python3.6/site-packages/airflow/example_dags/example_skip_dag.py
[2021-07-19 00:15:24,770] {scheduler_job.py:642} INFO - DAG(s) dict_keys(['example_skip_dag']) retrieved from /home/airflow/.local/lib/python3.6/site-packages/airflow/example_dags/example_skip_dag.py
[2021-07-19 00:15:24,798] {logging_mixin.py:104} INFO - [2021-07-19 00:15:24,798] {dag.py:1833} INFO - Sync 1 DAGs
[2021-07-19 00:15:24,830] {logging_mixin.py:104} INFO - [2021-07-19 00:15:24,830] {dag.py:2306} INFO - Setting next_dagrun for example_skip_dag to 2021-07-17 00:00:00+00:00
[2021-07-19 00:15:24,871] {scheduler_job.py:189} INFO - Processing /home/airflow/.local/lib/python3.6/site-packages/airflow/example_dags/example_skip_dag.py took 0.132 seconds
[2021-07-19 00:15:55,196] {scheduler_job.py:181} INFO - Started process (PID=2334) to work on /home/airflow/.local/lib/python3.6/site-packages/airflow/example_dags/example_skip_dag.py
[2021-07-19 00:15:55,201] {scheduler_job.py:632} INFO - Processing file /home/airflow/.local/lib/python3.6/site-packages/airflow/example_dags/example_skip_dag.py for tasks to queue
[2021-07-19 00:15:55,204] {logging_mixin.py:104} INFO - [2021-07-19 00:15:55,204] {dagbag.py:496} INFO - Filling up the DagBag from /home/airflow/.local/lib/python3.6/site-packages/airflow/example_dags/example_skip_dag.py
[2021-07-19 00:15:55,243] {scheduler_job.py:642} INFO - DAG(s) dict_keys(['example_skip_dag']) retrieved from /home/airflow/.local/lib/python3.6/site-packages/airflow/example_dags/example_skip_dag.py
[2021-07-19 00:15:55,283] {logging_mixin.py:104} INFO - [2021-07-19 00:15:55,282] {dag.py:1833} INFO - Sync 1 DAGs
[2021-07-19 00:15:55,303] {logging_mixin.py:104} INFO - [2021-07-19 00:15:55,303] {dag.py:2306} INFO - Setting next_dagrun for example_skip_dag to 2021-07-17 00:00:00+00:00
[2021-07-19 00:15:55,360] {scheduler_job.py:189} INFO - Processing /home/airflow/.local/lib/python3.6/site-packages/airflow/example_dags/example_skip_dag.py took 0.175 seconds
[2021-07-19 00:16:25,586] {scheduler_job.py:181} INFO - Started process (PID=2390) to work on /home/airflow/.local/lib/python3.6/site-packages/airflow/example_dags/example_skip_dag.py
[2021-07-19 00:16:25,589] {scheduler_job.py:632} INFO - Processing file /home/airflow/.local/lib/python3.6/site-packages/airflow/example_dags/example_skip_dag.py for tasks to queue
[2021-07-19 00:16:25,591] {logging_mixin.py:104} INFO - [2021-07-19 00:16:25,591] {dagbag.py:496} INFO - Filling up the DagBag from /home/airflow/.local/lib/python3.6/site-packages/airflow/example_dags/example_skip_dag.py
[2021-07-19 00:16:25,616] {scheduler_job.py:642} INFO - DAG(s) dict_keys(['example_skip_dag']) retrieved from /home/airflow/.local/lib/python3.6/site-packages/airflow/example_dags/example_skip_dag.py
[2021-07-19 00:16:25,644] {logging_mixin.py:104} INFO - [2021-07-19 00:16:25,644] {dag.py:1833} INFO - Sync 1 DAGs
[2021-07-19 00:16:25,663] {logging_mixin.py:104} INFO - [2021-07-19 00:16:25,663] {dag.py:2306} INFO - Setting next_dagrun for example_skip_dag to 2021-07-17 00:00:00+00:00
[2021-07-19 00:16:25,717] {scheduler_job.py:189} INFO - Processing /home/airflow/.local/lib/python3.6/site-packages/airflow/example_dags/example_skip_dag.py took 0.139 seconds
[2021-07-19 00:16:57,082] {scheduler_job.py:181} INFO - Started process (PID=2458) to work on /home/airflow/.local/lib/python3.6/site-packages/airflow/example_dags/example_skip_dag.py
[2021-07-19 00:16:57,090] {scheduler_job.py:632} INFO - Processing file /home/airflow/.local/lib/python3.6/site-packages/airflow/example_dags/example_skip_dag.py for tasks to queue
[2021-07-19 00:16:57,093] {logging_mixin.py:104} INFO - [2021-07-19 00:16:57,092] {dagbag.py:496} INFO - Filling up the DagBag from /home/airflow/.local/lib/python3.6/site-packages/airflow/example_dags/example_skip_dag.py
[2021-07-19 00:16:57,116] {scheduler_job.py:642} INFO - DAG(s) dict_keys(['example_skip_dag']) retrieved from /home/airflow/.local/lib/python3.6/site-packages/airflow/example_dags/example_skip_dag.py
[2021-07-19 00:16:57,175] {logging_mixin.py:104} INFO - [2021-07-19 00:16:57,175] {dag.py:1833} INFO - Sync 1 DAGs
[2021-07-19 00:16:57,214] {logging_mixin.py:104} INFO - [2021-07-19 00:16:57,213] {dag.py:2306} INFO - Setting next_dagrun for example_skip_dag to 2021-07-17 00:00:00+00:00
[2021-07-19 00:16:57,349] {scheduler_job.py:189} INFO - Processing /home/airflow/.local/lib/python3.6/site-packages/airflow/example_dags/example_skip_dag.py took 0.278 seconds
[2021-07-19 00:17:27,821] {scheduler_job.py:181} INFO - Started process (PID=2517) to work on /home/airflow/.local/lib/python3.6/site-packages/airflow/example_dags/example_skip_dag.py
[2021-07-19 00:17:27,823] {scheduler_job.py:632} INFO - Processing file /home/airflow/.local/lib/python3.6/site-packages/airflow/example_dags/example_skip_dag.py for tasks to queue
[2021-07-19 00:17:27,825] {logging_mixin.py:104} INFO - [2021-07-19 00:17:27,824] {dagbag.py:496} INFO - Filling up the DagBag from /home/airflow/.local/lib/python3.6/site-packages/airflow/example_dags/example_skip_dag.py
[2021-07-19 00:17:27,842] {scheduler_job.py:642} INFO - DAG(s) dict_keys(['example_skip_dag']) retrieved from /home/airflow/.local/lib/python3.6/site-packages/airflow/example_dags/example_skip_dag.py
[2021-07-19 00:17:27,870] {logging_mixin.py:104} INFO - [2021-07-19 00:17:27,869] {dag.py:1833} INFO - Sync 1 DAGs
[2021-07-19 00:17:27,894] {logging_mixin.py:104} INFO - [2021-07-19 00:17:27,894] {dag.py:2306} INFO - Setting next_dagrun for example_skip_dag to 2021-07-17 00:00:00+00:00
[2021-07-19 00:17:28,023] {scheduler_job.py:189} INFO - Processing /home/airflow/.local/lib/python3.6/site-packages/airflow/example_dags/example_skip_dag.py took 0.206 seconds
[2021-07-19 00:17:58,673] {scheduler_job.py:181} INFO - Started process (PID=2574) to work on /home/airflow/.local/lib/python3.6/site-packages/airflow/example_dags/example_skip_dag.py
[2021-07-19 00:17:58,675] {scheduler_job.py:632} INFO - Processing file /home/airflow/.local/lib/python3.6/site-packages/airflow/example_dags/example_skip_dag.py for tasks to queue
[2021-07-19 00:17:58,676] {logging_mixin.py:104} INFO - [2021-07-19 00:17:58,676] {dagbag.py:496} INFO - Filling up the DagBag from /home/airflow/.local/lib/python3.6/site-packages/airflow/example_dags/example_skip_dag.py
[2021-07-19 00:17:58,690] {scheduler_job.py:642} INFO - DAG(s) dict_keys(['example_skip_dag']) retrieved from /home/airflow/.local/lib/python3.6/site-packages/airflow/example_dags/example_skip_dag.py
[2021-07-19 00:17:58,718] {logging_mixin.py:104} INFO - [2021-07-19 00:17:58,718] {dag.py:1833} INFO - Sync 1 DAGs
[2021-07-19 00:17:58,741] {logging_mixin.py:104} INFO - [2021-07-19 00:17:58,741] {dag.py:2306} INFO - Setting next_dagrun for example_skip_dag to 2021-07-17 00:00:00+00:00
[2021-07-19 00:17:59,090] {scheduler_job.py:189} INFO - Processing /home/airflow/.local/lib/python3.6/site-packages/airflow/example_dags/example_skip_dag.py took 0.421 seconds
[2021-07-19 00:18:37,519] {scheduler_job.py:181} INFO - Started process (PID=2641) to work on /home/airflow/.local/lib/python3.6/site-packages/airflow/example_dags/example_skip_dag.py
[2021-07-19 00:18:37,522] {scheduler_job.py:632} INFO - Processing file /home/airflow/.local/lib/python3.6/site-packages/airflow/example_dags/example_skip_dag.py for tasks to queue
[2021-07-19 00:18:37,523] {logging_mixin.py:104} INFO - [2021-07-19 00:18:37,523] {dagbag.py:496} INFO - Filling up the DagBag from /home/airflow/.local/lib/python3.6/site-packages/airflow/example_dags/example_skip_dag.py
[2021-07-19 00:18:37,540] {scheduler_job.py:642} INFO - DAG(s) dict_keys(['example_skip_dag']) retrieved from /home/airflow/.local/lib/python3.6/site-packages/airflow/example_dags/example_skip_dag.py
[2021-07-19 00:18:37,569] {logging_mixin.py:104} INFO - [2021-07-19 00:18:37,569] {dag.py:1833} INFO - Sync 1 DAGs
[2021-07-19 00:18:37,593] {logging_mixin.py:104} INFO - [2021-07-19 00:18:37,592] {dag.py:2306} INFO - Setting next_dagrun for example_skip_dag to 2021-07-17 00:00:00+00:00
[2021-07-19 00:18:37,894] {scheduler_job.py:189} INFO - Processing /home/airflow/.local/lib/python3.6/site-packages/airflow/example_dags/example_skip_dag.py took 0.379 seconds
[2021-07-19 00:19:08,657] {scheduler_job.py:181} INFO - Started process (PID=2696) to work on /home/airflow/.local/lib/python3.6/site-packages/airflow/example_dags/example_skip_dag.py
[2021-07-19 00:19:08,659] {scheduler_job.py:632} INFO - Processing file /home/airflow/.local/lib/python3.6/site-packages/airflow/example_dags/example_skip_dag.py for tasks to queue
[2021-07-19 00:19:08,661] {logging_mixin.py:104} INFO - [2021-07-19 00:19:08,660] {dagbag.py:496} INFO - Filling up the DagBag from /home/airflow/.local/lib/python3.6/site-packages/airflow/example_dags/example_skip_dag.py
[2021-07-19 00:19:08,684] {scheduler_job.py:642} INFO - DAG(s) dict_keys(['example_skip_dag']) retrieved from /home/airflow/.local/lib/python3.6/site-packages/airflow/example_dags/example_skip_dag.py
[2021-07-19 00:19:08,711] {logging_mixin.py:104} INFO - [2021-07-19 00:19:08,711] {dag.py:1833} INFO - Sync 1 DAGs
[2021-07-19 00:19:08,732] {logging_mixin.py:104} INFO - [2021-07-19 00:19:08,732] {dag.py:2306} INFO - Setting next_dagrun for example_skip_dag to 2021-07-17 00:00:00+00:00
[2021-07-19 00:19:09,394] {scheduler_job.py:189} INFO - Processing /home/airflow/.local/lib/python3.6/site-packages/airflow/example_dags/example_skip_dag.py took 0.743 seconds
[2021-07-19 00:19:39,532] {scheduler_job.py:181} INFO - Started process (PID=2753) to work on /home/airflow/.local/lib/python3.6/site-packages/airflow/example_dags/example_skip_dag.py
[2021-07-19 00:19:39,533] {scheduler_job.py:632} INFO - Processing file /home/airflow/.local/lib/python3.6/site-packages/airflow/example_dags/example_skip_dag.py for tasks to queue
[2021-07-19 00:19:39,534] {logging_mixin.py:104} INFO - [2021-07-19 00:19:39,534] {dagbag.py:496} INFO - Filling up the DagBag from /home/airflow/.local/lib/python3.6/site-packages/airflow/example_dags/example_skip_dag.py
[2021-07-19 00:19:39,549] {scheduler_job.py:642} INFO - DAG(s) dict_keys(['example_skip_dag']) retrieved from /home/airflow/.local/lib/python3.6/site-packages/airflow/example_dags/example_skip_dag.py
[2021-07-19 00:19:39,577] {logging_mixin.py:104} INFO - [2021-07-19 00:19:39,577] {dag.py:1833} INFO - Sync 1 DAGs
[2021-07-19 00:19:39,596] {logging_mixin.py:104} INFO - [2021-07-19 00:19:39,596] {dag.py:2306} INFO - Setting next_dagrun for example_skip_dag to 2021-07-17 00:00:00+00:00
[2021-07-19 00:19:39,796] {scheduler_job.py:189} INFO - Processing /home/airflow/.local/lib/python3.6/site-packages/airflow/example_dags/example_skip_dag.py took 0.268 seconds
[2021-07-19 00:20:12,029] {scheduler_job.py:181} INFO - Started process (PID=2810) to work on /home/airflow/.local/lib/python3.6/site-packages/airflow/example_dags/example_skip_dag.py
[2021-07-19 00:20:12,031] {scheduler_job.py:632} INFO - Processing file /home/airflow/.local/lib/python3.6/site-packages/airflow/example_dags/example_skip_dag.py for tasks to queue
[2021-07-19 00:20:12,033] {logging_mixin.py:104} INFO - [2021-07-19 00:20:12,033] {dagbag.py:496} INFO - Filling up the DagBag from /home/airflow/.local/lib/python3.6/site-packages/airflow/example_dags/example_skip_dag.py
[2021-07-19 00:20:12,052] {scheduler_job.py:642} INFO - DAG(s) dict_keys(['example_skip_dag']) retrieved from /home/airflow/.local/lib/python3.6/site-packages/airflow/example_dags/example_skip_dag.py
[2021-07-19 00:20:12,087] {logging_mixin.py:104} INFO - [2021-07-19 00:20:12,087] {dag.py:1833} INFO - Sync 1 DAGs
[2021-07-19 00:20:12,108] {logging_mixin.py:104} INFO - [2021-07-19 00:20:12,108] {dag.py:2306} INFO - Setting next_dagrun for example_skip_dag to 2021-07-17 00:00:00+00:00
[2021-07-19 00:20:13,266] {scheduler_job.py:189} INFO - Processing /home/airflow/.local/lib/python3.6/site-packages/airflow/example_dags/example_skip_dag.py took 1.241 seconds
[2021-07-19 00:20:43,597] {scheduler_job.py:181} INFO - Started process (PID=2868) to work on /home/airflow/.local/lib/python3.6/site-packages/airflow/example_dags/example_skip_dag.py
[2021-07-19 00:20:43,598] {scheduler_job.py:632} INFO - Processing file /home/airflow/.local/lib/python3.6/site-packages/airflow/example_dags/example_skip_dag.py for tasks to queue
[2021-07-19 00:20:43,600] {logging_mixin.py:104} INFO - [2021-07-19 00:20:43,599] {dagbag.py:496} INFO - Filling up the DagBag from /home/airflow/.local/lib/python3.6/site-packages/airflow/example_dags/example_skip_dag.py
[2021-07-19 00:20:43,617] {scheduler_job.py:642} INFO - DAG(s) dict_keys(['example_skip_dag']) retrieved from /home/airflow/.local/lib/python3.6/site-packages/airflow/example_dags/example_skip_dag.py
[2021-07-19 00:20:43,649] {logging_mixin.py:104} INFO - [2021-07-19 00:20:43,648] {dag.py:1833} INFO - Sync 1 DAGs
[2021-07-19 00:20:43,672] {logging_mixin.py:104} INFO - [2021-07-19 00:20:43,672] {dag.py:2306} INFO - Setting next_dagrun for example_skip_dag to 2021-07-17 00:00:00+00:00
[2021-07-19 00:20:44,666] {scheduler_job.py:189} INFO - Processing /home/airflow/.local/lib/python3.6/site-packages/airflow/example_dags/example_skip_dag.py took 1.074 seconds
[2021-07-19 00:21:14,853] {scheduler_job.py:181} INFO - Started process (PID=2936) to work on /home/airflow/.local/lib/python3.6/site-packages/airflow/example_dags/example_skip_dag.py
[2021-07-19 00:21:14,855] {scheduler_job.py:632} INFO - Processing file /home/airflow/.local/lib/python3.6/site-packages/airflow/example_dags/example_skip_dag.py for tasks to queue
[2021-07-19 00:21:14,856] {logging_mixin.py:104} INFO - [2021-07-19 00:21:14,856] {dagbag.py:496} INFO - Filling up the DagBag from /home/airflow/.local/lib/python3.6/site-packages/airflow/example_dags/example_skip_dag.py
[2021-07-19 00:21:14,877] {scheduler_job.py:642} INFO - DAG(s) dict_keys(['example_skip_dag']) retrieved from /home/airflow/.local/lib/python3.6/site-packages/airflow/example_dags/example_skip_dag.py
[2021-07-19 00:21:14,913] {logging_mixin.py:104} INFO - [2021-07-19 00:21:14,912] {dag.py:1833} INFO - Sync 1 DAGs
[2021-07-19 00:21:14,937] {logging_mixin.py:104} INFO - [2021-07-19 00:21:14,937] {dag.py:2306} INFO - Setting next_dagrun for example_skip_dag to 2021-07-17 00:00:00+00:00
[2021-07-19 00:21:15,234] {scheduler_job.py:189} INFO - Processing /home/airflow/.local/lib/python3.6/site-packages/airflow/example_dags/example_skip_dag.py took 0.385 seconds
[2021-07-19 00:21:45,553] {scheduler_job.py:181} INFO - Started process (PID=2992) to work on /home/airflow/.local/lib/python3.6/site-packages/airflow/example_dags/example_skip_dag.py
[2021-07-19 00:21:45,563] {scheduler_job.py:632} INFO - Processing file /home/airflow/.local/lib/python3.6/site-packages/airflow/example_dags/example_skip_dag.py for tasks to queue
[2021-07-19 00:21:45,566] {logging_mixin.py:104} INFO - [2021-07-19 00:21:45,566] {dagbag.py:496} INFO - Filling up the DagBag from /home/airflow/.local/lib/python3.6/site-packages/airflow/example_dags/example_skip_dag.py
[2021-07-19 00:21:45,605] {scheduler_job.py:642} INFO - DAG(s) dict_keys(['example_skip_dag']) retrieved from /home/airflow/.local/lib/python3.6/site-packages/airflow/example_dags/example_skip_dag.py
[2021-07-19 00:21:45,672] {logging_mixin.py:104} INFO - [2021-07-19 00:21:45,671] {dag.py:1833} INFO - Sync 1 DAGs
[2021-07-19 00:21:45,703] {logging_mixin.py:104} INFO - [2021-07-19 00:21:45,703] {dag.py:2306} INFO - Setting next_dagrun for example_skip_dag to 2021-07-17 00:00:00+00:00
[2021-07-19 00:21:45,997] {scheduler_job.py:189} INFO - Processing /home/airflow/.local/lib/python3.6/site-packages/airflow/example_dags/example_skip_dag.py took 0.450 seconds
[2021-07-19 00:22:16,037] {scheduler_job.py:181} INFO - Started process (PID=3048) to work on /home/airflow/.local/lib/python3.6/site-packages/airflow/example_dags/example_skip_dag.py
[2021-07-19 00:22:16,039] {scheduler_job.py:632} INFO - Processing file /home/airflow/.local/lib/python3.6/site-packages/airflow/example_dags/example_skip_dag.py for tasks to queue
[2021-07-19 00:22:16,040] {logging_mixin.py:104} INFO - [2021-07-19 00:22:16,040] {dagbag.py:496} INFO - Filling up the DagBag from /home/airflow/.local/lib/python3.6/site-packages/airflow/example_dags/example_skip_dag.py
[2021-07-19 00:22:16,055] {scheduler_job.py:642} INFO - DAG(s) dict_keys(['example_skip_dag']) retrieved from /home/airflow/.local/lib/python3.6/site-packages/airflow/example_dags/example_skip_dag.py
[2021-07-19 00:22:16,085] {logging_mixin.py:104} INFO - [2021-07-19 00:22:16,085] {dag.py:1833} INFO - Sync 1 DAGs
[2021-07-19 00:22:16,107] {logging_mixin.py:104} INFO - [2021-07-19 00:22:16,106] {dag.py:2306} INFO - Setting next_dagrun for example_skip_dag to 2021-07-17 00:00:00+00:00
[2021-07-19 00:22:16,293] {scheduler_job.py:189} INFO - Processing /home/airflow/.local/lib/python3.6/site-packages/airflow/example_dags/example_skip_dag.py took 0.261 seconds
[2021-07-19 00:22:47,134] {scheduler_job.py:181} INFO - Started process (PID=3104) to work on /home/airflow/.local/lib/python3.6/site-packages/airflow/example_dags/example_skip_dag.py
[2021-07-19 00:22:47,139] {scheduler_job.py:632} INFO - Processing file /home/airflow/.local/lib/python3.6/site-packages/airflow/example_dags/example_skip_dag.py for tasks to queue
[2021-07-19 00:22:47,142] {logging_mixin.py:104} INFO - [2021-07-19 00:22:47,142] {dagbag.py:496} INFO - Filling up the DagBag from /home/airflow/.local/lib/python3.6/site-packages/airflow/example_dags/example_skip_dag.py
[2021-07-19 00:22:47,164] {scheduler_job.py:642} INFO - DAG(s) dict_keys(['example_skip_dag']) retrieved from /home/airflow/.local/lib/python3.6/site-packages/airflow/example_dags/example_skip_dag.py
[2021-07-19 00:22:47,194] {logging_mixin.py:104} INFO - [2021-07-19 00:22:47,194] {dag.py:1833} INFO - Sync 1 DAGs
[2021-07-19 00:22:47,218] {logging_mixin.py:104} INFO - [2021-07-19 00:22:47,218] {dag.py:2306} INFO - Setting next_dagrun for example_skip_dag to 2021-07-17 00:00:00+00:00
[2021-07-19 00:22:47,718] {scheduler_job.py:189} INFO - Processing /home/airflow/.local/lib/python3.6/site-packages/airflow/example_dags/example_skip_dag.py took 0.592 seconds
[2021-07-19 00:23:20,548] {scheduler_job.py:181} INFO - Started process (PID=3160) to work on /home/airflow/.local/lib/python3.6/site-packages/airflow/example_dags/example_skip_dag.py
[2021-07-19 00:23:20,550] {scheduler_job.py:632} INFO - Processing file /home/airflow/.local/lib/python3.6/site-packages/airflow/example_dags/example_skip_dag.py for tasks to queue
[2021-07-19 00:23:20,551] {logging_mixin.py:104} INFO - [2021-07-19 00:23:20,551] {dagbag.py:496} INFO - Filling up the DagBag from /home/airflow/.local/lib/python3.6/site-packages/airflow/example_dags/example_skip_dag.py
[2021-07-19 00:23:20,566] {scheduler_job.py:642} INFO - DAG(s) dict_keys(['example_skip_dag']) retrieved from /home/airflow/.local/lib/python3.6/site-packages/airflow/example_dags/example_skip_dag.py
[2021-07-19 00:23:20,593] {logging_mixin.py:104} INFO - [2021-07-19 00:23:20,593] {dag.py:1833} INFO - Sync 1 DAGs
[2021-07-19 00:23:20,615] {logging_mixin.py:104} INFO - [2021-07-19 00:23:20,615] {dag.py:2306} INFO - Setting next_dagrun for example_skip_dag to 2021-07-17 00:00:00+00:00
[2021-07-19 00:23:21,399] {scheduler_job.py:189} INFO - Processing /home/airflow/.local/lib/python3.6/site-packages/airflow/example_dags/example_skip_dag.py took 0.855 seconds
                                                                                                                                                                                                                                                                                                                                                                                                                                                                                                                                                                                                                                                                                                                                                                                                                                                                                                                                                                                                                                                                                                                                                                                                                                                                                                                                                                                                                                                                                                                                                                                                                                                                                                                                                                                                                                                                                                                                                                                                                                                                                                                                                                                                                                                                                                                                                                                                                                                                                                                                                                                                                                                                                                                                                                                                                                                                                                                                                                                                                                                                                                                                                                                                                                                                                                                                                                                                                                                                                                                                                                                                                                                                                                                                                                                                                                                                                                                                                                                                                                                                                                                                                                                                                                                                                                                                                                                                                                                                                                                                                                                                                                                                                                                                                                                                                                                                                                                                                                                                                                                                                                                                                                                                                                                                                                                                                                                                                                                                                                                                                                                                                                                                                                                                                                                                                                                                                                                                                                                                                                                                                                                                                                                                                                                                                                                                                                                                                                                                                                                                                                                                                                                                                                                                                                                                                                                                                                                                                                                                                                                                                                                                                                                                                                                                                                                                                                                                                                                                                                                                                                                                                                                                                                                                                                                                                  