[2021-07-19 00:00:07,757] {scheduler_job.py:181} INFO - Started process (PID=476) to work on /home/airflow/.local/lib/python3.6/site-packages/airflow/example_dags/tutorial_taskflow_api_etl_virtualenv.py
[2021-07-19 00:00:07,771] {scheduler_job.py:632} INFO - Processing file /home/airflow/.local/lib/python3.6/site-packages/airflow/example_dags/tutorial_taskflow_api_etl_virtualenv.py for tasks to queue
[2021-07-19 00:00:07,773] {logging_mixin.py:104} INFO - [2021-07-19 00:00:07,773] {dagbag.py:496} INFO - Filling up the DagBag from /home/airflow/.local/lib/python3.6/site-packages/airflow/example_dags/tutorial_taskflow_api_etl_virtualenv.py
[2021-07-19 00:00:07,854] {scheduler_job.py:642} INFO - DAG(s) dict_keys(['tutorial_taskflow_api_etl_virtualenv']) retrieved from /home/airflow/.local/lib/python3.6/site-packages/airflow/example_dags/tutorial_taskflow_api_etl_virtualenv.py
[2021-07-19 00:00:08,509] {logging_mixin.py:104} INFO - [2021-07-19 00:00:08,509] {dag.py:1833} INFO - Sync 1 DAGs
[2021-07-19 00:00:08,532] {logging_mixin.py:104} INFO - [2021-07-19 00:00:08,531] {dag.py:2306} INFO - Setting next_dagrun for tutorial_taskflow_api_etl_virtualenv to None
[2021-07-19 00:00:08,618] {scheduler_job.py:189} INFO - Processing /home/airflow/.local/lib/python3.6/site-packages/airflow/example_dags/tutorial_taskflow_api_etl_virtualenv.py took 0.866 seconds
[2021-07-19 00:00:38,855] {scheduler_job.py:181} INFO - Started process (PID=533) to work on /home/airflow/.local/lib/python3.6/site-packages/airflow/example_dags/tutorial_taskflow_api_etl_virtualenv.py
[2021-07-19 00:00:38,857] {scheduler_job.py:632} INFO - Processing file /home/airflow/.local/lib/python3.6/site-packages/airflow/example_dags/tutorial_taskflow_api_etl_virtualenv.py for tasks to queue
[2021-07-19 00:00:38,858] {logging_mixin.py:104} INFO - [2021-07-19 00:00:38,858] {dagbag.py:496} INFO - Filling up the DagBag from /home/airflow/.local/lib/python3.6/site-packages/airflow/example_dags/tutorial_taskflow_api_etl_virtualenv.py
[2021-07-19 00:00:38,879] {scheduler_job.py:642} INFO - DAG(s) dict_keys(['tutorial_taskflow_api_etl_virtualenv']) retrieved from /home/airflow/.local/lib/python3.6/site-packages/airflow/example_dags/tutorial_taskflow_api_etl_virtualenv.py
[2021-07-19 00:00:39,176] {logging_mixin.py:104} INFO - [2021-07-19 00:00:39,176] {dag.py:1833} INFO - Sync 1 DAGs
[2021-07-19 00:00:39,193] {logging_mixin.py:104} INFO - [2021-07-19 00:00:39,193] {dag.py:2306} INFO - Setting next_dagrun for tutorial_taskflow_api_etl_virtualenv to None
[2021-07-19 00:00:39,246] {scheduler_job.py:189} INFO - Processing /home/airflow/.local/lib/python3.6/site-packages/airflow/example_dags/tutorial_taskflow_api_etl_virtualenv.py took 0.396 seconds
[2021-07-19 00:01:09,559] {scheduler_job.py:181} INFO - Started process (PID=601) to work on /home/airflow/.local/lib/python3.6/site-packages/airflow/example_dags/tutorial_taskflow_api_etl_virtualenv.py
[2021-07-19 00:01:09,561] {scheduler_job.py:632} INFO - Processing file /home/airflow/.local/lib/python3.6/site-packages/airflow/example_dags/tutorial_taskflow_api_etl_virtualenv.py for tasks to queue
[2021-07-19 00:01:09,563] {logging_mixin.py:104} INFO - [2021-07-19 00:01:09,562] {dagbag.py:496} INFO - Filling up the DagBag from /home/airflow/.local/lib/python3.6/site-packages/airflow/example_dags/tutorial_taskflow_api_etl_virtualenv.py
[2021-07-19 00:01:09,592] {scheduler_job.py:642} INFO - DAG(s) dict_keys(['tutorial_taskflow_api_etl_virtualenv']) retrieved from /home/airflow/.local/lib/python3.6/site-packages/airflow/example_dags/tutorial_taskflow_api_etl_virtualenv.py
[2021-07-19 00:01:09,966] {logging_mixin.py:104} INFO - [2021-07-19 00:01:09,966] {dag.py:1833} INFO - Sync 1 DAGs
[2021-07-19 00:01:09,993] {logging_mixin.py:104} INFO - [2021-07-19 00:01:09,993] {dag.py:2306} INFO - Setting next_dagrun for tutorial_taskflow_api_etl_virtualenv to None
[2021-07-19 00:01:10,054] {scheduler_job.py:189} INFO - Processing /home/airflow/.local/lib/python3.6/site-packages/airflow/example_dags/tutorial_taskflow_api_etl_virtualenv.py took 0.500 seconds
[2021-07-19 00:01:40,724] {scheduler_job.py:181} INFO - Started process (PID=658) to work on /home/airflow/.local/lib/python3.6/site-packages/airflow/example_dags/tutorial_taskflow_api_etl_virtualenv.py
[2021-07-19 00:01:40,727] {scheduler_job.py:632} INFO - Processing file /home/airflow/.local/lib/python3.6/site-packages/airflow/example_dags/tutorial_taskflow_api_etl_virtualenv.py for tasks to queue
[2021-07-19 00:01:40,728] {logging_mixin.py:104} INFO - [2021-07-19 00:01:40,728] {dagbag.py:496} INFO - Filling up the DagBag from /home/airflow/.local/lib/python3.6/site-packages/airflow/example_dags/tutorial_taskflow_api_etl_virtualenv.py
[2021-07-19 00:01:40,751] {scheduler_job.py:642} INFO - DAG(s) dict_keys(['tutorial_taskflow_api_etl_virtualenv']) retrieved from /home/airflow/.local/lib/python3.6/site-packages/airflow/example_dags/tutorial_taskflow_api_etl_virtualenv.py
[2021-07-19 00:01:41,022] {logging_mixin.py:104} INFO - [2021-07-19 00:01:41,022] {dag.py:1833} INFO - Sync 1 DAGs
[2021-07-19 00:01:41,038] {logging_mixin.py:104} INFO - [2021-07-19 00:01:41,037] {dag.py:2306} INFO - Setting next_dagrun for tutorial_taskflow_api_etl_virtualenv to None
[2021-07-19 00:01:41,100] {scheduler_job.py:189} INFO - Processing /home/airflow/.local/lib/python3.6/site-packages/airflow/example_dags/tutorial_taskflow_api_etl_virtualenv.py took 0.381 seconds
[2021-07-19 00:02:11,975] {scheduler_job.py:181} INFO - Started process (PID=714) to work on /home/airflow/.local/lib/python3.6/site-packages/airflow/example_dags/tutorial_taskflow_api_etl_virtualenv.py
[2021-07-19 00:02:11,978] {scheduler_job.py:632} INFO - Processing file /home/airflow/.local/lib/python3.6/site-packages/airflow/example_dags/tutorial_taskflow_api_etl_virtualenv.py for tasks to queue
[2021-07-19 00:02:11,980] {logging_mixin.py:104} INFO - [2021-07-19 00:02:11,979] {dagbag.py:496} INFO - Filling up the DagBag from /home/airflow/.local/lib/python3.6/site-packages/airflow/example_dags/tutorial_taskflow_api_etl_virtualenv.py
[2021-07-19 00:02:12,010] {scheduler_job.py:642} INFO - DAG(s) dict_keys(['tutorial_taskflow_api_etl_virtualenv']) retrieved from /home/airflow/.local/lib/python3.6/site-packages/airflow/example_dags/tutorial_taskflow_api_etl_virtualenv.py
[2021-07-19 00:02:12,310] {logging_mixin.py:104} INFO - [2021-07-19 00:02:12,310] {dag.py:1833} INFO - Sync 1 DAGs
[2021-07-19 00:02:12,331] {logging_mixin.py:104} INFO - [2021-07-19 00:02:12,330] {dag.py:2306} INFO - Setting next_dagrun for tutorial_taskflow_api_etl_virtualenv to None
[2021-07-19 00:02:12,383] {scheduler_job.py:189} INFO - Processing /home/airflow/.local/lib/python3.6/site-packages/airflow/example_dags/tutorial_taskflow_api_etl_virtualenv.py took 0.414 seconds
[2021-07-19 00:02:42,823] {scheduler_job.py:181} INFO - Started process (PID=784) to work on /home/airflow/.local/lib/python3.6/site-packages/airflow/example_dags/tutorial_taskflow_api_etl_virtualenv.py
[2021-07-19 00:02:42,840] {scheduler_job.py:632} INFO - Processing file /home/airflow/.local/lib/python3.6/site-packages/airflow/example_dags/tutorial_taskflow_api_etl_virtualenv.py for tasks to queue
[2021-07-19 00:02:42,845] {logging_mixin.py:104} INFO - [2021-07-19 00:02:42,845] {dagbag.py:496} INFO - Filling up the DagBag from /home/airflow/.local/lib/python3.6/site-packages/airflow/example_dags/tutorial_taskflow_api_etl_virtualenv.py
[2021-07-19 00:02:42,885] {scheduler_job.py:642} INFO - DAG(s) dict_keys(['tutorial_taskflow_api_etl_virtualenv']) retrieved from /home/airflow/.local/lib/python3.6/site-packages/airflow/example_dags/tutorial_taskflow_api_etl_virtualenv.py
[2021-07-19 00:02:43,342] {logging_mixin.py:104} INFO - [2021-07-19 00:02:43,342] {dag.py:1833} INFO - Sync 1 DAGs
[2021-07-19 00:02:43,361] {logging_mixin.py:104} INFO - [2021-07-19 00:02:43,361] {dag.py:2306} INFO - Setting next_dagrun for tutorial_taskflow_api_etl_virtualenv to None
[2021-07-19 00:02:43,498] {scheduler_job.py:189} INFO - Processing /home/airflow/.local/lib/python3.6/site-packages/airflow/example_dags/tutorial_taskflow_api_etl_virtualenv.py took 0.681 seconds
[2021-07-19 00:03:14,005] {scheduler_job.py:181} INFO - Started process (PID=840) to work on /home/airflow/.local/lib/python3.6/site-packages/airflow/example_dags/tutorial_taskflow_api_etl_virtualenv.py
[2021-07-19 00:03:14,008] {scheduler_job.py:632} INFO - Processing file /home/airflow/.local/lib/python3.6/site-packages/airflow/example_dags/tutorial_taskflow_api_etl_virtualenv.py for tasks to queue
[2021-07-19 00:03:14,010] {logging_mixin.py:104} INFO - [2021-07-19 00:03:14,010] {dagbag.py:496} INFO - Filling up the DagBag from /home/airflow/.local/lib/python3.6/site-packages/airflow/example_dags/tutorial_taskflow_api_etl_virtualenv.py
[2021-07-19 00:03:14,045] {scheduler_job.py:642} INFO - DAG(s) dict_keys(['tutorial_taskflow_api_etl_virtualenv']) retrieved from /home/airflow/.local/lib/python3.6/site-packages/airflow/example_dags/tutorial_taskflow_api_etl_virtualenv.py
[2021-07-19 00:03:14,367] {logging_mixin.py:104} INFO - [2021-07-19 00:03:14,366] {dag.py:1833} INFO - Sync 1 DAGs
[2021-07-19 00:03:14,385] {logging_mixin.py:104} INFO - [2021-07-19 00:03:14,385] {dag.py:2306} INFO - Setting next_dagrun for tutorial_taskflow_api_etl_virtualenv to None
[2021-07-19 00:03:14,514] {scheduler_job.py:189} INFO - Processing /home/airflow/.local/lib/python3.6/site-packages/airflow/example_dags/tutorial_taskflow_api_etl_virtualenv.py took 0.518 seconds
[2021-07-19 00:03:44,639] {scheduler_job.py:181} INFO - Started process (PID=906) to work on /home/airflow/.local/lib/python3.6/site-packages/airflow/example_dags/tutorial_taskflow_api_etl_virtualenv.py
[2021-07-19 00:03:44,643] {scheduler_job.py:632} INFO - Processing file /home/airflow/.local/lib/python3.6/site-packages/airflow/example_dags/tutorial_taskflow_api_etl_virtualenv.py for tasks to queue
[2021-07-19 00:03:44,645] {logging_mixin.py:104} INFO - [2021-07-19 00:03:44,645] {dagbag.py:496} INFO - Filling up the DagBag from /home/airflow/.local/lib/python3.6/site-packages/airflow/example_dags/tutorial_taskflow_api_etl_virtualenv.py
[2021-07-19 00:03:44,703] {scheduler_job.py:642} INFO - DAG(s) dict_keys(['tutorial_taskflow_api_etl_virtualenv']) retrieved from /home/airflow/.local/lib/python3.6/site-packages/airflow/example_dags/tutorial_taskflow_api_etl_virtualenv.py
[2021-07-19 00:03:45,044] {logging_mixin.py:104} INFO - [2021-07-19 00:03:45,044] {dag.py:1833} INFO - Sync 1 DAGs
[2021-07-19 00:03:45,067] {logging_mixin.py:104} INFO - [2021-07-19 00:03:45,067] {dag.py:2306} INFO - Setting next_dagrun for tutorial_taskflow_api_etl_virtualenv to None
[2021-07-19 00:03:45,282] {scheduler_job.py:189} INFO - Processing /home/airflow/.local/lib/python3.6/site-packages/airflow/example_dags/tutorial_taskflow_api_etl_virtualenv.py took 0.648 seconds
[2021-07-19 00:04:15,465] {scheduler_job.py:181} INFO - Started process (PID=959) to work on /home/airflow/.local/lib/python3.6/site-packages/airflow/example_dags/tutorial_taskflow_api_etl_virtualenv.py
[2021-07-19 00:04:15,469] {scheduler_job.py:632} INFO - Processing file /home/airflow/.local/lib/python3.6/site-packages/airflow/example_dags/tutorial_taskflow_api_etl_virtualenv.py for tasks to queue
[2021-07-19 00:04:15,471] {logging_mixin.py:104} INFO - [2021-07-19 00:04:15,470] {dagbag.py:496} INFO - Filling up the DagBag from /home/airflow/.local/lib/python3.6/site-packages/airflow/example_dags/tutorial_taskflow_api_etl_virtualenv.py
[2021-07-19 00:04:15,504] {scheduler_job.py:642} INFO - DAG(s) dict_keys(['tutorial_taskflow_api_etl_virtualenv']) retrieved from /home/airflow/.local/lib/python3.6/site-packages/airflow/example_dags/tutorial_taskflow_api_etl_virtualenv.py
[2021-07-19 00:04:15,821] {logging_mixin.py:104} INFO - [2021-07-19 00:04:15,821] {dag.py:1833} INFO - Sync 1 DAGs
[2021-07-19 00:04:15,843] {logging_mixin.py:104} INFO - [2021-07-19 00:04:15,843] {dag.py:2306} INFO - Setting next_dagrun for tutorial_taskflow_api_etl_virtualenv to None
[2021-07-19 00:04:15,891] {scheduler_job.py:189} INFO - Processing /home/airflow/.local/lib/python3.6/site-packages/airflow/example_dags/tutorial_taskflow_api_etl_virtualenv.py took 0.436 seconds
[2021-07-19 00:04:46,111] {scheduler_job.py:181} INFO - Started process (PID=1015) to work on /home/airflow/.local/lib/python3.6/site-packages/airflow/example_dags/tutorial_taskflow_api_etl_virtualenv.py
[2021-07-19 00:04:46,113] {scheduler_job.py:632} INFO - Processing file /home/airflow/.local/lib/python3.6/site-packages/airflow/example_dags/tutorial_taskflow_api_etl_virtualenv.py for tasks to queue
[2021-07-19 00:04:46,114] {logging_mixin.py:104} INFO - [2021-07-19 00:04:46,114] {dagbag.py:496} INFO - Filling up the DagBag from /home/airflow/.local/lib/python3.6/site-packages/airflow/example_dags/tutorial_taskflow_api_etl_virtualenv.py
[2021-07-19 00:04:46,133] {scheduler_job.py:642} INFO - DAG(s) dict_keys(['tutorial_taskflow_api_etl_virtualenv']) retrieved from /home/airflow/.local/lib/python3.6/site-packages/airflow/example_dags/tutorial_taskflow_api_etl_virtualenv.py
[2021-07-19 00:04:46,502] {logging_mixin.py:104} INFO - [2021-07-19 00:04:46,501] {dag.py:1833} INFO - Sync 1 DAGs
[2021-07-19 00:04:46,527] {logging_mixin.py:104} INFO - [2021-07-19 00:04:46,527] {dag.py:2306} INFO - Setting next_dagrun for tutorial_taskflow_api_etl_virtualenv to None
[2021-07-19 00:04:46,582] {scheduler_job.py:189} INFO - Processing /home/airflow/.local/lib/python3.6/site-packages/airflow/example_dags/tutorial_taskflow_api_etl_virtualenv.py took 0.474 seconds
[2021-07-19 00:05:16,645] {scheduler_job.py:181} INFO - Started process (PID=1082) to work on /home/airflow/.local/lib/python3.6/site-packages/airflow/example_dags/tutorial_taskflow_api_etl_virtualenv.py
[2021-07-19 00:05:16,647] {scheduler_job.py:632} INFO - Processing file /home/airflow/.local/lib/python3.6/site-packages/airflow/example_dags/tutorial_taskflow_api_etl_virtualenv.py for tasks to queue
[2021-07-19 00:05:16,649] {logging_mixin.py:104} INFO - [2021-07-19 00:05:16,649] {dagbag.py:496} INFO - Filling up the DagBag from /home/airflow/.local/lib/python3.6/site-packages/airflow/example_dags/tutorial_taskflow_api_etl_virtualenv.py
[2021-07-19 00:05:16,684] {scheduler_job.py:642} INFO - DAG(s) dict_keys(['tutorial_taskflow_api_etl_virtualenv']) retrieved from /home/airflow/.local/lib/python3.6/site-packages/airflow/example_dags/tutorial_taskflow_api_etl_virtualenv.py
[2021-07-19 00:05:17,073] {logging_mixin.py:104} INFO - [2021-07-19 00:05:17,073] {dag.py:1833} INFO - Sync 1 DAGs
[2021-07-19 00:05:17,108] {logging_mixin.py:104} INFO - [2021-07-19 00:05:17,108] {dag.py:2306} INFO - Setting next_dagrun for tutorial_taskflow_api_etl_virtualenv to None
[2021-07-19 00:05:17,206] {scheduler_job.py:189} INFO - Processing /home/airflow/.local/lib/python3.6/site-packages/airflow/example_dags/tutorial_taskflow_api_etl_virtualenv.py took 0.566 seconds
[2021-07-19 00:05:47,374] {scheduler_job.py:181} INFO - Started process (PID=1140) to work on /home/airflow/.local/lib/python3.6/site-packages/airflow/example_dags/tutorial_taskflow_api_etl_virtualenv.py
[2021-07-19 00:05:47,378] {scheduler_job.py:632} INFO - Processing file /home/airflow/.local/lib/python3.6/site-packages/airflow/example_dags/tutorial_taskflow_api_etl_virtualenv.py for tasks to queue
[2021-07-19 00:05:47,380] {logging_mixin.py:104} INFO - [2021-07-19 00:05:47,380] {dagbag.py:496} INFO - Filling up the DagBag from /home/airflow/.local/lib/python3.6/site-packages/airflow/example_dags/tutorial_taskflow_api_etl_virtualenv.py
[2021-07-19 00:05:47,410] {scheduler_job.py:642} INFO - DAG(s) dict_keys(['tutorial_taskflow_api_etl_virtualenv']) retrieved from /home/airflow/.local/lib/python3.6/site-packages/airflow/example_dags/tutorial_taskflow_api_etl_virtualenv.py
[2021-07-19 00:05:47,718] {logging_mixin.py:104} INFO - [2021-07-19 00:05:47,718] {dag.py:1833} INFO - Sync 1 DAGs
[2021-07-19 00:05:47,739] {logging_mixin.py:104} INFO - [2021-07-19 00:05:47,739] {dag.py:2306} INFO - Setting next_dagrun for tutorial_taskflow_api_etl_virtualenv to None
[2021-07-19 00:05:47,788] {scheduler_job.py:189} INFO - Processing /home/airflow/.local/lib/python3.6/site-packages/airflow/example_dags/tutorial_taskflow_api_etl_virtualenv.py took 0.420 seconds
[2021-07-19 00:06:17,896] {scheduler_job.py:181} INFO - Started process (PID=1208) to work on /home/airflow/.local/lib/python3.6/site-packages/airflow/example_dags/tutorial_taskflow_api_etl_virtualenv.py
[2021-07-19 00:06:17,897] {scheduler_job.py:632} INFO - Processing file /home/airflow/.local/lib/python3.6/site-packages/airflow/example_dags/tutorial_taskflow_api_etl_virtualenv.py for tasks to queue
[2021-07-19 00:06:17,898] {logging_mixin.py:104} INFO - [2021-07-19 00:06:17,898] {dagbag.py:496} INFO - Filling up the DagBag from /home/airflow/.local/lib/python3.6/site-packages/airflow/example_dags/tutorial_taskflow_api_etl_virtualenv.py
[2021-07-19 00:06:17,917] {scheduler_job.py:642} INFO - DAG(s) dict_keys(['tutorial_taskflow_api_etl_virtualenv']) retrieved from /home/airflow/.local/lib/python3.6/site-packages/airflow/example_dags/tutorial_taskflow_api_etl_virtualenv.py
[2021-07-19 00:06:18,227] {logging_mixin.py:104} INFO - [2021-07-19 00:06:18,227] {dag.py:1833} INFO - Sync 1 DAGs
[2021-07-19 00:06:18,248] {logging_mixin.py:104} INFO - [2021-07-19 00:06:18,248] {dag.py:2306} INFO - Setting next_dagrun for tutorial_taskflow_api_etl_virtualenv to None
[2021-07-19 00:06:18,311] {scheduler_job.py:189} INFO - Processing /home/airflow/.local/lib/python3.6/site-packages/airflow/example_dags/tutorial_taskflow_api_etl_virtualenv.py took 0.418 seconds
[2021-07-19 00:06:48,393] {scheduler_job.py:181} INFO - Started process (PID=1266) to work on /home/airflow/.local/lib/python3.6/site-packages/airflow/example_dags/tutorial_taskflow_api_etl_virtualenv.py
[2021-07-19 00:06:48,395] {scheduler_job.py:632} INFO - Processing file /home/airflow/.local/lib/python3.6/site-packages/airflow/example_dags/tutorial_taskflow_api_etl_virtualenv.py for tasks to queue
[2021-07-19 00:06:48,397] {logging_mixin.py:104} INFO - [2021-07-19 00:06:48,396] {dagbag.py:496} INFO - Filling up the DagBag from /home/airflow/.local/lib/python3.6/site-packages/airflow/example_dags/tutorial_taskflow_api_etl_virtualenv.py
[2021-07-19 00:06:48,418] {scheduler_job.py:642} INFO - DAG(s) dict_keys(['tutorial_taskflow_api_etl_virtualenv']) retrieved from /home/airflow/.local/lib/python3.6/site-packages/airflow/example_dags/tutorial_taskflow_api_etl_virtualenv.py
[2021-07-19 00:06:48,674] {logging_mixin.py:104} INFO - [2021-07-19 00:06:48,674] {dag.py:1833} INFO - Sync 1 DAGs
[2021-07-19 00:06:48,692] {logging_mixin.py:104} INFO - [2021-07-19 00:06:48,691] {dag.py:2306} INFO - Setting next_dagrun for tutorial_taskflow_api_etl_virtualenv to None
[2021-07-19 00:06:48,737] {scheduler_job.py:189} INFO - Processing /home/airflow/.local/lib/python3.6/site-packages/airflow/example_dags/tutorial_taskflow_api_etl_virtualenv.py took 0.350 seconds
[2021-07-19 00:07:18,824] {scheduler_job.py:181} INFO - Started process (PID=1324) to work on /home/airflow/.local/lib/python3.6/site-packages/airflow/example_dags/tutorial_taskflow_api_etl_virtualenv.py
[2021-07-19 00:07:18,827] {scheduler_job.py:632} INFO - Processing file /home/airflow/.local/lib/python3.6/site-packages/airflow/example_dags/tutorial_taskflow_api_etl_virtualenv.py for tasks to queue
[2021-07-19 00:07:18,828] {logging_mixin.py:104} INFO - [2021-07-19 00:07:18,828] {dagbag.py:496} INFO - Filling up the DagBag from /home/airflow/.local/lib/python3.6/site-packages/airflow/example_dags/tutorial_taskflow_api_etl_virtualenv.py
[2021-07-19 00:07:18,854] {scheduler_job.py:642} INFO - DAG(s) dict_keys(['tutorial_taskflow_api_etl_virtualenv']) retrieved from /home/airflow/.local/lib/python3.6/site-packages/airflow/example_dags/tutorial_taskflow_api_etl_virtualenv.py
[2021-07-19 00:07:19,162] {logging_mixin.py:104} INFO - [2021-07-19 00:07:19,162] {dag.py:1833} INFO - Sync 1 DAGs
[2021-07-19 00:07:19,181] {logging_mixin.py:104} INFO - [2021-07-19 00:07:19,181] {dag.py:2306} INFO - Setting next_dagrun for tutorial_taskflow_api_etl_virtualenv to None
[2021-07-19 00:07:19,249] {scheduler_job.py:189} INFO - Processing /home/airflow/.local/lib/python3.6/site-packages/airflow/example_dags/tutorial_taskflow_api_etl_virtualenv.py took 0.429 seconds
[2021-07-19 00:07:50,081] {scheduler_job.py:181} INFO - Started process (PID=1391) to work on /home/airflow/.local/lib/python3.6/site-packages/airflow/example_dags/tutorial_taskflow_api_etl_virtualenv.py
[2021-07-19 00:07:50,083] {scheduler_job.py:632} INFO - Processing file /home/airflow/.local/lib/python3.6/site-packages/airflow/example_dags/tutorial_taskflow_api_etl_virtualenv.py for tasks to queue
[2021-07-19 00:07:50,084] {logging_mixin.py:104} INFO - [2021-07-19 00:07:50,084] {dagbag.py:496} INFO - Filling up the DagBag from /home/airflow/.local/lib/python3.6/site-packages/airflow/example_dags/tutorial_taskflow_api_etl_virtualenv.py
[2021-07-19 00:07:50,110] {scheduler_job.py:642} INFO - DAG(s) dict_keys(['tutorial_taskflow_api_etl_virtualenv']) retrieved from /home/airflow/.local/lib/python3.6/site-packages/airflow/example_dags/tutorial_taskflow_api_etl_virtualenv.py
[2021-07-19 00:07:50,140] {logging_mixin.py:104} INFO - [2021-07-19 00:07:50,140] {dag.py:1833} INFO - Sync 1 DAGs
[2021-07-19 00:07:50,163] {logging_mixin.py:104} INFO - [2021-07-19 00:07:50,163] {dag.py:2306} INFO - Setting next_dagrun for tutorial_taskflow_api_etl_virtualenv to None
[2021-07-19 00:07:50,317] {scheduler_job.py:189} INFO - Processing /home/airflow/.local/lib/python3.6/site-packages/airflow/example_dags/tutorial_taskflow_api_etl_virtualenv.py took 0.241 seconds
[2021-07-19 00:08:20,689] {scheduler_job.py:181} INFO - Started process (PID=1448) to work on /home/airflow/.local/lib/python3.6/site-packages/airflow/example_dags/tutorial_taskflow_api_etl_virtualenv.py
[2021-07-19 00:08:20,692] {scheduler_job.py:632} INFO - Processing file /home/airflow/.local/lib/python3.6/site-packages/airflow/example_dags/tutorial_taskflow_api_etl_virtualenv.py for tasks to queue
[2021-07-19 00:08:20,694] {logging_mixin.py:104} INFO - [2021-07-19 00:08:20,694] {dagbag.py:496} INFO - Filling up the DagBag from /home/airflow/.local/lib/python3.6/site-packages/airflow/example_dags/tutorial_taskflow_api_etl_virtualenv.py
[2021-07-19 00:08:20,725] {scheduler_job.py:642} INFO - DAG(s) dict_keys(['tutorial_taskflow_api_etl_virtualenv']) retrieved from /home/airflow/.local/lib/python3.6/site-packages/airflow/example_dags/tutorial_taskflow_api_etl_virtualenv.py
[2021-07-19 00:08:20,979] {logging_mixin.py:104} INFO - [2021-07-19 00:08:20,979] {dag.py:1833} INFO - Sync 1 DAGs
[2021-07-19 00:08:20,995] {logging_mixin.py:104} INFO - [2021-07-19 00:08:20,995] {dag.py:2306} INFO - Setting next_dagrun for tutorial_taskflow_api_etl_virtualenv to None
[2021-07-19 00:08:21,047] {scheduler_job.py:189} INFO - Processing /home/airflow/.local/lib/python3.6/site-packages/airflow/example_dags/tutorial_taskflow_api_etl_virtualenv.py took 0.366 seconds
[2021-07-19 00:08:51,547] {scheduler_job.py:181} INFO - Started process (PID=1504) to work on /home/airflow/.local/lib/python3.6/site-packages/airflow/example_dags/tutorial_taskflow_api_etl_virtualenv.py
[2021-07-19 00:08:51,558] {scheduler_job.py:632} INFO - Processing file /home/airflow/.local/lib/python3.6/site-packages/airflow/example_dags/tutorial_taskflow_api_etl_virtualenv.py for tasks to queue
[2021-07-19 00:08:51,564] {logging_mixin.py:104} INFO - [2021-07-19 00:08:51,563] {dagbag.py:496} INFO - Filling up the DagBag from /home/airflow/.local/lib/python3.6/site-packages/airflow/example_dags/tutorial_taskflow_api_etl_virtualenv.py
[2021-07-19 00:08:51,622] {scheduler_job.py:642} INFO - DAG(s) dict_keys(['tutorial_taskflow_api_etl_virtualenv']) retrieved from /home/airflow/.local/lib/python3.6/site-packages/airflow/example_dags/tutorial_taskflow_api_etl_virtualenv.py
[2021-07-19 00:08:51,891] {logging_mixin.py:104} INFO - [2021-07-19 00:08:51,891] {dag.py:1833} INFO - Sync 1 DAGs
[2021-07-19 00:08:51,911] {logging_mixin.py:104} INFO - [2021-07-19 00:08:51,911] {dag.py:2306} INFO - Setting next_dagrun for tutorial_taskflow_api_etl_virtualenv to None
[2021-07-19 00:08:52,068] {scheduler_job.py:189} INFO - Processing /home/airflow/.local/lib/python3.6/site-packages/airflow/example_dags/tutorial_taskflow_api_etl_virtualenv.py took 0.542 seconds
[2021-07-19 00:09:22,972] {scheduler_job.py:181} INFO - Started process (PID=1570) to work on /home/airflow/.local/lib/python3.6/site-packages/airflow/example_dags/tutorial_taskflow_api_etl_virtualenv.py
[2021-07-19 00:09:22,980] {scheduler_job.py:632} INFO - Processing file /home/airflow/.local/lib/python3.6/site-packages/airflow/example_dags/tutorial_taskflow_api_etl_virtualenv.py for tasks to queue
[2021-07-19 00:09:22,984] {logging_mixin.py:104} INFO - [2021-07-19 00:09:22,984] {dagbag.py:496} INFO - Filling up the DagBag from /home/airflow/.local/lib/python3.6/site-packages/airflow/example_dags/tutorial_taskflow_api_etl_virtualenv.py
[2021-07-19 00:09:23,018] {scheduler_job.py:642} INFO - DAG(s) dict_keys(['tutorial_taskflow_api_etl_virtualenv']) retrieved from /home/airflow/.local/lib/python3.6/site-packages/airflow/example_dags/tutorial_taskflow_api_etl_virtualenv.py
[2021-07-19 00:09:23,354] {logging_mixin.py:104} INFO - [2021-07-19 00:09:23,354] {dag.py:1833} INFO - Sync 1 DAGs
[2021-07-19 00:09:23,371] {logging_mixin.py:104} INFO - [2021-07-19 00:09:23,371] {dag.py:2306} INFO - Setting next_dagrun for tutorial_taskflow_api_etl_virtualenv to None
[2021-07-19 00:09:23,586] {scheduler_job.py:189} INFO - Processing /home/airflow/.local/lib/python3.6/site-packages/airflow/example_dags/tutorial_taskflow_api_etl_virtualenv.py took 0.627 seconds
[2021-07-19 00:09:53,771] {scheduler_job.py:181} INFO - Started process (PID=1627) to work on /home/airflow/.local/lib/python3.6/site-packages/airflow/example_dags/tutorial_taskflow_api_etl_virtualenv.py
[2021-07-19 00:09:53,773] {scheduler_job.py:632} INFO - Processing file /home/airflow/.local/lib/python3.6/site-packages/airflow/example_dags/tutorial_taskflow_api_etl_virtualenv.py for tasks to queue
[2021-07-19 00:09:53,774] {logging_mixin.py:104} INFO - [2021-07-19 00:09:53,774] {dagbag.py:496} INFO - Filling up the DagBag from /home/airflow/.local/lib/python3.6/site-packages/airflow/example_dags/tutorial_taskflow_api_etl_virtualenv.py
[2021-07-19 00:09:53,793] {scheduler_job.py:642} INFO - DAG(s) dict_keys(['tutorial_taskflow_api_etl_virtualenv']) retrieved from /home/airflow/.local/lib/python3.6/site-packages/airflow/example_dags/tutorial_taskflow_api_etl_virtualenv.py
[2021-07-19 00:09:54,201] {logging_mixin.py:104} INFO - [2021-07-19 00:09:54,201] {dag.py:1833} INFO - Sync 1 DAGs
[2021-07-19 00:09:54,217] {logging_mixin.py:104} INFO - [2021-07-19 00:09:54,217] {dag.py:2306} INFO - Setting next_dagrun for tutorial_taskflow_api_etl_virtualenv to None
[2021-07-19 00:09:54,403] {scheduler_job.py:189} INFO - Processing /home/airflow/.local/lib/python3.6/site-packages/airflow/example_dags/tutorial_taskflow_api_etl_virtualenv.py took 0.636 seconds
[2021-07-19 00:10:25,057] {scheduler_job.py:181} INFO - Started process (PID=1685) to work on /home/airflow/.local/lib/python3.6/site-packages/airflow/example_dags/tutorial_taskflow_api_etl_virtualenv.py
[2021-07-19 00:10:25,059] {scheduler_job.py:632} INFO - Processing file /home/airflow/.local/lib/python3.6/site-packages/airflow/example_dags/tutorial_taskflow_api_etl_virtualenv.py for tasks to queue
[2021-07-19 00:10:25,061] {logging_mixin.py:104} INFO - [2021-07-19 00:10:25,061] {dagbag.py:496} INFO - Filling up the DagBag from /home/airflow/.local/lib/python3.6/site-packages/airflow/example_dags/tutorial_taskflow_api_etl_virtualenv.py
[2021-07-19 00:10:25,093] {scheduler_job.py:642} INFO - DAG(s) dict_keys(['tutorial_taskflow_api_etl_virtualenv']) retrieved from /home/airflow/.local/lib/python3.6/site-packages/airflow/example_dags/tutorial_taskflow_api_etl_virtualenv.py
[2021-07-19 00:10:25,538] {logging_mixin.py:104} INFO - [2021-07-19 00:10:25,538] {dag.py:1833} INFO - Sync 1 DAGs
[2021-07-19 00:10:25,559] {logging_mixin.py:104} INFO - [2021-07-19 00:10:25,559] {dag.py:2306} INFO - Setting next_dagrun for tutorial_taskflow_api_etl_virtualenv to None
[2021-07-19 00:10:25,728] {scheduler_job.py:189} INFO - Processing /home/airflow/.local/lib/python3.6/site-packages/airflow/example_dags/tutorial_taskflow_api_etl_virtualenv.py took 0.677 seconds
[2021-07-19 00:10:56,468] {scheduler_job.py:181} INFO - Started process (PID=1751) to work on /home/airflow/.local/lib/python3.6/site-packages/airflow/example_dags/tutorial_taskflow_api_etl_virtualenv.py
[2021-07-19 00:10:56,471] {scheduler_job.py:632} INFO - Processing file /home/airflow/.local/lib/python3.6/site-packages/airflow/example_dags/tutorial_taskflow_api_etl_virtualenv.py for tasks to queue
[2021-07-19 00:10:56,472] {logging_mixin.py:104} INFO - [2021-07-19 00:10:56,472] {dagbag.py:496} INFO - Filling up the DagBag from /home/airflow/.local/lib/python3.6/site-packages/airflow/example_dags/tutorial_taskflow_api_etl_virtualenv.py
[2021-07-19 00:10:56,494] {scheduler_job.py:642} INFO - DAG(s) dict_keys(['tutorial_taskflow_api_etl_virtualenv']) retrieved from /home/airflow/.local/lib/python3.6/site-packages/airflow/example_dags/tutorial_taskflow_api_etl_virtualenv.py
[2021-07-19 00:10:56,774] {logging_mixin.py:104} INFO - [2021-07-19 00:10:56,773] {dag.py:1833} INFO - Sync 1 DAGs
[2021-07-19 00:10:56,792] {logging_mixin.py:104} INFO - [2021-07-19 00:10:56,792] {dag.py:2306} INFO - Setting next_dagrun for tutorial_taskflow_api_etl_virtualenv to None
[2021-07-19 00:10:57,302] {scheduler_job.py:189} INFO - Processing /home/airflow/.local/lib/python3.6/site-packages/airflow/example_dags/tutorial_taskflow_api_etl_virtualenv.py took 0.838 seconds
[2021-07-19 00:11:27,494] {scheduler_job.py:181} INFO - Started process (PID=1808) to work on /home/airflow/.local/lib/python3.6/site-packages/airflow/example_dags/tutorial_taskflow_api_etl_virtualenv.py
[2021-07-19 00:11:27,496] {scheduler_job.py:632} INFO - Processing file /home/airflow/.local/lib/python3.6/site-packages/airflow/example_dags/tutorial_taskflow_api_etl_virtualenv.py for tasks to queue
[2021-07-19 00:11:27,498] {logging_mixin.py:104} INFO - [2021-07-19 00:11:27,497] {dagbag.py:496} INFO - Filling up the DagBag from /home/airflow/.local/lib/python3.6/site-packages/airflow/example_dags/tutorial_taskflow_api_etl_virtualenv.py
[2021-07-19 00:11:27,522] {scheduler_job.py:642} INFO - DAG(s) dict_keys(['tutorial_taskflow_api_etl_virtualenv']) retrieved from /home/airflow/.local/lib/python3.6/site-packages/airflow/example_dags/tutorial_taskflow_api_etl_virtualenv.py
[2021-07-19 00:11:27,866] {logging_mixin.py:104} INFO - [2021-07-19 00:11:27,866] {dag.py:1833} INFO - Sync 1 DAGs
[2021-07-19 00:11:27,890] {logging_mixin.py:104} INFO - [2021-07-19 00:11:27,890] {dag.py:2306} INFO - Setting next_dagrun for tutorial_taskflow_api_etl_virtualenv to None
[2021-07-19 00:11:28,084] {scheduler_job.py:189} INFO - Processing /home/airflow/.local/lib/python3.6/site-packages/airflow/example_dags/tutorial_taskflow_api_etl_virtualenv.py took 0.595 seconds
[2021-07-19 00:11:58,410] {scheduler_job.py:181} INFO - Started process (PID=1868) to work on /home/airflow/.local/lib/python3.6/site-packages/airflow/example_dags/tutorial_taskflow_api_etl_virtualenv.py
[2021-07-19 00:11:58,412] {scheduler_job.py:632} INFO - Processing file /home/airflow/.local/lib/python3.6/site-packages/airflow/example_dags/tutorial_taskflow_api_etl_virtualenv.py for tasks to queue
[2021-07-19 00:11:58,413] {logging_mixin.py:104} INFO - [2021-07-19 00:11:58,413] {dagbag.py:496} INFO - Filling up the DagBag from /home/airflow/.local/lib/python3.6/site-packages/airflow/example_dags/tutorial_taskflow_api_etl_virtualenv.py
[2021-07-19 00:11:58,433] {scheduler_job.py:642} INFO - DAG(s) dict_keys(['tutorial_taskflow_api_etl_virtualenv']) retrieved from /home/airflow/.local/lib/python3.6/site-packages/airflow/example_dags/tutorial_taskflow_api_etl_virtualenv.py
[2021-07-19 00:11:58,693] {logging_mixin.py:104} INFO - [2021-07-19 00:11:58,693] {dag.py:1833} INFO - Sync 1 DAGs
[2021-07-19 00:11:58,710] {logging_mixin.py:104} INFO - [2021-07-19 00:11:58,710] {dag.py:2306} INFO - Setting next_dagrun for tutorial_taskflow_api_etl_virtualenv to None
[2021-07-19 00:11:58,818] {scheduler_job.py:189} INFO - Processing /home/airflow/.local/lib/python3.6/site-packages/airflow/example_dags/tutorial_taskflow_api_etl_virtualenv.py took 0.412 seconds
[2021-07-19 00:12:29,023] {scheduler_job.py:181} INFO - Started process (PID=1933) to work on /home/airflow/.local/lib/python3.6/site-packages/airflow/example_dags/tutorial_taskflow_api_etl_virtualenv.py
[2021-07-19 00:12:29,025] {scheduler_job.py:632} INFO - Processing file /home/airflow/.local/lib/python3.6/site-packages/airflow/example_dags/tutorial_taskflow_api_etl_virtualenv.py for tasks to queue
[2021-07-19 00:12:29,026] {logging_mixin.py:104} INFO - [2021-07-19 00:12:29,026] {dagbag.py:496} INFO - Filling up the DagBag from /home/airflow/.local/lib/python3.6/site-packages/airflow/example_dags/tutorial_taskflow_api_etl_virtualenv.py
[2021-07-19 00:12:29,051] {scheduler_job.py:642} INFO - DAG(s) dict_keys(['tutorial_taskflow_api_etl_virtualenv']) retrieved from /home/airflow/.local/lib/python3.6/site-packages/airflow/example_dags/tutorial_taskflow_api_etl_virtualenv.py
[2021-07-19 00:12:29,341] {logging_mixin.py:104} INFO - [2021-07-19 00:12:29,341] {dag.py:1833} INFO - Sync 1 DAGs
[2021-07-19 00:12:29,364] {logging_mixin.py:104} INFO - [2021-07-19 00:12:29,364] {dag.py:2306} INFO - Setting next_dagrun for tutorial_taskflow_api_etl_virtualenv to None
[2021-07-19 00:12:29,645] {scheduler_job.py:189} INFO - Processing /home/airflow/.local/lib/python3.6/site-packages/airflow/example_dags/tutorial_taskflow_api_etl_virtualenv.py took 0.627 seconds
[2021-07-19 00:12:59,895] {scheduler_job.py:181} INFO - Started process (PID=1991) to work on /home/airflow/.local/lib/python3.6/site-packages/airflow/example_dags/tutorial_taskflow_api_etl_virtualenv.py
[2021-07-19 00:12:59,898] {scheduler_job.py:632} INFO - Processing file /home/airflow/.local/lib/python3.6/site-packages/airflow/example_dags/tutorial_taskflow_api_etl_virtualenv.py for tasks to queue
[2021-07-19 00:12:59,899] {logging_mixin.py:104} INFO - [2021-07-19 00:12:59,899] {dagbag.py:496} INFO - Filling up the DagBag from /home/airflow/.local/lib/python3.6/site-packages/airflow/example_dags/tutorial_taskflow_api_etl_virtualenv.py
[2021-07-19 00:12:59,923] {scheduler_job.py:642} INFO - DAG(s) dict_keys(['tutorial_taskflow_api_etl_virtualenv']) retrieved from /home/airflow/.local/lib/python3.6/site-packages/airflow/example_dags/tutorial_taskflow_api_etl_virtualenv.py
[2021-07-19 00:13:00,315] {logging_mixin.py:104} INFO - [2021-07-19 00:13:00,315] {dag.py:1833} INFO - Sync 1 DAGs
[2021-07-19 00:13:00,340] {logging_mixin.py:104} INFO - [2021-07-19 00:13:00,340] {dag.py:2306} INFO - Setting next_dagrun for tutorial_taskflow_api_etl_virtualenv to None
[2021-07-19 00:13:00,670] {scheduler_job.py:189} INFO - Processing /home/airflow/.local/lib/python3.6/site-packages/airflow/example_dags/tutorial_taskflow_api_etl_virtualenv.py took 0.788 seconds
[2021-07-19 00:13:30,761] {scheduler_job.py:181} INFO - Started process (PID=2052) to work on /home/airflow/.local/lib/python3.6/site-packages/airflow/example_dags/tutorial_taskflow_api_etl_virtualenv.py
[2021-07-19 00:13:30,765] {scheduler_job.py:632} INFO - Processing file /home/airflow/.local/lib/python3.6/site-packages/airflow/example_dags/tutorial_taskflow_api_etl_virtualenv.py for tasks to queue
[2021-07-19 00:13:30,767] {logging_mixin.py:104} INFO - [2021-07-19 00:13:30,767] {dagbag.py:496} INFO - Filling up the DagBag from /home/airflow/.local/lib/python3.6/site-packages/airflow/example_dags/tutorial_taskflow_api_etl_virtualenv.py
[2021-07-19 00:13:30,791] {scheduler_job.py:642} INFO - DAG(s) dict_keys(['tutorial_taskflow_api_etl_virtualenv']) retrieved from /home/airflow/.local/lib/python3.6/site-packages/airflow/example_dags/tutorial_taskflow_api_etl_virtualenv.py
[2021-07-19 00:13:31,113] {logging_mixin.py:104} INFO - [2021-07-19 00:13:31,113] {dag.py:1833} INFO - Sync 1 DAGs
[2021-07-19 00:13:31,132] {logging_mixin.py:104} INFO - [2021-07-19 00:13:31,132] {dag.py:2306} INFO - Setting next_dagrun for tutorial_taskflow_api_etl_virtualenv to None
[2021-07-19 00:13:31,205] {scheduler_job.py:189} INFO - Processing /home/airflow/.local/lib/python3.6/site-packages/airflow/example_dags/tutorial_taskflow_api_etl_virtualenv.py took 0.448 seconds
[2021-07-19 00:14:06,980] {scheduler_job.py:181} INFO - Started process (PID=2119) to work on /home/airflow/.local/lib/python3.6/site-packages/airflow/example_dags/tutorial_taskflow_api_etl_virtualenv.py
[2021-07-19 00:14:06,982] {scheduler_job.py:632} INFO - Processing file /home/airflow/.local/lib/python3.6/site-packages/airflow/example_dags/tutorial_taskflow_api_etl_virtualenv.py for tasks to queue
[2021-07-19 00:14:06,984] {logging_mixin.py:104} INFO - [2021-07-19 00:14:06,983] {dagbag.py:496} INFO - Filling up the DagBag from /home/airflow/.local/lib/python3.6/site-packages/airflow/example_dags/tutorial_taskflow_api_etl_virtualenv.py
[2021-07-19 00:14:07,822] {scheduler_job.py:642} INFO - DAG(s) dict_keys(['tutorial_taskflow_api_etl_virtualenv']) retrieved from /home/airflow/.local/lib/python3.6/site-packages/airflow/example_dags/tutorial_taskflow_api_etl_virtualenv.py
[2021-07-19 00:14:08,664] {logging_mixin.py:104} INFO - [2021-07-19 00:14:08,664] {dag.py:1833} INFO - Sync 1 DAGs
[2021-07-19 00:14:08,692] {logging_mixin.py:104} INFO - [2021-07-19 00:14:08,691] {dag.py:2306} INFO - Setting next_dagrun for tutorial_taskflow_api_etl_virtualenv to None
[2021-07-19 00:14:08,842] {scheduler_job.py:189} INFO - Processing /home/airflow/.local/lib/python3.6/site-packages/airflow/example_dags/tutorial_taskflow_api_etl_virtualenv.py took 1.883 seconds
[2021-07-19 00:14:39,665] {scheduler_job.py:181} INFO - Started process (PID=2178) to work on /home/airflow/.local/lib/python3.6/site-packages/airflow/example_dags/tutorial_taskflow_api_etl_virtualenv.py
[2021-07-19 00:14:39,856] {scheduler_job.py:632} INFO - Processing file /home/airflow/.local/lib/python3.6/site-packages/airflow/example_dags/tutorial_taskflow_api_etl_virtualenv.py for tasks to queue
[2021-07-19 00:14:39,859] {logging_mixin.py:104} INFO - [2021-07-19 00:14:39,858] {dagbag.py:496} INFO - Filling up the DagBag from /home/airflow/.local/lib/python3.6/site-packages/airflow/example_dags/tutorial_taskflow_api_etl_virtualenv.py
[2021-07-19 00:14:39,931] {scheduler_job.py:642} INFO - DAG(s) dict_keys(['tutorial_taskflow_api_etl_virtualenv']) retrieved from /home/airflow/.local/lib/python3.6/site-packages/airflow/example_dags/tutorial_taskflow_api_etl_virtualenv.py
[2021-07-19 00:14:40,271] {logging_mixin.py:104} INFO - [2021-07-19 00:14:40,271] {dag.py:1833} INFO - Sync 1 DAGs
[2021-07-19 00:14:40,288] {logging_mixin.py:104} INFO - [2021-07-19 00:14:40,288] {dag.py:2306} INFO - Setting next_dagrun for tutorial_taskflow_api_etl_virtualenv to None
[2021-07-19 00:14:40,509] {scheduler_job.py:189} INFO - Processing /home/airflow/.local/lib/python3.6/site-packages/airflow/example_dags/tutorial_taskflow_api_etl_virtualenv.py took 0.858 seconds
[2021-07-19 00:15:11,389] {scheduler_job.py:181} INFO - Started process (PID=2236) to work on /home/airflow/.local/lib/python3.6/site-packages/airflow/example_dags/tutorial_taskflow_api_etl_virtualenv.py
[2021-07-19 00:15:11,391] {scheduler_job.py:632} INFO - Processing file /home/airflow/.local/lib/python3.6/site-packages/airflow/example_dags/tutorial_taskflow_api_etl_virtualenv.py for tasks to queue
[2021-07-19 00:15:11,392] {logging_mixin.py:104} INFO - [2021-07-19 00:15:11,392] {dagbag.py:496} INFO - Filling up the DagBag from /home/airflow/.local/lib/python3.6/site-packages/airflow/example_dags/tutorial_taskflow_api_etl_virtualenv.py
[2021-07-19 00:15:11,414] {scheduler_job.py:642} INFO - DAG(s) dict_keys(['tutorial_taskflow_api_etl_virtualenv']) retrieved from /home/airflow/.local/lib/python3.6/site-packages/airflow/example_dags/tutorial_taskflow_api_etl_virtualenv.py
[2021-07-19 00:15:11,748] {logging_mixin.py:104} INFO - [2021-07-19 00:15:11,748] {dag.py:1833} INFO - Sync 1 DAGs
[2021-07-19 00:15:11,764] {logging_mixin.py:104} INFO - [2021-07-19 00:15:11,764] {dag.py:2306} INFO - Setting next_dagrun for tutorial_taskflow_api_etl_virtualenv to None
[2021-07-19 00:15:11,836] {scheduler_job.py:189} INFO - Processing /home/airflow/.local/lib/python3.6/site-packages/airflow/example_dags/tutorial_taskflow_api_etl_virtualenv.py took 0.452 seconds
[2021-07-19 00:15:41,900] {scheduler_job.py:181} INFO - Started process (PID=2304) to work on /home/airflow/.local/lib/python3.6/site-packages/airflow/example_dags/tutorial_taskflow_api_etl_virtualenv.py
[2021-07-19 00:15:41,902] {scheduler_job.py:632} INFO - Processing file /home/airflow/.local/lib/python3.6/site-packages/airflow/example_dags/tutorial_taskflow_api_etl_virtualenv.py for tasks to queue
[2021-07-19 00:15:41,903] {logging_mixin.py:104} INFO - [2021-07-19 00:15:41,903] {dagbag.py:496} INFO - Filling up the DagBag from /home/airflow/.local/lib/python3.6/site-packages/airflow/example_dags/tutorial_taskflow_api_etl_virtualenv.py
[2021-07-19 00:15:41,921] {scheduler_job.py:642} INFO - DAG(s) dict_keys(['tutorial_taskflow_api_etl_virtualenv']) retrieved from /home/airflow/.local/lib/python3.6/site-packages/airflow/example_dags/tutorial_taskflow_api_etl_virtualenv.py
[2021-07-19 00:15:42,226] {logging_mixin.py:104} INFO - [2021-07-19 00:15:42,226] {dag.py:1833} INFO - Sync 1 DAGs
[2021-07-19 00:15:42,247] {logging_mixin.py:104} INFO - [2021-07-19 00:15:42,247] {dag.py:2306} INFO - Setting next_dagrun for tutorial_taskflow_api_etl_virtualenv to None
[2021-07-19 00:15:42,297] {scheduler_job.py:189} INFO - Processing /home/airflow/.local/lib/python3.6/site-packages/airflow/example_dags/tutorial_taskflow_api_etl_virtualenv.py took 0.401 seconds
[2021-07-19 00:16:13,085] {scheduler_job.py:181} INFO - Started process (PID=2361) to work on /home/airflow/.local/lib/python3.6/site-packages/airflow/example_dags/tutorial_taskflow_api_etl_virtualenv.py
[2021-07-19 00:16:13,087] {scheduler_job.py:632} INFO - Processing file /home/airflow/.local/lib/python3.6/site-packages/airflow/example_dags/tutorial_taskflow_api_etl_virtualenv.py for tasks to queue
[2021-07-19 00:16:13,088] {logging_mixin.py:104} INFO - [2021-07-19 00:16:13,088] {dagbag.py:496} INFO - Filling up the DagBag from /home/airflow/.local/lib/python3.6/site-packages/airflow/example_dags/tutorial_taskflow_api_etl_virtualenv.py
[2021-07-19 00:16:13,117] {scheduler_job.py:642} INFO - DAG(s) dict_keys(['tutorial_taskflow_api_etl_virtualenv']) retrieved from /home/airflow/.local/lib/python3.6/site-packages/airflow/example_dags/tutorial_taskflow_api_etl_virtualenv.py
[2021-07-19 00:16:13,443] {logging_mixin.py:104} INFO - [2021-07-19 00:16:13,443] {dag.py:1833} INFO - Sync 1 DAGs
[2021-07-19 00:16:13,471] {logging_mixin.py:104} INFO - [2021-07-19 00:16:13,471] {dag.py:2306} INFO - Setting next_dagrun for tutorial_taskflow_api_etl_virtualenv to None
[2021-07-19 00:16:13,648] {scheduler_job.py:189} INFO - Processing /home/airflow/.local/lib/python3.6/site-packages/airflow/example_dags/tutorial_taskflow_api_etl_virtualenv.py took 0.566 seconds
[2021-07-19 00:16:43,747] {scheduler_job.py:181} INFO - Started process (PID=2429) to work on /home/airflow/.local/lib/python3.6/site-packages/airflow/example_dags/tutorial_taskflow_api_etl_virtualenv.py
[2021-07-19 00:16:43,749] {scheduler_job.py:632} INFO - Processing file /home/airflow/.local/lib/python3.6/site-packages/airflow/example_dags/tutorial_taskflow_api_etl_virtualenv.py for tasks to queue
[2021-07-19 00:16:43,750] {logging_mixin.py:104} INFO - [2021-07-19 00:16:43,750] {dagbag.py:496} INFO - Filling up the DagBag from /home/airflow/.local/lib/python3.6/site-packages/airflow/example_dags/tutorial_taskflow_api_etl_virtualenv.py
[2021-07-19 00:16:43,775] {scheduler_job.py:642} INFO - DAG(s) dict_keys(['tutorial_taskflow_api_etl_virtualenv']) retrieved from /home/airflow/.local/lib/python3.6/site-packages/airflow/example_dags/tutorial_taskflow_api_etl_virtualenv.py
[2021-07-19 00:16:44,119] {logging_mixin.py:104} INFO - [2021-07-19 00:16:44,119] {dag.py:1833} INFO - Sync 1 DAGs
[2021-07-19 00:16:44,140] {logging_mixin.py:104} INFO - [2021-07-19 00:16:44,140] {dag.py:2306} INFO - Setting next_dagrun for tutorial_taskflow_api_etl_virtualenv to None
[2021-07-19 00:16:44,230] {scheduler_job.py:189} INFO - Processing /home/airflow/.local/lib/python3.6/site-packages/airflow/example_dags/tutorial_taskflow_api_etl_virtualenv.py took 0.488 seconds
[2021-07-19 00:17:14,925] {scheduler_job.py:181} INFO - Started process (PID=2487) to work on /home/airflow/.local/lib/python3.6/site-packages/airflow/example_dags/tutorial_taskflow_api_etl_virtualenv.py
[2021-07-19 00:17:14,927] {scheduler_job.py:632} INFO - Processing file /home/airflow/.local/lib/python3.6/site-packages/airflow/example_dags/tutorial_taskflow_api_etl_virtualenv.py for tasks to queue
[2021-07-19 00:17:14,929] {logging_mixin.py:104} INFO - [2021-07-19 00:17:14,929] {dagbag.py:496} INFO - Filling up the DagBag from /home/airflow/.local/lib/python3.6/site-packages/airflow/example_dags/tutorial_taskflow_api_etl_virtualenv.py
[2021-07-19 00:17:14,956] {scheduler_job.py:642} INFO - DAG(s) dict_keys(['tutorial_taskflow_api_etl_virtualenv']) retrieved from /home/airflow/.local/lib/python3.6/site-packages/airflow/example_dags/tutorial_taskflow_api_etl_virtualenv.py
[2021-07-19 00:17:15,352] {logging_mixin.py:104} INFO - [2021-07-19 00:17:15,352] {dag.py:1833} INFO - Sync 1 DAGs
[2021-07-19 00:17:15,371] {logging_mixin.py:104} INFO - [2021-07-19 00:17:15,371] {dag.py:2306} INFO - Setting next_dagrun for tutorial_taskflow_api_etl_virtualenv to None
[2021-07-19 00:17:15,588] {scheduler_job.py:189} INFO - Processing /home/airflow/.local/lib/python3.6/site-packages/airflow/example_dags/tutorial_taskflow_api_etl_virtualenv.py took 0.668 seconds
[2021-07-19 00:17:45,672] {scheduler_job.py:181} INFO - Started process (PID=2544) to work on /home/airflow/.local/lib/python3.6/site-packages/airflow/example_dags/tutorial_taskflow_api_etl_virtualenv.py
[2021-07-19 00:17:45,674] {scheduler_job.py:632} INFO - Processing file /home/airflow/.local/lib/python3.6/site-packages/airflow/example_dags/tutorial_taskflow_api_etl_virtualenv.py for tasks to queue
[2021-07-19 00:17:45,675] {logging_mixin.py:104} INFO - [2021-07-19 00:17:45,675] {dagbag.py:496} INFO - Filling up the DagBag from /home/airflow/.local/lib/python3.6/site-packages/airflow/example_dags/tutorial_taskflow_api_etl_virtualenv.py
[2021-07-19 00:17:45,696] {scheduler_job.py:642} INFO - DAG(s) dict_keys(['tutorial_taskflow_api_etl_virtualenv']) retrieved from /home/airflow/.local/lib/python3.6/site-packages/airflow/example_dags/tutorial_taskflow_api_etl_virtualenv.py
[2021-07-19 00:17:46,074] {logging_mixin.py:104} INFO - [2021-07-19 00:17:46,074] {dag.py:1833} INFO - Sync 1 DAGs
[2021-07-19 00:17:46,101] {logging_mixin.py:104} INFO - [2021-07-19 00:17:46,101] {dag.py:2306} INFO - Setting next_dagrun for tutorial_taskflow_api_etl_virtualenv to None
[2021-07-19 00:17:46,223] {scheduler_job.py:189} INFO - Processing /home/airflow/.local/lib/python3.6/site-packages/airflow/example_dags/tutorial_taskflow_api_etl_virtualenv.py took 0.556 seconds
[2021-07-19 00:18:17,120] {scheduler_job.py:181} INFO - Started process (PID=2601) to work on /home/airflow/.local/lib/python3.6/site-packages/airflow/example_dags/tutorial_taskflow_api_etl_virtualenv.py
[2021-07-19 00:18:17,123] {scheduler_job.py:632} INFO - Processing file /home/airflow/.local/lib/python3.6/site-packages/airflow/example_dags/tutorial_taskflow_api_etl_virtualenv.py for tasks to queue
[2021-07-19 00:18:17,125] {logging_mixin.py:104} INFO - [2021-07-19 00:18:17,124] {dagbag.py:496} INFO - Filling up the DagBag from /home/airflow/.local/lib/python3.6/site-packages/airflow/example_dags/tutorial_taskflow_api_etl_virtualenv.py
[2021-07-19 00:18:17,151] {scheduler_job.py:642} INFO - DAG(s) dict_keys(['tutorial_taskflow_api_etl_virtualenv']) retrieved from /home/airflow/.local/lib/python3.6/site-packages/airflow/example_dags/tutorial_taskflow_api_etl_virtualenv.py
[2021-07-19 00:18:17,478] {logging_mixin.py:104} INFO - [2021-07-19 00:18:17,478] {dag.py:1833} INFO - Sync 1 DAGs
[2021-07-19 00:18:17,495] {logging_mixin.py:104} INFO - [2021-07-19 00:18:17,495] {dag.py:2306} INFO - Setting next_dagrun for tutorial_taskflow_api_etl_virtualenv to None
[2021-07-19 00:18:18,226] {scheduler_job.py:189} INFO - Processing /home/airflow/.local/lib/python3.6/site-packages/airflow/example_dags/tutorial_taskflow_api_etl_virtualenv.py took 1.110 seconds
[2021-07-19 00:18:48,910] {scheduler_job.py:181} INFO - Started process (PID=2657) to work on /home/airflow/.local/lib/python3.6/site-packages/airflow/example_dags/tutorial_taskflow_api_etl_virtualenv.py
[2021-07-19 00:18:48,914] {scheduler_job.py:632} INFO - Processing file /home/airflow/.local/lib/python3.6/site-packages/airflow/example_dags/tutorial_taskflow_api_etl_virtualenv.py for tasks to queue
[2021-07-19 00:18:48,915] {logging_mixin.py:104} INFO - [2021-07-19 00:18:48,915] {dagbag.py:496} INFO - Filling up the DagBag from /home/airflow/.local/lib/python3.6/site-packages/airflow/example_dags/tutorial_taskflow_api_etl_virtualenv.py
[2021-07-19 00:18:48,943] {scheduler_job.py:642} INFO - DAG(s) dict_keys(['tutorial_taskflow_api_etl_virtualenv']) retrieved from /home/airflow/.local/lib/python3.6/site-packages/airflow/example_dags/tutorial_taskflow_api_etl_virtualenv.py
[2021-07-19 00:18:49,255] {logging_mixin.py:104} INFO - [2021-07-19 00:18:49,255] {dag.py:1833} INFO - Sync 1 DAGs
[2021-07-19 00:18:49,276] {logging_mixin.py:104} INFO - [2021-07-19 00:18:49,276] {dag.py:2306} INFO - Setting next_dagrun for tutorial_taskflow_api_etl_virtualenv to None
[2021-07-19 00:18:49,592] {scheduler_job.py:189} INFO - Processing /home/airflow/.local/lib/python3.6/site-packages/airflow/example_dags/tutorial_taskflow_api_etl_virtualenv.py took 0.686 seconds
[2021-07-19 00:19:20,297] {scheduler_job.py:181} INFO - Started process (PID=2712) to work on /home/airflow/.local/lib/python3.6/site-packages/airflow/example_dags/tutorial_taskflow_api_etl_virtualenv.py
[2021-07-19 00:19:20,299] {scheduler_job.py:632} INFO - Processing file /home/airflow/.local/lib/python3.6/site-packages/airflow/example_dags/tutorial_taskflow_api_etl_virtualenv.py for tasks to queue
[2021-07-19 00:19:20,300] {logging_mixin.py:104} INFO - [2021-07-19 00:19:20,300] {dagbag.py:496} INFO - Filling up the DagBag from /home/airflow/.local/lib/python3.6/site-packages/airflow/example_dags/tutorial_taskflow_api_etl_virtualenv.py
[2021-07-19 00:19:20,325] {scheduler_job.py:642} INFO - DAG(s) dict_keys(['tutorial_taskflow_api_etl_virtualenv']) retrieved from /home/airflow/.local/lib/python3.6/site-packages/airflow/example_dags/tutorial_taskflow_api_etl_virtualenv.py
[2021-07-19 00:19:20,645] {logging_mixin.py:104} INFO - [2021-07-19 00:19:20,645] {dag.py:1833} INFO - Sync 1 DAGs
[2021-07-19 00:19:20,670] {logging_mixin.py:104} INFO - [2021-07-19 00:19:20,670] {dag.py:2306} INFO - Setting next_dagrun for tutorial_taskflow_api_etl_virtualenv to None
[2021-07-19 00:19:20,958] {scheduler_job.py:189} INFO - Processing /home/airflow/.local/lib/python3.6/site-packages/airflow/example_dags/tutorial_taskflow_api_etl_virtualenv.py took 0.665 seconds
[2021-07-19 00:19:51,245] {scheduler_job.py:181} INFO - Started process (PID=2780) to work on /home/airflow/.local/lib/python3.6/site-packages/airflow/example_dags/tutorial_taskflow_api_etl_virtualenv.py
[2021-07-19 00:19:51,247] {scheduler_job.py:632} INFO - Processing file /home/airflow/.local/lib/python3.6/site-packages/airflow/example_dags/tutorial_taskflow_api_etl_virtualenv.py for tasks to queue
[2021-07-19 00:19:51,249] {logging_mixin.py:104} INFO - [2021-07-19 00:19:51,248] {dagbag.py:496} INFO - Filling up the DagBag from /home/airflow/.local/lib/python3.6/site-packages/airflow/example_dags/tutorial_taskflow_api_etl_virtualenv.py
[2021-07-19 00:19:51,272] {scheduler_job.py:642} INFO - DAG(s) dict_keys(['tutorial_taskflow_api_etl_virtualenv']) retrieved from /home/airflow/.local/lib/python3.6/site-packages/airflow/example_dags/tutorial_taskflow_api_etl_virtualenv.py
[2021-07-19 00:19:51,299] {logging_mixin.py:104} INFO - [2021-07-19 00:19:51,299] {dag.py:1833} INFO - Sync 1 DAGs
[2021-07-19 00:19:51,322] {logging_mixin.py:104} INFO - [2021-07-19 00:19:51,322] {dag.py:2306} INFO - Setting next_dagrun for tutorial_taskflow_api_etl_virtualenv to None
[2021-07-19 00:19:51,595] {scheduler_job.py:189} INFO - Processing /home/airflow/.local/lib/python3.6/site-packages/airflow/example_dags/tutorial_taskflow_api_etl_virtualenv.py took 0.354 seconds
[2021-07-19 00:20:22,105] {scheduler_job.py:181} INFO - Started process (PID=2836) to work on /home/airflow/.local/lib/python3.6/site-packages/airflow/example_dags/tutorial_taskflow_api_etl_virtualenv.py
[2021-07-19 00:20:22,107] {scheduler_job.py:632} INFO - Processing file /home/airflow/.local/lib/python3.6/site-packages/airflow/example_dags/tutorial_taskflow_api_etl_virtualenv.py for tasks to queue
[2021-07-19 00:20:22,108] {logging_mixin.py:104} INFO - [2021-07-19 00:20:22,108] {dagbag.py:496} INFO - Filling up the DagBag from /home/airflow/.local/lib/python3.6/site-packages/airflow/example_dags/tutorial_taskflow_api_etl_virtualenv.py
[2021-07-19 00:20:22,139] {scheduler_job.py:642} INFO - DAG(s) dict_keys(['tutorial_taskflow_api_etl_virtualenv']) retrieved from /home/airflow/.local/lib/python3.6/site-packages/airflow/example_dags/tutorial_taskflow_api_etl_virtualenv.py
[2021-07-19 00:20:22,414] {logging_mixin.py:104} INFO - [2021-07-19 00:20:22,414] {dag.py:1833} INFO - Sync 1 DAGs
[2021-07-19 00:20:22,438] {logging_mixin.py:104} INFO - [2021-07-19 00:20:22,438] {dag.py:2306} INFO - Setting next_dagrun for tutorial_taskflow_api_etl_virtualenv to None
[2021-07-19 00:20:22,607] {scheduler_job.py:189} INFO - Processing /home/airflow/.local/lib/python3.6/site-packages/airflow/example_dags/tutorial_taskflow_api_etl_virtualenv.py took 0.505 seconds
[2021-07-19 00:20:53,474] {scheduler_job.py:181} INFO - Started process (PID=2896) to work on /home/airflow/.local/lib/python3.6/site-packages/airflow/example_dags/tutorial_taskflow_api_etl_virtualenv.py
[2021-07-19 00:20:53,476] {scheduler_job.py:632} INFO - Processing file /home/airflow/.local/lib/python3.6/site-packages/airflow/example_dags/tutorial_taskflow_api_etl_virtualenv.py for tasks to queue
[2021-07-19 00:20:53,478] {logging_mixin.py:104} INFO - [2021-07-19 00:20:53,477] {dagbag.py:496} INFO - Filling up the DagBag from /home/airflow/.local/lib/python3.6/site-packages/airflow/example_dags/tutorial_taskflow_api_etl_virtualenv.py
[2021-07-19 00:20:53,504] {scheduler_job.py:642} INFO - DAG(s) dict_keys(['tutorial_taskflow_api_etl_virtualenv']) retrieved from /home/airflow/.local/lib/python3.6/site-packages/airflow/example_dags/tutorial_taskflow_api_etl_virtualenv.py
[2021-07-19 00:20:53,801] {logging_mixin.py:104} INFO - [2021-07-19 00:20:53,801] {dag.py:1833} INFO - Sync 1 DAGs
[2021-07-19 00:20:53,819] {logging_mixin.py:104} INFO - [2021-07-19 00:20:53,819] {dag.py:2306} INFO - Setting next_dagrun for tutorial_taskflow_api_etl_virtualenv to None
[2021-07-19 00:20:54,323] {scheduler_job.py:189} INFO - Processing /home/airflow/.local/lib/python3.6/site-packages/airflow/example_dags/tutorial_taskflow_api_etl_virtualenv.py took 0.853 seconds
[2021-07-19 00:21:25,518] {scheduler_job.py:181} INFO - Started process (PID=2952) to work on /home/airflow/.local/lib/python3.6/site-packages/airflow/example_dags/tutorial_taskflow_api_etl_virtualenv.py
[2021-07-19 00:21:25,521] {scheduler_job.py:632} INFO - Processing file /home/airflow/.local/lib/python3.6/site-packages/airflow/example_dags/tutorial_taskflow_api_etl_virtualenv.py for tasks to queue
[2021-07-19 00:21:25,522] {logging_mixin.py:104} INFO - [2021-07-19 00:21:25,522] {dagbag.py:496} INFO - Filling up the DagBag from /home/airflow/.local/lib/python3.6/site-packages/airflow/example_dags/tutorial_taskflow_api_etl_virtualenv.py
[2021-07-19 00:21:25,546] {scheduler_job.py:642} INFO - DAG(s) dict_keys(['tutorial_taskflow_api_etl_virtualenv']) retrieved from /home/airflow/.local/lib/python3.6/site-packages/airflow/example_dags/tutorial_taskflow_api_etl_virtualenv.py
[2021-07-19 00:21:25,895] {logging_mixin.py:104} INFO - [2021-07-19 00:21:25,895] {dag.py:1833} INFO - Sync 1 DAGs
[2021-07-19 00:21:25,914] {logging_mixin.py:104} INFO - [2021-07-19 00:21:25,914] {dag.py:2306} INFO - Setting next_dagrun for tutorial_taskflow_api_etl_virtualenv to None
[2021-07-19 00:21:26,398] {scheduler_job.py:189} INFO - Processing /home/airflow/.local/lib/python3.6/site-packages/airflow/example_dags/tutorial_taskflow_api_etl_virtualenv.py took 0.884 seconds
[2021-07-19 00:21:56,534] {scheduler_job.py:181} INFO - Started process (PID=3008) to work on /home/airflow/.local/lib/python3.6/site-packages/airflow/example_dags/tutorial_taskflow_api_etl_virtualenv.py
[2021-07-19 00:21:56,536] {scheduler_job.py:632} INFO - Processing file /home/airflow/.local/lib/python3.6/site-packages/airflow/example_dags/tutorial_taskflow_api_etl_virtualenv.py for tasks to queue
[2021-07-19 00:21:56,537] {logging_mixin.py:104} INFO - [2021-07-19 00:21:56,537] {dagbag.py:496} INFO - Filling up the DagBag from /home/airflow/.local/lib/python3.6/site-packages/airflow/example_dags/tutorial_taskflow_api_etl_virtualenv.py
[2021-07-19 00:21:56,557] {scheduler_job.py:642} INFO - DAG(s) dict_keys(['tutorial_taskflow_api_etl_virtualenv']) retrieved from /home/airflow/.local/lib/python3.6/site-packages/airflow/example_dags/tutorial_taskflow_api_etl_virtualenv.py
[2021-07-19 00:21:56,890] {logging_mixin.py:104} INFO - [2021-07-19 00:21:56,890] {dag.py:1833} INFO - Sync 1 DAGs
[2021-07-19 00:21:56,908] {logging_mixin.py:104} INFO - [2021-07-19 00:21:56,908] {dag.py:2306} INFO - Setting next_dagrun for tutorial_taskflow_api_etl_virtualenv to None
[2021-07-19 00:21:57,745] {scheduler_job.py:189} INFO - Processing /home/airflow/.local/lib/python3.6/site-packages/airflow/example_dags/tutorial_taskflow_api_etl_virtualenv.py took 1.215 seconds
[2021-07-19 00:22:27,931] {scheduler_job.py:181} INFO - Started process (PID=3075) to work on /home/airflow/.local/lib/python3.6/site-packages/airflow/example_dags/tutorial_taskflow_api_etl_virtualenv.py
[2021-07-19 00:22:27,933] {scheduler_job.py:632} INFO - Processing file /home/airflow/.local/lib/python3.6/site-packages/airflow/example_dags/tutorial_taskflow_api_etl_virtualenv.py for tasks to queue
[2021-07-19 00:22:27,939] {logging_mixin.py:104} INFO - [2021-07-19 00:22:27,939] {dagbag.py:496} INFO - Filling up the DagBag from /home/airflow/.local/lib/python3.6/site-packages/airflow/example_dags/tutorial_taskflow_api_etl_virtualenv.py
[2021-07-19 00:22:27,983] {scheduler_job.py:642} INFO - DAG(s) dict_keys(['tutorial_taskflow_api_etl_virtualenv']) retrieved from /home/airflow/.local/lib/python3.6/site-packages/airflow/example_dags/tutorial_taskflow_api_etl_virtualenv.py
[2021-07-19 00:22:28,401] {logging_mixin.py:104} INFO - [2021-07-19 00:22:28,401] {dag.py:1833} INFO - Sync 1 DAGs
[2021-07-19 00:22:28,422] {logging_mixin.py:104} INFO - [2021-07-19 00:22:28,422] {dag.py:2306} INFO - Setting next_dagrun for tutorial_taskflow_api_etl_virtualenv to None
[2021-07-19 00:22:28,923] {scheduler_job.py:189} INFO - Processing /home/airflow/.local/lib/python3.6/site-packages/airflow/example_dags/tutorial_taskflow_api_etl_virtualenv.py took 0.997 seconds
[2021-07-19 00:22:59,252] {scheduler_job.py:181} INFO - Started process (PID=3132) to work on /home/airflow/.local/lib/python3.6/site-packages/airflow/example_dags/tutorial_taskflow_api_etl_virtualenv.py
[2021-07-19 00:22:59,254] {scheduler_job.py:632} INFO - Processing file /home/airflow/.local/lib/python3.6/site-packages/airflow/example_dags/tutorial_taskflow_api_etl_virtualenv.py for tasks to queue
[2021-07-19 00:22:59,255] {logging_mixin.py:104} INFO - [2021-07-19 00:22:59,255] {dagbag.py:496} INFO - Filling up the DagBag from /home/airflow/.local/lib/python3.6/site-packages/airflow/example_dags/tutorial_taskflow_api_etl_virtualenv.py
[2021-07-19 00:22:59,277] {scheduler_job.py:642} INFO - DAG(s) dict_keys(['tutorial_taskflow_api_etl_virtualenv']) retrieved from /home/airflow/.local/lib/python3.6/site-packages/airflow/example_dags/tutorial_taskflow_api_etl_virtualenv.py
[2021-07-19 00:22:59,608] {logging_mixin.py:104} INFO - [2021-07-19 00:22:59,608] {dag.py:1833} INFO - Sync 1 DAGs
[2021-07-19 00:22:59,628] {logging_mixin.py:104} INFO - [2021-07-19 00:22:59,628] {dag.py:2306} INFO - Setting next_dagrun for tutorial_taskflow_api_etl_virtualenv to None
[2021-07-19 00:22:59,751] {scheduler_job.py:189} INFO - Processing /home/airflow/.local/lib/python3.6/site-packages/airflow/example_dags/tutorial_taskflow_api_etl_virtualenv.py took 0.504 seconds
[2021-07-19 00:23:31,006] {scheduler_job.py:181} INFO - Started process (PID=3185) to work on /home/airflow/.local/lib/python3.6/site-packages/airflow/example_dags/tutorial_taskflow_api_etl_virtualenv.py
[2021-07-19 00:23:31,011] {scheduler_job.py:632} INFO - Processing file /home/airflow/.local/lib/python3.6/site-packages/airflow/example_dags/tutorial_taskflow_api_etl_virtualenv.py for tasks to queue
[2021-07-19 00:23:31,012] {logging_mixin.py:104} INFO - [2021-07-19 00:23:31,012] {dagbag.py:496} INFO - Filling up the DagBag from /home/airflow/.local/lib/python3.6/site-packages/airflow/example_dags/tutorial_taskflow_api_etl_virtualenv.py
[2021-07-19 00:23:31,037] {scheduler_job.py:642} INFO - DAG(s) dict_keys(['tutorial_taskflow_api_etl_virtualenv']) retrieved from /home/airflow/.local/lib/python3.6/site-packages/airflow/example_dags/tutorial_taskflow_api_etl_virtualenv.py
[2021-07-19 00:23:31,442] {logging_mixin.py:104} INFO - [2021-07-19 00:23:31,442] {dag.py:1833} INFO - Sync 1 DAGs
[2021-07-19 00:23:31,463] {logging_mixin.py:104} INFO - [2021-07-19 00:23:31,463] {dag.py:2306} INFO - Setting next_dagrun for tutorial_taskflow_api_etl_virtualenv to None
[2021-07-19 00:23:32,098] {scheduler_job.py:189} INFO - Processing /home/airflow/.local/lib/python3.6/site-packages/airflow/example_dags/tutorial_taskflow_api_etl_virtualenv.py took 1.099 seconds
                                                                                                                                                                                                                                                                                                                                                                                                                                                                                                                                                                                                                                                                                                                                                                                                                                                                                                                                                                                                                                                                                                                                                                                                                                                                                                                                                                                                                                                                                                                                                                                                                                                                                                                                                                                                                                                                                                                                                                                                                                                                                                                                                                                                                                                                                                                                                                                                                                                                                                                                                                                                                                                                                                                                                                                                                                                                                                                                                                                                                                                                                                                                                                                                                                                                                                                                                                                                                                                                                                                                                                                                                                                                                                                                                                                                                                                                                                                                                                                                                                                                                                                                                                                                                                                                                                                                                                                                                                                                                                                                                                                                                                                                                                                                                                                                                                                                                                                                                                                                                                                                                                                                                                                                                                                                                                                                                                                                                                                                                                                                                                                                                                                                                                                                                                                                                                                                                                                                                                                                                                                                                                                                                                                                                                                                                                                                                                                                                                                                                                                                                                                                                                                                                                                                                                                                                                                                                                                                                                                                                                                                                                                                  