[2021-07-19 00:00:05,877] {scheduler_job.py:181} INFO - Started process (PID=472) to work on /home/airflow/.local/lib/python3.6/site-packages/airflow/example_dags/tutorial_taskflow_api_etl.py
[2021-07-19 00:00:05,879] {scheduler_job.py:632} INFO - Processing file /home/airflow/.local/lib/python3.6/site-packages/airflow/example_dags/tutorial_taskflow_api_etl.py for tasks to queue
[2021-07-19 00:00:05,880] {logging_mixin.py:104} INFO - [2021-07-19 00:00:05,880] {dagbag.py:496} INFO - Filling up the DagBag from /home/airflow/.local/lib/python3.6/site-packages/airflow/example_dags/tutorial_taskflow_api_etl.py
[2021-07-19 00:00:05,909] {scheduler_job.py:642} INFO - DAG(s) dict_keys(['tutorial_taskflow_api_etl']) retrieved from /home/airflow/.local/lib/python3.6/site-packages/airflow/example_dags/tutorial_taskflow_api_etl.py
[2021-07-19 00:00:06,316] {logging_mixin.py:104} INFO - [2021-07-19 00:00:06,316] {dag.py:1833} INFO - Sync 1 DAGs
[2021-07-19 00:00:06,337] {logging_mixin.py:104} INFO - [2021-07-19 00:00:06,337] {dag.py:2306} INFO - Setting next_dagrun for tutorial_taskflow_api_etl to None
[2021-07-19 00:00:06,608] {scheduler_job.py:189} INFO - Processing /home/airflow/.local/lib/python3.6/site-packages/airflow/example_dags/tutorial_taskflow_api_etl.py took 0.736 seconds
[2021-07-19 00:00:36,750] {scheduler_job.py:181} INFO - Started process (PID=528) to work on /home/airflow/.local/lib/python3.6/site-packages/airflow/example_dags/tutorial_taskflow_api_etl.py
[2021-07-19 00:00:36,752] {scheduler_job.py:632} INFO - Processing file /home/airflow/.local/lib/python3.6/site-packages/airflow/example_dags/tutorial_taskflow_api_etl.py for tasks to queue
[2021-07-19 00:00:36,754] {logging_mixin.py:104} INFO - [2021-07-19 00:00:36,753] {dagbag.py:496} INFO - Filling up the DagBag from /home/airflow/.local/lib/python3.6/site-packages/airflow/example_dags/tutorial_taskflow_api_etl.py
[2021-07-19 00:00:36,774] {scheduler_job.py:642} INFO - DAG(s) dict_keys(['tutorial_taskflow_api_etl']) retrieved from /home/airflow/.local/lib/python3.6/site-packages/airflow/example_dags/tutorial_taskflow_api_etl.py
[2021-07-19 00:00:37,162] {logging_mixin.py:104} INFO - [2021-07-19 00:00:37,162] {dag.py:1833} INFO - Sync 1 DAGs
[2021-07-19 00:00:37,181] {logging_mixin.py:104} INFO - [2021-07-19 00:00:37,181] {dag.py:2306} INFO - Setting next_dagrun for tutorial_taskflow_api_etl to None
[2021-07-19 00:00:37,235] {scheduler_job.py:189} INFO - Processing /home/airflow/.local/lib/python3.6/site-packages/airflow/example_dags/tutorial_taskflow_api_etl.py took 0.489 seconds
[2021-07-19 00:01:07,388] {scheduler_job.py:181} INFO - Started process (PID=580) to work on /home/airflow/.local/lib/python3.6/site-packages/airflow/example_dags/tutorial_taskflow_api_etl.py
[2021-07-19 00:01:07,390] {scheduler_job.py:632} INFO - Processing file /home/airflow/.local/lib/python3.6/site-packages/airflow/example_dags/tutorial_taskflow_api_etl.py for tasks to queue
[2021-07-19 00:01:07,391] {logging_mixin.py:104} INFO - [2021-07-19 00:01:07,391] {dagbag.py:496} INFO - Filling up the DagBag from /home/airflow/.local/lib/python3.6/site-packages/airflow/example_dags/tutorial_taskflow_api_etl.py
[2021-07-19 00:01:07,418] {scheduler_job.py:642} INFO - DAG(s) dict_keys(['tutorial_taskflow_api_etl']) retrieved from /home/airflow/.local/lib/python3.6/site-packages/airflow/example_dags/tutorial_taskflow_api_etl.py
[2021-07-19 00:01:07,772] {logging_mixin.py:104} INFO - [2021-07-19 00:01:07,772] {dag.py:1833} INFO - Sync 1 DAGs
[2021-07-19 00:01:07,789] {logging_mixin.py:104} INFO - [2021-07-19 00:01:07,789] {dag.py:2306} INFO - Setting next_dagrun for tutorial_taskflow_api_etl to None
[2021-07-19 00:01:07,916] {scheduler_job.py:189} INFO - Processing /home/airflow/.local/lib/python3.6/site-packages/airflow/example_dags/tutorial_taskflow_api_etl.py took 0.533 seconds
[2021-07-19 00:01:38,163] {scheduler_job.py:181} INFO - Started process (PID=649) to work on /home/airflow/.local/lib/python3.6/site-packages/airflow/example_dags/tutorial_taskflow_api_etl.py
[2021-07-19 00:01:38,165] {scheduler_job.py:632} INFO - Processing file /home/airflow/.local/lib/python3.6/site-packages/airflow/example_dags/tutorial_taskflow_api_etl.py for tasks to queue
[2021-07-19 00:01:38,167] {logging_mixin.py:104} INFO - [2021-07-19 00:01:38,167] {dagbag.py:496} INFO - Filling up the DagBag from /home/airflow/.local/lib/python3.6/site-packages/airflow/example_dags/tutorial_taskflow_api_etl.py
[2021-07-19 00:01:38,188] {scheduler_job.py:642} INFO - DAG(s) dict_keys(['tutorial_taskflow_api_etl']) retrieved from /home/airflow/.local/lib/python3.6/site-packages/airflow/example_dags/tutorial_taskflow_api_etl.py
[2021-07-19 00:01:38,499] {logging_mixin.py:104} INFO - [2021-07-19 00:01:38,499] {dag.py:1833} INFO - Sync 1 DAGs
[2021-07-19 00:01:38,518] {logging_mixin.py:104} INFO - [2021-07-19 00:01:38,518] {dag.py:2306} INFO - Setting next_dagrun for tutorial_taskflow_api_etl to None
[2021-07-19 00:01:38,588] {scheduler_job.py:189} INFO - Processing /home/airflow/.local/lib/python3.6/site-packages/airflow/example_dags/tutorial_taskflow_api_etl.py took 0.432 seconds
[2021-07-19 00:02:08,891] {scheduler_job.py:181} INFO - Started process (PID=705) to work on /home/airflow/.local/lib/python3.6/site-packages/airflow/example_dags/tutorial_taskflow_api_etl.py
[2021-07-19 00:02:08,899] {scheduler_job.py:632} INFO - Processing file /home/airflow/.local/lib/python3.6/site-packages/airflow/example_dags/tutorial_taskflow_api_etl.py for tasks to queue
[2021-07-19 00:02:08,900] {logging_mixin.py:104} INFO - [2021-07-19 00:02:08,900] {dagbag.py:496} INFO - Filling up the DagBag from /home/airflow/.local/lib/python3.6/site-packages/airflow/example_dags/tutorial_taskflow_api_etl.py
[2021-07-19 00:02:08,931] {scheduler_job.py:642} INFO - DAG(s) dict_keys(['tutorial_taskflow_api_etl']) retrieved from /home/airflow/.local/lib/python3.6/site-packages/airflow/example_dags/tutorial_taskflow_api_etl.py
[2021-07-19 00:02:09,277] {logging_mixin.py:104} INFO - [2021-07-19 00:02:09,277] {dag.py:1833} INFO - Sync 1 DAGs
[2021-07-19 00:02:09,310] {logging_mixin.py:104} INFO - [2021-07-19 00:02:09,309] {dag.py:2306} INFO - Setting next_dagrun for tutorial_taskflow_api_etl to None
[2021-07-19 00:02:09,448] {scheduler_job.py:189} INFO - Processing /home/airflow/.local/lib/python3.6/site-packages/airflow/example_dags/tutorial_taskflow_api_etl.py took 0.562 seconds
[2021-07-19 00:02:40,130] {scheduler_job.py:181} INFO - Started process (PID=775) to work on /home/airflow/.local/lib/python3.6/site-packages/airflow/example_dags/tutorial_taskflow_api_etl.py
[2021-07-19 00:02:40,132] {scheduler_job.py:632} INFO - Processing file /home/airflow/.local/lib/python3.6/site-packages/airflow/example_dags/tutorial_taskflow_api_etl.py for tasks to queue
[2021-07-19 00:02:40,133] {logging_mixin.py:104} INFO - [2021-07-19 00:02:40,133] {dagbag.py:496} INFO - Filling up the DagBag from /home/airflow/.local/lib/python3.6/site-packages/airflow/example_dags/tutorial_taskflow_api_etl.py
[2021-07-19 00:02:40,161] {scheduler_job.py:642} INFO - DAG(s) dict_keys(['tutorial_taskflow_api_etl']) retrieved from /home/airflow/.local/lib/python3.6/site-packages/airflow/example_dags/tutorial_taskflow_api_etl.py
[2021-07-19 00:02:40,524] {logging_mixin.py:104} INFO - [2021-07-19 00:02:40,524] {dag.py:1833} INFO - Sync 1 DAGs
[2021-07-19 00:02:40,546] {logging_mixin.py:104} INFO - [2021-07-19 00:02:40,546] {dag.py:2306} INFO - Setting next_dagrun for tutorial_taskflow_api_etl to None
[2021-07-19 00:02:40,619] {scheduler_job.py:189} INFO - Processing /home/airflow/.local/lib/python3.6/site-packages/airflow/example_dags/tutorial_taskflow_api_etl.py took 0.494 seconds
[2021-07-19 00:03:10,914] {scheduler_job.py:181} INFO - Started process (PID=833) to work on /home/airflow/.local/lib/python3.6/site-packages/airflow/example_dags/tutorial_taskflow_api_etl.py
[2021-07-19 00:03:10,919] {scheduler_job.py:632} INFO - Processing file /home/airflow/.local/lib/python3.6/site-packages/airflow/example_dags/tutorial_taskflow_api_etl.py for tasks to queue
[2021-07-19 00:03:10,921] {logging_mixin.py:104} INFO - [2021-07-19 00:03:10,920] {dagbag.py:496} INFO - Filling up the DagBag from /home/airflow/.local/lib/python3.6/site-packages/airflow/example_dags/tutorial_taskflow_api_etl.py
[2021-07-19 00:03:10,956] {scheduler_job.py:642} INFO - DAG(s) dict_keys(['tutorial_taskflow_api_etl']) retrieved from /home/airflow/.local/lib/python3.6/site-packages/airflow/example_dags/tutorial_taskflow_api_etl.py
[2021-07-19 00:03:11,282] {logging_mixin.py:104} INFO - [2021-07-19 00:03:11,282] {dag.py:1833} INFO - Sync 1 DAGs
[2021-07-19 00:03:11,300] {logging_mixin.py:104} INFO - [2021-07-19 00:03:11,300] {dag.py:2306} INFO - Setting next_dagrun for tutorial_taskflow_api_etl to None
[2021-07-19 00:03:11,508] {scheduler_job.py:189} INFO - Processing /home/airflow/.local/lib/python3.6/site-packages/airflow/example_dags/tutorial_taskflow_api_etl.py took 0.599 seconds
[2021-07-19 00:03:42,272] {scheduler_job.py:181} INFO - Started process (PID=888) to work on /home/airflow/.local/lib/python3.6/site-packages/airflow/example_dags/tutorial_taskflow_api_etl.py
[2021-07-19 00:03:42,279] {scheduler_job.py:632} INFO - Processing file /home/airflow/.local/lib/python3.6/site-packages/airflow/example_dags/tutorial_taskflow_api_etl.py for tasks to queue
[2021-07-19 00:03:42,283] {logging_mixin.py:104} INFO - [2021-07-19 00:03:42,282] {dagbag.py:496} INFO - Filling up the DagBag from /home/airflow/.local/lib/python3.6/site-packages/airflow/example_dags/tutorial_taskflow_api_etl.py
[2021-07-19 00:03:42,329] {scheduler_job.py:642} INFO - DAG(s) dict_keys(['tutorial_taskflow_api_etl']) retrieved from /home/airflow/.local/lib/python3.6/site-packages/airflow/example_dags/tutorial_taskflow_api_etl.py
[2021-07-19 00:03:42,613] {logging_mixin.py:104} INFO - [2021-07-19 00:03:42,613] {dag.py:1833} INFO - Sync 1 DAGs
[2021-07-19 00:03:42,630] {logging_mixin.py:104} INFO - [2021-07-19 00:03:42,630] {dag.py:2306} INFO - Setting next_dagrun for tutorial_taskflow_api_etl to None
[2021-07-19 00:03:42,713] {scheduler_job.py:189} INFO - Processing /home/airflow/.local/lib/python3.6/site-packages/airflow/example_dags/tutorial_taskflow_api_etl.py took 0.453 seconds
[2021-07-19 00:04:13,074] {scheduler_job.py:181} INFO - Started process (PID=955) to work on /home/airflow/.local/lib/python3.6/site-packages/airflow/example_dags/tutorial_taskflow_api_etl.py
[2021-07-19 00:04:13,079] {scheduler_job.py:632} INFO - Processing file /home/airflow/.local/lib/python3.6/site-packages/airflow/example_dags/tutorial_taskflow_api_etl.py for tasks to queue
[2021-07-19 00:04:13,082] {logging_mixin.py:104} INFO - [2021-07-19 00:04:13,081] {dagbag.py:496} INFO - Filling up the DagBag from /home/airflow/.local/lib/python3.6/site-packages/airflow/example_dags/tutorial_taskflow_api_etl.py
[2021-07-19 00:04:13,117] {scheduler_job.py:642} INFO - DAG(s) dict_keys(['tutorial_taskflow_api_etl']) retrieved from /home/airflow/.local/lib/python3.6/site-packages/airflow/example_dags/tutorial_taskflow_api_etl.py
[2021-07-19 00:04:13,388] {logging_mixin.py:104} INFO - [2021-07-19 00:04:13,388] {dag.py:1833} INFO - Sync 1 DAGs
[2021-07-19 00:04:13,405] {logging_mixin.py:104} INFO - [2021-07-19 00:04:13,405] {dag.py:2306} INFO - Setting next_dagrun for tutorial_taskflow_api_etl to None
[2021-07-19 00:04:13,464] {scheduler_job.py:189} INFO - Processing /home/airflow/.local/lib/python3.6/site-packages/airflow/example_dags/tutorial_taskflow_api_etl.py took 0.405 seconds
[2021-07-19 00:04:43,758] {scheduler_job.py:181} INFO - Started process (PID=1012) to work on /home/airflow/.local/lib/python3.6/site-packages/airflow/example_dags/tutorial_taskflow_api_etl.py
[2021-07-19 00:04:43,760] {scheduler_job.py:632} INFO - Processing file /home/airflow/.local/lib/python3.6/site-packages/airflow/example_dags/tutorial_taskflow_api_etl.py for tasks to queue
[2021-07-19 00:04:43,761] {logging_mixin.py:104} INFO - [2021-07-19 00:04:43,761] {dagbag.py:496} INFO - Filling up the DagBag from /home/airflow/.local/lib/python3.6/site-packages/airflow/example_dags/tutorial_taskflow_api_etl.py
[2021-07-19 00:04:43,785] {scheduler_job.py:642} INFO - DAG(s) dict_keys(['tutorial_taskflow_api_etl']) retrieved from /home/airflow/.local/lib/python3.6/site-packages/airflow/example_dags/tutorial_taskflow_api_etl.py
[2021-07-19 00:04:44,066] {logging_mixin.py:104} INFO - [2021-07-19 00:04:44,066] {dag.py:1833} INFO - Sync 1 DAGs
[2021-07-19 00:04:44,083] {logging_mixin.py:104} INFO - [2021-07-19 00:04:44,082] {dag.py:2306} INFO - Setting next_dagrun for tutorial_taskflow_api_etl to None
[2021-07-19 00:04:44,119] {scheduler_job.py:189} INFO - Processing /home/airflow/.local/lib/python3.6/site-packages/airflow/example_dags/tutorial_taskflow_api_etl.py took 0.366 seconds
[2021-07-19 00:05:14,261] {scheduler_job.py:181} INFO - Started process (PID=1068) to work on /home/airflow/.local/lib/python3.6/site-packages/airflow/example_dags/tutorial_taskflow_api_etl.py
[2021-07-19 00:05:14,266] {scheduler_job.py:632} INFO - Processing file /home/airflow/.local/lib/python3.6/site-packages/airflow/example_dags/tutorial_taskflow_api_etl.py for tasks to queue
[2021-07-19 00:05:14,270] {logging_mixin.py:104} INFO - [2021-07-19 00:05:14,269] {dagbag.py:496} INFO - Filling up the DagBag from /home/airflow/.local/lib/python3.6/site-packages/airflow/example_dags/tutorial_taskflow_api_etl.py
[2021-07-19 00:05:14,301] {scheduler_job.py:642} INFO - DAG(s) dict_keys(['tutorial_taskflow_api_etl']) retrieved from /home/airflow/.local/lib/python3.6/site-packages/airflow/example_dags/tutorial_taskflow_api_etl.py
[2021-07-19 00:05:14,709] {logging_mixin.py:104} INFO - [2021-07-19 00:05:14,708] {dag.py:1833} INFO - Sync 1 DAGs
[2021-07-19 00:05:14,727] {logging_mixin.py:104} INFO - [2021-07-19 00:05:14,727] {dag.py:2306} INFO - Setting next_dagrun for tutorial_taskflow_api_etl to None
[2021-07-19 00:05:14,772] {scheduler_job.py:189} INFO - Processing /home/airflow/.local/lib/python3.6/site-packages/airflow/example_dags/tutorial_taskflow_api_etl.py took 0.525 seconds
[2021-07-19 00:05:44,944] {scheduler_job.py:181} INFO - Started process (PID=1137) to work on /home/airflow/.local/lib/python3.6/site-packages/airflow/example_dags/tutorial_taskflow_api_etl.py
[2021-07-19 00:05:44,946] {scheduler_job.py:632} INFO - Processing file /home/airflow/.local/lib/python3.6/site-packages/airflow/example_dags/tutorial_taskflow_api_etl.py for tasks to queue
[2021-07-19 00:05:44,947] {logging_mixin.py:104} INFO - [2021-07-19 00:05:44,947] {dagbag.py:496} INFO - Filling up the DagBag from /home/airflow/.local/lib/python3.6/site-packages/airflow/example_dags/tutorial_taskflow_api_etl.py
[2021-07-19 00:05:44,971] {scheduler_job.py:642} INFO - DAG(s) dict_keys(['tutorial_taskflow_api_etl']) retrieved from /home/airflow/.local/lib/python3.6/site-packages/airflow/example_dags/tutorial_taskflow_api_etl.py
[2021-07-19 00:05:45,282] {logging_mixin.py:104} INFO - [2021-07-19 00:05:45,282] {dag.py:1833} INFO - Sync 1 DAGs
[2021-07-19 00:05:45,303] {logging_mixin.py:104} INFO - [2021-07-19 00:05:45,303] {dag.py:2306} INFO - Setting next_dagrun for tutorial_taskflow_api_etl to None
[2021-07-19 00:05:45,353] {scheduler_job.py:189} INFO - Processing /home/airflow/.local/lib/python3.6/site-packages/airflow/example_dags/tutorial_taskflow_api_etl.py took 0.412 seconds
[2021-07-19 00:06:16,134] {scheduler_job.py:181} INFO - Started process (PID=1193) to work on /home/airflow/.local/lib/python3.6/site-packages/airflow/example_dags/tutorial_taskflow_api_etl.py
[2021-07-19 00:06:16,136] {scheduler_job.py:632} INFO - Processing file /home/airflow/.local/lib/python3.6/site-packages/airflow/example_dags/tutorial_taskflow_api_etl.py for tasks to queue
[2021-07-19 00:06:16,137] {logging_mixin.py:104} INFO - [2021-07-19 00:06:16,137] {dagbag.py:496} INFO - Filling up the DagBag from /home/airflow/.local/lib/python3.6/site-packages/airflow/example_dags/tutorial_taskflow_api_etl.py
[2021-07-19 00:06:16,158] {scheduler_job.py:642} INFO - DAG(s) dict_keys(['tutorial_taskflow_api_etl']) retrieved from /home/airflow/.local/lib/python3.6/site-packages/airflow/example_dags/tutorial_taskflow_api_etl.py
[2021-07-19 00:06:16,422] {logging_mixin.py:104} INFO - [2021-07-19 00:06:16,422] {dag.py:1833} INFO - Sync 1 DAGs
[2021-07-19 00:06:16,441] {logging_mixin.py:104} INFO - [2021-07-19 00:06:16,441] {dag.py:2306} INFO - Setting next_dagrun for tutorial_taskflow_api_etl to None
[2021-07-19 00:06:16,504] {scheduler_job.py:189} INFO - Processing /home/airflow/.local/lib/python3.6/site-packages/airflow/example_dags/tutorial_taskflow_api_etl.py took 0.374 seconds
[2021-07-19 00:06:47,465] {scheduler_job.py:181} INFO - Started process (PID=1261) to work on /home/airflow/.local/lib/python3.6/site-packages/airflow/example_dags/tutorial_taskflow_api_etl.py
[2021-07-19 00:06:47,470] {scheduler_job.py:632} INFO - Processing file /home/airflow/.local/lib/python3.6/site-packages/airflow/example_dags/tutorial_taskflow_api_etl.py for tasks to queue
[2021-07-19 00:06:47,473] {logging_mixin.py:104} INFO - [2021-07-19 00:06:47,472] {dagbag.py:496} INFO - Filling up the DagBag from /home/airflow/.local/lib/python3.6/site-packages/airflow/example_dags/tutorial_taskflow_api_etl.py
[2021-07-19 00:06:47,534] {scheduler_job.py:642} INFO - DAG(s) dict_keys(['tutorial_taskflow_api_etl']) retrieved from /home/airflow/.local/lib/python3.6/site-packages/airflow/example_dags/tutorial_taskflow_api_etl.py
[2021-07-19 00:06:47,807] {logging_mixin.py:104} INFO - [2021-07-19 00:06:47,807] {dag.py:1833} INFO - Sync 1 DAGs
[2021-07-19 00:06:47,824] {logging_mixin.py:104} INFO - [2021-07-19 00:06:47,824] {dag.py:2306} INFO - Setting next_dagrun for tutorial_taskflow_api_etl to None
[2021-07-19 00:06:47,879] {scheduler_job.py:189} INFO - Processing /home/airflow/.local/lib/python3.6/site-packages/airflow/example_dags/tutorial_taskflow_api_etl.py took 0.425 seconds
[2021-07-19 00:07:18,015] {scheduler_job.py:181} INFO - Started process (PID=1320) to work on /home/airflow/.local/lib/python3.6/site-packages/airflow/example_dags/tutorial_taskflow_api_etl.py
[2021-07-19 00:07:18,017] {scheduler_job.py:632} INFO - Processing file /home/airflow/.local/lib/python3.6/site-packages/airflow/example_dags/tutorial_taskflow_api_etl.py for tasks to queue
[2021-07-19 00:07:18,018] {logging_mixin.py:104} INFO - [2021-07-19 00:07:18,018] {dagbag.py:496} INFO - Filling up the DagBag from /home/airflow/.local/lib/python3.6/site-packages/airflow/example_dags/tutorial_taskflow_api_etl.py
[2021-07-19 00:07:18,036] {scheduler_job.py:642} INFO - DAG(s) dict_keys(['tutorial_taskflow_api_etl']) retrieved from /home/airflow/.local/lib/python3.6/site-packages/airflow/example_dags/tutorial_taskflow_api_etl.py
[2021-07-19 00:07:18,306] {logging_mixin.py:104} INFO - [2021-07-19 00:07:18,306] {dag.py:1833} INFO - Sync 1 DAGs
[2021-07-19 00:07:18,323] {logging_mixin.py:104} INFO - [2021-07-19 00:07:18,323] {dag.py:2306} INFO - Setting next_dagrun for tutorial_taskflow_api_etl to None
[2021-07-19 00:07:18,378] {scheduler_job.py:189} INFO - Processing /home/airflow/.local/lib/python3.6/site-packages/airflow/example_dags/tutorial_taskflow_api_etl.py took 0.366 seconds
[2021-07-19 00:07:48,432] {scheduler_job.py:181} INFO - Started process (PID=1376) to work on /home/airflow/.local/lib/python3.6/site-packages/airflow/example_dags/tutorial_taskflow_api_etl.py
[2021-07-19 00:07:48,433] {scheduler_job.py:632} INFO - Processing file /home/airflow/.local/lib/python3.6/site-packages/airflow/example_dags/tutorial_taskflow_api_etl.py for tasks to queue
[2021-07-19 00:07:48,435] {logging_mixin.py:104} INFO - [2021-07-19 00:07:48,434] {dagbag.py:496} INFO - Filling up the DagBag from /home/airflow/.local/lib/python3.6/site-packages/airflow/example_dags/tutorial_taskflow_api_etl.py
[2021-07-19 00:07:48,463] {scheduler_job.py:642} INFO - DAG(s) dict_keys(['tutorial_taskflow_api_etl']) retrieved from /home/airflow/.local/lib/python3.6/site-packages/airflow/example_dags/tutorial_taskflow_api_etl.py
[2021-07-19 00:07:48,757] {logging_mixin.py:104} INFO - [2021-07-19 00:07:48,757] {dag.py:1833} INFO - Sync 1 DAGs
[2021-07-19 00:07:48,776] {logging_mixin.py:104} INFO - [2021-07-19 00:07:48,776] {dag.py:2306} INFO - Setting next_dagrun for tutorial_taskflow_api_etl to None
[2021-07-19 00:07:48,824] {scheduler_job.py:189} INFO - Processing /home/airflow/.local/lib/python3.6/site-packages/airflow/example_dags/tutorial_taskflow_api_etl.py took 0.397 seconds
[2021-07-19 00:08:18,958] {scheduler_job.py:181} INFO - Started process (PID=1444) to work on /home/airflow/.local/lib/python3.6/site-packages/airflow/example_dags/tutorial_taskflow_api_etl.py
[2021-07-19 00:08:18,960] {scheduler_job.py:632} INFO - Processing file /home/airflow/.local/lib/python3.6/site-packages/airflow/example_dags/tutorial_taskflow_api_etl.py for tasks to queue
[2021-07-19 00:08:18,962] {logging_mixin.py:104} INFO - [2021-07-19 00:08:18,962] {dagbag.py:496} INFO - Filling up the DagBag from /home/airflow/.local/lib/python3.6/site-packages/airflow/example_dags/tutorial_taskflow_api_etl.py
[2021-07-19 00:08:18,981] {scheduler_job.py:642} INFO - DAG(s) dict_keys(['tutorial_taskflow_api_etl']) retrieved from /home/airflow/.local/lib/python3.6/site-packages/airflow/example_dags/tutorial_taskflow_api_etl.py
[2021-07-19 00:08:19,248] {logging_mixin.py:104} INFO - [2021-07-19 00:08:19,248] {dag.py:1833} INFO - Sync 1 DAGs
[2021-07-19 00:08:19,264] {logging_mixin.py:104} INFO - [2021-07-19 00:08:19,264] {dag.py:2306} INFO - Setting next_dagrun for tutorial_taskflow_api_etl to None
[2021-07-19 00:08:19,322] {scheduler_job.py:189} INFO - Processing /home/airflow/.local/lib/python3.6/site-packages/airflow/example_dags/tutorial_taskflow_api_etl.py took 0.367 seconds
[2021-07-19 00:08:49,554] {scheduler_job.py:181} INFO - Started process (PID=1500) to work on /home/airflow/.local/lib/python3.6/site-packages/airflow/example_dags/tutorial_taskflow_api_etl.py
[2021-07-19 00:08:49,558] {scheduler_job.py:632} INFO - Processing file /home/airflow/.local/lib/python3.6/site-packages/airflow/example_dags/tutorial_taskflow_api_etl.py for tasks to queue
[2021-07-19 00:08:49,559] {logging_mixin.py:104} INFO - [2021-07-19 00:08:49,559] {dagbag.py:496} INFO - Filling up the DagBag from /home/airflow/.local/lib/python3.6/site-packages/airflow/example_dags/tutorial_taskflow_api_etl.py
[2021-07-19 00:08:49,583] {scheduler_job.py:642} INFO - DAG(s) dict_keys(['tutorial_taskflow_api_etl']) retrieved from /home/airflow/.local/lib/python3.6/site-packages/airflow/example_dags/tutorial_taskflow_api_etl.py
[2021-07-19 00:08:49,862] {logging_mixin.py:104} INFO - [2021-07-19 00:08:49,862] {dag.py:1833} INFO - Sync 1 DAGs
[2021-07-19 00:08:49,882] {logging_mixin.py:104} INFO - [2021-07-19 00:08:49,882] {dag.py:2306} INFO - Setting next_dagrun for tutorial_taskflow_api_etl to None
[2021-07-19 00:08:50,004] {scheduler_job.py:189} INFO - Processing /home/airflow/.local/lib/python3.6/site-packages/airflow/example_dags/tutorial_taskflow_api_etl.py took 0.457 seconds
[2021-07-19 00:09:20,813] {scheduler_job.py:181} INFO - Started process (PID=1566) to work on /home/airflow/.local/lib/python3.6/site-packages/airflow/example_dags/tutorial_taskflow_api_etl.py
[2021-07-19 00:09:20,816] {scheduler_job.py:632} INFO - Processing file /home/airflow/.local/lib/python3.6/site-packages/airflow/example_dags/tutorial_taskflow_api_etl.py for tasks to queue
[2021-07-19 00:09:20,817] {logging_mixin.py:104} INFO - [2021-07-19 00:09:20,817] {dagbag.py:496} INFO - Filling up the DagBag from /home/airflow/.local/lib/python3.6/site-packages/airflow/example_dags/tutorial_taskflow_api_etl.py
[2021-07-19 00:09:20,854] {scheduler_job.py:642} INFO - DAG(s) dict_keys(['tutorial_taskflow_api_etl']) retrieved from /home/airflow/.local/lib/python3.6/site-packages/airflow/example_dags/tutorial_taskflow_api_etl.py
[2021-07-19 00:09:21,416] {logging_mixin.py:104} INFO - [2021-07-19 00:09:21,415] {dag.py:1833} INFO - Sync 1 DAGs
[2021-07-19 00:09:21,461] {logging_mixin.py:104} INFO - [2021-07-19 00:09:21,461] {dag.py:2306} INFO - Setting next_dagrun for tutorial_taskflow_api_etl to None
[2021-07-19 00:09:21,721] {scheduler_job.py:189} INFO - Processing /home/airflow/.local/lib/python3.6/site-packages/airflow/example_dags/tutorial_taskflow_api_etl.py took 0.911 seconds
[2021-07-19 00:09:52,674] {scheduler_job.py:181} INFO - Started process (PID=1624) to work on /home/airflow/.local/lib/python3.6/site-packages/airflow/example_dags/tutorial_taskflow_api_etl.py
[2021-07-19 00:09:53,227] {scheduler_job.py:632} INFO - Processing file /home/airflow/.local/lib/python3.6/site-packages/airflow/example_dags/tutorial_taskflow_api_etl.py for tasks to queue
[2021-07-19 00:09:53,233] {logging_mixin.py:104} INFO - [2021-07-19 00:09:53,232] {dagbag.py:496} INFO - Filling up the DagBag from /home/airflow/.local/lib/python3.6/site-packages/airflow/example_dags/tutorial_taskflow_api_etl.py
[2021-07-19 00:09:53,352] {scheduler_job.py:642} INFO - DAG(s) dict_keys(['tutorial_taskflow_api_etl']) retrieved from /home/airflow/.local/lib/python3.6/site-packages/airflow/example_dags/tutorial_taskflow_api_etl.py
[2021-07-19 00:09:53,706] {logging_mixin.py:104} INFO - [2021-07-19 00:09:53,706] {dag.py:1833} INFO - Sync 1 DAGs
[2021-07-19 00:09:53,721] {logging_mixin.py:104} INFO - [2021-07-19 00:09:53,721] {dag.py:2306} INFO - Setting next_dagrun for tutorial_taskflow_api_etl to None
[2021-07-19 00:09:53,835] {scheduler_job.py:189} INFO - Processing /home/airflow/.local/lib/python3.6/site-packages/airflow/example_dags/tutorial_taskflow_api_etl.py took 1.166 seconds
[2021-07-19 00:10:24,427] {scheduler_job.py:181} INFO - Started process (PID=1681) to work on /home/airflow/.local/lib/python3.6/site-packages/airflow/example_dags/tutorial_taskflow_api_etl.py
[2021-07-19 00:10:24,429] {scheduler_job.py:632} INFO - Processing file /home/airflow/.local/lib/python3.6/site-packages/airflow/example_dags/tutorial_taskflow_api_etl.py for tasks to queue
[2021-07-19 00:10:24,431] {logging_mixin.py:104} INFO - [2021-07-19 00:10:24,430] {dagbag.py:496} INFO - Filling up the DagBag from /home/airflow/.local/lib/python3.6/site-packages/airflow/example_dags/tutorial_taskflow_api_etl.py
[2021-07-19 00:10:24,457] {scheduler_job.py:642} INFO - DAG(s) dict_keys(['tutorial_taskflow_api_etl']) retrieved from /home/airflow/.local/lib/python3.6/site-packages/airflow/example_dags/tutorial_taskflow_api_etl.py
[2021-07-19 00:10:24,799] {logging_mixin.py:104} INFO - [2021-07-19 00:10:24,798] {dag.py:1833} INFO - Sync 1 DAGs
[2021-07-19 00:10:24,819] {logging_mixin.py:104} INFO - [2021-07-19 00:10:24,819] {dag.py:2306} INFO - Setting next_dagrun for tutorial_taskflow_api_etl to None
[2021-07-19 00:10:25,023] {scheduler_job.py:189} INFO - Processing /home/airflow/.local/lib/python3.6/site-packages/airflow/example_dags/tutorial_taskflow_api_etl.py took 0.600 seconds
[2021-07-19 00:10:55,460] {scheduler_job.py:181} INFO - Started process (PID=1747) to work on /home/airflow/.local/lib/python3.6/site-packages/airflow/example_dags/tutorial_taskflow_api_etl.py
[2021-07-19 00:10:55,462] {scheduler_job.py:632} INFO - Processing file /home/airflow/.local/lib/python3.6/site-packages/airflow/example_dags/tutorial_taskflow_api_etl.py for tasks to queue
[2021-07-19 00:10:55,466] {logging_mixin.py:104} INFO - [2021-07-19 00:10:55,466] {dagbag.py:496} INFO - Filling up the DagBag from /home/airflow/.local/lib/python3.6/site-packages/airflow/example_dags/tutorial_taskflow_api_etl.py
[2021-07-19 00:10:55,496] {scheduler_job.py:642} INFO - DAG(s) dict_keys(['tutorial_taskflow_api_etl']) retrieved from /home/airflow/.local/lib/python3.6/site-packages/airflow/example_dags/tutorial_taskflow_api_etl.py
[2021-07-19 00:10:55,793] {logging_mixin.py:104} INFO - [2021-07-19 00:10:55,793] {dag.py:1833} INFO - Sync 1 DAGs
[2021-07-19 00:10:55,815] {logging_mixin.py:104} INFO - [2021-07-19 00:10:55,815] {dag.py:2306} INFO - Setting next_dagrun for tutorial_taskflow_api_etl to None
[2021-07-19 00:10:56,113] {scheduler_job.py:189} INFO - Processing /home/airflow/.local/lib/python3.6/site-packages/airflow/example_dags/tutorial_taskflow_api_etl.py took 0.662 seconds
[2021-07-19 00:11:26,718] {scheduler_job.py:181} INFO - Started process (PID=1804) to work on /home/airflow/.local/lib/python3.6/site-packages/airflow/example_dags/tutorial_taskflow_api_etl.py
[2021-07-19 00:11:26,722] {scheduler_job.py:632} INFO - Processing file /home/airflow/.local/lib/python3.6/site-packages/airflow/example_dags/tutorial_taskflow_api_etl.py for tasks to queue
[2021-07-19 00:11:26,724] {logging_mixin.py:104} INFO - [2021-07-19 00:11:26,724] {dagbag.py:496} INFO - Filling up the DagBag from /home/airflow/.local/lib/python3.6/site-packages/airflow/example_dags/tutorial_taskflow_api_etl.py
[2021-07-19 00:11:26,768] {scheduler_job.py:642} INFO - DAG(s) dict_keys(['tutorial_taskflow_api_etl']) retrieved from /home/airflow/.local/lib/python3.6/site-packages/airflow/example_dags/tutorial_taskflow_api_etl.py
[2021-07-19 00:11:27,088] {logging_mixin.py:104} INFO - [2021-07-19 00:11:27,088] {dag.py:1833} INFO - Sync 1 DAGs
[2021-07-19 00:11:27,108] {logging_mixin.py:104} INFO - [2021-07-19 00:11:27,108] {dag.py:2306} INFO - Setting next_dagrun for tutorial_taskflow_api_etl to None
[2021-07-19 00:11:27,266] {scheduler_job.py:189} INFO - Processing /home/airflow/.local/lib/python3.6/site-packages/airflow/example_dags/tutorial_taskflow_api_etl.py took 0.554 seconds
[2021-07-19 00:11:57,525] {scheduler_job.py:181} INFO - Started process (PID=1863) to work on /home/airflow/.local/lib/python3.6/site-packages/airflow/example_dags/tutorial_taskflow_api_etl.py
[2021-07-19 00:11:57,530] {scheduler_job.py:632} INFO - Processing file /home/airflow/.local/lib/python3.6/site-packages/airflow/example_dags/tutorial_taskflow_api_etl.py for tasks to queue
[2021-07-19 00:11:57,533] {logging_mixin.py:104} INFO - [2021-07-19 00:11:57,532] {dagbag.py:496} INFO - Filling up the DagBag from /home/airflow/.local/lib/python3.6/site-packages/airflow/example_dags/tutorial_taskflow_api_etl.py
[2021-07-19 00:11:57,563] {scheduler_job.py:642} INFO - DAG(s) dict_keys(['tutorial_taskflow_api_etl']) retrieved from /home/airflow/.local/lib/python3.6/site-packages/airflow/example_dags/tutorial_taskflow_api_etl.py
[2021-07-19 00:11:57,860] {logging_mixin.py:104} INFO - [2021-07-19 00:11:57,860] {dag.py:1833} INFO - Sync 1 DAGs
[2021-07-19 00:11:57,877] {logging_mixin.py:104} INFO - [2021-07-19 00:11:57,877] {dag.py:2306} INFO - Setting next_dagrun for tutorial_taskflow_api_etl to None
[2021-07-19 00:11:58,075] {scheduler_job.py:189} INFO - Processing /home/airflow/.local/lib/python3.6/site-packages/airflow/example_dags/tutorial_taskflow_api_etl.py took 0.566 seconds
[2021-07-19 00:12:28,435] {scheduler_job.py:181} INFO - Started process (PID=1929) to work on /home/airflow/.local/lib/python3.6/site-packages/airflow/example_dags/tutorial_taskflow_api_etl.py
[2021-07-19 00:12:28,438] {scheduler_job.py:632} INFO - Processing file /home/airflow/.local/lib/python3.6/site-packages/airflow/example_dags/tutorial_taskflow_api_etl.py for tasks to queue
[2021-07-19 00:12:28,439] {logging_mixin.py:104} INFO - [2021-07-19 00:12:28,439] {dagbag.py:496} INFO - Filling up the DagBag from /home/airflow/.local/lib/python3.6/site-packages/airflow/example_dags/tutorial_taskflow_api_etl.py
[2021-07-19 00:12:28,462] {scheduler_job.py:642} INFO - DAG(s) dict_keys(['tutorial_taskflow_api_etl']) retrieved from /home/airflow/.local/lib/python3.6/site-packages/airflow/example_dags/tutorial_taskflow_api_etl.py
[2021-07-19 00:12:28,787] {logging_mixin.py:104} INFO - [2021-07-19 00:12:28,787] {dag.py:1833} INFO - Sync 1 DAGs
[2021-07-19 00:12:28,804] {logging_mixin.py:104} INFO - [2021-07-19 00:12:28,804] {dag.py:2306} INFO - Setting next_dagrun for tutorial_taskflow_api_etl to None
[2021-07-19 00:12:28,989] {scheduler_job.py:189} INFO - Processing /home/airflow/.local/lib/python3.6/site-packages/airflow/example_dags/tutorial_taskflow_api_etl.py took 0.559 seconds
[2021-07-19 00:12:59,192] {scheduler_job.py:181} INFO - Started process (PID=1987) to work on /home/airflow/.local/lib/python3.6/site-packages/airflow/example_dags/tutorial_taskflow_api_etl.py
[2021-07-19 00:12:59,195] {scheduler_job.py:632} INFO - Processing file /home/airflow/.local/lib/python3.6/site-packages/airflow/example_dags/tutorial_taskflow_api_etl.py for tasks to queue
[2021-07-19 00:12:59,197] {logging_mixin.py:104} INFO - [2021-07-19 00:12:59,197] {dagbag.py:496} INFO - Filling up the DagBag from /home/airflow/.local/lib/python3.6/site-packages/airflow/example_dags/tutorial_taskflow_api_etl.py
[2021-07-19 00:12:59,233] {scheduler_job.py:642} INFO - DAG(s) dict_keys(['tutorial_taskflow_api_etl']) retrieved from /home/airflow/.local/lib/python3.6/site-packages/airflow/example_dags/tutorial_taskflow_api_etl.py
[2021-07-19 00:12:59,677] {logging_mixin.py:104} INFO - [2021-07-19 00:12:59,677] {dag.py:1833} INFO - Sync 1 DAGs
[2021-07-19 00:12:59,711] {logging_mixin.py:104} INFO - [2021-07-19 00:12:59,710] {dag.py:2306} INFO - Setting next_dagrun for tutorial_taskflow_api_etl to None
[2021-07-19 00:12:59,837] {scheduler_job.py:189} INFO - Processing /home/airflow/.local/lib/python3.6/site-packages/airflow/example_dags/tutorial_taskflow_api_etl.py took 0.662 seconds
[2021-07-19 00:13:29,990] {scheduler_job.py:181} INFO - Started process (PID=2050) to work on /home/airflow/.local/lib/python3.6/site-packages/airflow/example_dags/tutorial_taskflow_api_etl.py
[2021-07-19 00:13:29,993] {scheduler_job.py:632} INFO - Processing file /home/airflow/.local/lib/python3.6/site-packages/airflow/example_dags/tutorial_taskflow_api_etl.py for tasks to queue
[2021-07-19 00:13:29,994] {logging_mixin.py:104} INFO - [2021-07-19 00:13:29,994] {dagbag.py:496} INFO - Filling up the DagBag from /home/airflow/.local/lib/python3.6/site-packages/airflow/example_dags/tutorial_taskflow_api_etl.py
[2021-07-19 00:13:30,016] {scheduler_job.py:642} INFO - DAG(s) dict_keys(['tutorial_taskflow_api_etl']) retrieved from /home/airflow/.local/lib/python3.6/site-packages/airflow/example_dags/tutorial_taskflow_api_etl.py
[2021-07-19 00:13:30,282] {logging_mixin.py:104} INFO - [2021-07-19 00:13:30,282] {dag.py:1833} INFO - Sync 1 DAGs
[2021-07-19 00:13:30,306] {logging_mixin.py:104} INFO - [2021-07-19 00:13:30,305] {dag.py:2306} INFO - Setting next_dagrun for tutorial_taskflow_api_etl to None
[2021-07-19 00:13:30,380] {scheduler_job.py:189} INFO - Processing /home/airflow/.local/lib/python3.6/site-packages/airflow/example_dags/tutorial_taskflow_api_etl.py took 0.394 seconds
[2021-07-19 00:14:00,693] {scheduler_job.py:181} INFO - Started process (PID=2116) to work on /home/airflow/.local/lib/python3.6/site-packages/airflow/example_dags/tutorial_taskflow_api_etl.py
[2021-07-19 00:14:00,696] {scheduler_job.py:632} INFO - Processing file /home/airflow/.local/lib/python3.6/site-packages/airflow/example_dags/tutorial_taskflow_api_etl.py for tasks to queue
[2021-07-19 00:14:00,698] {logging_mixin.py:104} INFO - [2021-07-19 00:14:00,698] {dagbag.py:496} INFO - Filling up the DagBag from /home/airflow/.local/lib/python3.6/site-packages/airflow/example_dags/tutorial_taskflow_api_etl.py
[2021-07-19 00:14:00,731] {scheduler_job.py:642} INFO - DAG(s) dict_keys(['tutorial_taskflow_api_etl']) retrieved from /home/airflow/.local/lib/python3.6/site-packages/airflow/example_dags/tutorial_taskflow_api_etl.py
[2021-07-19 00:14:03,235] {logging_mixin.py:104} INFO - [2021-07-19 00:14:03,235] {dag.py:1833} INFO - Sync 1 DAGs
[2021-07-19 00:14:06,919] {logging_mixin.py:104} INFO - [2021-07-19 00:14:06,918] {dag.py:2306} INFO - Setting next_dagrun for tutorial_taskflow_api_etl to None
[2021-07-19 00:14:08,057] {scheduler_job.py:189} INFO - Processing /home/airflow/.local/lib/python3.6/site-packages/airflow/example_dags/tutorial_taskflow_api_etl.py took 7.368 seconds
[2021-07-19 00:14:38,414] {scheduler_job.py:181} INFO - Started process (PID=2176) to work on /home/airflow/.local/lib/python3.6/site-packages/airflow/example_dags/tutorial_taskflow_api_etl.py
[2021-07-19 00:14:38,522] {scheduler_job.py:632} INFO - Processing file /home/airflow/.local/lib/python3.6/site-packages/airflow/example_dags/tutorial_taskflow_api_etl.py for tasks to queue
[2021-07-19 00:14:38,523] {logging_mixin.py:104} INFO - [2021-07-19 00:14:38,523] {dagbag.py:496} INFO - Filling up the DagBag from /home/airflow/.local/lib/python3.6/site-packages/airflow/example_dags/tutorial_taskflow_api_etl.py
[2021-07-19 00:14:38,540] {scheduler_job.py:642} INFO - DAG(s) dict_keys(['tutorial_taskflow_api_etl']) retrieved from /home/airflow/.local/lib/python3.6/site-packages/airflow/example_dags/tutorial_taskflow_api_etl.py
[2021-07-19 00:14:38,921] {logging_mixin.py:104} INFO - [2021-07-19 00:14:38,921] {dag.py:1833} INFO - Sync 1 DAGs
[2021-07-19 00:14:38,946] {logging_mixin.py:104} INFO - [2021-07-19 00:14:38,946] {dag.py:2306} INFO - Setting next_dagrun for tutorial_taskflow_api_etl to None
[2021-07-19 00:14:39,591] {scheduler_job.py:189} INFO - Processing /home/airflow/.local/lib/python3.6/site-packages/airflow/example_dags/tutorial_taskflow_api_etl.py took 1.182 seconds
[2021-07-19 00:15:09,977] {scheduler_job.py:181} INFO - Started process (PID=2233) to work on /home/airflow/.local/lib/python3.6/site-packages/airflow/example_dags/tutorial_taskflow_api_etl.py
[2021-07-19 00:15:09,980] {scheduler_job.py:632} INFO - Processing file /home/airflow/.local/lib/python3.6/site-packages/airflow/example_dags/tutorial_taskflow_api_etl.py for tasks to queue
[2021-07-19 00:15:09,981] {logging_mixin.py:104} INFO - [2021-07-19 00:15:09,981] {dagbag.py:496} INFO - Filling up the DagBag from /home/airflow/.local/lib/python3.6/site-packages/airflow/example_dags/tutorial_taskflow_api_etl.py
[2021-07-19 00:15:10,000] {scheduler_job.py:642} INFO - DAG(s) dict_keys(['tutorial_taskflow_api_etl']) retrieved from /home/airflow/.local/lib/python3.6/site-packages/airflow/example_dags/tutorial_taskflow_api_etl.py
[2021-07-19 00:15:10,262] {logging_mixin.py:104} INFO - [2021-07-19 00:15:10,262] {dag.py:1833} INFO - Sync 1 DAGs
[2021-07-19 00:15:10,279] {logging_mixin.py:104} INFO - [2021-07-19 00:15:10,278] {dag.py:2306} INFO - Setting next_dagrun for tutorial_taskflow_api_etl to None
[2021-07-19 00:15:10,328] {scheduler_job.py:189} INFO - Processing /home/airflow/.local/lib/python3.6/site-packages/airflow/example_dags/tutorial_taskflow_api_etl.py took 0.355 seconds
[2021-07-19 00:15:41,183] {scheduler_job.py:181} INFO - Started process (PID=2300) to work on /home/airflow/.local/lib/python3.6/site-packages/airflow/example_dags/tutorial_taskflow_api_etl.py
[2021-07-19 00:15:41,185] {scheduler_job.py:632} INFO - Processing file /home/airflow/.local/lib/python3.6/site-packages/airflow/example_dags/tutorial_taskflow_api_etl.py for tasks to queue
[2021-07-19 00:15:41,186] {logging_mixin.py:104} INFO - [2021-07-19 00:15:41,186] {dagbag.py:496} INFO - Filling up the DagBag from /home/airflow/.local/lib/python3.6/site-packages/airflow/example_dags/tutorial_taskflow_api_etl.py
[2021-07-19 00:15:41,206] {scheduler_job.py:642} INFO - DAG(s) dict_keys(['tutorial_taskflow_api_etl']) retrieved from /home/airflow/.local/lib/python3.6/site-packages/airflow/example_dags/tutorial_taskflow_api_etl.py
[2021-07-19 00:15:41,503] {logging_mixin.py:104} INFO - [2021-07-19 00:15:41,503] {dag.py:1833} INFO - Sync 1 DAGs
[2021-07-19 00:15:41,518] {logging_mixin.py:104} INFO - [2021-07-19 00:15:41,518] {dag.py:2306} INFO - Setting next_dagrun for tutorial_taskflow_api_etl to None
[2021-07-19 00:15:41,572] {scheduler_job.py:189} INFO - Processing /home/airflow/.local/lib/python3.6/site-packages/airflow/example_dags/tutorial_taskflow_api_etl.py took 0.393 seconds
[2021-07-19 00:16:11,694] {scheduler_job.py:181} INFO - Started process (PID=2358) to work on /home/airflow/.local/lib/python3.6/site-packages/airflow/example_dags/tutorial_taskflow_api_etl.py
[2021-07-19 00:16:11,696] {scheduler_job.py:632} INFO - Processing file /home/airflow/.local/lib/python3.6/site-packages/airflow/example_dags/tutorial_taskflow_api_etl.py for tasks to queue
[2021-07-19 00:16:11,698] {logging_mixin.py:104} INFO - [2021-07-19 00:16:11,698] {dagbag.py:496} INFO - Filling up the DagBag from /home/airflow/.local/lib/python3.6/site-packages/airflow/example_dags/tutorial_taskflow_api_etl.py
[2021-07-19 00:16:11,728] {scheduler_job.py:642} INFO - DAG(s) dict_keys(['tutorial_taskflow_api_etl']) retrieved from /home/airflow/.local/lib/python3.6/site-packages/airflow/example_dags/tutorial_taskflow_api_etl.py
[2021-07-19 00:16:11,761] {logging_mixin.py:104} INFO - [2021-07-19 00:16:11,761] {dag.py:1833} INFO - Sync 1 DAGs
[2021-07-19 00:16:11,780] {logging_mixin.py:104} INFO - [2021-07-19 00:16:11,780] {dag.py:2306} INFO - Setting next_dagrun for tutorial_taskflow_api_etl to None
[2021-07-19 00:16:11,858] {scheduler_job.py:189} INFO - Processing /home/airflow/.local/lib/python3.6/site-packages/airflow/example_dags/tutorial_taskflow_api_etl.py took 0.170 seconds
[2021-07-19 00:16:42,061] {scheduler_job.py:181} INFO - Started process (PID=2414) to work on /home/airflow/.local/lib/python3.6/site-packages/airflow/example_dags/tutorial_taskflow_api_etl.py
[2021-07-19 00:16:42,064] {scheduler_job.py:632} INFO - Processing file /home/airflow/.local/lib/python3.6/site-packages/airflow/example_dags/tutorial_taskflow_api_etl.py for tasks to queue
[2021-07-19 00:16:42,066] {logging_mixin.py:104} INFO - [2021-07-19 00:16:42,066] {dagbag.py:496} INFO - Filling up the DagBag from /home/airflow/.local/lib/python3.6/site-packages/airflow/example_dags/tutorial_taskflow_api_etl.py
[2021-07-19 00:16:42,094] {scheduler_job.py:642} INFO - DAG(s) dict_keys(['tutorial_taskflow_api_etl']) retrieved from /home/airflow/.local/lib/python3.6/site-packages/airflow/example_dags/tutorial_taskflow_api_etl.py
[2021-07-19 00:16:42,420] {logging_mixin.py:104} INFO - [2021-07-19 00:16:42,420] {dag.py:1833} INFO - Sync 1 DAGs
[2021-07-19 00:16:42,438] {logging_mixin.py:104} INFO - [2021-07-19 00:16:42,438] {dag.py:2306} INFO - Setting next_dagrun for tutorial_taskflow_api_etl to None
[2021-07-19 00:16:42,562] {scheduler_job.py:189} INFO - Processing /home/airflow/.local/lib/python3.6/site-packages/airflow/example_dags/tutorial_taskflow_api_etl.py took 0.505 seconds
[2021-07-19 00:17:13,205] {scheduler_job.py:181} INFO - Started process (PID=2483) to work on /home/airflow/.local/lib/python3.6/site-packages/airflow/example_dags/tutorial_taskflow_api_etl.py
[2021-07-19 00:17:13,212] {scheduler_job.py:632} INFO - Processing file /home/airflow/.local/lib/python3.6/site-packages/airflow/example_dags/tutorial_taskflow_api_etl.py for tasks to queue
[2021-07-19 00:17:13,217] {logging_mixin.py:104} INFO - [2021-07-19 00:17:13,217] {dagbag.py:496} INFO - Filling up the DagBag from /home/airflow/.local/lib/python3.6/site-packages/airflow/example_dags/tutorial_taskflow_api_etl.py
[2021-07-19 00:17:13,274] {scheduler_job.py:642} INFO - DAG(s) dict_keys(['tutorial_taskflow_api_etl']) retrieved from /home/airflow/.local/lib/python3.6/site-packages/airflow/example_dags/tutorial_taskflow_api_etl.py
[2021-07-19 00:17:13,749] {logging_mixin.py:104} INFO - [2021-07-19 00:17:13,749] {dag.py:1833} INFO - Sync 1 DAGs
[2021-07-19 00:17:13,785] {logging_mixin.py:104} INFO - [2021-07-19 00:17:13,785] {dag.py:2306} INFO - Setting next_dagrun for tutorial_taskflow_api_etl to None
[2021-07-19 00:17:14,892] {scheduler_job.py:189} INFO - Processing /home/airflow/.local/lib/python3.6/site-packages/airflow/example_dags/tutorial_taskflow_api_etl.py took 1.691 seconds
[2021-07-19 00:17:45,409] {scheduler_job.py:181} INFO - Started process (PID=2542) to work on /home/airflow/.local/lib/python3.6/site-packages/airflow/example_dags/tutorial_taskflow_api_etl.py
[2021-07-19 00:17:45,416] {scheduler_job.py:632} INFO - Processing file /home/airflow/.local/lib/python3.6/site-packages/airflow/example_dags/tutorial_taskflow_api_etl.py for tasks to queue
[2021-07-19 00:17:45,417] {logging_mixin.py:104} INFO - [2021-07-19 00:17:45,417] {dagbag.py:496} INFO - Filling up the DagBag from /home/airflow/.local/lib/python3.6/site-packages/airflow/example_dags/tutorial_taskflow_api_etl.py
[2021-07-19 00:17:45,448] {scheduler_job.py:642} INFO - DAG(s) dict_keys(['tutorial_taskflow_api_etl']) retrieved from /home/airflow/.local/lib/python3.6/site-packages/airflow/example_dags/tutorial_taskflow_api_etl.py
[2021-07-19 00:17:45,832] {logging_mixin.py:104} INFO - [2021-07-19 00:17:45,832] {dag.py:1833} INFO - Sync 1 DAGs
[2021-07-19 00:17:45,852] {logging_mixin.py:104} INFO - [2021-07-19 00:17:45,851] {dag.py:2306} INFO - Setting next_dagrun for tutorial_taskflow_api_etl to None
[2021-07-19 00:17:46,000] {scheduler_job.py:189} INFO - Processing /home/airflow/.local/lib/python3.6/site-packages/airflow/example_dags/tutorial_taskflow_api_etl.py took 0.596 seconds
[2021-07-19 00:18:16,952] {scheduler_job.py:181} INFO - Started process (PID=2600) to work on /home/airflow/.local/lib/python3.6/site-packages/airflow/example_dags/tutorial_taskflow_api_etl.py
[2021-07-19 00:18:16,954] {scheduler_job.py:632} INFO - Processing file /home/airflow/.local/lib/python3.6/site-packages/airflow/example_dags/tutorial_taskflow_api_etl.py for tasks to queue
[2021-07-19 00:18:16,957] {logging_mixin.py:104} INFO - [2021-07-19 00:18:16,956] {dagbag.py:496} INFO - Filling up the DagBag from /home/airflow/.local/lib/python3.6/site-packages/airflow/example_dags/tutorial_taskflow_api_etl.py
[2021-07-19 00:18:17,011] {scheduler_job.py:642} INFO - DAG(s) dict_keys(['tutorial_taskflow_api_etl']) retrieved from /home/airflow/.local/lib/python3.6/site-packages/airflow/example_dags/tutorial_taskflow_api_etl.py
[2021-07-19 00:18:17,376] {logging_mixin.py:104} INFO - [2021-07-19 00:18:17,375] {dag.py:1833} INFO - Sync 1 DAGs
[2021-07-19 00:18:17,396] {logging_mixin.py:104} INFO - [2021-07-19 00:18:17,396] {dag.py:2306} INFO - Setting next_dagrun for tutorial_taskflow_api_etl to None
[2021-07-19 00:18:17,846] {scheduler_job.py:189} INFO - Processing /home/airflow/.local/lib/python3.6/site-packages/airflow/example_dags/tutorial_taskflow_api_etl.py took 0.899 seconds
[2021-07-19 00:18:48,910] {scheduler_job.py:181} INFO - Started process (PID=2656) to work on /home/airflow/.local/lib/python3.6/site-packages/airflow/example_dags/tutorial_taskflow_api_etl.py
[2021-07-19 00:18:48,914] {scheduler_job.py:632} INFO - Processing file /home/airflow/.local/lib/python3.6/site-packages/airflow/example_dags/tutorial_taskflow_api_etl.py for tasks to queue
[2021-07-19 00:18:48,915] {logging_mixin.py:104} INFO - [2021-07-19 00:18:48,915] {dagbag.py:496} INFO - Filling up the DagBag from /home/airflow/.local/lib/python3.6/site-packages/airflow/example_dags/tutorial_taskflow_api_etl.py
[2021-07-19 00:18:48,941] {scheduler_job.py:642} INFO - DAG(s) dict_keys(['tutorial_taskflow_api_etl']) retrieved from /home/airflow/.local/lib/python3.6/site-packages/airflow/example_dags/tutorial_taskflow_api_etl.py
[2021-07-19 00:18:49,255] {logging_mixin.py:104} INFO - [2021-07-19 00:18:49,255] {dag.py:1833} INFO - Sync 1 DAGs
[2021-07-19 00:18:49,276] {logging_mixin.py:104} INFO - [2021-07-19 00:18:49,276] {dag.py:2306} INFO - Setting next_dagrun for tutorial_taskflow_api_etl to None
[2021-07-19 00:18:49,601] {scheduler_job.py:189} INFO - Processing /home/airflow/.local/lib/python3.6/site-packages/airflow/example_dags/tutorial_taskflow_api_etl.py took 0.695 seconds
[2021-07-19 00:19:20,297] {scheduler_job.py:181} INFO - Started process (PID=2711) to work on /home/airflow/.local/lib/python3.6/site-packages/airflow/example_dags/tutorial_taskflow_api_etl.py
[2021-07-19 00:19:20,299] {scheduler_job.py:632} INFO - Processing file /home/airflow/.local/lib/python3.6/site-packages/airflow/example_dags/tutorial_taskflow_api_etl.py for tasks to queue
[2021-07-19 00:19:20,300] {logging_mixin.py:104} INFO - [2021-07-19 00:19:20,300] {dagbag.py:496} INFO - Filling up the DagBag from /home/airflow/.local/lib/python3.6/site-packages/airflow/example_dags/tutorial_taskflow_api_etl.py
[2021-07-19 00:19:20,320] {scheduler_job.py:642} INFO - DAG(s) dict_keys(['tutorial_taskflow_api_etl']) retrieved from /home/airflow/.local/lib/python3.6/site-packages/airflow/example_dags/tutorial_taskflow_api_etl.py
[2021-07-19 00:19:20,649] {logging_mixin.py:104} INFO - [2021-07-19 00:19:20,649] {dag.py:1833} INFO - Sync 1 DAGs
[2021-07-19 00:19:20,671] {logging_mixin.py:104} INFO - [2021-07-19 00:19:20,671] {dag.py:2306} INFO - Setting next_dagrun for tutorial_taskflow_api_etl to None
[2021-07-19 00:19:21,138] {scheduler_job.py:189} INFO - Processing /home/airflow/.local/lib/python3.6/site-packages/airflow/example_dags/tutorial_taskflow_api_etl.py took 0.845 seconds
[2021-07-19 00:19:51,245] {scheduler_job.py:181} INFO - Started process (PID=2779) to work on /home/airflow/.local/lib/python3.6/site-packages/airflow/example_dags/tutorial_taskflow_api_etl.py
[2021-07-19 00:19:51,248] {scheduler_job.py:632} INFO - Processing file /home/airflow/.local/lib/python3.6/site-packages/airflow/example_dags/tutorial_taskflow_api_etl.py for tasks to queue
[2021-07-19 00:19:51,249] {logging_mixin.py:104} INFO - [2021-07-19 00:19:51,249] {dagbag.py:496} INFO - Filling up the DagBag from /home/airflow/.local/lib/python3.6/site-packages/airflow/example_dags/tutorial_taskflow_api_etl.py
[2021-07-19 00:19:51,273] {scheduler_job.py:642} INFO - DAG(s) dict_keys(['tutorial_taskflow_api_etl']) retrieved from /home/airflow/.local/lib/python3.6/site-packages/airflow/example_dags/tutorial_taskflow_api_etl.py
[2021-07-19 00:19:51,302] {logging_mixin.py:104} INFO - [2021-07-19 00:19:51,302] {dag.py:1833} INFO - Sync 1 DAGs
[2021-07-19 00:19:51,325] {logging_mixin.py:104} INFO - [2021-07-19 00:19:51,325] {dag.py:2306} INFO - Setting next_dagrun for tutorial_taskflow_api_etl to None
[2021-07-19 00:19:51,752] {scheduler_job.py:189} INFO - Processing /home/airflow/.local/lib/python3.6/site-packages/airflow/example_dags/tutorial_taskflow_api_etl.py took 0.511 seconds
[2021-07-19 00:20:22,684] {scheduler_job.py:181} INFO - Started process (PID=2838) to work on /home/airflow/.local/lib/python3.6/site-packages/airflow/example_dags/tutorial_taskflow_api_etl.py
[2021-07-19 00:20:22,686] {scheduler_job.py:632} INFO - Processing file /home/airflow/.local/lib/python3.6/site-packages/airflow/example_dags/tutorial_taskflow_api_etl.py for tasks to queue
[2021-07-19 00:20:22,688] {logging_mixin.py:104} INFO - [2021-07-19 00:20:22,688] {dagbag.py:496} INFO - Filling up the DagBag from /home/airflow/.local/lib/python3.6/site-packages/airflow/example_dags/tutorial_taskflow_api_etl.py
[2021-07-19 00:20:22,719] {scheduler_job.py:642} INFO - DAG(s) dict_keys(['tutorial_taskflow_api_etl']) retrieved from /home/airflow/.local/lib/python3.6/site-packages/airflow/example_dags/tutorial_taskflow_api_etl.py
[2021-07-19 00:20:23,019] {logging_mixin.py:104} INFO - [2021-07-19 00:20:23,019] {dag.py:1833} INFO - Sync 1 DAGs
[2021-07-19 00:20:23,038] {logging_mixin.py:104} INFO - [2021-07-19 00:20:23,038] {dag.py:2306} INFO - Setting next_dagrun for tutorial_taskflow_api_etl to None
[2021-07-19 00:20:23,270] {scheduler_job.py:189} INFO - Processing /home/airflow/.local/lib/python3.6/site-packages/airflow/example_dags/tutorial_taskflow_api_etl.py took 0.593 seconds
[2021-07-19 00:20:53,474] {scheduler_job.py:181} INFO - Started process (PID=2895) to work on /home/airflow/.local/lib/python3.6/site-packages/airflow/example_dags/tutorial_taskflow_api_etl.py
[2021-07-19 00:20:53,476] {scheduler_job.py:632} INFO - Processing file /home/airflow/.local/lib/python3.6/site-packages/airflow/example_dags/tutorial_taskflow_api_etl.py for tasks to queue
[2021-07-19 00:20:53,478] {logging_mixin.py:104} INFO - [2021-07-19 00:20:53,477] {dagbag.py:496} INFO - Filling up the DagBag from /home/airflow/.local/lib/python3.6/site-packages/airflow/example_dags/tutorial_taskflow_api_etl.py
[2021-07-19 00:20:53,504] {scheduler_job.py:642} INFO - DAG(s) dict_keys(['tutorial_taskflow_api_etl']) retrieved from /home/airflow/.local/lib/python3.6/site-packages/airflow/example_dags/tutorial_taskflow_api_etl.py
[2021-07-19 00:20:53,537] {logging_mixin.py:104} INFO - [2021-07-19 00:20:53,537] {dag.py:1833} INFO - Sync 1 DAGs
[2021-07-19 00:20:53,563] {logging_mixin.py:104} INFO - [2021-07-19 00:20:53,563] {dag.py:2306} INFO - Setting next_dagrun for tutorial_taskflow_api_etl to None
[2021-07-19 00:20:54,318] {scheduler_job.py:189} INFO - Processing /home/airflow/.local/lib/python3.6/site-packages/airflow/example_dags/tutorial_taskflow_api_etl.py took 0.848 seconds
[2021-07-19 00:21:24,946] {scheduler_job.py:181} INFO - Started process (PID=2951) to work on /home/airflow/.local/lib/python3.6/site-packages/airflow/example_dags/tutorial_taskflow_api_etl.py
[2021-07-19 00:21:24,947] {scheduler_job.py:632} INFO - Processing file /home/airflow/.local/lib/python3.6/site-packages/airflow/example_dags/tutorial_taskflow_api_etl.py for tasks to queue
[2021-07-19 00:21:24,949] {logging_mixin.py:104} INFO - [2021-07-19 00:21:24,949] {dagbag.py:496} INFO - Filling up the DagBag from /home/airflow/.local/lib/python3.6/site-packages/airflow/example_dags/tutorial_taskflow_api_etl.py
[2021-07-19 00:21:24,968] {scheduler_job.py:642} INFO - DAG(s) dict_keys(['tutorial_taskflow_api_etl']) retrieved from /home/airflow/.local/lib/python3.6/site-packages/airflow/example_dags/tutorial_taskflow_api_etl.py
[2021-07-19 00:21:25,359] {logging_mixin.py:104} INFO - [2021-07-19 00:21:25,359] {dag.py:1833} INFO - Sync 1 DAGs
[2021-07-19 00:21:25,375] {logging_mixin.py:104} INFO - [2021-07-19 00:21:25,375] {dag.py:2306} INFO - Setting next_dagrun for tutorial_taskflow_api_etl to None
[2021-07-19 00:21:25,680] {scheduler_job.py:189} INFO - Processing /home/airflow/.local/lib/python3.6/site-packages/airflow/example_dags/tutorial_taskflow_api_etl.py took 0.738 seconds
[2021-07-19 00:21:56,289] {scheduler_job.py:181} INFO - Started process (PID=3007) to work on /home/airflow/.local/lib/python3.6/site-packages/airflow/example_dags/tutorial_taskflow_api_etl.py
[2021-07-19 00:21:56,291] {scheduler_job.py:632} INFO - Processing file /home/airflow/.local/lib/python3.6/site-packages/airflow/example_dags/tutorial_taskflow_api_etl.py for tasks to queue
[2021-07-19 00:21:56,292] {logging_mixin.py:104} INFO - [2021-07-19 00:21:56,292] {dagbag.py:496} INFO - Filling up the DagBag from /home/airflow/.local/lib/python3.6/site-packages/airflow/example_dags/tutorial_taskflow_api_etl.py
[2021-07-19 00:21:56,345] {scheduler_job.py:642} INFO - DAG(s) dict_keys(['tutorial_taskflow_api_etl']) retrieved from /home/airflow/.local/lib/python3.6/site-packages/airflow/example_dags/tutorial_taskflow_api_etl.py
[2021-07-19 00:21:56,706] {logging_mixin.py:104} INFO - [2021-07-19 00:21:56,706] {dag.py:1833} INFO - Sync 1 DAGs
[2021-07-19 00:21:56,723] {logging_mixin.py:104} INFO - [2021-07-19 00:21:56,723] {dag.py:2306} INFO - Setting next_dagrun for tutorial_taskflow_api_etl to None
[2021-07-19 00:21:57,748] {scheduler_job.py:189} INFO - Processing /home/airflow/.local/lib/python3.6/site-packages/airflow/example_dags/tutorial_taskflow_api_etl.py took 1.463 seconds
[2021-07-19 00:22:27,935] {scheduler_job.py:181} INFO - Started process (PID=3074) to work on /home/airflow/.local/lib/python3.6/site-packages/airflow/example_dags/tutorial_taskflow_api_etl.py
[2021-07-19 00:22:27,937] {scheduler_job.py:632} INFO - Processing file /home/airflow/.local/lib/python3.6/site-packages/airflow/example_dags/tutorial_taskflow_api_etl.py for tasks to queue
[2021-07-19 00:22:27,938] {logging_mixin.py:104} INFO - [2021-07-19 00:22:27,938] {dagbag.py:496} INFO - Filling up the DagBag from /home/airflow/.local/lib/python3.6/site-packages/airflow/example_dags/tutorial_taskflow_api_etl.py
[2021-07-19 00:22:27,982] {scheduler_job.py:642} INFO - DAG(s) dict_keys(['tutorial_taskflow_api_etl']) retrieved from /home/airflow/.local/lib/python3.6/site-packages/airflow/example_dags/tutorial_taskflow_api_etl.py
[2021-07-19 00:22:28,399] {logging_mixin.py:104} INFO - [2021-07-19 00:22:28,399] {dag.py:1833} INFO - Sync 1 DAGs
[2021-07-19 00:22:28,421] {logging_mixin.py:104} INFO - [2021-07-19 00:22:28,421] {dag.py:2306} INFO - Setting next_dagrun for tutorial_taskflow_api_etl to None
[2021-07-19 00:22:28,678] {scheduler_job.py:189} INFO - Processing /home/airflow/.local/lib/python3.6/site-packages/airflow/example_dags/tutorial_taskflow_api_etl.py took 0.748 seconds
[2021-07-19 00:22:58,831] {scheduler_job.py:181} INFO - Started process (PID=3131) to work on /home/airflow/.local/lib/python3.6/site-packages/airflow/example_dags/tutorial_taskflow_api_etl.py
[2021-07-19 00:22:58,833] {scheduler_job.py:632} INFO - Processing file /home/airflow/.local/lib/python3.6/site-packages/airflow/example_dags/tutorial_taskflow_api_etl.py for tasks to queue
[2021-07-19 00:22:58,834] {logging_mixin.py:104} INFO - [2021-07-19 00:22:58,834] {dagbag.py:496} INFO - Filling up the DagBag from /home/airflow/.local/lib/python3.6/site-packages/airflow/example_dags/tutorial_taskflow_api_etl.py
[2021-07-19 00:22:58,856] {scheduler_job.py:642} INFO - DAG(s) dict_keys(['tutorial_taskflow_api_etl']) retrieved from /home/airflow/.local/lib/python3.6/site-packages/airflow/example_dags/tutorial_taskflow_api_etl.py
[2021-07-19 00:22:58,889] {logging_mixin.py:104} INFO - [2021-07-19 00:22:58,889] {dag.py:1833} INFO - Sync 1 DAGs
[2021-07-19 00:22:58,913] {logging_mixin.py:104} INFO - [2021-07-19 00:22:58,912] {dag.py:2306} INFO - Setting next_dagrun for tutorial_taskflow_api_etl to None
[2021-07-19 00:22:59,158] {scheduler_job.py:189} INFO - Processing /home/airflow/.local/lib/python3.6/site-packages/airflow/example_dags/tutorial_taskflow_api_etl.py took 0.331 seconds
[2021-07-19 00:23:30,490] {scheduler_job.py:181} INFO - Started process (PID=3184) to work on /home/airflow/.local/lib/python3.6/site-packages/airflow/example_dags/tutorial_taskflow_api_etl.py
[2021-07-19 00:23:30,498] {scheduler_job.py:632} INFO - Processing file /home/airflow/.local/lib/python3.6/site-packages/airflow/example_dags/tutorial_taskflow_api_etl.py for tasks to queue
[2021-07-19 00:23:30,503] {logging_mixin.py:104} INFO - [2021-07-19 00:23:30,502] {dagbag.py:496} INFO - Filling up the DagBag from /home/airflow/.local/lib/python3.6/site-packages/airflow/example_dags/tutorial_taskflow_api_etl.py
[2021-07-19 00:23:30,564] {scheduler_job.py:642} INFO - DAG(s) dict_keys(['tutorial_taskflow_api_etl']) retrieved from /home/airflow/.local/lib/python3.6/site-packages/airflow/example_dags/tutorial_taskflow_api_etl.py
[2021-07-19 00:23:30,962] {logging_mixin.py:104} INFO - [2021-07-19 00:23:30,962] {dag.py:1833} INFO - Sync 1 DAGs
[2021-07-19 00:23:31,006] {logging_mixin.py:104} INFO - [2021-07-19 00:23:31,006] {dag.py:2306} INFO - Setting next_dagrun for tutorial_taskflow_api_etl to None
[2021-07-19 00:23:32,092] {scheduler_job.py:189} INFO - Processing /home/airflow/.local/lib/python3.6/site-packages/airflow/example_dags/tutorial_taskflow_api_etl.py took 1.619 seconds
                                                                                                                                                                                                                                                                                                                                                                                                                                                                                                                                                                                                                                                                                                                                                                                                                                                                                                                                                                                                                                                                                                                                                                                                                                                                                                                                                                                                                                                                                                                                                                                                                                                                                                                                                                                                                                                                                                                                                                                                                                                                                                                                                                                                                                                                                                                                                                                                                                                                                                                                                                                                                                                                                                                                                                                                                                                                                                                                                                                                                                                                                                                                                                                                                                                                                                                                                                                                                                                                                                                                                                                                                                                                                                                                                                                                                                                                                                                                                                                                                                                                                                                                                                                                                                                                                                                                                                                                                                                                                                                                                                                                                                                                                                                                                                                                                                                                                                                                                                                                                                                                                                                                                                                                                                                                                                                                                                                                                                                                                                                                                                                                                                                                                                                                                                                                                                                                                                                                                                                                                                                                                                                                                                                                                                                                                                                                                                                                                                                                                                                                                                                                                                                                                                                                 