[2021-07-19 00:00:04,124] {scheduler_job.py:181} INFO - Started process (PID=451) to work on /home/airflow/.local/lib/python3.6/site-packages/airflow/example_dags/tutorial_etl_dag.py
[2021-07-19 00:00:04,126] {scheduler_job.py:632} INFO - Processing file /home/airflow/.local/lib/python3.6/site-packages/airflow/example_dags/tutorial_etl_dag.py for tasks to queue
[2021-07-19 00:00:04,128] {logging_mixin.py:104} INFO - [2021-07-19 00:00:04,128] {dagbag.py:496} INFO - Filling up the DagBag from /home/airflow/.local/lib/python3.6/site-packages/airflow/example_dags/tutorial_etl_dag.py
[2021-07-19 00:00:04,149] {scheduler_job.py:642} INFO - DAG(s) dict_keys(['tutorial_etl_dag']) retrieved from /home/airflow/.local/lib/python3.6/site-packages/airflow/example_dags/tutorial_etl_dag.py
[2021-07-19 00:00:04,571] {logging_mixin.py:104} INFO - [2021-07-19 00:00:04,571] {dag.py:1833} INFO - Sync 1 DAGs
[2021-07-19 00:00:04,593] {logging_mixin.py:104} INFO - [2021-07-19 00:00:04,593] {dag.py:2306} INFO - Setting next_dagrun for tutorial_etl_dag to None
[2021-07-19 00:00:04,681] {scheduler_job.py:189} INFO - Processing /home/airflow/.local/lib/python3.6/site-packages/airflow/example_dags/tutorial_etl_dag.py took 0.561 seconds
[2021-07-19 00:00:35,325] {scheduler_job.py:181} INFO - Started process (PID=521) to work on /home/airflow/.local/lib/python3.6/site-packages/airflow/example_dags/tutorial_etl_dag.py
[2021-07-19 00:00:35,328] {scheduler_job.py:632} INFO - Processing file /home/airflow/.local/lib/python3.6/site-packages/airflow/example_dags/tutorial_etl_dag.py for tasks to queue
[2021-07-19 00:00:35,329] {logging_mixin.py:104} INFO - [2021-07-19 00:00:35,329] {dagbag.py:496} INFO - Filling up the DagBag from /home/airflow/.local/lib/python3.6/site-packages/airflow/example_dags/tutorial_etl_dag.py
[2021-07-19 00:00:35,350] {scheduler_job.py:642} INFO - DAG(s) dict_keys(['tutorial_etl_dag']) retrieved from /home/airflow/.local/lib/python3.6/site-packages/airflow/example_dags/tutorial_etl_dag.py
[2021-07-19 00:00:35,384] {logging_mixin.py:104} INFO - [2021-07-19 00:00:35,384] {dag.py:1833} INFO - Sync 1 DAGs
[2021-07-19 00:00:35,412] {logging_mixin.py:104} INFO - [2021-07-19 00:00:35,412] {dag.py:2306} INFO - Setting next_dagrun for tutorial_etl_dag to None
[2021-07-19 00:00:35,503] {scheduler_job.py:189} INFO - Processing /home/airflow/.local/lib/python3.6/site-packages/airflow/example_dags/tutorial_etl_dag.py took 0.183 seconds
[2021-07-19 00:01:05,659] {scheduler_job.py:181} INFO - Started process (PID=577) to work on /home/airflow/.local/lib/python3.6/site-packages/airflow/example_dags/tutorial_etl_dag.py
[2021-07-19 00:01:05,661] {scheduler_job.py:632} INFO - Processing file /home/airflow/.local/lib/python3.6/site-packages/airflow/example_dags/tutorial_etl_dag.py for tasks to queue
[2021-07-19 00:01:05,662] {logging_mixin.py:104} INFO - [2021-07-19 00:01:05,662] {dagbag.py:496} INFO - Filling up the DagBag from /home/airflow/.local/lib/python3.6/site-packages/airflow/example_dags/tutorial_etl_dag.py
[2021-07-19 00:01:05,678] {scheduler_job.py:642} INFO - DAG(s) dict_keys(['tutorial_etl_dag']) retrieved from /home/airflow/.local/lib/python3.6/site-packages/airflow/example_dags/tutorial_etl_dag.py
[2021-07-19 00:01:05,715] {logging_mixin.py:104} INFO - [2021-07-19 00:01:05,715] {dag.py:1833} INFO - Sync 1 DAGs
[2021-07-19 00:01:05,741] {logging_mixin.py:104} INFO - [2021-07-19 00:01:05,741] {dag.py:2306} INFO - Setting next_dagrun for tutorial_etl_dag to None
[2021-07-19 00:01:06,004] {scheduler_job.py:189} INFO - Processing /home/airflow/.local/lib/python3.6/site-packages/airflow/example_dags/tutorial_etl_dag.py took 0.349 seconds
[2021-07-19 00:01:36,718] {scheduler_job.py:181} INFO - Started process (PID=646) to work on /home/airflow/.local/lib/python3.6/site-packages/airflow/example_dags/tutorial_etl_dag.py
[2021-07-19 00:01:36,721] {scheduler_job.py:632} INFO - Processing file /home/airflow/.local/lib/python3.6/site-packages/airflow/example_dags/tutorial_etl_dag.py for tasks to queue
[2021-07-19 00:01:36,723] {logging_mixin.py:104} INFO - [2021-07-19 00:01:36,722] {dagbag.py:496} INFO - Filling up the DagBag from /home/airflow/.local/lib/python3.6/site-packages/airflow/example_dags/tutorial_etl_dag.py
[2021-07-19 00:01:36,742] {scheduler_job.py:642} INFO - DAG(s) dict_keys(['tutorial_etl_dag']) retrieved from /home/airflow/.local/lib/python3.6/site-packages/airflow/example_dags/tutorial_etl_dag.py
[2021-07-19 00:01:36,775] {logging_mixin.py:104} INFO - [2021-07-19 00:01:36,775] {dag.py:1833} INFO - Sync 1 DAGs
[2021-07-19 00:01:36,826] {logging_mixin.py:104} INFO - [2021-07-19 00:01:36,826] {dag.py:2306} INFO - Setting next_dagrun for tutorial_etl_dag to None
[2021-07-19 00:01:36,885] {scheduler_job.py:189} INFO - Processing /home/airflow/.local/lib/python3.6/site-packages/airflow/example_dags/tutorial_etl_dag.py took 0.174 seconds
[2021-07-19 00:02:07,525] {scheduler_job.py:181} INFO - Started process (PID=702) to work on /home/airflow/.local/lib/python3.6/site-packages/airflow/example_dags/tutorial_etl_dag.py
[2021-07-19 00:02:07,530] {scheduler_job.py:632} INFO - Processing file /home/airflow/.local/lib/python3.6/site-packages/airflow/example_dags/tutorial_etl_dag.py for tasks to queue
[2021-07-19 00:02:07,532] {logging_mixin.py:104} INFO - [2021-07-19 00:02:07,532] {dagbag.py:496} INFO - Filling up the DagBag from /home/airflow/.local/lib/python3.6/site-packages/airflow/example_dags/tutorial_etl_dag.py
[2021-07-19 00:02:07,551] {scheduler_job.py:642} INFO - DAG(s) dict_keys(['tutorial_etl_dag']) retrieved from /home/airflow/.local/lib/python3.6/site-packages/airflow/example_dags/tutorial_etl_dag.py
[2021-07-19 00:02:07,579] {logging_mixin.py:104} INFO - [2021-07-19 00:02:07,579] {dag.py:1833} INFO - Sync 1 DAGs
[2021-07-19 00:02:07,600] {logging_mixin.py:104} INFO - [2021-07-19 00:02:07,600] {dag.py:2306} INFO - Setting next_dagrun for tutorial_etl_dag to None
[2021-07-19 00:02:07,651] {scheduler_job.py:189} INFO - Processing /home/airflow/.local/lib/python3.6/site-packages/airflow/example_dags/tutorial_etl_dag.py took 0.138 seconds
[2021-07-19 00:02:37,760] {scheduler_job.py:181} INFO - Started process (PID=759) to work on /home/airflow/.local/lib/python3.6/site-packages/airflow/example_dags/tutorial_etl_dag.py
[2021-07-19 00:02:37,763] {scheduler_job.py:632} INFO - Processing file /home/airflow/.local/lib/python3.6/site-packages/airflow/example_dags/tutorial_etl_dag.py for tasks to queue
[2021-07-19 00:02:37,764] {logging_mixin.py:104} INFO - [2021-07-19 00:02:37,764] {dagbag.py:496} INFO - Filling up the DagBag from /home/airflow/.local/lib/python3.6/site-packages/airflow/example_dags/tutorial_etl_dag.py
[2021-07-19 00:02:37,783] {scheduler_job.py:642} INFO - DAG(s) dict_keys(['tutorial_etl_dag']) retrieved from /home/airflow/.local/lib/python3.6/site-packages/airflow/example_dags/tutorial_etl_dag.py
[2021-07-19 00:02:37,808] {logging_mixin.py:104} INFO - [2021-07-19 00:02:37,808] {dag.py:1833} INFO - Sync 1 DAGs
[2021-07-19 00:02:37,825] {logging_mixin.py:104} INFO - [2021-07-19 00:02:37,825] {dag.py:2306} INFO - Setting next_dagrun for tutorial_etl_dag to None
[2021-07-19 00:02:37,897] {scheduler_job.py:189} INFO - Processing /home/airflow/.local/lib/python3.6/site-packages/airflow/example_dags/tutorial_etl_dag.py took 0.142 seconds
[2021-07-19 00:03:08,334] {scheduler_job.py:181} INFO - Started process (PID=827) to work on /home/airflow/.local/lib/python3.6/site-packages/airflow/example_dags/tutorial_etl_dag.py
[2021-07-19 00:03:08,342] {scheduler_job.py:632} INFO - Processing file /home/airflow/.local/lib/python3.6/site-packages/airflow/example_dags/tutorial_etl_dag.py for tasks to queue
[2021-07-19 00:03:08,345] {logging_mixin.py:104} INFO - [2021-07-19 00:03:08,345] {dagbag.py:496} INFO - Filling up the DagBag from /home/airflow/.local/lib/python3.6/site-packages/airflow/example_dags/tutorial_etl_dag.py
[2021-07-19 00:03:08,364] {scheduler_job.py:642} INFO - DAG(s) dict_keys(['tutorial_etl_dag']) retrieved from /home/airflow/.local/lib/python3.6/site-packages/airflow/example_dags/tutorial_etl_dag.py
[2021-07-19 00:03:08,389] {logging_mixin.py:104} INFO - [2021-07-19 00:03:08,389] {dag.py:1833} INFO - Sync 1 DAGs
[2021-07-19 00:03:08,412] {logging_mixin.py:104} INFO - [2021-07-19 00:03:08,412] {dag.py:2306} INFO - Setting next_dagrun for tutorial_etl_dag to None
[2021-07-19 00:03:08,518] {scheduler_job.py:189} INFO - Processing /home/airflow/.local/lib/python3.6/site-packages/airflow/example_dags/tutorial_etl_dag.py took 0.195 seconds
[2021-07-19 00:03:38,816] {scheduler_job.py:181} INFO - Started process (PID=882) to work on /home/airflow/.local/lib/python3.6/site-packages/airflow/example_dags/tutorial_etl_dag.py
[2021-07-19 00:03:38,818] {scheduler_job.py:632} INFO - Processing file /home/airflow/.local/lib/python3.6/site-packages/airflow/example_dags/tutorial_etl_dag.py for tasks to queue
[2021-07-19 00:03:38,820] {logging_mixin.py:104} INFO - [2021-07-19 00:03:38,819] {dagbag.py:496} INFO - Filling up the DagBag from /home/airflow/.local/lib/python3.6/site-packages/airflow/example_dags/tutorial_etl_dag.py
[2021-07-19 00:03:38,838] {scheduler_job.py:642} INFO - DAG(s) dict_keys(['tutorial_etl_dag']) retrieved from /home/airflow/.local/lib/python3.6/site-packages/airflow/example_dags/tutorial_etl_dag.py
[2021-07-19 00:03:38,868] {logging_mixin.py:104} INFO - [2021-07-19 00:03:38,868] {dag.py:1833} INFO - Sync 1 DAGs
[2021-07-19 00:03:38,891] {logging_mixin.py:104} INFO - [2021-07-19 00:03:38,891] {dag.py:2306} INFO - Setting next_dagrun for tutorial_etl_dag to None
[2021-07-19 00:03:38,978] {scheduler_job.py:189} INFO - Processing /home/airflow/.local/lib/python3.6/site-packages/airflow/example_dags/tutorial_etl_dag.py took 0.168 seconds
[2021-07-19 00:04:09,333] {scheduler_job.py:181} INFO - Started process (PID=945) to work on /home/airflow/.local/lib/python3.6/site-packages/airflow/example_dags/tutorial_etl_dag.py
[2021-07-19 00:04:09,337] {scheduler_job.py:632} INFO - Processing file /home/airflow/.local/lib/python3.6/site-packages/airflow/example_dags/tutorial_etl_dag.py for tasks to queue
[2021-07-19 00:04:09,339] {logging_mixin.py:104} INFO - [2021-07-19 00:04:09,339] {dagbag.py:496} INFO - Filling up the DagBag from /home/airflow/.local/lib/python3.6/site-packages/airflow/example_dags/tutorial_etl_dag.py
[2021-07-19 00:04:09,365] {scheduler_job.py:642} INFO - DAG(s) dict_keys(['tutorial_etl_dag']) retrieved from /home/airflow/.local/lib/python3.6/site-packages/airflow/example_dags/tutorial_etl_dag.py
[2021-07-19 00:04:09,398] {logging_mixin.py:104} INFO - [2021-07-19 00:04:09,397] {dag.py:1833} INFO - Sync 1 DAGs
[2021-07-19 00:04:09,423] {logging_mixin.py:104} INFO - [2021-07-19 00:04:09,423] {dag.py:2306} INFO - Setting next_dagrun for tutorial_etl_dag to None
[2021-07-19 00:04:09,514] {scheduler_job.py:189} INFO - Processing /home/airflow/.local/lib/python3.6/site-packages/airflow/example_dags/tutorial_etl_dag.py took 0.186 seconds
[2021-07-19 00:04:40,025] {scheduler_job.py:181} INFO - Started process (PID=1006) to work on /home/airflow/.local/lib/python3.6/site-packages/airflow/example_dags/tutorial_etl_dag.py
[2021-07-19 00:04:40,028] {scheduler_job.py:632} INFO - Processing file /home/airflow/.local/lib/python3.6/site-packages/airflow/example_dags/tutorial_etl_dag.py for tasks to queue
[2021-07-19 00:04:40,029] {logging_mixin.py:104} INFO - [2021-07-19 00:04:40,029] {dagbag.py:496} INFO - Filling up the DagBag from /home/airflow/.local/lib/python3.6/site-packages/airflow/example_dags/tutorial_etl_dag.py
[2021-07-19 00:04:40,048] {scheduler_job.py:642} INFO - DAG(s) dict_keys(['tutorial_etl_dag']) retrieved from /home/airflow/.local/lib/python3.6/site-packages/airflow/example_dags/tutorial_etl_dag.py
[2021-07-19 00:04:40,080] {logging_mixin.py:104} INFO - [2021-07-19 00:04:40,080] {dag.py:1833} INFO - Sync 1 DAGs
[2021-07-19 00:04:40,101] {logging_mixin.py:104} INFO - [2021-07-19 00:04:40,101] {dag.py:2306} INFO - Setting next_dagrun for tutorial_etl_dag to None
[2021-07-19 00:04:40,154] {scheduler_job.py:189} INFO - Processing /home/airflow/.local/lib/python3.6/site-packages/airflow/example_dags/tutorial_etl_dag.py took 0.133 seconds
[2021-07-19 00:05:10,486] {scheduler_job.py:181} INFO - Started process (PID=1062) to work on /home/airflow/.local/lib/python3.6/site-packages/airflow/example_dags/tutorial_etl_dag.py
[2021-07-19 00:05:10,488] {scheduler_job.py:632} INFO - Processing file /home/airflow/.local/lib/python3.6/site-packages/airflow/example_dags/tutorial_etl_dag.py for tasks to queue
[2021-07-19 00:05:10,490] {logging_mixin.py:104} INFO - [2021-07-19 00:05:10,490] {dagbag.py:496} INFO - Filling up the DagBag from /home/airflow/.local/lib/python3.6/site-packages/airflow/example_dags/tutorial_etl_dag.py
[2021-07-19 00:05:10,513] {scheduler_job.py:642} INFO - DAG(s) dict_keys(['tutorial_etl_dag']) retrieved from /home/airflow/.local/lib/python3.6/site-packages/airflow/example_dags/tutorial_etl_dag.py
[2021-07-19 00:05:10,545] {logging_mixin.py:104} INFO - [2021-07-19 00:05:10,545] {dag.py:1833} INFO - Sync 1 DAGs
[2021-07-19 00:05:10,584] {logging_mixin.py:104} INFO - [2021-07-19 00:05:10,584] {dag.py:2306} INFO - Setting next_dagrun for tutorial_etl_dag to None
[2021-07-19 00:05:10,702] {scheduler_job.py:189} INFO - Processing /home/airflow/.local/lib/python3.6/site-packages/airflow/example_dags/tutorial_etl_dag.py took 0.221 seconds
[2021-07-19 00:05:40,800] {scheduler_job.py:181} INFO - Started process (PID=1129) to work on /home/airflow/.local/lib/python3.6/site-packages/airflow/example_dags/tutorial_etl_dag.py
[2021-07-19 00:05:40,801] {scheduler_job.py:632} INFO - Processing file /home/airflow/.local/lib/python3.6/site-packages/airflow/example_dags/tutorial_etl_dag.py for tasks to queue
[2021-07-19 00:05:40,803] {logging_mixin.py:104} INFO - [2021-07-19 00:05:40,802] {dagbag.py:496} INFO - Filling up the DagBag from /home/airflow/.local/lib/python3.6/site-packages/airflow/example_dags/tutorial_etl_dag.py
[2021-07-19 00:05:40,821] {scheduler_job.py:642} INFO - DAG(s) dict_keys(['tutorial_etl_dag']) retrieved from /home/airflow/.local/lib/python3.6/site-packages/airflow/example_dags/tutorial_etl_dag.py
[2021-07-19 00:05:40,852] {logging_mixin.py:104} INFO - [2021-07-19 00:05:40,852] {dag.py:1833} INFO - Sync 1 DAGs
[2021-07-19 00:05:40,873] {logging_mixin.py:104} INFO - [2021-07-19 00:05:40,873] {dag.py:2306} INFO - Setting next_dagrun for tutorial_etl_dag to None
[2021-07-19 00:05:41,052] {scheduler_job.py:189} INFO - Processing /home/airflow/.local/lib/python3.6/site-packages/airflow/example_dags/tutorial_etl_dag.py took 0.257 seconds
[2021-07-19 00:06:11,113] {scheduler_job.py:181} INFO - Started process (PID=1185) to work on /home/airflow/.local/lib/python3.6/site-packages/airflow/example_dags/tutorial_etl_dag.py
[2021-07-19 00:06:11,115] {scheduler_job.py:632} INFO - Processing file /home/airflow/.local/lib/python3.6/site-packages/airflow/example_dags/tutorial_etl_dag.py for tasks to queue
[2021-07-19 00:06:11,117] {logging_mixin.py:104} INFO - [2021-07-19 00:06:11,116] {dagbag.py:496} INFO - Filling up the DagBag from /home/airflow/.local/lib/python3.6/site-packages/airflow/example_dags/tutorial_etl_dag.py
[2021-07-19 00:06:11,137] {scheduler_job.py:642} INFO - DAG(s) dict_keys(['tutorial_etl_dag']) retrieved from /home/airflow/.local/lib/python3.6/site-packages/airflow/example_dags/tutorial_etl_dag.py
[2021-07-19 00:06:11,163] {logging_mixin.py:104} INFO - [2021-07-19 00:06:11,163] {dag.py:1833} INFO - Sync 1 DAGs
[2021-07-19 00:06:11,186] {logging_mixin.py:104} INFO - [2021-07-19 00:06:11,186] {dag.py:2306} INFO - Setting next_dagrun for tutorial_etl_dag to None
[2021-07-19 00:06:11,260] {scheduler_job.py:189} INFO - Processing /home/airflow/.local/lib/python3.6/site-packages/airflow/example_dags/tutorial_etl_dag.py took 0.151 seconds
[2021-07-19 00:06:41,390] {scheduler_job.py:181} INFO - Started process (PID=1242) to work on /home/airflow/.local/lib/python3.6/site-packages/airflow/example_dags/tutorial_etl_dag.py
[2021-07-19 00:06:41,396] {scheduler_job.py:632} INFO - Processing file /home/airflow/.local/lib/python3.6/site-packages/airflow/example_dags/tutorial_etl_dag.py for tasks to queue
[2021-07-19 00:06:41,399] {logging_mixin.py:104} INFO - [2021-07-19 00:06:41,399] {dagbag.py:496} INFO - Filling up the DagBag from /home/airflow/.local/lib/python3.6/site-packages/airflow/example_dags/tutorial_etl_dag.py
[2021-07-19 00:06:41,446] {scheduler_job.py:642} INFO - DAG(s) dict_keys(['tutorial_etl_dag']) retrieved from /home/airflow/.local/lib/python3.6/site-packages/airflow/example_dags/tutorial_etl_dag.py
[2021-07-19 00:06:41,515] {logging_mixin.py:104} INFO - [2021-07-19 00:06:41,514] {dag.py:1833} INFO - Sync 1 DAGs
[2021-07-19 00:06:41,538] {logging_mixin.py:104} INFO - [2021-07-19 00:06:41,538] {dag.py:2306} INFO - Setting next_dagrun for tutorial_etl_dag to None
[2021-07-19 00:06:41,587] {scheduler_job.py:189} INFO - Processing /home/airflow/.local/lib/python3.6/site-packages/airflow/example_dags/tutorial_etl_dag.py took 0.211 seconds
[2021-07-19 00:07:11,909] {scheduler_job.py:181} INFO - Started process (PID=1311) to work on /home/airflow/.local/lib/python3.6/site-packages/airflow/example_dags/tutorial_etl_dag.py
[2021-07-19 00:07:11,915] {scheduler_job.py:632} INFO - Processing file /home/airflow/.local/lib/python3.6/site-packages/airflow/example_dags/tutorial_etl_dag.py for tasks to queue
[2021-07-19 00:07:11,918] {logging_mixin.py:104} INFO - [2021-07-19 00:07:11,918] {dagbag.py:496} INFO - Filling up the DagBag from /home/airflow/.local/lib/python3.6/site-packages/airflow/example_dags/tutorial_etl_dag.py
[2021-07-19 00:07:11,950] {scheduler_job.py:642} INFO - DAG(s) dict_keys(['tutorial_etl_dag']) retrieved from /home/airflow/.local/lib/python3.6/site-packages/airflow/example_dags/tutorial_etl_dag.py
[2021-07-19 00:07:11,979] {logging_mixin.py:104} INFO - [2021-07-19 00:07:11,979] {dag.py:1833} INFO - Sync 1 DAGs
[2021-07-19 00:07:11,999] {logging_mixin.py:104} INFO - [2021-07-19 00:07:11,998] {dag.py:2306} INFO - Setting next_dagrun for tutorial_etl_dag to None
[2021-07-19 00:07:12,074] {scheduler_job.py:189} INFO - Processing /home/airflow/.local/lib/python3.6/site-packages/airflow/example_dags/tutorial_etl_dag.py took 0.176 seconds
[2021-07-19 00:07:42,576] {scheduler_job.py:181} INFO - Started process (PID=1367) to work on /home/airflow/.local/lib/python3.6/site-packages/airflow/example_dags/tutorial_etl_dag.py
[2021-07-19 00:07:42,578] {scheduler_job.py:632} INFO - Processing file /home/airflow/.local/lib/python3.6/site-packages/airflow/example_dags/tutorial_etl_dag.py for tasks to queue
[2021-07-19 00:07:42,580] {logging_mixin.py:104} INFO - [2021-07-19 00:07:42,579] {dagbag.py:496} INFO - Filling up the DagBag from /home/airflow/.local/lib/python3.6/site-packages/airflow/example_dags/tutorial_etl_dag.py
[2021-07-19 00:07:42,626] {scheduler_job.py:642} INFO - DAG(s) dict_keys(['tutorial_etl_dag']) retrieved from /home/airflow/.local/lib/python3.6/site-packages/airflow/example_dags/tutorial_etl_dag.py
[2021-07-19 00:07:42,656] {logging_mixin.py:104} INFO - [2021-07-19 00:07:42,655] {dag.py:1833} INFO - Sync 1 DAGs
[2021-07-19 00:07:42,678] {logging_mixin.py:104} INFO - [2021-07-19 00:07:42,678] {dag.py:2306} INFO - Setting next_dagrun for tutorial_etl_dag to None
[2021-07-19 00:07:42,803] {scheduler_job.py:189} INFO - Processing /home/airflow/.local/lib/python3.6/site-packages/airflow/example_dags/tutorial_etl_dag.py took 0.231 seconds
[2021-07-19 00:08:13,610] {scheduler_job.py:181} INFO - Started process (PID=1424) to work on /home/airflow/.local/lib/python3.6/site-packages/airflow/example_dags/tutorial_etl_dag.py
[2021-07-19 00:08:13,611] {scheduler_job.py:632} INFO - Processing file /home/airflow/.local/lib/python3.6/site-packages/airflow/example_dags/tutorial_etl_dag.py for tasks to queue
[2021-07-19 00:08:13,613] {logging_mixin.py:104} INFO - [2021-07-19 00:08:13,612] {dagbag.py:496} INFO - Filling up the DagBag from /home/airflow/.local/lib/python3.6/site-packages/airflow/example_dags/tutorial_etl_dag.py
[2021-07-19 00:08:13,627] {scheduler_job.py:642} INFO - DAG(s) dict_keys(['tutorial_etl_dag']) retrieved from /home/airflow/.local/lib/python3.6/site-packages/airflow/example_dags/tutorial_etl_dag.py
[2021-07-19 00:08:13,655] {logging_mixin.py:104} INFO - [2021-07-19 00:08:13,655] {dag.py:1833} INFO - Sync 1 DAGs
[2021-07-19 00:08:13,678] {logging_mixin.py:104} INFO - [2021-07-19 00:08:13,678] {dag.py:2306} INFO - Setting next_dagrun for tutorial_etl_dag to None
[2021-07-19 00:08:13,726] {scheduler_job.py:189} INFO - Processing /home/airflow/.local/lib/python3.6/site-packages/airflow/example_dags/tutorial_etl_dag.py took 0.120 seconds
[2021-07-19 00:08:43,792] {scheduler_job.py:181} INFO - Started process (PID=1491) to work on /home/airflow/.local/lib/python3.6/site-packages/airflow/example_dags/tutorial_etl_dag.py
[2021-07-19 00:08:43,795] {scheduler_job.py:632} INFO - Processing file /home/airflow/.local/lib/python3.6/site-packages/airflow/example_dags/tutorial_etl_dag.py for tasks to queue
[2021-07-19 00:08:43,797] {logging_mixin.py:104} INFO - [2021-07-19 00:08:43,797] {dagbag.py:496} INFO - Filling up the DagBag from /home/airflow/.local/lib/python3.6/site-packages/airflow/example_dags/tutorial_etl_dag.py
[2021-07-19 00:08:43,813] {scheduler_job.py:642} INFO - DAG(s) dict_keys(['tutorial_etl_dag']) retrieved from /home/airflow/.local/lib/python3.6/site-packages/airflow/example_dags/tutorial_etl_dag.py
[2021-07-19 00:08:43,839] {logging_mixin.py:104} INFO - [2021-07-19 00:08:43,839] {dag.py:1833} INFO - Sync 1 DAGs
[2021-07-19 00:08:43,858] {logging_mixin.py:104} INFO - [2021-07-19 00:08:43,858] {dag.py:2306} INFO - Setting next_dagrun for tutorial_etl_dag to None
[2021-07-19 00:08:44,125] {scheduler_job.py:189} INFO - Processing /home/airflow/.local/lib/python3.6/site-packages/airflow/example_dags/tutorial_etl_dag.py took 0.339 seconds
[2021-07-19 00:09:14,274] {scheduler_job.py:181} INFO - Started process (PID=1547) to work on /home/airflow/.local/lib/python3.6/site-packages/airflow/example_dags/tutorial_etl_dag.py
[2021-07-19 00:09:14,276] {scheduler_job.py:632} INFO - Processing file /home/airflow/.local/lib/python3.6/site-packages/airflow/example_dags/tutorial_etl_dag.py for tasks to queue
[2021-07-19 00:09:14,278] {logging_mixin.py:104} INFO - [2021-07-19 00:09:14,277] {dagbag.py:496} INFO - Filling up the DagBag from /home/airflow/.local/lib/python3.6/site-packages/airflow/example_dags/tutorial_etl_dag.py
[2021-07-19 00:09:14,296] {scheduler_job.py:642} INFO - DAG(s) dict_keys(['tutorial_etl_dag']) retrieved from /home/airflow/.local/lib/python3.6/site-packages/airflow/example_dags/tutorial_etl_dag.py
[2021-07-19 00:09:14,335] {logging_mixin.py:104} INFO - [2021-07-19 00:09:14,334] {dag.py:1833} INFO - Sync 1 DAGs
[2021-07-19 00:09:14,357] {logging_mixin.py:104} INFO - [2021-07-19 00:09:14,356] {dag.py:2306} INFO - Setting next_dagrun for tutorial_etl_dag to None
[2021-07-19 00:09:14,478] {scheduler_job.py:189} INFO - Processing /home/airflow/.local/lib/python3.6/site-packages/airflow/example_dags/tutorial_etl_dag.py took 0.207 seconds
[2021-07-19 00:09:44,795] {scheduler_job.py:181} INFO - Started process (PID=1603) to work on /home/airflow/.local/lib/python3.6/site-packages/airflow/example_dags/tutorial_etl_dag.py
[2021-07-19 00:09:44,797] {scheduler_job.py:632} INFO - Processing file /home/airflow/.local/lib/python3.6/site-packages/airflow/example_dags/tutorial_etl_dag.py for tasks to queue
[2021-07-19 00:09:44,799] {logging_mixin.py:104} INFO - [2021-07-19 00:09:44,799] {dagbag.py:496} INFO - Filling up the DagBag from /home/airflow/.local/lib/python3.6/site-packages/airflow/example_dags/tutorial_etl_dag.py
[2021-07-19 00:09:44,816] {scheduler_job.py:642} INFO - DAG(s) dict_keys(['tutorial_etl_dag']) retrieved from /home/airflow/.local/lib/python3.6/site-packages/airflow/example_dags/tutorial_etl_dag.py
[2021-07-19 00:09:44,856] {logging_mixin.py:104} INFO - [2021-07-19 00:09:44,856] {dag.py:1833} INFO - Sync 1 DAGs
[2021-07-19 00:09:44,880] {logging_mixin.py:104} INFO - [2021-07-19 00:09:44,880] {dag.py:2306} INFO - Setting next_dagrun for tutorial_etl_dag to None
[2021-07-19 00:09:44,946] {scheduler_job.py:189} INFO - Processing /home/airflow/.local/lib/python3.6/site-packages/airflow/example_dags/tutorial_etl_dag.py took 0.154 seconds
[2021-07-19 00:10:15,548] {scheduler_job.py:181} INFO - Started process (PID=1671) to work on /home/airflow/.local/lib/python3.6/site-packages/airflow/example_dags/tutorial_etl_dag.py
[2021-07-19 00:10:15,551] {scheduler_job.py:632} INFO - Processing file /home/airflow/.local/lib/python3.6/site-packages/airflow/example_dags/tutorial_etl_dag.py for tasks to queue
[2021-07-19 00:10:15,553] {logging_mixin.py:104} INFO - [2021-07-19 00:10:15,552] {dagbag.py:496} INFO - Filling up the DagBag from /home/airflow/.local/lib/python3.6/site-packages/airflow/example_dags/tutorial_etl_dag.py
[2021-07-19 00:10:15,576] {scheduler_job.py:642} INFO - DAG(s) dict_keys(['tutorial_etl_dag']) retrieved from /home/airflow/.local/lib/python3.6/site-packages/airflow/example_dags/tutorial_etl_dag.py
[2021-07-19 00:10:15,613] {logging_mixin.py:104} INFO - [2021-07-19 00:10:15,613] {dag.py:1833} INFO - Sync 1 DAGs
[2021-07-19 00:10:15,635] {logging_mixin.py:104} INFO - [2021-07-19 00:10:15,635] {dag.py:2306} INFO - Setting next_dagrun for tutorial_etl_dag to None
[2021-07-19 00:10:15,859] {scheduler_job.py:189} INFO - Processing /home/airflow/.local/lib/python3.6/site-packages/airflow/example_dags/tutorial_etl_dag.py took 0.317 seconds
[2021-07-19 00:10:46,528] {scheduler_job.py:181} INFO - Started process (PID=1728) to work on /home/airflow/.local/lib/python3.6/site-packages/airflow/example_dags/tutorial_etl_dag.py
[2021-07-19 00:10:46,530] {scheduler_job.py:632} INFO - Processing file /home/airflow/.local/lib/python3.6/site-packages/airflow/example_dags/tutorial_etl_dag.py for tasks to queue
[2021-07-19 00:10:46,532] {logging_mixin.py:104} INFO - [2021-07-19 00:10:46,532] {dagbag.py:496} INFO - Filling up the DagBag from /home/airflow/.local/lib/python3.6/site-packages/airflow/example_dags/tutorial_etl_dag.py
[2021-07-19 00:10:46,549] {scheduler_job.py:642} INFO - DAG(s) dict_keys(['tutorial_etl_dag']) retrieved from /home/airflow/.local/lib/python3.6/site-packages/airflow/example_dags/tutorial_etl_dag.py
[2021-07-19 00:10:46,575] {logging_mixin.py:104} INFO - [2021-07-19 00:10:46,575] {dag.py:1833} INFO - Sync 1 DAGs
[2021-07-19 00:10:46,602] {logging_mixin.py:104} INFO - [2021-07-19 00:10:46,602] {dag.py:2306} INFO - Setting next_dagrun for tutorial_etl_dag to None
[2021-07-19 00:10:46,727] {scheduler_job.py:189} INFO - Processing /home/airflow/.local/lib/python3.6/site-packages/airflow/example_dags/tutorial_etl_dag.py took 0.204 seconds
[2021-07-19 00:11:18,366] {scheduler_job.py:181} INFO - Started process (PID=1783) to work on /home/airflow/.local/lib/python3.6/site-packages/airflow/example_dags/tutorial_etl_dag.py
[2021-07-19 00:11:18,369] {scheduler_job.py:632} INFO - Processing file /home/airflow/.local/lib/python3.6/site-packages/airflow/example_dags/tutorial_etl_dag.py for tasks to queue
[2021-07-19 00:11:18,371] {logging_mixin.py:104} INFO - [2021-07-19 00:11:18,371] {dagbag.py:496} INFO - Filling up the DagBag from /home/airflow/.local/lib/python3.6/site-packages/airflow/example_dags/tutorial_etl_dag.py
[2021-07-19 00:11:18,397] {scheduler_job.py:642} INFO - DAG(s) dict_keys(['tutorial_etl_dag']) retrieved from /home/airflow/.local/lib/python3.6/site-packages/airflow/example_dags/tutorial_etl_dag.py
[2021-07-19 00:11:18,428] {logging_mixin.py:104} INFO - [2021-07-19 00:11:18,428] {dag.py:1833} INFO - Sync 1 DAGs
[2021-07-19 00:11:18,448] {logging_mixin.py:104} INFO - [2021-07-19 00:11:18,448] {dag.py:2306} INFO - Setting next_dagrun for tutorial_etl_dag to None
[2021-07-19 00:11:18,599] {scheduler_job.py:189} INFO - Processing /home/airflow/.local/lib/python3.6/site-packages/airflow/example_dags/tutorial_etl_dag.py took 0.246 seconds
[2021-07-19 00:11:49,437] {scheduler_job.py:181} INFO - Started process (PID=1853) to work on /home/airflow/.local/lib/python3.6/site-packages/airflow/example_dags/tutorial_etl_dag.py
[2021-07-19 00:11:49,439] {scheduler_job.py:632} INFO - Processing file /home/airflow/.local/lib/python3.6/site-packages/airflow/example_dags/tutorial_etl_dag.py for tasks to queue
[2021-07-19 00:11:49,441] {logging_mixin.py:104} INFO - [2021-07-19 00:11:49,440] {dagbag.py:496} INFO - Filling up the DagBag from /home/airflow/.local/lib/python3.6/site-packages/airflow/example_dags/tutorial_etl_dag.py
[2021-07-19 00:11:49,457] {scheduler_job.py:642} INFO - DAG(s) dict_keys(['tutorial_etl_dag']) retrieved from /home/airflow/.local/lib/python3.6/site-packages/airflow/example_dags/tutorial_etl_dag.py
[2021-07-19 00:11:49,489] {logging_mixin.py:104} INFO - [2021-07-19 00:11:49,488] {dag.py:1833} INFO - Sync 1 DAGs
[2021-07-19 00:11:49,516] {logging_mixin.py:104} INFO - [2021-07-19 00:11:49,516] {dag.py:2306} INFO - Setting next_dagrun for tutorial_etl_dag to None
[2021-07-19 00:11:49,600] {scheduler_job.py:189} INFO - Processing /home/airflow/.local/lib/python3.6/site-packages/airflow/example_dags/tutorial_etl_dag.py took 0.167 seconds
[2021-07-19 00:12:19,981] {scheduler_job.py:181} INFO - Started process (PID=1908) to work on /home/airflow/.local/lib/python3.6/site-packages/airflow/example_dags/tutorial_etl_dag.py
[2021-07-19 00:12:19,986] {scheduler_job.py:632} INFO - Processing file /home/airflow/.local/lib/python3.6/site-packages/airflow/example_dags/tutorial_etl_dag.py for tasks to queue
[2021-07-19 00:12:19,988] {logging_mixin.py:104} INFO - [2021-07-19 00:12:19,988] {dagbag.py:496} INFO - Filling up the DagBag from /home/airflow/.local/lib/python3.6/site-packages/airflow/example_dags/tutorial_etl_dag.py
[2021-07-19 00:12:20,010] {scheduler_job.py:642} INFO - DAG(s) dict_keys(['tutorial_etl_dag']) retrieved from /home/airflow/.local/lib/python3.6/site-packages/airflow/example_dags/tutorial_etl_dag.py
[2021-07-19 00:12:20,047] {logging_mixin.py:104} INFO - [2021-07-19 00:12:20,046] {dag.py:1833} INFO - Sync 1 DAGs
[2021-07-19 00:12:20,069] {logging_mixin.py:104} INFO - [2021-07-19 00:12:20,069] {dag.py:2306} INFO - Setting next_dagrun for tutorial_etl_dag to None
[2021-07-19 00:12:20,161] {scheduler_job.py:189} INFO - Processing /home/airflow/.local/lib/python3.6/site-packages/airflow/example_dags/tutorial_etl_dag.py took 0.185 seconds
[2021-07-19 00:12:50,502] {scheduler_job.py:181} INFO - Started process (PID=1965) to work on /home/airflow/.local/lib/python3.6/site-packages/airflow/example_dags/tutorial_etl_dag.py
[2021-07-19 00:12:50,504] {scheduler_job.py:632} INFO - Processing file /home/airflow/.local/lib/python3.6/site-packages/airflow/example_dags/tutorial_etl_dag.py for tasks to queue
[2021-07-19 00:12:50,515] {logging_mixin.py:104} INFO - [2021-07-19 00:12:50,515] {dagbag.py:496} INFO - Filling up the DagBag from /home/airflow/.local/lib/python3.6/site-packages/airflow/example_dags/tutorial_etl_dag.py
[2021-07-19 00:12:50,537] {scheduler_job.py:642} INFO - DAG(s) dict_keys(['tutorial_etl_dag']) retrieved from /home/airflow/.local/lib/python3.6/site-packages/airflow/example_dags/tutorial_etl_dag.py
[2021-07-19 00:12:50,611] {logging_mixin.py:104} INFO - [2021-07-19 00:12:50,611] {dag.py:1833} INFO - Sync 1 DAGs
[2021-07-19 00:12:50,639] {logging_mixin.py:104} INFO - [2021-07-19 00:12:50,639] {dag.py:2306} INFO - Setting next_dagrun for tutorial_etl_dag to None
[2021-07-19 00:12:50,846] {scheduler_job.py:189} INFO - Processing /home/airflow/.local/lib/python3.6/site-packages/airflow/example_dags/tutorial_etl_dag.py took 0.352 seconds
[2021-07-19 00:13:21,598] {scheduler_job.py:181} INFO - Started process (PID=2038) to work on /home/airflow/.local/lib/python3.6/site-packages/airflow/example_dags/tutorial_etl_dag.py
[2021-07-19 00:13:21,601] {scheduler_job.py:632} INFO - Processing file /home/airflow/.local/lib/python3.6/site-packages/airflow/example_dags/tutorial_etl_dag.py for tasks to queue
[2021-07-19 00:13:21,602] {logging_mixin.py:104} INFO - [2021-07-19 00:13:21,602] {dagbag.py:496} INFO - Filling up the DagBag from /home/airflow/.local/lib/python3.6/site-packages/airflow/example_dags/tutorial_etl_dag.py
[2021-07-19 00:13:21,622] {scheduler_job.py:642} INFO - DAG(s) dict_keys(['tutorial_etl_dag']) retrieved from /home/airflow/.local/lib/python3.6/site-packages/airflow/example_dags/tutorial_etl_dag.py
[2021-07-19 00:13:21,650] {logging_mixin.py:104} INFO - [2021-07-19 00:13:21,650] {dag.py:1833} INFO - Sync 1 DAGs
[2021-07-19 00:13:21,673] {logging_mixin.py:104} INFO - [2021-07-19 00:13:21,673] {dag.py:2306} INFO - Setting next_dagrun for tutorial_etl_dag to None
[2021-07-19 00:13:21,721] {scheduler_job.py:189} INFO - Processing /home/airflow/.local/lib/python3.6/site-packages/airflow/example_dags/tutorial_etl_dag.py took 0.127 seconds
[2021-07-19 00:13:52,623] {scheduler_job.py:181} INFO - Started process (PID=2096) to work on /home/airflow/.local/lib/python3.6/site-packages/airflow/example_dags/tutorial_etl_dag.py
[2021-07-19 00:13:52,628] {scheduler_job.py:632} INFO - Processing file /home/airflow/.local/lib/python3.6/site-packages/airflow/example_dags/tutorial_etl_dag.py for tasks to queue
[2021-07-19 00:13:52,631] {logging_mixin.py:104} INFO - [2021-07-19 00:13:52,630] {dagbag.py:496} INFO - Filling up the DagBag from /home/airflow/.local/lib/python3.6/site-packages/airflow/example_dags/tutorial_etl_dag.py
[2021-07-19 00:13:52,650] {scheduler_job.py:642} INFO - DAG(s) dict_keys(['tutorial_etl_dag']) retrieved from /home/airflow/.local/lib/python3.6/site-packages/airflow/example_dags/tutorial_etl_dag.py
[2021-07-19 00:13:52,677] {logging_mixin.py:104} INFO - [2021-07-19 00:13:52,677] {dag.py:1833} INFO - Sync 1 DAGs
[2021-07-19 00:13:52,700] {logging_mixin.py:104} INFO - [2021-07-19 00:13:52,699] {dag.py:2306} INFO - Setting next_dagrun for tutorial_etl_dag to None
[2021-07-19 00:13:52,873] {scheduler_job.py:189} INFO - Processing /home/airflow/.local/lib/python3.6/site-packages/airflow/example_dags/tutorial_etl_dag.py took 0.259 seconds
[2021-07-19 00:14:23,310] {scheduler_job.py:181} INFO - Started process (PID=2153) to work on /home/airflow/.local/lib/python3.6/site-packages/airflow/example_dags/tutorial_etl_dag.py
[2021-07-19 00:14:23,319] {scheduler_job.py:632} INFO - Processing file /home/airflow/.local/lib/python3.6/site-packages/airflow/example_dags/tutorial_etl_dag.py for tasks to queue
[2021-07-19 00:14:23,320] {logging_mixin.py:104} INFO - [2021-07-19 00:14:23,320] {dagbag.py:496} INFO - Filling up the DagBag from /home/airflow/.local/lib/python3.6/site-packages/airflow/example_dags/tutorial_etl_dag.py
[2021-07-19 00:14:23,357] {scheduler_job.py:642} INFO - DAG(s) dict_keys(['tutorial_etl_dag']) retrieved from /home/airflow/.local/lib/python3.6/site-packages/airflow/example_dags/tutorial_etl_dag.py
[2021-07-19 00:14:23,411] {logging_mixin.py:104} INFO - [2021-07-19 00:14:23,411] {dag.py:1833} INFO - Sync 1 DAGs
[2021-07-19 00:14:23,445] {logging_mixin.py:104} INFO - [2021-07-19 00:14:23,445] {dag.py:2306} INFO - Setting next_dagrun for tutorial_etl_dag to None
[2021-07-19 00:14:23,597] {scheduler_job.py:189} INFO - Processing /home/airflow/.local/lib/python3.6/site-packages/airflow/example_dags/tutorial_etl_dag.py took 0.292 seconds
[2021-07-19 00:14:54,199] {scheduler_job.py:181} INFO - Started process (PID=2210) to work on /home/airflow/.local/lib/python3.6/site-packages/airflow/example_dags/tutorial_etl_dag.py
[2021-07-19 00:14:54,202] {scheduler_job.py:632} INFO - Processing file /home/airflow/.local/lib/python3.6/site-packages/airflow/example_dags/tutorial_etl_dag.py for tasks to queue
[2021-07-19 00:14:54,204] {logging_mixin.py:104} INFO - [2021-07-19 00:14:54,204] {dagbag.py:496} INFO - Filling up the DagBag from /home/airflow/.local/lib/python3.6/site-packages/airflow/example_dags/tutorial_etl_dag.py
[2021-07-19 00:14:54,224] {scheduler_job.py:642} INFO - DAG(s) dict_keys(['tutorial_etl_dag']) retrieved from /home/airflow/.local/lib/python3.6/site-packages/airflow/example_dags/tutorial_etl_dag.py
[2021-07-19 00:14:54,274] {logging_mixin.py:104} INFO - [2021-07-19 00:14:54,274] {dag.py:1833} INFO - Sync 1 DAGs
[2021-07-19 00:14:54,310] {logging_mixin.py:104} INFO - [2021-07-19 00:14:54,310] {dag.py:2306} INFO - Setting next_dagrun for tutorial_etl_dag to None
[2021-07-19 00:14:54,388] {scheduler_job.py:189} INFO - Processing /home/airflow/.local/lib/python3.6/site-packages/airflow/example_dags/tutorial_etl_dag.py took 0.197 seconds
[2021-07-19 00:15:24,467] {scheduler_job.py:181} INFO - Started process (PID=2266) to work on /home/airflow/.local/lib/python3.6/site-packages/airflow/example_dags/tutorial_etl_dag.py
[2021-07-19 00:15:24,469] {scheduler_job.py:632} INFO - Processing file /home/airflow/.local/lib/python3.6/site-packages/airflow/example_dags/tutorial_etl_dag.py for tasks to queue
[2021-07-19 00:15:24,470] {logging_mixin.py:104} INFO - [2021-07-19 00:15:24,470] {dagbag.py:496} INFO - Filling up the DagBag from /home/airflow/.local/lib/python3.6/site-packages/airflow/example_dags/tutorial_etl_dag.py
[2021-07-19 00:15:24,485] {scheduler_job.py:642} INFO - DAG(s) dict_keys(['tutorial_etl_dag']) retrieved from /home/airflow/.local/lib/python3.6/site-packages/airflow/example_dags/tutorial_etl_dag.py
[2021-07-19 00:15:24,514] {logging_mixin.py:104} INFO - [2021-07-19 00:15:24,513] {dag.py:1833} INFO - Sync 1 DAGs
[2021-07-19 00:15:24,538] {logging_mixin.py:104} INFO - [2021-07-19 00:15:24,537] {dag.py:2306} INFO - Setting next_dagrun for tutorial_etl_dag to None
[2021-07-19 00:15:24,630] {scheduler_job.py:189} INFO - Processing /home/airflow/.local/lib/python3.6/site-packages/airflow/example_dags/tutorial_etl_dag.py took 0.166 seconds
[2021-07-19 00:15:54,814] {scheduler_job.py:181} INFO - Started process (PID=2333) to work on /home/airflow/.local/lib/python3.6/site-packages/airflow/example_dags/tutorial_etl_dag.py
[2021-07-19 00:15:54,816] {scheduler_job.py:632} INFO - Processing file /home/airflow/.local/lib/python3.6/site-packages/airflow/example_dags/tutorial_etl_dag.py for tasks to queue
[2021-07-19 00:15:54,818] {logging_mixin.py:104} INFO - [2021-07-19 00:15:54,817] {dagbag.py:496} INFO - Filling up the DagBag from /home/airflow/.local/lib/python3.6/site-packages/airflow/example_dags/tutorial_etl_dag.py
[2021-07-19 00:15:54,832] {scheduler_job.py:642} INFO - DAG(s) dict_keys(['tutorial_etl_dag']) retrieved from /home/airflow/.local/lib/python3.6/site-packages/airflow/example_dags/tutorial_etl_dag.py
[2021-07-19 00:15:54,860] {logging_mixin.py:104} INFO - [2021-07-19 00:15:54,860] {dag.py:1833} INFO - Sync 1 DAGs
[2021-07-19 00:15:54,884] {logging_mixin.py:104} INFO - [2021-07-19 00:15:54,884] {dag.py:2306} INFO - Setting next_dagrun for tutorial_etl_dag to None
[2021-07-19 00:15:55,079] {scheduler_job.py:189} INFO - Processing /home/airflow/.local/lib/python3.6/site-packages/airflow/example_dags/tutorial_etl_dag.py took 0.269 seconds
[2021-07-19 00:16:25,416] {scheduler_job.py:181} INFO - Started process (PID=2389) to work on /home/airflow/.local/lib/python3.6/site-packages/airflow/example_dags/tutorial_etl_dag.py
[2021-07-19 00:16:25,418] {scheduler_job.py:632} INFO - Processing file /home/airflow/.local/lib/python3.6/site-packages/airflow/example_dags/tutorial_etl_dag.py for tasks to queue
[2021-07-19 00:16:25,420] {logging_mixin.py:104} INFO - [2021-07-19 00:16:25,420] {dagbag.py:496} INFO - Filling up the DagBag from /home/airflow/.local/lib/python3.6/site-packages/airflow/example_dags/tutorial_etl_dag.py
[2021-07-19 00:16:25,439] {scheduler_job.py:642} INFO - DAG(s) dict_keys(['tutorial_etl_dag']) retrieved from /home/airflow/.local/lib/python3.6/site-packages/airflow/example_dags/tutorial_etl_dag.py
[2021-07-19 00:16:25,466] {logging_mixin.py:104} INFO - [2021-07-19 00:16:25,466] {dag.py:1833} INFO - Sync 1 DAGs
[2021-07-19 00:16:25,488] {logging_mixin.py:104} INFO - [2021-07-19 00:16:25,488] {dag.py:2306} INFO - Setting next_dagrun for tutorial_etl_dag to None
[2021-07-19 00:16:25,549] {scheduler_job.py:189} INFO - Processing /home/airflow/.local/lib/python3.6/site-packages/airflow/example_dags/tutorial_etl_dag.py took 0.136 seconds
[2021-07-19 00:16:56,188] {scheduler_job.py:181} INFO - Started process (PID=2448) to work on /home/airflow/.local/lib/python3.6/site-packages/airflow/example_dags/tutorial_etl_dag.py
[2021-07-19 00:16:56,190] {scheduler_job.py:632} INFO - Processing file /home/airflow/.local/lib/python3.6/site-packages/airflow/example_dags/tutorial_etl_dag.py for tasks to queue
[2021-07-19 00:16:56,191] {logging_mixin.py:104} INFO - [2021-07-19 00:16:56,191] {dagbag.py:496} INFO - Filling up the DagBag from /home/airflow/.local/lib/python3.6/site-packages/airflow/example_dags/tutorial_etl_dag.py
[2021-07-19 00:16:56,244] {scheduler_job.py:642} INFO - DAG(s) dict_keys(['tutorial_etl_dag']) retrieved from /home/airflow/.local/lib/python3.6/site-packages/airflow/example_dags/tutorial_etl_dag.py
[2021-07-19 00:16:56,299] {logging_mixin.py:104} INFO - [2021-07-19 00:16:56,298] {dag.py:1833} INFO - Sync 1 DAGs
[2021-07-19 00:16:56,329] {logging_mixin.py:104} INFO - [2021-07-19 00:16:56,329] {dag.py:2306} INFO - Setting next_dagrun for tutorial_etl_dag to None
[2021-07-19 00:16:56,795] {scheduler_job.py:189} INFO - Processing /home/airflow/.local/lib/python3.6/site-packages/airflow/example_dags/tutorial_etl_dag.py took 0.612 seconds
[2021-07-19 00:17:27,413] {scheduler_job.py:181} INFO - Started process (PID=2516) to work on /home/airflow/.local/lib/python3.6/site-packages/airflow/example_dags/tutorial_etl_dag.py
[2021-07-19 00:17:27,416] {scheduler_job.py:632} INFO - Processing file /home/airflow/.local/lib/python3.6/site-packages/airflow/example_dags/tutorial_etl_dag.py for tasks to queue
[2021-07-19 00:17:27,417] {logging_mixin.py:104} INFO - [2021-07-19 00:17:27,417] {dagbag.py:496} INFO - Filling up the DagBag from /home/airflow/.local/lib/python3.6/site-packages/airflow/example_dags/tutorial_etl_dag.py
[2021-07-19 00:17:27,437] {scheduler_job.py:642} INFO - DAG(s) dict_keys(['tutorial_etl_dag']) retrieved from /home/airflow/.local/lib/python3.6/site-packages/airflow/example_dags/tutorial_etl_dag.py
[2021-07-19 00:17:27,471] {logging_mixin.py:104} INFO - [2021-07-19 00:17:27,471] {dag.py:1833} INFO - Sync 1 DAGs
[2021-07-19 00:17:27,499] {logging_mixin.py:104} INFO - [2021-07-19 00:17:27,498] {dag.py:2306} INFO - Setting next_dagrun for tutorial_etl_dag to None
[2021-07-19 00:17:27,667] {scheduler_job.py:189} INFO - Processing /home/airflow/.local/lib/python3.6/site-packages/airflow/example_dags/tutorial_etl_dag.py took 0.258 seconds
[2021-07-19 00:17:58,112] {scheduler_job.py:181} INFO - Started process (PID=2573) to work on /home/airflow/.local/lib/python3.6/site-packages/airflow/example_dags/tutorial_etl_dag.py
[2021-07-19 00:17:58,115] {scheduler_job.py:632} INFO - Processing file /home/airflow/.local/lib/python3.6/site-packages/airflow/example_dags/tutorial_etl_dag.py for tasks to queue
[2021-07-19 00:17:58,117] {logging_mixin.py:104} INFO - [2021-07-19 00:17:58,117] {dagbag.py:496} INFO - Filling up the DagBag from /home/airflow/.local/lib/python3.6/site-packages/airflow/example_dags/tutorial_etl_dag.py
[2021-07-19 00:17:58,134] {scheduler_job.py:642} INFO - DAG(s) dict_keys(['tutorial_etl_dag']) retrieved from /home/airflow/.local/lib/python3.6/site-packages/airflow/example_dags/tutorial_etl_dag.py
[2021-07-19 00:17:58,165] {logging_mixin.py:104} INFO - [2021-07-19 00:17:58,165] {dag.py:1833} INFO - Sync 1 DAGs
[2021-07-19 00:17:58,192] {logging_mixin.py:104} INFO - [2021-07-19 00:17:58,192] {dag.py:2306} INFO - Setting next_dagrun for tutorial_etl_dag to None
[2021-07-19 00:17:58,635] {scheduler_job.py:189} INFO - Processing /home/airflow/.local/lib/python3.6/site-packages/airflow/example_dags/tutorial_etl_dag.py took 0.527 seconds
[2021-07-19 00:18:37,249] {scheduler_job.py:181} INFO - Started process (PID=2640) to work on /home/airflow/.local/lib/python3.6/site-packages/airflow/example_dags/tutorial_etl_dag.py
[2021-07-19 00:18:37,252] {scheduler_job.py:632} INFO - Processing file /home/airflow/.local/lib/python3.6/site-packages/airflow/example_dags/tutorial_etl_dag.py for tasks to queue
[2021-07-19 00:18:37,253] {logging_mixin.py:104} INFO - [2021-07-19 00:18:37,253] {dagbag.py:496} INFO - Filling up the DagBag from /home/airflow/.local/lib/python3.6/site-packages/airflow/example_dags/tutorial_etl_dag.py
[2021-07-19 00:18:37,269] {scheduler_job.py:642} INFO - DAG(s) dict_keys(['tutorial_etl_dag']) retrieved from /home/airflow/.local/lib/python3.6/site-packages/airflow/example_dags/tutorial_etl_dag.py
[2021-07-19 00:18:37,305] {logging_mixin.py:104} INFO - [2021-07-19 00:18:37,304] {dag.py:1833} INFO - Sync 1 DAGs
[2021-07-19 00:18:37,333] {logging_mixin.py:104} INFO - [2021-07-19 00:18:37,333] {dag.py:2306} INFO - Setting next_dagrun for tutorial_etl_dag to None
[2021-07-19 00:18:37,494] {scheduler_job.py:189} INFO - Processing /home/airflow/.local/lib/python3.6/site-packages/airflow/example_dags/tutorial_etl_dag.py took 0.249 seconds
[2021-07-19 00:19:08,150] {scheduler_job.py:181} INFO - Started process (PID=2695) to work on /home/airflow/.local/lib/python3.6/site-packages/airflow/example_dags/tutorial_etl_dag.py
[2021-07-19 00:19:08,152] {scheduler_job.py:632} INFO - Processing file /home/airflow/.local/lib/python3.6/site-packages/airflow/example_dags/tutorial_etl_dag.py for tasks to queue
[2021-07-19 00:19:08,153] {logging_mixin.py:104} INFO - [2021-07-19 00:19:08,153] {dagbag.py:496} INFO - Filling up the DagBag from /home/airflow/.local/lib/python3.6/site-packages/airflow/example_dags/tutorial_etl_dag.py
[2021-07-19 00:19:08,168] {scheduler_job.py:642} INFO - DAG(s) dict_keys(['tutorial_etl_dag']) retrieved from /home/airflow/.local/lib/python3.6/site-packages/airflow/example_dags/tutorial_etl_dag.py
[2021-07-19 00:19:08,196] {logging_mixin.py:104} INFO - [2021-07-19 00:19:08,196] {dag.py:1833} INFO - Sync 1 DAGs
[2021-07-19 00:19:08,221] {logging_mixin.py:104} INFO - [2021-07-19 00:19:08,221] {dag.py:2306} INFO - Setting next_dagrun for tutorial_etl_dag to None
[2021-07-19 00:19:09,070] {scheduler_job.py:189} INFO - Processing /home/airflow/.local/lib/python3.6/site-packages/airflow/example_dags/tutorial_etl_dag.py took 0.924 seconds
[2021-07-19 00:19:39,220] {scheduler_job.py:181} INFO - Started process (PID=2752) to work on /home/airflow/.local/lib/python3.6/site-packages/airflow/example_dags/tutorial_etl_dag.py
[2021-07-19 00:19:39,222] {scheduler_job.py:632} INFO - Processing file /home/airflow/.local/lib/python3.6/site-packages/airflow/example_dags/tutorial_etl_dag.py for tasks to queue
[2021-07-19 00:19:39,223] {logging_mixin.py:104} INFO - [2021-07-19 00:19:39,222] {dagbag.py:496} INFO - Filling up the DagBag from /home/airflow/.local/lib/python3.6/site-packages/airflow/example_dags/tutorial_etl_dag.py
[2021-07-19 00:19:39,247] {scheduler_job.py:642} INFO - DAG(s) dict_keys(['tutorial_etl_dag']) retrieved from /home/airflow/.local/lib/python3.6/site-packages/airflow/example_dags/tutorial_etl_dag.py
[2021-07-19 00:19:39,282] {logging_mixin.py:104} INFO - [2021-07-19 00:19:39,282] {dag.py:1833} INFO - Sync 1 DAGs
[2021-07-19 00:19:39,314] {logging_mixin.py:104} INFO - [2021-07-19 00:19:39,314] {dag.py:2306} INFO - Setting next_dagrun for tutorial_etl_dag to None
[2021-07-19 00:19:39,488] {scheduler_job.py:189} INFO - Processing /home/airflow/.local/lib/python3.6/site-packages/airflow/example_dags/tutorial_etl_dag.py took 0.272 seconds
[2021-07-19 00:20:11,385] {scheduler_job.py:181} INFO - Started process (PID=2809) to work on /home/airflow/.local/lib/python3.6/site-packages/airflow/example_dags/tutorial_etl_dag.py
[2021-07-19 00:20:11,387] {scheduler_job.py:632} INFO - Processing file /home/airflow/.local/lib/python3.6/site-packages/airflow/example_dags/tutorial_etl_dag.py for tasks to queue
[2021-07-19 00:20:11,388] {logging_mixin.py:104} INFO - [2021-07-19 00:20:11,388] {dagbag.py:496} INFO - Filling up the DagBag from /home/airflow/.local/lib/python3.6/site-packages/airflow/example_dags/tutorial_etl_dag.py
[2021-07-19 00:20:11,403] {scheduler_job.py:642} INFO - DAG(s) dict_keys(['tutorial_etl_dag']) retrieved from /home/airflow/.local/lib/python3.6/site-packages/airflow/example_dags/tutorial_etl_dag.py
[2021-07-19 00:20:11,439] {logging_mixin.py:104} INFO - [2021-07-19 00:20:11,438] {dag.py:1833} INFO - Sync 1 DAGs
[2021-07-19 00:20:11,460] {logging_mixin.py:104} INFO - [2021-07-19 00:20:11,460] {dag.py:2306} INFO - Setting next_dagrun for tutorial_etl_dag to None
[2021-07-19 00:20:12,692] {scheduler_job.py:189} INFO - Processing /home/airflow/.local/lib/python3.6/site-packages/airflow/example_dags/tutorial_etl_dag.py took 1.311 seconds
[2021-07-19 00:20:43,018] {scheduler_job.py:181} INFO - Started process (PID=2867) to work on /home/airflow/.local/lib/python3.6/site-packages/airflow/example_dags/tutorial_etl_dag.py
[2021-07-19 00:20:43,020] {scheduler_job.py:632} INFO - Processing file /home/airflow/.local/lib/python3.6/site-packages/airflow/example_dags/tutorial_etl_dag.py for tasks to queue
[2021-07-19 00:20:43,022] {logging_mixin.py:104} INFO - [2021-07-19 00:20:43,021] {dagbag.py:496} INFO - Filling up the DagBag from /home/airflow/.local/lib/python3.6/site-packages/airflow/example_dags/tutorial_etl_dag.py
[2021-07-19 00:20:43,042] {scheduler_job.py:642} INFO - DAG(s) dict_keys(['tutorial_etl_dag']) retrieved from /home/airflow/.local/lib/python3.6/site-packages/airflow/example_dags/tutorial_etl_dag.py
[2021-07-19 00:20:43,071] {logging_mixin.py:104} INFO - [2021-07-19 00:20:43,070] {dag.py:1833} INFO - Sync 1 DAGs
[2021-07-19 00:20:43,096] {logging_mixin.py:104} INFO - [2021-07-19 00:20:43,095] {dag.py:2306} INFO - Setting next_dagrun for tutorial_etl_dag to None
[2021-07-19 00:20:43,561] {scheduler_job.py:189} INFO - Processing /home/airflow/.local/lib/python3.6/site-packages/airflow/example_dags/tutorial_etl_dag.py took 0.550 seconds
[2021-07-19 00:21:14,200] {scheduler_job.py:181} INFO - Started process (PID=2933) to work on /home/airflow/.local/lib/python3.6/site-packages/airflow/example_dags/tutorial_etl_dag.py
[2021-07-19 00:21:14,202] {scheduler_job.py:632} INFO - Processing file /home/airflow/.local/lib/python3.6/site-packages/airflow/example_dags/tutorial_etl_dag.py for tasks to queue
[2021-07-19 00:21:14,204] {logging_mixin.py:104} INFO - [2021-07-19 00:21:14,204] {dagbag.py:496} INFO - Filling up the DagBag from /home/airflow/.local/lib/python3.6/site-packages/airflow/example_dags/tutorial_etl_dag.py
[2021-07-19 00:21:14,221] {scheduler_job.py:642} INFO - DAG(s) dict_keys(['tutorial_etl_dag']) retrieved from /home/airflow/.local/lib/python3.6/site-packages/airflow/example_dags/tutorial_etl_dag.py
[2021-07-19 00:21:14,248] {logging_mixin.py:104} INFO - [2021-07-19 00:21:14,248] {dag.py:1833} INFO - Sync 1 DAGs
[2021-07-19 00:21:14,279] {logging_mixin.py:104} INFO - [2021-07-19 00:21:14,279] {dag.py:2306} INFO - Setting next_dagrun for tutorial_etl_dag to None
[2021-07-19 00:21:14,444] {scheduler_job.py:189} INFO - Processing /home/airflow/.local/lib/python3.6/site-packages/airflow/example_dags/tutorial_etl_dag.py took 0.250 seconds
[2021-07-19 00:21:44,808] {scheduler_job.py:181} INFO - Started process (PID=2990) to work on /home/airflow/.local/lib/python3.6/site-packages/airflow/example_dags/tutorial_etl_dag.py
[2021-07-19 00:21:44,809] {scheduler_job.py:632} INFO - Processing file /home/airflow/.local/lib/python3.6/site-packages/airflow/example_dags/tutorial_etl_dag.py for tasks to queue
[2021-07-19 00:21:44,811] {logging_mixin.py:104} INFO - [2021-07-19 00:21:44,810] {dagbag.py:496} INFO - Filling up the DagBag from /home/airflow/.local/lib/python3.6/site-packages/airflow/example_dags/tutorial_etl_dag.py
[2021-07-19 00:21:44,826] {scheduler_job.py:642} INFO - DAG(s) dict_keys(['tutorial_etl_dag']) retrieved from /home/airflow/.local/lib/python3.6/site-packages/airflow/example_dags/tutorial_etl_dag.py
[2021-07-19 00:21:44,851] {logging_mixin.py:104} INFO - [2021-07-19 00:21:44,851] {dag.py:1833} INFO - Sync 1 DAGs
[2021-07-19 00:21:44,872] {logging_mixin.py:104} INFO - [2021-07-19 00:21:44,872] {dag.py:2306} INFO - Setting next_dagrun for tutorial_etl_dag to None
[2021-07-19 00:21:45,214] {scheduler_job.py:189} INFO - Processing /home/airflow/.local/lib/python3.6/site-packages/airflow/example_dags/tutorial_etl_dag.py took 0.410 seconds
[2021-07-19 00:22:15,462] {scheduler_job.py:181} INFO - Started process (PID=3046) to work on /home/airflow/.local/lib/python3.6/site-packages/airflow/example_dags/tutorial_etl_dag.py
[2021-07-19 00:22:15,465] {scheduler_job.py:632} INFO - Processing file /home/airflow/.local/lib/python3.6/site-packages/airflow/example_dags/tutorial_etl_dag.py for tasks to queue
[2021-07-19 00:22:15,466] {logging_mixin.py:104} INFO - [2021-07-19 00:22:15,466] {dagbag.py:496} INFO - Filling up the DagBag from /home/airflow/.local/lib/python3.6/site-packages/airflow/example_dags/tutorial_etl_dag.py
[2021-07-19 00:22:15,485] {scheduler_job.py:642} INFO - DAG(s) dict_keys(['tutorial_etl_dag']) retrieved from /home/airflow/.local/lib/python3.6/site-packages/airflow/example_dags/tutorial_etl_dag.py
[2021-07-19 00:22:15,514] {logging_mixin.py:104} INFO - [2021-07-19 00:22:15,514] {dag.py:1833} INFO - Sync 1 DAGs
[2021-07-19 00:22:15,536] {logging_mixin.py:104} INFO - [2021-07-19 00:22:15,536] {dag.py:2306} INFO - Setting next_dagrun for tutorial_etl_dag to None
[2021-07-19 00:22:15,850] {scheduler_job.py:189} INFO - Processing /home/airflow/.local/lib/python3.6/site-packages/airflow/example_dags/tutorial_etl_dag.py took 0.392 seconds
[2021-07-19 00:22:46,673] {scheduler_job.py:181} INFO - Started process (PID=3103) to work on /home/airflow/.local/lib/python3.6/site-packages/airflow/example_dags/tutorial_etl_dag.py
[2021-07-19 00:22:46,675] {scheduler_job.py:632} INFO - Processing file /home/airflow/.local/lib/python3.6/site-packages/airflow/example_dags/tutorial_etl_dag.py for tasks to queue
[2021-07-19 00:22:46,676] {logging_mixin.py:104} INFO - [2021-07-19 00:22:46,676] {dagbag.py:496} INFO - Filling up the DagBag from /home/airflow/.local/lib/python3.6/site-packages/airflow/example_dags/tutorial_etl_dag.py
[2021-07-19 00:22:46,695] {scheduler_job.py:642} INFO - DAG(s) dict_keys(['tutorial_etl_dag']) retrieved from /home/airflow/.local/lib/python3.6/site-packages/airflow/example_dags/tutorial_etl_dag.py
[2021-07-19 00:22:46,728] {logging_mixin.py:104} INFO - [2021-07-19 00:22:46,728] {dag.py:1833} INFO - Sync 1 DAGs
[2021-07-19 00:22:46,756] {logging_mixin.py:104} INFO - [2021-07-19 00:22:46,756] {dag.py:2306} INFO - Setting next_dagrun for tutorial_etl_dag to None
[2021-07-19 00:22:47,018] {scheduler_job.py:189} INFO - Processing /home/airflow/.local/lib/python3.6/site-packages/airflow/example_dags/tutorial_etl_dag.py took 0.349 seconds
[2021-07-19 00:23:19,579] {scheduler_job.py:181} INFO - Started process (PID=3159) to work on /home/airflow/.local/lib/python3.6/site-packages/airflow/example_dags/tutorial_etl_dag.py
[2021-07-19 00:23:19,581] {scheduler_job.py:632} INFO - Processing file /home/airflow/.local/lib/python3.6/site-packages/airflow/example_dags/tutorial_etl_dag.py for tasks to queue
[2021-07-19 00:23:19,583] {logging_mixin.py:104} INFO - [2021-07-19 00:23:19,582] {dagbag.py:496} INFO - Filling up the DagBag from /home/airflow/.local/lib/python3.6/site-packages/airflow/example_dags/tutorial_etl_dag.py
[2021-07-19 00:23:19,597] {scheduler_job.py:642} INFO - DAG(s) dict_keys(['tutorial_etl_dag']) retrieved from /home/airflow/.local/lib/python3.6/site-packages/airflow/example_dags/tutorial_etl_dag.py
[2021-07-19 00:23:19,622] {logging_mixin.py:104} INFO - [2021-07-19 00:23:19,622] {dag.py:1833} INFO - Sync 1 DAGs
[2021-07-19 00:23:19,641] {logging_mixin.py:104} INFO - [2021-07-19 00:23:19,640] {dag.py:2306} INFO - Setting next_dagrun for tutorial_etl_dag to None
[2021-07-19 00:23:20,503] {scheduler_job.py:189} INFO - Processing /home/airflow/.local/lib/python3.6/site-packages/airflow/example_dags/tutorial_etl_dag.py took 0.927 seconds
                                                                                                                                                                                                                                                                                                                                                                                                                                                                                                                                                                                                                                                                                                                                                                                                                                                                                                                                                                                                                                                                                                                                                                                                                                                                                                                                                                                                                                                                                                                                                                                                                                                                                                                                                                                                                                                                                                                                                                                                                                                                                                                                                                                                                                                                                                                                                                                                                                                                                                                                                                                                                                                                                                                                                                                                                                                                                                                                                                                                                                                                                                                                                                                                                                                                                                                                                                                                                                                                                                                                                                                                                                                                                                                                                                                                                                                                                                                                                                                                                                                                                                                                                                                                                                                                                                                                                                                                                                                                                                                                                                                                                                                                                                                                                                                                                                                                                                                                                                                                                                                                                                                                                                                                                                                                                                                                                                                                                                                                                                                                                                                                                                                                                                                                                                                                                                                                                                                                                                                                                                                                                                                                                                                                                                                                                                                                                                                                                                                                                                                                                                                                                                                                                                                                                                                                                                                                                                                                                                                                                                                                                                                                                                                                                                                                                                                                                                                                                                                                                                                                                                                                                                                                                    